TN:
SF:/home/runner/work/neml2/neml2/src/neml2/base/CrossRef.cxx
FN:32,_ZNK5neml28CrossRefIN2at6TensorEEcvS2_Ev
FN:47,_ZNK5neml28CrossRefINS_6TensorEEcvS1_Ev
FN:76,_ZNK5neml28CrossRefINS_4SFR3EEcvS1_Ev
FN:76,_ZNK5neml28CrossRefINS_2R3EEcvS1_Ev
FN:76,_ZNK5neml28CrossRefINS_11MillerIndexEEcvS1_Ev
FN:76,_ZNK5neml28CrossRefINS_5SFFR4EEcvS1_Ev
FN:76,_ZNK5neml28CrossRefINS_4SWR4EEcvS1_Ev
FN:76,_ZNK5neml28CrossRefINS_2R5EEcvS1_Ev
FN:76,_ZNK5neml28CrossRefINS_5SSFR5EEcvS1_Ev
FN:76,_ZNK5neml28CrossRefINS_2R4EEcvS1_Ev
FN:76,_ZNK5neml28CrossRefINS_10QuaternionEEcvS1_Ev
FN:76,_ZNK5neml28CrossRefINS_6ScalarEEcvS1_Ev
FN:76,_ZNK5neml28CrossRefINS_3SR2EEcvS1_Ev
FN:76,_ZNK5neml28CrossRefINS_4WSR4EEcvS1_Ev
FN:76,_ZNK5neml28CrossRefINS_4SSR4EEcvS1_Ev
FN:76,_ZNK5neml28CrossRefINS_2R2EEcvS1_Ev
FN:76,_ZNK5neml28CrossRefINS_3WR2EEcvS1_Ev
FN:76,_ZNK5neml28CrossRefINS_4WWR4EEcvS1_Ev
FN:76,_ZNK5neml28CrossRefINS_3RotEEcvS1_Ev
FN:76,_ZNK5neml28CrossRefINS_3VecEEcvS1_Ev
FNDA:4,_ZNK5neml28CrossRefINS_4SFR3EEcvS1_Ev
FNDA:4,_ZNK5neml28CrossRefINS_2R3EEcvS1_Ev
FNDA:0,_ZNK5neml28CrossRefINS_4SWR4EEcvS1_Ev
FNDA:24,_ZNK5neml28CrossRefINS_6TensorEEcvS1_Ev
FNDA:0,_ZNK5neml28CrossRefINS_5SFFR4EEcvS1_Ev
FNDA:18,_ZNK5neml28CrossRefIN2at6TensorEEcvS2_Ev
FNDA:160,_ZNK5neml28CrossRefINS_11MillerIndexEEcvS1_Ev
FNDA:4,_ZNK5neml28CrossRefINS_2R5EEcvS1_Ev
FNDA:4,_ZNK5neml28CrossRefINS_5SSFR5EEcvS1_Ev
FNDA:0,_ZNK5neml28CrossRefINS_10QuaternionEEcvS1_Ev
FNDA:4,_ZNK5neml28CrossRefINS_2R4EEcvS1_Ev
FNDA:1327,_ZNK5neml28CrossRefINS_6ScalarEEcvS1_Ev
FNDA:15,_ZNK5neml28CrossRefINS_3RotEEcvS1_Ev
FNDA:0,_ZNK5neml28CrossRefINS_4WWR4EEcvS1_Ev
FNDA:4,_ZNK5neml28CrossRefINS_4SSR4EEcvS1_Ev
FNDA:26,_ZNK5neml28CrossRefINS_2R2EEcvS1_Ev
FNDA:9,_ZNK5neml28CrossRefINS_3WR2EEcvS1_Ev
FNDA:0,_ZNK5neml28CrossRefINS_4WSR4EEcvS1_Ev
FNDA:128,_ZNK5neml28CrossRefINS_3SR2EEcvS1_Ev
FNDA:26,_ZNK5neml28CrossRefINS_3VecEEcvS1_Ev
FNF:20
FNH:15
DA:32,18
DA:37,18
DA:39,17
DA:42,34
DA:43,17
DA:47,24
DA:52,24
DA:54,12
DA:57,24
DA:58,12
DA:76,2533
LF:11
LH:11
end_of_record
TN:
SF:/home/runner/work/neml2/neml2/src/neml2/base/DiagnosticsInterface.cxx
FN:31,_ZN5neml28diagnoseERKNS_20DiagnosticsInterfaceE
FN:45,_ZN5neml220DiagnosticsInterfaceC2EPNS_11NEML2ObjectE
FN:51,_ZNK5neml220DiagnosticsInterface23diagnostic_assert_stateERSt6vectorINS_9DiagnosisESaIS2_EERKNS_12VariableBaseE
FN:59,_ZNK5neml220DiagnosticsInterface27diagnostic_assert_old_stateERSt6vectorINS_9DiagnosisESaIS2_EERKNS_12VariableBaseE
FN:67,_ZNK5neml220DiagnosticsInterface23diagnostic_assert_forceERSt6vectorINS_9DiagnosisESaIS2_EERKNS_12VariableBaseE
FN:75,_ZNK5neml220DiagnosticsInterface27diagnostic_assert_old_forceERSt6vectorINS_9DiagnosisESaIS2_EERKNS_12VariableBaseE
FN:83,_ZNK5neml220DiagnosticsInterface26diagnostic_assert_residualERSt6vectorINS_9DiagnosisESaIS2_EERKNS_12VariableBaseE
FN:91,_ZNK5neml220DiagnosticsInterface31diagnostic_check_input_variableERSt6vectorINS_9DiagnosisESaIS2_EERKNS_12VariableBaseE
FN:104,_ZNK5neml220DiagnosticsInterface32diagnostic_check_output_variableERSt6vectorINS_9DiagnosisESaIS2_EERKNS_12VariableBaseE
FNDA:0,_ZNK5neml220DiagnosticsInterface27diagnostic_assert_old_stateERSt6vectorINS_9DiagnosisESaIS2_EERKNS_12VariableBaseE
FNDA:118,_ZNK5neml220DiagnosticsInterface32diagnostic_check_output_variableERSt6vectorINS_9DiagnosisESaIS2_EERKNS_12VariableBaseE
FNDA:300,_ZNK5neml220DiagnosticsInterface31diagnostic_check_input_variableERSt6vectorINS_9DiagnosisESaIS2_EERKNS_12VariableBaseE
FNDA:0,_ZNK5neml220DiagnosticsInterface27diagnostic_assert_old_forceERSt6vectorINS_9DiagnosisESaIS2_EERKNS_12VariableBaseE
FNDA:0,_ZNK5neml220DiagnosticsInterface26diagnostic_assert_residualERSt6vectorINS_9DiagnosisESaIS2_EERKNS_12VariableBaseE
FNDA:28,_ZNK5neml220DiagnosticsInterface23diagnostic_assert_stateERSt6vectorINS_9DiagnosisESaIS2_EERKNS_12VariableBaseE
FNDA:624,_ZN5neml220DiagnosticsInterfaceC2EPNS_11NEML2ObjectE
FNDA:103,_ZN5neml28diagnoseERKNS_20DiagnosticsInterfaceE
FNDA:20,_ZNK5neml220DiagnosticsInterface23diagnostic_assert_forceERSt6vectorINS_9DiagnosisESaIS2_EERKNS_12VariableBaseE
FNF:9
FNH:6
DA:31,103
DA:33,103
DA:34,103
DA:36,103
DA:38,4
DA:39,12
DA:40,8
DA:41,4
DA:42,4
DA:43,103
DA:45,624
DA:46,624
DA:48,624
DA:51,28
DA:54,28
DA:55,28
DA:56,28
DA:59,0
DA:62,0
DA:63,0
DA:64,0
DA:67,20
DA:70,20
DA:71,20
DA:72,20
DA:75,0
DA:78,0
DA:79,0
DA:80,0
DA:83,0
DA:86,0
DA:87,0
DA:88,0
DA:91,300
DA:94,300
DA:95,471
DA:96,471
DA:98,300
DA:101,300
DA:104,118
DA:107,118
DA:109,118
DA:111,118
DA:113,118
LF:44
LH:32
end_of_record
TN:
SF:/home/runner/work/neml2/neml2/src/neml2/base/EnumSelection.cxx
FN:31,_ZN5neml2lsERSoRKNS_13EnumSelectionE
FN:38,_ZN5neml2rsERSt18basic_stringstreamIcSt11char_traitsIcESaIcEERNS_13EnumSelectionE
FN:52,_ZN5neml213EnumSelectionC2ERKS0_
FN:59,_ZN5neml213EnumSelectionC2ERKSt6vectorISsSaISsEERKSs
FN:79,_ZN5neml213EnumSelectionC2ERKSt6vectorISsSaISsEERKS1_IiSaIiEERKSs
FN:106,_ZN5neml213EnumSelectionaSERKS0_
FN:115,_ZNK5neml213EnumSelectioneqERKS0_
FN:121,_ZNK5neml213EnumSelectionneERKS0_
FN:127,_ZNK5neml213EnumSelection14candidates_strEv
FNDA:7,_ZNK5neml213EnumSelectioneqERKS0_
FNDA:4,_ZN5neml213EnumSelectionC2ERKSt6vectorISsSaISsEERKSs
FNDA:2407,_ZN5neml213EnumSelectionaSERKS0_
FNDA:1,_ZN5neml213EnumSelectionC2ERKS0_
FNDA:7,_ZN5neml2lsERSoRKNS_13EnumSelectionE
FNDA:2212,_ZNK5neml213EnumSelection14candidates_strEv
FNDA:5,_ZNK5neml213EnumSelectionneERKS0_
FNDA:1112,_ZN5neml213EnumSelectionC2ERKSt6vectorISsSaISsEERKS1_IiSaIiEERKSs
FNDA:42,_ZN5neml2rsERSt18basic_stringstreamIcSt11char_traitsIcESaIcEERNS_13EnumSelectionE
FNF:9
FNH:9
DA:31,7
DA:33,7
DA:34,7
DA:38,42
DA:40,42
DA:42,42
DA:43,3
DA:44,4
DA:47,41
DA:49,41
DA:52,1
DA:53,1
DA:54,1
DA:55,1
DA:57,1
DA:59,4
DA:60,4
DA:61,4
DA:63,4
DA:64,4
DA:67,3
DA:68,12
DA:69,9
DA:71,3
DA:73,7
DA:76,2
DA:77,8
DA:79,1112
DA:81,1112
DA:82,1112
DA:84,1112
DA:87,1111
DA:88,1111
DA:91,1111
DA:92,1111
DA:94,4998
DA:95,3888
DA:97,1110
DA:99,2221
DA:102,1109
DA:103,1119
DA:106,2407
DA:108,2407
DA:109,2407
DA:110,2407
DA:111,2407
DA:115,7
DA:117,7
DA:121,5
DA:123,5
DA:127,2212
DA:129,2212
DA:130,9964
DA:131,7752
DA:132,4424
DA:133,2212
LF:56
LH:56
end_of_record
TN:
SF:/home/runner/work/neml2/neml2/src/neml2/base/Factory.cxx
FN:35,_ZN5neml210load_inputERKNSt10filesystem4pathERKSs
FN:52,_ZN5neml212reload_inputERKNSt10filesystem4pathERKSs
FN:59,_ZN5neml29get_modelERKSsbb
FN:69,_ZN5neml210load_modelERKNSt10filesystem4pathERKSsb
FN:76,_ZN5neml212reload_modelERKNSt10filesystem4pathERKSsb
FN:83,_ZN5neml210get_driverERKSs
FN:89,_ZN5neml27Factory3getEv
FN:96,_ZN5neml27Factory12load_optionsERKNS_16OptionCollectionE
FN:107,_ZN5neml27Factory14loaded_optionsEv
FN:114,_ZN5neml27Factory13create_objectERKSsRKNS_9OptionSetE
FN:140,_ZN5neml27Factory5clearEv
FNDA:12,_ZN5neml212reload_modelERKNSt10filesystem4pathERKSsb
FNDA:267,_ZN5neml27Factory5clearEv
FNDA:12,_ZN5neml210load_modelERKNSt10filesystem4pathERKSsb
FNDA:265,_ZN5neml27Factory12load_optionsERKNS_16OptionCollectionE
FNDA:265,_ZN5neml210load_inputERKNSt10filesystem4pathERKSs
FNDA:2101,_ZN5neml27Factory3getEv
FNDA:99,_ZN5neml210get_driverERKSs
FNDA:253,_ZN5neml212reload_inputERKNSt10filesystem4pathERKSs
FNDA:1490,_ZN5neml27Factory13create_objectERKSsRKNS_9OptionSetE
FNDA:203,_ZN5neml29get_modelERKSsbb
FNDA:1,_ZN5neml27Factory14loaded_optionsEv
FNF:11
FNH:11
DA:35,265
DA:37,265
DA:40,265
DA:42,265
DA:43,265
DA:46,0
DA:48,263
DA:49,265
DA:52,253
DA:54,253
DA:55,253
DA:56,251
DA:59,203
DA:61,203
DA:62,203
DA:63,203
DA:64,203
DA:65,203
DA:66,203
DA:69,12
DA:71,12
DA:72,12
DA:76,12
DA:78,12
DA:79,12
DA:83,99
DA:85,99
DA:89,2101
DA:91,2101
DA:92,2101
DA:96,265
DA:98,265
DA:100,265
DA:103,265
DA:104,265
DA:107,1
DA:109,1
DA:110,1
DA:114,1490
DA:116,1490
DA:117,1490
DA:119,1490
DA:120,1490
DA:121,1488
DA:122,1488
DA:123,1488
DA:140,267
DA:142,267
DA:143,267
LF:49
LH:48
end_of_record
TN:
SF:/home/runner/work/neml2/neml2/src/neml2/base/HITParser.cxx
FN:38,_ZNK5neml29HITParser5parseERKNSt10filesystem4pathERKSs
FN:95,_ZNK5neml29HITParser22extract_object_optionsEPN3hit4NodeES3_
FN:112,_ZNK5neml29HITParser15extract_optionsEPN3hit4NodeERNS_9OptionSetE
FN:121,_ZNK5neml29HITParser14extract_optionEPN3hit4NodeERNS_9OptionSetE
FNDA:276,_ZNK5neml29HITParser5parseERKNSt10filesystem4pathERKSs
FNDA:5701,_ZNK5neml29HITParser14extract_optionEPN3hit4NodeERNS_9OptionSetE
FNDA:2670,_ZNK5neml29HITParser15extract_optionsEPN3hit4NodeERNS_9OptionSetE
FNDA:2659,_ZNK5neml29HITParser22extract_object_optionsEPN3hit4NodeES3_
FNF:4
FNH:4
DA:38,276
DA:41,276
DA:42,276
DA:45,276
DA:46,276
DA:47,276
DA:50,276
DA:51,276
DA:54,276
DA:57,552
DA:58,276
DA:59,276
DA:62,276
DA:63,276
DA:64,276
DA:65,276
DA:66,276
DA:67,276
DA:69,276
DA:72,276
DA:73,276
DA:74,11
DA:77,1647
DA:79,1374
DA:80,1374
DA:82,502
DA:83,3158
DA:85,2659
DA:86,2656
DA:87,2656
DA:88,502
DA:91,546
DA:92,300
DA:95,2659
DA:98,5318
DA:100,2659
DA:101,2659
DA:104,2656
DA:105,2656
DA:106,2656
DA:108,5312
DA:109,2662
DA:112,2670
DA:114,11027
DA:115,8360
DA:116,8368
DA:117,2667
DA:121,5701
DA:134,5701
DA:136,5701
DA:137,39476
DA:138,39476
DA:140,5701
DA:142,5701
DA:145,5700
DA:149,5700
DA:150,4491
DA:151,4326
DA:152,4232
DA:153,4192
DA:154,3608
DA:155,2705
DA:156,1799
DA:157,1330
DA:158,1290
DA:159,1275
DA:164,5698
DA:166,5698
DA:168,5698
LF:69
LH:69
end_of_record
TN:
SF:/home/runner/work/neml2/neml2/src/neml2/base/NEML2Object.cxx
FN:29,_ZN5neml211NEML2Object16expected_optionsEv
FN:37,_ZN5neml211NEML2ObjectC2ERKNS_9OptionSetE
FNDA:1501,_ZN5neml211NEML2ObjectC2ERKNS_9OptionSetE
FNDA:1618,_ZN5neml211NEML2Object16expected_optionsEv
FNF:2
FNH:2
DA:29,1618
DA:31,1618
DA:32,1618
DA:33,1618
DA:34,1618
DA:35,0
DA:37,1501
DA:38,1501
DA:39,1501
DA:41,1501
LF:10
LH:9
end_of_record
TN:
SF:/home/runner/work/neml2/neml2/src/neml2/base/OptionCollection.cxx
FN:30,_ZN5neml216OptionCollectionixERKSs
FN:36,_ZNK5neml216OptionCollectionixERKSs
FNDA:1,_ZNK5neml216OptionCollectionixERKSs
FNDA:4234,_ZN5neml216OptionCollectionixERKSs
FNF:2
FNH:2
DA:30,4234
DA:32,4234
DA:36,1
DA:38,1
LF:4
LH:4
end_of_record
TN:
SF:/home/runner/work/neml2/neml2/src/neml2/base/OptionSet.cxx
FN:31,_ZN5neml218options_compatibleERKNS_9OptionSetES2_
FN:44,_ZNK5neml29OptionSet8containsERKSs
FN:50,_ZNK5neml29OptionSet3getERKSs
FN:62,_ZN5neml29OptionSet3setERKSs
FN:74,_ZN5neml29OptionSet9set_inputERKSs
FN:80,_ZN5neml29OptionSet10set_outputERKSs
FN:86,_ZN5neml29OptionSet5clearEv
FN:92,_ZN5neml29OptionSetaSERKS0_
FN:101,_ZN5neml29OptionSetpLERKS0_
FN:107,_ZN5neml29OptionSetC2ERKS0_
FN:172,_ZN5neml29OptionSet5beginEv
FN:178,_ZNK5neml29OptionSet5beginEv
FN:184,_ZN5neml29OptionSet3endEv
FN:190,_ZNK5neml29OptionSet3endEv
FNDA:37,_ZNK5neml29OptionSet3endEv
FNDA:44,_ZNK5neml29OptionSet3getERKSs
FNDA:5701,_ZN5neml29OptionSet5beginEv
FNDA:19866,_ZN5neml29OptionSet3setERKSs
FNDA:10455,_ZN5neml29OptionSetC2ERKS0_
FNDA:15245,_ZN5neml29OptionSetaSERKS0_
FNDA:17449,_ZN5neml29OptionSetpLERKS0_
FNDA:37,_ZN5neml218options_compatibleERKNS_9OptionSetES2_
FNDA:15245,_ZN5neml29OptionSet5clearEv
FNDA:870,_ZN5neml29OptionSet9set_inputERKSs
FNDA:392,_ZN5neml29OptionSet10set_outputERKSs
FNDA:19953,_ZNK5neml29OptionSet8containsERKSs
FNDA:5701,_ZN5neml29OptionSet3endEv
FNDA:37,_ZNK5neml29OptionSet5beginEv
FNF:14
FNH:14
DA:31,37
DA:33,39
DA:35,38
DA:36,36
DA:37,38
DA:38,36
DA:40,1
DA:44,19953
DA:46,19953
DA:50,44
DA:52,44
DA:58,44
DA:62,19866
DA:64,19866
DA:70,19866
DA:74,870
DA:76,870
DA:80,392
DA:82,392
DA:86,15245
DA:88,15245
DA:89,15245
DA:92,15245
DA:94,15245
DA:95,15245
DA:96,15245
DA:97,15245
DA:101,17449
DA:103,136051
DA:104,118602
DA:105,17449
DA:107,10455
DA:172,5701
DA:174,5701
DA:178,37
DA:180,37
DA:184,5701
DA:186,5701
DA:190,37
DA:192,37
LF:40
LH:40
end_of_record
TN:
SF:/home/runner/work/neml2/neml2/src/neml2/base/Registry.cxx
FN:31,_ZN5neml28Registry3getEv
FN:38,_ZN5neml28Registry16expected_optionsEv
FN:45,_ZN5neml28Registry16expected_optionsERKSs
FN:56,_ZN5neml28Registry11syntax_typeERKSs
FN:63,_ZN5neml28Registry7builderERKSs
FN:74,_ZN5neml28Registry9add_innerERKSsS2_RKNS_9OptionSetEPFSt10shared_ptrINS_11NEML2ObjectEES5_E
FNDA:6287,_ZN5neml28Registry3getEv
FNDA:1490,_ZN5neml28Registry7builderERKSs
FNDA:2,_ZN5neml28Registry16expected_optionsEv
FNDA:1604,_ZN5neml28Registry9add_innerERKSsS2_RKNS_9OptionSetEPFSt10shared_ptrINS_11NEML2ObjectEES5_E
FNDA:2659,_ZN5neml28Registry16expected_optionsERKSs
FNDA:532,_ZN5neml28Registry11syntax_typeERKSs
FNF:6
FNH:6
DA:31,6287
DA:33,6287
DA:34,6287
DA:38,2
DA:40,2
DA:41,2
DA:45,2659
DA:47,2659
DA:48,2659
DA:49,2659
DA:52,2659
DA:56,532
DA:58,532
DA:59,532
DA:63,1490
DA:65,1490
DA:66,1490
DA:67,1490
DA:70,1490
DA:74,1604
DA:79,1604
DA:80,1604
DA:85,1604
DA:86,1604
DA:87,1604
DA:88,1604
LF:26
LH:26
end_of_record
TN:
SF:/home/runner/work/neml2/neml2/src/neml2/base/Settings.cxx
FN:33,_ZN5neml28Settings16expected_optionsEv
FN:99,_ZN5neml28SettingsC2ERKNS_9OptionSetE
FNDA:546,_ZN5neml28Settings16expected_optionsEv
FNDA:266,_ZN5neml28SettingsC2ERKNS_9OptionSetE
FNF:2
FNH:2
DA:33,546
DA:35,546
DA:36,546
DA:37,546
DA:39,546
DA:45,3276
DA:46,546
DA:47,1092
DA:48,1638
DA:55,3822
DA:56,546
DA:57,1092
DA:58,1638
DA:60,546
DA:61,1092
DA:66,546
DA:68,546
DA:69,1092
DA:70,546
DA:72,546
DA:73,546
DA:75,546
DA:76,546
DA:78,546
DA:79,1092
DA:80,546
DA:82,546
DA:83,1092
DA:84,546
DA:86,546
DA:87,1092
DA:89,546
DA:91,546
DA:92,1092
DA:94,546
DA:96,1092
DA:97,546
DA:99,266
DA:102,266
DA:103,266
DA:106,266
DA:109,266
DA:112,266
DA:115,266
DA:116,266
DA:119,266
DA:120,266
DA:121,0
DA:124,266
DA:125,266
DA:126,0
DA:129,266
DA:130,266
DA:133,266
DA:134,266
LF:55
LH:53
end_of_record
TN:
SF:/home/runner/work/neml2/neml2/src/neml2/drivers/Driver.cxx
FN:30,_ZN5neml26Driver16expected_optionsEv
FN:41,_ZN5neml26DriverC2ERKNS_9OptionSetE
FNDA:99,_ZN5neml26DriverC2ERKNS_9OptionSetE
FNDA:15,_ZN5neml26Driver16expected_optionsEv
FNF:2
FNH:2
DA:30,15
DA:32,15
DA:33,15
DA:35,15
DA:36,15
DA:38,15
DA:39,0
DA:41,99
DA:44,99
DA:46,99
LF:10
LH:9
end_of_record
TN:
SF:/home/runner/work/neml2/neml2/src/neml2/drivers/TransientDriver.cxx
FN:34,_ZN5neml215TransientDriver16expected_optionsEv
FN:104,_ZN5neml215TransientDriverC2ERKNS_9OptionSetE
FN:139,_ZNK5neml215TransientDriver8diagnoseERSt6vectorINS_9DiagnosisESaIS2_EE
FN:150,_ZN5neml215TransientDriver3runEv
FN:173,_ZN5neml215TransientDriver5solveEv
FN:208,_ZN5neml215TransientDriver12advance_stepEv
FN:218,_ZN5neml215TransientDriver13update_forcesEv
FN:228,_ZN5neml215TransientDriver8apply_icEv
FN:236,_ZN5neml215TransientDriver15apply_predictorEv
FN:287,_ZN5neml215TransientDriver10solve_stepEv
FN:293,_ZN5neml215TransientDriver11store_inputEv
FN:299,_ZN5neml215TransientDriver12store_outputEv
FN:305,_ZNK5neml215TransientDriver12save_as_pathEv
FN:311,_ZNK5neml215TransientDriver6resultEv
FN:333,_ZNK5neml215TransientDriver6outputEv
FN:357,_ZNK5neml215TransientDriver9output_ptERKNSt10filesystem4pathE
FNDA:12,_ZNK5neml215TransientDriver12save_as_pathEv
FNDA:7,_ZN5neml215TransientDriver8apply_icEv
FNDA:63,_ZN5neml215TransientDriver10solve_stepEv
FNDA:70,_ZN5neml215TransientDriver11store_inputEv
FNDA:7,_ZNK5neml215TransientDriver8diagnoseERSt6vectorINS_9DiagnosisESaIS2_EE
FNDA:63,_ZN5neml215TransientDriver15apply_predictorEv
FNDA:70,_ZN5neml215TransientDriver12store_outputEv
FNDA:12,_ZN5neml215TransientDriver16expected_optionsEv
FNDA:5,_ZNK5neml215TransientDriver9output_ptERKNSt10filesystem4pathE
FNDA:70,_ZN5neml215TransientDriver13update_forcesEv
FNDA:5,_ZNK5neml215TransientDriver6resultEv
FNDA:63,_ZN5neml215TransientDriver12advance_stepEv
FNDA:7,_ZN5neml215TransientDriverC2ERKNS_9OptionSetE
FNDA:7,_ZN5neml215TransientDriver5solveEv
FNDA:5,_ZNK5neml215TransientDriver6outputEv
FNDA:7,_ZN5neml215TransientDriver3runEv
FNF:16
FNH:16
DA:34,12
DA:36,12
DA:38,12
DA:39,12
DA:41,12
DA:42,12
DA:44,12
DA:45,24
DA:48,12
DA:50,12
DA:51,12
DA:53,12
DA:54,24
DA:57,12
DA:59,12
DA:60,12
DA:62,12
DA:63,24
DA:64,12
DA:66,12
DA:67,12
DA:69,12
DA:70,12
DA:72,12
DA:73,12
DA:75,12
DA:76,24
DA:81,12
DA:83,12
DA:84,12
DA:86,12
DA:87,12
DA:89,12
DA:90,12
DA:92,12
DA:93,12
DA:95,12
DA:96,12
DA:98,12
DA:99,12
DA:101,12
DA:102,0
DA:104,7
DA:106,7
DA:107,7
DA:108,7
DA:109,7
DA:110,7
DA:111,7
DA:112,7
DA:113,7
DA:114,7
DA:115,7
DA:116,7
DA:117,7
DA:118,7
DA:119,7
DA:120,7
DA:121,7
DA:122,7
DA:123,7
DA:124,7
DA:125,7
DA:126,7
DA:127,7
DA:128,7
DA:129,14
DA:131,7
DA:133,7
DA:134,7
DA:135,7
DA:136,7
DA:139,7
DA:141,7
DA:142,7
DA:143,14
DA:144,7
DA:146,7
DA:147,7
DA:150,7
DA:164,7
DA:166,7
DA:167,5
DA:169,7
DA:173,7
DA:175,77
DA:177,70
DA:182,70
DA:183,63
DA:184,70
DA:185,70
DA:187,7
DA:188,7
DA:192,63
DA:193,63
DA:194,63
DA:196,70
DA:198,70
DA:204,7
DA:208,63
DA:210,63
DA:211,63
DA:213,63
DA:214,63
DA:215,63
DA:218,70
DA:220,70
DA:222,140
DA:223,70
DA:224,70
DA:225,70
DA:228,7
DA:230,7
DA:231,7
DA:232,7
DA:233,7
DA:236,63
DA:238,63
DA:239,63
DA:240,63
DA:242,9
DA:243,9
DA:246,63
DA:248,36
DA:249,27
DA:250,9
DA:253,9
DA:254,1
DA:258,8
DA:259,24
DA:260,24
DA:261,8
DA:262,8
DA:264,16
DA:265,16
DA:266,16
DA:267,16
DA:268,8
DA:269,8
DA:272,0
DA:275,63
DA:277,1
DA:278,1
DA:279,1
DA:280,1
DA:281,3
DA:282,1
DA:283,1
DA:284,63
DA:287,63
DA:289,63
DA:290,63
DA:293,70
DA:295,140
DA:296,70
DA:299,70
DA:301,140
DA:302,70
DA:305,12
DA:307,12
DA:311,5
DA:313,5
DA:314,5
DA:317,5
DA:318,44
DA:319,44
DA:322,5
DA:323,18
DA:324,18
DA:327,5
DA:328,15
DA:329,10
DA:330,5
DA:333,5
DA:335,5
DA:340,5
DA:341,10
DA:343,5
DA:344,5
DA:350,5
DA:354,5
DA:357,5
DA:359,5
DA:360,5
LF:184
LH:182
end_of_record
TN:
SF:/home/runner/work/neml2/neml2/src/neml2/drivers/solid_mechanics/LargeDeformationIncrementalSolidMechanicsDriver.cxx
FN:32,_ZN5neml247LargeDeformationIncrementalSolidMechanicsDriver16expected_optionsEv
FN:65,_ZN5neml247LargeDeformationIncrementalSolidMechanicsDriverC2ERKNS_9OptionSetE
FN:96,_ZNK5neml247LargeDeformationIncrementalSolidMechanicsDriver8diagnoseERSt6vectorINS_9DiagnosisESaIS2_EE
FN:147,_ZN5neml247LargeDeformationIncrementalSolidMechanicsDriver13update_forcesEv
FNDA:1,_ZN5neml247LargeDeformationIncrementalSolidMechanicsDriverC2ERKNS_9OptionSetE
FNDA:1,_ZNK5neml247LargeDeformationIncrementalSolidMechanicsDriver8diagnoseERSt6vectorINS_9DiagnosisESaIS2_EE
FNDA:10,_ZN5neml247LargeDeformationIncrementalSolidMechanicsDriver13update_forcesEv
FNDA:6,_ZN5neml247LargeDeformationIncrementalSolidMechanicsDriver16expected_optionsEv
FNF:4
FNH:4
DA:32,6
DA:34,6
DA:35,6
DA:36,6
DA:38,6
DA:39,12
DA:40,6
DA:42,6
DA:43,6
DA:45,6
DA:46,6
DA:48,6
DA:49,6
DA:51,6
DA:52,12
DA:53,6
DA:55,6
DA:56,12
DA:57,6
DA:59,6
DA:60,6
DA:62,6
DA:63,0
DA:65,1
DA:66,1
DA:68,1
DA:69,1
DA:70,1
DA:71,1
DA:72,2
DA:73,2
DA:74,2
DA:76,1
DA:78,1
DA:79,1
DA:81,0
DA:83,0
DA:84,0
DA:91,1
DA:92,1
DA:93,1
DA:96,1
DA:98,1
DA:100,2
DA:102,1
DA:104,1
DA:105,3
DA:107,1
DA:111,1
DA:113,1
DA:115,3
DA:117,1
DA:121,1
DA:123,1
DA:125,3
DA:127,1
DA:131,1
DA:133,1
DA:134,2
DA:136,1
DA:138,1
DA:139,2
DA:141,1
DA:143,1
DA:144,1
DA:147,10
DA:149,10
DA:150,20
DA:151,10
DA:152,20
DA:153,10
LF:71
LH:67
end_of_record
TN:
SF:/home/runner/work/neml2/neml2/src/neml2/drivers/solid_mechanics/SolidMechanicsDriver.cxx
FN:32,_ZN5neml220SolidMechanicsDriver16expected_optionsEv
FN:79,_ZN5neml220SolidMechanicsDriverC2ERKNS_9OptionSetE
FN:121,_ZNK5neml220SolidMechanicsDriver8diagnoseERSt6vectorINS_9DiagnosisESaIS2_EE
FN:205,_ZN5neml220SolidMechanicsDriver13update_forcesEv
FNDA:60,_ZN5neml220SolidMechanicsDriver13update_forcesEv
FNDA:6,_ZN5neml220SolidMechanicsDriver16expected_optionsEv
FNDA:6,_ZNK5neml220SolidMechanicsDriver8diagnoseERSt6vectorINS_9DiagnosisESaIS2_EE
FNDA:6,_ZN5neml220SolidMechanicsDriverC2ERKNS_9OptionSetE
FNF:4
FNH:4
DA:32,6
DA:34,6
DA:35,6
DA:36,6
DA:38,6
DA:39,12
DA:40,6
DA:42,6
DA:43,6
DA:45,6
DA:46,6
DA:48,6
DA:49,6
DA:51,6
DA:52,6
DA:54,6
DA:55,6
DA:57,6
DA:58,6
DA:60,6
DA:61,12
DA:62,6
DA:64,6
DA:65,12
DA:67,6
DA:69,6
DA:70,6
DA:72,6
DA:73,12
DA:74,6
DA:76,6
DA:77,0
DA:79,6
DA:81,6
DA:82,6
DA:83,6
DA:84,6
DA:85,6
DA:86,7
DA:87,7
DA:89,7
DA:90,7
DA:91,12
DA:94,6
DA:96,4
DA:97,4
DA:99,2
DA:101,1
DA:102,1
DA:104,1
DA:106,1
DA:107,1
DA:114,6
DA:116,6
DA:117,1
DA:118,6
DA:121,6
DA:123,6
DA:125,12
DA:126,6
DA:128,6
DA:130,18
DA:132,6
DA:135,6
DA:137,6
DA:140,18
DA:142,6
DA:145,6
DA:147,6
DA:149,12
DA:151,6
DA:153,6
DA:155,6
DA:157,2
DA:159,1
DA:161,1
DA:163,3
DA:165,1
DA:168,1
DA:170,1
DA:173,3
DA:175,1
DA:178,1
DA:180,2
DA:183,6
DA:185,2
DA:187,1
DA:189,1
DA:190,2
DA:192,1
DA:194,1
DA:196,2
DA:198,1
DA:200,2
DA:202,6
DA:205,60
DA:207,60
DA:209,120
DA:210,60
DA:212,60
DA:214,20
DA:215,10
DA:216,10
DA:218,60
DA:220,20
DA:221,10
DA:222,10
DA:223,60
LF:108
LH:107
end_of_record
TN:
SF:/home/runner/work/neml2/neml2/src/neml2/misc/error.cxx
FN:30,_ZNK5neml213NEMLException4whatEv
FN:38,_ZN5neml28internal10stream_allERSt19basic_ostringstreamIcSt11char_traitsIcESaIcEE
FNDA:25,_ZNK5neml213NEMLException4whatEv
FNDA:99,_ZN5neml28internal10stream_allERSt19basic_ostringstreamIcSt11char_traitsIcESaIcEE
FNF:2
FNH:2
DA:30,25
DA:32,25
DA:38,99
DA:40,99
LF:4
LH:4
end_of_record
TN:
SF:/home/runner/work/neml2/neml2/src/neml2/misc/math.cxx
FN:36,_ZN5neml24math15ConstantTensorsC2Ev
FN:58,_ZN5neml24math15ConstantTensors3getEv
FN:65,_ZN5neml24math15ConstantTensors18full_to_mandel_mapEv
FN:71,_ZN5neml24math15ConstantTensors18mandel_to_full_mapEv
FN:77,_ZN5neml24math15ConstantTensors21full_to_mandel_factorEv
FN:83,_ZN5neml24math15ConstantTensors21mandel_to_full_factorEv
FN:89,_ZN5neml24math15ConstantTensors16full_to_skew_mapEv
FN:95,_ZN5neml24math15ConstantTensors16skew_to_full_mapEv
FN:101,_ZN5neml24math15ConstantTensors19full_to_skew_factorEv
FN:107,_ZN5neml24math15ConstantTensors19skew_to_full_factorEv
FN:113,_ZN5neml24math15full_to_reducedERKNS_6TensorERKN2at6TensorES7_l
FN:139,_ZN5neml24math15reduced_to_fullERKNS_6TensorERKN2at6TensorES7_l
FN:162,_ZN5neml24math14full_to_mandelERKNS_6TensorEl
FN:172,_ZN5neml24math14mandel_to_fullERKNS_6TensorEl
FN:182,_ZN5neml24math12full_to_skewERKNS_6TensorEl
FN:192,_ZN5neml24math12skew_to_fullERKNS_6TensorEl
FN:202,_ZN5neml24math6jacrevERKNS_6TensorES3_
FN:245,_ZN5neml24math15base_diag_embedERKNS_6TensorElll
FN:254,_ZN5neml24math19skew_and_sym_to_symERKNS_3SR2ERKNS_3WR2E
FN:264,_ZN5neml24math27d_skew_and_sym_to_sym_d_symERKNS_3WR2E
FN:273,_ZN5neml24math28d_skew_and_sym_to_sym_d_skewERKNS_3SR2E
FN:282,_ZN5neml24math22multiply_and_make_skewERKNS_3SR2ES3_
FN:291,_ZN5neml24math32d_multiply_and_make_skew_d_firstERKNS_3SR2E
FN:300,_ZN5neml24math33d_multiply_and_make_skew_d_secondERKNS_3SR2E
FN:309,_ZN5neml24math3powERKdRKNS_6TensorE
FN:315,_ZN5neml24math3powERKNS_6TensorES3_
FN:324,_ZN5neml24math6linalg11vector_normERKNS_6TensorE
FN:341,_ZN5neml24math6linalg3invERKNS_6TensorE
FN:347,_ZN5neml24math6linalg5solveERKNS_6TensorES4_
FN:353,_ZN5neml24math6linalg9lu_factorERKNS_6TensorEb
FN:360,_ZN5neml24math6linalg8lu_solveERKNS_6TensorES4_S4_bb
FNDA:548,_ZN5neml24math15ConstantTensors19full_to_skew_factorEv
FNDA:24,_ZN5neml24math6linalg8lu_solveERKNS_6TensorES4_S4_bb
FNDA:552,_ZN5neml24math15base_diag_embedERKNS_6TensorElll
FNDA:2198,_ZN5neml24math14mandel_to_fullERKNS_6TensorEl
FNDA:464,_ZN5neml24math15ConstantTensors16skew_to_full_mapEv
FNDA:1319,_ZN5neml24math6linalg5solveERKNS_6TensorES4_
FNDA:548,_ZN5neml24math15ConstantTensors16full_to_skew_mapEv
FNDA:1656,_ZN5neml24math14full_to_mandelERKNS_6TensorEl
FNDA:464,_ZN5neml24math12skew_to_fullERKNS_6TensorEl
FNDA:2198,_ZN5neml24math15ConstantTensors18mandel_to_full_mapEv
FNDA:66,_ZN5neml24math33d_multiply_and_make_skew_d_secondERKNS_3SR2E
FNDA:66,_ZN5neml24math32d_multiply_and_make_skew_d_firstERKNS_3SR2E
FNDA:5,_ZN5neml24math28d_skew_and_sym_to_sym_d_skewERKNS_3SR2E
FNDA:0,_ZN5neml24math6linalg3invERKNS_6TensorE
FNDA:64,_ZN5neml24math3powERKdRKNS_6TensorE
FNDA:2204,_ZN5neml24math15full_to_reducedERKNS_6TensorERKN2at6TensorES7_l
FNDA:0,_ZN5neml24math3powERKNS_6TensorES3_
FNDA:1656,_ZN5neml24math15ConstantTensors18full_to_mandel_mapEv
FNDA:2198,_ZN5neml24math15ConstantTensors21mandel_to_full_factorEv
FNDA:464,_ZN5neml24math15ConstantTensors19skew_to_full_factorEv
FNDA:9732,_ZN5neml24math15ConstantTensors3getEv
FNDA:1,_ZN5neml24math15ConstantTensorsC2Ev
FNDA:548,_ZN5neml24math12full_to_skewERKNS_6TensorEl
FNDA:1289,_ZN5neml24math6linalg11vector_normERKNS_6TensorE
FNDA:362,_ZN5neml24math22multiply_and_make_skewERKNS_3SR2ES3_
FNDA:72,_ZN5neml24math6jacrevERKNS_6TensorES3_
FNDA:2662,_ZN5neml24math15reduced_to_fullERKNS_6TensorERKN2at6TensorES7_l
FNDA:66,_ZN5neml24math27d_skew_and_sym_to_sym_d_symERKNS_3WR2E
FNDA:8,_ZN5neml24math6linalg9lu_factorERKNS_6TensorEb
FNDA:1656,_ZN5neml24math15ConstantTensors21full_to_mandel_factorEv
FNDA:368,_ZN5neml24math19skew_and_sym_to_symERKNS_3SR2ERKNS_3WR2E
FNF:31
FNH:29
DA:36,1
DA:38,7
DA:41,10
DA:43,7
DA:46,10
DA:48,4
DA:50,10
DA:52,4
DA:54,10
DA:55,1
DA:58,9732
DA:60,9732
DA:61,9732
DA:65,1656
DA:67,1656
DA:71,2198
DA:73,2198
DA:77,1656
DA:79,1656
DA:83,2198
DA:85,2198
DA:89,548
DA:91,548
DA:95,464
DA:97,464
DA:101,548
DA:103,548
DA:107,464
DA:109,464
DA:113,2204
DA:118,2204
DA:119,2204
DA:120,2204
DA:121,2204
DA:122,2204
DA:124,2204
DA:125,2204
DA:126,2204
DA:128,2204
DA:129,2204
DA:132,4408
DA:135,4408
DA:136,2204
DA:139,2662
DA:144,2662
DA:145,2662
DA:146,2662
DA:147,2662
DA:148,2662
DA:150,2662
DA:151,2662
DA:152,2662
DA:153,2662
DA:154,2662
DA:156,5324
DA:157,5324
DA:158,5324
DA:159,2662
DA:162,1656
DA:166,3312
DA:167,3312
DA:168,3312
DA:172,2198
DA:176,4396
DA:177,4396
DA:178,4396
DA:182,548
DA:186,1096
DA:187,1096
DA:188,1096
DA:192,464
DA:196,928
DA:197,928
DA:198,928
DA:202,72
DA:204,72
DA:207,73
DA:209,73
DA:213,142
DA:214,142
DA:216,71
DA:219,71
DA:221,71
DA:222,282
DA:224,212
DA:225,636
DA:226,1484
DA:229,212
DA:231,212
DA:232,212
DA:233,594
DA:234,212
DA:238,142
DA:239,142
DA:241,142
DA:242,71
DA:245,552
DA:248,1104
DA:249,0
DA:250,1656
DA:254,368
DA:258,368
DA:259,368
DA:260,1104
DA:261,368
DA:264,66
DA:266,66
DA:267,66
DA:268,264
DA:269,396
DA:270,66
DA:273,5
DA:275,5
DA:276,5
DA:277,20
DA:278,30
DA:279,5
DA:282,362
DA:284,362
DA:285,362
DA:287,1086
DA:288,362
DA:291,66
DA:293,66
DA:294,66
DA:295,264
DA:296,396
DA:297,66
DA:300,66
DA:302,66
DA:303,66
DA:304,264
DA:305,396
DA:306,66
DA:309,64
DA:311,128
DA:315,0
DA:317,0
DA:318,0
DA:324,1289
DA:326,1289
DA:328,1289
DA:332,1289
DA:333,75
DA:335,2428
DA:336,2428
DA:337,2428
DA:341,0
DA:343,0
DA:347,1319
DA:349,2638
DA:353,8
DA:355,8
DA:356,16
DA:357,8
DA:360,24
DA:362,48
LF:157
LH:151
end_of_record
TN:
SF:/home/runner/work/neml2/neml2/src/neml2/misc/parser_utils.cxx
FN:31,_ZNK5neml215ParserException4whatEv
FN:39,_ZN5neml25utilsrsERSt18basic_stringstreamIcSt11char_traitsIcESaIcEERN2at6TensorE
FN:46,_ZN5neml25utils5splitERKSsS2_
FN:67,_ZN5neml25utils4trimERKSsS2_
FN:77,_ZN5neml25utils10start_withESt17basic_string_viewIcSt11char_traitsIcEES4_
FN:83,_ZN5neml25utils8end_withESt17basic_string_viewIcSt11char_traitsIcEES4_
FN:91,_ZN5neml25utils6parse_IbEEvRT_RKSs
FN:104,_ZN5neml25utils13parse_vector_IbEEvRSt6vectorIT_SaIS3_EERKSs
FN:114,_ZN5neml25utils6parse_INS_19LabeledAxisAccessorEEEvRT_RKSs
FN:122,_ZN5neml25utils6parse_IN3c1011SmallVectorIlLj6EEEEEvRT_RKSs
FNDA:622,_ZN5neml25utils6parse_INS_19LabeledAxisAccessorEEEvRT_RKSs
FNDA:1,_ZN5neml25utilsrsERSt18basic_stringstreamIcSt11char_traitsIcESaIcEERN2at6TensorE
FNDA:3068,_ZN5neml25utils5splitERKSsS2_
FNDA:10128,_ZN5neml25utils10start_withESt17basic_string_viewIcSt11char_traitsIcEES4_
FNDA:1560,_ZN5neml25utils8end_withESt17basic_string_viewIcSt11char_traitsIcEES4_
FNDA:6,_ZNK5neml215ParserException4whatEv
FNDA:11841,_ZN5neml25utils4trimERKSsS2_
FNDA:44,_ZN5neml25utils13parse_vector_IbEEvRSt6vectorIT_SaIS3_EERKSs
FNDA:1294,_ZN5neml25utils6parse_IN3c1011SmallVectorIlLj6EEEEEvRT_RKSs
FNDA:267,_ZN5neml25utils6parse_IbEEvRT_RKSs
FNF:10
FNH:10
DA:31,6
DA:33,6
DA:39,1
DA:41,1
DA:46,3068
DA:48,3068
DA:50,3068
DA:51,3068
DA:53,7654
DA:55,7636
DA:57,7636
DA:58,7636
DA:59,3050
DA:60,4586
DA:63,3068
DA:64,0
DA:67,11841
DA:69,11841
DA:70,11841
DA:71,19
DA:72,11822
DA:73,11822
DA:77,10128
DA:79,10128
DA:83,1560
DA:85,3120
DA:86,3120
DA:91,267
DA:93,267
DA:94,267
DA:95,101
DA:96,166
DA:97,165
DA:99,1
DA:100,267
DA:104,44
DA:106,88
DA:107,44
DA:108,165
DA:109,121
DA:110,44
DA:114,622
DA:116,1244
DA:117,622
DA:118,622
DA:122,1294
DA:124,1294
DA:125,1
DA:126,2
DA:128,2586
DA:129,2586
DA:131,1293
DA:132,3724
DA:133,2431
DA:134,1293
LF:55
LH:54
end_of_record
TN:
SF:/home/runner/work/neml2/neml2/src/neml2/misc/types.cxx
FN:30,_ZN5neml222default_tensor_optionsEv
FN:38,_ZN5neml230default_integer_tensor_optionsEv
FN:46,_ZN5neml213default_dtypeEv
FN:53,_ZN5neml221default_integer_dtypeEv
FN:60,_ZN5neml214default_deviceEv
FN:67,_ZN5neml217machine_precisionEv
FN:74,_ZN5neml29toleranceEv
FN:81,_ZN5neml217tighter_toleranceEv
FN:88,_ZN5neml221buffer_name_separatorEv
FN:95,_ZN5neml224parameter_name_separatorEv
FN:102,_ZN5neml234currently_solving_nonlinear_systemEv
FNDA:362,_ZN5neml224parameter_name_separatorEv
FNDA:268,_ZN5neml217tighter_toleranceEv
FNDA:482,_ZN5neml214default_deviceEv
FNDA:2482,_ZN5neml217machine_precisionEv
FNDA:4590,_ZN5neml222default_tensor_optionsEv
FNDA:754,_ZN5neml213default_dtypeEv
FNDA:481,_ZN5neml221buffer_name_separatorEv
FNDA:37803,_ZN5neml234currently_solving_nonlinear_systemEv
FNDA:268,_ZN5neml29toleranceEv
FNDA:5135,_ZN5neml221default_integer_dtypeEv
FNDA:172,_ZN5neml230default_integer_tensor_optionsEv
FNF:11
FNH:11
DA:30,4590
DA:33,4590
DA:34,4590
DA:38,172
DA:41,172
DA:42,172
DA:46,754
DA:49,754
DA:53,5135
DA:56,5135
DA:60,482
DA:62,482
DA:63,482
DA:67,2482
DA:70,2482
DA:74,268
DA:77,268
DA:81,268
DA:84,268
DA:88,481
DA:90,481
DA:91,481
DA:95,362
DA:97,362
DA:98,362
DA:102,37803
DA:105,37803
LF:27
LH:27
end_of_record
TN:
SF:/home/runner/work/neml2/neml2/src/neml2/misc/utils.cxx
FN:33,_ZN5neml25utils8demangleEPKc
FN:40,_ZN5neml25utils12storage_sizeEN3c108ArrayRefIlEE
FN:47,_ZN5neml25utils11pad_prependEN3c108ArrayRefIlEEll
FN:55,_ZN5neml25utils10pad_appendEN3c108ArrayRefIlEEll
FN:77,_ZN5neml25utils7details15add_shapes_implERN3c1011SmallVectorIlLj6EEE
FNDA:303926,_ZN5neml25utils11pad_prependEN3c108ArrayRefIlEEll
FNDA:258412,_ZN5neml25utils8demangleEPKc
FNDA:14396,_ZN5neml25utils12storage_sizeEN3c108ArrayRefIlEE
FNDA:95298,_ZN5neml25utils7details15add_shapes_implERN3c1011SmallVectorIlLj6EEE
FNDA:3,_ZN5neml25utils10pad_appendEN3c108ArrayRefIlEEll
FNF:5
FNH:5
DA:33,258412
DA:36,258412
DA:40,14396
DA:42,14396
DA:43,14396
DA:47,303926
DA:49,303926
DA:50,303926
DA:51,303926
DA:52,0
DA:55,3
DA:57,3
DA:58,3
DA:59,3
DA:60,0
DA:77,95298
DA:79,95298
LF:17
LH:15
end_of_record
TN:
SF:/home/runner/work/neml2/neml2/src/neml2/models/ArrheniusParameter.cxx
FN:33,_ZN5neml218ArrheniusParameter16expected_optionsEv
FN:56,_ZN5neml218ArrheniusParameterC2ERKNS_9OptionSetE
FN:66,_ZN5neml218ArrheniusParameter9set_valueEbbb
FNDA:6,_ZN5neml218ArrheniusParameter16expected_optionsEv
FNDA:3,_ZN5neml218ArrheniusParameterC2ERKNS_9OptionSetE
FNDA:38,_ZN5neml218ArrheniusParameter9set_valueEbbb
FNF:3
FNH:3
DA:33,6
DA:35,6
DA:36,6
DA:39,6
DA:41,6
DA:42,6
DA:44,6
DA:45,6
DA:47,6
DA:48,6
DA:50,6
DA:51,6
DA:53,6
DA:54,0
DA:56,3
DA:58,3
DA:59,3
DA:60,3
DA:61,6
DA:63,3
DA:66,38
DA:68,76
DA:70,38
DA:71,32
DA:73,38
DA:74,38
DA:76,28
DA:78,14
DA:79,12
DA:81,14
DA:82,6
DA:83,14
DA:84,38
LF:33
LH:32
end_of_record
TN:
SF:/home/runner/work/neml2/neml2/src/neml2/models/BackwardEulerTimeIntegration.cxx
FN:35,_ZN5neml228BackwardEulerTimeIntegrationINS_3SR2EE16expected_optionsEv
FN:35,_ZN5neml228BackwardEulerTimeIntegrationINS_6ScalarEE16expected_optionsEv
FN:35,_ZN5neml228BackwardEulerTimeIntegrationINS_3VecEE16expected_optionsEv
FN:59,_ZN5neml228BackwardEulerTimeIntegrationINS_3VecEEC2ERKNS_9OptionSetE
FN:59,_ZN5neml228BackwardEulerTimeIntegrationINS_6ScalarEEC2ERKNS_9OptionSetE
FN:59,_ZN5neml228BackwardEulerTimeIntegrationINS_3SR2EEC2ERKNS_9OptionSetE
FN:74,_ZNK5neml228BackwardEulerTimeIntegrationINS_6ScalarEE8diagnoseERSt6vectorINS_9DiagnosisESaIS4_EE
FN:74,_ZNK5neml228BackwardEulerTimeIntegrationINS_3VecEE8diagnoseERSt6vectorINS_9DiagnosisESaIS4_EE
FN:74,_ZNK5neml228BackwardEulerTimeIntegrationINS_3SR2EE8diagnoseERSt6vectorINS_9DiagnosisESaIS4_EE
FN:84,_ZN5neml228BackwardEulerTimeIntegrationINS_6ScalarEE9set_valueEbbb
FN:84,_ZN5neml228BackwardEulerTimeIntegrationINS_3SR2EE9set_valueEbbb
FN:84,_ZN5neml228BackwardEulerTimeIntegrationINS_3VecEE9set_valueEbbb
FNDA:0,_ZN5neml228BackwardEulerTimeIntegrationINS_3VecEE9set_valueEbbb
FNDA:6,_ZNK5neml228BackwardEulerTimeIntegrationINS_3SR2EE8diagnoseERSt6vectorINS_9DiagnosisESaIS4_EE
FNDA:6,_ZN5neml228BackwardEulerTimeIntegrationINS_3VecEE16expected_optionsEv
FNDA:0,_ZNK5neml228BackwardEulerTimeIntegrationINS_3VecEE8diagnoseERSt6vectorINS_9DiagnosisESaIS4_EE
FNDA:4,_ZNK5neml228BackwardEulerTimeIntegrationINS_6ScalarEE8diagnoseERSt6vectorINS_9DiagnosisESaIS4_EE
FNDA:13,_ZN5neml228BackwardEulerTimeIntegrationINS_3SR2EEC2ERKNS_9OptionSetE
FNDA:2612,_ZN5neml228BackwardEulerTimeIntegrationINS_3SR2EE9set_valueEbbb
FNDA:30,_ZN5neml228BackwardEulerTimeIntegrationINS_6ScalarEEC2ERKNS_9OptionSetE
FNDA:0,_ZN5neml228BackwardEulerTimeIntegrationINS_3VecEEC2ERKNS_9OptionSetE
FNDA:3949,_ZN5neml228BackwardEulerTimeIntegrationINS_6ScalarEE9set_valueEbbb
FNDA:6,_ZN5neml228BackwardEulerTimeIntegrationINS_6ScalarEE16expected_optionsEv
FNDA:6,_ZN5neml228BackwardEulerTimeIntegrationINS_3SR2EE16expected_optionsEv
FNF:12
FNH:9
DA:35,18
DA:37,18
DA:38,18
DA:44,18
DA:46,18
DA:47,18
DA:49,18
DA:50,18
DA:52,18
DA:53,18
DA:55,18
DA:56,0
DA:59,43
DA:61,43
DA:62,43
DA:63,86
DA:64,45
DA:65,2
DA:66,43
DA:67,43
DA:68,86
DA:70,43
DA:74,10
DA:76,10
DA:77,10
DA:78,10
DA:79,10
DA:80,10
DA:84,6561
DA:86,6561
DA:88,6561
DA:89,6559
DA:91,6561
DA:93,2970
DA:95,2970
DA:96,2970
DA:98,2970
DA:99,2922
DA:101,48
DA:102,48
DA:103,48
DA:104,2970
LF:42
LH:41
end_of_record
TN:
SF:/home/runner/work/neml2/neml2/src/neml2/models/BufferStore.cxx
FN:29,_ZN5neml211BufferStoreC2ERKNS_9OptionSetEPNS_11NEML2ObjectE
FN:36,_ZN5neml211BufferStore13named_buffersEv
FN:44,_ZN5neml211BufferStore15send_buffers_toERKN3c1013TensorOptionsE
FNDA:399,_ZN5neml211BufferStore15send_buffers_toERKN3c1013TensorOptionsE
FNDA:0,_ZN5neml211BufferStore13named_buffersEv
FNDA:565,_ZN5neml211BufferStoreC2ERKNS_9OptionSetEPNS_11NEML2ObjectE
FNF:3
FNH:2
DA:29,565
DA:30,565
DA:31,565
DA:33,565
DA:36,0
DA:38,0
DA:40,0
DA:44,399
DA:46,399
DA:48,861
DA:49,462
DA:50,399
LF:12
LH:9
end_of_record
TN:
SF:/home/runner/work/neml2/neml2/src/neml2/models/ComposedModel.cxx
FN:34,_ZN5neml213ComposedModel16expected_optionsEv
FN:64,_ZN5neml213ComposedModelC2ERKNS_9OptionSetE
FN:151,_ZN5neml213ComposedModel5setupEv
FN:183,_ZNK5neml213ComposedModel11consolidateERKSt3mapIN2at8indexing11TensorIndexESt4pairIS4_PNS_5ModelEENS_11LabeledAxis16AssemblySliceCmpESaIS5_IKS4_S8_EEE
FN:230,_ZNK5neml213ComposedModel19check_AD_limitationEv
FN:239,_ZNK5neml213ComposedModel26named_nonlinear_parametersEb
FN:245,_ZNK5neml213ComposedModel32named_nonlinear_parameter_modelsEb
FN:251,_ZN5neml213ComposedModel18allocate_variablesEbb
FN:277,_ZN5neml213ComposedModel18setup_output_viewsEv
FN:303,_ZN5neml213ComposedModel26setup_submodel_input_viewsEPNS_13VariableStoreE
FN:323,_ZN5neml213ComposedModel9set_valueEbbb
FN:351,_ZN5neml213ComposedModel15set_value_asyncEPNS_5ModelEbbb
FN:382,_ZNK5neml213ComposedModel18rethrow_exceptionsEv
FN:403,_ZN5neml213ComposedModel16apply_chain_ruleEPNS_5ModelE
FN:414,_ZN5neml213ComposedModel29apply_second_order_chain_ruleEPNS_5ModelE
FNDA:7932,_ZN5neml213ComposedModel16apply_chain_ruleEPNS_5ModelE
FNDA:1827,_ZNK5neml213ComposedModel19check_AD_limitationEv
FNDA:3700,_ZN5neml213ComposedModel9set_valueEbbb
FNDA:14,_ZNK5neml213ComposedModel26named_nonlinear_parametersEb
FNDA:599,_ZN5neml213ComposedModel29apply_second_order_chain_ruleEPNS_5ModelE
FNDA:88,_ZN5neml213ComposedModelC2ERKNS_9OptionSetE
FNDA:88,_ZN5neml213ComposedModel5setupEv
FNDA:1747,_ZN5neml213ComposedModel26setup_submodel_input_viewsEPNS_13VariableStoreE
FNDA:1747,_ZN5neml213ComposedModel18setup_output_viewsEv
FNDA:305,_ZNK5neml213ComposedModel11consolidateERKSt3mapIN2at8indexing11TensorIndexESt4pairIS4_PNS_5ModelEENS_11LabeledAxis16AssemblySliceCmpESaIS5_IKS4_S8_EEE
FNDA:28,_ZNK5neml213ComposedModel32named_nonlinear_parameter_modelsEb
FNDA:1747,_ZN5neml213ComposedModel18allocate_variablesEbb
FNDA:19865,_ZN5neml213ComposedModel15set_value_asyncEPNS_5ModelEbbb
FNDA:3700,_ZNK5neml213ComposedModel18rethrow_exceptionsEv
FNDA:6,_ZN5neml213ComposedModel16expected_optionsEv
FNF:15
FNH:15
DA:34,6
DA:36,6
DA:37,6
DA:40,6
DA:42,6
DA:44,6
DA:45,6
DA:47,6
DA:48,12
DA:50,6
DA:52,6
DA:53,12
DA:55,6
DA:57,6
DA:58,12
DA:59,6
DA:61,6
DA:62,0
DA:64,88
DA:66,88
DA:67,176
DA:72,316
DA:73,228
DA:83,88
DA:84,88
DA:85,316
DA:86,305
DA:87,305
DA:90,393
DA:91,305
DA:92,90
DA:93,2
DA:96,176
DA:97,88
DA:98,88
DA:99,0
DA:102,88
DA:103,88
DA:104,88
DA:107,88
DA:110,605
DA:112,517
DA:113,517
DA:114,517
DA:116,517
DA:117,104
DA:122,413
DA:123,517
DA:126,208
DA:128,120
DA:129,120
DA:130,120
DA:131,120
DA:135,120
DA:136,120
DA:139,316
DA:141,305
DA:142,77
DA:143,228
DA:144,305
DA:145,77
DA:146,228
DA:148,88
DA:151,88
DA:153,88
DA:156,393
DA:158,305
DA:160,1059
DA:162,754
DA:163,754
DA:165,534
DA:166,534
DA:167,534
DA:169,754
DA:170,1164
DA:171,713
DA:173,237
DA:174,237
DA:175,237
DA:176,1059
DA:178,305
DA:179,305
DA:180,88
DA:183,305
DA:185,305
DA:186,305
DA:187,4
DA:190,301
DA:191,301
DA:192,301
DA:193,1055
DA:195,754
DA:196,754
DA:197,754
DA:201,903
DA:202,903
DA:203,301
DA:204,754
DA:206,453
DA:207,453
DA:209,453
DA:211,176
DA:212,176
DA:217,277
DA:218,277
DA:219,277
DA:224,879
DA:225,578
DA:226,301
DA:227,301
DA:230,1827
DA:232,1827
DA:233,0
DA:235,0
DA:236,1827
DA:239,14
DA:241,14
DA:245,28
DA:247,28
DA:251,1747
DA:253,1747
DA:255,1747
DA:257,1747
DA:259,1670
DA:260,7776
DA:261,6106
DA:262,12212
DA:265,1747
DA:267,954
DA:268,636
DA:269,1289
DA:270,2913
DA:271,1942
DA:274,1747
DA:277,1747
DA:279,1747
DA:281,8077
DA:284,6330
DA:286,6106
DA:287,25878
DA:288,39544
DA:292,6330
DA:294,971
DA:295,2365
DA:296,2788
DA:297,4182
DA:300,1747
DA:303,1747
DA:305,8077
DA:307,84099
DA:308,77769
DA:309,19665
DA:311,25478
DA:312,19148
DA:314,4682
DA:315,4682
DA:318,6330
DA:320,1747
DA:323,3700
DA:325,3700
DA:326,3700
DA:327,23565
DA:328,39730
DA:329,59595
DA:331,23565
DA:332,19865
DA:335,3700
DA:337,11813
DA:339,8113
DA:340,4638
DA:342,8113
DA:343,3713
DA:345,8113
DA:346,221
DA:348,3700
DA:351,19865
DA:356,19865
DA:357,32878
DA:358,18593
DA:360,19865
DA:361,11334
DA:362,8531
DA:363,7932
DA:364,599
DA:365,599
DA:367,0
DA:369,19865
DA:370,7932
DA:372,19865
DA:373,599
DA:375,0
DA:377,0
DA:378,0
DA:379,19865
DA:382,3700
DA:384,3700
DA:386,0
DA:387,0
DA:390,0
DA:392,0
DA:394,0
DA:396,0
DA:397,0
DA:398,0
DA:399,0
DA:400,3700
DA:403,7932
DA:405,7932
DA:406,0
DA:409,7932
DA:410,7932
DA:411,7932
DA:414,599
DA:416,599
DA:417,0
DA:420,599
DA:421,599
DA:422,1198
DA:423,599
DA:424,1198
DA:425,1198
DA:426,599
LF:222
LH:203
end_of_record
TN:
SF:/home/runner/work/neml2/neml2/src/neml2/models/ConstantParameter.cxx
FN:34,_ZN5neml217ConstantParameterINS_2R3EE16expected_optionsEv
FN:34,_ZN5neml217ConstantParameterINS_2R5EE16expected_optionsEv
FN:34,_ZN5neml217ConstantParameterINS_4WWR4EE16expected_optionsEv
FN:34,_ZN5neml217ConstantParameterINS_5SFFR4EE16expected_optionsEv
FN:34,_ZN5neml217ConstantParameterINS_4SSR4EE16expected_optionsEv
FN:34,_ZN5neml217ConstantParameterINS_3VecEE16expected_optionsEv
FN:34,_ZN5neml217ConstantParameterINS_3WR2EE16expected_optionsEv
FN:34,_ZN5neml217ConstantParameterINS_4SWR4EE16expected_optionsEv
FN:34,_ZN5neml217ConstantParameterINS_2R2EE16expected_optionsEv
FN:34,_ZN5neml217ConstantParameterINS_4WSR4EE16expected_optionsEv
FN:34,_ZN5neml217ConstantParameterINS_5SSFR5EE16expected_optionsEv
FN:34,_ZN5neml217ConstantParameterINS_6ScalarEE16expected_optionsEv
FN:34,_ZN5neml217ConstantParameterINS_11MillerIndexEE16expected_optionsEv
FN:34,_ZN5neml217ConstantParameterINS_2R4EE16expected_optionsEv
FN:34,_ZN5neml217ConstantParameterINS_10QuaternionEE16expected_optionsEv
FN:34,_ZN5neml217ConstantParameterINS_4SFR3EE16expected_optionsEv
FN:34,_ZN5neml217ConstantParameterINS_3SR2EE16expected_optionsEv
FN:34,_ZN5neml217ConstantParameterINS_3RotEE16expected_optionsEv
FN:46,_ZN5neml217ConstantParameterINS_3WR2EEC2ERKNS_9OptionSetE
FN:46,_ZN5neml217ConstantParameterINS_11MillerIndexEEC2ERKNS_9OptionSetE
FN:46,_ZN5neml217ConstantParameterINS_6ScalarEEC2ERKNS_9OptionSetE
FN:46,_ZN5neml217ConstantParameterINS_2R4EEC2ERKNS_9OptionSetE
FN:46,_ZN5neml217ConstantParameterINS_3RotEEC2ERKNS_9OptionSetE
FN:46,_ZN5neml217ConstantParameterINS_5SFFR4EEC2ERKNS_9OptionSetE
FN:46,_ZN5neml217ConstantParameterINS_3VecEEC2ERKNS_9OptionSetE
FN:46,_ZN5neml217ConstantParameterINS_2R2EEC2ERKNS_9OptionSetE
FN:46,_ZN5neml217ConstantParameterINS_10QuaternionEEC2ERKNS_9OptionSetE
FN:46,_ZN5neml217ConstantParameterINS_4WWR4EEC2ERKNS_9OptionSetE
FN:46,_ZN5neml217ConstantParameterINS_4SWR4EEC2ERKNS_9OptionSetE
FN:46,_ZN5neml217ConstantParameterINS_2R3EEC2ERKNS_9OptionSetE
FN:46,_ZN5neml217ConstantParameterINS_4SSR4EEC2ERKNS_9OptionSetE
FN:46,_ZN5neml217ConstantParameterINS_2R5EEC2ERKNS_9OptionSetE
FN:46,_ZN5neml217ConstantParameterINS_3SR2EEC2ERKNS_9OptionSetE
FN:46,_ZN5neml217ConstantParameterINS_4SFR3EEC2ERKNS_9OptionSetE
FN:46,_ZN5neml217ConstantParameterINS_5SSFR5EEC2ERKNS_9OptionSetE
FN:46,_ZN5neml217ConstantParameterINS_4WSR4EEC2ERKNS_9OptionSetE
FN:54,_ZN5neml217ConstantParameterINS_3RotEE9set_valueEbbb
FN:54,_ZN5neml217ConstantParameterINS_10QuaternionEE9set_valueEbbb
FN:54,_ZN5neml217ConstantParameterINS_3SR2EE9set_valueEbbb
FN:54,_ZN5neml217ConstantParameterINS_11MillerIndexEE9set_valueEbbb
FN:54,_ZN5neml217ConstantParameterINS_4WWR4EE9set_valueEbbb
FN:54,_ZN5neml217ConstantParameterINS_4SSR4EE9set_valueEbbb
FN:54,_ZN5neml217ConstantParameterINS_6ScalarEE9set_valueEbbb
FN:54,_ZN5neml217ConstantParameterINS_5SSFR5EE9set_valueEbbb
FN:54,_ZN5neml217ConstantParameterINS_4WSR4EE9set_valueEbbb
FN:54,_ZN5neml217ConstantParameterINS_4SFR3EE9set_valueEbbb
FN:54,_ZN5neml217ConstantParameterINS_2R5EE9set_valueEbbb
FN:54,_ZN5neml217ConstantParameterINS_4SWR4EE9set_valueEbbb
FN:54,_ZN5neml217ConstantParameterINS_5SFFR4EE9set_valueEbbb
FN:54,_ZN5neml217ConstantParameterINS_2R2EE9set_valueEbbb
FN:54,_ZN5neml217ConstantParameterINS_3WR2EE9set_valueEbbb
FN:54,_ZN5neml217ConstantParameterINS_2R4EE9set_valueEbbb
FN:54,_ZN5neml217ConstantParameterINS_3VecEE9set_valueEbbb
FN:54,_ZN5neml217ConstantParameterINS_2R3EE9set_valueEbbb
FNDA:0,_ZN5neml217ConstantParameterINS_11MillerIndexEEC2ERKNS_9OptionSetE
FNDA:6,_ZN5neml217ConstantParameterINS_2R3EE16expected_optionsEv
FNDA:0,_ZN5neml217ConstantParameterINS_3WR2EEC2ERKNS_9OptionSetE
FNDA:0,_ZN5neml217ConstantParameterINS_3RotEE9set_valueEbbb
FNDA:6,_ZN5neml217ConstantParameterINS_2R5EE16expected_optionsEv
FNDA:0,_ZN5neml217ConstantParameterINS_10QuaternionEE9set_valueEbbb
FNDA:0,_ZN5neml217ConstantParameterINS_5SFFR4EEC2ERKNS_9OptionSetE
FNDA:0,_ZN5neml217ConstantParameterINS_3RotEEC2ERKNS_9OptionSetE
FNDA:6,_ZN5neml217ConstantParameterINS_5SFFR4EE16expected_optionsEv
FNDA:6,_ZN5neml217ConstantParameterINS_4SSR4EE16expected_optionsEv
FNDA:5,_ZN5neml217ConstantParameterINS_6ScalarEEC2ERKNS_9OptionSetE
FNDA:6,_ZN5neml217ConstantParameterINS_4WWR4EE16expected_optionsEv
FNDA:0,_ZN5neml217ConstantParameterINS_2R4EEC2ERKNS_9OptionSetE
FNDA:0,_ZN5neml217ConstantParameterINS_4SSR4EE9set_valueEbbb
FNDA:6,_ZN5neml217ConstantParameterINS_3VecEE16expected_optionsEv
FNDA:6,_ZN5neml217ConstantParameterINS_3WR2EE16expected_optionsEv
FNDA:22,_ZN5neml217ConstantParameterINS_6ScalarEE9set_valueEbbb
FNDA:27,_ZN5neml217ConstantParameterINS_3SR2EE9set_valueEbbb
FNDA:0,_ZN5neml217ConstantParameterINS_3VecEEC2ERKNS_9OptionSetE
FNDA:0,_ZN5neml217ConstantParameterINS_4WWR4EE9set_valueEbbb
FNDA:0,_ZN5neml217ConstantParameterINS_11MillerIndexEE9set_valueEbbb
FNDA:0,_ZN5neml217ConstantParameterINS_2R2EEC2ERKNS_9OptionSetE
FNDA:0,_ZN5neml217ConstantParameterINS_4WSR4EE9set_valueEbbb
FNDA:6,_ZN5neml217ConstantParameterINS_6ScalarEE16expected_optionsEv
FNDA:0,_ZN5neml217ConstantParameterINS_5SSFR5EE9set_valueEbbb
FNDA:6,_ZN5neml217ConstantParameterINS_2R2EE16expected_optionsEv
FNDA:6,_ZN5neml217ConstantParameterINS_4WSR4EE16expected_optionsEv
FNDA:6,_ZN5neml217ConstantParameterINS_4SWR4EE16expected_optionsEv
FNDA:0,_ZN5neml217ConstantParameterINS_10QuaternionEEC2ERKNS_9OptionSetE
FNDA:6,_ZN5neml217ConstantParameterINS_5SSFR5EE16expected_optionsEv
FNDA:0,_ZN5neml217ConstantParameterINS_4SWR4EEC2ERKNS_9OptionSetE
FNDA:0,_ZN5neml217ConstantParameterINS_4SFR3EE9set_valueEbbb
FNDA:0,_ZN5neml217ConstantParameterINS_2R5EE9set_valueEbbb
FNDA:0,_ZN5neml217ConstantParameterINS_4WWR4EEC2ERKNS_9OptionSetE
FNDA:6,_ZN5neml217ConstantParameterINS_2R4EE16expected_optionsEv
FNDA:0,_ZN5neml217ConstantParameterINS_4SSR4EEC2ERKNS_9OptionSetE
FNDA:0,_ZN5neml217ConstantParameterINS_2R3EEC2ERKNS_9OptionSetE
FNDA:6,_ZN5neml217ConstantParameterINS_11MillerIndexEE16expected_optionsEv
FNDA:6,_ZN5neml217ConstantParameterINS_3SR2EE16expected_optionsEv
FNDA:2,_ZN5neml217ConstantParameterINS_3SR2EEC2ERKNS_9OptionSetE
FNDA:0,_ZN5neml217ConstantParameterINS_4SFR3EEC2ERKNS_9OptionSetE
FNDA:0,_ZN5neml217ConstantParameterINS_2R2EE9set_valueEbbb
FNDA:0,_ZN5neml217ConstantParameterINS_4SWR4EE9set_valueEbbb
FNDA:6,_ZN5neml217ConstantParameterINS_10QuaternionEE16expected_optionsEv
FNDA:0,_ZN5neml217ConstantParameterINS_2R5EEC2ERKNS_9OptionSetE
FNDA:0,_ZN5neml217ConstantParameterINS_5SFFR4EE9set_valueEbbb
FNDA:6,_ZN5neml217ConstantParameterINS_4SFR3EE16expected_optionsEv
FNDA:0,_ZN5neml217ConstantParameterINS_5SSFR5EEC2ERKNS_9OptionSetE
FNDA:0,_ZN5neml217ConstantParameterINS_2R3EE9set_valueEbbb
FNDA:0,_ZN5neml217ConstantParameterINS_4WSR4EEC2ERKNS_9OptionSetE
FNDA:0,_ZN5neml217ConstantParameterINS_3WR2EE9set_valueEbbb
FNDA:6,_ZN5neml217ConstantParameterINS_3RotEE16expected_optionsEv
FNDA:0,_ZN5neml217ConstantParameterINS_2R4EE9set_valueEbbb
FNDA:0,_ZN5neml217ConstantParameterINS_3VecEE9set_valueEbbb
FNF:54
FNH:22
DA:34,108
DA:36,108
DA:37,108
DA:40,108
DA:41,108
DA:42,108
DA:43,0
DA:46,7
DA:48,7
DA:50,7
DA:54,49
DA:56,49
DA:57,37
DA:59,49
DA:60,20
DA:61,0
DA:65,49
LF:17
LH:15
end_of_record
TN:
SF:/home/runner/work/neml2/neml2/src/neml2/models/CopyVariable.cxx
FN:34,_ZN5neml212CopyVariableINS_4SFR3EE16expected_optionsEv
FN:34,_ZN5neml212CopyVariableINS_3RotEE16expected_optionsEv
FN:34,_ZN5neml212CopyVariableINS_10QuaternionEE16expected_optionsEv
FN:34,_ZN5neml212CopyVariableINS_5SFFR4EE16expected_optionsEv
FN:34,_ZN5neml212CopyVariableINS_3VecEE16expected_optionsEv
FN:34,_ZN5neml212CopyVariableINS_3WR2EE16expected_optionsEv
FN:34,_ZN5neml212CopyVariableINS_2R2EE16expected_optionsEv
FN:34,_ZN5neml212CopyVariableINS_4SWR4EE16expected_optionsEv
FN:34,_ZN5neml212CopyVariableINS_4SSR4EE16expected_optionsEv
FN:34,_ZN5neml212CopyVariableINS_4WWR4EE16expected_optionsEv
FN:34,_ZN5neml212CopyVariableINS_5SSFR5EE16expected_optionsEv
FN:34,_ZN5neml212CopyVariableINS_3SR2EE16expected_optionsEv
FN:34,_ZN5neml212CopyVariableINS_2R5EE16expected_optionsEv
FN:34,_ZN5neml212CopyVariableINS_2R4EE16expected_optionsEv
FN:34,_ZN5neml212CopyVariableINS_4WSR4EE16expected_optionsEv
FN:34,_ZN5neml212CopyVariableINS_6ScalarEE16expected_optionsEv
FN:34,_ZN5neml212CopyVariableINS_11MillerIndexEE16expected_optionsEv
FN:34,_ZN5neml212CopyVariableINS_2R3EE16expected_optionsEv
FN:49,_ZN5neml212CopyVariableINS_4WSR4EEC2ERKNS_9OptionSetE
FN:49,_ZN5neml212CopyVariableINS_2R4EEC2ERKNS_9OptionSetE
FN:49,_ZN5neml212CopyVariableINS_4SSR4EEC2ERKNS_9OptionSetE
FN:49,_ZN5neml212CopyVariableINS_4SFR3EEC2ERKNS_9OptionSetE
FN:49,_ZN5neml212CopyVariableINS_5SSFR5EEC2ERKNS_9OptionSetE
FN:49,_ZN5neml212CopyVariableINS_3WR2EEC2ERKNS_9OptionSetE
FN:49,_ZN5neml212CopyVariableINS_3RotEEC2ERKNS_9OptionSetE
FN:49,_ZN5neml212CopyVariableINS_6ScalarEEC2ERKNS_9OptionSetE
FN:49,_ZN5neml212CopyVariableINS_10QuaternionEEC2ERKNS_9OptionSetE
FN:49,_ZN5neml212CopyVariableINS_5SFFR4EEC2ERKNS_9OptionSetE
FN:49,_ZN5neml212CopyVariableINS_4SWR4EEC2ERKNS_9OptionSetE
FN:49,_ZN5neml212CopyVariableINS_2R3EEC2ERKNS_9OptionSetE
FN:49,_ZN5neml212CopyVariableINS_11MillerIndexEEC2ERKNS_9OptionSetE
FN:49,_ZN5neml212CopyVariableINS_3SR2EEC2ERKNS_9OptionSetE
FN:49,_ZN5neml212CopyVariableINS_2R2EEC2ERKNS_9OptionSetE
FN:49,_ZN5neml212CopyVariableINS_3VecEEC2ERKNS_9OptionSetE
FN:49,_ZN5neml212CopyVariableINS_4WWR4EEC2ERKNS_9OptionSetE
FN:49,_ZN5neml212CopyVariableINS_2R5EEC2ERKNS_9OptionSetE
FN:58,_ZN5neml212CopyVariableINS_4SWR4EE9set_valueEbbb
FN:58,_ZN5neml212CopyVariableINS_4SFR3EE9set_valueEbbb
FN:58,_ZN5neml212CopyVariableINS_4WWR4EE9set_valueEbbb
FN:58,_ZN5neml212CopyVariableINS_3SR2EE9set_valueEbbb
FN:58,_ZN5neml212CopyVariableINS_3VecEE9set_valueEbbb
FN:58,_ZN5neml212CopyVariableINS_11MillerIndexEE9set_valueEbbb
FN:58,_ZN5neml212CopyVariableINS_2R4EE9set_valueEbbb
FN:58,_ZN5neml212CopyVariableINS_5SFFR4EE9set_valueEbbb
FN:58,_ZN5neml212CopyVariableINS_4SSR4EE9set_valueEbbb
FN:58,_ZN5neml212CopyVariableINS_10QuaternionEE9set_valueEbbb
FN:58,_ZN5neml212CopyVariableINS_5SSFR5EE9set_valueEbbb
FN:58,_ZN5neml212CopyVariableINS_2R3EE9set_valueEbbb
FN:58,_ZN5neml212CopyVariableINS_3WR2EE9set_valueEbbb
FN:58,_ZN5neml212CopyVariableINS_4WSR4EE9set_valueEbbb
FN:58,_ZN5neml212CopyVariableINS_6ScalarEE9set_valueEbbb
FN:58,_ZN5neml212CopyVariableINS_2R2EE9set_valueEbbb
FN:58,_ZN5neml212CopyVariableINS_2R5EE9set_valueEbbb
FN:58,_ZN5neml212CopyVariableINS_3RotEE9set_valueEbbb
FNDA:0,_ZN5neml212CopyVariableINS_4SSR4EE9set_valueEbbb
FNDA:0,_ZN5neml212CopyVariableINS_10QuaternionEE9set_valueEbbb
FNDA:0,_ZN5neml212CopyVariableINS_5SSFR5EE9set_valueEbbb
FNDA:0,_ZN5neml212CopyVariableINS_2R3EE9set_valueEbbb
FNDA:6,_ZN5neml212CopyVariableINS_2R2EE16expected_optionsEv
FNDA:0,_ZN5neml212CopyVariableINS_3WR2EE9set_valueEbbb
FNDA:0,_ZN5neml212CopyVariableINS_4SWR4EEC2ERKNS_9OptionSetE
FNDA:6,_ZN5neml212CopyVariableINS_4SWR4EE16expected_optionsEv
FNDA:6,_ZN5neml212CopyVariableINS_4SSR4EE16expected_optionsEv
FNDA:0,_ZN5neml212CopyVariableINS_2R3EEC2ERKNS_9OptionSetE
FNDA:6,_ZN5neml212CopyVariableINS_4WWR4EE16expected_optionsEv
FNDA:0,_ZN5neml212CopyVariableINS_4WSR4EE9set_valueEbbb
FNDA:0,_ZN5neml212CopyVariableINS_11MillerIndexEEC2ERKNS_9OptionSetE
FNDA:1,_ZN5neml212CopyVariableINS_3SR2EEC2ERKNS_9OptionSetE
FNDA:6,_ZN5neml212CopyVariableINS_5SSFR5EE16expected_optionsEv
FNDA:0,_ZN5neml212CopyVariableINS_6ScalarEE9set_valueEbbb
FNDA:0,_ZN5neml212CopyVariableINS_2R2EEC2ERKNS_9OptionSetE
FNDA:6,_ZN5neml212CopyVariableINS_3SR2EE16expected_optionsEv
FNDA:0,_ZN5neml212CopyVariableINS_3VecEEC2ERKNS_9OptionSetE
FNDA:6,_ZN5neml212CopyVariableINS_2R5EE16expected_optionsEv
FNDA:6,_ZN5neml212CopyVariableINS_2R4EE16expected_optionsEv
FNDA:0,_ZN5neml212CopyVariableINS_4WWR4EEC2ERKNS_9OptionSetE
FNDA:6,_ZN5neml212CopyVariableINS_4WSR4EE16expected_optionsEv
FNDA:6,_ZN5neml212CopyVariableINS_6ScalarEE16expected_optionsEv
FNDA:0,_ZN5neml212CopyVariableINS_2R2EE9set_valueEbbb
FNDA:0,_ZN5neml212CopyVariableINS_2R5EE9set_valueEbbb
FNDA:0,_ZN5neml212CopyVariableINS_3RotEE9set_valueEbbb
FNDA:0,_ZN5neml212CopyVariableINS_2R5EEC2ERKNS_9OptionSetE
FNDA:6,_ZN5neml212CopyVariableINS_11MillerIndexEE16expected_optionsEv
FNDA:6,_ZN5neml212CopyVariableINS_2R3EE16expected_optionsEv
FNDA:0,_ZN5neml212CopyVariableINS_4SWR4EE9set_valueEbbb
FNDA:0,_ZN5neml212CopyVariableINS_4SFR3EE9set_valueEbbb
FNDA:0,_ZN5neml212CopyVariableINS_4WWR4EE9set_valueEbbb
FNDA:0,_ZN5neml212CopyVariableINS_4WSR4EEC2ERKNS_9OptionSetE
FNDA:171,_ZN5neml212CopyVariableINS_3SR2EE9set_valueEbbb
FNDA:6,_ZN5neml212CopyVariableINS_4SFR3EE16expected_optionsEv
FNDA:6,_ZN5neml212CopyVariableINS_3RotEE16expected_optionsEv
FNDA:6,_ZN5neml212CopyVariableINS_10QuaternionEE16expected_optionsEv
FNDA:0,_ZN5neml212CopyVariableINS_3VecEE9set_valueEbbb
FNDA:0,_ZN5neml212CopyVariableINS_11MillerIndexEE9set_valueEbbb
FNDA:0,_ZN5neml212CopyVariableINS_2R4EEC2ERKNS_9OptionSetE
FNDA:0,_ZN5neml212CopyVariableINS_4SSR4EEC2ERKNS_9OptionSetE
FNDA:0,_ZN5neml212CopyVariableINS_4SFR3EEC2ERKNS_9OptionSetE
FNDA:6,_ZN5neml212CopyVariableINS_5SFFR4EE16expected_optionsEv
FNDA:0,_ZN5neml212CopyVariableINS_5SSFR5EEC2ERKNS_9OptionSetE
FNDA:0,_ZN5neml212CopyVariableINS_3WR2EEC2ERKNS_9OptionSetE
FNDA:0,_ZN5neml212CopyVariableINS_2R4EE9set_valueEbbb
FNDA:0,_ZN5neml212CopyVariableINS_3RotEEC2ERKNS_9OptionSetE
FNDA:6,_ZN5neml212CopyVariableINS_3VecEE16expected_optionsEv
FNDA:6,_ZN5neml212CopyVariableINS_3WR2EE16expected_optionsEv
FNDA:3,_ZN5neml212CopyVariableINS_6ScalarEEC2ERKNS_9OptionSetE
FNDA:0,_ZN5neml212CopyVariableINS_5SFFR4EE9set_valueEbbb
FNDA:0,_ZN5neml212CopyVariableINS_10QuaternionEEC2ERKNS_9OptionSetE
FNDA:0,_ZN5neml212CopyVariableINS_5SFFR4EEC2ERKNS_9OptionSetE
FNF:54
FNH:21
DA:34,108
DA:36,108
DA:37,108
DA:39,108
DA:40,108
DA:42,108
DA:43,108
DA:45,108
DA:46,0
DA:49,4
DA:51,8
DA:52,4
DA:54,4
DA:58,171
DA:60,171
DA:61,171
DA:63,171
DA:64,171
DA:65,81
DA:71,171
LF:20
LH:19
end_of_record
TN:
SF:/home/runner/work/neml2/neml2/src/neml2/models/Data.cxx
FN:30,_ZN5neml24Data16expected_optionsEv
FN:37,_ZN5neml24DataC2ERKNS_9OptionSetE
FNDA:726,_ZN5neml24Data16expected_optionsEv
FNDA:565,_ZN5neml24DataC2ERKNS_9OptionSetE
FNF:2
FNH:2
DA:30,726
DA:32,726
DA:33,726
DA:34,726
DA:35,0
DA:37,565
DA:39,565
DA:41,565
LF:8
LH:7
end_of_record
TN:
SF:/home/runner/work/neml2/neml2/src/neml2/models/ForwardEulerTimeIntegration.cxx
FN:36,_ZN5neml227ForwardEulerTimeIntegrationINS_3SR2EE16expected_optionsEv
FN:36,_ZN5neml227ForwardEulerTimeIntegrationINS_6ScalarEE16expected_optionsEv
FN:36,_ZN5neml227ForwardEulerTimeIntegrationINS_3VecEE16expected_optionsEv
FN:58,_ZN5neml227ForwardEulerTimeIntegrationINS_6ScalarEEC2ERKNS_9OptionSetE
FN:58,_ZN5neml227ForwardEulerTimeIntegrationINS_3SR2EEC2ERKNS_9OptionSetE
FN:58,_ZN5neml227ForwardEulerTimeIntegrationINS_3VecEEC2ERKNS_9OptionSetE
FN:72,_ZNK5neml227ForwardEulerTimeIntegrationINS_3VecEE8diagnoseERSt6vectorINS_9DiagnosisESaIS4_EE
FN:72,_ZNK5neml227ForwardEulerTimeIntegrationINS_6ScalarEE8diagnoseERSt6vectorINS_9DiagnosisESaIS4_EE
FN:72,_ZNK5neml227ForwardEulerTimeIntegrationINS_3SR2EE8diagnoseERSt6vectorINS_9DiagnosisESaIS4_EE
FN:82,_ZN5neml227ForwardEulerTimeIntegrationINS_6ScalarEE9set_valueEbbb
FN:82,_ZN5neml227ForwardEulerTimeIntegrationINS_3SR2EE9set_valueEbbb
FN:82,_ZN5neml227ForwardEulerTimeIntegrationINS_3VecEE9set_valueEbbb
FNDA:6,_ZN5neml227ForwardEulerTimeIntegrationINS_3SR2EE16expected_optionsEv
FNDA:24,_ZN5neml227ForwardEulerTimeIntegrationINS_6ScalarEE9set_valueEbbb
FNDA:2,_ZN5neml227ForwardEulerTimeIntegrationINS_6ScalarEEC2ERKNS_9OptionSetE
FNDA:0,_ZNK5neml227ForwardEulerTimeIntegrationINS_3VecEE8diagnoseERSt6vectorINS_9DiagnosisESaIS4_EE
FNDA:27,_ZN5neml227ForwardEulerTimeIntegrationINS_3SR2EE9set_valueEbbb
FNDA:3,_ZN5neml227ForwardEulerTimeIntegrationINS_3SR2EEC2ERKNS_9OptionSetE
FNDA:6,_ZN5neml227ForwardEulerTimeIntegrationINS_6ScalarEE16expected_optionsEv
FNDA:0,_ZN5neml227ForwardEulerTimeIntegrationINS_3VecEEC2ERKNS_9OptionSetE
FNDA:0,_ZNK5neml227ForwardEulerTimeIntegrationINS_6ScalarEE8diagnoseERSt6vectorINS_9DiagnosisESaIS4_EE
FNDA:0,_ZN5neml227ForwardEulerTimeIntegrationINS_3VecEE9set_valueEbbb
FNDA:6,_ZN5neml227ForwardEulerTimeIntegrationINS_3VecEE16expected_optionsEv
FNDA:3,_ZNK5neml227ForwardEulerTimeIntegrationINS_3SR2EE8diagnoseERSt6vectorINS_9DiagnosisESaIS4_EE
FNF:12
FNH:8
DA:36,18
DA:38,18
DA:39,18
DA:45,18
DA:46,18
DA:48,18
DA:49,18
DA:51,18
DA:52,18
DA:54,18
DA:55,0
DA:58,5
DA:60,5
DA:61,5
DA:62,10
DA:63,5
DA:64,0
DA:65,5
DA:66,10
DA:68,5
DA:72,3
DA:74,3
DA:75,3
DA:76,3
DA:77,3
DA:78,3
DA:82,51
DA:84,51
DA:86,51
DA:87,49
DA:89,51
DA:91,4
DA:93,4
DA:95,4
DA:96,0
DA:98,4
DA:99,4
DA:100,4
DA:101,4
LF:39
LH:36
end_of_record
TN:
SF:/home/runner/work/neml2/neml2/src/neml2/models/ImplicitUpdate.cxx
FN:34,_ZN5neml214ImplicitUpdate16expected_optionsEv
FN:50,_ZN5neml214ImplicitUpdateC2ERKNS_9OptionSetE
FN:75,_ZNK5neml214ImplicitUpdate8diagnoseERSt6vectorINS_9DiagnosisESaIS2_EE
FN:101,_ZNK5neml214ImplicitUpdate19check_AD_limitationEv
FN:109,_ZN5neml214ImplicitUpdate18setup_output_viewsEv
FN:127,_ZN5neml214ImplicitUpdate9set_valueEbbb
FNDA:83,_ZNK5neml214ImplicitUpdate19check_AD_limitationEv
FNDA:5,_ZNK5neml214ImplicitUpdate8diagnoseERSt6vectorINS_9DiagnosisESaIS2_EE
FNDA:142,_ZN5neml214ImplicitUpdate9set_valueEbbb
FNDA:81,_ZN5neml214ImplicitUpdate18setup_output_viewsEv
FNDA:6,_ZN5neml214ImplicitUpdate16expected_optionsEv
FNDA:12,_ZN5neml214ImplicitUpdateC2ERKNS_9OptionSetE
FNF:6
FNH:6
DA:34,6
DA:36,6
DA:37,6
DA:38,6
DA:40,6
DA:41,12
DA:42,6
DA:44,6
DA:45,6
DA:47,6
DA:48,0
DA:50,12
DA:52,12
DA:55,24
DA:57,12
DA:59,12
DA:61,12
DA:68,43
DA:69,31
DA:70,62
DA:71,74
DA:72,12
DA:75,5
DA:77,5
DA:78,10
DA:79,5
DA:81,5
DA:82,5
DA:83,5
DA:85,5
DA:86,10
DA:87,5
DA:89,5
DA:90,15
DA:92,5
DA:95,5
DA:97,5
DA:98,5
DA:101,83
DA:103,83
DA:106,83
DA:109,81
DA:111,81
DA:113,81
DA:115,64
DA:116,192
DA:117,64
DA:118,192
DA:119,64
DA:120,192
DA:121,64
DA:122,0
DA:124,81
DA:127,142
DA:129,142
DA:132,142
DA:133,142
DA:134,142
DA:135,0
DA:139,142
DA:142,142
DA:146,142
DA:147,142
DA:148,142
DA:149,142
DA:150,142
DA:152,142
DA:153,140
DA:156,142
DA:159,8
DA:160,8
DA:161,8
DA:164,8
DA:165,8
DA:166,16
DA:167,8
DA:168,16
DA:169,8
DA:170,16
DA:171,8
DA:172,0
DA:173,8
DA:174,142
LF:83
LH:79
end_of_record
TN:
SF:/home/runner/work/neml2/neml2/src/neml2/models/InputParameter.cxx
FN:34,_ZN5neml214InputParameterINS_6ScalarEE16expected_optionsEv
FN:34,_ZN5neml214InputParameterINS_2R4EE16expected_optionsEv
FN:34,_ZN5neml214InputParameterINS_4SWR4EE16expected_optionsEv
FN:34,_ZN5neml214InputParameterINS_2R5EE16expected_optionsEv
FN:34,_ZN5neml214InputParameterINS_3RotEE16expected_optionsEv
FN:34,_ZN5neml214InputParameterINS_10QuaternionEE16expected_optionsEv
FN:34,_ZN5neml214InputParameterINS_4WWR4EE16expected_optionsEv
FN:34,_ZN5neml214InputParameterINS_4SSR4EE16expected_optionsEv
FN:34,_ZN5neml214InputParameterINS_5SSFR5EE16expected_optionsEv
FN:34,_ZN5neml214InputParameterINS_11MillerIndexEE16expected_optionsEv
FN:34,_ZN5neml214InputParameterINS_3WR2EE16expected_optionsEv
FN:34,_ZN5neml214InputParameterINS_4SFR3EE16expected_optionsEv
FN:34,_ZN5neml214InputParameterINS_3SR2EE16expected_optionsEv
FN:34,_ZN5neml214InputParameterINS_5SFFR4EE16expected_optionsEv
FN:34,_ZN5neml214InputParameterINS_4WSR4EE16expected_optionsEv
FN:34,_ZN5neml214InputParameterINS_3VecEE16expected_optionsEv
FN:34,_ZN5neml214InputParameterINS_2R2EE16expected_optionsEv
FN:34,_ZN5neml214InputParameterINS_2R3EE16expected_optionsEv
FN:45,_ZN5neml214InputParameterINS_5SFFR4EEC2ERKNS_9OptionSetE
FN:45,_ZN5neml214InputParameterINS_3VecEEC2ERKNS_9OptionSetE
FN:45,_ZN5neml214InputParameterINS_11MillerIndexEEC2ERKNS_9OptionSetE
FN:45,_ZN5neml214InputParameterINS_4SWR4EEC2ERKNS_9OptionSetE
FN:45,_ZN5neml214InputParameterINS_4WSR4EEC2ERKNS_9OptionSetE
FN:45,_ZN5neml214InputParameterINS_6ScalarEEC2ERKNS_9OptionSetE
FN:45,_ZN5neml214InputParameterINS_3RotEEC2ERKNS_9OptionSetE
FN:45,_ZN5neml214InputParameterINS_4SSR4EEC2ERKNS_9OptionSetE
FN:45,_ZN5neml214InputParameterINS_4SFR3EEC2ERKNS_9OptionSetE
FN:45,_ZN5neml214InputParameterINS_2R3EEC2ERKNS_9OptionSetE
FN:45,_ZN5neml214InputParameterINS_2R4EEC2ERKNS_9OptionSetE
FN:45,_ZN5neml214InputParameterINS_4WWR4EEC2ERKNS_9OptionSetE
FN:45,_ZN5neml214InputParameterINS_3WR2EEC2ERKNS_9OptionSetE
FN:45,_ZN5neml214InputParameterINS_2R5EEC2ERKNS_9OptionSetE
FN:45,_ZN5neml214InputParameterINS_10QuaternionEEC2ERKNS_9OptionSetE
FN:45,_ZN5neml214InputParameterINS_2R2EEC2ERKNS_9OptionSetE
FN:45,_ZN5neml214InputParameterINS_5SSFR5EEC2ERKNS_9OptionSetE
FN:45,_ZN5neml214InputParameterINS_3SR2EEC2ERKNS_9OptionSetE
FN:58,_ZN5neml214InputParameterINS_3WR2EE9set_valueEbbb
FN:58,_ZN5neml214InputParameterINS_4SWR4EE9set_valueEbbb
FN:58,_ZN5neml214InputParameterINS_4WWR4EE9set_valueEbbb
FN:58,_ZN5neml214InputParameterINS_2R2EE9set_valueEbbb
FN:58,_ZN5neml214InputParameterINS_2R5EE9set_valueEbbb
FN:58,_ZN5neml214InputParameterINS_3SR2EE9set_valueEbbb
FN:58,_ZN5neml214InputParameterINS_4SSR4EE9set_valueEbbb
FN:58,_ZN5neml214InputParameterINS_6ScalarEE9set_valueEbbb
FN:58,_ZN5neml214InputParameterINS_5SFFR4EE9set_valueEbbb
FN:58,_ZN5neml214InputParameterINS_3RotEE9set_valueEbbb
FN:58,_ZN5neml214InputParameterINS_3VecEE9set_valueEbbb
FN:58,_ZN5neml214InputParameterINS_11MillerIndexEE9set_valueEbbb
FN:58,_ZN5neml214InputParameterINS_2R4EE9set_valueEbbb
FN:58,_ZN5neml214InputParameterINS_2R3EE9set_valueEbbb
FN:58,_ZN5neml214InputParameterINS_5SSFR5EE9set_valueEbbb
FN:58,_ZN5neml214InputParameterINS_4SFR3EE9set_valueEbbb
FN:58,_ZN5neml214InputParameterINS_4WSR4EE9set_valueEbbb
FN:58,_ZN5neml214InputParameterINS_10QuaternionEE9set_valueEbbb
FNDA:1017,_ZN5neml214InputParameterINS_6ScalarEE9set_valueEbbb
FNDA:0,_ZN5neml214InputParameterINS_4SSR4EEC2ERKNS_9OptionSetE
FNDA:0,_ZN5neml214InputParameterINS_3RotEEC2ERKNS_9OptionSetE
FNDA:70,_ZN5neml214InputParameterINS_6ScalarEEC2ERKNS_9OptionSetE
FNDA:0,_ZN5neml214InputParameterINS_3RotEE9set_valueEbbb
FNDA:6,_ZN5neml214InputParameterINS_4WWR4EE16expected_optionsEv
FNDA:6,_ZN5neml214InputParameterINS_10QuaternionEE16expected_optionsEv
FNDA:0,_ZN5neml214InputParameterINS_5SFFR4EE9set_valueEbbb
FNDA:6,_ZN5neml214InputParameterINS_4SSR4EE16expected_optionsEv
FNDA:0,_ZN5neml214InputParameterINS_4SFR3EEC2ERKNS_9OptionSetE
FNDA:0,_ZN5neml214InputParameterINS_3VecEE9set_valueEbbb
FNDA:0,_ZN5neml214InputParameterINS_11MillerIndexEE9set_valueEbbb
FNDA:0,_ZN5neml214InputParameterINS_3WR2EE9set_valueEbbb
FNDA:0,_ZN5neml214InputParameterINS_5SFFR4EEC2ERKNS_9OptionSetE
FNDA:6,_ZN5neml214InputParameterINS_6ScalarEE16expected_optionsEv
FNDA:0,_ZN5neml214InputParameterINS_2R2EE9set_valueEbbb
FNDA:0,_ZN5neml214InputParameterINS_4WWR4EE9set_valueEbbb
FNDA:0,_ZN5neml214InputParameterINS_4SWR4EEC2ERKNS_9OptionSetE
FNDA:0,_ZN5neml214InputParameterINS_11MillerIndexEEC2ERKNS_9OptionSetE
FNDA:0,_ZN5neml214InputParameterINS_4SWR4EE9set_valueEbbb
FNDA:0,_ZN5neml214InputParameterINS_3VecEEC2ERKNS_9OptionSetE
FNDA:6,_ZN5neml214InputParameterINS_2R5EE16expected_optionsEv
FNDA:0,_ZN5neml214InputParameterINS_3SR2EE9set_valueEbbb
FNDA:6,_ZN5neml214InputParameterINS_4SWR4EE16expected_optionsEv
FNDA:0,_ZN5neml214InputParameterINS_2R5EE9set_valueEbbb
FNDA:6,_ZN5neml214InputParameterINS_2R4EE16expected_optionsEv
FNDA:0,_ZN5neml214InputParameterINS_4WSR4EEC2ERKNS_9OptionSetE
FNDA:0,_ZN5neml214InputParameterINS_4SSR4EE9set_valueEbbb
FNDA:6,_ZN5neml214InputParameterINS_3RotEE16expected_optionsEv
FNDA:0,_ZN5neml214InputParameterINS_2R5EEC2ERKNS_9OptionSetE
FNDA:0,_ZN5neml214InputParameterINS_3WR2EEC2ERKNS_9OptionSetE
FNDA:6,_ZN5neml214InputParameterINS_3WR2EE16expected_optionsEv
FNDA:0,_ZN5neml214InputParameterINS_10QuaternionEE9set_valueEbbb
FNDA:0,_ZN5neml214InputParameterINS_4WSR4EE9set_valueEbbb
FNDA:6,_ZN5neml214InputParameterINS_5SFFR4EE16expected_optionsEv
FNDA:6,_ZN5neml214InputParameterINS_3SR2EE16expected_optionsEv
FNDA:6,_ZN5neml214InputParameterINS_4SFR3EE16expected_optionsEv
FNDA:0,_ZN5neml214InputParameterINS_2R2EEC2ERKNS_9OptionSetE
FNDA:0,_ZN5neml214InputParameterINS_10QuaternionEEC2ERKNS_9OptionSetE
FNDA:6,_ZN5neml214InputParameterINS_2R3EE16expected_optionsEv
FNDA:6,_ZN5neml214InputParameterINS_2R2EE16expected_optionsEv
FNDA:6,_ZN5neml214InputParameterINS_3VecEE16expected_optionsEv
FNDA:6,_ZN5neml214InputParameterINS_4WSR4EE16expected_optionsEv
FNDA:0,_ZN5neml214InputParameterINS_3SR2EEC2ERKNS_9OptionSetE
FNDA:0,_ZN5neml214InputParameterINS_5SSFR5EEC2ERKNS_9OptionSetE
FNDA:0,_ZN5neml214InputParameterINS_2R4EEC2ERKNS_9OptionSetE
FNDA:0,_ZN5neml214InputParameterINS_2R3EE9set_valueEbbb
FNDA:0,_ZN5neml214InputParameterINS_2R4EE9set_valueEbbb
FNDA:0,_ZN5neml214InputParameterINS_2R3EEC2ERKNS_9OptionSetE
FNDA:6,_ZN5neml214InputParameterINS_5SSFR5EE16expected_optionsEv
FNDA:0,_ZN5neml214InputParameterINS_5SSFR5EE9set_valueEbbb
FNDA:0,_ZN5neml214InputParameterINS_4WWR4EEC2ERKNS_9OptionSetE
FNDA:6,_ZN5neml214InputParameterINS_11MillerIndexEE16expected_optionsEv
FNDA:0,_ZN5neml214InputParameterINS_4SFR3EE9set_valueEbbb
FNF:54
FNH:20
DA:34,108
DA:36,108
DA:37,108
DA:39,108
DA:40,108
DA:41,108
DA:42,0
DA:45,70
DA:47,70
DA:49,70
DA:52,70
DA:54,70
DA:58,1017
DA:60,1017
DA:61,1017
DA:63,1017
DA:64,358
DA:65,358
DA:69,1017
LF:19
LH:18
end_of_record
TN:
SF:/home/runner/work/neml2/neml2/src/neml2/models/LinearCombination.cxx
FN:37,_ZN5neml217LinearCombinationINS_3VecEE16expected_optionsEv
FN:37,_ZN5neml217LinearCombinationINS_6ScalarEE16expected_optionsEv
FN:37,_ZN5neml217LinearCombinationINS_3SR2EE16expected_optionsEv
FN:66,_ZN5neml217LinearCombinationINS_6ScalarEEC2ERKNS_9OptionSetE
FN:66,_ZN5neml217LinearCombinationINS_3SR2EEC2ERKNS_9OptionSetE
FN:66,_ZN5neml217LinearCombinationINS_3VecEEC2ERKNS_9OptionSetE
FN:79,_ZNK5neml217LinearCombinationINS_3SR2EE9make_coefERKNS_9OptionSetE
FN:79,_ZNK5neml217LinearCombinationINS_6ScalarEE9make_coefERKNS_9OptionSetE
FN:79,_ZNK5neml217LinearCombinationINS_3VecEE9make_coefERKNS_9OptionSetE
FN:88,_ZN5neml217LinearCombinationINS_3VecEE9set_valueEbbb
FN:88,_ZN5neml217LinearCombinationINS_6ScalarEE9set_valueEbbb
FN:88,_ZN5neml217LinearCombinationINS_3SR2EE9set_valueEbbb
FNDA:6,_ZN5neml217LinearCombinationINS_3VecEE16expected_optionsEv
FNDA:14,_ZN5neml217LinearCombinationINS_6ScalarEEC2ERKNS_9OptionSetE
FNDA:0,_ZN5neml217LinearCombinationINS_3VecEE9set_valueEbbb
FNDA:14,_ZNK5neml217LinearCombinationINS_3SR2EE9make_coefERKNS_9OptionSetE
FNDA:8,_ZN5neml217LinearCombinationINS_6ScalarEE16expected_optionsEv
FNDA:14,_ZN5neml217LinearCombinationINS_3SR2EEC2ERKNS_9OptionSetE
FNDA:0,_ZN5neml217LinearCombinationINS_3VecEEC2ERKNS_9OptionSetE
FNDA:1065,_ZN5neml217LinearCombinationINS_3SR2EE9set_valueEbbb
FNDA:14,_ZNK5neml217LinearCombinationINS_6ScalarEE9make_coefERKNS_9OptionSetE
FNDA:6,_ZN5neml217LinearCombinationINS_3SR2EE16expected_optionsEv
FNDA:0,_ZNK5neml217LinearCombinationINS_3VecEE9make_coefERKNS_9OptionSetE
FNDA:158,_ZN5neml217LinearCombinationINS_6ScalarEE9set_valueEbbb
FNF:12
FNH:9
DA:37,20
DA:41,20
DA:43,20
DA:44,20
DA:48,20
DA:49,20
DA:51,20
DA:52,20
DA:54,40
DA:55,20
DA:57,20
DA:58,20
DA:62,40
DA:63,20
DA:66,28
DA:68,56
DA:69,28
DA:70,56
DA:71,56
DA:73,89
DA:74,61
DA:75,28
DA:79,28
DA:81,56
DA:82,28
DA:83,56
DA:84,28
DA:88,1223
DA:90,1223
DA:92,1223
DA:94,1219
DA:95,3710
DA:96,2491
DA:98,1219
DA:99,1219
DA:101,1223
DA:103,1238
DA:104,1861
DA:105,1242
DA:106,3516
DA:107,619
DA:113,1223
LF:42
LH:42
end_of_record
TN:
SF:/home/runner/work/neml2/neml2/src/neml2/models/LinearInterpolation.cxx
FN:36,_ZN5neml219LinearInterpolationINS_6ScalarEE16expected_optionsEv
FN:36,_ZN5neml219LinearInterpolationINS_3SR2EE16expected_optionsEv
FN:36,_ZN5neml219LinearInterpolationINS_3VecEE16expected_optionsEv
FN:44,_ZN5neml219LinearInterpolationINS_3VecEEC2ERKNS_9OptionSetE
FN:44,_ZN5neml219LinearInterpolationINS_6ScalarEEC2ERKNS_9OptionSetE
FN:44,_ZN5neml219LinearInterpolationINS_3SR2EEC2ERKNS_9OptionSetE
FN:63,_ZN5neml219LinearInterpolationINS_3SR2EE9set_valueEbbb
FN:63,_ZN5neml219LinearInterpolationINS_6ScalarEE9set_valueEbbb
FN:63,_ZN5neml219LinearInterpolationINS_3VecEE9set_valueEbbb
FNDA:6,_ZN5neml219LinearInterpolationINS_6ScalarEE16expected_optionsEv
FNDA:0,_ZN5neml219LinearInterpolationINS_3VecEEC2ERKNS_9OptionSetE
FNDA:10,_ZN5neml219LinearInterpolationINS_6ScalarEEC2ERKNS_9OptionSetE
FNDA:96,_ZN5neml219LinearInterpolationINS_3SR2EE9set_valueEbbb
FNDA:8,_ZN5neml219LinearInterpolationINS_3SR2EEC2ERKNS_9OptionSetE
FNDA:0,_ZN5neml219LinearInterpolationINS_3VecEE9set_valueEbbb
FNDA:140,_ZN5neml219LinearInterpolationINS_6ScalarEE9set_valueEbbb
FNDA:6,_ZN5neml219LinearInterpolationINS_3SR2EE16expected_optionsEv
FNDA:6,_ZN5neml219LinearInterpolationINS_3VecEE16expected_optionsEv
FNF:9
FNH:7
DA:36,18
DA:38,18
DA:39,18
DA:40,18
DA:41,0
DA:44,18
DA:46,18
DA:47,18
DA:48,18
DA:49,72
DA:50,90
DA:51,72
DA:52,90
DA:53,72
DA:54,90
DA:55,18
DA:56,18
DA:57,36
DA:59,18
DA:63,236
DA:65,236
DA:66,472
DA:67,236
DA:68,236
DA:70,236
DA:72,188
DA:73,188
DA:74,188
DA:75,188
DA:77,236
DA:78,122
DA:79,122
DA:85,236
LF:33
LH:32
end_of_record
TN:
SF:/home/runner/work/neml2/neml2/src/neml2/models/Model.cxx
FN:31,_ZN5neml25Model16expected_optionsEv
FN:54,_ZN5neml25ModelC2ERKNS_9OptionSetE
FN:75,_ZNK5neml25Model8diagnoseERSt6vectorINS_9DiagnosisESaIS2_EE
FN:101,_ZNK5neml25Model15diagnose_nl_sysERSt6vectorINS_9DiagnosisESaIS2_EE
FN:126,_ZN5neml25Model5setupEv
FN:133,_ZNK5neml25Model19get_system_matricesEv
FN:140,_ZN5neml25Model6reinitERKNS_6TensorEi
FN:146,_ZN5neml25Model6reinitEN3c108ArrayRefIlEEiRKNS1_6DeviceERKNS1_10ScalarTypeE
FN:165,_ZN5neml25Model6reinitEbb
FN:177,_ZN5neml25Model7prepareEv
FN:186,_ZN5neml25Model18allocate_variablesEbb
FN:212,_ZN5neml25Model17setup_input_viewsEPNS_13VariableStoreE
FN:219,_ZN5neml25Model26setup_submodel_input_viewsEPNS_13VariableStoreE
FN:230,_ZN5neml25Model18setup_output_viewsEv
FN:251,_ZN5neml25Model27setup_submodel_output_viewsEv
FN:258,_ZN5neml25Model22setup_nonlinear_systemEv
FN:272,_ZN5neml25Model4zeroEv
FN:281,_ZN5neml25Model12set_solutionERKNS_6TensorE
FN:291,_ZN5neml25Model5cacheEN3c108ArrayRefIlEEiRKNS1_6DeviceERKNS1_10ScalarTypeE
FN:314,_ZNK5neml25Model19check_AD_limitationEv
FN:323,_ZN5neml25Model20input_requires_grad_Eb
FN:330,_ZN5neml25Model18use_AD_derivativesEbb
FN:338,_ZNK5neml25Model11check_inputERKNS_13LabeledVectorE
FN:357,_ZN5neml25Model9set_inputERKNS_13LabeledVectorE
FN:368,_ZN5neml25Model10get_outputEv
FN:374,_ZN5neml25Model18get_doutput_dinputEv
FN:380,_ZN5neml25Model20get_d2output_dinput2Ev
FN:386,_ZN5neml25Model5valueERKNS_13LabeledVectorE
FN:397,_ZN5neml25Model16value_and_dvalueERKNS_13LabeledVectorE
FN:408,_ZN5neml25Model6dvalueERKNS_13LabeledVectorE
FN:419,_ZN5neml25Model28value_and_dvalue_and_d2valueERKNS_13LabeledVectorE
FN:430,_ZN5neml25Model18dvalue_and_d2valueERKNS_13LabeledVectorE
FN:441,_ZN5neml25Model7d2valueERKNS_13LabeledVectorE
FN:452,_ZN5neml25Model5valueEv
FN:462,_ZN5neml25Model16value_and_dvalueEv
FN:484,_ZN5neml25Model6dvalueEv
FN:506,_ZN5neml25Model28value_and_dvalue_and_d2valueEv
FN:538,_ZN5neml25Model18dvalue_and_d2valueEv
FN:570,_ZN5neml25Model7d2valueEv
FN:601,_ZN5neml25Model17check_inplace_dbgEv
FN:615,_ZNK5neml25Model16registered_modelERKSs
FN:626,_ZNK5neml25Model14consumed_itemsEv
FN:632,_ZNK5neml25Model14provided_itemsEv
FN:638,_ZN5neml25Model8assembleEbb
FN:651,_ZN5neml25Model19extract_derivativesEbbb
FN:679,_ZN5neml25Model26extract_second_derivativesEbbb
FNDA:2185,_ZN5neml25Model5valueERKNS_13LabeledVectorE
FNDA:65,_ZN5neml25Model28value_and_dvalue_and_d2valueERKNS_13LabeledVectorE
FNDA:1014,_ZN5neml25Model5cacheEN3c108ArrayRefIlEEiRKNS1_6DeviceERKNS1_10ScalarTypeE
FNDA:14765,_ZN5neml25Model5valueEv
FNDA:242,_ZN5neml25Model6dvalueERKNS_13LabeledVectorE
FNDA:399,_ZN5neml25Model6reinitEN3c108ArrayRefIlEEiRKNS1_6DeviceERKNS1_10ScalarTypeE
FNDA:3,_ZN5neml25Model26extract_second_derivativesEbbb
FNDA:72,_ZNK5neml25Model15diagnose_nl_sysERSt6vectorINS_9DiagnosisESaIS2_EE
FNDA:125,_ZN5neml25Model20input_requires_grad_Eb
FNDA:3168,_ZN5neml25Model9set_inputERKNS_13LabeledVectorE
FNDA:5438,_ZN5neml25Model7prepareEv
FNDA:1475,_ZN5neml25Model6dvalueEv
FNDA:305,_ZNK5neml25Model14consumed_itemsEv
FNDA:195,_ZN5neml25Model20get_d2output_dinput2Ev
FNDA:125,_ZN5neml25Model19extract_derivativesEbbb
FNDA:65,_ZN5neml25Model18dvalue_and_d2valueERKNS_13LabeledVectorE
FNDA:3276,_ZN5neml25Model6reinitEbb
FNDA:2262,_ZN5neml25Model8assembleEbb
FNDA:1106,_ZN5neml25Model12set_solutionERKNS_6TensorE
FNDA:184,_ZN5neml25Model6reinitERKNS_6TensorEi
FNDA:305,_ZNK5neml25Model14provided_itemsEv
FNDA:3276,_ZN5neml25Model17setup_input_viewsEPNS_13VariableStoreE
FNDA:2796,_ZN5neml25Model10get_outputEv
FNDA:525,_ZN5neml25ModelC2ERKNS_9OptionSetE
FNDA:65,_ZN5neml25Model7d2valueERKNS_13LabeledVectorE
FNDA:548,_ZN5neml25Model16value_and_dvalueERKNS_13LabeledVectorE
FNDA:97,_ZNK5neml25Model8diagnoseERSt6vectorINS_9DiagnosisESaIS2_EE
FNDA:25669,_ZN5neml25Model17check_inplace_dbgEv
FNDA:18117,_ZN5neml25Model4zeroEv
FNDA:65,_ZN5neml25Model7d2valueEv
FNDA:307,_ZN5neml25Model18use_AD_derivativesEbb
FNDA:8114,_ZNK5neml25Model19check_AD_limitationEv
FNDA:525,_ZN5neml25Model5setupEv
FNDA:9717,_ZN5neml25Model22setup_nonlinear_systemEv
FNDA:714,_ZN5neml25Model16expected_optionsEv
FNDA:9717,_ZN5neml25Model18allocate_variablesEbb
FNDA:220,_ZN5neml25Model18dvalue_and_d2valueEv
FNDA:3170,_ZNK5neml25Model11check_inputERKNS_13LabeledVectorE
FNDA:9717,_ZN5neml25Model18setup_output_viewsEv
FNDA:8,_ZNK5neml25Model19get_system_matricesEv
FNDA:0,_ZNK5neml25Model16registered_modelERKSs
FNDA:920,_ZN5neml25Model18get_doutput_dinputEv
FNDA:7970,_ZN5neml25Model26setup_submodel_input_viewsEPNS_13VariableStoreE
FNDA:8480,_ZN5neml25Model16value_and_dvalueEv
FNDA:9717,_ZN5neml25Model27setup_submodel_output_viewsEv
FNDA:664,_ZN5neml25Model28value_and_dvalue_and_d2valueEv
FNF:46
FNH:45
DA:31,714
DA:33,714
DA:34,714
DA:35,714
DA:37,714
DA:39,714
DA:40,714
DA:41,714
DA:42,714
DA:43,714
DA:45,714
DA:46,714
DA:47,714
DA:48,714
DA:49,714
DA:51,714
DA:52,0
DA:54,525
DA:60,525
DA:61,525
DA:62,525
DA:63,525
DA:64,525
DA:65,525
DA:66,525
DA:69,1050
DA:72,525
DA:75,97
DA:77,183
DA:78,86
DA:81,397
DA:82,300
DA:83,215
DA:84,118
DA:86,97
DA:87,5
DA:90,97
DA:91,11
DA:92,24
DA:93,30
DA:94,15
DA:97,24
DA:98,97
DA:101,72
DA:103,139
DA:104,67
DA:107,72
DA:108,253
DA:109,181
DA:110,181
DA:113,72
DA:114,145
DA:115,76
DA:117,76
DA:122,76
DA:123,72
DA:126,525
DA:129,525
DA:130,525
DA:133,8
DA:135,8
DA:136,8
DA:140,184
DA:142,184
DA:143,184
DA:146,399
DA:151,399
DA:154,399
DA:157,399
DA:158,399
DA:161,399
DA:162,399
DA:165,3276
DA:168,3276
DA:171,3276
DA:172,3276
DA:173,3276
DA:174,3276
DA:177,5438
DA:179,5438
DA:180,2561
DA:182,2877
DA:183,5438
DA:186,9717
DA:189,9717
DA:192,9717
DA:194,9717
DA:198,9717
DA:199,9717
DA:201,9717
DA:203,21
DA:204,21
DA:207,16158
DA:208,6441
DA:209,9717
DA:212,3276
DA:214,3276
DA:215,3276
DA:216,3276
DA:219,7970
DA:221,8081
DA:223,912
DA:224,801
DA:225,111
DA:227,7970
DA:230,9717
DA:232,9717
DA:233,9717
DA:235,9717
DA:237,1045
DA:238,3135
DA:239,1045
DA:240,3132
DA:241,1045
DA:242,3132
DA:243,1045
DA:244,3132
DA:245,1045
DA:246,0
DA:248,9717
DA:251,9717
DA:253,16158
DA:254,6441
DA:255,9717
DA:258,9717
DA:260,9717
DA:262,2090
DA:263,1045
DA:264,3135
DA:267,16158
DA:268,6441
DA:269,9717
DA:272,18117
DA:274,18117
DA:276,33673
DA:277,15556
DA:278,18117
DA:281,1106
DA:283,1106
DA:286,1106
DA:287,1106
DA:288,1106
DA:291,1014
DA:296,1014
DA:297,1014
DA:299,1014
DA:302,1014
DA:303,21
DA:305,1014
DA:307,1014
DA:309,1629
DA:310,615
DA:311,1014
DA:314,8114
DA:316,8114
DA:317,0
DA:318,8114
DA:319,703
DA:320,8114
DA:323,125
DA:325,382
DA:326,257
DA:327,125
DA:330,307
DA:332,307
DA:333,307
DA:334,307
DA:335,307
DA:338,3170
DA:340,3170
DA:342,3171
DA:344,3171
DA:347,3169
DA:349,3170
DA:351,3169
DA:354,3168
DA:357,3168
DA:359,3168
DA:364,3168
DA:365,3168
DA:368,2796
DA:370,2796
DA:374,920
DA:376,920
DA:380,195
DA:382,195
DA:386,2185
DA:388,2185
DA:389,2183
DA:390,2183
DA:392,2183
DA:393,2183
DA:397,548
DA:399,548
DA:400,548
DA:401,548
DA:403,548
DA:404,548
DA:408,242
DA:410,242
DA:411,242
DA:412,242
DA:414,242
DA:415,242
DA:419,65
DA:421,65
DA:422,65
DA:423,65
DA:425,65
DA:426,65
DA:430,65
DA:432,65
DA:433,65
DA:434,65
DA:436,65
DA:437,65
DA:441,65
DA:443,65
DA:444,65
DA:445,65
DA:447,65
DA:448,65
DA:452,14765
DA:454,14765
DA:456,14765
DA:457,14765
DA:458,14765
DA:459,14765
DA:462,8480
DA:464,8480
DA:465,8480
DA:468,8480
DA:470,8480
DA:472,8416
DA:473,8416
DA:474,8416
DA:477,64
DA:478,64
DA:479,64
DA:481,8480
DA:484,1475
DA:486,1475
DA:487,1475
DA:490,1475
DA:492,1475
DA:494,1417
DA:495,1417
DA:496,1417
DA:499,58
DA:500,58
DA:501,58
DA:503,1475
DA:506,664
DA:508,664
DA:509,664
DA:513,664
DA:515,664
DA:517,663
DA:518,663
DA:519,663
DA:522,1
DA:524,1
DA:525,0
DA:528,1
DA:529,1
DA:532,1
DA:535,664
DA:538,220
DA:540,220
DA:541,220
DA:545,220
DA:547,220
DA:549,219
DA:550,219
DA:551,219
DA:554,1
DA:556,1
DA:557,0
DA:560,1
DA:561,1
DA:564,1
DA:567,220
DA:570,65
DA:572,65
DA:573,65
DA:576,65
DA:578,65
DA:580,64
DA:581,64
DA:582,64
DA:585,1
DA:587,1
DA:588,0
DA:591,1
DA:592,1
DA:595,1
DA:598,65
DA:601,25669
DA:604,25669
DA:606,25669
DA:610,25669
DA:612,25669
DA:615,0
DA:617,0
DA:618,0
DA:619,0
DA:621,0
DA:622,0
DA:626,305
DA:628,305
DA:632,305
DA:634,305
DA:638,2262
DA:640,2262
DA:642,2262
DA:643,1248
DA:644,1014
DA:645,0
DA:646,1014
DA:647,1014
DA:648,2262
DA:651,125
DA:654,125
DA:655,510
DA:657,391
DA:658,1173
DA:659,1146
DA:661,6795
DA:662,1510
DA:666,755
DA:668,755
DA:670,3575
DA:671,715
DA:672,1430
DA:674,755
DA:675,391
DA:676,125
DA:679,3
DA:682,3
DA:683,6
DA:684,18
DA:686,15
DA:687,60
DA:688,90
DA:690,675
DA:691,150
DA:695,75
DA:696,75
DA:697,270
DA:698,45
DA:699,90
DA:700,75
DA:701,15
DA:702,3
LF:354
LH:341
end_of_record
TN:
SF:/home/runner/work/neml2/neml2/src/neml2/models/NonlinearParameter.cxx
FN:31,_ZN5neml218NonlinearParameterINS_3RotEE16expected_optionsEv
FN:31,_ZN5neml218NonlinearParameterINS_3VecEE16expected_optionsEv
FN:31,_ZN5neml218NonlinearParameterINS_5SSFR5EE16expected_optionsEv
FN:31,_ZN5neml218NonlinearParameterINS_4WSR4EE16expected_optionsEv
FN:31,_ZN5neml218NonlinearParameterINS_4SFR3EE16expected_optionsEv
FN:31,_ZN5neml218NonlinearParameterINS_2R2EE16expected_optionsEv
FN:31,_ZN5neml218NonlinearParameterINS_4WWR4EE16expected_optionsEv
FN:31,_ZN5neml218NonlinearParameterINS_5SFFR4EE16expected_optionsEv
FN:31,_ZN5neml218NonlinearParameterINS_6ScalarEE16expected_optionsEv
FN:31,_ZN5neml218NonlinearParameterINS_2R4EE16expected_optionsEv
FN:31,_ZN5neml218NonlinearParameterINS_3WR2EE16expected_optionsEv
FN:31,_ZN5neml218NonlinearParameterINS_11MillerIndexEE16expected_optionsEv
FN:31,_ZN5neml218NonlinearParameterINS_4SSR4EE16expected_optionsEv
FN:31,_ZN5neml218NonlinearParameterINS_4SWR4EE16expected_optionsEv
FN:31,_ZN5neml218NonlinearParameterINS_2R5EE16expected_optionsEv
FN:31,_ZN5neml218NonlinearParameterINS_10QuaternionEE16expected_optionsEv
FN:31,_ZN5neml218NonlinearParameterINS_3SR2EE16expected_optionsEv
FN:31,_ZN5neml218NonlinearParameterINS_2R3EE16expected_optionsEv
FN:38,_ZN5neml218NonlinearParameterINS_2R2EEC2ERKNS_9OptionSetE
FN:38,_ZN5neml218NonlinearParameterINS_4SWR4EEC2ERKNS_9OptionSetE
FN:38,_ZN5neml218NonlinearParameterINS_2R3EEC2ERKNS_9OptionSetE
FN:38,_ZN5neml218NonlinearParameterINS_6ScalarEEC2ERKNS_9OptionSetE
FN:38,_ZN5neml218NonlinearParameterINS_4SSR4EEC2ERKNS_9OptionSetE
FN:38,_ZN5neml218NonlinearParameterINS_4WSR4EEC2ERKNS_9OptionSetE
FN:38,_ZN5neml218NonlinearParameterINS_5SFFR4EEC2ERKNS_9OptionSetE
FN:38,_ZN5neml218NonlinearParameterINS_3RotEEC2ERKNS_9OptionSetE
FN:38,_ZN5neml218NonlinearParameterINS_11MillerIndexEEC2ERKNS_9OptionSetE
FN:38,_ZN5neml218NonlinearParameterINS_3SR2EEC2ERKNS_9OptionSetE
FN:38,_ZN5neml218NonlinearParameterINS_3VecEEC2ERKNS_9OptionSetE
FN:38,_ZN5neml218NonlinearParameterINS_5SSFR5EEC2ERKNS_9OptionSetE
FN:38,_ZN5neml218NonlinearParameterINS_2R5EEC2ERKNS_9OptionSetE
FN:38,_ZN5neml218NonlinearParameterINS_2R4EEC2ERKNS_9OptionSetE
FN:38,_ZN5neml218NonlinearParameterINS_4SFR3EEC2ERKNS_9OptionSetE
FN:38,_ZN5neml218NonlinearParameterINS_3WR2EEC2ERKNS_9OptionSetE
FN:38,_ZN5neml218NonlinearParameterINS_4WWR4EEC2ERKNS_9OptionSetE
FN:38,_ZN5neml218NonlinearParameterINS_10QuaternionEEC2ERKNS_9OptionSetE
FNDA:12,_ZN5neml218NonlinearParameterINS_4SSR4EE16expected_optionsEv
FNDA:0,_ZN5neml218NonlinearParameterINS_5SSFR5EEC2ERKNS_9OptionSetE
FNDA:0,_ZN5neml218NonlinearParameterINS_2R5EEC2ERKNS_9OptionSetE
FNDA:12,_ZN5neml218NonlinearParameterINS_4SWR4EE16expected_optionsEv
FNDA:0,_ZN5neml218NonlinearParameterINS_2R4EEC2ERKNS_9OptionSetE
FNDA:0,_ZN5neml218NonlinearParameterINS_4SFR3EEC2ERKNS_9OptionSetE
FNDA:12,_ZN5neml218NonlinearParameterINS_2R5EE16expected_optionsEv
FNDA:0,_ZN5neml218NonlinearParameterINS_4WWR4EEC2ERKNS_9OptionSetE
FNDA:0,_ZN5neml218NonlinearParameterINS_3WR2EEC2ERKNS_9OptionSetE
FNDA:12,_ZN5neml218NonlinearParameterINS_10QuaternionEE16expected_optionsEv
FNDA:0,_ZN5neml218NonlinearParameterINS_10QuaternionEEC2ERKNS_9OptionSetE
FNDA:12,_ZN5neml218NonlinearParameterINS_2R3EE16expected_optionsEv
FNDA:18,_ZN5neml218NonlinearParameterINS_3SR2EE16expected_optionsEv
FNDA:0,_ZN5neml218NonlinearParameterINS_11MillerIndexEEC2ERKNS_9OptionSetE
FNDA:12,_ZN5neml218NonlinearParameterINS_2R4EE16expected_optionsEv
FNDA:12,_ZN5neml218NonlinearParameterINS_3WR2EE16expected_optionsEv
FNDA:10,_ZN5neml218NonlinearParameterINS_3SR2EEC2ERKNS_9OptionSetE
FNDA:0,_ZN5neml218NonlinearParameterINS_3VecEEC2ERKNS_9OptionSetE
[...]
FN:33,_ZN5neml214LogspaceTensor16expected_optionsEv
FN:60,_ZN5neml214LogspaceTensorC2ERKNS_9OptionSetE
FNDA:6,_ZN5neml214LogspaceTensor16expected_optionsEv
FNDA:1,_ZN5neml214LogspaceTensorC2ERKNS_9OptionSetE
FNF:2
FNH:2
DA:33,6
DA:35,6
DA:36,6
DA:37,6
DA:39,6
DA:40,6
DA:42,6
DA:43,6
DA:45,6
DA:46,6
DA:48,6
DA:49,6
DA:51,6
DA:52,6
DA:54,6
DA:55,6
DA:57,6
DA:58,0
DA:60,1
DA:61,2
DA:62,2
DA:63,2
DA:64,2
DA:65,2
DA:66,2
DA:67,8
DA:69,1
LF:27
LH:26
end_of_record
TN:
SF:/home/runner/work/neml2/neml2/src/neml2/tensors/user_tensors/OnesPrimitiveTensor.cxx
FN:34,_ZN5neml219OnesPrimitiveTensorINS_4SSR4EE16expected_optionsEv
FN:34,_ZN5neml219OnesPrimitiveTensorINS_2R5EE16expected_optionsEv
FN:34,_ZN5neml219OnesPrimitiveTensorINS_3WR2EE16expected_optionsEv
FN:34,_ZN5neml219OnesPrimitiveTensorINS_4WWR4EE16expected_optionsEv
FN:34,_ZN5neml219OnesPrimitiveTensorINS_4SWR4EE16expected_optionsEv
FN:34,_ZN5neml219OnesPrimitiveTensorINS_5SSFR5EE16expected_optionsEv
FN:34,_ZN5neml219OnesPrimitiveTensorINS_2R2EE16expected_optionsEv
FN:34,_ZN5neml219OnesPrimitiveTensorINS_3SR2EE16expected_optionsEv
FN:34,_ZN5neml219OnesPrimitiveTensorINS_4WSR4EE16expected_optionsEv
FN:34,_ZN5neml219OnesPrimitiveTensorINS_6ScalarEE16expected_optionsEv
FN:34,_ZN5neml219OnesPrimitiveTensorINS_3RotEE16expected_optionsEv
FN:34,_ZN5neml219OnesPrimitiveTensorINS_2R4EE16expected_optionsEv
FN:34,_ZN5neml219OnesPrimitiveTensorINS_3VecEE16expected_optionsEv
FN:34,_ZN5neml219OnesPrimitiveTensorINS_2R3EE16expected_optionsEv
FN:34,_ZN5neml219OnesPrimitiveTensorINS_10QuaternionEE16expected_optionsEv
FN:34,_ZN5neml219OnesPrimitiveTensorINS_5SFFR4EE16expected_optionsEv
FN:34,_ZN5neml219OnesPrimitiveTensorINS_4SFR3EE16expected_optionsEv
FN:34,_ZN5neml219OnesPrimitiveTensorINS_11MillerIndexEE16expected_optionsEv
FN:50,_ZN5neml219OnesPrimitiveTensorINS_5SFFR4EEC2ERKNS_9OptionSetE
FN:50,_ZN5neml219OnesPrimitiveTensorINS_3WR2EEC2ERKNS_9OptionSetE
FN:50,_ZN5neml219OnesPrimitiveTensorINS_4SSR4EEC2ERKNS_9OptionSetE
FN:50,_ZN5neml219OnesPrimitiveTensorINS_4SFR3EEC2ERKNS_9OptionSetE
FN:50,_ZN5neml219OnesPrimitiveTensorINS_2R5EEC2ERKNS_9OptionSetE
FN:50,_ZN5neml219OnesPrimitiveTensorINS_2R4EEC2ERKNS_9OptionSetE
FN:50,_ZN5neml219OnesPrimitiveTensorINS_2R2EEC2ERKNS_9OptionSetE
FN:50,_ZN5neml219OnesPrimitiveTensorINS_4WWR4EEC2ERKNS_9OptionSetE
FN:50,_ZN5neml219OnesPrimitiveTensorINS_2R3EEC2ERKNS_9OptionSetE
FN:50,_ZN5neml219OnesPrimitiveTensorINS_3SR2EEC2ERKNS_9OptionSetE
FN:50,_ZN5neml219OnesPrimitiveTensorINS_4SWR4EEC2ERKNS_9OptionSetE
FN:50,_ZN5neml219OnesPrimitiveTensorINS_6ScalarEEC2ERKNS_9OptionSetE
FN:50,_ZN5neml219OnesPrimitiveTensorINS_11MillerIndexEEC2ERKNS_9OptionSetE
FN:50,_ZN5neml219OnesPrimitiveTensorINS_3RotEEC2ERKNS_9OptionSetE
FN:50,_ZN5neml219OnesPrimitiveTensorINS_4WSR4EEC2ERKNS_9OptionSetE
FN:50,_ZN5neml219OnesPrimitiveTensorINS_3VecEEC2ERKNS_9OptionSetE
FN:50,_ZN5neml219OnesPrimitiveTensorINS_10QuaternionEEC2ERKNS_9OptionSetE
FN:50,_ZN5neml219OnesPrimitiveTensorINS_5SSFR5EEC2ERKNS_9OptionSetE
FNDA:6,_ZN5neml219OnesPrimitiveTensorINS_10QuaternionEE16expected_optionsEv
FNDA:0,_ZN5neml219OnesPrimitiveTensorINS_11MillerIndexEEC2ERKNS_9OptionSetE
FNDA:6,_ZN5neml219OnesPrimitiveTensorINS_4SFR3EE16expected_optionsEv
FNDA:6,_ZN5neml219OnesPrimitiveTensorINS_5SFFR4EE16expected_optionsEv
FNDA:6,_ZN5neml219OnesPrimitiveTensorINS_11MillerIndexEE16expected_optionsEv
FNDA:1,_ZN5neml219OnesPrimitiveTensorINS_3VecEEC2ERKNS_9OptionSetE
FNDA:1,_ZN5neml219OnesPrimitiveTensorINS_5SSFR5EEC2ERKNS_9OptionSetE
FNDA:0,_ZN5neml219OnesPrimitiveTensorINS_10QuaternionEEC2ERKNS_9OptionSetE
FNDA:0,_ZN5neml219OnesPrimitiveTensorINS_4WSR4EEC2ERKNS_9OptionSetE
FNDA:1,_ZN5neml219OnesPrimitiveTensorINS_3RotEEC2ERKNS_9OptionSetE
FNDA:6,_ZN5neml219OnesPrimitiveTensorINS_4WSR4EE16expected_optionsEv
FNDA:1,_ZN5neml219OnesPrimitiveTensorINS_2R3EEC2ERKNS_9OptionSetE
FNDA:6,_ZN5neml219OnesPrimitiveTensorINS_6ScalarEE16expected_optionsEv
FNDA:6,_ZN5neml219OnesPrimitiveTensorINS_3SR2EE16expected_optionsEv
FNDA:0,_ZN5neml219OnesPrimitiveTensorINS_4SWR4EEC2ERKNS_9OptionSetE
FNDA:1,_ZN5neml219OnesPrimitiveTensorINS_3SR2EEC2ERKNS_9OptionSetE
FNDA:6,_ZN5neml219OnesPrimitiveTensorINS_3RotEE16expected_optionsEv
FNDA:6,_ZN5neml219OnesPrimitiveTensorINS_2R4EE16expected_optionsEv
FNDA:1,_ZN5neml219OnesPrimitiveTensorINS_6ScalarEEC2ERKNS_9OptionSetE
FNDA:6,_ZN5neml219OnesPrimitiveTensorINS_3VecEE16expected_optionsEv
FNDA:6,_ZN5neml219OnesPrimitiveTensorINS_2R3EE16expected_optionsEv
FNDA:6,_ZN5neml219OnesPrimitiveTensorINS_5SSFR5EE16expected_optionsEv
FNDA:6,_ZN5neml219OnesPrimitiveTensorINS_4WWR4EE16expected_optionsEv
FNDA:6,_ZN5neml219OnesPrimitiveTensorINS_4SWR4EE16expected_optionsEv
FNDA:6,_ZN5neml219OnesPrimitiveTensorINS_2R2EE16expected_optionsEv
FNDA:0,_ZN5neml219OnesPrimitiveTensorINS_4WWR4EEC2ERKNS_9OptionSetE
FNDA:1,_ZN5neml219OnesPrimitiveTensorINS_2R4EEC2ERKNS_9OptionSetE
FNDA:1,_ZN5neml219OnesPrimitiveTensorINS_2R2EEC2ERKNS_9OptionSetE
FNDA:0,_ZN5neml219OnesPrimitiveTensorINS_3WR2EEC2ERKNS_9OptionSetE
FNDA:1,_ZN5neml219OnesPrimitiveTensorINS_4SSR4EEC2ERKNS_9OptionSetE
FNDA:0,_ZN5neml219OnesPrimitiveTensorINS_5SFFR4EEC2ERKNS_9OptionSetE
FNDA:6,_ZN5neml219OnesPrimitiveTensorINS_4SSR4EE16expected_optionsEv
FNDA:1,_ZN5neml219OnesPrimitiveTensorINS_2R5EEC2ERKNS_9OptionSetE
FNDA:1,_ZN5neml219OnesPrimitiveTensorINS_4SFR3EEC2ERKNS_9OptionSetE
FNDA:6,_ZN5neml219OnesPrimitiveTensorINS_3WR2EE16expected_optionsEv
FNDA:6,_ZN5neml219OnesPrimitiveTensorINS_2R5EE16expected_optionsEv
FNF:36
FNH:29
DA:34,108
DA:38,108
DA:40,108
DA:41,108
DA:43,108
DA:44,108
DA:46,216
DA:47,108
DA:50,11
DA:51,11
DA:52,11
DA:54,11
LF:12
LH:12
end_of_record
TN:
SF:/home/runner/work/neml2/neml2/src/neml2/tensors/user_tensors/OnesTensor.cxx
FN:32,_ZN5neml210OnesTensor16expected_optionsEv
FN:46,_ZN5neml210OnesTensorC2ERKNS_9OptionSetE
FNDA:6,_ZN5neml210OnesTensor16expected_optionsEv
FNDA:1,_ZN5neml210OnesTensorC2ERKNS_9OptionSetE
FNF:2
FNH:2
DA:32,6
DA:34,6
DA:35,6
DA:37,6
DA:38,6
DA:40,6
DA:41,6
DA:43,6
DA:44,0
DA:46,1
DA:49,1
DA:50,1
DA:52,1
LF:13
LH:12
end_of_record
TN:
SF:/home/runner/work/neml2/neml2/src/neml2/tensors/user_tensors/Orientation.cxx
FN:35,_ZN5neml211Orientation16expected_optionsEv
FN:72,_ZN5neml211OrientationC2ERKNS_9OptionSetE
FN:79,_ZNK5neml211Orientation4fillERKNS_9OptionSetE
FN:106,_ZNK5neml211Orientation17fill_euler_anglesERKN2at6TensorESsSs
FN:162,_ZNK5neml211Orientation11fill_matrixERKNS_2R2E
FN:180,_ZNK5neml211Orientation14fill_rodriguesERKNS_6ScalarES3_S3_
FN:192,_ZNK5neml211Orientation11fill_randomEjl
FN:211,_ZNK5neml211Orientation16expand_as_neededERKNS_3RotEj
FNDA:0,_ZNK5neml211Orientation11fill_randomEjl
FNDA:6,_ZN5neml211OrientationC2ERKNS_9OptionSetE
FNDA:6,_ZN5neml211Orientation16expected_optionsEv
FNDA:6,_ZNK5neml211Orientation11fill_matrixERKNS_2R2E
FNDA:6,_ZNK5neml211Orientation14fill_rodriguesERKNS_6ScalarES3_S3_
FNDA:6,_ZNK5neml211Orientation16expand_as_neededERKNS_3RotEj
FNDA:6,_ZNK5neml211Orientation4fillERKNS_9OptionSetE
FNDA:6,_ZNK5neml211Orientation17fill_euler_anglesERKN2at6TensorESsSs
FNF:8
FNH:7
DA:35,6
DA:37,6
DA:39,6
DA:43,6
DA:45,6
DA:46,12
DA:47,6
DA:49,6
DA:50,6
DA:52,6
DA:53,6
DA:55,6
DA:56,6
DA:58,6
DA:59,12
DA:61,6
DA:63,6
DA:64,6
DA:66,6
DA:67,6
DA:69,6
DA:70,0
DA:72,6
DA:74,6
DA:76,6
DA:79,6
DA:81,12
DA:83,6
DA:84,6
DA:86,18
DA:87,6
DA:90,18
DA:92,0
DA:94,0
DA:97,0
DA:99,6
DA:100,0
DA:102,6
DA:103,6
DA:106,6
DA:110,6
DA:111,6
DA:113,6
DA:115,6
DA:116,3
DA:118,3
DA:121,6
DA:123,6
DA:124,8
DA:125,10
DA:126,6
DA:127,8
DA:129,4
DA:131,10
DA:134,2
DA:135,4
DA:138,6
DA:139,18
DA:140,18
DA:141,18
DA:143,24
DA:144,12
DA:145,24
DA:146,12
DA:147,24
DA:148,24
DA:149,12
DA:150,24
DA:151,12
DA:152,24
DA:153,24
DA:154,24
DA:155,24
DA:158,18
DA:159,6
DA:162,6
DA:165,60
DA:166,36
DA:167,12
DA:170,12
DA:171,12
DA:172,54
DA:173,54
DA:174,54
DA:176,12
DA:177,6
DA:180,6
DA:183,12
DA:184,12
DA:185,18
DA:188,36
DA:189,6
DA:192,0
DA:194,0
DA:195,0
DA:196,0
DA:197,0
DA:198,0
DA:200,0
DA:201,0
DA:202,0
DA:203,0
DA:205,0
DA:207,0
DA:208,0
DA:211,6
DA:213,6
DA:214,0
DA:216,6
LF:109
LH:90
end_of_record
TN:
SF:/home/runner/work/neml2/neml2/src/neml2/tensors/user_tensors/UserPrimitiveTensor.cxx
FN:34,_ZN5neml219UserPrimitiveTensorINS_4WSR4EE16expected_optionsEv
FN:34,_ZN5neml219UserPrimitiveTensorINS_2R2EE16expected_optionsEv
FN:34,_ZN5neml219UserPrimitiveTensorINS_5SFFR4EE16expected_optionsEv
FN:34,_ZN5neml219UserPrimitiveTensorINS_5SSFR5EE16expected_optionsEv
FN:34,_ZN5neml219UserPrimitiveTensorINS_4WWR4EE16expected_optionsEv
FN:34,_ZN5neml219UserPrimitiveTensorINS_11MillerIndexEE16expected_optionsEv
FN:34,_ZN5neml219UserPrimitiveTensorINS_2R4EE16expected_optionsEv
FN:34,_ZN5neml219UserPrimitiveTensorINS_3SR2EE16expected_optionsEv
FN:34,_ZN5neml219UserPrimitiveTensorINS_3RotEE16expected_optionsEv
FN:34,_ZN5neml219UserPrimitiveTensorINS_4SSR4EE16expected_optionsEv
FN:34,_ZN5neml219UserPrimitiveTensorINS_2R5EE16expected_optionsEv
FN:34,_ZN5neml219UserPrimitiveTensorINS_2R3EE16expected_optionsEv
FN:34,_ZN5neml219UserPrimitiveTensorINS_3VecEE16expected_optionsEv
FN:34,_ZN5neml219UserPrimitiveTensorINS_4SFR3EE16expected_optionsEv
FN:34,_ZN5neml219UserPrimitiveTensorINS_4SWR4EE16expected_optionsEv
FN:34,_ZN5neml219UserPrimitiveTensorINS_6ScalarEE16expected_optionsEv
FN:34,_ZN5neml219UserPrimitiveTensorINS_3WR2EE16expected_optionsEv
FN:34,_ZN5neml219UserPrimitiveTensorINS_10QuaternionEE16expected_optionsEv
FN:55,_ZN5neml219UserPrimitiveTensorINS_4WWR4EEC2ERKNS_9OptionSetE
FN:55,_ZN5neml219UserPrimitiveTensorINS_10QuaternionEEC2ERKNS_9OptionSetE
FN:55,_ZN5neml219UserPrimitiveTensorINS_2R3EEC2ERKNS_9OptionSetE
FN:55,_ZN5neml219UserPrimitiveTensorINS_3WR2EEC2ERKNS_9OptionSetE
FN:55,_ZN5neml219UserPrimitiveTensorINS_4SSR4EEC2ERKNS_9OptionSetE
FN:55,_ZN5neml219UserPrimitiveTensorINS_11MillerIndexEEC2ERKNS_9OptionSetE
FN:55,_ZN5neml219UserPrimitiveTensorINS_3RotEEC2ERKNS_9OptionSetE
FN:55,_ZN5neml219UserPrimitiveTensorINS_5SSFR5EEC2ERKNS_9OptionSetE
FN:55,_ZN5neml219UserPrimitiveTensorINS_5SFFR4EEC2ERKNS_9OptionSetE
FN:55,_ZN5neml219UserPrimitiveTensorINS_4WSR4EEC2ERKNS_9OptionSetE
FN:55,_ZN5neml219UserPrimitiveTensorINS_3SR2EEC2ERKNS_9OptionSetE
FN:55,_ZN5neml219UserPrimitiveTensorINS_2R2EEC2ERKNS_9OptionSetE
FN:55,_ZN5neml219UserPrimitiveTensorINS_2R4EEC2ERKNS_9OptionSetE
FN:55,_ZN5neml219UserPrimitiveTensorINS_3VecEEC2ERKNS_9OptionSetE
FN:55,_ZN5neml219UserPrimitiveTensorINS_2R5EEC2ERKNS_9OptionSetE
FN:55,_ZN5neml219UserPrimitiveTensorINS_4SFR3EEC2ERKNS_9OptionSetE
FN:55,_ZN5neml219UserPrimitiveTensorINS_6ScalarEEC2ERKNS_9OptionSetE
FN:55,_ZN5neml219UserPrimitiveTensorINS_4SWR4EEC2ERKNS_9OptionSetE
FNDA:2,_ZN5neml219UserPrimitiveTensorINS_3SR2EEC2ERKNS_9OptionSetE
FNDA:6,_ZN5neml219UserPrimitiveTensorINS_4SFR3EE16expected_optionsEv
FNDA:0,_ZN5neml219UserPrimitiveTensorINS_4WSR4EEC2ERKNS_9OptionSetE
FNDA:1,_ZN5neml219UserPrimitiveTensorINS_2R2EEC2ERKNS_9OptionSetE
FNDA:6,_ZN5neml219UserPrimitiveTensorINS_6ScalarEE16expected_optionsEv
FNDA:6,_ZN5neml219UserPrimitiveTensorINS_4SWR4EE16expected_optionsEv
FNDA:0,_ZN5neml219UserPrimitiveTensorINS_5SFFR4EEC2ERKNS_9OptionSetE
FNDA:6,_ZN5neml219UserPrimitiveTensorINS_3VecEE16expected_optionsEv
FNDA:6,_ZN5neml219UserPrimitiveTensorINS_2R3EE16expected_optionsEv
FNDA:58,_ZN5neml219UserPrimitiveTensorINS_6ScalarEEC2ERKNS_9OptionSetE
FNDA:1,_ZN5neml219UserPrimitiveTensorINS_4SFR3EEC2ERKNS_9OptionSetE
FNDA:0,_ZN5neml219UserPrimitiveTensorINS_4SWR4EEC2ERKNS_9OptionSetE
FNDA:1,_ZN5neml219UserPrimitiveTensorINS_2R4EEC2ERKNS_9OptionSetE
FNDA:6,_ZN5neml219UserPrimitiveTensorINS_3WR2EE16expected_optionsEv
FNDA:23,_ZN5neml219UserPrimitiveTensorINS_3VecEEC2ERKNS_9OptionSetE
FNDA:1,_ZN5neml219UserPrimitiveTensorINS_2R5EEC2ERKNS_9OptionSetE
FNDA:6,_ZN5neml219UserPrimitiveTensorINS_10QuaternionEE16expected_optionsEv
FNDA:6,_ZN5neml219UserPrimitiveTensorINS_5SSFR5EE16expected_optionsEv
FNDA:0,_ZN5neml219UserPrimitiveTensorINS_11MillerIndexEEC2ERKNS_9OptionSetE
FNDA:6,_ZN5neml219UserPrimitiveTensorINS_2R4EE16expected_optionsEv
FNDA:6,_ZN5neml219UserPrimitiveTensorINS_11MillerIndexEE16expected_optionsEv
FNDA:6,_ZN5neml219UserPrimitiveTensorINS_4WWR4EE16expected_optionsEv
FNDA:1,_ZN5neml219UserPrimitiveTensorINS_2R3EEC2ERKNS_9OptionSetE
FNDA:0,_ZN5neml219UserPrimitiveTensorINS_3WR2EEC2ERKNS_9OptionSetE
FNDA:0,_ZN5neml219UserPrimitiveTensorINS_10QuaternionEEC2ERKNS_9OptionSetE
FNDA:0,_ZN5neml219UserPrimitiveTensorINS_4WWR4EEC2ERKNS_9OptionSetE
FNDA:1,_ZN5neml219UserPrimitiveTensorINS_4SSR4EEC2ERKNS_9OptionSetE
FNDA:6,_ZN5neml219UserPrimitiveTensorINS_4WSR4EE16expected_optionsEv
FNDA:6,_ZN5neml219UserPrimitiveTensorINS_2R2EE16expected_optionsEv
FNDA:6,_ZN5neml219UserPrimitiveTensorINS_5SFFR4EE16expected_optionsEv
FNDA:6,_ZN5neml219UserPrimitiveTensorINS_2R5EE16expected_optionsEv
FNDA:1,_ZN5neml219UserPrimitiveTensorINS_5SSFR5EEC2ERKNS_9OptionSetE
FNDA:6,_ZN5neml219UserPrimitiveTensorINS_3RotEE16expected_optionsEv
FNDA:6,_ZN5neml219UserPrimitiveTensorINS_3SR2EE16expected_optionsEv
FNDA:1,_ZN5neml219UserPrimitiveTensorINS_3RotEEC2ERKNS_9OptionSetE
FNDA:6,_ZN5neml219UserPrimitiveTensorINS_4SSR4EE16expected_optionsEv
FNF:36
FNH:29
DA:34,108
DA:38,108
DA:40,108
DA:41,108
DA:45,108
DA:46,108
DA:48,108
DA:49,108
DA:51,216
DA:52,108
DA:55,91
DA:56,91
DA:57,91
DA:59,182
DA:60,91
DA:61,91
DA:62,94
DA:63,44
DA:64,88
DA:66,0
DA:68,0
DA:70,0
DA:72,0
DA:73,91
LF:24
LH:20
end_of_record
TN:
SF:/home/runner/work/neml2/neml2/src/neml2/tensors/user_tensors/UserTensor.cxx
FN:32,_ZN5neml210UserTensor16expected_optionsEv
FN:50,_ZN5neml210UserTensorC2ERKNS_9OptionSetE
FNDA:9,_ZN5neml210UserTensorC2ERKNS_9OptionSetE
FNDA:6,_ZN5neml210UserTensor16expected_optionsEv
FNF:2
FNH:2
DA:32,6
DA:34,6
DA:35,6
DA:36,6
DA:38,6
DA:39,6
DA:41,6
DA:42,6
DA:44,6
DA:45,6
DA:47,6
DA:48,0
DA:50,9
DA:53,9
DA:54,9
DA:56,18
DA:57,9
DA:58,9
DA:59,12
DA:60,3
DA:61,4
DA:63,1
DA:65,1
DA:67,2
DA:69,2
DA:70,12
LF:26
LH:25
end_of_record
TN:
SF:/home/runner/work/neml2/neml2/src/neml2/tensors/user_tensors/UserTensorBase.cxx
FN:30,_ZN5neml214UserTensorBase16expected_optionsEv
FN:37,_ZN5neml214UserTensorBaseC2ERKNS_9OptionSetE
FNDA:813,_ZN5neml214UserTensorBaseC2ERKNS_9OptionSetE
FNDA:846,_ZN5neml214UserTensorBase16expected_optionsEv
FNF:2
FNH:2
DA:30,846
DA:32,846
DA:33,846
DA:34,846
DA:35,0
DA:37,813
DA:38,813
DA:40,813
LF:8
LH:7
end_of_record
TN:
SF:/home/runner/work/neml2/neml2/src/neml2/tensors/user_tensors/ZerosPrimitiveTensor.cxx
FN:34,_ZN5neml220ZerosPrimitiveTensorINS_4SFR3EE16expected_optionsEv
FN:34,_ZN5neml220ZerosPrimitiveTensorINS_4WWR4EE16expected_optionsEv
FN:34,_ZN5neml220ZerosPrimitiveTensorINS_3VecEE16expected_optionsEv
FN:34,_ZN5neml220ZerosPrimitiveTensorINS_10QuaternionEE16expected_optionsEv
FN:34,_ZN5neml220ZerosPrimitiveTensorINS_2R4EE16expected_optionsEv
FN:34,_ZN5neml220ZerosPrimitiveTensorINS_2R3EE16expected_optionsEv
FN:34,_ZN5neml220ZerosPrimitiveTensorINS_4SWR4EE16expected_optionsEv
FN:34,_ZN5neml220ZerosPrimitiveTensorINS_4WSR4EE16expected_optionsEv
FN:34,_ZN5neml220ZerosPrimitiveTensorINS_2R2EE16expected_optionsEv
FN:34,_ZN5neml220ZerosPrimitiveTensorINS_6ScalarEE16expected_optionsEv
FN:34,_ZN5neml220ZerosPrimitiveTensorINS_3WR2EE16expected_optionsEv
FN:34,_ZN5neml220ZerosPrimitiveTensorINS_3RotEE16expected_optionsEv
FN:34,_ZN5neml220ZerosPrimitiveTensorINS_5SSFR5EE16expected_optionsEv
FN:34,_ZN5neml220ZerosPrimitiveTensorINS_5SFFR4EE16expected_optionsEv
FN:34,_ZN5neml220ZerosPrimitiveTensorINS_3SR2EE16expected_optionsEv
FN:34,_ZN5neml220ZerosPrimitiveTensorINS_2R5EE16expected_optionsEv
FN:34,_ZN5neml220ZerosPrimitiveTensorINS_11MillerIndexEE16expected_optionsEv
FN:34,_ZN5neml220ZerosPrimitiveTensorINS_4SSR4EE16expected_optionsEv
FN:50,_ZN5neml220ZerosPrimitiveTensorINS_4WWR4EEC2ERKNS_9OptionSetE
FN:50,_ZN5neml220ZerosPrimitiveTensorINS_6ScalarEEC2ERKNS_9OptionSetE
FN:50,_ZN5neml220ZerosPrimitiveTensorINS_5SSFR5EEC2ERKNS_9OptionSetE
FN:50,_ZN5neml220ZerosPrimitiveTensorINS_3SR2EEC2ERKNS_9OptionSetE
FN:50,_ZN5neml220ZerosPrimitiveTensorINS_2R5EEC2ERKNS_9OptionSetE
FN:50,_ZN5neml220ZerosPrimitiveTensorINS_4WSR4EEC2ERKNS_9OptionSetE
FN:50,_ZN5neml220ZerosPrimitiveTensorINS_4SWR4EEC2ERKNS_9OptionSetE
FN:50,_ZN5neml220ZerosPrimitiveTensorINS_3WR2EEC2ERKNS_9OptionSetE
FN:50,_ZN5neml220ZerosPrimitiveTensorINS_3VecEEC2ERKNS_9OptionSetE
FN:50,_ZN5neml220ZerosPrimitiveTensorINS_2R4EEC2ERKNS_9OptionSetE
FN:50,_ZN5neml220ZerosPrimitiveTensorINS_2R3EEC2ERKNS_9OptionSetE
FN:50,_ZN5neml220ZerosPrimitiveTensorINS_10QuaternionEEC2ERKNS_9OptionSetE
FN:50,_ZN5neml220ZerosPrimitiveTensorINS_4SSR4EEC2ERKNS_9OptionSetE
FN:50,_ZN5neml220ZerosPrimitiveTensorINS_5SFFR4EEC2ERKNS_9OptionSetE
FN:50,_ZN5neml220ZerosPrimitiveTensorINS_11MillerIndexEEC2ERKNS_9OptionSetE
FN:50,_ZN5neml220ZerosPrimitiveTensorINS_3RotEEC2ERKNS_9OptionSetE
FN:50,_ZN5neml220ZerosPrimitiveTensorINS_2R2EEC2ERKNS_9OptionSetE
FN:50,_ZN5neml220ZerosPrimitiveTensorINS_4SFR3EEC2ERKNS_9OptionSetE
FNDA:0,_ZN5neml220ZerosPrimitiveTensorINS_4SWR4EEC2ERKNS_9OptionSetE
FNDA:6,_ZN5neml220ZerosPrimitiveTensorINS_4WSR4EE16expected_optionsEv
FNDA:6,_ZN5neml220ZerosPrimitiveTensorINS_2R2EE16expected_optionsEv
FNDA:6,_ZN5neml220ZerosPrimitiveTensorINS_2R4EE16expected_optionsEv
FNDA:1,_ZN5neml220ZerosPrimitiveTensorINS_3SR2EEC2ERKNS_9OptionSetE
FNDA:6,_ZN5neml220ZerosPrimitiveTensorINS_2R3EE16expected_optionsEv
FNDA:1,_ZN5neml220ZerosPrimitiveTensorINS_2R5EEC2ERKNS_9OptionSetE
FNDA:6,_ZN5neml220ZerosPrimitiveTensorINS_4SWR4EE16expected_optionsEv
FNDA:0,_ZN5neml220ZerosPrimitiveTensorINS_4WSR4EEC2ERKNS_9OptionSetE
FNDA:6,_ZN5neml220ZerosPrimitiveTensorINS_4SFR3EE16expected_optionsEv
FNDA:6,_ZN5neml220ZerosPrimitiveTensorINS_4WWR4EE16expected_optionsEv
FNDA:6,_ZN5neml220ZerosPrimitiveTensorINS_3VecEE16expected_optionsEv
FNDA:1,_ZN5neml220ZerosPrimitiveTensorINS_5SSFR5EEC2ERKNS_9OptionSetE
FNDA:6,_ZN5neml220ZerosPrimitiveTensorINS_10QuaternionEE16expected_optionsEv
FNDA:0,_ZN5neml220ZerosPrimitiveTensorINS_4WWR4EEC2ERKNS_9OptionSetE
FNDA:1,_ZN5neml220ZerosPrimitiveTensorINS_6ScalarEEC2ERKNS_9OptionSetE
FNDA:1,_ZN5neml220ZerosPrimitiveTensorINS_2R2EEC2ERKNS_9OptionSetE
FNDA:6,_ZN5neml220ZerosPrimitiveTensorINS_11MillerIndexEE16expected_optionsEv
FNDA:1,_ZN5neml220ZerosPrimitiveTensorINS_4SFR3EEC2ERKNS_9OptionSetE
FNDA:6,_ZN5neml220ZerosPrimitiveTensorINS_4SSR4EE16expected_optionsEv
FNDA:6,_ZN5neml220ZerosPrimitiveTensorINS_3SR2EE16expected_optionsEv
FNDA:0,_ZN5neml220ZerosPrimitiveTensorINS_5SFFR4EEC2ERKNS_9OptionSetE
FNDA:0,_ZN5neml220ZerosPrimitiveTensorINS_11MillerIndexEEC2ERKNS_9OptionSetE
FNDA:1,_ZN5neml220ZerosPrimitiveTensorINS_3RotEEC2ERKNS_9OptionSetE
FNDA:6,_ZN5neml220ZerosPrimitiveTensorINS_2R5EE16expected_optionsEv
FNDA:1,_ZN5neml220ZerosPrimitiveTensorINS_2R3EEC2ERKNS_9OptionSetE
FNDA:6,_ZN5neml220ZerosPrimitiveTensorINS_3WR2EE16expected_optionsEv
FNDA:0,_ZN5neml220ZerosPrimitiveTensorINS_10QuaternionEEC2ERKNS_9OptionSetE
FNDA:6,_ZN5neml220ZerosPrimitiveTensorINS_5SSFR5EE16expected_optionsEv
FNDA:6,_ZN5neml220ZerosPrimitiveTensorINS_3RotEE16expected_optionsEv
FNDA:1,_ZN5neml220ZerosPrimitiveTensorINS_4SSR4EEC2ERKNS_9OptionSetE
FNDA:6,_ZN5neml220ZerosPrimitiveTensorINS_5SFFR4EE16expected_optionsEv
FNDA:0,_ZN5neml220ZerosPrimitiveTensorINS_3WR2EEC2ERKNS_9OptionSetE
FNDA:1,_ZN5neml220ZerosPrimitiveTensorINS_3VecEEC2ERKNS_9OptionSetE
FNDA:6,_ZN5neml220ZerosPrimitiveTensorINS_6ScalarEE16expected_optionsEv
FNDA:1,_ZN5neml220ZerosPrimitiveTensorINS_2R4EEC2ERKNS_9OptionSetE
FNF:36
FNH:29
DA:34,108
DA:38,108
DA:40,108
DA:41,108
DA:43,108
DA:44,108
DA:46,216
DA:47,108
DA:50,11
DA:51,11
DA:52,11
DA:54,11
LF:12
LH:12
end_of_record
TN:
SF:/home/runner/work/neml2/neml2/src/neml2/tensors/user_tensors/ZerosTensor.cxx
FN:32,_ZN5neml211ZerosTensor16expected_optionsEv
FN:46,_ZN5neml211ZerosTensorC2ERKNS_9OptionSetE
FNDA:6,_ZN5neml211ZerosTensor16expected_optionsEv
FNDA:1,_ZN5neml211ZerosTensorC2ERKNS_9OptionSetE
FNF:2
FNH:2
DA:32,6
DA:34,6
DA:35,6
DA:37,6
DA:38,6
DA:40,6
DA:41,6
DA:43,6
DA:44,0
DA:46,1
DA:49,1
DA:50,1
DA:52,1
LF:13
LH:12
end_of_record
