TN:
SF:/home/runner/work/neml2/neml2/src/neml2/base/CrossRef.cxx
FN:33,_ZNK5neml28CrossRefIN2at6TensorEEcvS2_Ev
FN:48,_ZNK5neml28CrossRefINS_6TensorEEcvS1_Ev
FN:76,_ZNK5neml28CrossRefINS_10QuaternionEEcvS1_Ev
FN:76,_ZNK5neml28CrossRefINS_4WSR4EEcvS1_Ev
FN:76,_ZNK5neml28CrossRefINS_5SSFR5EEcvS1_Ev
FN:76,_ZNK5neml28CrossRefINS_4SSR4EEcvS1_Ev
FN:76,_ZNK5neml28CrossRefINS_2R8EEcvS1_Ev
FN:76,_ZNK5neml28CrossRefINS_4SFR3EEcvS1_Ev
FN:76,_ZNK5neml28CrossRefINS_2R5EEcvS1_Ev
FN:76,_ZNK5neml28CrossRefINS_5SFFR4EEcvS1_Ev
FN:76,_ZNK5neml28CrossRefINS_3WR2EEcvS1_Ev
FN:76,_ZNK5neml28CrossRefINS_4SWR4EEcvS1_Ev
FN:76,_ZNK5neml28CrossRefINS_4WWR4EEcvS1_Ev
FN:76,_ZNK5neml28CrossRefINS_6ScalarEEcvS1_Ev
FN:76,_ZNK5neml28CrossRefINS_2R4EEcvS1_Ev
FN:76,_ZNK5neml28CrossRefINS_3RotEEcvS1_Ev
FN:76,_ZNK5neml28CrossRefINS_2R3EEcvS1_Ev
FN:76,_ZNK5neml28CrossRefINS_3SR2EEcvS1_Ev
FN:76,_ZNK5neml28CrossRefINS_6SSSSR8EEcvS1_Ev
FN:76,_ZNK5neml28CrossRefINS_2R2EEcvS1_Ev
FN:76,_ZNK5neml28CrossRefINS_11MillerIndexEEcvS1_Ev
FN:76,_ZNK5neml28CrossRefINS_3VecEEcvS1_Ev
FNDA:0,_ZNK5neml28CrossRefINS_4WWR4EEcvS1_Ev
FNDA:0,_ZNK5neml28CrossRefINS_4SWR4EEcvS1_Ev
FNDA:1248,_ZNK5neml28CrossRefINS_6ScalarEEcvS1_Ev
FNDA:0,_ZNK5neml28CrossRefINS_2R8EEcvS1_Ev
FNDA:4,_ZNK5neml28CrossRefINS_4SFR3EEcvS1_Ev
FNDA:4,_ZNK5neml28CrossRefINS_5SSFR5EEcvS1_Ev
FNDA:15,_ZNK5neml28CrossRefINS_4SSR4EEcvS1_Ev
FNDA:0,_ZNK5neml28CrossRefINS_4WSR4EEcvS1_Ev
FNDA:0,_ZNK5neml28CrossRefINS_10QuaternionEEcvS1_Ev
FNDA:9,_ZNK5neml28CrossRefINS_3WR2EEcvS1_Ev
FNDA:4,_ZNK5neml28CrossRefINS_2R5EEcvS1_Ev
FNDA:0,_ZNK5neml28CrossRefINS_5SFFR4EEcvS1_Ev
FNDA:130,_ZNK5neml28CrossRefINS_3SR2EEcvS1_Ev
FNDA:26,_ZNK5neml28CrossRefINS_3VecEEcvS1_Ev
FNDA:26,_ZNK5neml28CrossRefINS_2R2EEcvS1_Ev
FNDA:140,_ZNK5neml28CrossRefINS_11MillerIndexEEcvS1_Ev
FNDA:0,_ZNK5neml28CrossRefINS_6SSSSR8EEcvS1_Ev
FNDA:24,_ZNK5neml28CrossRefINS_6TensorEEcvS1_Ev
FNDA:20,_ZNK5neml28CrossRefINS_3RotEEcvS1_Ev
FNDA:4,_ZNK5neml28CrossRefINS_2R4EEcvS1_Ev
FNDA:4,_ZNK5neml28CrossRefINS_2R3EEcvS1_Ev
FNDA:11,_ZNK5neml28CrossRefIN2at6TensorEEcvS2_Ev
FNF:22
FNH:15
DA:33,11
DA:38,11
DA:40,10
DA:43,20
DA:44,10
DA:48,24
DA:53,24
DA:55,13
DA:58,26
DA:59,13
DA:76,2353
LF:11
LH:11
end_of_record
TN:
SF:/home/runner/work/neml2/neml2/src/neml2/base/DiagnosticsInterface.cxx
FN:31,_ZN5neml28diagnoseERKNS_20DiagnosticsInterfaceE
FN:45,_ZN5neml220DiagnosticsInterfaceC2EPNS_11NEML2ObjectE
FN:51,_ZNK5neml220DiagnosticsInterface23diagnostic_assert_stateERSt6vectorINS_9DiagnosisESaIS2_EERKNS_12VariableBaseE
FN:59,_ZNK5neml220DiagnosticsInterface27diagnostic_assert_old_stateERSt6vectorINS_9DiagnosisESaIS2_EERKNS_12VariableBaseE
FN:67,_ZNK5neml220DiagnosticsInterface23diagnostic_assert_forceERSt6vectorINS_9DiagnosisESaIS2_EERKNS_12VariableBaseE
FN:75,_ZNK5neml220DiagnosticsInterface27diagnostic_assert_old_forceERSt6vectorINS_9DiagnosisESaIS2_EERKNS_12VariableBaseE
FN:83,_ZNK5neml220DiagnosticsInterface26diagnostic_assert_residualERSt6vectorINS_9DiagnosisESaIS2_EERKNS_12VariableBaseE
FN:91,_ZNK5neml220DiagnosticsInterface31diagnostic_check_input_variableERSt6vectorINS_9DiagnosisESaIS2_EERKNS_12VariableBaseE
FN:104,_ZNK5neml220DiagnosticsInterface32diagnostic_check_output_variableERSt6vectorINS_9DiagnosisESaIS2_EERKNS_12VariableBaseE
FNDA:295,_ZNK5neml220DiagnosticsInterface31diagnostic_check_input_variableERSt6vectorINS_9DiagnosisESaIS2_EERKNS_12VariableBaseE
FNDA:0,_ZNK5neml220DiagnosticsInterface26diagnostic_assert_residualERSt6vectorINS_9DiagnosisESaIS2_EERKNS_12VariableBaseE
FNDA:19,_ZNK5neml220DiagnosticsInterface23diagnostic_assert_forceERSt6vectorINS_9DiagnosisESaIS2_EERKNS_12VariableBaseE
FNDA:26,_ZNK5neml220DiagnosticsInterface23diagnostic_assert_stateERSt6vectorINS_9DiagnosisESaIS2_EERKNS_12VariableBaseE
FNDA:116,_ZN5neml28diagnoseERKNS_20DiagnosticsInterfaceE
FNDA:0,_ZNK5neml220DiagnosticsInterface27diagnostic_assert_old_forceERSt6vectorINS_9DiagnosisESaIS2_EERKNS_12VariableBaseE
FNDA:117,_ZNK5neml220DiagnosticsInterface32diagnostic_check_output_variableERSt6vectorINS_9DiagnosisESaIS2_EERKNS_12VariableBaseE
FNDA:0,_ZNK5neml220DiagnosticsInterface27diagnostic_assert_old_stateERSt6vectorINS_9DiagnosisESaIS2_EERKNS_12VariableBaseE
FNDA:463,_ZN5neml220DiagnosticsInterfaceC2EPNS_11NEML2ObjectE
FNF:9
FNH:6
DA:31,116
DA:33,116
DA:34,116
DA:36,116
DA:38,3
DA:39,7
DA:40,4
DA:41,3
DA:42,3
DA:43,116
DA:45,463
DA:46,463
DA:48,463
DA:51,26
DA:54,26
DA:55,26
DA:56,26
DA:59,0
DA:62,0
DA:63,0
DA:64,0
DA:67,19
DA:70,19
DA:71,19
DA:72,19
DA:75,0
DA:78,0
DA:79,0
DA:80,0
DA:83,0
DA:86,0
DA:87,0
DA:88,0
DA:91,295
DA:94,295
DA:95,458
DA:96,458
DA:98,295
DA:101,295
DA:104,117
DA:107,117
DA:109,117
DA:111,117
DA:113,117
LF:44
LH:32
end_of_record
TN:
SF:/home/runner/work/neml2/neml2/src/neml2/base/EnumSelection.cxx
FN:31,_ZN5neml2lsERSoRKNS_13EnumSelectionE
FN:38,_ZN5neml2rsERSt18basic_stringstreamIcSt11char_traitsIcESaIcEERNS_13EnumSelectionE
FN:44,_ZN5neml213EnumSelectionC2ERKSt6vectorISsSaISsEERKSs
FN:51,_ZN5neml213EnumSelectionC2ERKSt6vectorISsSaISsEERKS1_IiSaIiEERKSs
FN:60,_ZNK5neml213EnumSelectioneqERKS0_
FN:67,_ZNK5neml213EnumSelectionneERKS0_
FN:73,_ZNK5neml213EnumSelectioneqERKSs
FN:79,_ZNK5neml213EnumSelectionneERKSs
FN:85,_ZN5neml213EnumSelection6selectERKSs
FNDA:5,_ZNK5neml213EnumSelectionneERKS0_
FNDA:15,_ZN5neml2lsERSoRKNS_13EnumSelectionE
FNDA:42,_ZN5neml2rsERSt18basic_stringstreamIcSt11char_traitsIcESaIcEERNS_13EnumSelectionE
FNDA:178,_ZNK5neml213EnumSelectioneqERKSs
FNDA:0,_ZNK5neml213EnumSelectionneERKSs
FNDA:28,_ZN5neml213EnumSelectionC2ERKSt6vectorISsSaISsEERKSs
FNDA:1158,_ZN5neml213EnumSelectionC2ERKSt6vectorISsSaISsEERKS1_IiSaIiEERKSs
FNDA:7,_ZNK5neml213EnumSelectioneqERKS0_
FNDA:1225,_ZN5neml213EnumSelection6selectERKSs
FNF:9
FNH:8
DA:31,15
DA:33,15
DA:34,15
DA:38,42
DA:40,42
DA:41,41
DA:44,28
DA:45,28
DA:46,28
DA:48,27
DA:49,28
DA:51,1158
DA:53,1158
DA:54,1158
DA:56,1156
DA:57,1157
DA:60,7
DA:62,9
DA:63,9
DA:67,5
DA:69,5
DA:73,178
DA:75,178
DA:79,0
DA:81,0
DA:85,1225
DA:87,1225
DA:89,2450
DA:90,1222
DA:91,1222
DA:92,1222
LF:31
LH:29
end_of_record
TN:
SF:/home/runner/work/neml2/neml2/src/neml2/base/EnumSelectionBase.cxx
FN:30,_ZN5neml217EnumSelectionBaseC2ERKSt6vectorISsSaISsEE
FN:41,_ZN5neml217EnumSelectionBaseC2ERKSt6vectorISsSaISsEERKS1_IiSaIiEE
FN:59,_ZNK5neml217EnumSelectionBase14candidates_strEv
FNDA:1179,_ZN5neml217EnumSelectionBaseC2ERKSt6vectorISsSaISsEERKS1_IiSaIiEE
FNDA:31,_ZN5neml217EnumSelectionBaseC2ERKSt6vectorISsSaISsEE
FNDA:2449,_ZNK5neml217EnumSelectionBase14candidates_strEv
FNF:3
FNH:3
DA:30,31
DA:32,31
DA:33,31
DA:36,30
DA:37,108
DA:38,78
DA:39,32
DA:41,1179
DA:42,1179
DA:44,1179
DA:47,1178
DA:48,1178
DA:51,1178
DA:52,1178
DA:54,5301
DA:55,4124
DA:56,1181
DA:59,2449
DA:61,2449
DA:62,11011
DA:63,8562
DA:64,4898
DA:65,2449
LF:23
LH:23
end_of_record
TN:
SF:/home/runner/work/neml2/neml2/src/neml2/base/Factory.cxx
FN:35,_ZN5neml210load_inputERKNSt10filesystem4pathERKSs
FN:52,_ZN5neml212reload_inputERKNSt10filesystem4pathERKSs
FN:59,_ZN5neml29get_modelERKSsb
FN:66,_ZN5neml210load_modelERKNSt10filesystem4pathERKSs
FN:73,_ZN5neml212reload_modelERKNSt10filesystem4pathERKSs
FN:80,_ZN5neml210get_driverERKSs
FN:86,_ZN5neml27Factory3getEv
FN:93,_ZN5neml27Factory12load_optionsERKNS_16OptionCollectionE
FN:104,_ZN5neml27Factory14loaded_optionsEv
FN:111,_ZN5neml27Factory13create_objectERKSsRKNS_9OptionSetE
FN:146,_ZN5neml27Factory5clearEv
FNDA:277,_ZN5neml27Factory12load_optionsERKNS_16OptionCollectionE
FNDA:1278,_ZN5neml27Factory13create_objectERKSsRKNS_9OptionSetE
FNDA:123,_ZN5neml29get_modelERKSsb
FNDA:10,_ZN5neml210load_modelERKNSt10filesystem4pathERKSs
FNDA:279,_ZN5neml27Factory5clearEv
FNDA:113,_ZN5neml210get_driverERKSs
FNDA:267,_ZN5neml212reload_inputERKNSt10filesystem4pathERKSs
FNDA:10,_ZN5neml212reload_modelERKNSt10filesystem4pathERKSs
FNDA:277,_ZN5neml210load_inputERKNSt10filesystem4pathERKSs
FNDA:1,_ZN5neml27Factory14loaded_optionsEv
FNDA:1892,_ZN5neml27Factory3getEv
FNF:11
FNH:11
DA:35,277
DA:37,277
DA:40,277
DA:42,277
DA:43,277
DA:44,277
DA:46,0
DA:48,275
DA:49,277
DA:52,267
DA:54,267
DA:55,267
DA:56,265
DA:59,123
DA:61,123
DA:62,246
DA:63,123
DA:66,10
DA:68,10
DA:69,10
DA:73,10
DA:75,10
DA:76,10
DA:80,113
DA:82,113
DA:86,1892
DA:88,1892
DA:89,1892
DA:93,277
DA:95,277
DA:97,277
DA:100,277
DA:101,277
DA:104,1
DA:106,1
DA:107,1
DA:111,1278
DA:113,1278
DA:114,1278
DA:116,1278
DA:117,1278
DA:118,1276
DA:122,1276
DA:124,0
DA:126,0
DA:127,0
DA:128,0
DA:129,1276
DA:146,279
DA:148,279
DA:149,279
LF:51
LH:46
end_of_record
TN:
SF:/home/runner/work/neml2/neml2/src/neml2/base/HITParser.cxx
FN:39,_ZNK5neml29HITParser5parseERKNSt10filesystem4pathERKSs
FN:96,_ZNK5neml29HITParser22extract_object_optionsEPN3hit4NodeES3_
FN:113,_ZNK5neml29HITParser15extract_optionsEPN3hit4NodeERNS_9OptionSetE
FN:122,_ZNK5neml29HITParser14extract_optionEPN3hit4NodeERNS_9OptionSetE
FNDA:5678,_ZNK5neml29HITParser14extract_optionEPN3hit4NodeERNS_9OptionSetE
FNDA:2721,_ZNK5neml29HITParser22extract_object_optionsEPN3hit4NodeES3_
FNDA:2731,_ZNK5neml29HITParser15extract_optionsEPN3hit4NodeERNS_9OptionSetE
FNDA:287,_ZNK5neml29HITParser5parseERKNSt10filesystem4pathERKSs
FNF:4
FNH:4
DA:39,287
DA:42,287
DA:43,287
DA:46,287
DA:47,287
DA:48,287
DA:51,287
DA:52,287
DA:55,287
DA:58,574
DA:59,287
DA:60,287
DA:63,287
DA:64,287
DA:65,287
DA:66,287
DA:67,287
DA:68,287
DA:70,287
DA:73,287
DA:74,287
DA:75,10
DA:78,1713
DA:80,1429
DA:81,1429
DA:83,535
DA:84,3253
DA:86,2721
DA:87,2718
DA:88,2718
DA:89,535
DA:92,568
DA:93,311
DA:96,2721
DA:99,5442
DA:101,2721
DA:102,2721
DA:105,2718
DA:106,2718
DA:107,2718
DA:109,5436
DA:110,2724
DA:113,2731
DA:115,11127
DA:116,8399
DA:117,8406
DA:118,2728
DA:122,5678
DA:135,5678
DA:137,5678
DA:138,58894
DA:139,58894
DA:141,5678
DA:143,5678
DA:146,5677
DA:150,5677
DA:151,4560
DA:152,4464
DA:153,4371
DA:154,4336
DA:155,3746
DA:156,2829
DA:157,1921
DA:158,1411
DA:159,1371
DA:160,1367
DA:161,1359
DA:166,5675
DA:168,5675
DA:170,5675
DA:172,5675
LF:71
LH:71
end_of_record
TN:
SF:/home/runner/work/neml2/neml2/src/neml2/base/MultiEnumSelection.cxx
FN:31,_ZN5neml2lsERSoRKNS_18MultiEnumSelectionE
FN:38,_ZN5neml2rsERSt18basic_stringstreamIcSt11char_traitsIcESaIcEERNS_18MultiEnumSelectionE
FN:44,_ZN5neml218MultiEnumSelectionC2ERKSt6vectorISsSaISsEES5_
FN:51,_ZN5neml218MultiEnumSelectionC2ERKSt6vectorISsSaISsEERKS1_IiSaIiEES5_
FN:60,_ZNK5neml218MultiEnumSelectioneqERKS0_
FN:67,_ZNK5neml218MultiEnumSelectionneERKS0_
FN:73,_ZN5neml218MultiEnumSelection6selectERKSt6vectorISsSaISsEE
FNDA:6,_ZN5neml2rsERSt18basic_stringstreamIcSt11char_traitsIcESaIcEERNS_18MultiEnumSelectionE
FNDA:4,_ZNK5neml218MultiEnumSelectioneqERKS0_
FNDA:21,_ZN5neml218MultiEnumSelectionC2ERKSt6vectorISsSaISsEERKS1_IiSaIiEES5_
FNDA:3,_ZN5neml218MultiEnumSelectionC2ERKSt6vectorISsSaISsEES5_
FNDA:30,_ZN5neml218MultiEnumSelection6selectERKSt6vectorISsSaISsEE
FNDA:3,_ZNK5neml218MultiEnumSelectionneERKS0_
FNDA:5,_ZN5neml2lsERSoRKNS_18MultiEnumSelectionE
FNF:7
FNH:7
DA:31,5
DA:33,5
DA:34,5
DA:38,6
DA:40,7
DA:41,5
DA:44,3
DA:45,3
DA:46,3
DA:48,3
DA:49,5
DA:51,21
DA:53,21
DA:54,21
DA:56,21
DA:57,23
DA:60,4
DA:62,5
DA:63,5
DA:67,3
DA:69,3
DA:73,30
DA:75,30
DA:76,30
DA:77,71
DA:79,44
DA:81,91
DA:82,41
DA:83,41
DA:85,27
LF:30
LH:30
end_of_record
TN:
SF:/home/runner/work/neml2/neml2/src/neml2/base/NEML2Object.cxx
FN:29,_ZN5neml211NEML2Object16expected_optionsEv
FN:37,_ZN5neml211NEML2ObjectC2ERKNS_9OptionSetE
FNDA:1788,_ZN5neml211NEML2Object16expected_optionsEv
FNDA:1289,_ZN5neml211NEML2ObjectC2ERKNS_9OptionSetE
FNF:2
FNH:2
DA:29,1788
DA:31,1788
DA:32,1788
DA:33,1788
DA:34,1788
DA:35,0
DA:37,1289
DA:38,1289
DA:39,1289
DA:41,1289
LF:10
LH:9
end_of_record
TN:
SF:/home/runner/work/neml2/neml2/src/neml2/base/OptionCollection.cxx
FN:30,_ZN5neml216OptionCollectionixERKSs
FN:36,_ZNK5neml216OptionCollectionixERKSs
FNDA:1,_ZNK5neml216OptionCollectionixERKSs
FNDA:4062,_ZN5neml216OptionCollectionixERKSs
FNF:2
FNH:2
DA:30,4062
DA:32,4062
DA:36,1
DA:38,1
LF:4
LH:4
end_of_record
TN:
SF:/home/runner/work/neml2/neml2/src/neml2/base/OptionSet.cxx
FN:31,_ZN5neml218options_compatibleERKNS_9OptionSetES2_
FN:44,_ZNK5neml29OptionSet8containsERKSs
FN:50,_ZNK5neml29OptionSet3getERKSs
FN:62,_ZN5neml29OptionSet3setERKSs
FN:74,_ZN5neml29OptionSet9set_inputERKSs
FN:80,_ZN5neml29OptionSet10set_outputERKSs
FN:86,_ZN5neml29OptionSet5clearEv
FN:91,_ZN5neml29OptionSetC2ERKS0_
FN:93,_ZN5neml29OptionSetC2EOS0_
FN:96,_ZN5neml29OptionSetaSERKS0_
FN:105,_ZN5neml29OptionSetaSEOS0_
FN:114,_ZN5neml29OptionSetpLERKS0_
FN:121,_ZN5neml29OptionSetpLEOS0_
FN:190,_ZN5neml29OptionSet5beginEv
FN:196,_ZNK5neml29OptionSet5beginEv
FN:202,_ZN5neml29OptionSet3endEv
FN:208,_ZNK5neml29OptionSet3endEv
FNDA:1,_ZNK5neml29OptionSet5beginEv
FNDA:912,_ZN5neml29OptionSet9set_inputERKSs
FNDA:14446,_ZN5neml29OptionSetaSERKS0_
FNDA:5678,_ZN5neml29OptionSet5beginEv
FNDA:17084,_ZN5neml29OptionSetpLERKS0_
FNDA:5678,_ZN5neml29OptionSet3endEv
FNDA:15,_ZNK5neml29OptionSet3getERKSs
FNDA:1085,_ZN5neml29OptionSetC2EOS0_
FNDA:9675,_ZN5neml29OptionSetC2ERKS0_
FNDA:1,_ZNK5neml29OptionSet3endEv
FNDA:1360,_ZN5neml29OptionSetaSEOS0_
FNDA:15806,_ZN5neml29OptionSet5clearEv
FNDA:416,_ZN5neml29OptionSet10set_outputERKSs
FNDA:781,_ZN5neml29OptionSetpLEOS0_
FNDA:1,_ZN5neml218options_compatibleERKNS_9OptionSetES2_
FNDA:18728,_ZNK5neml29OptionSet8containsERKSs
FNDA:18707,_ZN5neml29OptionSet3setERKSs
FNF:17
FNH:17
DA:31,1
DA:33,2
DA:35,1
DA:36,0
DA:37,1
DA:38,0
DA:40,1
DA:44,18728
DA:46,18728
DA:50,15
DA:52,15
DA:58,15
DA:62,18707
DA:64,18707
DA:70,18707
DA:74,912
DA:76,912
DA:80,416
DA:82,416
DA:86,15806
DA:88,15806
DA:89,15806
DA:91,9675
DA:93,1085
DA:96,14446
DA:98,14446
DA:99,14446
DA:100,14446
DA:101,14446
DA:105,1360
DA:107,1360
DA:108,1360
DA:109,1360
DA:110,1360
DA:114,17084
DA:116,154248
DA:117,137164
DA:118,17084
DA:121,781
DA:123,3124
DA:124,2343
DA:125,781
DA:190,5678
DA:192,5678
DA:196,1
DA:198,1
DA:202,5678
DA:204,5678
DA:208,1
DA:210,1
LF:50
LH:48
end_of_record
TN:
SF:/home/runner/work/neml2/neml2/src/neml2/base/Registry.cxx
FN:31,_ZN5neml28Registry3getEv
FN:38,_ZN5neml28Registry16expected_optionsEv
FN:45,_ZN5neml28Registry16expected_optionsERKSs
FN:56,_ZN5neml28Registry11syntax_typeERKSs
FN:63,_ZN5neml28Registry7builderERKSs
FN:74,_ZN5neml28Registry9add_innerERKSsS2_RKNS_9OptionSetEPFSt10shared_ptrINS_11NEML2ObjectEES5_E
FNDA:1774,_ZN5neml28Registry9add_innerERKSsS2_RKNS_9OptionSetEPFSt10shared_ptrINS_11NEML2ObjectEES5_E
FNDA:1278,_ZN5neml28Registry7builderERKSs
FNDA:582,_ZN5neml28Registry11syntax_typeERKSs
FNDA:2,_ZN5neml28Registry16expected_optionsEv
FNDA:2721,_ZN5neml28Registry16expected_optionsERKSs
FNDA:6357,_ZN5neml28Registry3getEv
FNF:6
FNH:6
DA:31,6357
DA:33,6357
DA:34,6357
DA:38,2
DA:40,2
DA:41,2
DA:45,2721
DA:47,2721
DA:48,2721
DA:49,2721
DA:52,2721
DA:56,582
DA:58,582
DA:59,582
DA:63,1278
DA:65,1278
DA:66,1278
DA:67,1278
DA:70,1278
DA:74,1774
DA:79,1774
DA:80,1774
DA:85,1774
DA:86,1774
DA:87,1774
DA:88,1774
LF:26
LH:26
end_of_record
TN:
SF:/home/runner/work/neml2/neml2/src/neml2/base/Settings.cxx
FN:33,_ZN5neml28Settings16expected_optionsEv
FN:99,_ZN5neml28SettingsC2ERKNS_9OptionSetE
FNDA:278,_ZN5neml28SettingsC2ERKNS_9OptionSetE
FNDA:569,_ZN5neml28Settings16expected_optionsEv
FNF:2
FNH:2
DA:33,569
DA:35,569
DA:36,569
DA:37,569
DA:39,569
DA:45,3414
DA:46,569
DA:47,1138
DA:48,1707
DA:55,3983
DA:56,569
DA:57,1138
DA:58,1707
DA:60,569
DA:61,1138
DA:66,569
DA:68,569
DA:69,1138
DA:70,569
DA:72,569
DA:73,569
DA:75,569
DA:76,569
DA:78,569
DA:79,1138
DA:80,569
DA:82,569
DA:83,1138
DA:84,569
DA:86,569
DA:87,1138
DA:89,569
DA:91,569
DA:92,1138
DA:94,569
DA:96,1138
DA:97,569
DA:99,278
DA:102,278
DA:103,278
DA:106,278
DA:109,278
DA:112,278
DA:115,278
DA:116,278
DA:119,278
DA:120,278
DA:121,0
DA:124,278
DA:125,278
DA:126,0
DA:129,278
DA:130,278
DA:133,278
DA:134,278
LF:55
LH:53
end_of_record
TN:
SF:/home/runner/work/neml2/neml2/src/neml2/drivers/Driver.cxx
FN:30,_ZN5neml26Driver16expected_optionsEv
FN:41,_ZN5neml26DriverC2ERKNS_9OptionSetE
FNDA:113,_ZN5neml26DriverC2ERKNS_9OptionSetE
FNDA:15,_ZN5neml26Driver16expected_optionsEv
FNF:2
FNH:2
DA:30,15
DA:32,15
DA:33,15
DA:35,15
DA:36,15
DA:38,15
DA:39,0
DA:41,113
DA:44,113
DA:46,113
LF:10
LH:9
end_of_record
TN:
SF:/home/runner/work/neml2/neml2/src/neml2/drivers/TransientDriver.cxx
FN:33,_ZN5neml26set_icINS_2R8EEEvRSt3mapINS_19LabeledAxisAccessorENS_6TensorESt4lessIS3_ESaISt4pairIKS3_S4_EEERKNS_9OptionSetERKSsSH_RKN3c106DeviceE
FN:33,_ZN5neml26set_icINS_4SSR4EEEvRSt3mapINS_19LabeledAxisAccessorENS_6TensorESt4lessIS3_ESaISt4pairIKS3_S4_EEERKNS_9OptionSetERKSsSH_RKN3c106DeviceE
FN:33,_ZN5neml26set_icINS_5SFFR4EEEvRSt3mapINS_19LabeledAxisAccessorENS_6TensorESt4lessIS3_ESaISt4pairIKS3_S4_EEERKNS_9OptionSetERKSsSH_RKN3c106DeviceE
FN:33,_ZN5neml26set_icINS_2R3EEEvRSt3mapINS_19LabeledAxisAccessorENS_6TensorESt4lessIS3_ESaISt4pairIKS3_S4_EEERKNS_9OptionSetERKSsSH_RKN3c106DeviceE
FN:33,_ZN5neml26set_icINS_2R5EEEvRSt3mapINS_19LabeledAxisAccessorENS_6TensorESt4lessIS3_ESaISt4pairIKS3_S4_EEERKNS_9OptionSetERKSsSH_RKN3c106DeviceE
FN:33,_ZN5neml26set_icINS_10QuaternionEEEvRSt3mapINS_19LabeledAxisAccessorENS_6TensorESt4lessIS3_ESaISt4pairIKS3_S4_EEERKNS_9OptionSetERKSsSH_RKN3c106DeviceE
FN:33,_ZN5neml26set_icINS_4SFR3EEEvRSt3mapINS_19LabeledAxisAccessorENS_6TensorESt4lessIS3_ESaISt4pairIKS3_S4_EEERKNS_9OptionSetERKSsSH_RKN3c106DeviceE
FN:33,_ZN5neml26set_icINS_3RotEEEvRSt3mapINS_19LabeledAxisAccessorENS_6TensorESt4lessIS3_ESaISt4pairIKS3_S4_EEERKNS_9OptionSetERKSsSH_RKN3c106DeviceE
FN:33,_ZN5neml26set_icINS_4WWR4EEEvRSt3mapINS_19LabeledAxisAccessorENS_6TensorESt4lessIS3_ESaISt4pairIKS3_S4_EEERKNS_9OptionSetERKSsSH_RKN3c106DeviceE
FN:33,_ZN5neml26set_icINS_6SSSSR8EEEvRSt3mapINS_19LabeledAxisAccessorENS_6TensorESt4lessIS3_ESaISt4pairIKS3_S4_EEERKNS_9OptionSetERKSsSH_RKN3c106DeviceE
FN:33,_ZN5neml26set_icINS_4SWR4EEEvRSt3mapINS_19LabeledAxisAccessorENS_6TensorESt4lessIS3_ESaISt4pairIKS3_S4_EEERKNS_9OptionSetERKSsSH_RKN3c106DeviceE
FN:33,_ZN5neml26set_icINS_2R4EEEvRSt3mapINS_19LabeledAxisAccessorENS_6TensorESt4lessIS3_ESaISt4pairIKS3_S4_EEERKNS_9OptionSetERKSsSH_RKN3c106DeviceE
FN:33,_ZN5neml26set_icINS_4WSR4EEEvRSt3mapINS_19LabeledAxisAccessorENS_6TensorESt4lessIS3_ESaISt4pairIKS3_S4_EEERKNS_9OptionSetERKSsSH_RKN3c106DeviceE
FN:33,_ZN5neml26set_icINS_3WR2EEEvRSt3mapINS_19LabeledAxisAccessorENS_6TensorESt4lessIS3_ESaISt4pairIKS3_S4_EEERKNS_9OptionSetERKSsSH_RKN3c106DeviceE
FN:33,_ZN5neml26set_icINS_11MillerIndexEEEvRSt3mapINS_19LabeledAxisAccessorENS_6TensorESt4lessIS3_ESaISt4pairIKS3_S4_EEERKNS_9OptionSetERKSsSH_RKN3c106DeviceE
FN:33,_ZN5neml26set_icINS_5SSFR5EEEvRSt3mapINS_19LabeledAxisAccessorENS_6TensorESt4lessIS3_ESaISt4pairIKS3_S4_EEERKNS_9OptionSetERKSsSH_RKN3c106DeviceE
FN:33,_ZN5neml26set_icINS_2R2EEEvRSt3mapINS_19LabeledAxisAccessorENS_6TensorESt4lessIS3_ESaISt4pairIKS3_S4_EEERKNS_9OptionSetERKSsSH_RKN3c106DeviceE
FN:33,_ZN5neml26set_icINS_3SR2EEEvRSt3mapINS_19LabeledAxisAccessorENS_6TensorESt4lessIS3_ESaISt4pairIKS3_S4_EEERKNS_9OptionSetERKSsSH_RKN3c106DeviceE
FN:33,_ZN5neml26set_icINS_3VecEEEvRSt3mapINS_19LabeledAxisAccessorENS_6TensorESt4lessIS3_ESaISt4pairIKS3_S4_EEERKNS_9OptionSetERKSsSH_RKN3c106DeviceE
FN:33,_ZN5neml26set_icINS_6ScalarEEEvRSt3mapINS_19LabeledAxisAccessorENS_6TensorESt4lessIS3_ESaISt4pairIKS3_S4_EEERKNS_9OptionSetERKSsSH_RKN3c106DeviceE
FN:33,_ZN5neml26set_icINS_6TensorEEEvRSt3mapINS_19LabeledAxisAccessorES1_St4lessIS3_ESaISt4pairIKS3_S1_EEERKNS_9OptionSetERKSsSG_RKN3c106DeviceE
FN:61,_ZN5neml215TransientDriver16expected_optionsEv
FN:110,_ZN5neml215TransientDriverC2ERKNS_9OptionSetE
FN:130,_ZNK5neml215TransientDriver8diagnoseERSt6vectorINS_9DiagnosisESaIS2_EE
FN:154,_ZN5neml215TransientDriver3runEv
FN:177,_ZN5neml215TransientDriver5solveEv
FN:211,_ZN5neml215TransientDriver12advance_stepEv
FN:231,_ZN5neml215TransientDriver13update_forcesEv
FN:238,_ZN5neml215TransientDriver8apply_icEv
FN:252,_ZN5neml215TransientDriver15apply_predictorEv
FN:288,_ZN5neml215TransientDriver10solve_stepEv
FN:294,_ZN5neml215TransientDriver11store_inputEv
FN:300,_ZNK5neml215TransientDriver12save_as_pathEv
FN:306,_ZNK5neml215TransientDriver6resultEv
FN:337,_ZNK5neml215TransientDriver6outputEv
FN:361,_ZNK5neml215TransientDriver9output_ptERKNSt10filesystem4pathE
FNDA:7,_ZN5neml26set_icINS_3RotEEEvRSt3mapINS_19LabeledAxisAccessorENS_6TensorESt4lessIS3_ESaISt4pairIKS3_S4_EEERKNS_9OptionSetERKSsSH_RKN3c106DeviceE
FNDA:63,_ZN5neml215TransientDriver10solve_stepEv
FNDA:7,_ZN5neml26set_icINS_4SFR3EEEvRSt3mapINS_19LabeledAxisAccessorENS_6TensorESt4lessIS3_ESaISt4pairIKS3_S4_EEERKNS_9OptionSetERKSsSH_RKN3c106DeviceE
FNDA:7,_ZN5neml26set_icINS_4SWR4EEEvRSt3mapINS_19LabeledAxisAccessorENS_6TensorESt4lessIS3_ESaISt4pairIKS3_S4_EEERKNS_9OptionSetERKSsSH_RKN3c106DeviceE
FNDA:7,_ZN5neml215TransientDriver8apply_icEv
FNDA:70,_ZN5neml215TransientDriver13update_forcesEv
FNDA:7,_ZN5neml26set_icINS_6SSSSR8EEEvRSt3mapINS_19LabeledAxisAccessorENS_6TensorESt4lessIS3_ESaISt4pairIKS3_S4_EEERKNS_9OptionSetERKSsSH_RKN3c106DeviceE
FNDA:7,_ZN5neml26set_icINS_4WWR4EEEvRSt3mapINS_19LabeledAxisAccessorENS_6TensorESt4lessIS3_ESaISt4pairIKS3_S4_EEERKNS_9OptionSetERKSsSH_RKN3c106DeviceE
FNDA:7,_ZN5neml26set_icINS_2R3EEEvRSt3mapINS_19LabeledAxisAccessorENS_6TensorESt4lessIS3_ESaISt4pairIKS3_S4_EEERKNS_9OptionSetERKSsSH_RKN3c106DeviceE
FNDA:7,_ZNK5neml215TransientDriver8diagnoseERSt6vectorINS_9DiagnosisESaIS2_EE
FNDA:7,_ZN5neml26set_icINS_5SFFR4EEEvRSt3mapINS_19LabeledAxisAccessorENS_6TensorESt4lessIS3_ESaISt4pairIKS3_S4_EEERKNS_9OptionSetERKSsSH_RKN3c106DeviceE
FNDA:7,_ZN5neml26set_icINS_4SSR4EEEvRSt3mapINS_19LabeledAxisAccessorENS_6TensorESt4lessIS3_ESaISt4pairIKS3_S4_EEERKNS_9OptionSetERKSsSH_RKN3c106DeviceE
FNDA:5,_ZNK5neml215TransientDriver6outputEv
FNDA:7,_ZN5neml26set_icINS_2R8EEEvRSt3mapINS_19LabeledAxisAccessorENS_6TensorESt4lessIS3_ESaISt4pairIKS3_S4_EEERKNS_9OptionSetERKSsSH_RKN3c106DeviceE
FNDA:63,_ZN5neml215TransientDriver15apply_predictorEv
FNDA:7,_ZN5neml26set_icINS_10QuaternionEEEvRSt3mapINS_19LabeledAxisAccessorENS_6TensorESt4lessIS3_ESaISt4pairIKS3_S4_EEERKNS_9OptionSetERKSsSH_RKN3c106DeviceE
FNDA:5,_ZNK5neml215TransientDriver9output_ptERKNSt10filesystem4pathE
FNDA:7,_ZN5neml26set_icINS_2R5EEEvRSt3mapINS_19LabeledAxisAccessorENS_6TensorESt4lessIS3_ESaISt4pairIKS3_S4_EEERKNS_9OptionSetERKSsSH_RKN3c106DeviceE
FNDA:7,_ZN5neml26set_icINS_6ScalarEEEvRSt3mapINS_19LabeledAxisAccessorENS_6TensorESt4lessIS3_ESaISt4pairIKS3_S4_EEERKNS_9OptionSetERKSsSH_RKN3c106DeviceE
FNDA:7,_ZN5neml26set_icINS_3VecEEEvRSt3mapINS_19LabeledAxisAccessorENS_6TensorESt4lessIS3_ESaISt4pairIKS3_S4_EEERKNS_9OptionSetERKSsSH_RKN3c106DeviceE
FNDA:7,_ZN5neml26set_icINS_3SR2EEEvRSt3mapINS_19LabeledAxisAccessorENS_6TensorESt4lessIS3_ESaISt4pairIKS3_S4_EEERKNS_9OptionSetERKSsSH_RKN3c106DeviceE
FNDA:7,_ZN5neml26set_icINS_2R2EEEvRSt3mapINS_19LabeledAxisAccessorENS_6TensorESt4lessIS3_ESaISt4pairIKS3_S4_EEERKNS_9OptionSetERKSsSH_RKN3c106DeviceE
FNDA:7,_ZN5neml215TransientDriver3runEv
FNDA:7,_ZN5neml26set_icINS_6TensorEEEvRSt3mapINS_19LabeledAxisAccessorES1_St4lessIS3_ESaISt4pairIKS3_S1_EEERKNS_9OptionSetERKSsSG_RKN3c106DeviceE
FNDA:7,_ZN5neml26set_icINS_4WSR4EEEvRSt3mapINS_19LabeledAxisAccessorENS_6TensorESt4lessIS3_ESaISt4pairIKS3_S4_EEERKNS_9OptionSetERKSsSH_RKN3c106DeviceE
FNDA:7,_ZN5neml26set_icINS_2R4EEEvRSt3mapINS_19LabeledAxisAccessorENS_6TensorESt4lessIS3_ESaISt4pairIKS3_S4_EEERKNS_9OptionSetERKSsSH_RKN3c106DeviceE
FNDA:63,_ZN5neml215TransientDriver12advance_stepEv
FNDA:70,_ZN5neml215TransientDriver11store_inputEv
FNDA:5,_ZNK5neml215TransientDriver6resultEv
FNDA:7,_ZN5neml215TransientDriver5solveEv
FNDA:7,_ZN5neml26set_icINS_5SSFR5EEEvRSt3mapINS_19LabeledAxisAccessorENS_6TensorESt4lessIS3_ESaISt4pairIKS3_S4_EEERKNS_9OptionSetERKSsSH_RKN3c106DeviceE
FNDA:7,_ZN5neml26set_icINS_11MillerIndexEEEvRSt3mapINS_19LabeledAxisAccessorENS_6TensorESt4lessIS3_ESaISt4pairIKS3_S4_EEERKNS_9OptionSetERKSsSH_RKN3c106DeviceE
FNDA:12,_ZNK5neml215TransientDriver12save_as_pathEv
FNDA:12,_ZN5neml215TransientDriver16expected_optionsEv
FNDA:7,_ZN5neml26set_icINS_3WR2EEEvRSt3mapINS_19LabeledAxisAccessorENS_6TensorESt4lessIS3_ESaISt4pairIKS3_S4_EEERKNS_9OptionSetERKSsSH_RKN3c106DeviceE
FNDA:7,_ZN5neml215TransientDriverC2ERKNS_9OptionSetE
FNF:36
FNH:36
DA:33,147
DA:39,147
DA:40,147
DA:41,147
DA:47,147
DA:49,147
DA:51,148
DA:53,1
DA:56,1
DA:58,147
DA:61,12
DA:63,12
DA:65,12
DA:66,12
DA:68,12
DA:69,12
DA:70,12
DA:71,24
DA:73,12
DA:75,60
DA:76,12
DA:77,24
DA:78,24
DA:79,36
DA:81,12
DA:82,24
DA:83,12
DA:85,12
DA:86,12
DA:87,12
DA:88,12
DA:89,12
DA:90,12
DA:92,12
DA:93,24
DA:98,12
DA:105,12
DA:107,24
DA:108,12
DA:110,7
DA:112,7
DA:113,7
DA:114,7
DA:115,7
DA:116,7
DA:117,7
DA:118,7
DA:119,7
DA:120,7
DA:121,7
DA:122,7
DA:123,7
DA:124,21
DA:126,7
DA:127,7
DA:130,7
DA:132,7
DA:133,7
DA:135,14
DA:137,7
DA:139,7
DA:142,7
DA:143,7
DA:144,7
DA:145,20
DA:146,26
DA:147,13
DA:151,7
DA:154,7
DA:168,7
DA:170,7
DA:171,5
DA:173,7
DA:177,7
DA:179,77
DA:181,70
DA:186,70
DA:187,63
DA:188,70
DA:189,70
DA:191,7
DA:192,7
DA:196,63
DA:197,63
DA:198,63
DA:201,70
DA:207,7
DA:211,63
DA:214,63
DA:216,63
DA:217,180
DA:218,117
DA:219,63
DA:222,63
DA:224,63
DA:225,171
DA:226,108
DA:227,63
DA:228,63
DA:231,70
DA:233,70
DA:234,140
DA:235,70
DA:238,7
DA:242,7
DA:245,22
DA:246,15
DA:247,14
DA:248,29
DA:249,7
DA:252,63
DA:254,63
DA:255,27
DA:257,36
DA:258,117
DA:259,81
DA:261,81
DA:262,72
DA:263,9
DA:266,9
DA:267,1
DA:271,8
DA:272,8
DA:273,8
DA:274,8
DA:275,8
DA:277,16
DA:278,16
DA:279,8
DA:280,8
DA:283,0
DA:285,36
DA:288,63
DA:290,63
DA:291,63
DA:294,70
DA:296,70
DA:297,70
DA:300,12
DA:302,12
DA:306,5
DA:309,5
DA:310,55
DA:313,50
DA:314,414
DA:315,364
DA:316,50
DA:317,50
DA:320,5
DA:321,55
DA:324,50
DA:325,180
DA:326,130
DA:327,50
DA:328,50
DA:331,5
DA:332,15
DA:333,10
DA:334,5
DA:337,5
DA:339,5
DA:344,5
DA:345,10
DA:347,5
DA:348,5
DA:354,5
DA:358,5
DA:361,5
DA:363,5
DA:364,5
LF:170
LH:169
end_of_record
TN:
SF:/home/runner/work/neml2/neml2/src/neml2/drivers/solid_mechanics/LDISolidMechanicsDriver.cxx
FN:32,_ZN5neml223LDISolidMechanicsDriver16expected_optionsEv
FN:69,_ZN5neml223LDISolidMechanicsDriverC2ERKNS_9OptionSetE
FN:79,_ZN5neml223LDISolidMechanicsDriver5setupEv
FN:86,_ZN5neml223LDISolidMechanicsDriver19init_strain_controlERKNS_9OptionSetE
FN:94,_ZN5neml223LDISolidMechanicsDriver19init_stress_controlERKNS_9OptionSetE
FN:102,_ZN5neml223LDISolidMechanicsDriver22init_vorticity_controlERKNS_9OptionSetE
FN:110,_ZNK5neml223LDISolidMechanicsDriver8diagnoseERSt6vectorINS_9DiagnosisESaIS2_EE
FN:142,_ZN5neml223LDISolidMechanicsDriver13update_forcesEv
FN:149,_ZN5neml223LDISolidMechanicsDriver15apply_predictorEv
FNDA:6,_ZN5neml223LDISolidMechanicsDriver16expected_optionsEv
FNDA:9,_ZN5neml223LDISolidMechanicsDriver15apply_predictorEv
FNDA:0,_ZN5neml223LDISolidMechanicsDriver19init_stress_controlERKNS_9OptionSetE
FNDA:1,_ZN5neml223LDISolidMechanicsDriver5setupEv
FNDA:1,_ZN5neml223LDISolidMechanicsDriver22init_vorticity_controlERKNS_9OptionSetE
FNDA:1,_ZN5neml223LDISolidMechanicsDriver19init_strain_controlERKNS_9OptionSetE
FNDA:1,_ZNK5neml223LDISolidMechanicsDriver8diagnoseERSt6vectorINS_9DiagnosisESaIS2_EE
FNDA:10,_ZN5neml223LDISolidMechanicsDriver13update_forcesEv
FNDA:1,_ZN5neml223LDISolidMechanicsDriverC2ERKNS_9OptionSetE
FNF:9
FNH:8
DA:32,6
DA:34,6
DA:35,6
DA:36,6
DA:38,6
DA:39,6
DA:40,6
DA:41,12
DA:42,6
DA:44,6
DA:45,6
DA:46,6
DA:47,12
DA:48,6
DA:50,6
DA:51,6
DA:52,6
DA:53,6
DA:55,6
DA:56,12
DA:58,6
DA:59,6
DA:60,12
DA:61,6
DA:62,6
DA:63,12
DA:64,6
DA:66,6
DA:67,0
DA:69,1
DA:71,1
DA:72,1
DA:73,1
DA:74,3
DA:76,1
DA:79,1
DA:81,1
DA:82,1
DA:83,1
DA:86,1
DA:88,1
DA:89,1
DA:90,1
DA:91,1
DA:94,0
DA:96,0
DA:97,0
DA:98,0
DA:99,0
DA:102,1
DA:104,1
DA:105,1
DA:106,1
DA:107,1
DA:110,1
DA:112,1
DA:114,1
DA:116,2
DA:117,1
DA:120,1
DA:121,2
DA:123,1
DA:125,2
DA:129,1
DA:131,2
DA:132,1
DA:133,2
DA:134,1
DA:136,1
DA:139,1
DA:142,10
DA:144,10
DA:145,20
DA:146,10
DA:149,9
DA:151,9
DA:153,9
DA:155,1
DA:156,1
DA:157,1
DA:158,1
DA:159,1
DA:160,9
LF:83
LH:77
end_of_record
TN:
SF:/home/runner/work/neml2/neml2/src/neml2/drivers/solid_mechanics/SDTSolidMechanicsDriver.cxx
FN:32,_ZN5neml223SDTSolidMechanicsDriver16expected_optionsEv
FN:51,_ZN5neml223SDTSolidMechanicsDriverC2ERKNS_9OptionSetE
FN:57,_ZN5neml223SDTSolidMechanicsDriver19init_strain_controlERKNS_9OptionSetE
FN:65,_ZN5neml223SDTSolidMechanicsDriver19init_stress_controlERKNS_9OptionSetE
FNDA:4,_ZN5neml223SDTSolidMechanicsDriver19init_strain_controlERKNS_9OptionSetE
FNDA:6,_ZN5neml223SDTSolidMechanicsDriverC2ERKNS_9OptionSetE
FNDA:6,_ZN5neml223SDTSolidMechanicsDriver16expected_optionsEv
FNDA:1,_ZN5neml223SDTSolidMechanicsDriver19init_stress_controlERKNS_9OptionSetE
FNF:4
FNH:4
DA:32,6
DA:34,6
DA:35,6
DA:36,6
DA:38,6
DA:39,6
DA:40,6
DA:41,6
DA:43,6
DA:44,6
DA:45,6
DA:46,6
DA:48,6
DA:49,0
DA:51,6
DA:52,6
DA:54,6
DA:57,4
DA:59,4
DA:60,4
DA:61,4
DA:62,4
DA:65,1
DA:67,1
DA:68,1
DA:69,1
DA:70,1
LF:27
LH:26
end_of_record
TN:
SF:/home/runner/work/neml2/neml2/src/neml2/drivers/solid_mechanics/SolidMechanicsDriver.cxx
FN:30,_ZN5neml220SolidMechanicsDriver16expected_optionsEv
FN:65,_ZN5neml220SolidMechanicsDriverC2ERKNS_9OptionSetE
FN:73,_ZN5neml220SolidMechanicsDriver5setupEv
FN:93,_ZN5neml220SolidMechanicsDriver18init_mixed_controlERKNS_9OptionSetE
FN:105,_ZN5neml220SolidMechanicsDriver24init_temperature_controlERKNS_9OptionSetE
FN:113,_ZNK5neml220SolidMechanicsDriver8diagnoseERSt6vectorINS_9DiagnosisESaIS2_EE
FN:167,_ZN5neml220SolidMechanicsDriver13update_forcesEv
FNDA:1,_ZN5neml220SolidMechanicsDriver18init_mixed_controlERKNS_9OptionSetE
FNDA:7,_ZN5neml220SolidMechanicsDriver5setupEv
FNDA:7,_ZN5neml220SolidMechanicsDriverC2ERKNS_9OptionSetE
FNDA:70,_ZN5neml220SolidMechanicsDriver13update_forcesEv
FNDA:1,_ZN5neml220SolidMechanicsDriver24init_temperature_controlERKNS_9OptionSetE
FNDA:12,_ZN5neml220SolidMechanicsDriver16expected_optionsEv
FNDA:7,_ZNK5neml220SolidMechanicsDriver8diagnoseERSt6vectorINS_9DiagnosisESaIS2_EE
FNF:7
FNH:7
DA:30,12
DA:32,12
DA:33,12
DA:35,72
DA:36,12
DA:37,24
DA:38,36
DA:40,12
DA:41,12
DA:42,12
DA:43,24
DA:44,12
DA:46,12
DA:47,12
DA:48,12
DA:49,24
DA:52,12
DA:54,12
DA:55,24
DA:56,12
DA:57,12
DA:58,24
DA:60,12
DA:62,24
DA:63,12
DA:65,7
DA:67,7
DA:68,14
DA:70,7
DA:73,7
DA:75,7
DA:77,7
DA:78,5
DA:79,2
DA:80,1
DA:81,1
DA:82,1
DA:88,7
DA:89,1
DA:90,7
DA:93,1
DA:95,1
DA:96,1
DA:97,1
DA:99,1
DA:100,1
DA:101,1
DA:102,1
DA:105,1
DA:107,1
DA:108,1
DA:109,1
DA:110,1
DA:113,7
DA:115,7
DA:117,14
DA:118,7
DA:121,7
DA:123,14
DA:124,7
DA:127,14
DA:129,14
DA:132,7
DA:134,2
DA:135,1
DA:138,1
DA:140,2
DA:142,1
DA:144,2
DA:146,2
DA:150,7
DA:152,2
DA:153,1
DA:156,1
DA:157,2
DA:159,1
DA:161,2
DA:164,7
DA:167,70
DA:169,70
DA:171,140
DA:173,70
DA:174,20
DA:176,70
DA:177,20
DA:178,70
LF:86
LH:86
end_of_record
TN:
SF:/home/runner/work/neml2/neml2/src/neml2/jit/utils.cxx
FN:30,_ZN5neml219neml_assert_tracingEv
FN:36,_ZN5neml223neml_assert_tracing_dbgEv
FNDA:0,_ZN5neml223neml_assert_tracing_dbgEv
FNDA:0,_ZN5neml219neml_assert_tracingEv
FNF:2
FNH:0
DA:30,0
DA:32,0
DA:33,0
DA:36,0
DA:39,0
DA:41,0
LF:6
LH:0
end_of_record
TN:
SF:/home/runner/work/neml2/neml2/src/neml2/misc/error.cxx
FN:30,_ZNK5neml213NEMLException4whatEv
FN:38,_ZN5neml28internal10stream_allERSt19basic_ostringstreamIcSt11char_traitsIcESaIcEE
FNDA:75,_ZN5neml28internal10stream_allERSt19basic_ostringstreamIcSt11char_traitsIcESaIcEE
FNDA:21,_ZNK5neml213NEMLException4whatEv
FNF:2
FNH:2
DA:30,21
DA:32,21
DA:38,75
DA:40,75
LF:4
LH:4
end_of_record
TN:
SF:/home/runner/work/neml2/neml2/src/neml2/misc/math.cxx
FN:34,_ZN5neml24math15ConstantTensorsC2Ev
FN:56,_ZN5neml24math15ConstantTensors3getEv
FN:63,_ZN5neml24math15ConstantTensors18full_to_mandel_mapEv
FN:69,_ZN5neml24math15ConstantTensors18mandel_to_full_mapEv
FN:75,_ZN5neml24math15ConstantTensors21full_to_mandel_factorEv
FN:81,_ZN5neml24math15ConstantTensors21mandel_to_full_factorEv
FN:87,_ZN5neml24math15ConstantTensors16full_to_skew_mapEv
FN:93,_ZN5neml24math15ConstantTensors16skew_to_full_mapEv
FN:99,_ZN5neml24math15ConstantTensors19full_to_skew_factorEv
FN:105,_ZN5neml24math15ConstantTensors19skew_to_full_factorEv
FN:111,_ZN5neml24math15full_to_reducedERKNS_6TensorERKN2at6TensorES7_l
FN:137,_ZN5neml24math15reduced_to_fullERKNS_6TensorERKN2at6TensorES7_l
FN:160,_ZN5neml24math14full_to_mandelERKNS_6TensorEl
FN:170,_ZN5neml24math14mandel_to_fullERKNS_6TensorEl
FN:180,_ZN5neml24math12full_to_skewERKNS_6TensorEl
FN:190,_ZN5neml24math12skew_to_fullERKNS_6TensorEl
FN:200,_ZN5neml24math6jacrevERKNS_6TensorES3_bbb
FN:240,_ZN5neml24math15base_diag_embedERKNS_6TensorElll
FN:249,_ZN5neml24math19skew_and_sym_to_symERKNS_3SR2ERKNS_3WR2E
FN:259,_ZN5neml24math27d_skew_and_sym_to_sym_d_symERKNS_3WR2E
FN:268,_ZN5neml24math28d_skew_and_sym_to_sym_d_skewERKNS_3SR2E
FN:277,_ZN5neml24math22multiply_and_make_skewERKNS_3SR2ES3_
FN:286,_ZN5neml24math32d_multiply_and_make_skew_d_firstERKNS_3SR2E
FN:295,_ZN5neml24math33d_multiply_and_make_skew_d_secondERKNS_3SR2E
FN:304,_ZN5neml24math8base_catERKSt6vectorINS_6TensorESaIS2_EEl
FN:313,_ZN5neml24math10base_stackERKSt6vectorINS_6TensorESaIS2_EEl
FN:322,_ZN5neml24math8base_sumERKNS_6TensorEl
FN:329,_ZN5neml24math9base_meanERKNS_6TensorEl
FN:336,_ZN5neml24math3powERKdRKNS_6TensorE
FN:342,_ZN5neml24math3powERKNS_6TensorES3_
FN:351,_ZN5neml24math6linalg11vector_normERKNS_6TensorE
FN:368,_ZN5neml24math6linalg3invERKNS_6TensorE
FN:374,_ZN5neml24math6linalg5solveERKNS_6TensorES4_
FN:380,_ZN5neml24math6linalg9lu_factorERKNS_6TensorEb
FN:387,_ZN5neml24math6linalg8lu_solveERKNS_6TensorES4_S4_bb
FNDA:3071,_ZN5neml24math15reduced_to_fullERKNS_6TensorERKN2at6TensorES7_l
FNDA:2692,_ZN5neml24math15full_to_reducedERKNS_6TensorERKN2at6TensorES7_l
FNDA:145,_ZN5neml24math6linalg3invERKNS_6TensorE
FNDA:2005,_ZN5neml24math6jacrevERKNS_6TensorES3_bbb
FNDA:2649,_ZN5neml24math15ConstantTensors21mandel_to_full_factorEv
FNDA:1,_ZN5neml24math15ConstantTensorsC2Ev
FNDA:328,_ZN5neml24math19skew_and_sym_to_symERKNS_3SR2ERKNS_3WR2E
FNDA:2190,_ZN5neml24math15ConstantTensors21full_to_mandel_factorEv
FNDA:0,_ZN5neml24math8base_sumERKNS_6TensorEl
FNDA:2,_ZN5neml24math28d_skew_and_sym_to_sym_d_skewERKNS_3SR2E
FNDA:2,_ZN5neml24math6linalg9lu_factorERKNS_6TensorEb
FNDA:422,_ZN5neml24math12skew_to_fullERKNS_6TensorEl
FNDA:490,_ZN5neml24math15base_diag_embedERKNS_6TensorElll
FNDA:1474,_ZN5neml24math6linalg5solveERKNS_6TensorES4_
FNDA:6604,_ZN5neml24math8base_catERKSt6vectorINS_6TensorESaIS2_EEl
FNDA:502,_ZN5neml24math12full_to_skewERKNS_6TensorEl
FNDA:0,_ZN5neml24math9base_meanERKNS_6TensorEl
FNDA:6,_ZN5neml24math6linalg8lu_solveERKNS_6TensorES4_S4_bb
FNDA:2190,_ZN5neml24math15ConstantTensors18full_to_mandel_mapEv
FNDA:502,_ZN5neml24math15ConstantTensors19full_to_skew_factorEv
FNDA:1569,_ZN5neml24math6linalg11vector_normERKNS_6TensorE
FNDA:2649,_ZN5neml24math14mandel_to_fullERKNS_6TensorEl
FNDA:88,_ZN5neml24math3powERKdRKNS_6TensorE
FNDA:502,_ZN5neml24math15ConstantTensors16full_to_skew_mapEv
FNDA:64,_ZN5neml24math32d_multiply_and_make_skew_d_firstERKNS_3SR2E
FNDA:328,_ZN5neml24math22multiply_and_make_skewERKNS_3SR2ES3_
FNDA:2190,_ZN5neml24math14full_to_mandelERKNS_6TensorEl
FNDA:564,_ZN5neml24math10base_stackERKSt6vectorINS_6TensorESaIS2_EEl
FNDA:2649,_ZN5neml24math15ConstantTensors18mandel_to_full_mapEv
FNDA:64,_ZN5neml24math27d_skew_and_sym_to_sym_d_symERKNS_3WR2E
FNDA:422,_ZN5neml24math15ConstantTensors19skew_to_full_factorEv
FNDA:64,_ZN5neml24math33d_multiply_and_make_skew_d_secondERKNS_3SR2E
FNDA:422,_ZN5neml24math15ConstantTensors16skew_to_full_mapEv
FNDA:11526,_ZN5neml24math15ConstantTensors3getEv
FNDA:63,_ZN5neml24math3powERKNS_6TensorES3_
FNF:35
FNH:33
DA:34,1
DA:36,7
DA:39,10
DA:41,7
DA:44,10
DA:46,4
DA:48,10
DA:50,4
DA:52,10
DA:53,1
DA:56,11526
DA:58,11526
DA:59,11526
DA:63,2190
DA:65,2190
DA:69,2649
DA:71,2649
DA:75,2190
DA:77,2190
DA:81,2649
DA:83,2649
DA:87,502
DA:89,502
DA:93,422
DA:95,422
DA:99,502
DA:101,502
DA:105,422
DA:107,422
DA:111,2692
DA:116,2692
DA:117,2692
DA:118,2692
DA:119,2692
DA:120,2692
DA:122,2692
DA:123,2692
DA:124,2692
DA:126,2692
DA:127,2692
DA:130,5384
DA:133,8076
DA:134,2692
DA:137,3071
DA:142,3071
DA:143,3071
DA:144,3071
DA:145,3071
DA:146,3071
DA:148,3071
DA:149,3071
DA:150,3071
DA:151,3071
DA:152,3071
DA:154,6142
DA:155,6142
DA:156,9213
DA:157,3071
DA:160,2190
DA:164,4380
DA:165,4380
DA:166,4380
DA:170,2649
DA:174,5298
DA:175,5298
DA:176,5298
DA:180,502
DA:184,1004
DA:185,1004
DA:186,1004
DA:190,422
DA:194,844
DA:195,844
DA:196,844
DA:200,2005
DA:203,2005
DA:204,15
DA:207,7960
DA:208,1990
DA:217,1990
DA:218,1990
DA:221,1990
DA:223,7446
DA:225,49104
DA:227,16368
DA:230,5456
DA:231,5456
DA:232,10766
DA:233,5456
DA:236,1990
DA:237,1990
DA:240,490
DA:243,980
DA:244,0
DA:245,1470
DA:249,328
DA:253,328
DA:254,328
DA:255,984
DA:256,328
DA:259,64
DA:261,64
DA:262,64
DA:263,256
DA:264,384
DA:265,64
DA:268,2
DA:270,2
DA:271,2
DA:272,8
DA:273,12
DA:274,2
DA:277,328
DA:279,328
DA:280,328
DA:282,984
DA:283,328
DA:286,64
DA:288,64
DA:289,64
DA:290,256
DA:291,384
DA:292,64
DA:295,64
DA:297,64
DA:298,64
DA:299,256
DA:300,384
DA:301,64
DA:304,6604
DA:306,6604
DA:307,6604
DA:308,6604
DA:309,19812
DA:310,6604
DA:313,564
DA:315,564
DA:316,564
DA:317,564
DA:318,1692
DA:319,564
DA:322,0
DA:324,0
DA:325,0
DA:329,0
DA:331,0
DA:332,0
DA:336,88
DA:338,176
DA:342,63
DA:344,63
DA:345,126
DA:351,1569
DA:353,1569
DA:355,1569
DA:359,1569
DA:360,69
DA:362,3000
DA:363,3000
DA:364,3000
DA:368,145
DA:370,290
DA:374,1474
DA:376,2948
DA:380,2
DA:382,2
DA:383,4
DA:384,2
DA:387,6
DA:389,12
LF:170
LH:163
end_of_record
TN:
SF:/home/runner/work/neml2/neml2/src/neml2/misc/parser_utils.cxx
FN:31,_ZNK5neml215ParserException4whatEv
FN:39,_ZN5neml25utilsrsERSt18basic_stringstreamIcSt11char_traitsIcESaIcEERN2at6TensorE
FN:46,_ZN5neml25utils4joinERKSt6vectorISsSaISsEERKSs
FN:59,_ZN5neml25utils5splitERKSsS2_
FN:80,_ZN5neml25utils4trimERKSsS2_
FN:90,_ZN5neml25utils10start_withESt17basic_string_viewIcSt11char_traitsIcEES4_
FN:96,_ZN5neml25utils8end_withESt17basic_string_viewIcSt11char_traitsIcEES4_
FN:104,_ZN5neml25utils6parse_IbEEvRT_RKSs
FN:117,_ZN5neml25utils13parse_vector_IbEEvRSt6vectorIT_SaIS3_EERKSs
FN:127,_ZN5neml25utils6parse_INS_19LabeledAxisAccessorEEEvRT_RKSs
FN:135,_ZN5neml25utils6parse_IN3c1011SmallVectorIlLj6EEEEEvRT_RKSs
FNDA:1,_ZN5neml25utilsrsERSt18basic_stringstreamIcSt11char_traitsIcESaIcEERN2at6TensorE
FNDA:5,_ZNK5neml215ParserException4whatEv
FNDA:3112,_ZN5neml25utils5splitERKSsS2_
FNDA:674,_ZN5neml25utils6parse_INS_19LabeledAxisAccessorEEEvRT_RKSs
FNDA:189,_ZN5neml25utils6parse_IbEEvRT_RKSs
FNDA:0,_ZN5neml25utils4joinERKSt6vectorISsSaISsEERKSs
FNDA:12857,_ZN5neml25utils10start_withESt17basic_string_viewIcSt11char_traitsIcEES4_
FNDA:11986,_ZN5neml25utils4trimERKSsS2_
FNDA:1195,_ZN5neml25utils6parse_IN3c1011SmallVectorIlLj6EEEEEvRT_RKSs
FNDA:1473,_ZN5neml25utils8end_withESt17basic_string_viewIcSt11char_traitsIcEES4_
FNDA:40,_ZN5neml25utils13parse_vector_IbEEvRSt6vectorIT_SaIS3_EERKSs
FNF:11
FNH:10
DA:31,5
DA:33,5
DA:39,1
DA:41,1
DA:46,0
DA:48,0
DA:49,0
DA:51,0
DA:52,0
DA:53,0
DA:55,0
DA:56,0
DA:59,3112
DA:61,3112
DA:63,3112
DA:64,3112
DA:66,8152
DA:68,8136
DA:70,8136
DA:71,8136
DA:72,3096
DA:73,5040
DA:76,3112
DA:77,0
DA:80,11986
DA:82,11986
DA:83,11986
DA:84,17
DA:85,11969
DA:86,11969
DA:90,12857
DA:92,12857
DA:96,1473
DA:98,2946
DA:99,2946
DA:104,189
DA:106,189
DA:107,189
DA:108,99
DA:109,90
DA:110,89
DA:112,1
DA:113,189
DA:117,40
DA:119,80
DA:120,40
DA:121,150
DA:122,110
DA:123,40
DA:127,674
DA:129,1348
DA:130,674
DA:131,674
DA:135,1195
DA:137,1195
DA:138,1
DA:139,2
DA:141,2388
DA:142,2388
DA:144,1194
DA:145,3500
DA:146,2306
DA:147,1194
LF:63
LH:54
end_of_record
TN:
SF:/home/runner/work/neml2/neml2/src/neml2/misc/types.cxx
FN:31,_ZNK5neml213TraceableSize9traceableEv
FN:37,_ZNK5neml213TraceableSize8concreteEv
FN:51,_ZNK5neml213TraceableSize9as_tensorEv
FN:60,_ZN5neml2eqERKNS_13TraceableSizeES2_
FN:66,_ZN5neml2neERKNS_13TraceableSizeES2_
FN:72,_ZN5neml2lsERSoRKNS_13TraceableSizeE
FN:78,_ZN5neml220TraceableTensorShapeC2ERKN3c1011SmallVectorIlLj6EEE
FN:84,_ZN5neml220TraceableTensorShapeC2EN3c108ArrayRefIlEE
FN:90,_ZN5neml220TraceableTensorShapeC2El
FN:95,_ZN5neml220TraceableTensorShapeC2ERKN2at6TensorE
FN:105,_ZNK5neml220TraceableTensorShape5sliceEll
FN:116,_ZNK5neml220TraceableTensorShape5sliceEl
FN:124,_ZNK5neml220TraceableTensorShape8concreteEv
FN:133,_ZNK5neml220TraceableTensorShape9as_tensorEv
FN:145,_ZN5neml2eqERKNS_20TraceableTensorShapeES2_
FN:151,_ZN5neml2neERKNS_20TraceableTensorShapeES2_
FN:157,_ZN5neml222default_tensor_optionsEv
FN:165,_ZN5neml230default_integer_tensor_optionsEv
FN:173,_ZN5neml213default_dtypeEv
FN:180,_ZN5neml221default_integer_dtypeEv
FN:187,_ZN5neml214default_deviceEv
FN:194,_ZN5neml217machine_precisionEv
FN:201,_ZN5neml29toleranceEv
FN:208,_ZN5neml217tighter_toleranceEv
FN:215,_ZN5neml221buffer_name_separatorEv
FN:222,_ZN5neml224parameter_name_separatorEv
FN:229,_ZN5neml234currently_solving_nonlinear_systemEv
FNDA:256430,_ZN5neml220TraceableTensorShapeC2EN3c108ArrayRefIlEE
FNDA:397735,_ZNK5neml213TraceableSize8concreteEv
FNDA:5428,_ZNK5neml213TraceableSize9as_tensorEv
FNDA:6044,_ZN5neml221default_integer_dtypeEv
FNDA:0,_ZN5neml2lsERSoRKNS_13TraceableSizeE
FNDA:35,_ZN5neml2neERKNS_20TraceableTensorShapeES2_
FNDA:351,_ZN5neml224parameter_name_separatorEv
FNDA:26152,_ZNK5neml220TraceableTensorShape9as_tensorEv
FNDA:2088,_ZN5neml220TraceableTensorShapeC2ERKN2at6TensorE
FNDA:280,_ZN5neml217tighter_toleranceEv
FNDA:1147500,_ZNK5neml220TraceableTensorShape8concreteEv
FNDA:152,_ZN5neml230default_integer_tensor_optionsEv
FNDA:282,_ZN5neml214default_deviceEv
FNDA:425,_ZN5neml221buffer_name_separatorEv
FNDA:1789,_ZN5neml217machine_precisionEv
FNDA:559,_ZN5neml213default_dtypeEv
FNDA:340843,_ZN5neml2eqERKNS_20TraceableTensorShapeES2_
FNDA:10,_ZN5neml2eqERKNS_13TraceableSizeES2_
FNDA:280,_ZN5neml29toleranceEv
FNDA:15620,_ZN5neml234currently_solving_nonlinear_systemEv
FNDA:420601,_ZNK5neml213TraceableSize9traceableEv
FNDA:627,_ZN5neml220TraceableTensorShapeC2El
FNDA:1025,_ZN5neml220TraceableTensorShapeC2ERKN3c1011SmallVectorIlLj6EEE
FNDA:24945,_ZNK5neml220TraceableTensorShape5sliceEll
FNDA:0,_ZN5neml2neERKNS_13TraceableSizeES2_
FNDA:3114,_ZN5neml222default_tensor_optionsEv
FNDA:0,_ZNK5neml220TraceableTensorShape5sliceEl
FNF:27
FNH:24
DA:31,420601
DA:33,420601
DA:37,397735
DA:39,397735
DA:41,25334
DA:43,25334
DA:44,25334
DA:47,372401
DA:51,5428
DA:53,5428
DA:54,612
DA:56,4816
DA:60,10
DA:62,10
DA:66,0
DA:68,0
DA:72,0
DA:74,0
DA:75,0
DA:78,1025
DA:80,4015
DA:81,2990
DA:82,1025
DA:84,256430
DA:86,353214
DA:87,96784
DA:88,256430
DA:90,627
DA:91,627
DA:93,627
DA:95,2088
DA:97,2088
DA:98,2088
DA:100,4182
DA:101,4188
DA:102,2088
DA:105,24945
DA:107,24945
DA:108,0
DA:109,24945
DA:110,2462
DA:112,24945
DA:116,0
DA:118,0
DA:119,0
DA:120,0
DA:124,1147500
DA:126,1147500
DA:127,1541674
DA:128,394174
DA:129,1147500
DA:130,0
DA:133,26152
DA:135,26152
DA:136,20736
DA:138,5416
DA:139,10844
DA:140,5428
DA:141,5416
DA:142,5416
DA:145,340843
DA:147,340843
DA:151,35
DA:153,35
DA:157,3114
DA:160,3114
DA:161,3114
DA:165,152
DA:168,152
DA:169,152
DA:173,559
DA:176,559
DA:180,6044
DA:183,6044
DA:187,282
DA:189,282
DA:190,282
DA:194,1789
DA:197,1789
DA:201,280
DA:204,280
DA:208,280
DA:211,280
DA:215,425
DA:217,425
DA:218,425
DA:222,351
DA:224,351
DA:225,351
DA:229,15620
DA:232,15620
LF:91
LH:80
end_of_record
TN:
SF:/home/runner/work/neml2/neml2/src/neml2/misc/utils.cxx
FN:32,_ZN5neml25utils8demangleEPKc
FN:39,_ZN5neml25utils19extract_batch_sizesERKN2at6TensorEl
FN:55,_ZN5neml25utils12storage_sizeEN3c108ArrayRefIlEE
FN:62,_ZN5neml25utils11pad_prependEN3c108ArrayRefIlEEll
FN:70,_ZN5neml25utils11pad_prependERKN2at6TensorEll
FN:93,_ZN5neml25utils7details15add_shapes_implERN3c1011SmallVectorIlLj6EEE
FN:99,_ZN5neml25utils7details25add_traceable_shapes_implERNS_20TraceableTensorShapeE
FNDA:81093,_ZN5neml25utils7details15add_shapes_implERN3c1011SmallVectorIlLj6EEE
FNDA:286316,_ZN5neml25utils8demangleEPKc
FNDA:13079,_ZN5neml25utils7details25add_traceable_shapes_implERNS_20TraceableTensorShapeE
FNDA:5416,_ZN5neml25utils11pad_prependERKN2at6TensorEll
FNDA:242724,_ZN5neml25utils19extract_batch_sizesERKN2at6TensorEl
FNDA:118689,_ZN5neml25utils12storage_sizeEN3c108ArrayRefIlEE
FNDA:386200,_ZN5neml25utils11pad_prependEN3c108ArrayRefIlEEll
FNF:7
FNH:7
DA:32,286316
DA:35,286316
DA:39,242724
DA:43,242724
DA:45,0
DA:46,0
DA:47,0
DA:48,0
DA:49,0
DA:51,485448
DA:55,118689
DA:57,118689
DA:58,118689
DA:62,386200
DA:64,386200
DA:65,386200
DA:66,386200
DA:67,0
DA:70,5416
DA:72,5416
DA:73,5416
DA:74,5416
DA:75,16248
DA:93,81093
DA:95,81093
DA:99,13079
DA:101,13079
LF:27
LH:21
end_of_record
TN:
SF:/home/runner/work/neml2/neml2/src/neml2/models/ArrheniusParameter.cxx
FN:33,_ZN5neml218ArrheniusParameter16expected_optionsEv
FN:56,_ZN5neml218ArrheniusParameterC2ERKNS_9OptionSetE
FN:66,_ZN5neml218ArrheniusParameter9set_valueEbbb
FNDA:21,_ZN5neml218ArrheniusParameter9set_valueEbbb
FNDA:6,_ZN5neml218ArrheniusParameter16expected_optionsEv
FNDA:2,_ZN5neml218ArrheniusParameterC2ERKNS_9OptionSetE
FNF:3
FNH:3
DA:33,6
DA:35,6
DA:36,6
DA:39,6
DA:41,6
DA:42,6
DA:44,6
DA:45,6
DA:47,6
DA:48,6
DA:50,6
DA:51,6
DA:53,6
DA:54,0
DA:56,2
DA:58,2
DA:59,2
DA:60,2
DA:61,4
DA:63,2
DA:66,21
DA:68,42
DA:70,21
DA:71,17
DA:73,21
DA:74,21
DA:76,8
DA:78,4
DA:79,3
DA:81,4
DA:82,1
DA:83,4
DA:84,21
LF:33
LH:32
end_of_record
TN:
SF:/home/runner/work/neml2/neml2/src/neml2/models/Assembler.cxx
FN:31,_ZNK5neml215VectorAssembler20assemble_by_variableERKSt3mapINS_19LabeledAxisAccessorENS_6TensorESt4lessIS2_ESaISt4pairIKS2_S3_EEE
FN:78,_ZNK5neml215VectorAssembler17split_by_variableERKNS_6TensorE
FN:92,_ZNK5neml215VectorAssembler16split_by_subaxisERKNS_6TensorE
FN:106,_ZNK5neml215MatrixAssembler20assemble_by_variableERKSt3mapINS_19LabeledAxisAccessorES1_IS2_NS_6TensorESt4lessIS2_ESaISt4pairIKS2_S3_EEES5_SaIS6_IS7_SA_EEE
FN:185,_ZNK5neml215MatrixAssembler17split_by_variableERKNS_6TensorE
FN:205,_ZNK5neml215MatrixAssembler16split_by_subaxisERKNS_6TensorE
FNDA:1235,_ZNK5neml215MatrixAssembler20assemble_by_variableERKSt3mapINS_19LabeledAxisAccessorES1_IS2_NS_6TensorESt4lessIS2_ESaISt4pairIKS2_S3_EEES5_SaIS6_IS7_SA_EEE
FNDA:2,_ZNK5neml215MatrixAssembler16split_by_subaxisERKNS_6TensorE
FNDA:1568,_ZNK5neml215VectorAssembler17split_by_variableERKNS_6TensorE
FNDA:1,_ZNK5neml215VectorAssembler16split_by_subaxisERKNS_6TensorE
FNDA:1722,_ZNK5neml215VectorAssembler20assemble_by_variableERKSt3mapINS_19LabeledAxisAccessorENS_6TensorESt4lessIS2_ESaISt4pairIKS2_S3_EEE
FNDA:6,_ZNK5neml215MatrixAssembler17split_by_variableERKNS_6TensorE
FNF:6
FNH:6
DA:31,1722
DA:33,1722
DA:36,1722
DA:37,1722
DA:42,1722
DA:43,6778
DA:45,5056
DA:46,5056
DA:48,5053
DA:49,5053
DA:51,5053
DA:53,5053
DA:55,5053
DA:56,5053
DA:58,1722
DA:59,1722
DA:64,1722
DA:67,1722
DA:68,6778
DA:69,5056
DA:70,5053
DA:72,3
DA:74,3444
DA:75,1722
DA:78,1568
DA:80,1568
DA:82,1568
DA:83,1568
DA:85,6187
DA:86,4619
DA:88,3136
DA:89,1568
DA:92,1
DA:94,1
DA:96,1
DA:97,1
DA:99,3
DA:100,2
DA:102,2
DA:103,1
DA:106,1235
DA:108,1235
DA:109,1235
DA:112,1235
DA:113,1235
DA:116,1235
DA:117,4881
DA:119,3646
DA:120,3646
DA:121,0
DA:126,3646
DA:127,14804
DA:129,11158
DA:130,11158
DA:132,11146
DA:133,11146
DA:135,11146
DA:137,11146
DA:139,11146
DA:141,22292
DA:142,11146
DA:144,11146
DA:146,11146
DA:148,22292
DA:150,11146
DA:151,11146
DA:153,1235
DA:154,1235
DA:159,3646
DA:162,3646
DA:163,14804
DA:164,11158
DA:165,11146
DA:167,24
DA:168,24
DA:170,3646
DA:171,3646
DA:174,1235
DA:175,4881
DA:176,3646
DA:177,3646
DA:179,0
DA:181,2470
DA:182,1235
DA:185,6
DA:187,6
DA:189,6
DA:190,6
DA:192,6
DA:193,24
DA:195,18
DA:196,54
DA:197,72
DA:198,108
DA:199,18
DA:201,12
DA:202,6
DA:205,2
DA:207,2
DA:209,2
DA:210,2
DA:212,2
DA:213,4
DA:215,2
DA:216,10
DA:217,16
DA:218,24
DA:219,2
DA:221,4
DA:222,2
LF:110
LH:108
end_of_record
TN:
SF:/home/runner/work/neml2/neml2/src/neml2/models/BackwardEulerTimeIntegration.cxx
FN:35,_ZN5neml228BackwardEulerTimeIntegrationINS_3VecEE16expected_optionsEv
FN:35,_ZN5neml228BackwardEulerTimeIntegrationINS_3SR2EE16expected_optionsEv
FN:35,_ZN5neml228BackwardEulerTimeIntegrationINS_6ScalarEE16expected_optionsEv
FN:59,_ZN5neml228BackwardEulerTimeIntegrationINS_3VecEEC2ERKNS_9OptionSetE
FN:59,_ZN5neml228BackwardEulerTimeIntegrationINS_3SR2EEC2ERKNS_9OptionSetE
FN:59,_ZN5neml228BackwardEulerTimeIntegrationINS_6ScalarEEC2ERKNS_9OptionSetE
FN:74,_ZNK5neml228BackwardEulerTimeIntegrationINS_3SR2EE8diagnoseERSt6vectorINS_9DiagnosisESaIS4_EE
FN:74,_ZNK5neml228BackwardEulerTimeIntegrationINS_6ScalarEE8diagnoseERSt6vectorINS_9DiagnosisESaIS4_EE
FN:74,_ZNK5neml228BackwardEulerTimeIntegrationINS_3VecEE8diagnoseERSt6vectorINS_9DiagnosisESaIS4_EE
FN:84,_ZN5neml228BackwardEulerTimeIntegrationINS_6ScalarEE9set_valueEbbb
FN:84,_ZN5neml228BackwardEulerTimeIntegrationINS_3SR2EE9set_valueEbbb
FN:84,_ZN5neml228BackwardEulerTimeIntegrationINS_3VecEE9set_valueEbbb
FNDA:6,_ZNK5neml228BackwardEulerTimeIntegrationINS_3SR2EE8diagnoseERSt6vectorINS_9DiagnosisESaIS4_EE
FNDA:3,_ZNK5neml228BackwardEulerTimeIntegrationINS_6ScalarEE8diagnoseERSt6vectorINS_9DiagnosisESaIS4_EE
FNDA:6,_ZN5neml228BackwardEulerTimeIntegrationINS_3VecEE16expected_optionsEv
FNDA:0,_ZNK5neml228BackwardEulerTimeIntegrationINS_3VecEE8diagnoseERSt6vectorINS_9DiagnosisESaIS4_EE
FNDA:0,_ZN5neml228BackwardEulerTimeIntegrationINS_3VecEEC2ERKNS_9OptionSetE
FNDA:4902,_ZN5neml228BackwardEulerTimeIntegrationINS_6ScalarEE9set_valueEbbb
FNDA:6,_ZN5neml228BackwardEulerTimeIntegrationINS_3SR2EE16expected_optionsEv
FNDA:9,_ZN5neml228BackwardEulerTimeIntegrationINS_3SR2EEC2ERKNS_9OptionSetE
FNDA:0,_ZN5neml228BackwardEulerTimeIntegrationINS_3VecEE9set_valueEbbb
FNDA:3118,_ZN5neml228BackwardEulerTimeIntegrationINS_3SR2EE9set_valueEbbb
FNDA:6,_ZN5neml228BackwardEulerTimeIntegrationINS_6ScalarEE16expected_optionsEv
FNDA:15,_ZN5neml228BackwardEulerTimeIntegrationINS_6ScalarEEC2ERKNS_9OptionSetE
FNF:12
FNH:9
DA:35,18
DA:37,18
DA:38,18
DA:44,18
DA:46,18
DA:47,18
DA:49,18
DA:50,18
DA:52,18
DA:53,18
DA:55,18
DA:56,0
DA:59,24
DA:61,24
DA:62,24
DA:63,48
DA:64,48
DA:65,24
DA:66,24
DA:67,24
DA:68,48
DA:70,24
DA:74,9
DA:76,9
DA:77,9
DA:78,9
DA:79,9
DA:80,9
DA:84,8020
DA:86,8020
DA:88,8020
DA:89,8019
DA:91,8020
DA:93,3590
DA:95,3590
DA:96,3590
DA:98,3590
DA:99,3578
DA:101,12
DA:102,12
DA:103,12
DA:104,3590
LF:42
LH:41
end_of_record
TN:
SF:/home/runner/work/neml2/neml2/src/neml2/models/BufferStore.cxx
FN:29,_ZN5neml211BufferStoreC2ENS_9OptionSetEPNS_11NEML2ObjectE
FN:36,_ZN5neml211BufferStore13named_buffersEv
FN:44,_ZN5neml211BufferStore15send_buffers_toERKN3c1013TensorOptionsE
FNDA:385,_ZN5neml211BufferStoreC2ENS_9OptionSetEPNS_11NEML2ObjectE
FNDA:0,_ZN5neml211BufferStore15send_buffers_toERKN3c1013TensorOptionsE
FNDA:0,_ZN5neml211BufferStore13named_buffersEv
FNF:3
FNH:1
DA:29,385
DA:30,385
DA:31,385
DA:33,385
DA:36,0
DA:38,0
DA:40,0
DA:44,0
DA:46,0
DA:47,0
DA:48,0
LF:11
LH:4
end_of_record
TN:
SF:/home/runner/work/neml2/neml2/src/neml2/models/ComposedModel.cxx
FN:33,_ZN5neml213ComposedModel16expected_optionsEv
FN:63,_ZN5neml213ComposedModelC2ERKNS_9OptionSetE
FN:130,_ZNK5neml213ComposedModel26named_nonlinear_parametersEb
FN:136,_ZNK5neml213ComposedModel32named_nonlinear_parameter_modelsEb
FN:142,_ZN5neml213ComposedModel20link_input_variablesEPNS_5ModelE
FN:157,_ZN5neml213ComposedModel21link_output_variablesEPNS_5ModelE
FN:165,_ZN5neml213ComposedModel9set_valueEbbb
FNDA:58,_ZN5neml213ComposedModelC2ERKNS_9OptionSetE
FNDA:20,_ZNK5neml213ComposedModel32named_nonlinear_parameter_modelsEb
FNDA:6,_ZN5neml213ComposedModel16expected_optionsEv
FNDA:10,_ZNK5neml213ComposedModel26named_nonlinear_parametersEb
FNDA:4210,_ZN5neml213ComposedModel9set_valueEbbb
FNDA:215,_ZN5neml213ComposedModel21link_output_variablesEPNS_5ModelE
FNDA:215,_ZN5neml213ComposedModel20link_input_variablesEPNS_5ModelE
FNF:7
FNH:7
DA:33,6
DA:35,6
DA:36,6
DA:39,6
DA:41,6
DA:43,6
DA:44,6
DA:46,6
DA:47,12
DA:49,6
DA:51,6
DA:52,12
DA:54,6
DA:56,6
DA:57,12
DA:58,6
DA:60,6
DA:61,0
DA:63,58
DA:65,58
DA:66,116
DA:71,217
DA:72,159
DA:82,58
DA:83,58
DA:84,217
DA:85,215
DA:86,215
DA:89,273
DA:90,215
DA:91,60
DA:92,2
DA:95,116
DA:96,58
DA:97,58
DA:98,0
DA:101,58
DA:102,58
DA:103,58
DA:106,58
DA:109,385
DA:110,327
DA:111,258
DA:114,140
DA:115,82
DA:118,217
DA:120,215
DA:121,56
DA:122,159
DA:123,215
DA:124,56
DA:125,159
DA:127,58
DA:130,10
DA:132,10
DA:136,20
DA:138,20
DA:142,215
DA:144,2070
DA:145,1855
DA:146,327
DA:148,1581
DA:149,1366
DA:151,171
DA:152,171
DA:154,215
DA:157,215
DA:159,575
DA:160,360
DA:161,82
DA:162,215
DA:165,4210
DA:167,26398
DA:169,22188
DA:170,12281
DA:171,9907
DA:172,9483
DA:173,424
DA:174,424
DA:176,0
DA:179,4210
DA:180,6475
DA:181,4443
DA:183,4210
DA:184,328
DA:185,164
DA:186,4210
LF:87
LH:84
end_of_record
TN:
SF:/home/runner/work/neml2/neml2/src/neml2/models/ConstantParameter.cxx
FN:34,_ZN5neml217ConstantParameterINS_6SSSSR8EE16expected_optionsEv
FN:34,_ZN5neml217ConstantParameterINS_4SFR3EE16expected_optionsEv
FN:34,_ZN5neml217ConstantParameterINS_2R8EE16expected_optionsEv
FN:34,_ZN5neml217ConstantParameterINS_3SR2EE16expected_optionsEv
FN:34,_ZN5neml217ConstantParameterINS_5SSFR5EE16expected_optionsEv
FN:34,_ZN5neml217ConstantParameterINS_3VecEE16expected_optionsEv
FN:34,_ZN5neml217ConstantParameterINS_2R2EE16expected_optionsEv
FN:34,_ZN5neml217ConstantParameterINS_2R4EE16expected_optionsEv
FN:34,_ZN5neml217ConstantParameterINS_4SSR4EE16expected_optionsEv
FN:34,_ZN5neml217ConstantParameterINS_10QuaternionEE16expected_optionsEv
FN:34,_ZN5neml217ConstantParameterINS_4WSR4EE16expected_optionsEv
FN:34,_ZN5neml217ConstantParameterINS_2R3EE16expected_optionsEv
FN:34,_ZN5neml217ConstantParameterINS_2R5EE16expected_optionsEv
FN:34,_ZN5neml217ConstantParameterINS_5SFFR4EE16expected_optionsEv
FN:34,_ZN5neml217ConstantParameterINS_3RotEE16expected_optionsEv
FN:34,_ZN5neml217ConstantParameterINS_4WWR4EE16expected_optionsEv
FN:34,_ZN5neml217ConstantParameterINS_3WR2EE16expected_optionsEv
FN:34,_ZN5neml217ConstantParameterINS_6ScalarEE16expected_optionsEv
FN:34,_ZN5neml217ConstantParameterINS_11MillerIndexEE16expected_optionsEv
FN:34,_ZN5neml217ConstantParameterINS_4SWR4EE16expected_optionsEv
FN:46,_ZN5neml217ConstantParameterINS_3RotEEC2ERKNS_9OptionSetE
FN:46,_ZN5neml217ConstantParameterINS_2R2EEC2ERKNS_9OptionSetE
FN:46,_ZN5neml217ConstantParameterINS_5SSFR5EEC2ERKNS_9OptionSetE
FN:46,_ZN5neml217ConstantParameterINS_10QuaternionEEC2ERKNS_9OptionSetE
FN:46,_ZN5neml217ConstantParameterINS_2R5EEC2ERKNS_9OptionSetE
FN:46,_ZN5neml217ConstantParameterINS_4SWR4EEC2ERKNS_9OptionSetE
FN:46,_ZN5neml217ConstantParameterINS_3SR2EEC2ERKNS_9OptionSetE
FN:46,_ZN5neml217ConstantParameterINS_4WSR4EEC2ERKNS_9OptionSetE
FN:46,_ZN5neml217ConstantParameterINS_2R8EEC2ERKNS_9OptionSetE
FN:46,_ZN5neml217ConstantParameterINS_4SFR3EEC2ERKNS_9OptionSetE
FN:46,_ZN5neml217ConstantParameterINS_3WR2EEC2ERKNS_9OptionSetE
FN:46,_ZN5neml217ConstantParameterINS_6ScalarEEC2ERKNS_9OptionSetE
FN:46,_ZN5neml217ConstantParameterINS_6SSSSR8EEC2ERKNS_9OptionSetE
FN:46,_ZN5neml217ConstantParameterINS_11MillerIndexEEC2ERKNS_9OptionSetE
FN:46,_ZN5neml217ConstantParameterINS_4SSR4EEC2ERKNS_9OptionSetE
FN:46,_ZN5neml217ConstantParameterINS_2R3EEC2ERKNS_9OptionSetE
FN:46,_ZN5neml217ConstantParameterINS_2R4EEC2ERKNS_9OptionSetE
FN:46,_ZN5neml217ConstantParameterINS_5SFFR4EEC2ERKNS_9OptionSetE
FN:46,_ZN5neml217ConstantParameterINS_4WWR4EEC2ERKNS_9OptionSetE
FN:46,_ZN5neml217ConstantParameterINS_3VecEEC2ERKNS_9OptionSetE
FN:54,_ZN5neml217ConstantParameterINS_6ScalarEE9set_valueEbbb
FN:54,_ZN5neml217ConstantParameterINS_2R4EE9set_valueEbbb
FN:54,_ZN5neml217ConstantParameterINS_2R2EE9set_valueEbbb
FN:54,_ZN5neml217ConstantParameterINS_4WSR4EE9set_valueEbbb
FN:54,_ZN5neml217ConstantParameterINS_5SSFR5EE9set_valueEbbb
FN:54,_ZN5neml217ConstantParameterINS_4SFR3EE9set_valueEbbb
FN:54,_ZN5neml217ConstantParameterINS_4SSR4EE9set_valueEbbb
FN:54,_ZN5neml217ConstantParameterINS_11MillerIndexEE9set_valueEbbb
FN:54,_ZN5neml217ConstantParameterINS_2R5EE9set_valueEbbb
FN:54,_ZN5neml217ConstantParameterINS_2R3EE9set_valueEbbb
FN:54,_ZN5neml217ConstantParameterINS_3WR2EE9set_valueEbbb
FN:54,_ZN5neml217ConstantParameterINS_6SSSSR8EE9set_valueEbbb
FN:54,_ZN5neml217ConstantParameterINS_10QuaternionEE9set_valueEbbb
FN:54,_ZN5neml217ConstantParameterINS_4SWR4EE9set_valueEbbb
FN:54,_ZN5neml217ConstantParameterINS_4WWR4EE9set_valueEbbb
FN:54,_ZN5neml217ConstantParameterINS_3VecEE9set_valueEbbb
FN:54,_ZN5neml217ConstantParameterINS_3SR2EE9set_valueEbbb
FN:54,_ZN5neml217ConstantParameterINS_2R8EE9set_valueEbbb
FN:54,_ZN5neml217ConstantParameterINS_5SFFR4EE9set_valueEbbb
FN:54,_ZN5neml217ConstantParameterINS_3RotEE9set_valueEbbb
FNDA:0,_ZN5neml217ConstantParameterINS_11MillerIndexEE9set_valueEbbb
FNDA:6,_ZN5neml217ConstantParameterINS_3VecEE16expected_optionsEv
FNDA:0,_ZN5neml217ConstantParameterINS_4SWR4EEC2ERKNS_9OptionSetE
FNDA:0,_ZN5neml217ConstantParameterINS_2R5EE9set_valueEbbb
FNDA:0,_ZN5neml217ConstantParameterINS_2R5EEC2ERKNS_9OptionSetE
FNDA:0,_ZN5neml217ConstantParameterINS_2R3EE9set_valueEbbb
FNDA:0,_ZN5neml217ConstantParameterINS_6SSSSR8EE9set_valueEbbb
FNDA:0,_ZN5neml217ConstantParameterINS_3WR2EE9set_valueEbbb
FNDA:6,_ZN5neml217ConstantParameterINS_2R2EE16expected_optionsEv
FNDA:6,_ZN5neml217ConstantParameterINS_2R4EE16expected_optionsEv
FNDA:6,_ZN5neml217ConstantParameterINS_4SSR4EE16expected_optionsEv
FNDA:6,_ZN5neml217ConstantParameterINS_10QuaternionEE16expected_optionsEv
FNDA:1,_ZN5neml217ConstantParameterINS_3SR2EEC2ERKNS_9OptionSetE
FNDA:6,_ZN5neml217ConstantParameterINS_4WSR4EE16expected_optionsEv
FNDA:0,_ZN5neml217ConstantParameterINS_2R2EE9set_valueEbbb
FNDA:5,_ZN5neml217ConstantParameterINS_6ScalarEE9set_valueEbbb
FNDA:0,_ZN5neml217ConstantParameterINS_2R4EE9set_valueEbbb
FNDA:0,_ZN5neml217ConstantParameterINS_3RotEEC2ERKNS_9OptionSetE
FNDA:6,_ZN5neml217ConstantParameterINS_4SFR3EE16expected_optionsEv
FNDA:0,_ZN5neml217ConstantParameterINS_2R2EEC2ERKNS_9OptionSetE
FNDA:6,_ZN5neml217ConstantParameterINS_2R8EE16expected_optionsEv
FNDA:6,_ZN5neml217ConstantParameterINS_6SSSSR8EE16expected_optionsEv
FNDA:0,_ZN5neml217ConstantParameterINS_4WSR4EE9set_valueEbbb
FNDA:0,_ZN5neml217ConstantParameterINS_5SSFR5EE9set_valueEbbb
FNDA:6,_ZN5neml217ConstantParameterINS_3SR2EE16expected_optionsEv
FNDA:0,_ZN5neml217ConstantParameterINS_5SSFR5EEC2ERKNS_9OptionSetE
FNDA:0,_ZN5neml217ConstantParameterINS_4SFR3EE9set_valueEbbb
FNDA:6,_ZN5neml217ConstantParameterINS_5SSFR5EE16expected_optionsEv
FNDA:0,_ZN5neml217ConstantParameterINS_10QuaternionEEC2ERKNS_9OptionSetE
FNDA:0,_ZN5neml217ConstantParameterINS_4SSR4EE9set_valueEbbb
FNDA:6,_ZN5neml217ConstantParameterINS_3RotEE16expected_optionsEv
FNDA:6,_ZN5neml217ConstantParameterINS_6ScalarEE16expected_optionsEv
FNDA:0,_ZN5neml217ConstantParameterINS_4WWR4EE9set_valueEbbb
FNDA:6,_ZN5neml217ConstantParameterINS_3WR2EE16expected_optionsEv
FNDA:0,_ZN5neml217ConstantParameterINS_11MillerIndexEEC2ERKNS_9OptionSetE
FNDA:6,_ZN5neml217ConstantParameterINS_4WWR4EE16expected_optionsEv
FNDA:0,_ZN5neml217ConstantParameterINS_3VecEE9set_valueEbbb
FNDA:10,_ZN5neml217ConstantParameterINS_3SR2EE9set_valueEbbb
FNDA:0,_ZN5neml217ConstantParameterINS_2R4EEC2ERKNS_9OptionSetE
FNDA:0,_ZN5neml217ConstantParameterINS_4SSR4EEC2ERKNS_9OptionSetE
FNDA:0,_ZN5neml217ConstantParameterINS_2R3EEC2ERKNS_9OptionSetE
FNDA:0,_ZN5neml217ConstantParameterINS_2R8EE9set_valueEbbb
FNDA:0,_ZN5neml217ConstantParameterINS_5SFFR4EEC2ERKNS_9OptionSetE
FNDA:0,_ZN5neml217ConstantParameterINS_4WWR4EEC2ERKNS_9OptionSetE
FNDA:0,_ZN5neml217ConstantParameterINS_5SFFR4EE9set_valueEbbb
FNDA:6,_ZN5neml217ConstantParameterINS_11MillerIndexEE16expected_optionsEv
FNDA:0,_ZN5neml217ConstantParameterINS_3VecEEC2ERKNS_9OptionSetE
FNDA:0,_ZN5neml217ConstantParameterINS_3RotEE9set_valueEbbb
FNDA:6,_ZN5neml217ConstantParameterINS_4SWR4EE16expected_optionsEv
FNDA:6,_ZN5neml217ConstantParameterINS_2R3EE16expected_optionsEv
FNDA:0,_ZN5neml217ConstantParameterINS_10QuaternionEE9set_valueEbbb
FNDA:6,_ZN5neml217ConstantParameterINS_2R5EE16expected_optionsEv
FNDA:0,_ZN5neml217ConstantParameterINS_4SWR4EE9set_valueEbbb
FNDA:6,_ZN5neml217ConstantParameterINS_5SFFR4EE16expected_optionsEv
FNDA:0,_ZN5neml217ConstantParameterINS_4WSR4EEC2ERKNS_9OptionSetE
FNDA:0,_ZN5neml217ConstantParameterINS_2R8EEC2ERKNS_9OptionSetE
FNDA:0,_ZN5neml217ConstantParameterINS_4SFR3EEC2ERKNS_9OptionSetE
FNDA:4,_ZN5neml217ConstantParameterINS_6ScalarEEC2ERKNS_9OptionSetE
FNDA:0,_ZN5neml217ConstantParameterINS_3WR2EEC2ERKNS_9OptionSetE
FNDA:0,_ZN5neml217ConstantParameterINS_6SSSSR8EEC2ERKNS_9OptionSetE
FNF:60
FNH:24
DA:34,120
DA:36,120
DA:37,120
DA:40,120
DA:41,120
DA:42,120
DA:43,0
DA:46,5
DA:48,5
DA:50,5
DA:54,15
DA:56,15
DA:57,13
DA:59,15
DA:60,2
DA:61,0
DA:65,15
LF:17
LH:15
end_of_record
TN:
SF:/home/runner/work/neml2/neml2/src/neml2/models/CopyVariable.cxx
FN:34,_ZN5neml212CopyVariableINS_3SR2EE16expected_optionsEv
FN:34,_ZN5neml212CopyVariableINS_4SFR3EE16expected_optionsEv
FN:34,_ZN5neml212CopyVariableINS_6ScalarEE16expected_optionsEv
FN:34,_ZN5neml212CopyVariableINS_11MillerIndexEE16expected_optionsEv
FN:34,_ZN5neml212CopyVariableINS_2R5EE16expected_optionsEv
FN:34,_ZN5neml212CopyVariableINS_4WSR4EE16expected_optionsEv
FN:34,_ZN5neml212CopyVariableINS_3RotEE16expected_optionsEv
FN:34,_ZN5neml212CopyVariableINS_5SFFR4EE16expected_optionsEv
FN:34,_ZN5neml212CopyVariableINS_2R8EE16expected_optionsEv
FN:34,_ZN5neml212CopyVariableINS_10QuaternionEE16expected_optionsEv
FN:34,_ZN5neml212CopyVariableINS_4SWR4EE16expected_optionsEv
FN:34,_ZN5neml212CopyVariableINS_5SSFR5EE16expected_optionsEv
FN:34,_ZN5neml212CopyVariableINS_2R3EE16expected_optionsEv
FN:34,_ZN5neml212CopyVariableINS_2R2EE16expected_optionsEv
FN:34,_ZN5neml212CopyVariableINS_2R4EE16expected_optionsEv
FN:34,_ZN5neml212CopyVariableINS_3VecEE16expected_optionsEv
FN:34,_ZN5neml212CopyVariableINS_3WR2EE16expected_optionsEv
FN:34,_ZN5neml212CopyVariableINS_4SSR4EE16expected_optionsEv
FN:34,_ZN5neml212CopyVariableINS_4WWR4EE16expected_optionsEv
FN:34,_ZN5neml212CopyVariableINS_6SSSSR8EE16expected_optionsEv
FN:49,_ZN5neml212CopyVariableINS_11MillerIndexEEC2ERKNS_9OptionSetE
FN:49,_ZN5neml212CopyVariableINS_2R2EEC2ERKNS_9OptionSetE
FN:49,_ZN5neml212CopyVariableINS_6SSSSR8EEC2ERKNS_9OptionSetE
FN:49,_ZN5neml212CopyVariableINS_3VecEEC2ERKNS_9OptionSetE
FN:49,_ZN5neml212CopyVariableINS_10QuaternionEEC2ERKNS_9OptionSetE
FN:49,_ZN5neml212CopyVariableINS_3WR2EEC2ERKNS_9OptionSetE
FN:49,_ZN5neml212CopyVariableINS_2R5EEC2ERKNS_9OptionSetE
FN:49,_ZN5neml212CopyVariableINS_5SFFR4EEC2ERKNS_9OptionSetE
FN:49,_ZN5neml212CopyVariableINS_2R3EEC2ERKNS_9OptionSetE
FN:49,_ZN5neml212CopyVariableINS_6ScalarEEC2ERKNS_9OptionSetE
FN:49,_ZN5neml212CopyVariableINS_5SSFR5EEC2ERKNS_9OptionSetE
FN:49,_ZN5neml212CopyVariableINS_2R8EEC2ERKNS_9OptionSetE
FN:49,_ZN5neml212CopyVariableINS_2R4EEC2ERKNS_9OptionSetE
FN:49,_ZN5neml212CopyVariableINS_4WSR4EEC2ERKNS_9OptionSetE
FN:49,_ZN5neml212CopyVariableINS_4SSR4EEC2ERKNS_9OptionSetE
FN:49,_ZN5neml212CopyVariableINS_3SR2EEC2ERKNS_9OptionSetE
FN:49,_ZN5neml212CopyVariableINS_3RotEEC2ERKNS_9OptionSetE
FN:49,_ZN5neml212CopyVariableINS_4WWR4EEC2ERKNS_9OptionSetE
FN:49,_ZN5neml212CopyVariableINS_4SWR4EEC2ERKNS_9OptionSetE
FN:49,_ZN5neml212CopyVariableINS_4SFR3EEC2ERKNS_9OptionSetE
FN:58,_ZN5neml212CopyVariableINS_4WWR4EE9set_valueEbbb
FN:58,_ZN5neml212CopyVariableINS_2R8EE9set_valueEbbb
FN:58,_ZN5neml212CopyVariableINS_4SSR4EE9set_valueEbbb
FN:58,_ZN5neml212CopyVariableINS_5SSFR5EE9set_valueEbbb
FN:58,_ZN5neml212CopyVariableINS_4WSR4EE9set_valueEbbb
FN:58,_ZN5neml212CopyVariableINS_6SSSSR8EE9set_valueEbbb
FN:58,_ZN5neml212CopyVariableINS_2R5EE9set_valueEbbb
FN:58,_ZN5neml212CopyVariableINS_10QuaternionEE9set_valueEbbb
FN:58,_ZN5neml212CopyVariableINS_2R3EE9set_valueEbbb
FN:58,_ZN5neml212CopyVariableINS_3SR2EE9set_valueEbbb
FN:58,_ZN5neml212CopyVariableINS_2R4EE9set_valueEbbb
FN:58,_ZN5neml212CopyVariableINS_4SFR3EE9set_valueEbbb
FN:58,_ZN5neml212CopyVariableINS_5SFFR4EE9set_valueEbbb
FN:58,_ZN5neml212CopyVariableINS_3VecEE9set_valueEbbb
FN:58,_ZN5neml212CopyVariableINS_3RotEE9set_valueEbbb
FN:58,_ZN5neml212CopyVariableINS_2R2EE9set_valueEbbb
FN:58,_ZN5neml212CopyVariableINS_3WR2EE9set_valueEbbb
FN:58,_ZN5neml212CopyVariableINS_11MillerIndexEE9set_valueEbbb
FN:58,_ZN5neml212CopyVariableINS_4SWR4EE9set_valueEbbb
FN:58,_ZN5neml212CopyVariableINS_6ScalarEE9set_valueEbbb
FNDA:171,_ZN5neml212CopyVariableINS_3SR2EE9set_valueEbbb
FNDA:6,_ZN5neml212CopyVariableINS_4SWR4EE16expected_optionsEv
FNDA:0,_ZN5neml212CopyVariableINS_2R4EE9set_valueEbbb
FNDA:0,_ZN5neml212CopyVariableINS_2R4EEC2ERKNS_9OptionSetE
FNDA:6,_ZN5neml212CopyVariableINS_10QuaternionEE16expected_optionsEv
FNDA:0,_ZN5neml212CopyVariableINS_2R8EEC2ERKNS_9OptionSetE
FNDA:0,_ZN5neml212CopyVariableINS_2R3EE9set_valueEbbb
FNDA:0,_ZN5neml212CopyVariableINS_5SSFR5EEC2ERKNS_9OptionSetE
FNDA:6,_ZN5neml212CopyVariableINS_2R8EE16expected_optionsEv
FNDA:0,_ZN5neml212CopyVariableINS_10QuaternionEE9set_valueEbbb
FNDA:6,_ZN5neml212CopyVariableINS_5SFFR4EE16expected_optionsEv
FNDA:0,_ZN5neml212CopyVariableINS_4WWR4EEC2ERKNS_9OptionSetE
FNDA:0,_ZN5neml212CopyVariableINS_3RotEEC2ERKNS_9OptionSetE
FNDA:6,_ZN5neml212CopyVariableINS_2R2EE16expected_optionsEv
FNDA:1,_ZN5neml212CopyVariableINS_3SR2EEC2ERKNS_9OptionSetE
FNDA:6,_ZN5neml212CopyVariableINS_2R3EE16expected_optionsEv
FNDA:0,_ZN5neml212CopyVariableINS_5SFFR4EE9set_valueEbbb
FNDA:0,_ZN5neml212CopyVariableINS_3VecEE9set_valueEbbb
FNDA:0,_ZN5neml212CopyVariableINS_4SFR3EE9set_valueEbbb
FNDA:0,_ZN5neml212CopyVariableINS_4SSR4EEC2ERKNS_9OptionSetE
FNDA:6,_ZN5neml212CopyVariableINS_5SSFR5EE16expected_optionsEv
FNDA:0,_ZN5neml212CopyVariableINS_4WSR4EEC2ERKNS_9OptionSetE
FNDA:6,_ZN5neml212CopyVariableINS_3WR2EE16expected_optionsEv
FNDA:0,_ZN5neml212CopyVariableINS_4SWR4EEC2ERKNS_9OptionSetE
FNDA:6,_ZN5neml212CopyVariableINS_3VecEE16expected_optionsEv
FNDA:0,_ZN5neml212CopyVariableINS_2R2EE9set_valueEbbb
FNDA:6,_ZN5neml212CopyVariableINS_2R4EE16expected_optionsEv
FNDA:0,_ZN5neml212CopyVariableINS_3RotEE9set_valueEbbb
FNDA:0,_ZN5neml212CopyVariableINS_6ScalarEE9set_valueEbbb
FNDA:0,_ZN5neml212CopyVariableINS_4SWR4EE9set_valueEbbb
FNDA:0,_ZN5neml212CopyVariableINS_11MillerIndexEE9set_valueEbbb
FNDA:6,_ZN5neml212CopyVariableINS_6SSSSR8EE16expected_optionsEv
FNDA:6,_ZN5neml212CopyVariableINS_4WWR4EE16expected_optionsEv
FNDA:0,_ZN5neml212CopyVariableINS_4SFR3EEC2ERKNS_9OptionSetE
FNDA:0,_ZN5neml212CopyVariableINS_3WR2EE9set_valueEbbb
FNDA:6,_ZN5neml212CopyVariableINS_4SSR4EE16expected_optionsEv
FNDA:0,_ZN5neml212CopyVariableINS_2R2EEC2ERKNS_9OptionSetE
FNDA:6,_ZN5neml212CopyVariableINS_4SFR3EE16expected_optionsEv
FNDA:0,_ZN5neml212CopyVariableINS_2R8EE9set_valueEbbb
FNDA:6,_ZN5neml212CopyVariableINS_3SR2EE16expected_optionsEv
FNDA:0,_ZN5neml212CopyVariableINS_11MillerIndexEEC2ERKNS_9OptionSetE
FNDA:0,_ZN5neml212CopyVariableINS_4WWR4EE9set_valueEbbb
FNDA:0,_ZN5neml212CopyVariableINS_3WR2EEC2ERKNS_9OptionSetE
FNDA:0,_ZN5neml212CopyVariableINS_10QuaternionEEC2ERKNS_9OptionSetE
FNDA:0,_ZN5neml212CopyVariableINS_6SSSSR8EE9set_valueEbbb
FNDA:0,_ZN5neml212CopyVariableINS_3VecEEC2ERKNS_9OptionSetE
FNDA:0,_ZN5neml212CopyVariableINS_4WSR4EE9set_valueEbbb
FNDA:6,_ZN5neml212CopyVariableINS_6ScalarEE16expected_optionsEv
FNDA:0,_ZN5neml212CopyVariableINS_6SSSSR8EEC2ERKNS_9OptionSetE
FNDA:0,_ZN5neml212CopyVariableINS_5SSFR5EE9set_valueEbbb
FNDA:0,_ZN5neml212CopyVariableINS_4SSR4EE9set_valueEbbb
FNDA:6,_ZN5neml212CopyVariableINS_2R5EE16expected_optionsEv
FNDA:6,_ZN5neml212CopyVariableINS_11MillerIndexEE16expected_optionsEv
FNDA:0,_ZN5neml212CopyVariableINS_2R5EEC2ERKNS_9OptionSetE
FNDA:3,_ZN5neml212CopyVariableINS_6ScalarEEC2ERKNS_9OptionSetE
FNDA:0,_ZN5neml212CopyVariableINS_2R3EEC2ERKNS_9OptionSetE
FNDA:6,_ZN5neml212CopyVariableINS_3RotEE16expected_optionsEv
FNDA:0,_ZN5neml212CopyVariableINS_2R5EE9set_valueEbbb
FNDA:6,_ZN5neml212CopyVariableINS_4WSR4EE16expected_optionsEv
FNDA:0,_ZN5neml212CopyVariableINS_5SFFR4EEC2ERKNS_9OptionSetE
FNF:60
FNH:23
DA:34,120
DA:36,120
DA:37,120
DA:39,120
DA:40,120
DA:42,120
DA:43,120
DA:45,120
DA:46,0
DA:49,4
DA:51,4
DA:52,8
DA:54,4
DA:58,171
DA:60,171
DA:61,171
DA:63,171
DA:64,171
DA:65,81
DA:71,171
LF:20
LH:19
end_of_record
TN:
SF:/home/runner/work/neml2/neml2/src/neml2/models/Data.cxx
FN:30,_ZN5neml24Data16expected_optionsEv
FN:37,_ZN5neml24DataC2ERKNS_9OptionSetE
FNDA:793,_ZN5neml24Data16expected_optionsEv
FNDA:385,_ZN5neml24DataC2ERKNS_9OptionSetE
FNF:2
FNH:2
DA:30,793
DA:32,793
DA:33,793
DA:34,793
DA:35,0
DA:37,385
DA:39,385
DA:41,385
LF:8
LH:7
end_of_record
TN:
SF:/home/runner/work/neml2/neml2/src/neml2/models/ForwardEulerTimeIntegration.cxx
FN:36,_ZN5neml227ForwardEulerTimeIntegrationINS_3VecEE16expected_optionsEv
FN:36,_ZN5neml227ForwardEulerTimeIntegrationINS_6ScalarEE16expected_optionsEv
FN:36,_ZN5neml227ForwardEulerTimeIntegrationINS_3SR2EE16expected_optionsEv
FN:58,_ZN5neml227ForwardEulerTimeIntegrationINS_3VecEEC2ERKNS_9OptionSetE
FN:58,_ZN5neml227ForwardEulerTimeIntegrationINS_3SR2EEC2ERKNS_9OptionSetE
FN:58,_ZN5neml227ForwardEulerTimeIntegrationINS_6ScalarEEC2ERKNS_9OptionSetE
FN:72,_ZNK5neml227ForwardEulerTimeIntegrationINS_6ScalarEE8diagnoseERSt6vectorINS_9DiagnosisESaIS4_EE
FN:72,_ZNK5neml227ForwardEulerTimeIntegrationINS_3VecEE8diagnoseERSt6vectorINS_9DiagnosisESaIS4_EE
FN:72,_ZNK5neml227ForwardEulerTimeIntegrationINS_3SR2EE8diagnoseERSt6vectorINS_9DiagnosisESaIS4_EE
FN:82,_ZN5neml227ForwardEulerTimeIntegrationINS_3VecEE9set_valueEbbb
FN:82,_ZN5neml227ForwardEulerTimeIntegrationINS_3SR2EE9set_valueEbbb
FN:82,_ZN5neml227ForwardEulerTimeIntegrationINS_6ScalarEE9set_valueEbbb
FNDA:0,_ZNK5neml227ForwardEulerTimeIntegrationINS_6ScalarEE8diagnoseERSt6vectorINS_9DiagnosisESaIS4_EE
FNDA:0,_ZN5neml227ForwardEulerTimeIntegrationINS_3VecEE9set_valueEbbb
FNDA:6,_ZN5neml227ForwardEulerTimeIntegrationINS_3VecEE16expected_optionsEv
FNDA:0,_ZNK5neml227ForwardEulerTimeIntegrationINS_3VecEE8diagnoseERSt6vectorINS_9DiagnosisESaIS4_EE
FNDA:0,_ZN5neml227ForwardEulerTimeIntegrationINS_3VecEEC2ERKNS_9OptionSetE
FNDA:3,_ZN5neml227ForwardEulerTimeIntegrationINS_3SR2EEC2ERKNS_9OptionSetE
FNDA:27,_ZN5neml227ForwardEulerTimeIntegrationINS_3SR2EE9set_valueEbbb
FNDA:11,_ZN5neml227ForwardEulerTimeIntegrationINS_6ScalarEE9set_valueEbbb
FNDA:6,_ZN5neml227ForwardEulerTimeIntegrationINS_6ScalarEE16expected_optionsEv
FNDA:3,_ZNK5neml227ForwardEulerTimeIntegrationINS_3SR2EE8diagnoseERSt6vectorINS_9DiagnosisESaIS4_EE
FNDA:6,_ZN5neml227ForwardEulerTimeIntegrationINS_3SR2EE16expected_optionsEv
FNDA:1,_ZN5neml227ForwardEulerTimeIntegrationINS_6ScalarEEC2ERKNS_9OptionSetE
FNF:12
FNH:8
DA:36,18
DA:38,18
DA:39,18
DA:45,18
DA:46,18
DA:48,18
DA:49,18
DA:51,18
DA:52,18
DA:54,18
DA:55,0
DA:58,4
DA:60,4
DA:61,4
DA:62,8
DA:63,8
DA:64,4
DA:65,4
DA:66,8
DA:68,4
DA:72,3
DA:74,3
DA:75,3
DA:76,3
DA:77,3
DA:78,3
DA:82,38
DA:84,38
DA:86,38
DA:87,37
DA:89,38
DA:91,1
DA:93,1
DA:95,1
DA:96,0
DA:98,1
DA:99,1
DA:100,1
DA:101,1
LF:39
LH:37
end_of_record
TN:
SF:/home/runner/work/neml2/neml2/src/neml2/models/ImplicitUpdate.cxx
FN:35,_ZN5neml214ImplicitUpdate16expected_optionsEv
FN:51,_ZN5neml214ImplicitUpdateC2ERKNS_9OptionSetE
FN:73,_ZNK5neml214ImplicitUpdate8diagnoseERSt6vectorINS_9DiagnosisESaIS2_EE
FN:99,_ZN5neml214ImplicitUpdate21link_output_variablesEv
FN:107,_ZN5neml214ImplicitUpdate9set_valueEbbb
FNDA:178,_ZN5neml214ImplicitUpdate9set_valueEbbb
FNDA:8,_ZN5neml214ImplicitUpdate21link_output_variablesEv
FNDA:6,_ZN5neml214ImplicitUpdate16expected_optionsEv
FNDA:5,_ZNK5neml214ImplicitUpdate8diagnoseERSt6vectorINS_9DiagnosisESaIS2_EE
FNDA:8,_ZN5neml214ImplicitUpdateC2ERKNS_9OptionSetE
FNF:5
FNH:5
DA:35,6
DA:37,6
DA:38,6
DA:39,6
DA:41,6
DA:42,12
DA:43,6
DA:45,6
DA:46,6
DA:48,6
DA:49,0
DA:51,8
DA:53,8
DA:55,16
DA:57,8
DA:59,8
DA:61,8
DA:68,27
DA:69,19
DA:70,8
DA:73,5
DA:75,5
DA:76,10
DA:77,5
DA:79,5
DA:80,5
DA:81,5
DA:83,5
DA:84,10
DA:85,5
DA:87,5
DA:88,15
DA:90,5
DA:93,5
DA:95,5
DA:96,5
DA:99,8
DA:101,8
DA:102,27
DA:103,19
DA:104,8
DA:107,178
DA:109,178
DA:112,178
DA:113,356
DA:118,178
DA:121,178
DA:123,178
DA:124,178
DA:125,178
DA:126,178
DA:128,178
DA:140,177
DA:141,26
DA:145,178
DA:148,2
DA:149,2
DA:150,2
DA:151,4
DA:152,2
DA:155,2
DA:158,10
DA:160,8
DA:161,2
DA:163,6
DA:164,6
DA:165,12
DA:167,2
DA:168,178
LF:69
LH:68
end_of_record
TN:
SF:/home/runner/work/neml2/neml2/src/neml2/models/InputParameter.cxx
FN:34,_ZN5neml214InputParameterINS_11MillerIndexEE16expected_optionsEv
FN:34,_ZN5neml214InputParameterINS_4SFR3EE16expected_optionsEv
FN:34,_ZN5neml214InputParameterINS_2R3EE16expected_optionsEv
FN:34,_ZN5neml214InputParameterINS_4SWR4EE16expected_optionsEv
FN:34,_ZN5neml214InputParameterINS_5SSFR5EE16expected_optionsEv
FN:34,_ZN5neml214InputParameterINS_2R8EE16expected_optionsEv
FN:34,_ZN5neml214InputParameterINS_3VecEE16expected_optionsEv
FN:34,_ZN5neml214InputParameterINS_2R2EE16expected_optionsEv
FN:34,_ZN5neml214InputParameterINS_3WR2EE16expected_optionsEv
FN:34,_ZN5neml214InputParameterINS_4WSR4EE16expected_optionsEv
FN:34,_ZN5neml214InputParameterINS_10QuaternionEE16expected_optionsEv
FN:34,_ZN5neml214InputParameterINS_2R5EE16expected_optionsEv
FN:34,_ZN5neml214InputParameterINS_4SSR4EE16expected_optionsEv
FN:34,_ZN5neml214InputParameterINS_6ScalarEE16expected_optionsEv
FN:34,_ZN5neml214InputParameterINS_3SR2EE16expected_optionsEv
FN:34,_ZN5neml214InputParameterINS_4WWR4EE16expected_optionsEv
FN:34,_ZN5neml214InputParameterINS_6SSSSR8EE16expected_optionsEv
FN:34,_ZN5neml214InputParameterINS_5SFFR4EE16expected_optionsEv
FN:34,_ZN5neml214InputParameterINS_3RotEE16expected_optionsEv
FN:34,_ZN5neml214InputParameterINS_2R4EE16expected_optionsEv
FN:45,_ZN5neml214InputParameterINS_3VecEEC2ERKNS_9OptionSetE
FN:45,_ZN5neml214InputParameterINS_2R3EEC2ERKNS_9OptionSetE
FN:45,_ZN5neml214InputParameterINS_2R2EEC2ERKNS_9OptionSetE
FN:45,_ZN5neml214InputParameterINS_4WSR4EEC2ERKNS_9OptionSetE
FN:45,_ZN5neml214InputParameterINS_4SWR4EEC2ERKNS_9OptionSetE
FN:45,_ZN5neml214InputParameterINS_4WWR4EEC2ERKNS_9OptionSetE
FN:45,_ZN5neml214InputParameterINS_2R5EEC2ERKNS_9OptionSetE
FN:45,_ZN5neml214InputParameterINS_5SFFR4EEC2ERKNS_9OptionSetE
FN:45,_ZN5neml214InputParameterINS_3RotEEC2ERKNS_9OptionSetE
FN:45,_ZN5neml214InputParameterINS_2R8EEC2ERKNS_9OptionSetE
FN:45,_ZN5neml214InputParameterINS_4SSR4EEC2ERKNS_9OptionSetE
FN:45,_ZN5neml214InputParameterINS_10QuaternionEEC2ERKNS_9OptionSetE
FN:45,_ZN5neml214InputParameterINS_5SSFR5EEC2ERKNS_9OptionSetE
FN:45,_ZN5neml214InputParameterINS_6SSSSR8EEC2ERKNS_9OptionSetE
FN:45,_ZN5neml214InputParameterINS_6ScalarEEC2ERKNS_9OptionSetE
FN:45,_ZN5neml214InputParameterINS_4SFR3EEC2ERKNS_9OptionSetE
FN:45,_ZN5neml214InputParameterINS_3WR2EEC2ERKNS_9OptionSetE
FN:45,_ZN5neml214InputParameterINS_2R4EEC2ERKNS_9OptionSetE
FN:45,_ZN5neml214InputParameterINS_11MillerIndexEEC2ERKNS_9OptionSetE
FN:45,_ZN5neml214InputParameterINS_3SR2EEC2ERKNS_9OptionSetE
FN:58,_ZN5neml214InputParameterINS_2R5EE9set_valueEbbb
FN:58,_ZN5neml214InputParameterINS_2R4EE9set_valueEbbb
FN:58,_ZN5neml214InputParameterINS_2R8EE9set_valueEbbb
FN:58,_ZN5neml214InputParameterINS_2R2EE9set_valueEbbb
FN:58,_ZN5neml214InputParameterINS_3VecEE9set_valueEbbb
FN:58,_ZN5neml214InputParameterINS_2R3EE9set_valueEbbb
FN:58,_ZN5neml214InputParameterINS_4SSR4EE9set_valueEbbb
FN:58,_ZN5neml214InputParameterINS_6ScalarEE9set_valueEbbb
FN:58,_ZN5neml214InputParameterINS_3RotEE9set_valueEbbb
FN:58,_ZN5neml214InputParameterINS_4SWR4EE9set_valueEbbb
FN:58,_ZN5neml214InputParameterINS_3SR2EE9set_valueEbbb
FN:58,_ZN5neml214InputParameterINS_5SSFR5EE9set_valueEbbb
FN:58,_ZN5neml214InputParameterINS_4WSR4EE9set_valueEbbb
FN:58,_ZN5neml214InputParameterINS_4SFR3EE9set_valueEbbb
FN:58,_ZN5neml214InputParameterINS_11MillerIndexEE9set_valueEbbb
FN:58,_ZN5neml214InputParameterINS_10QuaternionEE9set_valueEbbb
FN:58,_ZN5neml214InputParameterINS_5SFFR4EE9set_valueEbbb
FN:58,_ZN5neml214InputParameterINS_6SSSSR8EE9set_valueEbbb
FN:58,_ZN5neml214InputParameterINS_4WWR4EE9set_valueEbbb
FN:58,_ZN5neml214InputParameterINS_3WR2EE9set_valueEbbb
FNDA:0,_ZN5neml214InputParameterINS_3VecEEC2ERKNS_9OptionSetE
FNDA:0,_ZN5neml214InputParameterINS_2R5EE9set_valueEbbb
FNDA:6,_ZN5neml214InputParameterINS_11MillerIndexEE16expected_optionsEv
FNDA:6,_ZN5neml214InputParameterINS_4SFR3EE16expected_optionsEv
FNDA:6,_ZN5neml214InputParameterINS_2R3EE16expected_optionsEv
FNDA:0,_ZN5neml214InputParameterINS_2R4EE9set_valueEbbb
FNDA:6,_ZN5neml214InputParameterINS_4SWR4EE16expected_optionsEv
FNDA:0,_ZN5neml214InputParameterINS_3VecEE9set_valueEbbb
FNDA:0,_ZN5neml214InputParameterINS_2R8EE9set_valueEbbb
FNDA:0,_ZN5neml214InputParameterINS_2R3EEC2ERKNS_9OptionSetE
FNDA:0,_ZN5neml214InputParameterINS_2R2EE9set_valueEbbb
FNDA:6,_ZN5neml214InputParameterINS_2R2EE16expected_optionsEv
FNDA:0,_ZN5neml214InputParameterINS_2R2EEC2ERKNS_9OptionSetE
FNDA:6,_ZN5neml214InputParameterINS_2R8EE16expected_optionsEv
FNDA:6,_ZN5neml214InputParameterINS_3VecEE16expected_optionsEv
FNDA:6,_ZN5neml214InputParameterINS_5SSFR5EE16expected_optionsEv
FNDA:0,_ZN5neml214InputParameterINS_2R3EE9set_valueEbbb
FNDA:102,_ZN5neml214InputParameterINS_4SSR4EE9set_valueEbbb
FNDA:0,_ZN5neml214InputParameterINS_4WSR4EEC2ERKNS_9OptionSetE
FNDA:0,_ZN5neml214InputParameterINS_2R5EEC2ERKNS_9OptionSetE
FNDA:0,_ZN5neml214InputParameterINS_4SWR4EEC2ERKNS_9OptionSetE
FNDA:1350,_ZN5neml214InputParameterINS_6ScalarEE9set_valueEbbb
FNDA:0,_ZN5neml214InputParameterINS_4WWR4EEC2ERKNS_9OptionSetE
FNDA:0,_ZN5neml214InputParameterINS_5SFFR4EEC2ERKNS_9OptionSetE
FNDA:6,_ZN5neml214InputParameterINS_3WR2EE16expected_optionsEv
FNDA:0,_ZN5neml214InputParameterINS_3RotEE9set_valueEbbb
FNDA:0,_ZN5neml214InputParameterINS_4SWR4EE9set_valueEbbb
FNDA:6,_ZN5neml214InputParameterINS_4WSR4EE16expected_optionsEv
FNDA:6,_ZN5neml214InputParameterINS_10QuaternionEE16expected_optionsEv
FNDA:6,_ZN5neml214InputParameterINS_2R5EE16expected_optionsEv
FNDA:0,_ZN5neml214InputParameterINS_3SR2EE9set_valueEbbb
FNDA:0,_ZN5neml214InputParameterINS_5SSFR5EE9set_valueEbbb
FNDA:2,_ZN5neml214InputParameterINS_4SSR4EEC2ERKNS_9OptionSetE
FNDA:0,_ZN5neml214InputParameterINS_2R8EEC2ERKNS_9OptionSetE
FNDA:0,_ZN5neml214InputParameterINS_3RotEEC2ERKNS_9OptionSetE
FNDA:0,_ZN5neml214InputParameterINS_10QuaternionEEC2ERKNS_9OptionSetE
FNDA:0,_ZN5neml214InputParameterINS_4WSR4EE9set_valueEbbb
FNDA:0,_ZN5neml214InputParameterINS_5SSFR5EEC2ERKNS_9OptionSetE
FNDA:0,_ZN5neml214InputParameterINS_6SSSSR8EEC2ERKNS_9OptionSetE
FNDA:6,_ZN5neml214InputParameterINS_4SSR4EE16expected_optionsEv
FNDA:48,_ZN5neml214InputParameterINS_6ScalarEEC2ERKNS_9OptionSetE
FNDA:0,_ZN5neml214InputParameterINS_4SFR3EE9set_valueEbbb
FNDA:0,_ZN5neml214InputParameterINS_4SFR3EEC2ERKNS_9OptionSetE
FNDA:0,_ZN5neml214InputParameterINS_3WR2EEC2ERKNS_9OptionSetE
FNDA:6,_ZN5neml214InputParameterINS_6ScalarEE16expected_optionsEv
FNDA:0,_ZN5neml214InputParameterINS_11MillerIndexEE9set_valueEbbb
FNDA:6,_ZN5neml214InputParameterINS_3SR2EE16expected_optionsEv
FNDA:6,_ZN5neml214InputParameterINS_4WWR4EE16expected_optionsEv
FNDA:6,_ZN5neml214InputParameterINS_6SSSSR8EE16expected_optionsEv
FNDA:0,_ZN5neml214InputParameterINS_5SFFR4EE9set_valueEbbb
FNDA:0,_ZN5neml214InputParameterINS_11MillerIndexEEC2ERKNS_9OptionSetE
FNDA:0,_ZN5neml214InputParameterINS_2R4EEC2ERKNS_9OptionSetE
FNDA:0,_ZN5neml214InputParameterINS_10QuaternionEE9set_valueEbbb
FNDA:0,_ZN5neml214InputParameterINS_6SSSSR8EE9set_valueEbbb
FNDA:6,_ZN5neml214InputParameterINS_5SFFR4EE16expected_optionsEv
FNDA:0,_ZN5neml214InputParameterINS_4WWR4EE9set_valueEbbb
FNDA:6,_ZN5neml214InputParameterINS_3RotEE16expected_optionsEv
FNDA:6,_ZN5neml214InputParameterINS_2R4EE16expected_optionsEv
FNDA:0,_ZN5neml214InputParameterINS_3WR2EE9set_valueEbbb
FNDA:0,_ZN5neml214InputParameterINS_3SR2EEC2ERKNS_9OptionSetE
FNF:60
FNH:24
DA:34,120
DA:36,120
DA:37,120
DA:39,120
DA:40,120
DA:41,120
DA:42,0
DA:45,50
DA:47,50
DA:49,50
DA:52,50
DA:54,50
DA:58,1452
DA:60,1452
DA:61,1452
DA:63,1452
DA:64,797
DA:65,797
DA:69,1452
LF:19
LH:18
end_of_record
TN:
SF:/home/runner/work/neml2/neml2/src/neml2/models/LabeledAxis.cxx
FN:29,_ZN5neml211LabeledAxisC2ENS_19LabeledAxisAccessorE
FN:35,_ZNK5neml211LabeledAxis7qualifyERKNS_19LabeledAxisAccessorE
FN:41,_ZN5neml211LabeledAxis11add_subaxisERKSs
FN:54,_ZN5neml211LabeledAxis12add_variableERKNS_19LabeledAxisAccessorEl
FN:72,_ZN5neml211LabeledAxis12setup_layoutEv
FN:132,_ZNK5neml211LabeledAxis4sizeEv
[...]
FN:37,_ZN5neml219OnesPrimitiveTensorINS_4SWR4EE16expected_optionsEv
FN:37,_ZN5neml219OnesPrimitiveTensorINS_2R8EE16expected_optionsEv
FN:37,_ZN5neml219OnesPrimitiveTensorINS_6SSSSR8EE16expected_optionsEv
FN:37,_ZN5neml219OnesPrimitiveTensorINS_5SFFR4EE16expected_optionsEv
FN:37,_ZN5neml219OnesPrimitiveTensorINS_10QuaternionEE16expected_optionsEv
FN:37,_ZN5neml219OnesPrimitiveTensorINS_3WR2EE16expected_optionsEv
FN:37,_ZN5neml219OnesPrimitiveTensorINS_4WWR4EE16expected_optionsEv
FN:37,_ZN5neml219OnesPrimitiveTensorINS_2R3EE16expected_optionsEv
FN:37,_ZN5neml219OnesPrimitiveTensorINS_4SSR4EE16expected_optionsEv
FN:37,_ZN5neml219OnesPrimitiveTensorINS_2R2EE16expected_optionsEv
FN:37,_ZN5neml219OnesPrimitiveTensorINS_2R5EE16expected_optionsEv
FN:37,_ZN5neml219OnesPrimitiveTensorINS_11MillerIndexEE16expected_optionsEv
FN:37,_ZN5neml219OnesPrimitiveTensorINS_2R4EE16expected_optionsEv
FN:37,_ZN5neml219OnesPrimitiveTensorINS_3VecEE16expected_optionsEv
FN:37,_ZN5neml219OnesPrimitiveTensorINS_4SFR3EE16expected_optionsEv
FN:37,_ZN5neml219OnesPrimitiveTensorINS_4WSR4EE16expected_optionsEv
FN:37,_ZN5neml219OnesPrimitiveTensorINS_3RotEE16expected_optionsEv
FN:37,_ZN5neml219OnesPrimitiveTensorINS_6ScalarEE16expected_optionsEv
FN:37,_ZN5neml219OnesPrimitiveTensorINS_3SR2EE16expected_optionsEv
FN:37,_ZN5neml219OnesPrimitiveTensorINS_5SSFR5EE16expected_optionsEv
FN:53,_ZN5neml219OnesPrimitiveTensorINS_10QuaternionEEC2ERKNS_9OptionSetE
FN:53,_ZN5neml219OnesPrimitiveTensorINS_3SR2EEC2ERKNS_9OptionSetE
FN:53,_ZN5neml219OnesPrimitiveTensorINS_3VecEEC2ERKNS_9OptionSetE
FN:53,_ZN5neml219OnesPrimitiveTensorINS_5SFFR4EEC2ERKNS_9OptionSetE
FN:53,_ZN5neml219OnesPrimitiveTensorINS_6SSSSR8EEC2ERKNS_9OptionSetE
FN:53,_ZN5neml219OnesPrimitiveTensorINS_4WWR4EEC2ERKNS_9OptionSetE
FN:53,_ZN5neml219OnesPrimitiveTensorINS_5SSFR5EEC2ERKNS_9OptionSetE
FN:53,_ZN5neml219OnesPrimitiveTensorINS_11MillerIndexEEC2ERKNS_9OptionSetE
FN:53,_ZN5neml219OnesPrimitiveTensorINS_3WR2EEC2ERKNS_9OptionSetE
FN:53,_ZN5neml219OnesPrimitiveTensorINS_4SFR3EEC2ERKNS_9OptionSetE
FN:53,_ZN5neml219OnesPrimitiveTensorINS_6ScalarEEC2ERKNS_9OptionSetE
FN:53,_ZN5neml219OnesPrimitiveTensorINS_2R2EEC2ERKNS_9OptionSetE
FN:53,_ZN5neml219OnesPrimitiveTensorINS_2R8EEC2ERKNS_9OptionSetE
FN:53,_ZN5neml219OnesPrimitiveTensorINS_2R3EEC2ERKNS_9OptionSetE
FN:53,_ZN5neml219OnesPrimitiveTensorINS_2R4EEC2ERKNS_9OptionSetE
FN:53,_ZN5neml219OnesPrimitiveTensorINS_3RotEEC2ERKNS_9OptionSetE
FN:53,_ZN5neml219OnesPrimitiveTensorINS_4WSR4EEC2ERKNS_9OptionSetE
FN:53,_ZN5neml219OnesPrimitiveTensorINS_4SWR4EEC2ERKNS_9OptionSetE
FN:53,_ZN5neml219OnesPrimitiveTensorINS_4SSR4EEC2ERKNS_9OptionSetE
FN:53,_ZN5neml219OnesPrimitiveTensorINS_2R5EEC2ERKNS_9OptionSetE
FNDA:0,_ZN5neml219OnesPrimitiveTensorINS_6SSSSR8EEC2ERKNS_9OptionSetE
FNDA:0,_ZN5neml219OnesPrimitiveTensorINS_4WWR4EEC2ERKNS_9OptionSetE
FNDA:1,_ZN5neml219OnesPrimitiveTensorINS_3VecEEC2ERKNS_9OptionSetE
FNDA:0,_ZN5neml219OnesPrimitiveTensorINS_5SFFR4EEC2ERKNS_9OptionSetE
FNDA:6,_ZN5neml219OnesPrimitiveTensorINS_6SSSSR8EE16expected_optionsEv
FNDA:1,_ZN5neml219OnesPrimitiveTensorINS_3SR2EEC2ERKNS_9OptionSetE
FNDA:6,_ZN5neml219OnesPrimitiveTensorINS_2R8EE16expected_optionsEv
FNDA:0,_ZN5neml219OnesPrimitiveTensorINS_10QuaternionEEC2ERKNS_9OptionSetE
FNDA:6,_ZN5neml219OnesPrimitiveTensorINS_4SWR4EE16expected_optionsEv
FNDA:6,_ZN5neml219OnesPrimitiveTensorINS_4WWR4EE16expected_optionsEv
FNDA:1,_ZN5neml219OnesPrimitiveTensorINS_6ScalarEEC2ERKNS_9OptionSetE
FNDA:0,_ZN5neml219OnesPrimitiveTensorINS_3WR2EEC2ERKNS_9OptionSetE
FNDA:1,_ZN5neml219OnesPrimitiveTensorINS_4SFR3EEC2ERKNS_9OptionSetE
FNDA:6,_ZN5neml219OnesPrimitiveTensorINS_3WR2EE16expected_optionsEv
FNDA:6,_ZN5neml219OnesPrimitiveTensorINS_10QuaternionEE16expected_optionsEv
FNDA:1,_ZN5neml219OnesPrimitiveTensorINS_5SSFR5EEC2ERKNS_9OptionSetE
FNDA:0,_ZN5neml219OnesPrimitiveTensorINS_11MillerIndexEEC2ERKNS_9OptionSetE
FNDA:6,_ZN5neml219OnesPrimitiveTensorINS_5SFFR4EE16expected_optionsEv
FNDA:6,_ZN5neml219OnesPrimitiveTensorINS_11MillerIndexEE16expected_optionsEv
FNDA:6,_ZN5neml219OnesPrimitiveTensorINS_2R5EE16expected_optionsEv
FNDA:6,_ZN5neml219OnesPrimitiveTensorINS_2R2EE16expected_optionsEv
FNDA:1,_ZN5neml219OnesPrimitiveTensorINS_3RotEEC2ERKNS_9OptionSetE
FNDA:1,_ZN5neml219OnesPrimitiveTensorINS_2R4EEC2ERKNS_9OptionSetE
FNDA:1,_ZN5neml219OnesPrimitiveTensorINS_2R3EEC2ERKNS_9OptionSetE
FNDA:6,_ZN5neml219OnesPrimitiveTensorINS_4SSR4EE16expected_optionsEv
FNDA:6,_ZN5neml219OnesPrimitiveTensorINS_2R3EE16expected_optionsEv
FNDA:0,_ZN5neml219OnesPrimitiveTensorINS_2R8EEC2ERKNS_9OptionSetE
FNDA:1,_ZN5neml219OnesPrimitiveTensorINS_2R2EEC2ERKNS_9OptionSetE
FNDA:6,_ZN5neml219OnesPrimitiveTensorINS_5SSFR5EE16expected_optionsEv
FNDA:6,_ZN5neml219OnesPrimitiveTensorINS_3SR2EE16expected_optionsEv
FNDA:1,_ZN5neml219OnesPrimitiveTensorINS_2R5EEC2ERKNS_9OptionSetE
FNDA:1,_ZN5neml219OnesPrimitiveTensorINS_4SSR4EEC2ERKNS_9OptionSetE
FNDA:6,_ZN5neml219OnesPrimitiveTensorINS_6ScalarEE16expected_optionsEv
FNDA:6,_ZN5neml219OnesPrimitiveTensorINS_3RotEE16expected_optionsEv
FNDA:6,_ZN5neml219OnesPrimitiveTensorINS_4WSR4EE16expected_optionsEv
FNDA:6,_ZN5neml219OnesPrimitiveTensorINS_4SFR3EE16expected_optionsEv
FNDA:6,_ZN5neml219OnesPrimitiveTensorINS_3VecEE16expected_optionsEv
FNDA:0,_ZN5neml219OnesPrimitiveTensorINS_4SWR4EEC2ERKNS_9OptionSetE
FNDA:6,_ZN5neml219OnesPrimitiveTensorINS_2R4EE16expected_optionsEv
FNDA:0,_ZN5neml219OnesPrimitiveTensorINS_4WSR4EEC2ERKNS_9OptionSetE
FNF:40
FNH:31
DA:37,120
DA:41,120
DA:43,120
DA:44,120
DA:46,120
DA:47,120
DA:49,240
DA:50,120
DA:53,11
DA:54,22
DA:55,22
DA:57,11
LF:12
LH:12
end_of_record
TN:
SF:/home/runner/work/neml2/neml2/src/neml2/tensors/user_tensors/OnesTensor.cxx
FN:32,_ZN5neml210OnesTensor16expected_optionsEv
FN:46,_ZN5neml210OnesTensorC2ERKNS_9OptionSetE
FNDA:6,_ZN5neml210OnesTensor16expected_optionsEv
FNDA:1,_ZN5neml210OnesTensorC2ERKNS_9OptionSetE
FNF:2
FNH:2
DA:32,6
DA:34,6
DA:35,6
DA:37,6
DA:38,6
DA:40,6
DA:41,6
DA:43,6
DA:44,0
DA:46,1
DA:47,2
DA:49,1
DA:50,3
DA:52,1
LF:14
LH:13
end_of_record
TN:
SF:/home/runner/work/neml2/neml2/src/neml2/tensors/user_tensors/Orientation.cxx
FN:35,_ZN5neml211Orientation16expected_optionsEv
FN:72,_ZN5neml211OrientationC2ERKNS_9OptionSetE
FN:79,_ZNK5neml211Orientation4fillERKNS_9OptionSetE
FN:107,_ZNK5neml211Orientation16expand_as_neededERKNS_3RotEj
FNDA:6,_ZN5neml211Orientation16expected_optionsEv
FNDA:6,_ZNK5neml211Orientation4fillERKNS_9OptionSetE
FNDA:6,_ZNK5neml211Orientation16expand_as_neededERKNS_3RotEj
FNDA:6,_ZN5neml211OrientationC2ERKNS_9OptionSetE
FNF:4
FNH:4
DA:35,6
DA:37,6
DA:39,6
DA:43,6
DA:45,6
DA:46,12
DA:47,6
DA:49,6
DA:50,6
DA:52,6
DA:53,6
DA:55,6
DA:56,6
DA:58,6
DA:59,12
DA:61,6
DA:63,6
DA:64,6
DA:66,6
DA:67,6
DA:69,6
DA:70,0
DA:72,6
DA:74,6
DA:76,6
DA:79,6
DA:81,12
DA:83,6
DA:84,6
DA:86,12
DA:87,12
DA:88,12
DA:89,12
DA:90,12
DA:91,18
DA:93,0
DA:95,0
DA:98,0
DA:100,6
DA:101,0
DA:103,6
DA:104,6
DA:107,6
DA:109,6
DA:110,0
DA:112,6
LF:46
LH:40
end_of_record
TN:
SF:/home/runner/work/neml2/neml2/src/neml2/tensors/user_tensors/UserPrimitiveTensor.cxx
FN:38,_ZN5neml219UserPrimitiveTensorINS_2R5EE16expected_optionsEv
FN:38,_ZN5neml219UserPrimitiveTensorINS_3SR2EE16expected_optionsEv
FN:38,_ZN5neml219UserPrimitiveTensorINS_2R3EE16expected_optionsEv
FN:38,_ZN5neml219UserPrimitiveTensorINS_10QuaternionEE16expected_optionsEv
FN:38,_ZN5neml219UserPrimitiveTensorINS_6SSSSR8EE16expected_optionsEv
FN:38,_ZN5neml219UserPrimitiveTensorINS_4SFR3EE16expected_optionsEv
FN:38,_ZN5neml219UserPrimitiveTensorINS_3RotEE16expected_optionsEv
FN:38,_ZN5neml219UserPrimitiveTensorINS_6ScalarEE16expected_optionsEv
FN:38,_ZN5neml219UserPrimitiveTensorINS_3WR2EE16expected_optionsEv
FN:38,_ZN5neml219UserPrimitiveTensorINS_11MillerIndexEE16expected_optionsEv
FN:38,_ZN5neml219UserPrimitiveTensorINS_3VecEE16expected_optionsEv
FN:38,_ZN5neml219UserPrimitiveTensorINS_5SSFR5EE16expected_optionsEv
FN:38,_ZN5neml219UserPrimitiveTensorINS_2R4EE16expected_optionsEv
FN:38,_ZN5neml219UserPrimitiveTensorINS_2R2EE16expected_optionsEv
FN:38,_ZN5neml219UserPrimitiveTensorINS_4SWR4EE16expected_optionsEv
FN:38,_ZN5neml219UserPrimitiveTensorINS_4WWR4EE16expected_optionsEv
FN:38,_ZN5neml219UserPrimitiveTensorINS_5SFFR4EE16expected_optionsEv
FN:38,_ZN5neml219UserPrimitiveTensorINS_4SSR4EE16expected_optionsEv
FN:38,_ZN5neml219UserPrimitiveTensorINS_4WSR4EE16expected_optionsEv
FN:38,_ZN5neml219UserPrimitiveTensorINS_2R8EE16expected_optionsEv
FN:59,_ZN5neml219UserPrimitiveTensorINS_6ScalarEEC2ERKNS_9OptionSetE
FN:59,_ZN5neml219UserPrimitiveTensorINS_5SFFR4EEC2ERKNS_9OptionSetE
FN:59,_ZN5neml219UserPrimitiveTensorINS_3RotEEC2ERKNS_9OptionSetE
FN:59,_ZN5neml219UserPrimitiveTensorINS_6SSSSR8EEC2ERKNS_9OptionSetE
FN:59,_ZN5neml219UserPrimitiveTensorINS_4SFR3EEC2ERKNS_9OptionSetE
FN:59,_ZN5neml219UserPrimitiveTensorINS_4WSR4EEC2ERKNS_9OptionSetE
FN:59,_ZN5neml219UserPrimitiveTensorINS_2R3EEC2ERKNS_9OptionSetE
FN:59,_ZN5neml219UserPrimitiveTensorINS_3SR2EEC2ERKNS_9OptionSetE
FN:59,_ZN5neml219UserPrimitiveTensorINS_2R5EEC2ERKNS_9OptionSetE
FN:59,_ZN5neml219UserPrimitiveTensorINS_5SSFR5EEC2ERKNS_9OptionSetE
FN:59,_ZN5neml219UserPrimitiveTensorINS_2R4EEC2ERKNS_9OptionSetE
FN:59,_ZN5neml219UserPrimitiveTensorINS_4SSR4EEC2ERKNS_9OptionSetE
FN:59,_ZN5neml219UserPrimitiveTensorINS_10QuaternionEEC2ERKNS_9OptionSetE
FN:59,_ZN5neml219UserPrimitiveTensorINS_11MillerIndexEEC2ERKNS_9OptionSetE
FN:59,_ZN5neml219UserPrimitiveTensorINS_2R2EEC2ERKNS_9OptionSetE
FN:59,_ZN5neml219UserPrimitiveTensorINS_4WWR4EEC2ERKNS_9OptionSetE
FN:59,_ZN5neml219UserPrimitiveTensorINS_3VecEEC2ERKNS_9OptionSetE
FN:59,_ZN5neml219UserPrimitiveTensorINS_3WR2EEC2ERKNS_9OptionSetE
FN:59,_ZN5neml219UserPrimitiveTensorINS_4SWR4EEC2ERKNS_9OptionSetE
FN:59,_ZN5neml219UserPrimitiveTensorINS_2R8EEC2ERKNS_9OptionSetE
FNDA:6,_ZN5neml219UserPrimitiveTensorINS_5SFFR4EE16expected_optionsEv
FNDA:6,_ZN5neml219UserPrimitiveTensorINS_4SSR4EE16expected_optionsEv
FNDA:23,_ZN5neml219UserPrimitiveTensorINS_3VecEEC2ERKNS_9OptionSetE
FNDA:0,_ZN5neml219UserPrimitiveTensorINS_3WR2EEC2ERKNS_9OptionSetE
FNDA:6,_ZN5neml219UserPrimitiveTensorINS_4WWR4EE16expected_optionsEv
FNDA:6,_ZN5neml219UserPrimitiveTensorINS_4WSR4EE16expected_optionsEv
FNDA:6,_ZN5neml219UserPrimitiveTensorINS_4SWR4EE16expected_optionsEv
FNDA:1,_ZN5neml219UserPrimitiveTensorINS_2R2EEC2ERKNS_9OptionSetE
FNDA:6,_ZN5neml219UserPrimitiveTensorINS_2R2EE16expected_optionsEv
FNDA:0,_ZN5neml219UserPrimitiveTensorINS_4WWR4EEC2ERKNS_9OptionSetE
FNDA:0,_ZN5neml219UserPrimitiveTensorINS_2R8EEC2ERKNS_9OptionSetE
FNDA:0,_ZN5neml219UserPrimitiveTensorINS_4SWR4EEC2ERKNS_9OptionSetE
FNDA:6,_ZN5neml219UserPrimitiveTensorINS_2R8EE16expected_optionsEv
FNDA:1,_ZN5neml219UserPrimitiveTensorINS_5SSFR5EEC2ERKNS_9OptionSetE
FNDA:6,_ZN5neml219UserPrimitiveTensorINS_3VecEE16expected_optionsEv
FNDA:6,_ZN5neml219UserPrimitiveTensorINS_11MillerIndexEE16expected_optionsEv
FNDA:0,_ZN5neml219UserPrimitiveTensorINS_10QuaternionEEC2ERKNS_9OptionSetE
FNDA:10,_ZN5neml219UserPrimitiveTensorINS_4SSR4EEC2ERKNS_9OptionSetE
FNDA:1,_ZN5neml219UserPrimitiveTensorINS_2R4EEC2ERKNS_9OptionSetE
FNDA:0,_ZN5neml219UserPrimitiveTensorINS_11MillerIndexEEC2ERKNS_9OptionSetE
FNDA:6,_ZN5neml219UserPrimitiveTensorINS_5SSFR5EE16expected_optionsEv
FNDA:6,_ZN5neml219UserPrimitiveTensorINS_2R4EE16expected_optionsEv
FNDA:1,_ZN5neml219UserPrimitiveTensorINS_2R5EEC2ERKNS_9OptionSetE
FNDA:6,_ZN5neml219UserPrimitiveTensorINS_3RotEE16expected_optionsEv
FNDA:6,_ZN5neml219UserPrimitiveTensorINS_4SFR3EE16expected_optionsEv
FNDA:3,_ZN5neml219UserPrimitiveTensorINS_3SR2EEC2ERKNS_9OptionSetE
FNDA:6,_ZN5neml219UserPrimitiveTensorINS_3WR2EE16expected_optionsEv
FNDA:6,_ZN5neml219UserPrimitiveTensorINS_6ScalarEE16expected_optionsEv
FNDA:1,_ZN5neml219UserPrimitiveTensorINS_3RotEEC2ERKNS_9OptionSetE
FNDA:6,_ZN5neml219UserPrimitiveTensorINS_3SR2EE16expected_optionsEv
FNDA:0,_ZN5neml219UserPrimitiveTensorINS_5SFFR4EEC2ERKNS_9OptionSetE
FNDA:55,_ZN5neml219UserPrimitiveTensorINS_6ScalarEEC2ERKNS_9OptionSetE
FNDA:6,_ZN5neml219UserPrimitiveTensorINS_2R5EE16expected_optionsEv
FNDA:1,_ZN5neml219UserPrimitiveTensorINS_2R3EEC2ERKNS_9OptionSetE
FNDA:1,_ZN5neml219UserPrimitiveTensorINS_4SFR3EEC2ERKNS_9OptionSetE
FNDA:6,_ZN5neml219UserPrimitiveTensorINS_6SSSSR8EE16expected_optionsEv
FNDA:0,_ZN5neml219UserPrimitiveTensorINS_6SSSSR8EEC2ERKNS_9OptionSetE
FNDA:6,_ZN5neml219UserPrimitiveTensorINS_10QuaternionEE16expected_optionsEv
FNDA:6,_ZN5neml219UserPrimitiveTensorINS_2R3EE16expected_optionsEv
FNDA:0,_ZN5neml219UserPrimitiveTensorINS_4WSR4EEC2ERKNS_9OptionSetE
FNF:40
FNH:31
DA:38,120
DA:42,120
DA:44,120
DA:45,120
DA:49,120
DA:50,120
DA:52,120
DA:53,120
DA:55,240
DA:56,120
DA:59,98
DA:60,196
DA:61,196
DA:63,196
DA:64,98
DA:65,98
DA:66,104
DA:67,46
DA:68,92
DA:70,0
DA:72,0
DA:74,0
DA:76,0
DA:77,98
LF:24
LH:20
end_of_record
TN:
SF:/home/runner/work/neml2/neml2/src/neml2/tensors/user_tensors/UserTensor.cxx
FN:32,_ZN5neml210UserTensor16expected_optionsEv
FN:50,_ZN5neml210UserTensorC2ERKNS_9OptionSetE
FNDA:10,_ZN5neml210UserTensorC2ERKNS_9OptionSetE
FNDA:6,_ZN5neml210UserTensor16expected_optionsEv
FNF:2
FNH:2
DA:32,6
DA:34,6
DA:35,6
DA:36,6
DA:38,6
DA:39,6
DA:41,6
DA:42,6
DA:44,6
DA:45,6
DA:47,6
DA:48,0
DA:50,10
DA:51,20
DA:53,10
DA:54,30
DA:56,20
DA:57,10
DA:58,10
DA:59,14
DA:60,3
DA:61,4
DA:63,1
DA:65,1
DA:67,2
DA:69,2
DA:70,13
LF:27
LH:26
end_of_record
TN:
SF:/home/runner/work/neml2/neml2/src/neml2/tensors/user_tensors/UserTensorBase.cxx
FN:30,_ZN5neml214UserTensorBase16expected_optionsEv
FN:37,_ZN5neml214UserTensorBaseC2ERKNS_9OptionSetE
FNDA:771,_ZN5neml214UserTensorBaseC2ERKNS_9OptionSetE
FNDA:930,_ZN5neml214UserTensorBase16expected_optionsEv
FNF:2
FNH:2
DA:30,930
DA:32,930
DA:33,930
DA:34,930
DA:35,0
DA:37,771
DA:38,771
DA:40,771
LF:8
LH:7
end_of_record
TN:
SF:/home/runner/work/neml2/neml2/src/neml2/tensors/user_tensors/ZerosPrimitiveTensor.cxx
FN:38,_ZN5neml220ZerosPrimitiveTensorINS_5SFFR4EE16expected_optionsEv
FN:38,_ZN5neml220ZerosPrimitiveTensorINS_10QuaternionEE16expected_optionsEv
FN:38,_ZN5neml220ZerosPrimitiveTensorINS_4WSR4EE16expected_optionsEv
FN:38,_ZN5neml220ZerosPrimitiveTensorINS_6SSSSR8EE16expected_optionsEv
FN:38,_ZN5neml220ZerosPrimitiveTensorINS_3RotEE16expected_optionsEv
FN:38,_ZN5neml220ZerosPrimitiveTensorINS_3SR2EE16expected_optionsEv
FN:38,_ZN5neml220ZerosPrimitiveTensorINS_6ScalarEE16expected_optionsEv
FN:38,_ZN5neml220ZerosPrimitiveTensorINS_3WR2EE16expected_optionsEv
FN:38,_ZN5neml220ZerosPrimitiveTensorINS_4WWR4EE16expected_optionsEv
FN:38,_ZN5neml220ZerosPrimitiveTensorINS_3VecEE16expected_optionsEv
FN:38,_ZN5neml220ZerosPrimitiveTensorINS_4SFR3EE16expected_optionsEv
FN:38,_ZN5neml220ZerosPrimitiveTensorINS_2R2EE16expected_optionsEv
FN:38,_ZN5neml220ZerosPrimitiveTensorINS_11MillerIndexEE16expected_optionsEv
FN:38,_ZN5neml220ZerosPrimitiveTensorINS_2R5EE16expected_optionsEv
FN:38,_ZN5neml220ZerosPrimitiveTensorINS_4SWR4EE16expected_optionsEv
FN:38,_ZN5neml220ZerosPrimitiveTensorINS_2R3EE16expected_optionsEv
FN:38,_ZN5neml220ZerosPrimitiveTensorINS_2R4EE16expected_optionsEv
FN:38,_ZN5neml220ZerosPrimitiveTensorINS_5SSFR5EE16expected_optionsEv
FN:38,_ZN5neml220ZerosPrimitiveTensorINS_4SSR4EE16expected_optionsEv
FN:38,_ZN5neml220ZerosPrimitiveTensorINS_2R8EE16expected_optionsEv
FN:54,_ZN5neml220ZerosPrimitiveTensorINS_3SR2EEC2ERKNS_9OptionSetE
FN:54,_ZN5neml220ZerosPrimitiveTensorINS_4WSR4EEC2ERKNS_9OptionSetE
FN:54,_ZN5neml220ZerosPrimitiveTensorINS_5SFFR4EEC2ERKNS_9OptionSetE
FN:54,_ZN5neml220ZerosPrimitiveTensorINS_2R2EEC2ERKNS_9OptionSetE
FN:54,_ZN5neml220ZerosPrimitiveTensorINS_5SSFR5EEC2ERKNS_9OptionSetE
FN:54,_ZN5neml220ZerosPrimitiveTensorINS_2R3EEC2ERKNS_9OptionSetE
FN:54,_ZN5neml220ZerosPrimitiveTensorINS_4SWR4EEC2ERKNS_9OptionSetE
FN:54,_ZN5neml220ZerosPrimitiveTensorINS_10QuaternionEEC2ERKNS_9OptionSetE
FN:54,_ZN5neml220ZerosPrimitiveTensorINS_2R8EEC2ERKNS_9OptionSetE
FN:54,_ZN5neml220ZerosPrimitiveTensorINS_2R4EEC2ERKNS_9OptionSetE
FN:54,_ZN5neml220ZerosPrimitiveTensorINS_3VecEEC2ERKNS_9OptionSetE
FN:54,_ZN5neml220ZerosPrimitiveTensorINS_4WWR4EEC2ERKNS_9OptionSetE
FN:54,_ZN5neml220ZerosPrimitiveTensorINS_3WR2EEC2ERKNS_9OptionSetE
FN:54,_ZN5neml220ZerosPrimitiveTensorINS_3RotEEC2ERKNS_9OptionSetE
FN:54,_ZN5neml220ZerosPrimitiveTensorINS_11MillerIndexEEC2ERKNS_9OptionSetE
FN:54,_ZN5neml220ZerosPrimitiveTensorINS_6ScalarEEC2ERKNS_9OptionSetE
FN:54,_ZN5neml220ZerosPrimitiveTensorINS_2R5EEC2ERKNS_9OptionSetE
FN:54,_ZN5neml220ZerosPrimitiveTensorINS_6SSSSR8EEC2ERKNS_9OptionSetE
FN:54,_ZN5neml220ZerosPrimitiveTensorINS_4SFR3EEC2ERKNS_9OptionSetE
FN:54,_ZN5neml220ZerosPrimitiveTensorINS_4SSR4EEC2ERKNS_9OptionSetE
FNDA:6,_ZN5neml220ZerosPrimitiveTensorINS_5SSFR5EE16expected_optionsEv
FNDA:6,_ZN5neml220ZerosPrimitiveTensorINS_2R4EE16expected_optionsEv
FNDA:0,_ZN5neml220ZerosPrimitiveTensorINS_6SSSSR8EEC2ERKNS_9OptionSetE
FNDA:1,_ZN5neml220ZerosPrimitiveTensorINS_4SSR4EEC2ERKNS_9OptionSetE
FNDA:6,_ZN5neml220ZerosPrimitiveTensorINS_2R8EE16expected_optionsEv
FNDA:6,_ZN5neml220ZerosPrimitiveTensorINS_4SSR4EE16expected_optionsEv
FNDA:1,_ZN5neml220ZerosPrimitiveTensorINS_4SFR3EEC2ERKNS_9OptionSetE
FNDA:1,_ZN5neml220ZerosPrimitiveTensorINS_2R5EEC2ERKNS_9OptionSetE
FNDA:6,_ZN5neml220ZerosPrimitiveTensorINS_4SWR4EE16expected_optionsEv
FNDA:6,_ZN5neml220ZerosPrimitiveTensorINS_2R5EE16expected_optionsEv
FNDA:6,_ZN5neml220ZerosPrimitiveTensorINS_2R3EE16expected_optionsEv
FNDA:1,_ZN5neml220ZerosPrimitiveTensorINS_6ScalarEEC2ERKNS_9OptionSetE
FNDA:0,_ZN5neml220ZerosPrimitiveTensorINS_11MillerIndexEEC2ERKNS_9OptionSetE
FNDA:1,_ZN5neml220ZerosPrimitiveTensorINS_3RotEEC2ERKNS_9OptionSetE
FNDA:6,_ZN5neml220ZerosPrimitiveTensorINS_4SFR3EE16expected_optionsEv
FNDA:6,_ZN5neml220ZerosPrimitiveTensorINS_11MillerIndexEE16expected_optionsEv
FNDA:6,_ZN5neml220ZerosPrimitiveTensorINS_2R2EE16expected_optionsEv
FNDA:6,_ZN5neml220ZerosPrimitiveTensorINS_4WWR4EE16expected_optionsEv
FNDA:0,_ZN5neml220ZerosPrimitiveTensorINS_3WR2EEC2ERKNS_9OptionSetE
FNDA:6,_ZN5neml220ZerosPrimitiveTensorINS_3VecEE16expected_optionsEv
FNDA:1,_ZN5neml220ZerosPrimitiveTensorINS_3VecEEC2ERKNS_9OptionSetE
FNDA:0,_ZN5neml220ZerosPrimitiveTensorINS_4WWR4EEC2ERKNS_9OptionSetE
FNDA:1,_ZN5neml220ZerosPrimitiveTensorINS_2R4EEC2ERKNS_9OptionSetE
FNDA:6,_ZN5neml220ZerosPrimitiveTensorINS_6ScalarEE16expected_optionsEv
FNDA:0,_ZN5neml220ZerosPrimitiveTensorINS_2R8EEC2ERKNS_9OptionSetE
FNDA:6,_ZN5neml220ZerosPrimitiveTensorINS_3WR2EE16expected_optionsEv
FNDA:6,_ZN5neml220ZerosPrimitiveTensorINS_3SR2EE16expected_optionsEv
FNDA:0,_ZN5neml220ZerosPrimitiveTensorINS_4SWR4EEC2ERKNS_9OptionSetE
FNDA:0,_ZN5neml220ZerosPrimitiveTensorINS_10QuaternionEEC2ERKNS_9OptionSetE
FNDA:1,_ZN5neml220ZerosPrimitiveTensorINS_2R3EEC2ERKNS_9OptionSetE
FNDA:1,_ZN5neml220ZerosPrimitiveTensorINS_5SSFR5EEC2ERKNS_9OptionSetE
FNDA:6,_ZN5neml220ZerosPrimitiveTensorINS_3RotEE16expected_optionsEv
FNDA:6,_ZN5neml220ZerosPrimitiveTensorINS_6SSSSR8EE16expected_optionsEv
FNDA:6,_ZN5neml220ZerosPrimitiveTensorINS_4WSR4EE16expected_optionsEv
FNDA:0,_ZN5neml220ZerosPrimitiveTensorINS_4WSR4EEC2ERKNS_9OptionSetE
FNDA:6,_ZN5neml220ZerosPrimitiveTensorINS_10QuaternionEE16expected_optionsEv
FNDA:1,_ZN5neml220ZerosPrimitiveTensorINS_3SR2EEC2ERKNS_9OptionSetE
FNDA:6,_ZN5neml220ZerosPrimitiveTensorINS_5SFFR4EE16expected_optionsEv
FNDA:1,_ZN5neml220ZerosPrimitiveTensorINS_2R2EEC2ERKNS_9OptionSetE
FNDA:0,_ZN5neml220ZerosPrimitiveTensorINS_5SFFR4EEC2ERKNS_9OptionSetE
FNF:40
FNH:31
DA:38,120
DA:42,120
DA:44,120
DA:45,120
DA:47,120
DA:48,120
DA:50,240
DA:51,120
DA:54,11
DA:55,22
DA:56,22
DA:58,11
LF:12
LH:12
end_of_record
TN:
SF:/home/runner/work/neml2/neml2/src/neml2/tensors/user_tensors/ZerosTensor.cxx
FN:32,_ZN5neml211ZerosTensor16expected_optionsEv
FN:46,_ZN5neml211ZerosTensorC2ERKNS_9OptionSetE
FNDA:1,_ZN5neml211ZerosTensorC2ERKNS_9OptionSetE
FNDA:6,_ZN5neml211ZerosTensor16expected_optionsEv
FNF:2
FNH:2
DA:32,6
DA:34,6
DA:35,6
DA:37,6
DA:38,6
DA:40,6
DA:41,6
DA:43,6
DA:44,0
DA:46,1
DA:47,2
DA:49,1
DA:50,3
DA:52,1
LF:14
LH:13
end_of_record
