TN:
SF:/home/runner/work/neml2/neml2/src/neml2/base/CrossRef.cxx
FN:33,_ZNK5neml28CrossRefIN2at6TensorEEcvS2_Ev
FN:48,_ZNK5neml28CrossRefINS_6TensorEEcvS1_Ev
FN:76,_ZNK5neml28CrossRefINS_4SFR3EEcvS1_Ev
FN:76,_ZNK5neml28CrossRefINS_6ScalarEEcvS1_Ev
FN:76,_ZNK5neml28CrossRefINS_5SFFR4EEcvS1_Ev
FN:76,_ZNK5neml28CrossRefINS_10QuaternionEEcvS1_Ev
FN:76,_ZNK5neml28CrossRefINS_5SSFR5EEcvS1_Ev
FN:76,_ZNK5neml28CrossRefINS_4WSR4EEcvS1_Ev
FN:76,_ZNK5neml28CrossRefINS_11MillerIndexEEcvS1_Ev
FN:76,_ZNK5neml28CrossRefINS_3RotEEcvS1_Ev
FN:76,_ZNK5neml28CrossRefINS_4SSR4EEcvS1_Ev
FN:76,_ZNK5neml28CrossRefINS_3SR2EEcvS1_Ev
FN:76,_ZNK5neml28CrossRefINS_3VecEEcvS1_Ev
FN:76,_ZNK5neml28CrossRefINS_4SWR4EEcvS1_Ev
FN:76,_ZNK5neml28CrossRefINS_3WR2EEcvS1_Ev
FN:76,_ZNK5neml28CrossRefINS_2R2EEcvS1_Ev
FN:76,_ZNK5neml28CrossRefINS_6SSSSR8EEcvS1_Ev
FN:76,_ZNK5neml28CrossRefINS_4WWR4EEcvS1_Ev
FN:76,_ZNK5neml28CrossRefINS_2R8EEcvS1_Ev
FN:76,_ZNK5neml28CrossRefINS_2R4EEcvS1_Ev
FN:76,_ZNK5neml28CrossRefINS_2R5EEcvS1_Ev
FN:76,_ZNK5neml28CrossRefINS_2R3EEcvS1_Ev
FNDA:140,_ZNK5neml28CrossRefINS_11MillerIndexEEcvS1_Ev
FNDA:0,_ZNK5neml28CrossRefINS_4WSR4EEcvS1_Ev
FNDA:20,_ZNK5neml28CrossRefINS_3RotEEcvS1_Ev
FNDA:130,_ZNK5neml28CrossRefINS_3SR2EEcvS1_Ev
FNDA:15,_ZNK5neml28CrossRefINS_4SSR4EEcvS1_Ev
FNDA:4,_ZNK5neml28CrossRefINS_4SFR3EEcvS1_Ev
FNDA:24,_ZNK5neml28CrossRefINS_6TensorEEcvS1_Ev
FNDA:0,_ZNK5neml28CrossRefINS_10QuaternionEEcvS1_Ev
FNDA:0,_ZNK5neml28CrossRefINS_5SFFR4EEcvS1_Ev
FNDA:1248,_ZNK5neml28CrossRefINS_6ScalarEEcvS1_Ev
FNDA:4,_ZNK5neml28CrossRefINS_5SSFR5EEcvS1_Ev
FNDA:4,_ZNK5neml28CrossRefINS_2R4EEcvS1_Ev
FNDA:4,_ZNK5neml28CrossRefINS_2R5EEcvS1_Ev
FNDA:4,_ZNK5neml28CrossRefINS_2R3EEcvS1_Ev
FNDA:11,_ZNK5neml28CrossRefIN2at6TensorEEcvS2_Ev
FNDA:0,_ZNK5neml28CrossRefINS_4SWR4EEcvS1_Ev
FNDA:26,_ZNK5neml28CrossRefINS_3VecEEcvS1_Ev
FNDA:0,_ZNK5neml28CrossRefINS_6SSSSR8EEcvS1_Ev
FNDA:26,_ZNK5neml28CrossRefINS_2R2EEcvS1_Ev
FNDA:9,_ZNK5neml28CrossRefINS_3WR2EEcvS1_Ev
FNDA:0,_ZNK5neml28CrossRefINS_4WWR4EEcvS1_Ev
FNDA:0,_ZNK5neml28CrossRefINS_2R8EEcvS1_Ev
FNF:22
FNH:15
DA:33,11
DA:38,11
DA:40,10
DA:43,20
DA:44,10
DA:48,24
DA:53,24
DA:55,13
DA:58,26
DA:59,13
DA:76,2353
LF:11
LH:11
end_of_record
TN:
SF:/home/runner/work/neml2/neml2/src/neml2/base/DiagnosticsInterface.cxx
FN:31,_ZN5neml28diagnoseERKNS_20DiagnosticsInterfaceE
FN:45,_ZN5neml220DiagnosticsInterfaceC2EPNS_11NEML2ObjectE
FN:51,_ZNK5neml220DiagnosticsInterface23diagnostic_assert_stateERSt6vectorINS_9DiagnosisESaIS2_EERKNS_12VariableBaseE
FN:59,_ZNK5neml220DiagnosticsInterface27diagnostic_assert_old_stateERSt6vectorINS_9DiagnosisESaIS2_EERKNS_12VariableBaseE
FN:67,_ZNK5neml220DiagnosticsInterface23diagnostic_assert_forceERSt6vectorINS_9DiagnosisESaIS2_EERKNS_12VariableBaseE
FN:75,_ZNK5neml220DiagnosticsInterface27diagnostic_assert_old_forceERSt6vectorINS_9DiagnosisESaIS2_EERKNS_12VariableBaseE
FN:83,_ZNK5neml220DiagnosticsInterface26diagnostic_assert_residualERSt6vectorINS_9DiagnosisESaIS2_EERKNS_12VariableBaseE
FN:91,_ZNK5neml220DiagnosticsInterface31diagnostic_check_input_variableERSt6vectorINS_9DiagnosisESaIS2_EERKNS_12VariableBaseE
FN:104,_ZNK5neml220DiagnosticsInterface32diagnostic_check_output_variableERSt6vectorINS_9DiagnosisESaIS2_EERKNS_12VariableBaseE
FNDA:0,_ZNK5neml220DiagnosticsInterface27diagnostic_assert_old_forceERSt6vectorINS_9DiagnosisESaIS2_EERKNS_12VariableBaseE
FNDA:116,_ZN5neml28diagnoseERKNS_20DiagnosticsInterfaceE
FNDA:117,_ZNK5neml220DiagnosticsInterface32diagnostic_check_output_variableERSt6vectorINS_9DiagnosisESaIS2_EERKNS_12VariableBaseE
FNDA:463,_ZN5neml220DiagnosticsInterfaceC2EPNS_11NEML2ObjectE
FNDA:19,_ZNK5neml220DiagnosticsInterface23diagnostic_assert_forceERSt6vectorINS_9DiagnosisESaIS2_EERKNS_12VariableBaseE
FNDA:0,_ZNK5neml220DiagnosticsInterface27diagnostic_assert_old_stateERSt6vectorINS_9DiagnosisESaIS2_EERKNS_12VariableBaseE
FNDA:26,_ZNK5neml220DiagnosticsInterface23diagnostic_assert_stateERSt6vectorINS_9DiagnosisESaIS2_EERKNS_12VariableBaseE
FNDA:0,_ZNK5neml220DiagnosticsInterface26diagnostic_assert_residualERSt6vectorINS_9DiagnosisESaIS2_EERKNS_12VariableBaseE
FNDA:295,_ZNK5neml220DiagnosticsInterface31diagnostic_check_input_variableERSt6vectorINS_9DiagnosisESaIS2_EERKNS_12VariableBaseE
FNF:9
FNH:6
DA:31,116
DA:33,116
DA:34,116
DA:36,116
DA:38,3
DA:39,7
DA:40,4
DA:41,3
DA:42,3
DA:43,116
DA:45,463
DA:46,463
DA:48,463
DA:51,26
DA:54,26
DA:55,26
DA:56,26
DA:59,0
DA:62,0
DA:63,0
DA:64,0
DA:67,19
DA:70,19
DA:71,19
DA:72,19
DA:75,0
DA:78,0
DA:79,0
DA:80,0
DA:83,0
DA:86,0
DA:87,0
DA:88,0
DA:91,295
DA:94,295
DA:95,458
DA:96,458
DA:98,295
DA:101,295
DA:104,117
DA:107,117
DA:109,117
DA:111,117
DA:113,117
LF:44
LH:32
end_of_record
TN:
SF:/home/runner/work/neml2/neml2/src/neml2/base/EnumSelection.cxx
FN:31,_ZN5neml2lsERSoRKNS_13EnumSelectionE
FN:38,_ZN5neml2rsERSt18basic_stringstreamIcSt11char_traitsIcESaIcEERNS_13EnumSelectionE
FN:44,_ZN5neml213EnumSelectionC2ERKS0_
FN:51,_ZN5neml213EnumSelectionC2ERKSt6vectorISsSaISsEERKSs
FN:58,_ZN5neml213EnumSelectionC2ERKSt6vectorISsSaISsEERKS1_IiSaIiEERKSs
FN:67,_ZN5neml213EnumSelectionaSERKS0_
FN:76,_ZNK5neml213EnumSelectioneqERKS0_
FN:83,_ZNK5neml213EnumSelectionneERKS0_
FN:89,_ZNK5neml213EnumSelectioneqERKSs
FN:95,_ZNK5neml213EnumSelectionneERKSs
FN:101,_ZN5neml213EnumSelection6selectERKSs
FNDA:15,_ZN5neml2lsERSoRKNS_13EnumSelectionE
FNDA:42,_ZN5neml2rsERSt18basic_stringstreamIcSt11char_traitsIcESaIcEERNS_13EnumSelectionE
FNDA:1158,_ZN5neml213EnumSelectionC2ERKSt6vectorISsSaISsEERKS1_IiSaIiEERKSs
FNDA:2541,_ZN5neml213EnumSelectionaSERKS0_
FNDA:28,_ZN5neml213EnumSelectionC2ERKSt6vectorISsSaISsEERKSs
FNDA:178,_ZNK5neml213EnumSelectioneqERKSs
FNDA:15,_ZN5neml213EnumSelectionC2ERKS0_
FNDA:7,_ZNK5neml213EnumSelectioneqERKS0_
FNDA:1225,_ZN5neml213EnumSelection6selectERKSs
FNDA:0,_ZNK5neml213EnumSelectionneERKSs
FNDA:5,_ZNK5neml213EnumSelectionneERKS0_
FNF:11
FNH:10
DA:31,15
DA:33,15
DA:34,15
DA:38,42
DA:40,42
DA:41,41
DA:44,15
DA:46,15
DA:47,15
DA:49,15
DA:51,28
DA:52,28
DA:53,28
DA:55,27
DA:56,28
DA:58,1158
DA:60,1158
DA:61,1158
DA:63,1156
DA:64,1157
DA:67,2541
DA:69,2541
DA:70,2541
DA:71,2541
DA:72,2541
DA:76,7
DA:78,9
DA:79,9
DA:83,5
DA:85,5
DA:89,178
DA:91,178
DA:95,0
DA:97,0
DA:101,1225
DA:103,1225
DA:105,2450
DA:106,1222
DA:107,1222
DA:108,1222
LF:40
LH:38
end_of_record
TN:
SF:/home/runner/work/neml2/neml2/src/neml2/base/EnumSelectionBase.cxx
FN:30,_ZN5neml217EnumSelectionBaseC2ERKS0_
FN:35,_ZN5neml217EnumSelectionBaseC2ERKSt6vectorISsSaISsEE
FN:46,_ZN5neml217EnumSelectionBaseC2ERKSt6vectorISsSaISsEERKS1_IiSaIiEE
FN:64,_ZN5neml217EnumSelectionBaseaSERKS0_
FN:71,_ZNK5neml217EnumSelectionBase14candidates_strEv
FNDA:2449,_ZNK5neml217EnumSelectionBase14candidates_strEv
FNDA:31,_ZN5neml217EnumSelectionBaseC2ERKSt6vectorISsSaISsEE
FNDA:0,_ZN5neml217EnumSelectionBaseaSERKS0_
FNDA:16,_ZN5neml217EnumSelectionBaseC2ERKS0_
FNDA:1179,_ZN5neml217EnumSelectionBaseC2ERKSt6vectorISsSaISsEERKS1_IiSaIiEE
FNF:5
FNH:4
DA:30,16
DA:31,16
DA:33,16
DA:35,31
DA:37,31
DA:38,31
DA:41,30
DA:42,108
DA:43,78
DA:44,32
DA:46,1179
DA:47,1179
DA:49,1179
DA:52,1178
DA:53,1178
DA:56,1178
DA:57,1178
DA:59,5301
DA:60,4124
DA:61,1181
DA:64,0
DA:66,0
DA:67,0
DA:71,2449
DA:73,2449
DA:74,11011
DA:75,8562
DA:76,4898
DA:77,2449
LF:29
LH:26
end_of_record
TN:
SF:/home/runner/work/neml2/neml2/src/neml2/base/Factory.cxx
FN:35,_ZN5neml210load_inputERKNSt10filesystem4pathERKSs
FN:52,_ZN5neml212reload_inputERKNSt10filesystem4pathERKSs
FN:59,_ZN5neml29get_modelERKSsb
FN:66,_ZN5neml210load_modelERKNSt10filesystem4pathERKSs
FN:73,_ZN5neml212reload_modelERKNSt10filesystem4pathERKSs
FN:80,_ZN5neml210get_driverERKSs
FN:86,_ZN5neml27Factory3getEv
FN:93,_ZN5neml27Factory12load_optionsERKNS_16OptionCollectionE
FN:104,_ZN5neml27Factory14loaded_optionsEv
FN:111,_ZN5neml27Factory13create_objectERKSsRKNS_9OptionSetE
FN:146,_ZN5neml27Factory5clearEv
FNDA:267,_ZN5neml212reload_inputERKNSt10filesystem4pathERKSs
FNDA:1892,_ZN5neml27Factory3getEv
FNDA:1,_ZN5neml27Factory14loaded_optionsEv
FNDA:279,_ZN5neml27Factory5clearEv
FNDA:10,_ZN5neml210load_modelERKNSt10filesystem4pathERKSs
FNDA:113,_ZN5neml210get_driverERKSs
FNDA:277,_ZN5neml210load_inputERKNSt10filesystem4pathERKSs
FNDA:10,_ZN5neml212reload_modelERKNSt10filesystem4pathERKSs
FNDA:123,_ZN5neml29get_modelERKSsb
FNDA:1278,_ZN5neml27Factory13create_objectERKSsRKNS_9OptionSetE
FNDA:277,_ZN5neml27Factory12load_optionsERKNS_16OptionCollectionE
FNF:11
FNH:11
DA:35,277
DA:37,277
DA:40,277
DA:42,277
DA:43,277
DA:44,277
DA:46,0
DA:48,275
DA:49,277
DA:52,267
DA:54,267
DA:55,267
DA:56,265
DA:59,123
DA:61,123
DA:62,246
DA:63,123
DA:66,10
DA:68,10
DA:69,10
DA:73,10
DA:75,10
DA:76,10
DA:80,113
DA:82,113
DA:86,1892
DA:88,1892
DA:89,1892
DA:93,277
DA:95,277
DA:97,277
DA:100,277
DA:101,277
DA:104,1
DA:106,1
DA:107,1
DA:111,1278
DA:113,1278
DA:114,1278
DA:116,1278
DA:117,1278
DA:118,1276
DA:122,1276
DA:124,0
DA:126,0
DA:127,0
DA:128,0
DA:129,1276
DA:146,279
DA:148,279
DA:149,279
LF:51
LH:46
end_of_record
TN:
SF:/home/runner/work/neml2/neml2/src/neml2/base/HITParser.cxx
FN:39,_ZNK5neml29HITParser5parseERKNSt10filesystem4pathERKSs
FN:96,_ZNK5neml29HITParser22extract_object_optionsEPN3hit4NodeES3_
FN:113,_ZNK5neml29HITParser15extract_optionsEPN3hit4NodeERNS_9OptionSetE
FN:122,_ZNK5neml29HITParser14extract_optionEPN3hit4NodeERNS_9OptionSetE
FNDA:2731,_ZNK5neml29HITParser15extract_optionsEPN3hit4NodeERNS_9OptionSetE
FNDA:2721,_ZNK5neml29HITParser22extract_object_optionsEPN3hit4NodeES3_
FNDA:5678,_ZNK5neml29HITParser14extract_optionEPN3hit4NodeERNS_9OptionSetE
FNDA:287,_ZNK5neml29HITParser5parseERKNSt10filesystem4pathERKSs
FNF:4
FNH:4
DA:39,287
DA:42,287
DA:43,287
DA:46,287
DA:47,287
DA:48,287
DA:51,287
DA:52,287
DA:55,287
DA:58,574
DA:59,287
DA:60,287
DA:63,287
DA:64,287
DA:65,287
DA:66,287
DA:67,287
DA:68,287
DA:70,287
DA:73,287
DA:74,287
DA:75,10
DA:78,1713
DA:80,1429
DA:81,1429
DA:83,535
DA:84,3253
DA:86,2721
DA:87,2718
DA:88,2718
DA:89,535
DA:92,568
DA:93,311
DA:96,2721
DA:99,5442
DA:101,2721
DA:102,2721
DA:105,2718
DA:106,2718
DA:107,2718
DA:109,5436
DA:110,2724
DA:113,2731
DA:115,11127
DA:116,8399
DA:117,8406
DA:118,2728
DA:122,5678
DA:135,5678
DA:137,5678
DA:138,35638
DA:139,35638
DA:141,5678
DA:143,5678
DA:146,5677
DA:150,5677
DA:151,4560
DA:152,4464
DA:153,4371
DA:154,4336
DA:155,3746
DA:156,2829
DA:157,1921
DA:158,1411
DA:159,1371
DA:160,1367
DA:161,1359
DA:166,5675
DA:168,5675
DA:170,5675
DA:172,5675
LF:71
LH:71
end_of_record
TN:
SF:/home/runner/work/neml2/neml2/src/neml2/base/MultiEnumSelection.cxx
FN:31,_ZN5neml2lsERSoRKNS_18MultiEnumSelectionE
FN:38,_ZN5neml2rsERSt18basic_stringstreamIcSt11char_traitsIcESaIcEERNS_18MultiEnumSelectionE
FN:44,_ZN5neml218MultiEnumSelectionC2ERKS0_
FN:51,_ZN5neml218MultiEnumSelectionC2ERKSt6vectorISsSaISsEES5_
FN:58,_ZN5neml218MultiEnumSelectionC2ERKSt6vectorISsSaISsEERKS1_IiSaIiEES5_
FN:67,_ZN5neml218MultiEnumSelectionaSERKS0_
FN:76,_ZNK5neml218MultiEnumSelectioneqERKS0_
FN:83,_ZNK5neml218MultiEnumSelectionneERKS0_
FN:89,_ZN5neml218MultiEnumSelection6selectERKSt6vectorISsSaISsEE
FNDA:4,_ZNK5neml218MultiEnumSelectioneqERKS0_
FNDA:5,_ZN5neml2lsERSoRKNS_18MultiEnumSelectionE
FNDA:1,_ZN5neml218MultiEnumSelectionC2ERKS0_
FNDA:6,_ZN5neml2rsERSt18basic_stringstreamIcSt11char_traitsIcESaIcEERNS_18MultiEnumSelectionE
FNDA:3,_ZNK5neml218MultiEnumSelectionneERKS0_
FNDA:21,_ZN5neml218MultiEnumSelectionC2ERKSt6vectorISsSaISsEERKS1_IiSaIiEES5_
FNDA:30,_ZN5neml218MultiEnumSelection6selectERKSt6vectorISsSaISsEE
FNDA:60,_ZN5neml218MultiEnumSelectionaSERKS0_
FNDA:3,_ZN5neml218MultiEnumSelectionC2ERKSt6vectorISsSaISsEES5_
FNF:9
FNH:9
DA:31,5
DA:33,5
DA:34,5
DA:38,6
DA:40,7
DA:41,5
DA:44,1
DA:46,1
DA:47,1
DA:49,1
DA:51,3
DA:52,3
DA:53,3
DA:55,3
DA:56,5
DA:58,21
DA:60,21
DA:61,21
DA:63,21
DA:64,23
DA:67,60
DA:69,60
DA:70,60
DA:71,60
DA:72,60
DA:76,4
DA:78,5
DA:79,5
DA:83,3
DA:85,3
DA:89,30
DA:91,30
DA:92,30
DA:93,71
DA:95,44
DA:97,91
DA:98,41
DA:99,41
DA:101,27
LF:39
LH:39
end_of_record
TN:
SF:/home/runner/work/neml2/neml2/src/neml2/base/NEML2Object.cxx
FN:29,_ZN5neml211NEML2Object16expected_optionsEv
FN:37,_ZN5neml211NEML2ObjectC2ERKNS_9OptionSetE
FNDA:1289,_ZN5neml211NEML2ObjectC2ERKNS_9OptionSetE
FNDA:1788,_ZN5neml211NEML2Object16expected_optionsEv
FNF:2
FNH:2
DA:29,1788
DA:31,1788
DA:32,1788
DA:33,1788
DA:34,1788
DA:35,0
DA:37,1289
DA:38,1289
DA:39,1289
DA:41,1289
LF:10
LH:9
end_of_record
TN:
SF:/home/runner/work/neml2/neml2/src/neml2/base/OptionCollection.cxx
FN:30,_ZN5neml216OptionCollectionixERKSs
FN:36,_ZNK5neml216OptionCollectionixERKSs
FNDA:1,_ZNK5neml216OptionCollectionixERKSs
FNDA:4062,_ZN5neml216OptionCollectionixERKSs
FNF:2
FNH:2
DA:30,4062
DA:32,4062
DA:36,1
DA:38,1
LF:4
LH:4
end_of_record
TN:
SF:/home/runner/work/neml2/neml2/src/neml2/base/OptionSet.cxx
FN:31,_ZN5neml218options_compatibleERKNS_9OptionSetES2_
FN:44,_ZNK5neml29OptionSet8containsERKSs
FN:50,_ZNK5neml29OptionSet3getERKSs
FN:62,_ZN5neml29OptionSet3setERKSs
FN:74,_ZN5neml29OptionSet9set_inputERKSs
FN:80,_ZN5neml29OptionSet10set_outputERKSs
FN:86,_ZN5neml29OptionSet5clearEv
FN:91,_ZN5neml29OptionSetC2ERKS0_
FN:93,_ZN5neml29OptionSetC2EOS0_
FN:96,_ZN5neml29OptionSetaSERKS0_
FN:105,_ZN5neml29OptionSetaSEOS0_
FN:114,_ZN5neml29OptionSetpLERKS0_
FN:121,_ZN5neml29OptionSetpLEOS0_
FN:190,_ZN5neml29OptionSet5beginEv
FN:196,_ZNK5neml29OptionSet5beginEv
FN:202,_ZN5neml29OptionSet3endEv
FN:208,_ZNK5neml29OptionSet3endEv
FNDA:18296,_ZNK5neml29OptionSet8containsERKSs
FNDA:9675,_ZN5neml29OptionSetC2ERKS0_
FNDA:14446,_ZN5neml29OptionSetaSERKS0_
FNDA:14721,_ZN5neml29OptionSet5clearEv
FNDA:781,_ZN5neml29OptionSetpLEOS0_
FNDA:15,_ZNK5neml29OptionSet3getERKSs
FNDA:15999,_ZN5neml29OptionSetpLERKS0_
FNDA:275,_ZN5neml29OptionSetaSEOS0_
FNDA:18275,_ZN5neml29OptionSet3setERKSs
FNDA:0,_ZN5neml29OptionSetC2EOS0_
FNDA:5678,_ZN5neml29OptionSet3endEv
FNDA:5678,_ZN5neml29OptionSet5beginEv
FNDA:1,_ZNK5neml29OptionSet5beginEv
FNDA:416,_ZN5neml29OptionSet10set_outputERKSs
FNDA:912,_ZN5neml29OptionSet9set_inputERKSs
FNDA:1,_ZN5neml218options_compatibleERKNS_9OptionSetES2_
FNDA:1,_ZNK5neml29OptionSet3endEv
FNF:17
FNH:16
DA:31,1
DA:33,2
DA:35,1
DA:36,0
DA:37,1
DA:38,0
DA:40,1
DA:44,18296
DA:46,18296
DA:50,15
DA:52,15
DA:58,15
DA:62,18275
DA:64,18275
DA:70,18275
DA:74,912
DA:76,912
DA:80,416
DA:82,416
DA:86,14721
DA:88,14721
DA:89,14721
DA:91,9675
DA:93,0
DA:96,14446
DA:98,14446
DA:99,14446
DA:100,14446
DA:101,14446
DA:105,275
DA:107,275
DA:108,275
DA:109,275
DA:110,275
DA:114,15999
DA:116,109368
DA:117,93369
DA:118,15999
DA:121,781
DA:123,3124
DA:124,2343
DA:125,781
DA:190,5678
DA:192,5678
DA:196,1
DA:198,1
DA:202,5678
DA:204,5678
DA:208,1
DA:210,1
LF:50
LH:47
end_of_record
TN:
SF:/home/runner/work/neml2/neml2/src/neml2/base/Registry.cxx
FN:31,_ZN5neml28Registry3getEv
FN:38,_ZN5neml28Registry16expected_optionsEv
FN:45,_ZN5neml28Registry16expected_optionsERKSs
FN:56,_ZN5neml28Registry11syntax_typeERKSs
FN:63,_ZN5neml28Registry7builderERKSs
FN:74,_ZN5neml28Registry9add_innerERKSsS2_RKNS_9OptionSetEPFSt10shared_ptrINS_11NEML2ObjectEES5_E
FNDA:2721,_ZN5neml28Registry16expected_optionsERKSs
FNDA:582,_ZN5neml28Registry11syntax_typeERKSs
FNDA:1774,_ZN5neml28Registry9add_innerERKSsS2_RKNS_9OptionSetEPFSt10shared_ptrINS_11NEML2ObjectEES5_E
FNDA:2,_ZN5neml28Registry16expected_optionsEv
FNDA:1278,_ZN5neml28Registry7builderERKSs
FNDA:6357,_ZN5neml28Registry3getEv
FNF:6
FNH:6
DA:31,6357
DA:33,6357
DA:34,6357
DA:38,2
DA:40,2
DA:41,2
DA:45,2721
DA:47,2721
DA:48,2721
DA:49,2721
DA:52,2721
DA:56,582
DA:58,582
DA:59,582
DA:63,1278
DA:65,1278
DA:66,1278
DA:67,1278
DA:70,1278
DA:74,1774
DA:79,1774
DA:80,1774
DA:85,1774
DA:86,1774
DA:87,1774
DA:88,1774
LF:26
LH:26
end_of_record
TN:
SF:/home/runner/work/neml2/neml2/src/neml2/base/Settings.cxx
FN:33,_ZN5neml28Settings16expected_optionsEv
FN:99,_ZN5neml28SettingsC2ERKNS_9OptionSetE
FNDA:278,_ZN5neml28SettingsC2ERKNS_9OptionSetE
FNDA:569,_ZN5neml28Settings16expected_optionsEv
FNF:2
FNH:2
DA:33,569
DA:35,569
DA:36,569
DA:37,569
DA:39,569
DA:45,3414
DA:46,569
DA:47,1138
DA:48,1707
DA:55,3983
DA:56,569
DA:57,1138
DA:58,1707
DA:60,569
DA:61,1138
DA:66,569
DA:68,569
DA:69,1138
DA:70,569
DA:72,569
DA:73,569
DA:75,569
DA:76,569
DA:78,569
DA:79,1138
DA:80,569
DA:82,569
DA:83,1138
DA:84,569
DA:86,569
DA:87,1138
DA:89,569
DA:91,569
DA:92,1138
DA:94,569
DA:96,1138
DA:97,569
DA:99,278
DA:102,278
DA:103,278
DA:106,278
DA:109,278
DA:112,278
DA:115,278
DA:116,278
DA:119,278
DA:120,278
DA:121,0
DA:124,278
DA:125,278
DA:126,0
DA:129,278
DA:130,278
DA:133,278
DA:134,278
LF:55
LH:53
end_of_record
TN:
SF:/home/runner/work/neml2/neml2/src/neml2/drivers/Driver.cxx
FN:30,_ZN5neml26Driver16expected_optionsEv
FN:41,_ZN5neml26DriverC2ERKNS_9OptionSetE
FNDA:113,_ZN5neml26DriverC2ERKNS_9OptionSetE
FNDA:15,_ZN5neml26Driver16expected_optionsEv
FNF:2
FNH:2
DA:30,15
DA:32,15
DA:33,15
DA:35,15
DA:36,15
DA:38,15
DA:39,0
DA:41,113
DA:44,113
DA:46,113
LF:10
LH:9
end_of_record
TN:
SF:/home/runner/work/neml2/neml2/src/neml2/drivers/TransientDriver.cxx
FN:34,_ZN5neml215TransientDriver16expected_optionsEv
FN:91,_ZN5neml215TransientDriverC2ERKNS_9OptionSetE
FN:111,_ZNK5neml215TransientDriver8diagnoseERSt6vectorINS_9DiagnosisESaIS2_EE
FN:135,_ZN5neml215TransientDriver3runEv
FN:158,_ZN5neml215TransientDriver5solveEv
FN:192,_ZN5neml215TransientDriver12advance_stepEv
FN:212,_ZN5neml215TransientDriver13update_forcesEv
FN:219,_ZN5neml215TransientDriver8apply_icEv
FN:232,_ZN5neml215TransientDriver15apply_predictorEv
FN:268,_ZN5neml215TransientDriver10solve_stepEv
FN:274,_ZN5neml215TransientDriver11store_inputEv
FN:280,_ZNK5neml215TransientDriver12save_as_pathEv
FN:286,_ZNK5neml215TransientDriver6resultEv
FN:317,_ZNK5neml215TransientDriver6outputEv
FN:341,_ZNK5neml215TransientDriver9output_ptERKNSt10filesystem4pathE
FNDA:7,_ZN5neml215TransientDriver3runEv
FNDA:5,_ZNK5neml215TransientDriver9output_ptERKNSt10filesystem4pathE
FNDA:7,_ZN5neml215TransientDriverC2ERKNS_9OptionSetE
FNDA:12,_ZNK5neml215TransientDriver12save_as_pathEv
FNDA:70,_ZN5neml215TransientDriver13update_forcesEv
FNDA:12,_ZN5neml215TransientDriver16expected_optionsEv
FNDA:5,_ZNK5neml215TransientDriver6outputEv
FNDA:63,_ZN5neml215TransientDriver15apply_predictorEv
FNDA:70,_ZN5neml215TransientDriver11store_inputEv
FNDA:63,_ZN5neml215TransientDriver10solve_stepEv
FNDA:7,_ZN5neml215TransientDriver8apply_icEv
FNDA:5,_ZNK5neml215TransientDriver6resultEv
FNDA:7,_ZN5neml215TransientDriver5solveEv
FNDA:7,_ZNK5neml215TransientDriver8diagnoseERSt6vectorINS_9DiagnosisESaIS2_EE
FNDA:63,_ZN5neml215TransientDriver12advance_stepEv
FNF:15
FNH:15
DA:34,12
DA:36,12
DA:38,12
DA:39,12
DA:41,12
DA:42,12
DA:43,12
DA:44,24
DA:46,12
DA:48,60
DA:49,12
DA:50,24
DA:51,24
DA:52,36
DA:54,12
DA:55,24
DA:56,12
DA:58,12
DA:59,12
DA:60,12
DA:61,12
DA:62,12
DA:63,12
DA:65,12
DA:66,24
DA:71,12
DA:73,12
DA:74,12
DA:75,12
DA:76,12
DA:78,12
DA:79,12
DA:80,12
DA:81,12
DA:83,12
DA:84,12
DA:85,12
DA:86,12
DA:88,24
DA:89,12
DA:91,7
DA:93,7
DA:94,7
DA:95,7
DA:96,7
DA:97,7
DA:98,7
DA:99,7
DA:100,7
DA:101,7
DA:102,7
DA:103,7
DA:104,7
DA:105,21
DA:107,7
DA:108,7
DA:111,7
DA:113,7
DA:114,7
DA:116,14
DA:118,7
DA:120,7
DA:123,7
DA:124,7
DA:125,7
DA:126,20
DA:127,26
DA:128,13
DA:131,13
DA:132,7
DA:135,7
DA:149,7
DA:151,7
DA:152,5
DA:154,7
DA:158,7
DA:160,77
DA:162,70
DA:167,70
DA:168,63
DA:169,70
DA:170,70
DA:172,7
DA:173,7
DA:177,63
DA:178,63
DA:179,63
DA:182,70
DA:188,7
DA:192,63
DA:195,63
DA:197,63
DA:198,180
DA:199,117
DA:200,63
DA:203,63
DA:205,63
DA:206,171
DA:207,108
DA:208,63
DA:209,63
DA:212,70
DA:214,70
DA:215,140
DA:216,70
DA:219,7
DA:221,7
DA:222,7
DA:223,7
DA:225,22
DA:226,15
DA:227,14
DA:228,29
DA:229,7
DA:232,63
DA:234,63
DA:235,27
DA:237,36
DA:238,117
DA:239,81
DA:241,81
DA:242,72
DA:243,9
DA:246,9
DA:247,1
DA:251,8
DA:252,8
DA:253,8
DA:254,8
DA:255,8
DA:257,16
DA:258,16
DA:259,8
DA:260,8
DA:263,0
DA:265,36
DA:268,63
DA:270,63
DA:271,63
DA:274,70
DA:276,70
DA:277,70
DA:280,12
DA:282,12
DA:286,5
DA:289,5
DA:290,55
DA:293,50
DA:294,414
DA:295,364
DA:296,50
DA:297,50
DA:300,5
DA:301,55
DA:304,50
DA:305,180
DA:306,130
DA:307,50
DA:308,50
DA:311,5
DA:312,15
DA:313,10
DA:314,5
DA:317,5
DA:319,5
DA:324,5
DA:325,10
DA:327,5
DA:328,5
DA:334,5
DA:338,5
DA:341,5
DA:343,5
DA:344,5
LF:174
LH:173
end_of_record
TN:
SF:/home/runner/work/neml2/neml2/src/neml2/drivers/solid_mechanics/LDISolidMechanicsDriver.cxx
FN:32,_ZN5neml223LDISolidMechanicsDriver16expected_optionsEv
FN:69,_ZN5neml223LDISolidMechanicsDriverC2ERKNS_9OptionSetE
FN:79,_ZN5neml223LDISolidMechanicsDriver5setupEv
FN:86,_ZN5neml223LDISolidMechanicsDriver19init_strain_controlERKNS_9OptionSetE
FN:94,_ZN5neml223LDISolidMechanicsDriver19init_stress_controlERKNS_9OptionSetE
FN:102,_ZN5neml223LDISolidMechanicsDriver22init_vorticity_controlERKNS_9OptionSetE
FN:110,_ZNK5neml223LDISolidMechanicsDriver8diagnoseERSt6vectorINS_9DiagnosisESaIS2_EE
FN:142,_ZN5neml223LDISolidMechanicsDriver13update_forcesEv
FN:149,_ZN5neml223LDISolidMechanicsDriver15apply_predictorEv
FNDA:1,_ZN5neml223LDISolidMechanicsDriverC2ERKNS_9OptionSetE
FNDA:9,_ZN5neml223LDISolidMechanicsDriver15apply_predictorEv
FNDA:0,_ZN5neml223LDISolidMechanicsDriver19init_stress_controlERKNS_9OptionSetE
FNDA:1,_ZNK5neml223LDISolidMechanicsDriver8diagnoseERSt6vectorINS_9DiagnosisESaIS2_EE
FNDA:6,_ZN5neml223LDISolidMechanicsDriver16expected_optionsEv
FNDA:1,_ZN5neml223LDISolidMechanicsDriver19init_strain_controlERKNS_9OptionSetE
FNDA:10,_ZN5neml223LDISolidMechanicsDriver13update_forcesEv
FNDA:1,_ZN5neml223LDISolidMechanicsDriver22init_vorticity_controlERKNS_9OptionSetE
FNDA:1,_ZN5neml223LDISolidMechanicsDriver5setupEv
FNF:9
FNH:8
DA:32,6
DA:34,6
DA:35,6
DA:36,6
DA:38,6
DA:39,6
DA:40,6
DA:41,12
DA:42,6
DA:44,6
DA:45,6
DA:46,6
DA:47,12
DA:48,6
DA:50,6
DA:51,6
DA:52,6
DA:53,6
DA:55,6
DA:56,12
DA:58,6
DA:59,6
DA:60,12
DA:61,6
DA:62,6
DA:63,12
DA:64,6
DA:66,6
DA:67,0
DA:69,1
DA:71,1
DA:72,1
DA:73,1
DA:74,3
DA:76,1
DA:79,1
DA:81,1
DA:82,1
DA:83,1
DA:86,1
DA:88,1
DA:89,1
DA:90,1
DA:91,1
DA:94,0
DA:96,0
DA:97,0
DA:98,0
DA:99,0
DA:102,1
DA:104,1
DA:105,1
DA:106,1
DA:107,1
DA:110,1
DA:112,1
DA:114,1
DA:116,2
DA:117,1
DA:120,1
DA:121,2
DA:123,1
DA:125,2
DA:129,1
DA:131,2
DA:132,1
DA:133,2
DA:134,1
DA:136,1
DA:139,1
DA:142,10
DA:144,10
DA:145,20
DA:146,10
DA:149,9
DA:151,9
DA:153,9
DA:155,1
DA:156,1
DA:157,1
DA:158,1
DA:159,1
DA:160,9
LF:83
LH:77
end_of_record
TN:
SF:/home/runner/work/neml2/neml2/src/neml2/drivers/solid_mechanics/SDTSolidMechanicsDriver.cxx
FN:32,_ZN5neml223SDTSolidMechanicsDriver16expected_optionsEv
FN:51,_ZN5neml223SDTSolidMechanicsDriverC2ERKNS_9OptionSetE
FN:57,_ZN5neml223SDTSolidMechanicsDriver19init_strain_controlERKNS_9OptionSetE
FN:65,_ZN5neml223SDTSolidMechanicsDriver19init_stress_controlERKNS_9OptionSetE
FNDA:1,_ZN5neml223SDTSolidMechanicsDriver19init_stress_controlERKNS_9OptionSetE
FNDA:6,_ZN5neml223SDTSolidMechanicsDriver16expected_optionsEv
FNDA:4,_ZN5neml223SDTSolidMechanicsDriver19init_strain_controlERKNS_9OptionSetE
FNDA:6,_ZN5neml223SDTSolidMechanicsDriverC2ERKNS_9OptionSetE
FNF:4
FNH:4
DA:32,6
DA:34,6
DA:35,6
DA:36,6
DA:38,6
DA:39,6
DA:40,6
DA:41,6
DA:43,6
DA:44,6
DA:45,6
DA:46,6
DA:48,6
DA:49,0
DA:51,6
DA:52,6
DA:54,6
DA:57,4
DA:59,4
DA:60,4
DA:61,4
DA:62,4
DA:65,1
DA:67,1
DA:68,1
DA:69,1
DA:70,1
LF:27
LH:26
end_of_record
TN:
SF:/home/runner/work/neml2/neml2/src/neml2/drivers/solid_mechanics/SolidMechanicsDriver.cxx
FN:30,_ZN5neml220SolidMechanicsDriver16expected_optionsEv
FN:65,_ZN5neml220SolidMechanicsDriverC2ERKNS_9OptionSetE
FN:73,_ZN5neml220SolidMechanicsDriver5setupEv
FN:93,_ZN5neml220SolidMechanicsDriver18init_mixed_controlERKNS_9OptionSetE
FN:105,_ZN5neml220SolidMechanicsDriver24init_temperature_controlERKNS_9OptionSetE
FN:113,_ZNK5neml220SolidMechanicsDriver8diagnoseERSt6vectorINS_9DiagnosisESaIS2_EE
FN:167,_ZN5neml220SolidMechanicsDriver13update_forcesEv
FNDA:1,_ZN5neml220SolidMechanicsDriver24init_temperature_controlERKNS_9OptionSetE
FNDA:12,_ZN5neml220SolidMechanicsDriver16expected_optionsEv
FNDA:1,_ZN5neml220SolidMechanicsDriver18init_mixed_controlERKNS_9OptionSetE
FNDA:7,_ZNK5neml220SolidMechanicsDriver8diagnoseERSt6vectorINS_9DiagnosisESaIS2_EE
FNDA:70,_ZN5neml220SolidMechanicsDriver13update_forcesEv
FNDA:7,_ZN5neml220SolidMechanicsDriverC2ERKNS_9OptionSetE
FNDA:7,_ZN5neml220SolidMechanicsDriver5setupEv
FNF:7
FNH:7
DA:30,12
DA:32,12
DA:33,12
DA:35,72
DA:36,12
DA:37,24
DA:38,36
DA:40,12
DA:41,12
DA:42,12
DA:43,24
DA:44,12
DA:46,12
DA:47,12
DA:48,12
DA:49,24
DA:52,12
DA:54,12
DA:55,24
DA:56,12
DA:57,12
DA:58,24
DA:60,12
DA:62,24
DA:63,12
DA:65,7
DA:67,7
DA:68,14
DA:70,7
DA:73,7
DA:75,7
DA:77,7
DA:78,5
DA:79,2
DA:80,1
DA:81,1
DA:82,1
DA:88,7
DA:89,1
DA:90,7
DA:93,1
DA:95,1
DA:96,1
DA:97,1
DA:99,1
DA:100,1
DA:101,1
DA:102,1
DA:105,1
DA:107,1
DA:108,1
DA:109,1
DA:110,1
DA:113,7
DA:115,7
DA:117,14
DA:118,7
DA:121,7
DA:123,14
DA:124,7
DA:127,14
DA:129,14
DA:132,7
DA:134,2
DA:135,1
DA:138,1
DA:140,2
DA:142,1
DA:144,2
DA:146,2
DA:150,7
DA:152,2
DA:153,1
DA:156,1
DA:157,2
DA:159,1
DA:161,2
DA:164,7
DA:167,70
DA:169,70
DA:171,140
DA:173,70
DA:174,20
DA:176,70
DA:177,20
DA:178,70
LF:86
LH:86
end_of_record
TN:
SF:/home/runner/work/neml2/neml2/src/neml2/jit/utils.cxx
FN:30,_ZN5neml219neml_assert_tracingEv
FN:36,_ZN5neml223neml_assert_tracing_dbgEv
FNDA:0,_ZN5neml223neml_assert_tracing_dbgEv
FNDA:0,_ZN5neml219neml_assert_tracingEv
FNF:2
FNH:0
DA:30,0
DA:32,0
DA:33,0
DA:36,0
DA:39,0
DA:41,0
LF:6
LH:0
end_of_record
TN:
SF:/home/runner/work/neml2/neml2/src/neml2/misc/error.cxx
FN:30,_ZNK5neml213NEMLException4whatEv
FN:38,_ZN5neml28internal10stream_allERSt19basic_ostringstreamIcSt11char_traitsIcESaIcEE
FNDA:21,_ZNK5neml213NEMLException4whatEv
FNDA:75,_ZN5neml28internal10stream_allERSt19basic_ostringstreamIcSt11char_traitsIcESaIcEE
FNF:2
FNH:2
DA:30,21
DA:32,21
DA:38,75
DA:40,75
LF:4
LH:4
end_of_record
TN:
SF:/home/runner/work/neml2/neml2/src/neml2/misc/math.cxx
FN:36,_ZN5neml24math15ConstantTensorsC2Ev
FN:58,_ZN5neml24math15ConstantTensors3getEv
FN:65,_ZN5neml24math15ConstantTensors18full_to_mandel_mapEv
FN:71,_ZN5neml24math15ConstantTensors18mandel_to_full_mapEv
FN:77,_ZN5neml24math15ConstantTensors21full_to_mandel_factorEv
FN:83,_ZN5neml24math15ConstantTensors21mandel_to_full_factorEv
FN:89,_ZN5neml24math15ConstantTensors16full_to_skew_mapEv
FN:95,_ZN5neml24math15ConstantTensors16skew_to_full_mapEv
FN:101,_ZN5neml24math15ConstantTensors19full_to_skew_factorEv
FN:107,_ZN5neml24math15ConstantTensors19skew_to_full_factorEv
FN:113,_ZN5neml24math15full_to_reducedERKNS_6TensorERKN2at6TensorES7_l
FN:139,_ZN5neml24math15reduced_to_fullERKNS_6TensorERKN2at6TensorES7_l
FN:162,_ZN5neml24math14full_to_mandelERKNS_6TensorEl
FN:172,_ZN5neml24math14mandel_to_fullERKNS_6TensorEl
FN:182,_ZN5neml24math12full_to_skewERKNS_6TensorEl
FN:192,_ZN5neml24math12skew_to_fullERKNS_6TensorEl
FN:202,_ZN5neml24math6jacrevERKNS_6TensorES3_bbb
FN:242,_ZN5neml24math15base_diag_embedERKNS_6TensorElll
FN:251,_ZN5neml24math19skew_and_sym_to_symERKNS_3SR2ERKNS_3WR2E
FN:261,_ZN5neml24math27d_skew_and_sym_to_sym_d_symERKNS_3WR2E
FN:270,_ZN5neml24math28d_skew_and_sym_to_sym_d_skewERKNS_3SR2E
FN:279,_ZN5neml24math22multiply_and_make_skewERKNS_3SR2ES3_
FN:288,_ZN5neml24math32d_multiply_and_make_skew_d_firstERKNS_3SR2E
FN:297,_ZN5neml24math33d_multiply_and_make_skew_d_secondERKNS_3SR2E
FN:306,_ZN5neml24math8base_catERKSt6vectorINS_6TensorESaIS2_EEl
FN:315,_ZN5neml24math10base_stackERKSt6vectorINS_6TensorESaIS2_EEl
FN:324,_ZN5neml24math8base_sumERKNS_6TensorEl
FN:331,_ZN5neml24math9base_meanERKNS_6TensorEl
FN:338,_ZN5neml24math3powERKdRKNS_6TensorE
FN:344,_ZN5neml24math3powERKNS_6TensorES3_
FN:353,_ZN5neml24math6linalg11vector_normERKNS_6TensorE
FN:370,_ZN5neml24math6linalg3invERKNS_6TensorE
FN:376,_ZN5neml24math6linalg5solveERKNS_6TensorES4_
FN:382,_ZN5neml24math6linalg9lu_factorERKNS_6TensorEb
FN:389,_ZN5neml24math6linalg8lu_solveERKNS_6TensorES4_S4_bb
FNDA:11526,_ZN5neml24math15ConstantTensors3getEv
FNDA:64,_ZN5neml24math33d_multiply_and_make_skew_d_secondERKNS_3SR2E
FNDA:2,_ZN5neml24math6linalg9lu_factorERKNS_6TensorEb
FNDA:422,_ZN5neml24math15ConstantTensors19skew_to_full_factorEv
FNDA:63,_ZN5neml24math3powERKNS_6TensorES3_
FNDA:2005,_ZN5neml24math6jacrevERKNS_6TensorES3_bbb
FNDA:490,_ZN5neml24math15base_diag_embedERKNS_6TensorElll
FNDA:88,_ZN5neml24math3powERKdRKNS_6TensorE
FNDA:564,_ZN5neml24math10base_stackERKSt6vectorINS_6TensorESaIS2_EEl
FNDA:6604,_ZN5neml24math8base_catERKSt6vectorINS_6TensorESaIS2_EEl
FNDA:1,_ZN5neml24math15ConstantTensorsC2Ev
FNDA:1569,_ZN5neml24math6linalg11vector_normERKNS_6TensorE
FNDA:0,_ZN5neml24math8base_sumERKNS_6TensorEl
FNDA:422,_ZN5neml24math12skew_to_fullERKNS_6TensorEl
FNDA:64,_ZN5neml24math27d_skew_and_sym_to_sym_d_symERKNS_3WR2E
FNDA:2,_ZN5neml24math28d_skew_and_sym_to_sym_d_skewERKNS_3SR2E
FNDA:502,_ZN5neml24math12full_to_skewERKNS_6TensorEl
FNDA:2692,_ZN5neml24math15full_to_reducedERKNS_6TensorERKN2at6TensorES7_l
FNDA:64,_ZN5neml24math32d_multiply_and_make_skew_d_firstERKNS_3SR2E
FNDA:328,_ZN5neml24math22multiply_and_make_skewERKNS_3SR2ES3_
FNDA:2649,_ZN5neml24math15ConstantTensors18mandel_to_full_mapEv
FNDA:502,_ZN5neml24math15ConstantTensors16full_to_skew_mapEv
FNDA:6,_ZN5neml24math6linalg8lu_solveERKNS_6TensorES4_S4_bb
FNDA:328,_ZN5neml24math19skew_and_sym_to_symERKNS_3SR2ERKNS_3WR2E
FNDA:2649,_ZN5neml24math14mandel_to_fullERKNS_6TensorEl
FNDA:502,_ZN5neml24math15ConstantTensors19full_to_skew_factorEv
FNDA:145,_ZN5neml24math6linalg3invERKNS_6TensorE
FNDA:2190,_ZN5neml24math15ConstantTensors18full_to_mandel_mapEv
FNDA:1474,_ZN5neml24math6linalg5solveERKNS_6TensorES4_
FNDA:2649,_ZN5neml24math15ConstantTensors21mandel_to_full_factorEv
FNDA:3071,_ZN5neml24math15reduced_to_fullERKNS_6TensorERKN2at6TensorES7_l
FNDA:2190,_ZN5neml24math14full_to_mandelERKNS_6TensorEl
FNDA:422,_ZN5neml24math15ConstantTensors16skew_to_full_mapEv
FNDA:0,_ZN5neml24math9base_meanERKNS_6TensorEl
FNDA:2190,_ZN5neml24math15ConstantTensors21full_to_mandel_factorEv
FNF:35
FNH:33
DA:36,1
DA:38,7
DA:41,10
DA:43,7
DA:46,10
DA:48,4
DA:50,10
DA:52,4
DA:54,10
DA:55,1
DA:58,11526
DA:60,11526
DA:61,11526
DA:65,2190
DA:67,2190
DA:71,2649
DA:73,2649
DA:77,2190
DA:79,2190
DA:83,2649
DA:85,2649
DA:89,502
DA:91,502
DA:95,422
DA:97,422
DA:101,502
DA:103,502
DA:107,422
DA:109,422
DA:113,2692
DA:118,2692
DA:119,2692
DA:120,2692
DA:121,2692
DA:122,2692
DA:124,2692
DA:125,2692
DA:126,2692
DA:128,2692
DA:129,2692
DA:132,5384
DA:135,8076
DA:136,2692
DA:139,3071
DA:144,3071
DA:145,3071
DA:146,3071
DA:147,3071
DA:148,3071
DA:150,3071
DA:151,3071
DA:152,3071
DA:153,3071
DA:154,3071
DA:156,6142
DA:157,6142
DA:158,9213
DA:159,3071
DA:162,2190
DA:166,4380
DA:167,4380
DA:168,4380
DA:172,2649
DA:176,5298
DA:177,5298
DA:178,5298
DA:182,502
DA:186,1004
DA:187,1004
DA:188,1004
DA:192,422
DA:196,844
DA:197,844
DA:198,844
DA:202,2005
DA:205,2005
DA:206,15
DA:209,7960
DA:210,1990
DA:219,1990
DA:220,1990
DA:223,1990
DA:225,7446
DA:227,49104
DA:229,16368
DA:232,5456
DA:233,5456
DA:234,10766
DA:235,5456
DA:238,1990
DA:239,1990
DA:242,490
DA:245,980
DA:246,0
DA:247,1470
DA:251,328
DA:255,328
DA:256,328
DA:257,984
DA:258,328
DA:261,64
DA:263,64
DA:264,64
DA:265,256
DA:266,384
DA:267,64
DA:270,2
DA:272,2
DA:273,2
DA:274,8
DA:275,12
DA:276,2
DA:279,328
DA:281,328
DA:282,328
DA:284,984
DA:285,328
DA:288,64
DA:290,64
DA:291,64
DA:292,256
DA:293,384
DA:294,64
DA:297,64
DA:299,64
DA:300,64
DA:301,256
DA:302,384
DA:303,64
DA:306,6604
DA:308,6604
DA:309,6604
DA:310,6604
DA:311,19812
DA:312,6604
DA:315,564
DA:317,564
DA:318,564
DA:319,564
DA:320,1692
DA:321,564
DA:324,0
DA:326,0
DA:327,0
DA:331,0
DA:333,0
DA:334,0
DA:338,88
DA:340,176
DA:344,63
DA:346,63
DA:347,126
DA:353,1569
DA:355,1569
DA:357,1569
DA:361,1569
DA:362,69
DA:364,3000
DA:365,3000
DA:366,3000
DA:370,145
DA:372,290
DA:376,1474
DA:378,2948
DA:382,2
DA:384,2
DA:385,4
DA:386,2
DA:389,6
DA:391,12
LF:170
LH:163
end_of_record
TN:
SF:/home/runner/work/neml2/neml2/src/neml2/misc/parser_utils.cxx
FN:31,_ZNK5neml215ParserException4whatEv
FN:39,_ZN5neml25utilsrsERSt18basic_stringstreamIcSt11char_traitsIcESaIcEERN2at6TensorE
FN:46,_ZN5neml25utils4joinERKSt6vectorISsSaISsEERKSs
FN:59,_ZN5neml25utils5splitERKSsS2_
FN:80,_ZN5neml25utils4trimERKSsS2_
FN:90,_ZN5neml25utils10start_withESt17basic_string_viewIcSt11char_traitsIcEES4_
FN:96,_ZN5neml25utils8end_withESt17basic_string_viewIcSt11char_traitsIcEES4_
FN:104,_ZN5neml25utils6parse_IbEEvRT_RKSs
FN:117,_ZN5neml25utils13parse_vector_IbEEvRSt6vectorIT_SaIS3_EERKSs
FN:127,_ZN5neml25utils6parse_INS_19LabeledAxisAccessorEEEvRT_RKSs
FN:135,_ZN5neml25utils6parse_IN3c1011SmallVectorIlLj6EEEEEvRT_RKSs
FNDA:12857,_ZN5neml25utils10start_withESt17basic_string_viewIcSt11char_traitsIcEES4_
FNDA:11986,_ZN5neml25utils4trimERKSsS2_
FNDA:189,_ZN5neml25utils6parse_IbEEvRT_RKSs
FNDA:3112,_ZN5neml25utils5splitERKSsS2_
FNDA:0,_ZN5neml25utils4joinERKSt6vectorISsSaISsEERKSs
FNDA:674,_ZN5neml25utils6parse_INS_19LabeledAxisAccessorEEEvRT_RKSs
FNDA:1,_ZN5neml25utilsrsERSt18basic_stringstreamIcSt11char_traitsIcESaIcEERN2at6TensorE
FNDA:5,_ZNK5neml215ParserException4whatEv
FNDA:40,_ZN5neml25utils13parse_vector_IbEEvRSt6vectorIT_SaIS3_EERKSs
FNDA:1473,_ZN5neml25utils8end_withESt17basic_string_viewIcSt11char_traitsIcEES4_
FNDA:1195,_ZN5neml25utils6parse_IN3c1011SmallVectorIlLj6EEEEEvRT_RKSs
FNF:11
FNH:10
DA:31,5
DA:33,5
DA:39,1
DA:41,1
DA:46,0
DA:48,0
DA:49,0
DA:51,0
DA:52,0
DA:53,0
DA:55,0
DA:56,0
DA:59,3112
DA:61,3112
DA:63,3112
DA:64,3112
DA:66,8152
DA:68,8136
DA:70,8136
DA:71,8136
DA:72,3096
DA:73,5040
DA:76,3112
DA:77,0
DA:80,11986
DA:82,11986
DA:83,11986
DA:84,17
DA:85,11969
DA:86,11969
DA:90,12857
DA:92,12857
DA:96,1473
DA:98,2946
DA:99,2946
DA:104,189
DA:106,189
DA:107,189
DA:108,99
DA:109,90
DA:110,89
DA:112,1
DA:113,189
DA:117,40
DA:119,80
DA:120,40
DA:121,150
DA:122,110
DA:123,40
DA:127,674
DA:129,1348
DA:130,674
DA:131,674
DA:135,1195
DA:137,1195
DA:138,1
DA:139,2
DA:141,2388
DA:142,2388
DA:144,1194
DA:145,3500
DA:146,2306
DA:147,1194
LF:63
LH:54
end_of_record
TN:
SF:/home/runner/work/neml2/neml2/src/neml2/misc/types.cxx
FN:31,_ZNK5neml213TraceableSize9traceableEv
FN:37,_ZNK5neml213TraceableSize8concreteEv
FN:51,_ZNK5neml213TraceableSize9as_tensorEv
FN:60,_ZN5neml2eqERKNS_13TraceableSizeES2_
FN:66,_ZN5neml2neERKNS_13TraceableSizeES2_
FN:72,_ZN5neml2lsERSoRKNS_13TraceableSizeE
FN:78,_ZN5neml220TraceableTensorShapeC2ERKN3c1011SmallVectorIlLj6EEE
FN:84,_ZN5neml220TraceableTensorShapeC2EN3c108ArrayRefIlEE
FN:90,_ZN5neml220TraceableTensorShapeC2El
FN:95,_ZN5neml220TraceableTensorShapeC2ERKN2at6TensorE
FN:105,_ZNK5neml220TraceableTensorShape5sliceEll
FN:116,_ZNK5neml220TraceableTensorShape5sliceEl
FN:124,_ZNK5neml220TraceableTensorShape8concreteEv
FN:133,_ZNK5neml220TraceableTensorShape9as_tensorEv
FN:145,_ZN5neml2eqERKNS_20TraceableTensorShapeES2_
FN:151,_ZN5neml2neERKNS_20TraceableTensorShapeES2_
FN:157,_ZN5neml222default_tensor_optionsEv
FN:165,_ZN5neml230default_integer_tensor_optionsEv
FN:173,_ZN5neml213default_dtypeEv
FN:180,_ZN5neml221default_integer_dtypeEv
FN:187,_ZN5neml214default_deviceEv
FN:194,_ZN5neml217machine_precisionEv
FN:201,_ZN5neml29toleranceEv
FN:208,_ZN5neml217tighter_toleranceEv
FN:215,_ZN5neml221buffer_name_separatorEv
FN:222,_ZN5neml224parameter_name_separatorEv
FN:229,_ZN5neml234currently_solving_nonlinear_systemEv
FN:236,_ZN5neml223currently_requesting_ADEv
FNDA:15620,_ZN5neml234currently_solving_nonlinear_systemEv
FNDA:280,_ZN5neml217tighter_toleranceEv
FNDA:5428,_ZNK5neml213TraceableSize9as_tensorEv
FNDA:256430,_ZN5neml220TraceableTensorShapeC2EN3c108ArrayRefIlEE
FNDA:2088,_ZN5neml220TraceableTensorShapeC2ERKN2at6TensorE
FNDA:0,_ZN5neml2lsERSoRKNS_13TraceableSizeE
FNDA:280,_ZN5neml29toleranceEv
FNDA:0,_ZNK5neml220TraceableTensorShape5sliceEl
FNDA:0,_ZN5neml2neERKNS_13TraceableSizeES2_
FNDA:35,_ZN5neml2neERKNS_20TraceableTensorShapeES2_
FNDA:24945,_ZNK5neml220TraceableTensorShape5sliceEll
FNDA:397735,_ZNK5neml213TraceableSize8concreteEv
FNDA:1147500,_ZNK5neml220TraceableTensorShape8concreteEv
FNDA:3114,_ZN5neml222default_tensor_optionsEv
FNDA:282,_ZN5neml214default_deviceEv
FNDA:6044,_ZN5neml221default_integer_dtypeEv
FNDA:425,_ZN5neml221buffer_name_separatorEv
FNDA:26152,_ZNK5neml220TraceableTensorShape9as_tensorEv
FNDA:627,_ZN5neml220TraceableTensorShapeC2El
FNDA:351,_ZN5neml224parameter_name_separatorEv
FNDA:1789,_ZN5neml217machine_precisionEv
FNDA:700,_ZN5neml223currently_requesting_ADEv
FNDA:559,_ZN5neml213default_dtypeEv
FNDA:340843,_ZN5neml2eqERKNS_20TraceableTensorShapeES2_
FNDA:1025,_ZN5neml220TraceableTensorShapeC2ERKN3c1011SmallVectorIlLj6EEE
FNDA:10,_ZN5neml2eqERKNS_13TraceableSizeES2_
FNDA:152,_ZN5neml230default_integer_tensor_optionsEv
FNDA:420601,_ZNK5neml213TraceableSize9traceableEv
FNF:28
FNH:25
DA:31,420601
DA:33,420601
DA:37,397735
DA:39,397735
DA:41,25334
DA:43,25334
DA:44,25334
DA:47,372401
DA:51,5428
DA:53,5428
DA:54,612
DA:56,4816
DA:60,10
DA:62,10
DA:66,0
DA:68,0
DA:72,0
DA:74,0
DA:75,0
DA:78,1025
DA:80,4015
DA:81,2990
DA:82,1025
DA:84,256430
DA:86,353214
DA:87,96784
DA:88,256430
DA:90,627
DA:91,627
DA:93,627
DA:95,2088
DA:97,2088
DA:98,2088
DA:100,4182
DA:101,4188
DA:102,2088
DA:105,24945
DA:107,24945
DA:108,0
DA:109,24945
DA:110,2462
DA:112,24945
DA:116,0
DA:118,0
DA:119,0
DA:120,0
DA:124,1147500
DA:126,1147500
DA:127,1541674
DA:128,394174
DA:129,1147500
DA:130,0
DA:133,26152
DA:135,26152
DA:136,20736
DA:138,5416
DA:139,10844
DA:140,5428
DA:141,5416
DA:142,5416
DA:145,340843
DA:147,340843
DA:151,35
DA:153,35
DA:157,3114
DA:160,3114
DA:161,3114
DA:165,152
DA:168,152
DA:169,152
DA:173,559
DA:176,559
DA:180,6044
DA:183,6044
DA:187,282
DA:189,282
DA:190,282
DA:194,1789
DA:197,1789
DA:201,280
DA:204,280
DA:208,280
DA:211,280
DA:215,425
DA:217,425
DA:218,425
DA:222,351
DA:224,351
DA:225,351
DA:229,15620
DA:232,15620
DA:236,700
DA:239,700
LF:93
LH:82
end_of_record
TN:
SF:/home/runner/work/neml2/neml2/src/neml2/misc/utils.cxx
FN:34,_ZN5neml25utils8demangleEPKc
FN:41,_ZN5neml25utils19extract_batch_sizesERKN2at6TensorEl
FN:57,_ZN5neml25utils12storage_sizeEN3c108ArrayRefIlEE
FN:64,_ZN5neml25utils11pad_prependEN3c108ArrayRefIlEEll
FN:72,_ZN5neml25utils11pad_prependERKN2at6TensorEll
FN:95,_ZN5neml25utils7details15add_shapes_implERN3c1011SmallVectorIlLj6EEE
FN:101,_ZN5neml25utils7details25add_traceable_shapes_implERNS_20TraceableTensorShapeE
FNDA:386200,_ZN5neml25utils11pad_prependEN3c108ArrayRefIlEEll
FNDA:118689,_ZN5neml25utils12storage_sizeEN3c108ArrayRefIlEE
FNDA:242029,_ZN5neml25utils8demangleEPKc
FNDA:5416,_ZN5neml25utils11pad_prependERKN2at6TensorEll
FNDA:242724,_ZN5neml25utils19extract_batch_sizesERKN2at6TensorEl
FNDA:81093,_ZN5neml25utils7details15add_shapes_implERN3c1011SmallVectorIlLj6EEE
FNDA:13079,_ZN5neml25utils7details25add_traceable_shapes_implERNS_20TraceableTensorShapeE
FNF:7
FNH:7
DA:34,242029
DA:37,242029
DA:41,242724
DA:45,242724
DA:47,0
DA:48,0
DA:49,0
DA:50,0
DA:51,0
DA:53,485448
DA:57,118689
DA:59,118689
DA:60,118689
DA:64,386200
DA:66,386200
DA:67,386200
DA:68,386200
DA:69,0
DA:72,5416
DA:74,5416
DA:75,5416
DA:76,5416
DA:77,16248
DA:95,81093
DA:97,81093
DA:101,13079
DA:103,13079
LF:27
LH:21
end_of_record
TN:
SF:/home/runner/work/neml2/neml2/src/neml2/models/ArrheniusParameter.cxx
FN:33,_ZN5neml218ArrheniusParameter16expected_optionsEv
FN:56,_ZN5neml218ArrheniusParameterC2ERKNS_9OptionSetE
FN:66,_ZN5neml218ArrheniusParameter9set_valueEbbb
FNDA:21,_ZN5neml218ArrheniusParameter9set_valueEbbb
FNDA:6,_ZN5neml218ArrheniusParameter16expected_optionsEv
FNDA:2,_ZN5neml218ArrheniusParameterC2ERKNS_9OptionSetE
FNF:3
FNH:3
DA:33,6
DA:35,6
DA:36,6
DA:39,6
DA:41,6
DA:42,6
DA:44,6
DA:45,6
DA:47,6
DA:48,6
DA:50,6
DA:51,6
DA:53,6
DA:54,0
DA:56,2
DA:58,2
DA:59,2
DA:60,2
DA:61,4
DA:63,2
DA:66,21
DA:68,42
DA:70,21
DA:71,17
DA:73,21
DA:74,21
DA:76,8
DA:78,4
DA:79,3
DA:81,4
DA:82,1
DA:83,4
DA:84,21
LF:33
LH:32
end_of_record
TN:
SF:/home/runner/work/neml2/neml2/src/neml2/models/Assembler.cxx
FN:31,_ZNK5neml215VectorAssembler8assembleERKSt3mapINS_19LabeledAxisAccessorENS_6TensorESt4lessIS2_ESaISt4pairIKS2_S3_EEE
FN:78,_ZNK5neml215VectorAssembler11disassembleERKNS_6TensorE
FN:92,_ZNK5neml215VectorAssembler5splitERKNS_6TensorE
FN:106,_ZNK5neml215MatrixAssembler8assembleERKSt3mapINS_19LabeledAxisAccessorES1_IS2_NS_6TensorESt4lessIS2_ESaISt4pairIKS2_S3_EEES5_SaIS6_IS7_SA_EEE
FN:186,_ZNK5neml215MatrixAssembler11disassembleERKNS_6TensorE
FN:206,_ZNK5neml215MatrixAssembler5splitERKNS_6TensorE
FNDA:1,_ZNK5neml215VectorAssembler5splitERKNS_6TensorE
FNDA:1722,_ZNK5neml215VectorAssembler8assembleERKSt3mapINS_19LabeledAxisAccessorENS_6TensorESt4lessIS2_ESaISt4pairIKS2_S3_EEE
FNDA:6,_ZNK5neml215MatrixAssembler11disassembleERKNS_6TensorE
FNDA:2,_ZNK5neml215MatrixAssembler5splitERKNS_6TensorE
FNDA:1235,_ZNK5neml215MatrixAssembler8assembleERKSt3mapINS_19LabeledAxisAccessorES1_IS2_NS_6TensorESt4lessIS2_ESaISt4pairIKS2_S3_EEES5_SaIS6_IS7_SA_EEE
FNDA:1568,_ZNK5neml215VectorAssembler11disassembleERKNS_6TensorE
FNF:6
FNH:6
DA:31,1722
DA:33,1722
DA:36,1722
DA:37,1722
DA:42,1722
DA:43,6778
DA:45,5056
DA:46,5056
DA:48,5053
DA:49,5053
DA:51,5053
DA:53,5053
DA:55,5053
DA:56,5053
DA:58,1722
DA:59,1722
DA:64,1722
DA:67,1722
DA:68,6778
DA:69,5056
DA:70,5053
DA:72,3
DA:74,3444
DA:75,1722
DA:78,1568
DA:80,1568
DA:82,1568
DA:83,1568
DA:85,6187
DA:86,4619
DA:88,3136
DA:89,1568
DA:92,1
DA:94,1
DA:96,1
DA:97,1
DA:99,3
DA:100,2
DA:102,2
DA:103,1
DA:106,1235
DA:109,1235
DA:110,1235
DA:113,1235
DA:114,1235
DA:117,1235
DA:118,4881
DA:120,3646
DA:121,3646
DA:122,0
DA:127,3646
DA:128,14804
DA:130,11158
DA:131,11158
DA:133,11146
DA:134,11146
DA:136,11146
DA:138,11146
DA:140,11146
DA:142,22292
DA:143,11146
DA:145,11146
DA:147,11146
DA:149,22292
DA:151,11146
DA:152,11146
DA:154,1235
DA:155,1235
DA:160,3646
DA:163,3646
DA:164,14804
DA:165,11158
DA:166,11146
DA:168,24
DA:169,24
DA:171,3646
DA:172,3646
DA:175,1235
DA:176,4881
DA:177,3646
DA:178,3646
DA:180,0
DA:182,2470
DA:183,1235
DA:186,6
DA:188,6
DA:190,6
DA:191,6
DA:193,6
DA:194,24
DA:196,18
DA:197,54
DA:198,72
DA:199,108
DA:200,18
DA:202,12
DA:203,6
DA:206,2
DA:208,2
DA:210,2
DA:211,2
DA:213,2
DA:214,4
DA:216,2
DA:217,10
DA:218,16
DA:219,24
DA:220,2
DA:222,4
DA:223,2
LF:110
LH:108
end_of_record
TN:
SF:/home/runner/work/neml2/neml2/src/neml2/models/BackwardEulerTimeIntegration.cxx
FN:35,_ZN5neml228BackwardEulerTimeIntegrationINS_3SR2EE16expected_optionsEv
FN:35,_ZN5neml228BackwardEulerTimeIntegrationINS_6ScalarEE16expected_optionsEv
FN:35,_ZN5neml228BackwardEulerTimeIntegrationINS_3VecEE16expected_optionsEv
FN:59,_ZN5neml228BackwardEulerTimeIntegrationINS_3VecEEC2ERKNS_9OptionSetE
FN:59,_ZN5neml228BackwardEulerTimeIntegrationINS_3SR2EEC2ERKNS_9OptionSetE
FN:59,_ZN5neml228BackwardEulerTimeIntegrationINS_6ScalarEEC2ERKNS_9OptionSetE
FN:74,_ZNK5neml228BackwardEulerTimeIntegrationINS_3VecEE8diagnoseERSt6vectorINS_9DiagnosisESaIS4_EE
FN:74,_ZNK5neml228BackwardEulerTimeIntegrationINS_6ScalarEE8diagnoseERSt6vectorINS_9DiagnosisESaIS4_EE
FN:74,_ZNK5neml228BackwardEulerTimeIntegrationINS_3SR2EE8diagnoseERSt6vectorINS_9DiagnosisESaIS4_EE
FN:84,_ZN5neml228BackwardEulerTimeIntegrationINS_3VecEE9set_valueEbbb
FN:84,_ZN5neml228BackwardEulerTimeIntegrationINS_3SR2EE9set_valueEbbb
FN:84,_ZN5neml228BackwardEulerTimeIntegrationINS_6ScalarEE9set_valueEbbb
FNDA:9,_ZN5neml228BackwardEulerTimeIntegrationINS_3SR2EEC2ERKNS_9OptionSetE
FNDA:3118,_ZN5neml228BackwardEulerTimeIntegrationINS_3SR2EE9set_valueEbbb
FNDA:6,_ZN5neml228BackwardEulerTimeIntegrationINS_3VecEE16expected_optionsEv
FNDA:0,_ZNK5neml228BackwardEulerTimeIntegrationINS_3VecEE8diagnoseERSt6vectorINS_9DiagnosisESaIS4_EE
FNDA:6,_ZNK5neml228BackwardEulerTimeIntegrationINS_3SR2EE8diagnoseERSt6vectorINS_9DiagnosisESaIS4_EE
FNDA:15,_ZN5neml228BackwardEulerTimeIntegrationINS_6ScalarEEC2ERKNS_9OptionSetE
FNDA:4902,_ZN5neml228BackwardEulerTimeIntegrationINS_6ScalarEE9set_valueEbbb
FNDA:3,_ZNK5neml228BackwardEulerTimeIntegrationINS_6ScalarEE8diagnoseERSt6vectorINS_9DiagnosisESaIS4_EE
FNDA:6,_ZN5neml228BackwardEulerTimeIntegrationINS_3SR2EE16expected_optionsEv
FNDA:0,_ZN5neml228BackwardEulerTimeIntegrationINS_3VecEE9set_valueEbbb
FNDA:0,_ZN5neml228BackwardEulerTimeIntegrationINS_3VecEEC2ERKNS_9OptionSetE
FNDA:6,_ZN5neml228BackwardEulerTimeIntegrationINS_6ScalarEE16expected_optionsEv
FNF:12
FNH:9
DA:35,18
DA:37,18
DA:38,18
DA:44,18
DA:46,18
DA:47,18
DA:49,18
DA:50,18
DA:52,18
DA:53,18
DA:55,18
DA:56,0
DA:59,24
DA:61,24
DA:62,24
DA:63,48
DA:64,48
DA:65,24
DA:66,24
DA:67,24
DA:68,48
DA:70,24
DA:74,9
DA:76,9
DA:77,9
DA:78,9
DA:79,9
DA:80,9
DA:84,8020
DA:86,8020
DA:88,8020
DA:89,8019
DA:91,8020
DA:93,3590
DA:95,3590
DA:96,3590
DA:98,3590
DA:99,3578
DA:101,12
DA:102,12
DA:103,12
DA:104,3590
LF:42
LH:41
end_of_record
TN:
SF:/home/runner/work/neml2/neml2/src/neml2/models/BufferStore.cxx
FN:29,_ZN5neml211BufferStoreC2ERKNS_9OptionSetEPNS_11NEML2ObjectE
FN:36,_ZN5neml211BufferStore13named_buffersEv
FN:44,_ZN5neml211BufferStore15send_buffers_toERKN3c1013TensorOptionsE
FNDA:0,_ZN5neml211BufferStore15send_buffers_toERKN3c1013TensorOptionsE
FNDA:385,_ZN5neml211BufferStoreC2ERKNS_9OptionSetEPNS_11NEML2ObjectE
FNDA:0,_ZN5neml211BufferStore13named_buffersEv
FNF:3
FNH:1
DA:29,385
DA:30,385
DA:31,385
DA:33,385
DA:36,0
DA:38,0
DA:40,0
DA:44,0
DA:46,0
DA:47,0
DA:48,0
LF:11
LH:4
end_of_record
TN:
SF:/home/runner/work/neml2/neml2/src/neml2/models/ComposedModel.cxx
FN:33,_ZN5neml213ComposedModel16expected_optionsEv
FN:63,_ZN5neml213ComposedModelC2ERKNS_9OptionSetE
FN:130,_ZNK5neml213ComposedModel26named_nonlinear_parametersEb
FN:136,_ZNK5neml213ComposedModel32named_nonlinear_parameter_modelsEb
FN:142,_ZN5neml213ComposedModel20link_input_variablesEPNS_5ModelE
FN:157,_ZN5neml213ComposedModel21link_output_variablesEPNS_5ModelE
FN:165,_ZN5neml213ComposedModel9set_valueEbbb
FNDA:215,_ZN5neml213ComposedModel21link_output_variablesEPNS_5ModelE
FNDA:4210,_ZN5neml213ComposedModel9set_valueEbbb
FNDA:10,_ZNK5neml213ComposedModel26named_nonlinear_parametersEb
FNDA:58,_ZN5neml213ComposedModelC2ERKNS_9OptionSetE
FNDA:20,_ZNK5neml213ComposedModel32named_nonlinear_parameter_modelsEb
FNDA:215,_ZN5neml213ComposedModel20link_input_variablesEPNS_5ModelE
FNDA:6,_ZN5neml213ComposedModel16expected_optionsEv
FNF:7
FNH:7
DA:33,6
DA:35,6
DA:36,6
DA:39,6
DA:41,6
DA:43,6
DA:44,6
DA:46,6
DA:47,12
DA:49,6
DA:51,6
DA:52,12
DA:54,6
DA:56,6
DA:57,12
DA:58,6
DA:60,6
DA:61,0
DA:63,58
DA:65,58
DA:66,116
DA:71,217
DA:72,159
DA:82,58
DA:83,58
DA:84,217
DA:85,215
DA:86,215
DA:89,273
DA:90,215
DA:91,60
DA:92,2
DA:95,116
DA:96,58
DA:97,58
DA:98,0
DA:101,58
DA:102,58
DA:103,58
DA:106,58
DA:109,385
DA:110,327
DA:111,258
DA:114,140
DA:115,82
DA:118,217
DA:120,215
DA:121,56
DA:122,159
DA:123,215
DA:124,56
DA:125,159
DA:127,58
DA:130,10
DA:132,10
DA:136,20
DA:138,20
DA:142,215
DA:144,2070
DA:145,1855
DA:146,327
DA:148,1581
DA:149,1366
DA:151,171
DA:152,171
DA:154,215
DA:157,215
DA:159,575
DA:160,360
DA:161,82
DA:162,215
DA:165,4210
DA:167,26398
DA:169,22188
DA:170,12281
DA:171,9907
DA:172,9483
DA:173,424
DA:174,424
DA:176,0
DA:179,4210
DA:180,6475
DA:181,4443
DA:183,4210
DA:184,328
DA:185,164
DA:186,4210
LF:87
LH:84
end_of_record
TN:
SF:/home/runner/work/neml2/neml2/src/neml2/models/ConstantParameter.cxx
FN:34,_ZN5neml217ConstantParameterINS_4SWR4EE16expected_optionsEv
FN:34,_ZN5neml217ConstantParameterINS_2R8EE16expected_optionsEv
FN:34,_ZN5neml217ConstantParameterINS_6ScalarEE16expected_optionsEv
FN:34,_ZN5neml217ConstantParameterINS_2R5EE16expected_optionsEv
FN:34,_ZN5neml217ConstantParameterINS_3RotEE16expected_optionsEv
FN:34,_ZN5neml217ConstantParameterINS_3SR2EE16expected_optionsEv
FN:34,_ZN5neml217ConstantParameterINS_10QuaternionEE16expected_optionsEv
FN:34,_ZN5neml217ConstantParameterINS_4SFR3EE16expected_optionsEv
FN:34,_ZN5neml217ConstantParameterINS_4WWR4EE16expected_optionsEv
FN:34,_ZN5neml217ConstantParameterINS_5SSFR5EE16expected_optionsEv
FN:34,_ZN5neml217ConstantParameterINS_2R4EE16expected_optionsEv
FN:34,_ZN5neml217ConstantParameterINS_3VecEE16expected_optionsEv
FN:34,_ZN5neml217ConstantParameterINS_11MillerIndexEE16expected_optionsEv
FN:34,_ZN5neml217ConstantParameterINS_3WR2EE16expected_optionsEv
FN:34,_ZN5neml217ConstantParameterINS_2R3EE16expected_optionsEv
FN:34,_ZN5neml217ConstantParameterINS_4WSR4EE16expected_optionsEv
FN:34,_ZN5neml217ConstantParameterINS_5SFFR4EE16expected_optionsEv
FN:34,_ZN5neml217ConstantParameterINS_2R2EE16expected_optionsEv
FN:34,_ZN5neml217ConstantParameterINS_6SSSSR8EE16expected_optionsEv
FN:34,_ZN5neml217ConstantParameterINS_4SSR4EE16expected_optionsEv
FN:46,_ZN5neml217ConstantParameterINS_6ScalarEEC2ERKNS_9OptionSetE
FN:46,_ZN5neml217ConstantParameterINS_11MillerIndexEEC2ERKNS_9OptionSetE
FN:46,_ZN5neml217ConstantParameterINS_4SSR4EEC2ERKNS_9OptionSetE
FN:46,_ZN5neml217ConstantParameterINS_5SFFR4EEC2ERKNS_9OptionSetE
FN:46,_ZN5neml217ConstantParameterINS_2R3EEC2ERKNS_9OptionSetE
FN:46,_ZN5neml217ConstantParameterINS_3WR2EEC2ERKNS_9OptionSetE
FN:46,_ZN5neml217ConstantParameterINS_5SSFR5EEC2ERKNS_9OptionSetE
FN:46,_ZN5neml217ConstantParameterINS_3VecEEC2ERKNS_9OptionSetE
FN:46,_ZN5neml217ConstantParameterINS_3SR2EEC2ERKNS_9OptionSetE
FN:46,_ZN5neml217ConstantParameterINS_2R2EEC2ERKNS_9OptionSetE
FN:46,_ZN5neml217ConstantParameterINS_2R5EEC2ERKNS_9OptionSetE
FN:46,_ZN5neml217ConstantParameterINS_2R8EEC2ERKNS_9OptionSetE
FN:46,_ZN5neml217ConstantParameterINS_2R4EEC2ERKNS_9OptionSetE
FN:46,_ZN5neml217ConstantParameterINS_6SSSSR8EEC2ERKNS_9OptionSetE
FN:46,_ZN5neml217ConstantParameterINS_4WWR4EEC2ERKNS_9OptionSetE
FN:46,_ZN5neml217ConstantParameterINS_10QuaternionEEC2ERKNS_9OptionSetE
FN:46,_ZN5neml217ConstantParameterINS_4SWR4EEC2ERKNS_9OptionSetE
FN:46,_ZN5neml217ConstantParameterINS_4WSR4EEC2ERKNS_9OptionSetE
FN:46,_ZN5neml217ConstantParameterINS_3RotEEC2ERKNS_9OptionSetE
FN:46,_ZN5neml217ConstantParameterINS_4SFR3EEC2ERKNS_9OptionSetE
FN:54,_ZN5neml217ConstantParameterINS_2R5EE9set_valueEbbb
FN:54,_ZN5neml217ConstantParameterINS_6SSSSR8EE9set_valueEbbb
FN:54,_ZN5neml217ConstantParameterINS_3WR2EE9set_valueEbbb
FN:54,_ZN5neml217ConstantParameterINS_4WSR4EE9set_valueEbbb
FN:54,_ZN5neml217ConstantParameterINS_2R4EE9set_valueEbbb
FN:54,_ZN5neml217ConstantParameterINS_5SSFR5EE9set_valueEbbb
FN:54,_ZN5neml217ConstantParameterINS_10QuaternionEE9set_valueEbbb
FN:54,_ZN5neml217ConstantParameterINS_2R8EE9set_valueEbbb
FN:54,_ZN5neml217ConstantParameterINS_3SR2EE9set_valueEbbb
FN:54,_ZN5neml217ConstantParameterINS_2R2EE9set_valueEbbb
FN:54,_ZN5neml217ConstantParameterINS_3RotEE9set_valueEbbb
FN:54,_ZN5neml217ConstantParameterINS_2R3EE9set_valueEbbb
FN:54,_ZN5neml217ConstantParameterINS_6ScalarEE9set_valueEbbb
FN:54,_ZN5neml217ConstantParameterINS_11MillerIndexEE9set_valueEbbb
FN:54,_ZN5neml217ConstantParameterINS_3VecEE9set_valueEbbb
FN:54,_ZN5neml217ConstantParameterINS_4SWR4EE9set_valueEbbb
FN:54,_ZN5neml217ConstantParameterINS_4WWR4EE9set_valueEbbb
FN:54,_ZN5neml217ConstantParameterINS_4SSR4EE9set_valueEbbb
FN:54,_ZN5neml217ConstantParameterINS_4SFR3EE9set_valueEbbb
FN:54,_ZN5neml217ConstantParameterINS_5SFFR4EE9set_valueEbbb
FNDA:0,_ZN5neml217ConstantParameterINS_4WSR4EEC2ERKNS_9OptionSetE
FNDA:0,_ZN5neml217ConstantParameterINS_4SFR3EE9set_valueEbbb
FNDA:6,_ZN5neml217ConstantParameterINS_6SSSSR8EE16expected_optionsEv
FNDA:6,_ZN5neml217ConstantParameterINS_4SSR4EE16expected_optionsEv
FNDA:0,_ZN5neml217ConstantParameterINS_3RotEEC2ERKNS_9OptionSetE
FNDA:0,_ZN5neml217ConstantParameterINS_4SFR3EEC2ERKNS_9OptionSetE
FNDA:0,_ZN5neml217ConstantParameterINS_5SFFR4EE9set_valueEbbb
FNDA:0,_ZN5neml217ConstantParameterINS_2R4EEC2ERKNS_9OptionSetE
FNDA:0,_ZN5neml217ConstantParameterINS_10QuaternionEEC2ERKNS_9OptionSetE
FNDA:0,_ZN5neml217ConstantParameterINS_4WWR4EEC2ERKNS_9OptionSetE
FNDA:6,_ZN5neml217ConstantParameterINS_5SFFR4EE16expected_optionsEv
FNDA:6,_ZN5neml217ConstantParameterINS_4WSR4EE16expected_optionsEv
FNDA:0,_ZN5neml217ConstantParameterINS_6SSSSR8EEC2ERKNS_9OptionSetE
FNDA:0,_ZN5neml217ConstantParameterINS_4SSR4EE9set_valueEbbb
FNDA:6,_ZN5neml217ConstantParameterINS_2R2EE16expected_optionsEv
FNDA:0,_ZN5neml217ConstantParameterINS_4SWR4EEC2ERKNS_9OptionSetE
FNDA:0,_ZN5neml217ConstantParameterINS_11MillerIndexEE9set_valueEbbb
FNDA:5,_ZN5neml217ConstantParameterINS_6ScalarEE9set_valueEbbb
FNDA:0,_ZN5neml217ConstantParameterINS_2R3EE9set_valueEbbb
FNDA:0,_ZN5neml217ConstantParameterINS_2R8EEC2ERKNS_9OptionSetE
FNDA:0,_ZN5neml217ConstantParameterINS_4SWR4EE9set_valueEbbb
FNDA:0,_ZN5neml217ConstantParameterINS_3VecEE9set_valueEbbb
FNDA:6,_ZN5neml217ConstantParameterINS_2R3EE16expected_optionsEv
FNDA:0,_ZN5neml217ConstantParameterINS_4WWR4EE9set_valueEbbb
FNDA:0,_ZN5neml217ConstantParameterINS_10QuaternionEE9set_valueEbbb
FNDA:10,_ZN5neml217ConstantParameterINS_3SR2EE9set_valueEbbb
FNDA:0,_ZN5neml217ConstantParameterINS_2R2EE9set_valueEbbb
FNDA:0,_ZN5neml217ConstantParameterINS_2R8EE9set_valueEbbb
FNDA:0,_ZN5neml217ConstantParameterINS_2R2EEC2ERKNS_9OptionSetE
FNDA:6,_ZN5neml217ConstantParameterINS_11MillerIndexEE16expected_optionsEv
FNDA:6,_ZN5neml217ConstantParameterINS_3WR2EE16expected_optionsEv
FNDA:0,_ZN5neml217ConstantParameterINS_2R5EEC2ERKNS_9OptionSetE
FNDA:0,_ZN5neml217ConstantParameterINS_3RotEE9set_valueEbbb
FNDA:0,_ZN5neml217ConstantParameterINS_5SSFR5EEC2ERKNS_9OptionSetE
FNDA:0,_ZN5neml217ConstantParameterINS_3VecEEC2ERKNS_9OptionSetE
FNDA:6,_ZN5neml217ConstantParameterINS_5SSFR5EE16expected_optionsEv
FNDA:6,_ZN5neml217ConstantParameterINS_4WWR4EE16expected_optionsEv
FNDA:0,_ZN5neml217ConstantParameterINS_5SSFR5EE9set_valueEbbb
FNDA:0,_ZN5neml217ConstantParameterINS_2R4EE9set_valueEbbb
FNDA:6,_ZN5neml217ConstantParameterINS_2R4EE16expected_optionsEv
FNDA:6,_ZN5neml217ConstantParameterINS_3VecEE16expected_optionsEv
FNDA:1,_ZN5neml217ConstantParameterINS_3SR2EEC2ERKNS_9OptionSetE
FNDA:6,_ZN5neml217ConstantParameterINS_3SR2EE16expected_optionsEv
FNDA:6,_ZN5neml217ConstantParameterINS_3RotEE16expected_optionsEv
FNDA:0,_ZN5neml217ConstantParameterINS_3WR2EEC2ERKNS_9OptionSetE
FNDA:6,_ZN5neml217ConstantParameterINS_10QuaternionEE16expected_optionsEv
FNDA:6,_ZN5neml217ConstantParameterINS_4SFR3EE16expected_optionsEv
FNDA:0,_ZN5neml217ConstantParameterINS_4SSR4EEC2ERKNS_9OptionSetE
FNDA:0,_ZN5neml217ConstantParameterINS_3WR2EE9set_valueEbbb
FNDA:0,_ZN5neml217ConstantParameterINS_5SFFR4EEC2ERKNS_9OptionSetE
FNDA:0,_ZN5neml217ConstantParameterINS_4WSR4EE9set_valueEbbb
FNDA:6,_ZN5neml217ConstantParameterINS_2R5EE16expected_optionsEv
FNDA:0,_ZN5neml217ConstantParameterINS_2R3EEC2ERKNS_9OptionSetE
FNDA:4,_ZN5neml217ConstantParameterINS_6ScalarEEC2ERKNS_9OptionSetE
FNDA:6,_ZN5neml217ConstantParameterINS_4SWR4EE16expected_optionsEv
FNDA:0,_ZN5neml217ConstantParameterINS_2R5EE9set_valueEbbb
FNDA:6,_ZN5neml217ConstantParameterINS_6ScalarEE16expected_optionsEv
FNDA:0,_ZN5neml217ConstantParameterINS_6SSSSR8EE9set_valueEbbb
FNDA:0,_ZN5neml217ConstantParameterINS_11MillerIndexEEC2ERKNS_9OptionSetE
FNDA:6,_ZN5neml217ConstantParameterINS_2R8EE16expected_optionsEv
FNF:60
FNH:24
DA:34,120
DA:36,120
DA:37,120
DA:40,120
DA:41,120
DA:42,120
DA:43,0
DA:46,5
DA:48,5
DA:50,5
DA:54,15
DA:56,15
DA:57,13
DA:59,15
DA:60,2
DA:61,0
DA:65,15
LF:17
LH:15
end_of_record
TN:
SF:/home/runner/work/neml2/neml2/src/neml2/models/CopyVariable.cxx
FN:34,_ZN5neml212CopyVariableINS_2R2EE16expected_optionsEv
FN:34,_ZN5neml212CopyVariableINS_3WR2EE16expected_optionsEv
FN:34,_ZN5neml212CopyVariableINS_4SSR4EE16expected_optionsEv
FN:34,_ZN5neml212CopyVariableINS_5SSFR5EE16expected_optionsEv
FN:34,_ZN5neml212CopyVariableINS_2R4EE16expected_optionsEv
FN:34,_ZN5neml212CopyVariableINS_4SWR4EE16expected_optionsEv
FN:34,_ZN5neml212CopyVariableINS_3SR2EE16expected_optionsEv
FN:34,_ZN5neml212CopyVariableINS_4SFR3EE16expected_optionsEv
FN:34,_ZN5neml212CopyVariableINS_11MillerIndexEE16expected_optionsEv
FN:34,_ZN5neml212CopyVariableINS_6SSSSR8EE16expected_optionsEv
FN:34,_ZN5neml212CopyVariableINS_5SFFR4EE16expected_optionsEv
FN:34,_ZN5neml212CopyVariableINS_4WSR4EE16expected_optionsEv
FN:34,_ZN5neml212CopyVariableINS_10QuaternionEE16expected_optionsEv
FN:34,_ZN5neml212CopyVariableINS_2R5EE16expected_optionsEv
FN:34,_ZN5neml212CopyVariableINS_3VecEE16expected_optionsEv
FN:34,_ZN5neml212CopyVariableINS_4WWR4EE16expected_optionsEv
FN:34,_ZN5neml212CopyVariableINS_6ScalarEE16expected_optionsEv
FN:34,_ZN5neml212CopyVariableINS_3RotEE16expected_optionsEv
FN:34,_ZN5neml212CopyVariableINS_2R3EE16expected_optionsEv
FN:34,_ZN5neml212CopyVariableINS_2R8EE16expected_optionsEv
FN:49,_ZN5neml212CopyVariableINS_6SSSSR8EEC2ERKNS_9OptionSetE
FN:49,_ZN5neml212CopyVariableINS_2R4EEC2ERKNS_9OptionSetE
FN:49,_ZN5neml212CopyVariableINS_3WR2EEC2ERKNS_9OptionSetE
FN:49,_ZN5neml212CopyVariableINS_10QuaternionEEC2ERKNS_9OptionSetE
FN:49,_ZN5neml212CopyVariableINS_4WWR4EEC2ERKNS_9OptionSetE
FN:49,_ZN5neml212CopyVariableINS_3VecEEC2ERKNS_9OptionSetE
FN:49,_ZN5neml212CopyVariableINS_2R5EEC2ERKNS_9OptionSetE
FN:49,_ZN5neml212CopyVariableINS_4WSR4EEC2ERKNS_9OptionSetE
FN:49,_ZN5neml212CopyVariableINS_4SWR4EEC2ERKNS_9OptionSetE
FN:49,_ZN5neml212CopyVariableINS_6ScalarEEC2ERKNS_9OptionSetE
FN:49,_ZN5neml212CopyVariableINS_4SSR4EEC2ERKNS_9OptionSetE
FN:49,_ZN5neml212CopyVariableINS_2R8EEC2ERKNS_9OptionSetE
FN:49,_ZN5neml212CopyVariableINS_5SFFR4EEC2ERKNS_9OptionSetE
FN:49,_ZN5neml212CopyVariableINS_2R3EEC2ERKNS_9OptionSetE
FN:49,_ZN5neml212CopyVariableINS_3RotEEC2ERKNS_9OptionSetE
FN:49,_ZN5neml212CopyVariableINS_5SSFR5EEC2ERKNS_9OptionSetE
FN:49,_ZN5neml212CopyVariableINS_11MillerIndexEEC2ERKNS_9OptionSetE
FN:49,_ZN5neml212CopyVariableINS_3SR2EEC2ERKNS_9OptionSetE
FN:49,_ZN5neml212CopyVariableINS_2R2EEC2ERKNS_9OptionSetE
FN:49,_ZN5neml212CopyVariableINS_4SFR3EEC2ERKNS_9OptionSetE
FN:58,_ZN5neml212CopyVariableINS_3WR2EE9set_valueEbbb
FN:58,_ZN5neml212CopyVariableINS_4SSR4EE9set_valueEbbb
FN:58,_ZN5neml212CopyVariableINS_3SR2EE9set_valueEbbb
FN:58,_ZN5neml212CopyVariableINS_2R8EE9set_valueEbbb
FN:58,_ZN5neml212CopyVariableINS_2R4EE9set_valueEbbb
FN:58,_ZN5neml212CopyVariableINS_2R2EE9set_valueEbbb
FN:58,_ZN5neml212CopyVariableINS_4WWR4EE9set_valueEbbb
FN:58,_ZN5neml212CopyVariableINS_2R3EE9set_valueEbbb
FN:58,_ZN5neml212CopyVariableINS_3VecEE9set_valueEbbb
FN:58,_ZN5neml212CopyVariableINS_5SFFR4EE9set_valueEbbb
FN:58,_ZN5neml212CopyVariableINS_2R5EE9set_valueEbbb
FN:58,_ZN5neml212CopyVariableINS_4WSR4EE9set_valueEbbb
FN:58,_ZN5neml212CopyVariableINS_11MillerIndexEE9set_valueEbbb
FN:58,_ZN5neml212CopyVariableINS_4SFR3EE9set_valueEbbb
FN:58,_ZN5neml212CopyVariableINS_4SWR4EE9set_valueEbbb
FN:58,_ZN5neml212CopyVariableINS_10QuaternionEE9set_valueEbbb
FN:58,_ZN5neml212CopyVariableINS_3RotEE9set_valueEbbb
FN:58,_ZN5neml212CopyVariableINS_5SSFR5EE9set_valueEbbb
FN:58,_ZN5neml212CopyVariableINS_6SSSSR8EE9set_valueEbbb
FN:58,_ZN5neml212CopyVariableINS_6ScalarEE9set_valueEbbb
FNDA:0,_ZN5neml212CopyVariableINS_5SFFR4EEC2ERKNS_9OptionSetE
FNDA:0,_ZN5neml212CopyVariableINS_2R8EEC2ERKNS_9OptionSetE
FNDA:6,_ZN5neml212CopyVariableINS_10QuaternionEE16expected_optionsEv
FNDA:0,_ZN5neml212CopyVariableINS_4SWR4EE9set_valueEbbb
FNDA:0,_ZN5neml212CopyVariableINS_4SFR3EE9set_valueEbbb
FNDA:0,_ZN5neml212CopyVariableINS_4WSR4EE9set_valueEbbb
FNDA:0,_ZN5neml212CopyVariableINS_11MillerIndexEE9set_valueEbbb
FNDA:6,_ZN5neml212CopyVariableINS_6SSSSR8EE16expected_optionsEv
FNDA:6,_ZN5neml212CopyVariableINS_4SFR3EE16expected_optionsEv
FNDA:6,_ZN5neml212CopyVariableINS_11MillerIndexEE16expected_optionsEv
FNDA:0,_ZN5neml212CopyVariableINS_2R5EE9set_valueEbbb
FNDA:6,_ZN5neml212CopyVariableINS_4WSR4EE16expected_optionsEv
FNDA:6,_ZN5neml212CopyVariableINS_5SFFR4EE16expected_optionsEv
FNDA:0,_ZN5neml212CopyVariableINS_2R2EEC2ERKNS_9OptionSetE
FNDA:1,_ZN5neml212CopyVariableINS_3SR2EEC2ERKNS_9OptionSetE
FNDA:6,_ZN5neml212CopyVariableINS_2R8EE16expected_optionsEv
FNDA:0,_ZN5neml212CopyVariableINS_6ScalarEE9set_valueEbbb
FNDA:0,_ZN5neml212CopyVariableINS_4SFR3EEC2ERKNS_9OptionSetE
FNDA:6,_ZN5neml212CopyVariableINS_2R3EE16expected_optionsEv
FNDA:0,_ZN5neml212CopyVariableINS_6SSSSR8EE9set_valueEbbb
FNDA:0,_ZN5neml212CopyVariableINS_3RotEE9set_valueEbbb
FNDA:6,_ZN5neml212CopyVariableINS_4WWR4EE16expected_optionsEv
FNDA:6,_ZN5neml212CopyVariableINS_6ScalarEE16expected_optionsEv
FNDA:0,_ZN5neml212CopyVariableINS_10QuaternionEE9set_valueEbbb
FNDA:6,_ZN5neml212CopyVariableINS_3VecEE16expected_optionsEv
FNDA:0,_ZN5neml212CopyVariableINS_5SSFR5EEC2ERKNS_9OptionSetE
FNDA:6,_ZN5neml212CopyVariableINS_2R5EE16expected_optionsEv
FNDA:0,_ZN5neml212CopyVariableINS_2R3EEC2ERKNS_9OptionSetE
FNDA:0,_ZN5neml212CopyVariableINS_3RotEEC2ERKNS_9OptionSetE
FNDA:0,_ZN5neml212CopyVariableINS_11MillerIndexEEC2ERKNS_9OptionSetE
FNDA:0,_ZN5neml212CopyVariableINS_5SSFR5EE9set_valueEbbb
FNDA:6,_ZN5neml212CopyVariableINS_3RotEE16expected_optionsEv
FNDA:0,_ZN5neml212CopyVariableINS_2R4EE9set_valueEbbb
FNDA:0,_ZN5neml212CopyVariableINS_2R8EE9set_valueEbbb
FNDA:6,_ZN5neml212CopyVariableINS_3WR2EE16expected_optionsEv
FNDA:0,_ZN5neml212CopyVariableINS_10QuaternionEEC2ERKNS_9OptionSetE
FNDA:0,_ZN5neml212CopyVariableINS_4WSR4EEC2ERKNS_9OptionSetE
FNDA:0,_ZN5neml212CopyVariableINS_2R5EEC2ERKNS_9OptionSetE
FNDA:0,_ZN5neml212CopyVariableINS_4WWR4EE9set_valueEbbb
FNDA:0,_ZN5neml212CopyVariableINS_2R2EE9set_valueEbbb
FNDA:0,_ZN5neml212CopyVariableINS_4WWR4EEC2ERKNS_9OptionSetE
FNDA:0,_ZN5neml212CopyVariableINS_3VecEEC2ERKNS_9OptionSetE
FNDA:0,_ZN5neml212CopyVariableINS_4SSR4EE9set_valueEbbb
FNDA:0,_ZN5neml212CopyVariableINS_3WR2EE9set_valueEbbb
FNDA:6,_ZN5neml212CopyVariableINS_2R2EE16expected_optionsEv
FNDA:171,_ZN5neml212CopyVariableINS_3SR2EE9set_valueEbbb
FNDA:0,_ZN5neml212CopyVariableINS_3WR2EEC2ERKNS_9OptionSetE
FNDA:0,_ZN5neml212CopyVariableINS_2R4EEC2ERKNS_9OptionSetE
FNDA:0,_ZN5neml212CopyVariableINS_6SSSSR8EEC2ERKNS_9OptionSetE
FNDA:0,_ZN5neml212CopyVariableINS_5SFFR4EE9set_valueEbbb
FNDA:6,_ZN5neml212CopyVariableINS_4SWR4EE16expected_optionsEv
FNDA:0,_ZN5neml212CopyVariableINS_3VecEE9set_valueEbbb
FNDA:0,_ZN5neml212CopyVariableINS_4SSR4EEC2ERKNS_9OptionSetE
FNDA:6,_ZN5neml212CopyVariableINS_2R4EE16expected_optionsEv
FNDA:3,_ZN5neml212CopyVariableINS_6ScalarEEC2ERKNS_9OptionSetE
FNDA:6,_ZN5neml212CopyVariableINS_3SR2EE16expected_optionsEv
FNDA:6,_ZN5neml212CopyVariableINS_4SSR4EE16expected_optionsEv
FNDA:0,_ZN5neml212CopyVariableINS_4SWR4EEC2ERKNS_9OptionSetE
FNDA:6,_ZN5neml212CopyVariableINS_5SSFR5EE16expected_optionsEv
FNDA:0,_ZN5neml212CopyVariableINS_2R3EE9set_valueEbbb
FNF:60
FNH:23
DA:34,120
DA:36,120
DA:37,120
DA:39,120
DA:40,120
DA:42,120
DA:43,120
DA:45,120
DA:46,0
DA:49,4
DA:51,4
DA:52,8
DA:54,4
DA:58,171
DA:60,171
DA:61,171
DA:63,171
DA:64,171
DA:65,81
DA:71,171
LF:20
LH:19
end_of_record
TN:
SF:/home/runner/work/neml2/neml2/src/neml2/models/Data.cxx
FN:30,_ZN5neml24Data16expected_optionsEv
FN:37,_ZN5neml24DataC2ERKNS_9OptionSetE
FNDA:793,_ZN5neml24Data16expected_optionsEv
FNDA:385,_ZN5neml24DataC2ERKNS_9OptionSetE
FNF:2
FNH:2
DA:30,793
DA:32,793
DA:33,793
DA:34,793
DA:35,0
DA:37,385
DA:39,385
DA:41,385
LF:8
LH:7
end_of_record
TN:
SF:/home/runner/work/neml2/neml2/src/neml2/models/ForwardEulerTimeIntegration.cxx
FN:36,_ZN5neml227ForwardEulerTimeIntegrationINS_3VecEE16expected_optionsEv
FN:36,_ZN5neml227ForwardEulerTimeIntegrationINS_3SR2EE16expected_optionsEv
FN:36,_ZN5neml227ForwardEulerTimeIntegrationINS_6ScalarEE16expected_optionsEv
FN:58,_ZN5neml227ForwardEulerTimeIntegrationINS_6ScalarEEC2ERKNS_9OptionSetE
FN:58,_ZN5neml227ForwardEulerTimeIntegrationINS_3VecEEC2ERKNS_9OptionSetE
FN:58,_ZN5neml227ForwardEulerTimeIntegrationINS_3SR2EEC2ERKNS_9OptionSetE
FN:72,_ZNK5neml227ForwardEulerTimeIntegrationINS_3SR2EE8diagnoseERSt6vectorINS_9DiagnosisESaIS4_EE
FN:72,_ZNK5neml227ForwardEulerTimeIntegrationINS_6ScalarEE8diagnoseERSt6vectorINS_9DiagnosisESaIS4_EE
FN:72,_ZNK5neml227ForwardEulerTimeIntegrationINS_3VecEE8diagnoseERSt6vectorINS_9DiagnosisESaIS4_EE
FN:82,_ZN5neml227ForwardEulerTimeIntegrationINS_3VecEE9set_valueEbbb
FN:82,_ZN5neml227ForwardEulerTimeIntegrationINS_6ScalarEE9set_valueEbbb
FN:82,_ZN5neml227ForwardEulerTimeIntegrationINS_3SR2EE9set_valueEbbb
FNDA:0,_ZNK5neml227ForwardEulerTimeIntegrationINS_3VecEE8diagnoseERSt6vectorINS_9DiagnosisESaIS4_EE
FNDA:3,_ZN5neml227ForwardEulerTimeIntegrationINS_3SR2EEC2ERKNS_9OptionSetE
FNDA:0,_ZNK5neml227ForwardEulerTimeIntegrationINS_6ScalarEE8diagnoseERSt6vectorINS_9DiagnosisESaIS4_EE
FNDA:11,_ZN5neml227ForwardEulerTimeIntegrationINS_6ScalarEE9set_valueEbbb
FNDA:6,_ZN5neml227ForwardEulerTimeIntegrationINS_3SR2EE16expected_optionsEv
FNDA:6,_ZN5neml227ForwardEulerTimeIntegrationINS_3VecEE16expected_optionsEv
FNDA:0,_ZN5neml227ForwardEulerTimeIntegrationINS_3VecEE9set_valueEbbb
FNDA:27,_ZN5neml227ForwardEulerTimeIntegrationINS_3SR2EE9set_valueEbbb
FNDA:6,_ZN5neml227ForwardEulerTimeIntegrationINS_6ScalarEE16expected_optionsEv
FNDA:3,_ZNK5neml227ForwardEulerTimeIntegrationINS_3SR2EE8diagnoseERSt6vectorINS_9DiagnosisESaIS4_EE
FNDA:0,_ZN5neml227ForwardEulerTimeIntegrationINS_3VecEEC2ERKNS_9OptionSetE
FNDA:1,_ZN5neml227ForwardEulerTimeIntegrationINS_6ScalarEEC2ERKNS_9OptionSetE
FNF:12
FNH:8
DA:36,18
DA:38,18
DA:39,18
DA:45,18
DA:46,18
DA:48,18
DA:49,18
DA:51,18
DA:52,18
DA:54,18
DA:55,0
DA:58,4
DA:60,4
DA:61,4
DA:62,8
DA:63,8
DA:64,4
DA:65,4
DA:66,8
DA:68,4
DA:72,3
DA:74,3
DA:75,3
DA:76,3
DA:77,3
DA:78,3
DA:82,38
DA:84,38
DA:86,38
DA:87,37
DA:89,38
DA:91,1
DA:93,1
DA:95,1
DA:96,0
DA:98,1
DA:99,1
DA:100,1
DA:101,1
LF:39
LH:37
end_of_record
TN:
SF:/home/runner/work/neml2/neml2/src/neml2/models/ImplicitUpdate.cxx
FN:35,_ZN5neml214ImplicitUpdate16expected_optionsEv
FN:51,_ZN5neml214ImplicitUpdateC2ERKNS_9OptionSetE
FN:73,_ZNK5neml214ImplicitUpdate8diagnoseERSt6vectorINS_9DiagnosisESaIS2_EE
FN:99,_ZN5neml214ImplicitUpdate21link_output_variablesEv
FN:107,_ZN5neml214ImplicitUpdate9set_valueEbbb
FNDA:8,_ZN5neml214ImplicitUpdateC2ERKNS_9OptionSetE
FNDA:5,_ZNK5neml214ImplicitUpdate8diagnoseERSt6vectorINS_9DiagnosisESaIS2_EE
FNDA:178,_ZN5neml214ImplicitUpdate9set_valueEbbb
FNDA:6,_ZN5neml214ImplicitUpdate16expected_optionsEv
FNDA:8,_ZN5neml214ImplicitUpdate21link_output_variablesEv
FNF:5
FNH:5
DA:35,6
DA:37,6
DA:38,6
DA:39,6
DA:41,6
DA:42,12
DA:43,6
DA:45,6
DA:46,6
DA:48,6
DA:49,0
DA:51,8
DA:53,8
DA:55,16
DA:57,8
DA:59,8
DA:61,8
DA:68,27
DA:69,19
DA:70,8
DA:73,5
DA:75,5
DA:76,10
DA:77,5
DA:79,5
DA:80,5
DA:81,5
DA:83,5
DA:84,10
DA:85,5
DA:87,5
DA:88,15
DA:90,5
DA:93,5
DA:95,5
DA:96,5
DA:99,8
DA:101,8
DA:102,27
DA:103,19
DA:104,8
DA:107,178
DA:109,178
DA:112,178
DA:113,356
DA:118,178
DA:121,178
DA:123,178
DA:124,178
DA:125,178
DA:126,178
DA:128,178
DA:140,177
DA:141,26
DA:145,178
DA:148,2
DA:149,2
DA:150,2
DA:151,4
DA:152,2
DA:155,2
DA:158,10
DA:160,8
DA:161,2
DA:163,6
DA:164,6
DA:165,12
DA:167,2
DA:168,178
LF:69
LH:68
end_of_record
TN:
SF:/home/runner/work/neml2/neml2/src/neml2/models/InputParameter.cxx
FN:34,_ZN5neml214InputParameterINS_6ScalarEE16expected_optionsEv
FN:34,_ZN5neml214InputParameterINS_6SSSSR8EE16expected_optionsEv
FN:34,_ZN5neml214InputParameterINS_2R2EE16expected_optionsEv
FN:34,_ZN5neml214InputParameterINS_5SSFR5EE16expected_optionsEv
FN:34,_ZN5neml214InputParameterINS_2R5EE16expected_optionsEv
FN:34,_ZN5neml214InputParameterINS_3SR2EE16expected_optionsEv
FN:34,_ZN5neml214InputParameterINS_10QuaternionEE16expected_optionsEv
FN:34,_ZN5neml214InputParameterINS_5SFFR4EE16expected_optionsEv
FN:34,_ZN5neml214InputParameterINS_3VecEE16expected_optionsEv
FN:34,_ZN5neml214InputParameterINS_11MillerIndexEE16expected_optionsEv
FN:34,_ZN5neml214InputParameterINS_3WR2EE16expected_optionsEv
FN:34,_ZN5neml214InputParameterINS_2R8EE16expected_optionsEv
FN:34,_ZN5neml214InputParameterINS_4SWR4EE16expected_optionsEv
FN:34,_ZN5neml214InputParameterINS_3RotEE16expected_optionsEv
FN:34,_ZN5neml214InputParameterINS_2R3EE16expected_optionsEv
FN:34,_ZN5neml214InputParameterINS_2R4EE16expected_optionsEv
FN:34,_ZN5neml214InputParameterINS_4SFR3EE16expected_optionsEv
FN:34,_ZN5neml214InputParameterINS_4SSR4EE16expected_optionsEv
FN:34,_ZN5neml214InputParameterINS_4WSR4EE16expected_optionsEv
FN:34,_ZN5neml214InputParameterINS_4WWR4EE16expected_optionsEv
FN:45,_ZN5neml214InputParameterINS_4WSR4EEC2ERKNS_9OptionSetE
FN:45,_ZN5neml214InputParameterINS_3SR2EEC2ERKNS_9OptionSetE
FN:45,_ZN5neml214InputParameterINS_2R3EEC2ERKNS_9OptionSetE
FN:45,_ZN5neml214InputParameterINS_5SSFR5EEC2ERKNS_9OptionSetE
FN:45,_ZN5neml214InputParameterINS_2R8EEC2ERKNS_9OptionSetE
FN:45,_ZN5neml214InputParameterINS_2R5EEC2ERKNS_9OptionSetE
FN:45,_ZN5neml214InputParameterINS_10QuaternionEEC2ERKNS_9OptionSetE
FN:45,_ZN5neml214InputParameterINS_11MillerIndexEEC2ERKNS_9OptionSetE
FN:45,_ZN5neml214InputParameterINS_3VecEEC2ERKNS_9OptionSetE
FN:45,_ZN5neml214InputParameterINS_6SSSSR8EEC2ERKNS_9OptionSetE
FN:45,_ZN5neml214InputParameterINS_4WWR4EEC2ERKNS_9OptionSetE
FN:45,_ZN5neml214InputParameterINS_4SFR3EEC2ERKNS_9OptionSetE
FN:45,_ZN5neml214InputParameterINS_4SSR4EEC2ERKNS_9OptionSetE
FN:45,_ZN5neml214InputParameterINS_3WR2EEC2ERKNS_9OptionSetE
FN:45,_ZN5neml214InputParameterINS_2R2EEC2ERKNS_9OptionSetE
FN:45,_ZN5neml214InputParameterINS_5SFFR4EEC2ERKNS_9OptionSetE
FN:45,_ZN5neml214InputParameterINS_3RotEEC2ERKNS_9OptionSetE
FN:45,_ZN5neml214InputParameterINS_4SWR4EEC2ERKNS_9OptionSetE
FN:45,_ZN5neml214InputParameterINS_6ScalarEEC2ERKNS_9OptionSetE
FN:45,_ZN5neml214InputParameterINS_2R4EEC2ERKNS_9OptionSetE
FN:58,_ZN5neml214InputParameterINS_2R4EE9set_valueEbbb
FN:58,_ZN5neml214InputParameterINS_4SWR4EE9set_valueEbbb
FN:58,_ZN5neml214InputParameterINS_2R3EE9set_valueEbbb
FN:58,_ZN5neml214InputParameterINS_5SSFR5EE9set_valueEbbb
FN:58,_ZN5neml214InputParameterINS_3WR2EE9set_valueEbbb
FN:58,_ZN5neml214InputParameterINS_4WWR4EE9set_valueEbbb
FN:58,_ZN5neml214InputParameterINS_3VecEE9set_valueEbbb
FN:58,_ZN5neml214InputParameterINS_11MillerIndexEE9set_valueEbbb
FN:58,_ZN5neml214InputParameterINS_3SR2EE9set_valueEbbb
FN:58,_ZN5neml214InputParameterINS_4SFR3EE9set_valueEbbb
FN:58,_ZN5neml214InputParameterINS_5SFFR4EE9set_valueEbbb
FN:58,_ZN5neml214InputParameterINS_6SSSSR8EE9set_valueEbbb
FN:58,_ZN5neml214InputParameterINS_10QuaternionEE9set_valueEbbb
FN:58,_ZN5neml214InputParameterINS_2R8EE9set_valueEbbb
FN:58,_ZN5neml214InputParameterINS_2R2EE9set_valueEbbb
FN:58,_ZN5neml214InputParameterINS_2R5EE9set_valueEbbb
FN:58,_ZN5neml214InputParameterINS_6ScalarEE9set_valueEbbb
FN:58,_ZN5neml214InputParameterINS_4WSR4EE9set_valueEbbb
FN:58,_ZN5neml214InputParameterINS_4SSR4EE9set_valueEbbb
FN:58,_ZN5neml214InputParameterINS_3RotEE9set_valueEbbb
FNDA:6,_ZN5neml214InputParameterINS_6ScalarEE16expected_optionsEv
FNDA:0,_ZN5neml214InputParameterINS_4WSR4EEC2ERKNS_9OptionSetE
FNDA:0,_ZN5neml214InputParameterINS_2R4EE9set_valueEbbb
FNDA:0,_ZN5neml214InputParameterINS_3SR2EEC2ERKNS_9OptionSetE
FNDA:6,_ZN5neml214InputParameterINS_6SSSSR8EE16expected_optionsEv
FNDA:6,_ZN5neml214InputParameterINS_2R2EE16expected_optionsEv
FNDA:0,_ZN5neml214InputParameterINS_5SSFR5EEC2ERKNS_9OptionSetE
FNDA:0,_ZN5neml214InputParameterINS_2R3EEC2ERKNS_9OptionSetE
FNDA:0,_ZN5neml214InputParameterINS_4SWR4EE9set_valueEbbb
FNDA:0,_ZN5neml214InputParameterINS_2R3EE9set_valueEbbb
FNDA:0,_ZN5neml214InputParameterINS_2R5EEC2ERKNS_9OptionSetE
FNDA:0,_ZN5neml214InputParameterINS_5SSFR5EE9set_valueEbbb
FNDA:6,_ZN5neml214InputParameterINS_5SSFR5EE16expected_optionsEv
FNDA:0,_ZN5neml214InputParameterINS_2R8EEC2ERKNS_9OptionSetE
FNDA:0,_ZN5neml214InputParameterINS_10QuaternionEEC2ERKNS_9OptionSetE
FNDA:0,_ZN5neml214InputParameterINS_3WR2EE9set_valueEbbb
FNDA:6,_ZN5neml214InputParameterINS_2R5EE16expected_optionsEv
FNDA:6,_ZN5neml214InputParameterINS_3SR2EE16expected_optionsEv
FNDA:0,_ZN5neml214InputParameterINS_4WWR4EE9set_valueEbbb
FNDA:0,_ZN5neml214InputParameterINS_11MillerIndexEEC2ERKNS_9OptionSetE
FNDA:0,_ZN5neml214InputParameterINS_3VecEE9set_valueEbbb
FNDA:0,_ZN5neml214InputParameterINS_11MillerIndexEE9set_valueEbbb
FNDA:0,_ZN5neml214InputParameterINS_3SR2EE9set_valueEbbb
FNDA:6,_ZN5neml214InputParameterINS_10QuaternionEE16expected_optionsEv
FNDA:0,_ZN5neml214InputParameterINS_4SFR3EE9set_valueEbbb
FNDA:0,_ZN5neml214InputParameterINS_6SSSSR8EEC2ERKNS_9OptionSetE
FNDA:0,_ZN5neml214InputParameterINS_3VecEEC2ERKNS_9OptionSetE
FNDA:6,_ZN5neml214InputParameterINS_11MillerIndexEE16expected_optionsEv
FNDA:6,_ZN5neml214InputParameterINS_3VecEE16expected_optionsEv
FNDA:6,_ZN5neml214InputParameterINS_5SFFR4EE16expected_optionsEv
FNDA:0,_ZN5neml214InputParameterINS_4WWR4EEC2ERKNS_9OptionSetE
FNDA:0,_ZN5neml214InputParameterINS_4SFR3EEC2ERKNS_9OptionSetE
FNDA:6,_ZN5neml214InputParameterINS_3WR2EE16expected_optionsEv
FNDA:6,_ZN5neml214InputParameterINS_2R8EE16expected_optionsEv
FNDA:6,_ZN5neml214InputParameterINS_4SWR4EE16expected_optionsEv
FNDA:2,_ZN5neml214InputParameterINS_4SSR4EEC2ERKNS_9OptionSetE
FNDA:0,_ZN5neml214InputParameterINS_2R2EEC2ERKNS_9OptionSetE
FNDA:0,_ZN5neml214InputParameterINS_3WR2EEC2ERKNS_9OptionSetE
FNDA:0,_ZN5neml214InputParameterINS_10QuaternionEE9set_valueEbbb
FNDA:0,_ZN5neml214InputParameterINS_6SSSSR8EE9set_valueEbbb
FNDA:6,_ZN5neml214InputParameterINS_2R3EE16expected_optionsEv
FNDA:0,_ZN5neml214InputParameterINS_5SFFR4EE9set_valueEbbb
FNDA:6,_ZN5neml214InputParameterINS_3RotEE16expected_optionsEv
FNDA:0,_ZN5neml214InputParameterINS_2R2EE9set_valueEbbb
FNDA:0,_ZN5neml214InputParameterINS_2R8EE9set_valueEbbb
FNDA:0,_ZN5neml214InputParameterINS_2R5EE9set_valueEbbb
FNDA:1350,_ZN5neml214InputParameterINS_6ScalarEE9set_valueEbbb
FNDA:0,_ZN5neml214InputParameterINS_3RotEEC2ERKNS_9OptionSetE
FNDA:0,_ZN5neml214InputParameterINS_5SFFR4EEC2ERKNS_9OptionSetE
FNDA:102,_ZN5neml214InputParameterINS_4SSR4EE9set_valueEbbb
FNDA:0,_ZN5neml214InputParameterINS_4WSR4EE9set_valueEbbb
FNDA:0,_ZN5neml214InputParameterINS_4SWR4EEC2ERKNS_9OptionSetE
FNDA:6,_ZN5neml214InputParameterINS_2R4EE16expected_optionsEv
FNDA:6,_ZN5neml214InputParameterINS_4SSR4EE16expected_optionsEv
FNDA:0,_ZN5neml214InputParameterINS_3RotEE9set_valueEbbb
FNDA:6,_ZN5neml214InputParameterINS_4SFR3EE16expected_optionsEv
FNDA:6,_ZN5neml214InputParameterINS_4WWR4EE16expected_optionsEv
FNDA:48,_ZN5neml214InputParameterINS_6ScalarEEC2ERKNS_9OptionSetE
FNDA:0,_ZN5neml214InputParameterINS_2R4EEC2ERKNS_9OptionSetE
FNDA:6,_ZN5neml214InputParameterINS_4WSR4EE16expected_optionsEv
FNF:60
FNH:24
DA:34,120
DA:36,120
DA:37,120
DA:39,120
DA:40,120
DA:41,120
DA:42,0
DA:45,50
DA:47,50
DA:49,50
DA:52,50
DA:54,50
DA:58,1452
DA:60,1452
DA:61,1452
DA:63,1452
DA:64,797
DA:65,797
DA:69,1452
LF:19
LH:18
end_of_record
TN:
SF:/home/runner/work/neml2/neml2/src/neml2/models/LabeledAxis.cxx
FN:29,_ZN5neml211LabeledAxisC2ERKNS_19LabeledAxisAccessorE
FN:35,_ZNK5neml211LabeledAxis7qualifyERKNS_19LabeledAxisAccessorE
FN:41,_ZN5neml211LabeledAxis11add_subaxisERKSs
FN:54,_ZN5neml211LabeledAxis12add_variableERKNS_19LabeledAxisAccessorEl
FN:72,_ZN5neml211LabeledAxis12setup_layoutEv
FN:132,_ZNK5neml211LabeledAxis4sizeEv
FN:148,_ZNK5neml211LabeledAxis4sizeERKNS_19LabeledAxisAccessorE
FN:179,_ZNK5neml211LabeledAxis5sliceERKNS_19LabeledAxisAccessorE
FN:198,_ZNK5neml211LabeledAxis9nvariableEv
FN:212,_ZNK5neml211LabeledAxis12has_variableERKNS_19LabeledAxisAccessorE
FN:230,_ZNK5neml211LabeledAxis11variable_idERKNS_19LabeledAxisAccessorE
FN:244,_ZNK5neml211LabeledAxis14variable_namesEv
FN:251,_ZNK5neml211LabeledAxis15variable_slicesEv
FN:258,_ZNK5neml211LabeledAxis14variable_sliceERKNS_19LabeledAxisAccessorE
FN:265,_ZNK5neml211LabeledAxis14variable_sizesEv
FN:272,_ZNK5neml211LabeledAxis13variable_sizeERKNS_19LabeledAxisAccessorE
FN:294,_ZNK5neml211LabeledAxis8nsubaxisEv
FN:300,_ZNK5neml211LabeledAxis11has_subaxisERKNS_19LabeledAxisAccessorE
FN:313,_ZNK5neml211LabeledAxis10subaxis_idERKSs
FN:326,_ZNK5neml211LabeledAxis7subaxesEv
FN:333,_ZNK5neml211LabeledAxis7subaxisERKNS_19LabeledAxisAccessorE
FN:348,_ZN5neml211LabeledAxis7subaxisERKNS_19LabeledAxisAccessorE
FN:355,_ZNK5neml211LabeledAxis13subaxis_namesEv
FN:362,_ZNK5neml211LabeledAxis14subaxis_slicesEv
FN:369,_ZNK5neml211LabeledAxis13subaxis_sliceERKNS_19LabeledAxisAccessorE
FN:387,_ZNK5neml211LabeledAxis13subaxis_sizesEv
FN:394,_ZNK5neml211LabeledAxis12subaxis_sizeERKNS_19LabeledAxisAccessorE
FN:407,_ZNK5neml211LabeledAxis6equalsERKS0_
FN:431,_ZN5neml211LabeledAxis22cache_reserved_subaxisERKSs
FN:448,_ZNK5neml211LabeledAxis16ensure_setup_dbgEv
FN:454,_ZN5neml2lsERSoRKNS_11LabeledAxisE
FN:484,_ZN5neml2eqERKNS_11LabeledAxisES2_
FN:490,_ZN5neml2neERKNS_11LabeledAxisES2_
FNDA:27,_ZNK5neml211LabeledAxis5sliceERKNS_19LabeledAxisAccessorE
FNDA:27,_ZNK5neml211LabeledAxis11has_subaxisERKNS_19LabeledAxisAccessorE
FNDA:827,_ZNK5neml211LabeledAxis12has_variableERKNS_19LabeledAxisAccessorE
FNDA:13,_ZNK5neml211LabeledAxis8nsubaxisEv
FNDA:3,_ZNK5neml211LabeledAxis14subaxis_slicesEv
FNDA:78,_ZNK5neml211LabeledAxis4sizeERKNS_19LabeledAxisAccessorE
FNDA:56313,_ZNK5neml211LabeledAxis14variable_sizesEv
FNDA:1374,_ZN5neml211LabeledAxis22cache_reserved_subaxisERKSs
FNDA:6910,_ZNK5neml211LabeledAxis14variable_namesEv
FNDA:10,_ZNK5neml211LabeledAxis6equalsERKS0_
FNDA:14,_ZNK5neml211LabeledAxis13subaxis_sliceERKNS_19LabeledAxisAccessorE
FNDA:63444,_ZNK5neml211LabeledAxis16ensure_setup_dbgEv
FNDA:1870,_ZN5neml211LabeledAxis11add_subaxisERKSs
FNDA:14,_ZNK5neml211LabeledAxis12subaxis_sizeERKNS_19LabeledAxisAccessorE
FNDA:16,_ZNK5neml211LabeledAxis15variable_slicesEv
FNDA:7,_ZNK5neml211LabeledAxis13subaxis_namesEv
FNDA:6579,_ZNK5neml211LabeledAxis7subaxisERKNS_19LabeledAxisAccessorE
FNDA:2,_ZNK5neml211LabeledAxis7subaxesEv
FNDA:6,_ZN5neml2eqERKNS_11LabeledAxisES2_
FNDA:2037,_ZN5neml211LabeledAxis12setup_layoutEv
FNDA:1348,_ZNK5neml211LabeledAxis4sizeEv
FNDA:4,_ZN5neml2neERKNS_11LabeledAxisES2_
FNDA:17,_ZNK5neml211LabeledAxis10subaxis_idERKSs
FNDA:62,_ZNK5neml211LabeledAxis13variable_sizeERKNS_19LabeledAxisAccessorE
FNDA:1870,_ZN5neml211LabeledAxisC2ERKNS_19LabeledAxisAccessorE
FNDA:40,_ZNK5neml211LabeledAxis14variable_sliceERKNS_19LabeledAxisAccessorE
FNDA:24569,_ZNK5neml211LabeledAxis7qualifyERKNS_19LabeledAxisAccessorE
FNDA:88,_ZNK5neml211LabeledAxis11variable_idERKNS_19LabeledAxisAccessorE
FNDA:13,_ZNK5neml211LabeledAxis9nvariableEv
FNDA:3431,_ZN5neml211LabeledAxis12add_variableERKNS_19LabeledAxisAccessorEl
FNDA:7,_ZNK5neml211LabeledAxis13subaxis_sizesEv
FNDA:0,_ZN5neml2lsERSoRKNS_11LabeledAxisE
FNDA:6491,_ZN5neml211LabeledAxis7subaxisERKNS_19LabeledAxisAccessorE
FNF:33
FNH:32
DA:29,1870
DA:30,1870
DA:32,1870
DA:35,24569
DA:37,24569
DA:41,1870
DA:43,1870
DA:44,1870
DA:45,1870
DA:46,1870
DA:47,1870
DA:48,1870
DA:49,1374
DA:50,3740
DA:54,3431
DA:56,3431
DA:57,3431
DA:59,3431
DA:61,1687
DA:63,1687
DA:65,1687
DA:68,1744
DA:69,3431
DA:72,2037
DA:75,2037
DA:77,2037
DA:78,2037
DA:79,2037
DA:80,2037
DA:82,2037
DA:83,2037
DA:84,2037
DA:85,2037
DA:86,2037
DA:89,3556
DA:91,1519
DA:92,1519
DA:93,1519
DA:94,1519
DA:95,1519
DA:99,3348
DA:101,1311
DA:102,1311
DA:103,1311
DA:104,1311
DA:105,1311
DA:106,1311
DA:107,1311
DA:108,1311
DA:111,3265
DA:113,1954
DA:114,1954
DA:115,1954
DA:116,1954
DA:117,1954
DA:120,1954
DA:121,1954
DA:122,3908
DA:123,1954
DA:124,1954
DA:128,2037
DA:129,2037
DA:132,1348
DA:135,1348
DA:136,1325
DA:139,23
DA:140,69
DA:141,46
DA:142,32
DA:143,9
DA:144,23
DA:148,78
DA:150,78
DA:153,78
DA:155,46
DA:156,46
DA:157,36
DA:159,10
DA:160,10
DA:165,10
DA:169,32
DA:170,32
DA:175,32
DA:179,27
DA:181,27
DA:182,27
DA:185,27
DA:186,22
DA:189,5
DA:194,5
DA:198,13
DA:201,13
DA:202,4
DA:205,9
DA:206,14
DA:207,5
DA:208,9
DA:212,827
DA:214,827
DA:217,827
DA:218,200
DA:219,400
DA:222,627
DA:223,197
DA:225,430
DA:226,430
DA:230,88
DA:232,88
DA:233,88
DA:234,88
DA:235,88
DA:240,88
DA:244,6910
DA:246,6910
DA:247,6910
DA:251,16
DA:253,16
DA:254,16
DA:258,40
DA:260,40
DA:261,40
DA:265,56313
DA:267,56313
DA:268,56313
DA:272,62
DA:275,62
DA:276,30
DA:279,32
DA:281,18
DA:282,18
DA:283,18
DA:284,18
DA:287,14
DA:288,14
DA:289,14
DA:290,14
DA:294,13
DA:296,13
DA:300,27
DA:302,27
DA:304,27
DA:306,27
DA:307,23
DA:309,4
DA:313,17
DA:315,17
DA:316,17
DA:317,17
DA:322,17
DA:326,2
DA:328,2
DA:329,2
DA:333,6579
DA:335,6579
DA:337,6579
DA:338,6579
DA:339,6579
DA:341,6579
DA:342,6575
DA:344,4
DA:348,6491
DA:351,6491
DA:355,7
DA:357,7
DA:358,7
DA:362,3
DA:364,3
DA:365,3
DA:369,14
DA:371,14
DA:374,14
DA:375,10
DA:378,4
DA:379,4
DA:380,4
DA:381,4
DA:382,4
DA:383,4
DA:384,4
DA:387,7
DA:389,7
DA:390,7
DA:394,14
DA:396,14
DA:397,14
DA:398,14
DA:400,14
DA:401,10
DA:403,4
DA:407,10
DA:410,10
DA:411,2
DA:414,8
DA:415,0
DA:418,10
DA:420,2
DA:421,0
DA:423,2
DA:424,0
DA:427,8
DA:431,1374
DA:433,1374
DA:434,448
DA:435,926
DA:436,58
DA:437,868
DA:438,127
[...]
FN:38,_ZN5neml219OnesPrimitiveTensorINS_4SFR3EE16expected_optionsEv
FN:38,_ZN5neml219OnesPrimitiveTensorINS_2R8EE16expected_optionsEv
FN:38,_ZN5neml219OnesPrimitiveTensorINS_11MillerIndexEE16expected_optionsEv
FN:38,_ZN5neml219OnesPrimitiveTensorINS_2R4EE16expected_optionsEv
FN:38,_ZN5neml219OnesPrimitiveTensorINS_6ScalarEE16expected_optionsEv
FN:38,_ZN5neml219OnesPrimitiveTensorINS_3WR2EE16expected_optionsEv
FN:38,_ZN5neml219OnesPrimitiveTensorINS_4WWR4EE16expected_optionsEv
FN:38,_ZN5neml219OnesPrimitiveTensorINS_6SSSSR8EE16expected_optionsEv
FN:38,_ZN5neml219OnesPrimitiveTensorINS_4WSR4EE16expected_optionsEv
FN:38,_ZN5neml219OnesPrimitiveTensorINS_3RotEE16expected_optionsEv
FN:38,_ZN5neml219OnesPrimitiveTensorINS_5SFFR4EE16expected_optionsEv
FN:38,_ZN5neml219OnesPrimitiveTensorINS_2R3EE16expected_optionsEv
FN:38,_ZN5neml219OnesPrimitiveTensorINS_4SSR4EE16expected_optionsEv
FN:38,_ZN5neml219OnesPrimitiveTensorINS_5SSFR5EE16expected_optionsEv
FN:38,_ZN5neml219OnesPrimitiveTensorINS_4SWR4EE16expected_optionsEv
FN:38,_ZN5neml219OnesPrimitiveTensorINS_2R2EE16expected_optionsEv
FN:38,_ZN5neml219OnesPrimitiveTensorINS_3VecEE16expected_optionsEv
FN:38,_ZN5neml219OnesPrimitiveTensorINS_10QuaternionEE16expected_optionsEv
FN:38,_ZN5neml219OnesPrimitiveTensorINS_3SR2EE16expected_optionsEv
FN:38,_ZN5neml219OnesPrimitiveTensorINS_2R5EE16expected_optionsEv
FN:54,_ZN5neml219OnesPrimitiveTensorINS_11MillerIndexEEC2ERKNS_9OptionSetE
FN:54,_ZN5neml219OnesPrimitiveTensorINS_2R2EEC2ERKNS_9OptionSetE
FN:54,_ZN5neml219OnesPrimitiveTensorINS_6SSSSR8EEC2ERKNS_9OptionSetE
FN:54,_ZN5neml219OnesPrimitiveTensorINS_3VecEEC2ERKNS_9OptionSetE
FN:54,_ZN5neml219OnesPrimitiveTensorINS_2R4EEC2ERKNS_9OptionSetE
FN:54,_ZN5neml219OnesPrimitiveTensorINS_6ScalarEEC2ERKNS_9OptionSetE
FN:54,_ZN5neml219OnesPrimitiveTensorINS_4WSR4EEC2ERKNS_9OptionSetE
FN:54,_ZN5neml219OnesPrimitiveTensorINS_2R5EEC2ERKNS_9OptionSetE
FN:54,_ZN5neml219OnesPrimitiveTensorINS_3WR2EEC2ERKNS_9OptionSetE
FN:54,_ZN5neml219OnesPrimitiveTensorINS_4SSR4EEC2ERKNS_9OptionSetE
FN:54,_ZN5neml219OnesPrimitiveTensorINS_4WWR4EEC2ERKNS_9OptionSetE
FN:54,_ZN5neml219OnesPrimitiveTensorINS_10QuaternionEEC2ERKNS_9OptionSetE
FN:54,_ZN5neml219OnesPrimitiveTensorINS_5SFFR4EEC2ERKNS_9OptionSetE
FN:54,_ZN5neml219OnesPrimitiveTensorINS_2R8EEC2ERKNS_9OptionSetE
FN:54,_ZN5neml219OnesPrimitiveTensorINS_3SR2EEC2ERKNS_9OptionSetE
FN:54,_ZN5neml219OnesPrimitiveTensorINS_5SSFR5EEC2ERKNS_9OptionSetE
FN:54,_ZN5neml219OnesPrimitiveTensorINS_3RotEEC2ERKNS_9OptionSetE
FN:54,_ZN5neml219OnesPrimitiveTensorINS_4SFR3EEC2ERKNS_9OptionSetE
FN:54,_ZN5neml219OnesPrimitiveTensorINS_4SWR4EEC2ERKNS_9OptionSetE
FN:54,_ZN5neml219OnesPrimitiveTensorINS_2R3EEC2ERKNS_9OptionSetE
FNDA:6,_ZN5neml219OnesPrimitiveTensorINS_6ScalarEE16expected_optionsEv
FNDA:6,_ZN5neml219OnesPrimitiveTensorINS_2R4EE16expected_optionsEv
FNDA:6,_ZN5neml219OnesPrimitiveTensorINS_4WWR4EE16expected_optionsEv
FNDA:1,_ZN5neml219OnesPrimitiveTensorINS_2R4EEC2ERKNS_9OptionSetE
FNDA:6,_ZN5neml219OnesPrimitiveTensorINS_3WR2EE16expected_optionsEv
FNDA:6,_ZN5neml219OnesPrimitiveTensorINS_11MillerIndexEE16expected_optionsEv
FNDA:1,_ZN5neml219OnesPrimitiveTensorINS_3VecEEC2ERKNS_9OptionSetE
FNDA:6,_ZN5neml219OnesPrimitiveTensorINS_4SFR3EE16expected_optionsEv
FNDA:0,_ZN5neml219OnesPrimitiveTensorINS_11MillerIndexEEC2ERKNS_9OptionSetE
FNDA:1,_ZN5neml219OnesPrimitiveTensorINS_2R2EEC2ERKNS_9OptionSetE
FNDA:6,_ZN5neml219OnesPrimitiveTensorINS_2R8EE16expected_optionsEv
FNDA:0,_ZN5neml219OnesPrimitiveTensorINS_6SSSSR8EEC2ERKNS_9OptionSetE
FNDA:1,_ZN5neml219OnesPrimitiveTensorINS_2R5EEC2ERKNS_9OptionSetE
FNDA:0,_ZN5neml219OnesPrimitiveTensorINS_4WSR4EEC2ERKNS_9OptionSetE
FNDA:0,_ZN5neml219OnesPrimitiveTensorINS_3WR2EEC2ERKNS_9OptionSetE
FNDA:6,_ZN5neml219OnesPrimitiveTensorINS_3RotEE16expected_optionsEv
FNDA:1,_ZN5neml219OnesPrimitiveTensorINS_6ScalarEEC2ERKNS_9OptionSetE
FNDA:6,_ZN5neml219OnesPrimitiveTensorINS_4WSR4EE16expected_optionsEv
FNDA:6,_ZN5neml219OnesPrimitiveTensorINS_6SSSSR8EE16expected_optionsEv
FNDA:6,_ZN5neml219OnesPrimitiveTensorINS_2R2EE16expected_optionsEv
FNDA:6,_ZN5neml219OnesPrimitiveTensorINS_4SWR4EE16expected_optionsEv
FNDA:0,_ZN5neml219OnesPrimitiveTensorINS_2R8EEC2ERKNS_9OptionSetE
FNDA:6,_ZN5neml219OnesPrimitiveTensorINS_3VecEE16expected_optionsEv
FNDA:1,_ZN5neml219OnesPrimitiveTensorINS_3SR2EEC2ERKNS_9OptionSetE
FNDA:1,_ZN5neml219OnesPrimitiveTensorINS_5SSFR5EEC2ERKNS_9OptionSetE
FNDA:0,_ZN5neml219OnesPrimitiveTensorINS_5SFFR4EEC2ERKNS_9OptionSetE
FNDA:0,_ZN5neml219OnesPrimitiveTensorINS_4WWR4EEC2ERKNS_9OptionSetE
FNDA:0,_ZN5neml219OnesPrimitiveTensorINS_10QuaternionEEC2ERKNS_9OptionSetE
FNDA:6,_ZN5neml219OnesPrimitiveTensorINS_5SFFR4EE16expected_optionsEv
FNDA:6,_ZN5neml219OnesPrimitiveTensorINS_4SSR4EE16expected_optionsEv
FNDA:6,_ZN5neml219OnesPrimitiveTensorINS_5SSFR5EE16expected_optionsEv
FNDA:6,_ZN5neml219OnesPrimitiveTensorINS_2R3EE16expected_optionsEv
FNDA:1,_ZN5neml219OnesPrimitiveTensorINS_4SSR4EEC2ERKNS_9OptionSetE
FNDA:6,_ZN5neml219OnesPrimitiveTensorINS_2R5EE16expected_optionsEv
FNDA:0,_ZN5neml219OnesPrimitiveTensorINS_4SWR4EEC2ERKNS_9OptionSetE
FNDA:1,_ZN5neml219OnesPrimitiveTensorINS_2R3EEC2ERKNS_9OptionSetE
FNDA:1,_ZN5neml219OnesPrimitiveTensorINS_4SFR3EEC2ERKNS_9OptionSetE
FNDA:1,_ZN5neml219OnesPrimitiveTensorINS_3RotEEC2ERKNS_9OptionSetE
FNDA:6,_ZN5neml219OnesPrimitiveTensorINS_10QuaternionEE16expected_optionsEv
FNDA:6,_ZN5neml219OnesPrimitiveTensorINS_3SR2EE16expected_optionsEv
FNF:40
FNH:31
DA:38,120
DA:42,120
DA:44,120
DA:45,120
DA:47,120
DA:48,120
DA:50,240
DA:51,120
DA:54,11
DA:55,22
DA:56,22
DA:58,11
LF:12
LH:12
end_of_record
TN:
SF:/home/runner/work/neml2/neml2/src/neml2/tensors/user_tensors/OnesTensor.cxx
FN:32,_ZN5neml210OnesTensor16expected_optionsEv
FN:46,_ZN5neml210OnesTensorC2ERKNS_9OptionSetE
FNDA:1,_ZN5neml210OnesTensorC2ERKNS_9OptionSetE
FNDA:6,_ZN5neml210OnesTensor16expected_optionsEv
FNF:2
FNH:2
DA:32,6
DA:34,6
DA:35,6
DA:37,6
DA:38,6
DA:40,6
DA:41,6
DA:43,6
DA:44,0
DA:46,1
DA:47,2
DA:49,1
DA:50,3
DA:52,1
LF:14
LH:13
end_of_record
TN:
SF:/home/runner/work/neml2/neml2/src/neml2/tensors/user_tensors/Orientation.cxx
FN:35,_ZN5neml211Orientation16expected_optionsEv
FN:72,_ZN5neml211OrientationC2ERKNS_9OptionSetE
FN:79,_ZNK5neml211Orientation4fillERKNS_9OptionSetE
FN:107,_ZNK5neml211Orientation16expand_as_neededERKNS_3RotEj
FNDA:6,_ZN5neml211Orientation16expected_optionsEv
FNDA:6,_ZNK5neml211Orientation16expand_as_neededERKNS_3RotEj
FNDA:6,_ZNK5neml211Orientation4fillERKNS_9OptionSetE
FNDA:6,_ZN5neml211OrientationC2ERKNS_9OptionSetE
FNF:4
FNH:4
DA:35,6
DA:37,6
DA:39,6
DA:43,6
DA:45,6
DA:46,12
DA:47,6
DA:49,6
DA:50,6
DA:52,6
DA:53,6
DA:55,6
DA:56,6
DA:58,6
DA:59,12
DA:61,6
DA:63,6
DA:64,6
DA:66,6
DA:67,6
DA:69,6
DA:70,0
DA:72,6
DA:74,6
DA:76,6
DA:79,6
DA:81,12
DA:83,6
DA:84,6
DA:86,12
DA:87,24
DA:88,12
DA:91,18
DA:93,0
DA:95,0
DA:98,0
DA:100,6
DA:101,0
DA:103,6
DA:104,6
DA:107,6
DA:109,6
DA:110,0
DA:112,6
LF:44
LH:38
end_of_record
TN:
SF:/home/runner/work/neml2/neml2/src/neml2/tensors/user_tensors/UserPrimitiveTensor.cxx
FN:39,_ZN5neml219UserPrimitiveTensorINS_3VecEE16expected_optionsEv
FN:39,_ZN5neml219UserPrimitiveTensorINS_6SSSSR8EE16expected_optionsEv
FN:39,_ZN5neml219UserPrimitiveTensorINS_2R5EE16expected_optionsEv
FN:39,_ZN5neml219UserPrimitiveTensorINS_4SSR4EE16expected_optionsEv
FN:39,_ZN5neml219UserPrimitiveTensorINS_3SR2EE16expected_optionsEv
FN:39,_ZN5neml219UserPrimitiveTensorINS_11MillerIndexEE16expected_optionsEv
FN:39,_ZN5neml219UserPrimitiveTensorINS_2R2EE16expected_optionsEv
FN:39,_ZN5neml219UserPrimitiveTensorINS_3WR2EE16expected_optionsEv
FN:39,_ZN5neml219UserPrimitiveTensorINS_4WSR4EE16expected_optionsEv
FN:39,_ZN5neml219UserPrimitiveTensorINS_4SFR3EE16expected_optionsEv
FN:39,_ZN5neml219UserPrimitiveTensorINS_10QuaternionEE16expected_optionsEv
FN:39,_ZN5neml219UserPrimitiveTensorINS_2R3EE16expected_optionsEv
FN:39,_ZN5neml219UserPrimitiveTensorINS_4SWR4EE16expected_optionsEv
FN:39,_ZN5neml219UserPrimitiveTensorINS_2R4EE16expected_optionsEv
FN:39,_ZN5neml219UserPrimitiveTensorINS_2R8EE16expected_optionsEv
FN:39,_ZN5neml219UserPrimitiveTensorINS_3RotEE16expected_optionsEv
FN:39,_ZN5neml219UserPrimitiveTensorINS_5SFFR4EE16expected_optionsEv
FN:39,_ZN5neml219UserPrimitiveTensorINS_6ScalarEE16expected_optionsEv
FN:39,_ZN5neml219UserPrimitiveTensorINS_5SSFR5EE16expected_optionsEv
FN:39,_ZN5neml219UserPrimitiveTensorINS_4WWR4EE16expected_optionsEv
FN:60,_ZN5neml219UserPrimitiveTensorINS_4SWR4EEC2ERKNS_9OptionSetE
FN:60,_ZN5neml219UserPrimitiveTensorINS_6SSSSR8EEC2ERKNS_9OptionSetE
FN:60,_ZN5neml219UserPrimitiveTensorINS_4WSR4EEC2ERKNS_9OptionSetE
FN:60,_ZN5neml219UserPrimitiveTensorINS_2R8EEC2ERKNS_9OptionSetE
FN:60,_ZN5neml219UserPrimitiveTensorINS_5SFFR4EEC2ERKNS_9OptionSetE
FN:60,_ZN5neml219UserPrimitiveTensorINS_2R2EEC2ERKNS_9OptionSetE
FN:60,_ZN5neml219UserPrimitiveTensorINS_2R4EEC2ERKNS_9OptionSetE
FN:60,_ZN5neml219UserPrimitiveTensorINS_2R5EEC2ERKNS_9OptionSetE
FN:60,_ZN5neml219UserPrimitiveTensorINS_10QuaternionEEC2ERKNS_9OptionSetE
FN:60,_ZN5neml219UserPrimitiveTensorINS_3VecEEC2ERKNS_9OptionSetE
FN:60,_ZN5neml219UserPrimitiveTensorINS_5SSFR5EEC2ERKNS_9OptionSetE
FN:60,_ZN5neml219UserPrimitiveTensorINS_2R3EEC2ERKNS_9OptionSetE
FN:60,_ZN5neml219UserPrimitiveTensorINS_4SFR3EEC2ERKNS_9OptionSetE
FN:60,_ZN5neml219UserPrimitiveTensorINS_4SSR4EEC2ERKNS_9OptionSetE
FN:60,_ZN5neml219UserPrimitiveTensorINS_6ScalarEEC2ERKNS_9OptionSetE
FN:60,_ZN5neml219UserPrimitiveTensorINS_11MillerIndexEEC2ERKNS_9OptionSetE
FN:60,_ZN5neml219UserPrimitiveTensorINS_3SR2EEC2ERKNS_9OptionSetE
FN:60,_ZN5neml219UserPrimitiveTensorINS_3RotEEC2ERKNS_9OptionSetE
FN:60,_ZN5neml219UserPrimitiveTensorINS_3WR2EEC2ERKNS_9OptionSetE
FN:60,_ZN5neml219UserPrimitiveTensorINS_4WWR4EEC2ERKNS_9OptionSetE
FNDA:0,_ZN5neml219UserPrimitiveTensorINS_6SSSSR8EEC2ERKNS_9OptionSetE
FNDA:6,_ZN5neml219UserPrimitiveTensorINS_4SSR4EE16expected_optionsEv
FNDA:6,_ZN5neml219UserPrimitiveTensorINS_3SR2EE16expected_optionsEv
FNDA:1,_ZN5neml219UserPrimitiveTensorINS_2R2EEC2ERKNS_9OptionSetE
FNDA:0,_ZN5neml219UserPrimitiveTensorINS_5SFFR4EEC2ERKNS_9OptionSetE
FNDA:0,_ZN5neml219UserPrimitiveTensorINS_2R8EEC2ERKNS_9OptionSetE
FNDA:0,_ZN5neml219UserPrimitiveTensorINS_4WSR4EEC2ERKNS_9OptionSetE
FNDA:0,_ZN5neml219UserPrimitiveTensorINS_4SWR4EEC2ERKNS_9OptionSetE
FNDA:6,_ZN5neml219UserPrimitiveTensorINS_2R5EE16expected_optionsEv
FNDA:6,_ZN5neml219UserPrimitiveTensorINS_6SSSSR8EE16expected_optionsEv
FNDA:6,_ZN5neml219UserPrimitiveTensorINS_3VecEE16expected_optionsEv
FNDA:1,_ZN5neml219UserPrimitiveTensorINS_2R5EEC2ERKNS_9OptionSetE
FNDA:6,_ZN5neml219UserPrimitiveTensorINS_4WSR4EE16expected_optionsEv
FNDA:1,_ZN5neml219UserPrimitiveTensorINS_2R4EEC2ERKNS_9OptionSetE
FNDA:6,_ZN5neml219UserPrimitiveTensorINS_2R2EE16expected_optionsEv
FNDA:6,_ZN5neml219UserPrimitiveTensorINS_11MillerIndexEE16expected_optionsEv
FNDA:6,_ZN5neml219UserPrimitiveTensorINS_3WR2EE16expected_optionsEv
FNDA:1,_ZN5neml219UserPrimitiveTensorINS_4SFR3EEC2ERKNS_9OptionSetE
FNDA:6,_ZN5neml219UserPrimitiveTensorINS_2R4EE16expected_optionsEv
FNDA:6,_ZN5neml219UserPrimitiveTensorINS_4SWR4EE16expected_optionsEv
FNDA:10,_ZN5neml219UserPrimitiveTensorINS_4SSR4EEC2ERKNS_9OptionSetE
FNDA:6,_ZN5neml219UserPrimitiveTensorINS_10QuaternionEE16expected_optionsEv
FNDA:0,_ZN5neml219UserPrimitiveTensorINS_10QuaternionEEC2ERKNS_9OptionSetE
FNDA:6,_ZN5neml219UserPrimitiveTensorINS_4SFR3EE16expected_optionsEv
FNDA:1,_ZN5neml219UserPrimitiveTensorINS_2R3EEC2ERKNS_9OptionSetE
FNDA:1,_ZN5neml219UserPrimitiveTensorINS_5SSFR5EEC2ERKNS_9OptionSetE
FNDA:6,_ZN5neml219UserPrimitiveTensorINS_2R3EE16expected_optionsEv
FNDA:23,_ZN5neml219UserPrimitiveTensorINS_3VecEEC2ERKNS_9OptionSetE
FNDA:6,_ZN5neml219UserPrimitiveTensorINS_6ScalarEE16expected_optionsEv
FNDA:0,_ZN5neml219UserPrimitiveTensorINS_3WR2EEC2ERKNS_9OptionSetE
FNDA:1,_ZN5neml219UserPrimitiveTensorINS_3RotEEC2ERKNS_9OptionSetE
FNDA:0,_ZN5neml219UserPrimitiveTensorINS_4WWR4EEC2ERKNS_9OptionSetE
FNDA:6,_ZN5neml219UserPrimitiveTensorINS_4WWR4EE16expected_optionsEv
FNDA:6,_ZN5neml219UserPrimitiveTensorINS_5SSFR5EE16expected_optionsEv
FNDA:6,_ZN5neml219UserPrimitiveTensorINS_3RotEE16expected_optionsEv
FNDA:0,_ZN5neml219UserPrimitiveTensorINS_11MillerIndexEEC2ERKNS_9OptionSetE
FNDA:55,_ZN5neml219UserPrimitiveTensorINS_6ScalarEEC2ERKNS_9OptionSetE
FNDA:6,_ZN5neml219UserPrimitiveTensorINS_2R8EE16expected_optionsEv
FNDA:6,_ZN5neml219UserPrimitiveTensorINS_5SFFR4EE16expected_optionsEv
FNDA:3,_ZN5neml219UserPrimitiveTensorINS_3SR2EEC2ERKNS_9OptionSetE
FNF:40
FNH:31
DA:39,120
DA:43,120
DA:45,120
DA:46,120
DA:50,120
DA:51,120
DA:53,120
DA:54,120
DA:56,240
DA:57,120
DA:60,98
DA:61,196
DA:62,196
DA:64,196
DA:65,98
DA:66,98
DA:67,104
DA:68,46
DA:69,92
DA:71,0
DA:73,0
DA:75,0
DA:77,0
DA:78,98
LF:24
LH:20
end_of_record
TN:
SF:/home/runner/work/neml2/neml2/src/neml2/tensors/user_tensors/UserTensor.cxx
FN:32,_ZN5neml210UserTensor16expected_optionsEv
FN:50,_ZN5neml210UserTensorC2ERKNS_9OptionSetE
FNDA:6,_ZN5neml210UserTensor16expected_optionsEv
FNDA:10,_ZN5neml210UserTensorC2ERKNS_9OptionSetE
FNF:2
FNH:2
DA:32,6
DA:34,6
DA:35,6
DA:36,6
DA:38,6
DA:39,6
DA:41,6
DA:42,6
DA:44,6
DA:45,6
DA:47,6
DA:48,0
DA:50,10
DA:51,20
DA:53,10
DA:54,30
DA:56,20
DA:57,10
DA:58,10
DA:59,14
DA:60,3
DA:61,4
DA:63,1
DA:65,1
DA:67,2
DA:69,2
DA:70,13
LF:27
LH:26
end_of_record
TN:
SF:/home/runner/work/neml2/neml2/src/neml2/tensors/user_tensors/UserTensorBase.cxx
FN:30,_ZN5neml214UserTensorBase16expected_optionsEv
FN:37,_ZN5neml214UserTensorBaseC2ERKNS_9OptionSetE
FNDA:771,_ZN5neml214UserTensorBaseC2ERKNS_9OptionSetE
FNDA:930,_ZN5neml214UserTensorBase16expected_optionsEv
FNF:2
FNH:2
DA:30,930
DA:32,930
DA:33,930
DA:34,930
DA:35,0
DA:37,771
DA:38,771
DA:40,771
LF:8
LH:7
end_of_record
TN:
SF:/home/runner/work/neml2/neml2/src/neml2/tensors/user_tensors/ZerosPrimitiveTensor.cxx
FN:39,_ZN5neml220ZerosPrimitiveTensorINS_5SSFR5EE16expected_optionsEv
FN:39,_ZN5neml220ZerosPrimitiveTensorINS_2R4EE16expected_optionsEv
FN:39,_ZN5neml220ZerosPrimitiveTensorINS_2R3EE16expected_optionsEv
FN:39,_ZN5neml220ZerosPrimitiveTensorINS_5SFFR4EE16expected_optionsEv
FN:39,_ZN5neml220ZerosPrimitiveTensorINS_4SSR4EE16expected_optionsEv
FN:39,_ZN5neml220ZerosPrimitiveTensorINS_11MillerIndexEE16expected_optionsEv
FN:39,_ZN5neml220ZerosPrimitiveTensorINS_4WWR4EE16expected_optionsEv
FN:39,_ZN5neml220ZerosPrimitiveTensorINS_4WSR4EE16expected_optionsEv
FN:39,_ZN5neml220ZerosPrimitiveTensorINS_3VecEE16expected_optionsEv
FN:39,_ZN5neml220ZerosPrimitiveTensorINS_4SFR3EE16expected_optionsEv
FN:39,_ZN5neml220ZerosPrimitiveTensorINS_2R2EE16expected_optionsEv
FN:39,_ZN5neml220ZerosPrimitiveTensorINS_3RotEE16expected_optionsEv
FN:39,_ZN5neml220ZerosPrimitiveTensorINS_3SR2EE16expected_optionsEv
FN:39,_ZN5neml220ZerosPrimitiveTensorINS_2R8EE16expected_optionsEv
FN:39,_ZN5neml220ZerosPrimitiveTensorINS_6SSSSR8EE16expected_optionsEv
FN:39,_ZN5neml220ZerosPrimitiveTensorINS_2R5EE16expected_optionsEv
FN:39,_ZN5neml220ZerosPrimitiveTensorINS_3WR2EE16expected_optionsEv
FN:39,_ZN5neml220ZerosPrimitiveTensorINS_10QuaternionEE16expected_optionsEv
FN:39,_ZN5neml220ZerosPrimitiveTensorINS_4SWR4EE16expected_optionsEv
FN:39,_ZN5neml220ZerosPrimitiveTensorINS_6ScalarEE16expected_optionsEv
FN:55,_ZN5neml220ZerosPrimitiveTensorINS_3VecEEC2ERKNS_9OptionSetE
FN:55,_ZN5neml220ZerosPrimitiveTensorINS_5SFFR4EEC2ERKNS_9OptionSetE
FN:55,_ZN5neml220ZerosPrimitiveTensorINS_4SWR4EEC2ERKNS_9OptionSetE
FN:55,_ZN5neml220ZerosPrimitiveTensorINS_4SFR3EEC2ERKNS_9OptionSetE
FN:55,_ZN5neml220ZerosPrimitiveTensorINS_4SSR4EEC2ERKNS_9OptionSetE
FN:55,_ZN5neml220ZerosPrimitiveTensorINS_6ScalarEEC2ERKNS_9OptionSetE
FN:55,_ZN5neml220ZerosPrimitiveTensorINS_2R5EEC2ERKNS_9OptionSetE
FN:55,_ZN5neml220ZerosPrimitiveTensorINS_3WR2EEC2ERKNS_9OptionSetE
FN:55,_ZN5neml220ZerosPrimitiveTensorINS_3RotEEC2ERKNS_9OptionSetE
FN:55,_ZN5neml220ZerosPrimitiveTensorINS_4WWR4EEC2ERKNS_9OptionSetE
FN:55,_ZN5neml220ZerosPrimitiveTensorINS_2R3EEC2ERKNS_9OptionSetE
FN:55,_ZN5neml220ZerosPrimitiveTensorINS_6SSSSR8EEC2ERKNS_9OptionSetE
FN:55,_ZN5neml220ZerosPrimitiveTensorINS_5SSFR5EEC2ERKNS_9OptionSetE
FN:55,_ZN5neml220ZerosPrimitiveTensorINS_11MillerIndexEEC2ERKNS_9OptionSetE
FN:55,_ZN5neml220ZerosPrimitiveTensorINS_3SR2EEC2ERKNS_9OptionSetE
FN:55,_ZN5neml220ZerosPrimitiveTensorINS_2R4EEC2ERKNS_9OptionSetE
FN:55,_ZN5neml220ZerosPrimitiveTensorINS_2R8EEC2ERKNS_9OptionSetE
FN:55,_ZN5neml220ZerosPrimitiveTensorINS_10QuaternionEEC2ERKNS_9OptionSetE
FN:55,_ZN5neml220ZerosPrimitiveTensorINS_4WSR4EEC2ERKNS_9OptionSetE
FN:55,_ZN5neml220ZerosPrimitiveTensorINS_2R2EEC2ERKNS_9OptionSetE
FNDA:1,_ZN5neml220ZerosPrimitiveTensorINS_3SR2EEC2ERKNS_9OptionSetE
FNDA:6,_ZN5neml220ZerosPrimitiveTensorINS_4SFR3EE16expected_optionsEv
FNDA:6,_ZN5neml220ZerosPrimitiveTensorINS_2R2EE16expected_optionsEv
FNDA:6,_ZN5neml220ZerosPrimitiveTensorINS_4WSR4EE16expected_optionsEv
FNDA:6,_ZN5neml220ZerosPrimitiveTensorINS_3VecEE16expected_optionsEv
FNDA:6,_ZN5neml220ZerosPrimitiveTensorINS_4WWR4EE16expected_optionsEv
FNDA:0,_ZN5neml220ZerosPrimitiveTensorINS_11MillerIndexEEC2ERKNS_9OptionSetE
FNDA:1,_ZN5neml220ZerosPrimitiveTensorINS_5SSFR5EEC2ERKNS_9OptionSetE
FNDA:6,_ZN5neml220ZerosPrimitiveTensorINS_4SWR4EE16expected_optionsEv
FNDA:1,_ZN5neml220ZerosPrimitiveTensorINS_2R2EEC2ERKNS_9OptionSetE
FNDA:6,_ZN5neml220ZerosPrimitiveTensorINS_6ScalarEE16expected_optionsEv
FNDA:6,_ZN5neml220ZerosPrimitiveTensorINS_3WR2EE16expected_optionsEv
FNDA:6,_ZN5neml220ZerosPrimitiveTensorINS_10QuaternionEE16expected_optionsEv
FNDA:0,_ZN5neml220ZerosPrimitiveTensorINS_4WSR4EEC2ERKNS_9OptionSetE
FNDA:6,_ZN5neml220ZerosPrimitiveTensorINS_2R8EE16expected_optionsEv
FNDA:6,_ZN5neml220ZerosPrimitiveTensorINS_3SR2EE16expected_optionsEv
FNDA:6,_ZN5neml220ZerosPrimitiveTensorINS_2R5EE16expected_optionsEv
FNDA:6,_ZN5neml220ZerosPrimitiveTensorINS_6SSSSR8EE16expected_optionsEv
FNDA:1,_ZN5neml220ZerosPrimitiveTensorINS_2R4EEC2ERKNS_9OptionSetE
FNDA:0,_ZN5neml220ZerosPrimitiveTensorINS_2R8EEC2ERKNS_9OptionSetE
FNDA:6,_ZN5neml220ZerosPrimitiveTensorINS_3RotEE16expected_optionsEv
FNDA:0,_ZN5neml220ZerosPrimitiveTensorINS_10QuaternionEEC2ERKNS_9OptionSetE
FNDA:1,_ZN5neml220ZerosPrimitiveTensorINS_4SSR4EEC2ERKNS_9OptionSetE
FNDA:1,_ZN5neml220ZerosPrimitiveTensorINS_6ScalarEEC2ERKNS_9OptionSetE
FNDA:6,_ZN5neml220ZerosPrimitiveTensorINS_2R3EE16expected_optionsEv
FNDA:6,_ZN5neml220ZerosPrimitiveTensorINS_2R4EE16expected_optionsEv
FNDA:1,_ZN5neml220ZerosPrimitiveTensorINS_4SFR3EEC2ERKNS_9OptionSetE
FNDA:0,_ZN5neml220ZerosPrimitiveTensorINS_4SWR4EEC2ERKNS_9OptionSetE
FNDA:0,_ZN5neml220ZerosPrimitiveTensorINS_5SFFR4EEC2ERKNS_9OptionSetE
FNDA:6,_ZN5neml220ZerosPrimitiveTensorINS_5SSFR5EE16expected_optionsEv
FNDA:1,_ZN5neml220ZerosPrimitiveTensorINS_3VecEEC2ERKNS_9OptionSetE
FNDA:6,_ZN5neml220ZerosPrimitiveTensorINS_4SSR4EE16expected_optionsEv
FNDA:0,_ZN5neml220ZerosPrimitiveTensorINS_6SSSSR8EEC2ERKNS_9OptionSetE
FNDA:6,_ZN5neml220ZerosPrimitiveTensorINS_11MillerIndexEE16expected_optionsEv
FNDA:1,_ZN5neml220ZerosPrimitiveTensorINS_3RotEEC2ERKNS_9OptionSetE
FNDA:1,_ZN5neml220ZerosPrimitiveTensorINS_2R3EEC2ERKNS_9OptionSetE
FNDA:0,_ZN5neml220ZerosPrimitiveTensorINS_4WWR4EEC2ERKNS_9OptionSetE
FNDA:0,_ZN5neml220ZerosPrimitiveTensorINS_3WR2EEC2ERKNS_9OptionSetE
FNDA:1,_ZN5neml220ZerosPrimitiveTensorINS_2R5EEC2ERKNS_9OptionSetE
FNDA:6,_ZN5neml220ZerosPrimitiveTensorINS_5SFFR4EE16expected_optionsEv
FNF:40
FNH:31
DA:39,120
DA:43,120
DA:45,120
DA:46,120
DA:48,120
DA:49,120
DA:51,240
DA:52,120
DA:55,11
DA:56,22
DA:57,22
DA:59,11
LF:12
LH:12
end_of_record
TN:
SF:/home/runner/work/neml2/neml2/src/neml2/tensors/user_tensors/ZerosTensor.cxx
FN:32,_ZN5neml211ZerosTensor16expected_optionsEv
FN:46,_ZN5neml211ZerosTensorC2ERKNS_9OptionSetE
FNDA:6,_ZN5neml211ZerosTensor16expected_optionsEv
FNDA:1,_ZN5neml211ZerosTensorC2ERKNS_9OptionSetE
FNF:2
FNH:2
DA:32,6
DA:34,6
DA:35,6
DA:37,6
DA:38,6
DA:40,6
DA:41,6
DA:43,6
DA:44,0
DA:46,1
DA:47,2
DA:49,1
DA:50,3
DA:52,1
LF:14
LH:13
end_of_record
