TN:
SF:/home/runner/work/neml2/neml2/src/neml2/base/CrossRef.cxx
FN:32,_ZNK5neml28CrossRefIN2at6TensorEEcvS2_Ev
FN:47,_ZNK5neml28CrossRefINS_6TensorEEcvS1_Ev
FN:76,_ZNK5neml28CrossRefINS_5SSFR5EEcvS1_Ev
FN:76,_ZNK5neml28CrossRefINS_2R5EEcvS1_Ev
FN:76,_ZNK5neml28CrossRefINS_4SFR3EEcvS1_Ev
FN:76,_ZNK5neml28CrossRefINS_4SSR4EEcvS1_Ev
FN:76,_ZNK5neml28CrossRefINS_6ScalarEEcvS1_Ev
FN:76,_ZNK5neml28CrossRefINS_4WSR4EEcvS1_Ev
FN:76,_ZNK5neml28CrossRefINS_4WWR4EEcvS1_Ev
FN:76,_ZNK5neml28CrossRefINS_3RotEEcvS1_Ev
FN:76,_ZNK5neml28CrossRefINS_3WR2EEcvS1_Ev
FN:76,_ZNK5neml28CrossRefINS_2R2EEcvS1_Ev
FN:76,_ZNK5neml28CrossRefINS_11MillerIndexEEcvS1_Ev
FN:76,_ZNK5neml28CrossRefINS_5SFFR4EEcvS1_Ev
FN:76,_ZNK5neml28CrossRefINS_3VecEEcvS1_Ev
FN:76,_ZNK5neml28CrossRefINS_2R4EEcvS1_Ev
FN:76,_ZNK5neml28CrossRefINS_2R3EEcvS1_Ev
FN:76,_ZNK5neml28CrossRefINS_4SWR4EEcvS1_Ev
FN:76,_ZNK5neml28CrossRefINS_10QuaternionEEcvS1_Ev
FN:76,_ZNK5neml28CrossRefINS_3SR2EEcvS1_Ev
FNDA:0,_ZNK5neml28CrossRefINS_10QuaternionEEcvS1_Ev
FNDA:120,_ZNK5neml28CrossRefINS_3SR2EEcvS1_Ev
FNDA:4,_ZNK5neml28CrossRefINS_2R3EEcvS1_Ev
FNDA:0,_ZNK5neml28CrossRefINS_4SWR4EEcvS1_Ev
FNDA:0,_ZNK5neml28CrossRefINS_5SFFR4EEcvS1_Ev
FNDA:26,_ZNK5neml28CrossRefINS_3VecEEcvS1_Ev
FNDA:11,_ZNK5neml28CrossRefIN2at6TensorEEcvS2_Ev
FNDA:4,_ZNK5neml28CrossRefINS_2R4EEcvS1_Ev
FNDA:140,_ZNK5neml28CrossRefINS_11MillerIndexEEcvS1_Ev
FNDA:15,_ZNK5neml28CrossRefINS_3RotEEcvS1_Ev
FNDA:9,_ZNK5neml28CrossRefINS_3WR2EEcvS1_Ev
FNDA:26,_ZNK5neml28CrossRefINS_2R2EEcvS1_Ev
FNDA:0,_ZNK5neml28CrossRefINS_4WWR4EEcvS1_Ev
FNDA:4,_ZNK5neml28CrossRefINS_4SSR4EEcvS1_Ev
FNDA:1145,_ZNK5neml28CrossRefINS_6ScalarEEcvS1_Ev
FNDA:0,_ZNK5neml28CrossRefINS_4WSR4EEcvS1_Ev
FNDA:4,_ZNK5neml28CrossRefINS_5SSFR5EEcvS1_Ev
FNDA:4,_ZNK5neml28CrossRefINS_2R5EEcvS1_Ev
FNDA:24,_ZNK5neml28CrossRefINS_6TensorEEcvS1_Ev
FNDA:4,_ZNK5neml28CrossRefINS_4SFR3EEcvS1_Ev
FNF:20
FNH:15
DA:32,11
DA:37,11
DA:39,10
DA:42,20
DA:43,10
DA:47,24
DA:52,24
DA:54,13
DA:57,26
DA:58,13
DA:76,2147
LF:11
LH:11
end_of_record
TN:
SF:/home/runner/work/neml2/neml2/src/neml2/base/DiagnosticsInterface.cxx
FN:31,_ZN5neml28diagnoseERKNS_20DiagnosticsInterfaceE
FN:45,_ZN5neml220DiagnosticsInterfaceC2EPNS_11NEML2ObjectE
FN:51,_ZNK5neml220DiagnosticsInterface23diagnostic_assert_stateERSt6vectorINS_9DiagnosisESaIS2_EERKNS_12VariableBaseE
FN:59,_ZNK5neml220DiagnosticsInterface27diagnostic_assert_old_stateERSt6vectorINS_9DiagnosisESaIS2_EERKNS_12VariableBaseE
FN:67,_ZNK5neml220DiagnosticsInterface23diagnostic_assert_forceERSt6vectorINS_9DiagnosisESaIS2_EERKNS_12VariableBaseE
FN:75,_ZNK5neml220DiagnosticsInterface27diagnostic_assert_old_forceERSt6vectorINS_9DiagnosisESaIS2_EERKNS_12VariableBaseE
FN:83,_ZNK5neml220DiagnosticsInterface26diagnostic_assert_residualERSt6vectorINS_9DiagnosisESaIS2_EERKNS_12VariableBaseE
FN:91,_ZNK5neml220DiagnosticsInterface31diagnostic_check_input_variableERSt6vectorINS_9DiagnosisESaIS2_EERKNS_12VariableBaseE
FN:104,_ZNK5neml220DiagnosticsInterface32diagnostic_check_output_variableERSt6vectorINS_9DiagnosisESaIS2_EERKNS_12VariableBaseE
FNDA:0,_ZNK5neml220DiagnosticsInterface27diagnostic_assert_old_stateERSt6vectorINS_9DiagnosisESaIS2_EERKNS_12VariableBaseE
FNDA:118,_ZNK5neml220DiagnosticsInterface32diagnostic_check_output_variableERSt6vectorINS_9DiagnosisESaIS2_EERKNS_12VariableBaseE
FNDA:28,_ZNK5neml220DiagnosticsInterface23diagnostic_assert_stateERSt6vectorINS_9DiagnosisESaIS2_EERKNS_12VariableBaseE
FNDA:106,_ZN5neml28diagnoseERKNS_20DiagnosticsInterfaceE
FNDA:300,_ZNK5neml220DiagnosticsInterface31diagnostic_check_input_variableERSt6vectorINS_9DiagnosisESaIS2_EERKNS_12VariableBaseE
FNDA:420,_ZN5neml220DiagnosticsInterfaceC2EPNS_11NEML2ObjectE
FNDA:20,_ZNK5neml220DiagnosticsInterface23diagnostic_assert_forceERSt6vectorINS_9DiagnosisESaIS2_EERKNS_12VariableBaseE
FNDA:0,_ZNK5neml220DiagnosticsInterface27diagnostic_assert_old_forceERSt6vectorINS_9DiagnosisESaIS2_EERKNS_12VariableBaseE
FNDA:0,_ZNK5neml220DiagnosticsInterface26diagnostic_assert_residualERSt6vectorINS_9DiagnosisESaIS2_EERKNS_12VariableBaseE
FNF:9
FNH:6
DA:31,106
DA:33,106
DA:34,106
DA:36,106
DA:38,4
DA:39,12
DA:40,8
DA:41,4
DA:42,4
DA:43,106
DA:45,420
DA:46,420
DA:48,420
DA:51,28
DA:54,28
DA:55,28
DA:56,28
DA:59,0
DA:62,0
DA:63,0
DA:64,0
DA:67,20
DA:70,20
DA:71,20
DA:72,20
DA:75,0
DA:78,0
DA:79,0
DA:80,0
DA:83,0
DA:86,0
DA:87,0
DA:88,0
DA:91,300
DA:94,300
DA:95,467
DA:96,467
DA:98,300
DA:101,300
DA:104,118
DA:107,118
DA:109,118
DA:111,118
DA:113,118
LF:44
LH:32
end_of_record
TN:
SF:/home/runner/work/neml2/neml2/src/neml2/base/EnumSelection.cxx
FN:31,_ZN5neml2lsERSoRKNS_13EnumSelectionE
FN:38,_ZN5neml2rsERSt18basic_stringstreamIcSt11char_traitsIcESaIcEERNS_13EnumSelectionE
FN:52,_ZN5neml213EnumSelectionC2ERKS0_
FN:59,_ZN5neml213EnumSelectionC2ERKSt6vectorISsSaISsEERKSs
FN:79,_ZN5neml213EnumSelectionC2ERKSt6vectorISsSaISsEERKS1_IiSaIiEERKSs
FN:106,_ZN5neml213EnumSelectionaSERKS0_
FN:115,_ZNK5neml213EnumSelectioneqERKS0_
FN:121,_ZNK5neml213EnumSelectionneERKS0_
FN:127,_ZNK5neml213EnumSelectioneqERKSs
FN:133,_ZNK5neml213EnumSelectionneERKSs
FN:139,_ZNK5neml213EnumSelection14candidates_strEv
FNDA:2442,_ZN5neml213EnumSelectionaSERKS0_
FNDA:42,_ZN5neml2rsERSt18basic_stringstreamIcSt11char_traitsIcESaIcEERNS_13EnumSelectionE
FNDA:2260,_ZNK5neml213EnumSelection14candidates_strEv
FNDA:13,_ZN5neml2lsERSoRKNS_13EnumSelectionE
FNDA:22,_ZN5neml213EnumSelectionC2ERKSt6vectorISsSaISsEERKSs
FNDA:7,_ZNK5neml213EnumSelectioneqERKS0_
FNDA:1118,_ZN5neml213EnumSelectionC2ERKSt6vectorISsSaISsEERKS1_IiSaIiEERKSs
FNDA:5,_ZNK5neml213EnumSelectionneERKS0_
FNDA:0,_ZNK5neml213EnumSelectionneERKSs
FNDA:171,_ZNK5neml213EnumSelectioneqERKSs
FNDA:14,_ZN5neml213EnumSelectionC2ERKS0_
FNF:11
FNH:10
DA:31,13
DA:33,13
DA:34,13
DA:38,42
DA:40,42
DA:42,42
DA:43,3
DA:44,4
DA:47,41
DA:49,41
DA:52,14
DA:53,14
DA:54,14
DA:55,14
DA:57,14
DA:59,22
DA:60,22
DA:61,22
DA:63,22
DA:64,22
DA:67,21
DA:68,72
DA:69,51
DA:71,21
DA:73,43
DA:76,20
DA:77,26
DA:79,1118
DA:81,1118
DA:82,1118
DA:84,1118
DA:87,1117
DA:88,1117
DA:91,1117
DA:92,1117
DA:94,5025
DA:95,3909
DA:97,1116
DA:99,2233
DA:102,1115
DA:103,1125
DA:106,2442
DA:108,2442
DA:109,2442
DA:110,2442
DA:111,2442
DA:115,7
DA:117,7
DA:121,5
DA:123,5
DA:127,171
DA:129,171
DA:133,0
DA:135,0
DA:139,2260
DA:141,2260
DA:142,10138
DA:143,7878
DA:144,4520
DA:145,2260
LF:60
LH:58
end_of_record
TN:
SF:/home/runner/work/neml2/neml2/src/neml2/base/Factory.cxx
FN:35,_ZN5neml210load_inputERKNSt10filesystem4pathERKSs
FN:52,_ZN5neml212reload_inputERKNSt10filesystem4pathERKSs
FN:59,_ZN5neml29get_modelERKSsb
FN:66,_ZN5neml210load_modelERKNSt10filesystem4pathERKSs
FN:73,_ZN5neml212reload_modelERKNSt10filesystem4pathERKSs
FN:80,_ZN5neml210get_driverERKSs
FN:86,_ZN5neml27Factory3getEv
FN:93,_ZN5neml27Factory12load_optionsERKNS_16OptionCollectionE
FN:104,_ZN5neml27Factory14loaded_optionsEv
FN:111,_ZN5neml27Factory13create_objectERKSsRKNS_9OptionSetE
FN:146,_ZN5neml27Factory5clearEv
FNDA:102,_ZN5neml210get_driverERKSs
FNDA:11,_ZN5neml212reload_modelERKNSt10filesystem4pathERKSs
FNDA:113,_ZN5neml29get_modelERKSsb
FNDA:267,_ZN5neml210load_inputERKNSt10filesystem4pathERKSs
FNDA:1203,_ZN5neml27Factory13create_objectERKSsRKNS_9OptionSetE
FNDA:256,_ZN5neml212reload_inputERKNSt10filesystem4pathERKSs
FNDA:267,_ZN5neml27Factory12load_optionsERKNS_16OptionCollectionE
FNDA:1,_ZN5neml27Factory14loaded_optionsEv
FNDA:11,_ZN5neml210load_modelERKNSt10filesystem4pathERKSs
FNDA:1782,_ZN5neml27Factory3getEv
FNDA:269,_ZN5neml27Factory5clearEv
FNF:11
FNH:11
DA:35,267
DA:37,267
DA:40,267
DA:42,267
DA:43,267
DA:46,0
DA:48,265
DA:49,267
DA:52,256
DA:54,256
DA:55,256
DA:56,254
DA:59,113
DA:61,113
DA:62,226
DA:63,113
DA:66,11
DA:68,11
DA:69,11
DA:73,11
DA:75,11
DA:76,11
DA:80,102
DA:82,102
DA:86,1782
DA:88,1782
DA:89,1782
DA:93,267
DA:95,267
DA:97,267
DA:100,267
DA:101,267
DA:104,1
DA:106,1
DA:107,1
DA:111,1203
DA:113,1203
DA:114,1203
DA:116,1203
DA:117,1203
DA:118,1201
DA:122,1201
DA:124,0
DA:126,0
DA:127,0
DA:128,0
DA:129,1201
DA:146,269
DA:148,269
DA:149,269
LF:50
LH:45
end_of_record
TN:
SF:/home/runner/work/neml2/neml2/src/neml2/base/HITParser.cxx
FN:38,_ZNK5neml29HITParser5parseERKNSt10filesystem4pathERKSs
FN:95,_ZNK5neml29HITParser22extract_object_optionsEPN3hit4NodeES3_
FN:112,_ZNK5neml29HITParser15extract_optionsEPN3hit4NodeERNS_9OptionSetE
FN:121,_ZNK5neml29HITParser14extract_optionEPN3hit4NodeERNS_9OptionSetE
FNDA:5502,_ZNK5neml29HITParser14extract_optionEPN3hit4NodeERNS_9OptionSetE
FNDA:2646,_ZNK5neml29HITParser22extract_object_optionsEPN3hit4NodeES3_
FNDA:2656,_ZNK5neml29HITParser15extract_optionsEPN3hit4NodeERNS_9OptionSetE
FNDA:277,_ZNK5neml29HITParser5parseERKNSt10filesystem4pathERKSs
FNF:4
FNH:4
DA:38,277
DA:41,277
DA:42,277
DA:45,277
DA:46,277
DA:47,277
DA:50,277
DA:51,277
DA:54,277
DA:57,554
DA:58,277
DA:59,277
DA:62,277
DA:63,277
DA:64,277
DA:65,277
DA:66,277
DA:67,277
DA:69,277
DA:72,277
DA:73,277
DA:74,10
DA:77,1653
DA:79,1379
DA:80,1379
DA:82,503
DA:83,3146
DA:85,2646
DA:86,2643
DA:87,2643
DA:88,503
DA:91,548
DA:92,301
DA:95,2646
DA:98,5292
DA:100,2646
DA:101,2646
DA:104,2643
DA:105,2643
DA:106,2643
DA:108,5286
DA:109,2649
DA:112,2656
DA:114,10801
DA:115,8148
DA:116,8155
DA:117,2653
DA:121,5502
DA:134,5502
DA:136,5502
DA:137,32817
DA:138,32817
DA:140,5502
DA:142,5502
DA:145,5501
DA:149,5501
DA:150,4390
DA:151,4304
DA:152,4211
DA:153,4176
DA:154,3592
DA:155,2696
DA:156,1806
DA:157,1337
DA:158,1297
DA:159,1289
DA:164,5499
DA:166,5499
DA:168,5499
LF:69
LH:69
end_of_record
TN:
SF:/home/runner/work/neml2/neml2/src/neml2/base/NEML2Object.cxx
FN:29,_ZN5neml211NEML2Object16expected_optionsEv
FN:37,_ZN5neml211NEML2ObjectC2ERKNS_9OptionSetE
FNDA:1214,_ZN5neml211NEML2ObjectC2ERKNS_9OptionSetE
FNDA:1642,_ZN5neml211NEML2Object16expected_optionsEv
FNF:2
FNH:2
DA:29,1642
DA:31,1642
DA:32,1642
DA:33,1642
DA:34,1642
DA:35,0
DA:37,1214
DA:38,1214
DA:39,1214
DA:41,1214
LF:10
LH:9
end_of_record
TN:
SF:/home/runner/work/neml2/neml2/src/neml2/base/OptionCollection.cxx
FN:30,_ZN5neml216OptionCollectionixERKSs
FN:36,_ZNK5neml216OptionCollectionixERKSs
FNDA:1,_ZNK5neml216OptionCollectionixERKSs
FNDA:3897,_ZN5neml216OptionCollectionixERKSs
FNF:2
FNH:2
DA:30,3897
DA:32,3897
DA:36,1
DA:38,1
LF:4
LH:4
end_of_record
TN:
SF:/home/runner/work/neml2/neml2/src/neml2/base/OptionSet.cxx
FN:31,_ZN5neml218options_compatibleERKNS_9OptionSetES2_
FN:44,_ZNK5neml29OptionSet8containsERKSs
FN:50,_ZNK5neml29OptionSet3getERKSs
FN:62,_ZN5neml29OptionSet3setERKSs
FN:74,_ZN5neml29OptionSet9set_inputERKSs
FN:80,_ZN5neml29OptionSet10set_outputERKSs
FN:86,_ZN5neml29OptionSet5clearEv
FN:92,_ZN5neml29OptionSetaSERKS0_
FN:101,_ZN5neml29OptionSetpLERKS0_
FN:107,_ZN5neml29OptionSetC2ERKS0_
FN:172,_ZN5neml29OptionSet5beginEv
FN:178,_ZNK5neml29OptionSet5beginEv
FN:184,_ZN5neml29OptionSet3endEv
FN:190,_ZNK5neml29OptionSet3endEv
FNDA:15960,_ZN5neml29OptionSetpLERKS0_
FNDA:398,_ZN5neml29OptionSet10set_outputERKSs
FNDA:17161,_ZN5neml29OptionSet3setERKSs
FNDA:5502,_ZN5neml29OptionSet3endEv
FNDA:1,_ZN5neml218options_compatibleERKNS_9OptionSetES2_
FNDA:1,_ZNK5neml29OptionSet5beginEv
FNDA:5502,_ZN5neml29OptionSet5beginEv
FNDA:9231,_ZN5neml29OptionSetC2ERKS0_
FNDA:1,_ZNK5neml29OptionSet3endEv
FNDA:876,_ZN5neml29OptionSet9set_inputERKSs
FNDA:14036,_ZN5neml29OptionSetaSERKS0_
FNDA:17174,_ZNK5neml29OptionSet8containsERKSs
FNDA:14036,_ZN5neml29OptionSet5clearEv
FNDA:7,_ZNK5neml29OptionSet3getERKSs
FNF:14
FNH:14
DA:31,1
DA:33,2
DA:35,1
DA:36,0
DA:37,1
DA:38,0
DA:40,1
DA:44,17174
DA:46,17174
DA:50,7
DA:52,7
DA:58,7
DA:62,17161
DA:64,17161
DA:70,17161
DA:74,876
DA:76,876
DA:80,398
DA:82,398
DA:86,14036
DA:88,14036
DA:89,14036
DA:92,14036
DA:94,14036
DA:95,14036
DA:96,14036
DA:97,14036
DA:101,15960
DA:103,103709
DA:104,87749
DA:105,15960
DA:107,9231
DA:172,5502
DA:174,5502
DA:178,1
DA:180,1
DA:184,5502
DA:186,5502
DA:190,1
DA:192,1
LF:40
LH:38
end_of_record
TN:
SF:/home/runner/work/neml2/neml2/src/neml2/base/Registry.cxx
FN:31,_ZN5neml28Registry3getEv
FN:38,_ZN5neml28Registry16expected_optionsEv
FN:45,_ZN5neml28Registry16expected_optionsERKSs
FN:56,_ZN5neml28Registry11syntax_typeERKSs
FN:63,_ZN5neml28Registry7builderERKSs
FN:74,_ZN5neml28Registry9add_innerERKSsS2_RKNS_9OptionSetEPFSt10shared_ptrINS_11NEML2ObjectEES5_E
FNDA:6013,_ZN5neml28Registry3getEv
FNDA:1628,_ZN5neml28Registry9add_innerERKSsS2_RKNS_9OptionSetEPFSt10shared_ptrINS_11NEML2ObjectEES5_E
FNDA:1203,_ZN5neml28Registry7builderERKSs
FNDA:2,_ZN5neml28Registry16expected_optionsEv
FNDA:2646,_ZN5neml28Registry16expected_optionsERKSs
FNDA:534,_ZN5neml28Registry11syntax_typeERKSs
FNF:6
FNH:6
DA:31,6013
DA:33,6013
DA:34,6013
DA:38,2
DA:40,2
DA:41,2
DA:45,2646
DA:47,2646
DA:48,2646
DA:49,2646
DA:52,2646
DA:56,534
DA:58,534
DA:59,534
DA:63,1203
DA:65,1203
DA:66,1203
DA:67,1203
DA:70,1203
DA:74,1628
DA:79,1628
DA:80,1628
DA:85,1628
DA:86,1628
DA:87,1628
DA:88,1628
LF:26
LH:26
end_of_record
TN:
SF:/home/runner/work/neml2/neml2/src/neml2/base/Settings.cxx
FN:33,_ZN5neml28Settings16expected_optionsEv
FN:99,_ZN5neml28SettingsC2ERKNS_9OptionSetE
FNDA:549,_ZN5neml28Settings16expected_optionsEv
FNDA:268,_ZN5neml28SettingsC2ERKNS_9OptionSetE
FNF:2
FNH:2
DA:33,549
DA:35,549
DA:36,549
DA:37,549
DA:39,549
DA:45,3294
DA:46,549
DA:47,1098
DA:48,1647
DA:55,3843
DA:56,549
DA:57,1098
DA:58,1647
DA:60,549
DA:61,1098
DA:66,549
DA:68,549
DA:69,1098
DA:70,549
DA:72,549
DA:73,549
DA:75,549
DA:76,549
DA:78,549
DA:79,1098
DA:80,549
DA:82,549
DA:83,1098
DA:84,549
DA:86,549
DA:87,1098
DA:89,549
DA:91,549
DA:92,1098
DA:94,549
DA:96,1098
DA:97,549
DA:99,268
DA:102,268
DA:103,268
DA:106,268
DA:109,268
DA:112,268
DA:115,268
DA:116,268
DA:119,268
DA:120,268
DA:121,0
DA:124,268
DA:125,268
DA:126,0
DA:129,268
DA:130,268
DA:133,268
DA:134,268
LF:55
LH:53
end_of_record
TN:
SF:/home/runner/work/neml2/neml2/src/neml2/drivers/Driver.cxx
FN:30,_ZN5neml26Driver16expected_optionsEv
FN:41,_ZN5neml26DriverC2ERKNS_9OptionSetE
FNDA:102,_ZN5neml26DriverC2ERKNS_9OptionSetE
FNDA:15,_ZN5neml26Driver16expected_optionsEv
FNF:2
FNH:2
DA:30,15
DA:32,15
DA:33,15
DA:35,15
DA:36,15
DA:38,15
DA:39,0
DA:41,102
DA:44,102
DA:46,102
LF:10
LH:9
end_of_record
TN:
SF:/home/runner/work/neml2/neml2/src/neml2/drivers/TransientDriver.cxx
FN:34,_ZN5neml215TransientDriver16expected_optionsEv
FN:106,_ZN5neml215TransientDriverC2ERKNS_9OptionSetE
FN:130,_ZNK5neml215TransientDriver8diagnoseERSt6vectorINS_9DiagnosisESaIS2_EE
FN:155,_ZN5neml215TransientDriver3runEv
FN:178,_ZN5neml215TransientDriver5solveEv
FN:212,_ZN5neml215TransientDriver12advance_stepEv
FN:226,_ZN5neml215TransientDriver13update_forcesEv
FN:233,_ZN5neml215TransientDriver8apply_icEv
FN:246,_ZN5neml215TransientDriver15apply_predictorEv
FN:290,_ZN5neml215TransientDriver10solve_stepEv
FN:296,_ZN5neml215TransientDriver11store_inputEv
FN:302,_ZNK5neml215TransientDriver12save_as_pathEv
FN:308,_ZNK5neml215TransientDriver6resultEv
FN:339,_ZNK5neml215TransientDriver6outputEv
FN:363,_ZNK5neml215TransientDriver9output_ptERKNSt10filesystem4pathE
FNDA:5,_ZNK5neml215TransientDriver9output_ptERKNSt10filesystem4pathE
FNDA:63,_ZN5neml215TransientDriver12advance_stepEv
FNDA:70,_ZN5neml215TransientDriver11store_inputEv
FNDA:5,_ZNK5neml215TransientDriver6resultEv
FNDA:7,_ZNK5neml215TransientDriver8diagnoseERSt6vectorINS_9DiagnosisESaIS2_EE
FNDA:7,_ZN5neml215TransientDriver3runEv
FNDA:7,_ZN5neml215TransientDriverC2ERKNS_9OptionSetE
FNDA:63,_ZN5neml215TransientDriver10solve_stepEv
FNDA:5,_ZNK5neml215TransientDriver6outputEv
FNDA:63,_ZN5neml215TransientDriver15apply_predictorEv
FNDA:70,_ZN5neml215TransientDriver13update_forcesEv
FNDA:7,_ZN5neml215TransientDriver8apply_icEv
FNDA:12,_ZNK5neml215TransientDriver12save_as_pathEv
FNDA:7,_ZN5neml215TransientDriver5solveEv
FNDA:12,_ZN5neml215TransientDriver16expected_optionsEv
FNF:15
FNH:15
DA:34,12
DA:36,12
DA:38,12
DA:39,12
DA:41,12
DA:42,24
DA:43,12
DA:45,12
DA:46,12
DA:48,60
DA:49,12
DA:50,24
DA:51,24
DA:52,36
DA:54,12
DA:55,24
DA:57,12
DA:58,12
DA:59,24
DA:60,12
DA:61,24
DA:62,36
DA:63,24
DA:64,12
DA:65,12
DA:66,24
DA:67,12
DA:69,12
DA:70,24
DA:71,12
DA:73,12
DA:74,12
DA:75,12
DA:76,12
DA:77,12
DA:78,12
DA:80,12
DA:81,24
DA:86,12
DA:88,12
DA:89,12
DA:90,12
DA:91,12
DA:93,12
DA:94,12
DA:95,12
DA:96,12
DA:98,12
DA:99,12
DA:100,12
DA:101,12
DA:103,24
DA:104,12
DA:106,7
DA:108,7
DA:109,7
DA:110,7
DA:111,7
DA:112,7
DA:113,7
DA:114,7
DA:115,7
DA:116,7
DA:117,7
DA:118,7
DA:119,7
DA:120,7
DA:121,7
DA:122,7
DA:123,7
DA:124,21
DA:126,7
DA:127,7
DA:130,7
DA:132,7
DA:133,7
DA:134,14
DA:136,7
DA:138,7
DA:139,7
DA:141,2
DA:142,1
DA:144,1
DA:146,2
DA:147,1
DA:149,1
DA:152,7
DA:155,7
DA:169,7
DA:171,7
DA:172,5
DA:174,7
DA:178,7
DA:180,77
DA:182,70
DA:187,70
DA:188,63
DA:189,70
DA:190,70
DA:192,7
DA:193,7
DA:197,63
DA:198,63
DA:199,63
DA:202,70
DA:208,7
DA:212,63
DA:215,63
DA:216,180
DA:217,117
DA:220,63
DA:221,171
DA:222,108
DA:223,63
DA:226,70
DA:228,70
DA:229,140
DA:230,70
DA:233,7
DA:235,7
DA:236,7
DA:237,7
DA:239,22
DA:240,15
DA:241,14
DA:242,29
DA:243,7
DA:246,63
DA:248,63
DA:249,27
DA:251,36
DA:252,117
DA:253,81
DA:255,81
DA:256,72
DA:257,9
DA:260,9
DA:261,1
DA:265,8
DA:266,8
DA:267,8
DA:268,8
DA:269,8
DA:271,16
DA:272,16
DA:273,8
DA:274,8
DA:277,0
DA:280,36
DA:282,1
DA:283,1
DA:284,1
DA:285,1
DA:286,1
DA:287,36
DA:290,63
DA:292,63
DA:293,63
DA:296,70
DA:298,70
DA:299,70
DA:302,12
DA:304,12
DA:308,5
DA:311,5
DA:312,55
DA:315,50
DA:316,414
DA:317,364
DA:318,50
DA:319,50
DA:322,5
DA:323,55
DA:326,50
DA:327,180
DA:328,130
DA:329,50
DA:330,50
DA:333,5
DA:334,15
DA:335,10
DA:336,5
DA:339,5
DA:341,5
DA:346,5
DA:347,10
DA:349,5
DA:350,5
DA:356,5
DA:360,5
DA:363,5
DA:365,5
DA:366,5
LF:193
LH:192
end_of_record
TN:
SF:/home/runner/work/neml2/neml2/src/neml2/drivers/solid_mechanics/LargeDeformationIncrementalSolidMechanicsDriver.cxx
FN:32,_ZN5neml247LargeDeformationIncrementalSolidMechanicsDriver16expected_optionsEv
FN:65,_ZN5neml247LargeDeformationIncrementalSolidMechanicsDriverC2ERKNS_9OptionSetE
FN:96,_ZNK5neml247LargeDeformationIncrementalSolidMechanicsDriver8diagnoseERSt6vectorINS_9DiagnosisESaIS2_EE
FN:126,_ZN5neml247LargeDeformationIncrementalSolidMechanicsDriver13update_forcesEv
FNDA:6,_ZN5neml247LargeDeformationIncrementalSolidMechanicsDriver16expected_optionsEv
FNDA:1,_ZNK5neml247LargeDeformationIncrementalSolidMechanicsDriver8diagnoseERSt6vectorINS_9DiagnosisESaIS2_EE
FNDA:10,_ZN5neml247LargeDeformationIncrementalSolidMechanicsDriver13update_forcesEv
FNDA:1,_ZN5neml247LargeDeformationIncrementalSolidMechanicsDriverC2ERKNS_9OptionSetE
FNF:4
FNH:4
DA:32,6
DA:34,6
DA:35,6
DA:36,6
DA:38,6
DA:39,12
DA:40,6
DA:42,6
DA:43,6
DA:45,6
DA:46,6
DA:48,6
DA:49,6
DA:51,6
DA:52,12
DA:53,6
DA:55,6
DA:56,12
DA:57,6
DA:59,6
DA:60,6
DA:62,6
DA:63,0
DA:65,1
DA:66,1
DA:68,1
DA:69,1
DA:70,1
DA:71,1
DA:72,2
DA:73,2
DA:74,2
DA:76,1
DA:78,1
DA:79,1
DA:81,0
DA:83,0
DA:84,0
DA:91,1
DA:92,1
DA:93,1
DA:96,1
DA:98,1
DA:100,2
DA:101,1
DA:104,1
DA:106,2
DA:107,1
DA:110,2
DA:112,2
DA:115,2
DA:117,1
DA:119,2
DA:121,2
DA:123,1
DA:126,10
DA:128,10
DA:129,20
DA:130,20
DA:131,10
LF:60
LH:56
end_of_record
TN:
SF:/home/runner/work/neml2/neml2/src/neml2/drivers/solid_mechanics/SolidMechanicsDriver.cxx
FN:32,_ZN5neml220SolidMechanicsDriver16expected_optionsEv
FN:80,_ZN5neml220SolidMechanicsDriverC2ERKNS_9OptionSetE
FN:122,_ZNK5neml220SolidMechanicsDriver8diagnoseERSt6vectorINS_9DiagnosisESaIS2_EE
FN:176,_ZN5neml220SolidMechanicsDriver13update_forcesEv
FNDA:6,_ZN5neml220SolidMechanicsDriver16expected_optionsEv
FNDA:6,_ZN5neml220SolidMechanicsDriverC2ERKNS_9OptionSetE
FNDA:6,_ZNK5neml220SolidMechanicsDriver8diagnoseERSt6vectorINS_9DiagnosisESaIS2_EE
FNDA:60,_ZN5neml220SolidMechanicsDriver13update_forcesEv
FNF:4
FNH:4
DA:32,6
DA:34,6
DA:35,6
DA:36,6
DA:38,36
DA:39,6
DA:40,12
DA:41,18
DA:43,6
DA:44,6
DA:46,6
DA:47,6
DA:49,6
DA:50,6
DA:52,6
DA:53,6
DA:55,6
DA:56,6
DA:58,6
DA:59,6
DA:61,6
DA:62,12
DA:63,6
DA:65,6
DA:66,12
DA:68,6
DA:70,6
DA:71,6
DA:73,6
DA:74,12
DA:75,6
DA:77,12
DA:78,6
DA:80,6
DA:82,6
DA:83,6
DA:84,6
DA:85,6
DA:86,6
DA:87,7
DA:88,7
DA:90,13
DA:91,7
DA:92,12
DA:95,6
DA:97,4
DA:98,4
DA:100,2
DA:102,1
DA:103,1
DA:105,1
DA:107,1
DA:108,1
DA:115,6
DA:117,6
DA:118,1
DA:119,6
DA:122,6
DA:124,6
DA:126,12
DA:127,6
DA:130,6
DA:132,12
DA:133,6
DA:136,12
DA:138,12
DA:141,6
DA:143,2
DA:144,1
DA:147,1
DA:149,2
DA:151,1
DA:153,2
DA:155,2
DA:159,6
DA:161,2
DA:162,1
DA:165,1
DA:166,2
DA:168,1
DA:170,2
DA:173,6
DA:176,60
DA:178,60
DA:180,120
DA:182,60
DA:183,20
DA:185,60
DA:186,20
DA:187,60
LF:90
LH:90
end_of_record
TN:
SF:/home/runner/work/neml2/neml2/src/neml2/jit/utils.cxx
FN:30,_ZN5neml219neml_assert_tracingEv
FN:36,_ZN5neml223neml_assert_tracing_dbgEv
FNDA:0,_ZN5neml223neml_assert_tracing_dbgEv
FNDA:0,_ZN5neml219neml_assert_tracingEv
FNF:2
FNH:0
DA:30,0
DA:32,0
DA:33,0
DA:36,0
DA:39,0
DA:41,0
LF:6
LH:0
end_of_record
TN:
SF:/home/runner/work/neml2/neml2/src/neml2/misc/error.cxx
FN:30,_ZNK5neml213NEMLException4whatEv
FN:38,_ZN5neml28internal10stream_allERSt19basic_ostringstreamIcSt11char_traitsIcESaIcEE
FNDA:22,_ZNK5neml213NEMLException4whatEv
FNDA:60,_ZN5neml28internal10stream_allERSt19basic_ostringstreamIcSt11char_traitsIcESaIcEE
FNF:2
FNH:2
DA:30,22
DA:32,22
DA:38,60
DA:40,60
LF:4
LH:4
end_of_record
TN:
SF:/home/runner/work/neml2/neml2/src/neml2/misc/math.cxx
FN:36,_ZN5neml24math15ConstantTensorsC2Ev
FN:58,_ZN5neml24math15ConstantTensors3getEv
FN:65,_ZN5neml24math15ConstantTensors18full_to_mandel_mapEv
FN:71,_ZN5neml24math15ConstantTensors18mandel_to_full_mapEv
FN:77,_ZN5neml24math15ConstantTensors21full_to_mandel_factorEv
FN:83,_ZN5neml24math15ConstantTensors21mandel_to_full_factorEv
FN:89,_ZN5neml24math15ConstantTensors16full_to_skew_mapEv
FN:95,_ZN5neml24math15ConstantTensors16skew_to_full_mapEv
FN:101,_ZN5neml24math15ConstantTensors19full_to_skew_factorEv
FN:107,_ZN5neml24math15ConstantTensors19skew_to_full_factorEv
FN:113,_ZN5neml24math15full_to_reducedERKNS_6TensorERKN2at6TensorES7_l
FN:139,_ZN5neml24math15reduced_to_fullERKNS_6TensorERKN2at6TensorES7_l
FN:162,_ZN5neml24math14full_to_mandelERKNS_6TensorEl
FN:172,_ZN5neml24math14mandel_to_fullERKNS_6TensorEl
FN:182,_ZN5neml24math12full_to_skewERKNS_6TensorEl
FN:192,_ZN5neml24math12skew_to_fullERKNS_6TensorEl
FN:202,_ZN5neml24math6jacrevERKNS_6TensorES3_bbb
FN:232,_ZN5neml24math15base_diag_embedERKNS_6TensorElll
FN:241,_ZN5neml24math19skew_and_sym_to_symERKNS_3SR2ERKNS_3WR2E
FN:251,_ZN5neml24math27d_skew_and_sym_to_sym_d_symERKNS_3WR2E
FN:260,_ZN5neml24math28d_skew_and_sym_to_sym_d_skewERKNS_3SR2E
FN:269,_ZN5neml24math22multiply_and_make_skewERKNS_3SR2ES3_
FN:278,_ZN5neml24math32d_multiply_and_make_skew_d_firstERKNS_3SR2E
FN:287,_ZN5neml24math33d_multiply_and_make_skew_d_secondERKNS_3SR2E
FN:296,_ZN5neml24math8base_catERKSt6vectorINS_6TensorESaIS2_EEl
FN:305,_ZN5neml24math10base_stackERKSt6vectorINS_6TensorESaIS2_EEl
FN:314,_ZN5neml24math8base_sumERKNS_6TensorEl
FN:321,_ZN5neml24math9base_meanERKNS_6TensorEl
FN:328,_ZN5neml24math3powERKdRKNS_6TensorE
FN:334,_ZN5neml24math3powERKNS_6TensorES3_
FN:343,_ZN5neml24math6linalg11vector_normERKNS_6TensorE
FN:360,_ZN5neml24math6linalg3invERKNS_6TensorE
FN:366,_ZN5neml24math6linalg5solveERKNS_6TensorES4_
FN:372,_ZN5neml24math6linalg9lu_factorERKNS_6TensorEb
FN:379,_ZN5neml24math6linalg8lu_solveERKNS_6TensorES4_S4_bb
FNDA:0,_ZN5neml24math8base_sumERKNS_6TensorEl
FNDA:1569,_ZN5neml24math15ConstantTensors21full_to_mandel_factorEv
FNDA:2070,_ZN5neml24math15full_to_reducedERKNS_6TensorERKN2at6TensorES7_l
FNDA:2,_ZN5neml24math6linalg9lu_factorERKNS_6TensorEb
FNDA:421,_ZN5neml24math15ConstantTensors16skew_to_full_mapEv
FNDA:1361,_ZN5neml24math6linalg11vector_normERKNS_6TensorE
FNDA:6,_ZN5neml24math6linalg8lu_solveERKNS_6TensorES4_S4_bb
FNDA:2471,_ZN5neml24math15reduced_to_fullERKNS_6TensorERKN2at6TensorES7_l
FNDA:0,_ZN5neml24math6linalg3invERKNS_6TensorE
FNDA:501,_ZN5neml24math12full_to_skewERKNS_6TensorEl
FNDA:5538,_ZN5neml24math8base_catERKSt6vectorINS_6TensorESaIS2_EEl
FNDA:2050,_ZN5neml24math14mandel_to_fullERKNS_6TensorEl
FNDA:421,_ZN5neml24math15ConstantTensors19skew_to_full_factorEv
FNDA:63,_ZN5neml24math3powERKNS_6TensorES3_
FNDA:80,_ZN5neml24math3powERKdRKNS_6TensorE
FNDA:1,_ZN5neml24math15ConstantTensorsC2Ev
FNDA:501,_ZN5neml24math15ConstantTensors16full_to_skew_mapEv
FNDA:501,_ZN5neml24math15ConstantTensors19full_to_skew_factorEv
FNDA:421,_ZN5neml24math12skew_to_fullERKNS_6TensorEl
FNDA:1569,_ZN5neml24math15ConstantTensors18full_to_mandel_mapEv
FNDA:64,_ZN5neml24math27d_skew_and_sym_to_sym_d_symERKNS_3WR2E
FNDA:2050,_ZN5neml24math15ConstantTensors18mandel_to_full_mapEv
FNDA:327,_ZN5neml24math22multiply_and_make_skewERKNS_3SR2ES3_
FNDA:64,_ZN5neml24math32d_multiply_and_make_skew_d_firstERKNS_3SR2E
FNDA:488,_ZN5neml24math15base_diag_embedERKNS_6TensorElll
FNDA:64,_ZN5neml24math33d_multiply_and_make_skew_d_secondERKNS_3SR2E
FNDA:9082,_ZN5neml24math15ConstantTensors3getEv
FNDA:1569,_ZN5neml24math14full_to_mandelERKNS_6TensorEl
FNDA:2,_ZN5neml24math28d_skew_and_sym_to_sym_d_skewERKNS_3SR2E
FNDA:1266,_ZN5neml24math6linalg5solveERKNS_6TensorES4_
FNDA:0,_ZN5neml24math9base_meanERKNS_6TensorEl
FNDA:521,_ZN5neml24math10base_stackERKSt6vectorINS_6TensorESaIS2_EEl
FNDA:327,_ZN5neml24math19skew_and_sym_to_symERKNS_3SR2ERKNS_3WR2E
FNDA:1912,_ZN5neml24math6jacrevERKNS_6TensorES3_bbb
FNDA:2050,_ZN5neml24math15ConstantTensors21mandel_to_full_factorEv
FNF:35
FNH:32
DA:36,1
DA:38,7
DA:41,10
DA:43,7
DA:46,10
DA:48,4
DA:50,10
DA:52,4
DA:54,10
DA:55,1
DA:58,9082
DA:60,9082
DA:61,9082
DA:65,1569
DA:67,1569
DA:71,2050
DA:73,2050
DA:77,1569
DA:79,1569
DA:83,2050
DA:85,2050
DA:89,501
DA:91,501
DA:95,421
DA:97,421
DA:101,501
DA:103,501
DA:107,421
DA:109,421
DA:113,2070
DA:118,2070
DA:119,2070
DA:120,2070
DA:121,2070
DA:122,2070
DA:124,2070
DA:125,2070
DA:126,2070
DA:128,2070
DA:129,2070
DA:132,4140
DA:135,6210
DA:136,2070
DA:139,2471
DA:144,2471
DA:145,2471
DA:146,2471
DA:147,2471
DA:148,2471
DA:150,2471
DA:151,2471
DA:152,2471
DA:153,2471
DA:154,2471
DA:156,4942
DA:157,4942
DA:158,7413
DA:159,2471
DA:162,1569
DA:166,3138
DA:167,3138
DA:168,3138
DA:172,2050
DA:176,4100
DA:177,4100
DA:178,4100
DA:182,501
DA:186,1002
DA:187,1002
DA:188,1002
DA:192,421
DA:196,842
DA:197,842
DA:198,842
DA:202,1912
DA:205,1912
DA:206,0
DA:209,1912
DA:210,1912
DA:213,1912
DA:215,7164
DA:217,47268
DA:219,15756
DA:222,5252
DA:223,5252
DA:224,10358
DA:225,5252
DA:228,1912
DA:229,1912
DA:232,488
DA:235,976
DA:236,0
DA:237,1464
DA:241,327
DA:245,327
DA:246,327
DA:247,981
DA:248,327
DA:251,64
DA:253,64
DA:254,64
DA:255,256
DA:256,384
DA:257,64
DA:260,2
DA:262,2
DA:263,2
DA:264,8
DA:265,12
DA:266,2
DA:269,327
DA:271,327
DA:272,327
DA:274,981
DA:275,327
DA:278,64
DA:280,64
DA:281,64
DA:282,256
DA:283,384
DA:284,64
DA:287,64
DA:289,64
DA:290,64
DA:291,256
DA:292,384
DA:293,64
DA:296,5538
DA:298,5538
DA:299,5538
DA:300,5538
DA:301,16614
DA:302,5538
DA:305,521
DA:307,521
DA:308,521
DA:309,521
DA:310,1563
DA:311,521
DA:314,0
DA:316,0
DA:317,0
DA:321,0
DA:323,0
DA:324,0
DA:328,80
DA:330,160
DA:334,63
DA:336,63
DA:337,126
DA:343,1361
DA:345,1361
DA:347,1361
DA:351,1361
DA:352,69
DA:354,2584
DA:355,2584
DA:356,2584
DA:360,0
DA:362,0
DA:366,1266
DA:368,2532
DA:372,2
DA:374,2
DA:375,4
DA:376,2
DA:379,6
DA:381,12
LF:168
LH:158
end_of_record
TN:
SF:/home/runner/work/neml2/neml2/src/neml2/misc/parser_utils.cxx
FN:31,_ZNK5neml215ParserException4whatEv
FN:39,_ZN5neml25utilsrsERSt18basic_stringstreamIcSt11char_traitsIcESaIcEERN2at6TensorE
FN:46,_ZN5neml25utils4joinERKSt6vectorISsSaISsEERKSs
FN:59,_ZN5neml25utils5splitERKSsS2_
FN:80,_ZN5neml25utils4trimERKSsS2_
FN:90,_ZN5neml25utils10start_withESt17basic_string_viewIcSt11char_traitsIcEES4_
FN:96,_ZN5neml25utils8end_withESt17basic_string_viewIcSt11char_traitsIcEES4_
FN:104,_ZN5neml25utils6parse_IbEEvRT_RKSs
FN:117,_ZN5neml25utils13parse_vector_IbEEvRSt6vectorIT_SaIS3_EERKSs
FN:127,_ZN5neml25utils6parse_INS_19LabeledAxisAccessorEEEvRT_RKSs
FN:135,_ZN5neml25utils6parse_IN3c1011SmallVectorIlLj6EEEEEvRT_RKSs
FNDA:6,_ZNK5neml215ParserException4whatEv
FNDA:11322,_ZN5neml25utils4trimERKSsS2_
FNDA:10596,_ZN5neml25utils10start_withESt17basic_string_viewIcSt11char_traitsIcEES4_
FNDA:179,_ZN5neml25utils6parse_IbEEvRT_RKSs
FNDA:1189,_ZN5neml25utils6parse_IN3c1011SmallVectorIlLj6EEEEEvRT_RKSs
FNDA:2958,_ZN5neml25utils5splitERKSsS2_
FNDA:625,_ZN5neml25utils6parse_INS_19LabeledAxisAccessorEEEvRT_RKSs
FNDA:40,_ZN5neml25utils13parse_vector_IbEEvRSt6vectorIT_SaIS3_EERKSs
FNDA:1457,_ZN5neml25utils8end_withESt17basic_string_viewIcSt11char_traitsIcEES4_
FNDA:1,_ZN5neml25utilsrsERSt18basic_stringstreamIcSt11char_traitsIcESaIcEERN2at6TensorE
FNDA:0,_ZN5neml25utils4joinERKSt6vectorISsSaISsEERKSs
FNF:11
FNH:10
DA:31,6
DA:33,6
DA:39,1
DA:41,1
DA:46,0
DA:48,0
DA:49,0
DA:51,0
DA:52,0
DA:53,0
DA:55,0
DA:56,0
DA:59,2958
DA:61,2958
DA:63,2958
DA:64,2958
DA:66,7546
DA:68,7532
DA:70,7532
DA:71,7532
DA:72,2944
DA:73,4588
DA:76,2958
DA:77,0
DA:80,11322
DA:82,11322
DA:83,11322
DA:84,15
DA:85,11307
DA:86,11307
DA:90,10596
DA:92,10596
DA:96,1457
DA:98,2914
DA:99,2914
DA:104,179
DA:106,179
DA:107,179
DA:108,94
DA:109,85
DA:110,84
DA:112,1
DA:113,179
DA:117,40
DA:119,80
DA:120,40
DA:121,150
DA:122,110
DA:123,40
DA:127,625
DA:129,1250
DA:130,625
DA:131,625
DA:135,1189
DA:137,1189
DA:138,1
DA:139,2
DA:141,2376
DA:142,2376
DA:144,1188
DA:145,3490
DA:146,2302
DA:147,1188
LF:63
LH:54
end_of_record
TN:
SF:/home/runner/work/neml2/neml2/src/neml2/misc/types.cxx
FN:31,_ZNK5neml213TraceableSize9traceableEv
FN:37,_ZNK5neml213TraceableSize8concreteEv
FN:51,_ZNK5neml213TraceableSize9as_tensorEv
FN:60,_ZN5neml2eqERKNS_13TraceableSizeES2_
FN:66,_ZN5neml2neERKNS_13TraceableSizeES2_
FN:72,_ZN5neml2lsERSoRKNS_13TraceableSizeE
FN:78,_ZN5neml220TraceableTensorShapeC2ERKN3c1011SmallVectorIlLj6EEE
FN:84,_ZN5neml220TraceableTensorShapeC2EN3c108ArrayRefIlEE
FN:90,_ZN5neml220TraceableTensorShapeC2El
FN:95,_ZN5neml220TraceableTensorShapeC2ERKN2at6TensorE
FN:105,_ZNK5neml220TraceableTensorShape5sliceEll
FN:116,_ZNK5neml220TraceableTensorShape5sliceEl
FN:124,_ZNK5neml220TraceableTensorShape8concreteEv
FN:133,_ZNK5neml220TraceableTensorShape9as_tensorEv
FN:145,_ZN5neml2eqERKNS_20TraceableTensorShapeES2_
FN:151,_ZN5neml2neERKNS_20TraceableTensorShapeES2_
FN:157,_ZN5neml222default_tensor_optionsEv
FN:165,_ZN5neml230default_integer_tensor_optionsEv
FN:173,_ZN5neml213default_dtypeEv
FN:180,_ZN5neml221default_integer_dtypeEv
FN:187,_ZN5neml214default_deviceEv
FN:194,_ZN5neml217machine_precisionEv
FN:201,_ZN5neml29toleranceEv
FN:208,_ZN5neml217tighter_toleranceEv
FN:215,_ZN5neml221buffer_name_separatorEv
FN:222,_ZN5neml224parameter_name_separatorEv
FN:229,_ZN5neml234currently_solving_nonlinear_systemEv
FN:236,_ZN5neml223currently_requesting_ADEv
FNDA:270,_ZN5neml217tighter_toleranceEv
FNDA:2074,_ZN5neml220TraceableTensorShapeC2ERKN2at6TensorE
FNDA:287740,_ZN5neml2eqERKNS_20TraceableTensorShapeES2_
FNDA:636,_ZN5neml223currently_requesting_ADEv
FNDA:0,_ZNK5neml220TraceableTensorShape5sliceEl
FNDA:35,_ZN5neml2neERKNS_20TraceableTensorShapeES2_
FNDA:14522,_ZN5neml234currently_solving_nonlinear_systemEv
FNDA:979657,_ZNK5neml220TraceableTensorShape8concreteEv
FNDA:0,_ZN5neml2neERKNS_13TraceableSizeES2_
FNDA:0,_ZN5neml2lsERSoRKNS_13TraceableSizeE
FNDA:270,_ZN5neml29toleranceEv
FNDA:272,_ZN5neml214default_deviceEv
FNDA:4812,_ZN5neml221default_integer_dtypeEv
FNDA:419,_ZN5neml221buffer_name_separatorEv
FNDA:539,_ZN5neml213default_dtypeEv
FNDA:341,_ZN5neml224parameter_name_separatorEv
FNDA:18917,_ZNK5neml220TraceableTensorShape9as_tensorEv
FNDA:2923,_ZN5neml222default_tensor_optionsEv
FNDA:992,_ZN5neml220TraceableTensorShapeC2ERKN3c1011SmallVectorIlLj6EEE
FNDA:5400,_ZNK5neml213TraceableSize9as_tensorEv
FNDA:1728,_ZN5neml217machine_precisionEv
FNDA:620,_ZN5neml220TraceableTensorShapeC2El
FNDA:10,_ZN5neml2eqERKNS_13TraceableSizeES2_
FNDA:223596,_ZN5neml220TraceableTensorShapeC2EN3c108ArrayRefIlEE
FNDA:22250,_ZNK5neml220TraceableTensorShape5sliceEll
FNDA:382239,_ZNK5neml213TraceableSize8concreteEv
FNDA:404274,_ZNK5neml213TraceableSize9traceableEv
FNDA:152,_ZN5neml230default_integer_tensor_optionsEv
FNF:28
FNH:25
DA:31,404274
DA:33,404274
DA:37,382239
DA:39,382239
DA:41,25104
DA:43,25104
DA:44,25104
DA:47,357135
DA:51,5400
DA:53,5400
DA:54,612
DA:56,4788
DA:60,10
DA:62,10
DA:66,0
DA:68,0
DA:72,0
DA:74,0
DA:75,0
DA:78,992
DA:80,3890
DA:81,2898
DA:82,992
DA:84,223596
DA:86,317951
DA:87,94355
DA:88,223596
DA:90,620
DA:91,620
DA:93,620
DA:95,2074
DA:97,2074
DA:98,2074
DA:100,4154
DA:101,4160
DA:102,2074
DA:105,22250
DA:107,22250
DA:108,0
DA:109,22250
DA:110,2433
DA:112,22250
DA:116,0
DA:118,0
DA:119,0
DA:120,0
DA:124,979657
DA:126,979657
DA:127,1358338
DA:128,378681
DA:129,979657
DA:130,0
DA:133,18917
DA:135,18917
DA:136,13529
DA:138,5388
DA:139,10788
DA:140,5400
DA:141,5388
DA:142,5388
DA:145,287740
DA:147,287740
DA:151,35
DA:153,35
DA:157,2923
DA:160,2923
DA:161,2923
DA:165,152
DA:168,152
DA:169,152
DA:173,539
DA:176,539
DA:180,4812
DA:183,4812
DA:187,272
DA:189,272
DA:190,272
DA:194,1728
DA:197,1728
DA:201,270
DA:204,270
DA:208,270
DA:211,270
DA:215,419
DA:217,419
DA:218,419
DA:222,341
DA:224,341
DA:225,341
DA:229,14522
DA:232,14522
DA:236,636
DA:239,636
LF:93
LH:82
end_of_record
TN:
SF:/home/runner/work/neml2/neml2/src/neml2/misc/utils.cxx
FN:34,_ZN5neml25utils8demangleEPKc
FN:41,_ZN5neml25utils19extract_batch_sizesERKN2at6TensorEl
FN:57,_ZN5neml25utils12storage_sizeEN3c108ArrayRefIlEE
FN:64,_ZN5neml25utils11pad_prependEN3c108ArrayRefIlEEll
FN:72,_ZN5neml25utils11pad_prependERKN2at6TensorEll
FN:95,_ZN5neml25utils7details15add_shapes_implERN3c1011SmallVectorIlLj6EEE
FN:101,_ZN5neml25utils7details25add_traceable_shapes_implERNS_20TraceableTensorShapeE
FNDA:69945,_ZN5neml25utils7details15add_shapes_implERN3c1011SmallVectorIlLj6EEE
FNDA:223461,_ZN5neml25utils8demangleEPKc
FNDA:10889,_ZN5neml25utils7details25add_traceable_shapes_implERNS_20TraceableTensorShapeE
FNDA:212087,_ZN5neml25utils19extract_batch_sizesERKN2at6TensorEl
FNDA:336462,_ZN5neml25utils11pad_prependEN3c108ArrayRefIlEEll
FNDA:5388,_ZN5neml25utils11pad_prependERKN2at6TensorEll
FNDA:104707,_ZN5neml25utils12storage_sizeEN3c108ArrayRefIlEE
FNF:7
FNH:7
DA:34,223461
DA:37,223461
DA:41,212087
DA:45,212087
DA:47,0
DA:48,0
DA:49,0
DA:50,0
DA:51,0
DA:53,424174
DA:57,104707
DA:59,104707
DA:60,104707
DA:64,336462
DA:66,336462
DA:67,336462
DA:68,336462
DA:69,0
DA:72,5388
DA:74,5388
DA:75,5388
DA:76,5388
DA:77,16164
DA:95,69945
DA:97,69945
DA:101,10889
DA:103,10889
LF:27
LH:21
end_of_record
TN:
SF:/home/runner/work/neml2/neml2/src/neml2/models/ArrheniusParameter.cxx
FN:33,_ZN5neml218ArrheniusParameter16expected_optionsEv
FN:56,_ZN5neml218ArrheniusParameterC2ERKNS_9OptionSetE
FN:66,_ZN5neml218ArrheniusParameter9set_valueEbbb
FNDA:2,_ZN5neml218ArrheniusParameterC2ERKNS_9OptionSetE
FNDA:16,_ZN5neml218ArrheniusParameter9set_valueEbbb
FNDA:6,_ZN5neml218ArrheniusParameter16expected_optionsEv
FNF:3
FNH:3
DA:33,6
DA:35,6
DA:36,6
DA:39,6
DA:41,6
DA:42,6
DA:44,6
DA:45,6
DA:47,6
DA:48,6
DA:50,6
DA:51,6
DA:53,6
DA:54,0
DA:56,2
DA:58,2
DA:59,2
DA:60,2
DA:61,4
DA:63,2
DA:66,16
DA:68,32
DA:70,16
DA:71,12
DA:73,16
DA:74,16
DA:76,8
DA:78,4
DA:79,3
DA:81,4
DA:82,1
DA:83,4
DA:84,16
LF:33
LH:32
end_of_record
TN:
SF:/home/runner/work/neml2/neml2/src/neml2/models/Assembler.cxx
FN:31,_ZNK5neml215VectorAssembler8assembleERKSt3mapINS_19LabeledAxisAccessorENS_6TensorESt4lessIS2_ESaISt4pairIKS2_S3_EEE
FN:78,_ZNK5neml215VectorAssembler11disassembleERKNS_6TensorE
FN:92,_ZNK5neml215VectorAssembler5splitERKNS_6TensorE
FN:106,_ZNK5neml215MatrixAssembler8assembleERKSt3mapINS_19LabeledAxisAccessorES1_IS2_NS_6TensorESt4lessIS2_ESaISt4pairIKS2_S3_EEES5_SaIS6_IS7_SA_EEE
FN:186,_ZNK5neml215MatrixAssembler11disassembleERKNS_6TensorE
FN:206,_ZNK5neml215MatrixAssembler5splitERKNS_6TensorE
FNDA:1488,_ZNK5neml215VectorAssembler8assembleERKSt3mapINS_19LabeledAxisAccessorENS_6TensorESt4lessIS2_ESaISt4pairIKS2_S3_EEE
FNDA:1027,_ZNK5neml215MatrixAssembler8assembleERKSt3mapINS_19LabeledAxisAccessorES1_IS2_NS_6TensorESt4lessIS2_ESaISt4pairIKS2_S3_EEES5_SaIS6_IS7_SA_EEE
FNDA:1,_ZNK5neml215VectorAssembler5splitERKNS_6TensorE
FNDA:1334,_ZNK5neml215VectorAssembler11disassembleERKNS_6TensorE
FNDA:2,_ZNK5neml215MatrixAssembler5splitERKNS_6TensorE
FNDA:6,_ZNK5neml215MatrixAssembler11disassembleERKNS_6TensorE
FNF:6
FNH:6
DA:31,1488
DA:33,1488
DA:36,1488
DA:37,1488
DA:42,1488
DA:43,5842
DA:45,4354
DA:46,4354
DA:48,4351
DA:49,4351
DA:51,4351
DA:53,4351
DA:55,4351
DA:56,4351
DA:58,1488
DA:59,1488
DA:64,1488
DA:67,1488
DA:68,5842
DA:69,4354
DA:70,4351
DA:72,3
DA:74,2976
DA:75,1488
DA:78,1334
DA:80,1334
DA:82,1334
DA:83,1334
DA:85,5251
DA:86,3917
DA:88,2668
DA:89,1334
DA:92,1
DA:94,1
DA:96,1
DA:97,1
DA:99,3
DA:100,2
DA:102,2
DA:103,1
DA:106,1027
DA:109,1027
DA:110,1027
DA:113,1027
DA:114,1027
DA:117,1027
DA:118,4049
DA:120,3022
DA:121,3022
DA:122,0
DA:127,3022
DA:128,12308
DA:130,9286
DA:131,9286
DA:133,9274
DA:134,9274
DA:136,9274
DA:138,9274
DA:140,9274
DA:142,18548
DA:143,9274
DA:145,9274
DA:147,9274
DA:149,18548
DA:151,9274
DA:152,9274
DA:154,1027
DA:155,1027
DA:160,3022
DA:163,3022
DA:164,12308
DA:165,9286
DA:166,9274
DA:168,24
DA:169,24
DA:171,3022
DA:172,3022
DA:175,1027
DA:176,4049
DA:177,3022
DA:178,3022
DA:180,0
DA:182,2054
DA:183,1027
DA:186,6
DA:188,6
DA:190,6
DA:191,6
DA:193,6
DA:194,24
DA:196,18
DA:197,54
DA:198,72
DA:199,108
DA:200,18
DA:202,12
DA:203,6
DA:206,2
DA:208,2
DA:210,2
DA:211,2
DA:213,2
DA:214,4
DA:216,2
DA:217,10
DA:218,16
DA:219,24
DA:220,2
DA:222,4
DA:223,2
LF:110
LH:108
end_of_record
TN:
SF:/home/runner/work/neml2/neml2/src/neml2/models/BackwardEulerTimeIntegration.cxx
FN:35,_ZN5neml228BackwardEulerTimeIntegrationINS_6ScalarEE16expected_optionsEv
FN:35,_ZN5neml228BackwardEulerTimeIntegrationINS_3VecEE16expected_optionsEv
FN:35,_ZN5neml228BackwardEulerTimeIntegrationINS_3SR2EE16expected_optionsEv
FN:59,_ZN5neml228BackwardEulerTimeIntegrationINS_6ScalarEEC2ERKNS_9OptionSetE
FN:59,_ZN5neml228BackwardEulerTimeIntegrationINS_3VecEEC2ERKNS_9OptionSetE
FN:59,_ZN5neml228BackwardEulerTimeIntegrationINS_3SR2EEC2ERKNS_9OptionSetE
FN:74,_ZNK5neml228BackwardEulerTimeIntegrationINS_3SR2EE8diagnoseERSt6vectorINS_9DiagnosisESaIS4_EE
FN:74,_ZNK5neml228BackwardEulerTimeIntegrationINS_6ScalarEE8diagnoseERSt6vectorINS_9DiagnosisESaIS4_EE
FN:74,_ZNK5neml228BackwardEulerTimeIntegrationINS_3VecEE8diagnoseERSt6vectorINS_9DiagnosisESaIS4_EE
FN:84,_ZN5neml228BackwardEulerTimeIntegrationINS_6ScalarEE9set_valueEbbb
FN:84,_ZN5neml228BackwardEulerTimeIntegrationINS_3VecEE9set_valueEbbb
FN:84,_ZN5neml228BackwardEulerTimeIntegrationINS_3SR2EE9set_valueEbbb
FNDA:6,_ZN5neml228BackwardEulerTimeIntegrationINS_3SR2EE16expected_optionsEv
FNDA:2702,_ZN5neml228BackwardEulerTimeIntegrationINS_3SR2EE9set_valueEbbb
FNDA:0,_ZNK5neml228BackwardEulerTimeIntegrationINS_3VecEE8diagnoseERSt6vectorINS_9DiagnosisESaIS4_EE
FNDA:9,_ZN5neml228BackwardEulerTimeIntegrationINS_3SR2EEC2ERKNS_9OptionSetE
FNDA:0,_ZN5neml228BackwardEulerTimeIntegrationINS_3VecEE9set_valueEbbb
FNDA:4064,_ZN5neml228BackwardEulerTimeIntegrationINS_6ScalarEE9set_valueEbbb
FNDA:0,_ZN5neml228BackwardEulerTimeIntegrationINS_3VecEEC2ERKNS_9OptionSetE
FNDA:6,_ZN5neml228BackwardEulerTimeIntegrationINS_3VecEE16expected_optionsEv
FNDA:4,_ZNK5neml228BackwardEulerTimeIntegrationINS_6ScalarEE8diagnoseERSt6vectorINS_9DiagnosisESaIS4_EE
FNDA:16,_ZN5neml228BackwardEulerTimeIntegrationINS_6ScalarEEC2ERKNS_9OptionSetE
FNDA:6,_ZN5neml228BackwardEulerTimeIntegrationINS_6ScalarEE16expected_optionsEv
FNDA:6,_ZNK5neml228BackwardEulerTimeIntegrationINS_3SR2EE8diagnoseERSt6vectorINS_9DiagnosisESaIS4_EE
FNF:12
FNH:9
DA:35,18
DA:37,18
DA:38,18
DA:44,18
DA:46,18
DA:47,18
DA:49,18
DA:50,18
DA:52,18
DA:53,18
DA:55,18
DA:56,0
DA:59,25
DA:61,25
DA:62,25
DA:63,50
DA:64,50
DA:65,25
DA:66,25
DA:67,25
DA:68,50
DA:70,25
DA:74,10
DA:76,10
DA:77,10
DA:78,10
DA:79,10
DA:80,10
DA:84,6766
DA:86,6766
DA:88,6766
DA:89,6765
DA:91,6766
DA:93,2966
DA:95,2966
DA:96,2966
DA:98,2966
DA:99,2954
DA:101,12
DA:102,12
DA:103,12
DA:104,2966
LF:42
LH:41
end_of_record
TN:
SF:/home/runner/work/neml2/neml2/src/neml2/models/BufferStore.cxx
FN:29,_ZN5neml211BufferStoreC2ERKNS_9OptionSetEPNS_11NEML2ObjectE
FN:36,_ZN5neml211BufferStore13named_buffersEv
FN:44,_ZN5neml211BufferStore15send_buffers_toERKN3c1013TensorOptionsE
FNDA:0,_ZN5neml211BufferStore13named_buffersEv
FNDA:353,_ZN5neml211BufferStoreC2ERKNS_9OptionSetEPNS_11NEML2ObjectE
FNDA:0,_ZN5neml211BufferStore15send_buffers_toERKN3c1013TensorOptionsE
FNF:3
FNH:1
DA:29,353
DA:30,353
DA:31,353
DA:33,353
DA:36,0
DA:38,0
DA:40,0
DA:44,0
DA:46,0
DA:47,0
DA:48,0
LF:11
LH:4
end_of_record
TN:
SF:/home/runner/work/neml2/neml2/src/neml2/models/ComposedModel.cxx
FN:33,_ZN5neml213ComposedModel16expected_optionsEv
FN:63,_ZN5neml213ComposedModelC2ERKNS_9OptionSetE
FN:130,_ZNK5neml213ComposedModel26named_nonlinear_parametersEb
FN:136,_ZNK5neml213ComposedModel32named_nonlinear_parameter_modelsEb
FN:142,_ZN5neml213ComposedModel20link_input_variablesEPNS_5ModelE
FN:157,_ZN5neml213ComposedModel21link_output_variablesEPNS_5ModelE
FN:165,_ZN5neml213ComposedModel9set_valueEbbb
FNDA:10,_ZNK5neml213ComposedModel26named_nonlinear_parametersEb
FNDA:3574,_ZN5neml213ComposedModel9set_valueEbbb
FNDA:193,_ZN5neml213ComposedModel21link_output_variablesEPNS_5ModelE
FNDA:6,_ZN5neml213ComposedModel16expected_optionsEv
FNDA:51,_ZN5neml213ComposedModelC2ERKNS_9OptionSetE
FNDA:20,_ZNK5neml213ComposedModel32named_nonlinear_parameter_modelsEb
FNDA:193,_ZN5neml213ComposedModel20link_input_variablesEPNS_5ModelE
FNF:7
FNH:7
DA:33,6
DA:35,6
DA:36,6
DA:39,6
DA:41,6
DA:43,6
DA:44,6
DA:46,6
DA:47,12
DA:49,6
DA:51,6
DA:52,12
DA:54,6
DA:56,6
DA:57,12
DA:58,6
DA:60,6
DA:61,0
DA:63,51
DA:65,51
DA:66,102
DA:71,203
DA:72,152
DA:82,51
DA:83,51
DA:84,203
DA:85,193
DA:86,193
DA:89,244
DA:90,193
DA:91,53
DA:92,2
DA:95,102
DA:96,51
DA:97,51
DA:98,0
DA:101,51
DA:102,51
DA:103,51
DA:106,51
DA:109,359
DA:110,308
DA:111,239
DA:114,126
DA:115,75
DA:118,203
DA:120,193
DA:121,41
DA:122,152
DA:123,193
DA:124,41
DA:125,152
DA:127,51
DA:130,10
DA:132,10
DA:136,20
DA:138,20
DA:142,193
DA:144,1988
DA:145,1795
DA:146,308
DA:148,1507
DA:149,1314
DA:151,156
DA:152,156
DA:154,193
DA:157,193
DA:159,531
DA:160,338
DA:161,75
DA:162,193
DA:165,3574
DA:167,23501
DA:169,19927
DA:170,10971
DA:171,8956
DA:172,8536
DA:173,420
DA:174,420
DA:176,0
DA:179,3574
DA:180,5579
DA:181,3787
DA:183,3574
DA:184,326
DA:185,163
DA:186,3574
LF:87
LH:84
end_of_record
TN:
SF:/home/runner/work/neml2/neml2/src/neml2/models/ConstantParameter.cxx
FN:34,_ZN5neml217ConstantParameterINS_3WR2EE16expected_optionsEv
FN:34,_ZN5neml217ConstantParameterINS_10QuaternionEE16expected_optionsEv
FN:34,_ZN5neml217ConstantParameterINS_2R4EE16expected_optionsEv
FN:34,_ZN5neml217ConstantParameterINS_6ScalarEE16expected_optionsEv
FN:34,_ZN5neml217ConstantParameterINS_4SSR4EE16expected_optionsEv
FN:34,_ZN5neml217ConstantParameterINS_5SSFR5EE16expected_optionsEv
FN:34,_ZN5neml217ConstantParameterINS_3VecEE16expected_optionsEv
FN:34,_ZN5neml217ConstantParameterINS_4SWR4EE16expected_optionsEv
FN:34,_ZN5neml217ConstantParameterINS_2R5EE16expected_optionsEv
FN:34,_ZN5neml217ConstantParameterINS_2R3EE16expected_optionsEv
FN:34,_ZN5neml217ConstantParameterINS_3RotEE16expected_optionsEv
FN:34,_ZN5neml217ConstantParameterINS_11MillerIndexEE16expected_optionsEv
FN:34,_ZN5neml217ConstantParameterINS_4WWR4EE16expected_optionsEv
FN:34,_ZN5neml217ConstantParameterINS_2R2EE16expected_optionsEv
FN:34,_ZN5neml217ConstantParameterINS_5SFFR4EE16expected_optionsEv
FN:34,_ZN5neml217ConstantParameterINS_4WSR4EE16expected_optionsEv
FN:34,_ZN5neml217ConstantParameterINS_3SR2EE16expected_optionsEv
FN:34,_ZN5neml217ConstantParameterINS_4SFR3EE16expected_optionsEv
FN:46,_ZN5neml217ConstantParameterINS_3RotEEC2ERKNS_9OptionSetE
FN:46,_ZN5neml217ConstantParameterINS_11MillerIndexEEC2ERKNS_9OptionSetE
FN:46,_ZN5neml217ConstantParameterINS_2R2EEC2ERKNS_9OptionSetE
FN:46,_ZN5neml217ConstantParameterINS_5SSFR5EEC2ERKNS_9OptionSetE
FN:46,_ZN5neml217ConstantParameterINS_5SFFR4EEC2ERKNS_9OptionSetE
FN:46,_ZN5neml217ConstantParameterINS_4SFR3EEC2ERKNS_9OptionSetE
FN:46,_ZN5neml217ConstantParameterINS_2R3EEC2ERKNS_9OptionSetE
FN:46,_ZN5neml217ConstantParameterINS_6ScalarEEC2ERKNS_9OptionSetE
FN:46,_ZN5neml217ConstantParameterINS_3VecEEC2ERKNS_9OptionSetE
FN:46,_ZN5neml217ConstantParameterINS_4SWR4EEC2ERKNS_9OptionSetE
FN:46,_ZN5neml217ConstantParameterINS_2R5EEC2ERKNS_9OptionSetE
FN:46,_ZN5neml217ConstantParameterINS_3SR2EEC2ERKNS_9OptionSetE
FN:46,_ZN5neml217ConstantParameterINS_4SSR4EEC2ERKNS_9OptionSetE
FN:46,_ZN5neml217ConstantParameterINS_3WR2EEC2ERKNS_9OptionSetE
FN:46,_ZN5neml217ConstantParameterINS_10QuaternionEEC2ERKNS_9OptionSetE
FN:46,_ZN5neml217ConstantParameterINS_2R4EEC2ERKNS_9OptionSetE
FN:46,_ZN5neml217ConstantParameterINS_4WWR4EEC2ERKNS_9OptionSetE
FN:46,_ZN5neml217ConstantParameterINS_4WSR4EEC2ERKNS_9OptionSetE
FN:54,_ZN5neml217ConstantParameterINS_3RotEE9set_valueEbbb
FN:54,_ZN5neml217ConstantParameterINS_2R3EE9set_valueEbbb
FN:54,_ZN5neml217ConstantParameterINS_2R5EE9set_valueEbbb
FN:54,_ZN5neml217ConstantParameterINS_10QuaternionEE9set_valueEbbb
FN:54,_ZN5neml217ConstantParameterINS_6ScalarEE9set_valueEbbb
FN:54,_ZN5neml217ConstantParameterINS_4WSR4EE9set_valueEbbb
FN:54,_ZN5neml217ConstantParameterINS_3VecEE9set_valueEbbb
FN:54,_ZN5neml217ConstantParameterINS_2R4EE9set_valueEbbb
FN:54,_ZN5neml217ConstantParameterINS_4WWR4EE9set_valueEbbb
FN:54,_ZN5neml217ConstantParameterINS_3WR2EE9set_valueEbbb
FN:54,_ZN5neml217ConstantParameterINS_11MillerIndexEE9set_valueEbbb
FN:54,_ZN5neml217ConstantParameterINS_5SSFR5EE9set_valueEbbb
FN:54,_ZN5neml217ConstantParameterINS_4SWR4EE9set_valueEbbb
FN:54,_ZN5neml217ConstantParameterINS_2R2EE9set_valueEbbb
FN:54,_ZN5neml217ConstantParameterINS_4SFR3EE9set_valueEbbb
FN:54,_ZN5neml217ConstantParameterINS_5SFFR4EE9set_valueEbbb
FN:54,_ZN5neml217ConstantParameterINS_4SSR4EE9set_valueEbbb
FN:54,_ZN5neml217ConstantParameterINS_3SR2EE9set_valueEbbb
FNDA:6,_ZN5neml217ConstantParameterINS_4SSR4EE16expected_optionsEv
FNDA:2,_ZN5neml217ConstantParameterINS_6ScalarEE9set_valueEbbb
FNDA:0,_ZN5neml217ConstantParameterINS_5SFFR4EEC2ERKNS_9OptionSetE
FNDA:0,_ZN5neml217ConstantParameterINS_4SFR3EEC2ERKNS_9OptionSetE
FNDA:0,_ZN5neml217ConstantParameterINS_4WSR4EE9set_valueEbbb
FNDA:0,_ZN5neml217ConstantParameterINS_2R3EEC2ERKNS_9OptionSetE
FNDA:6,_ZN5neml217ConstantParameterINS_5SSFR5EE16expected_optionsEv
FNDA:4,_ZN5neml217ConstantParameterINS_6ScalarEEC2ERKNS_9OptionSetE
FNDA:6,_ZN5neml217ConstantParameterINS_3VecEE16expected_optionsEv
FNDA:6,_ZN5neml217ConstantParameterINS_4SWR4EE16expected_optionsEv
FNDA:0,_ZN5neml217ConstantParameterINS_2R4EE9set_valueEbbb
FNDA:0,_ZN5neml217ConstantParameterINS_3VecEE9set_valueEbbb
FNDA:0,_ZN5neml217ConstantParameterINS_3RotEEC2ERKNS_9OptionSetE
FNDA:0,_ZN5neml217ConstantParameterINS_3RotEE9set_valueEbbb
FNDA:6,_ZN5neml217ConstantParameterINS_3WR2EE16expected_optionsEv
FNDA:0,_ZN5neml217ConstantParameterINS_11MillerIndexEEC2ERKNS_9OptionSetE
FNDA:6,_ZN5neml217ConstantParameterINS_2R4EE16expected_optionsEv
FNDA:6,_ZN5neml217ConstantParameterINS_10QuaternionEE16expected_optionsEv
FNDA:6,_ZN5neml217ConstantParameterINS_6ScalarEE16expected_optionsEv
FNDA:0,_ZN5neml217ConstantParameterINS_2R3EE9set_valueEbbb
FNDA:0,_ZN5neml217ConstantParameterINS_2R2EEC2ERKNS_9OptionSetE
FNDA:0,_ZN5neml217ConstantParameterINS_5SSFR5EEC2ERKNS_9OptionSetE
FNDA:0,_ZN5neml217ConstantParameterINS_2R5EE9set_valueEbbb
FNDA:0,_ZN5neml217ConstantParameterINS_10QuaternionEE9set_valueEbbb
FNDA:0,_ZN5neml217ConstantParameterINS_5SSFR5EE9set_valueEbbb
FNDA:0,_ZN5neml217ConstantParameterINS_4WWR4EEC2ERKNS_9OptionSetE
FNDA:6,_ZN5neml217ConstantParameterINS_2R2EE16expected_optionsEv
FNDA:0,_ZN5neml217ConstantParameterINS_4SFR3EE9set_valueEbbb
FNDA:0,_ZN5neml217ConstantParameterINS_2R2EE9set_valueEbbb
FNDA:0,_ZN5neml217ConstantParameterINS_4SWR4EE9set_valueEbbb
FNDA:0,_ZN5neml217ConstantParameterINS_5SFFR4EE9set_valueEbbb
FNDA:6,_ZN5neml217ConstantParameterINS_5SFFR4EE16expected_optionsEv
FNDA:0,_ZN5neml217ConstantParameterINS_4SSR4EE9set_valueEbbb
FNDA:0,_ZN5neml217ConstantParameterINS_4WSR4EEC2ERKNS_9OptionSetE
FNDA:6,_ZN5neml217ConstantParameterINS_3SR2EE16expected_optionsEv
FNDA:6,_ZN5neml217ConstantParameterINS_4WSR4EE16expected_optionsEv
FNDA:2,_ZN5neml217ConstantParameterINS_3SR2EE9set_valueEbbb
FNDA:6,_ZN5neml217ConstantParameterINS_4SFR3EE16expected_optionsEv
FNDA:0,_ZN5neml217ConstantParameterINS_3VecEEC2ERKNS_9OptionSetE
FNDA:6,_ZN5neml217ConstantParameterINS_2R5EE16expected_optionsEv
FNDA:0,_ZN5neml217ConstantParameterINS_4WWR4EE9set_valueEbbb
FNDA:0,_ZN5neml217ConstantParameterINS_4SWR4EEC2ERKNS_9OptionSetE
FNDA:0,_ZN5neml217ConstantParameterINS_11MillerIndexEE9set_valueEbbb
FNDA:0,_ZN5neml217ConstantParameterINS_3WR2EE9set_valueEbbb
FNDA:0,_ZN5neml217ConstantParameterINS_2R5EEC2ERKNS_9OptionSetE
FNDA:6,_ZN5neml217ConstantParameterINS_2R3EE16expected_optionsEv
FNDA:1,_ZN5neml217ConstantParameterINS_3SR2EEC2ERKNS_9OptionSetE
FNDA:0,_ZN5neml217ConstantParameterINS_4SSR4EEC2ERKNS_9OptionSetE
FNDA:0,_ZN5neml217ConstantParameterINS_10QuaternionEEC2ERKNS_9OptionSetE
FNDA:0,_ZN5neml217ConstantParameterINS_3WR2EEC2ERKNS_9OptionSetE
FNDA:0,_ZN5neml217ConstantParameterINS_2R4EEC2ERKNS_9OptionSetE
FNDA:6,_ZN5neml217ConstantParameterINS_11MillerIndexEE16expected_optionsEv
FNDA:6,_ZN5neml217ConstantParameterINS_3RotEE16expected_optionsEv
FNDA:6,_ZN5neml217ConstantParameterINS_4WWR4EE16expected_optionsEv
FNF:54
FNH:22
DA:34,108
DA:36,108
DA:37,108
DA:40,108
DA:41,108
DA:42,108
DA:43,0
DA:46,5
DA:48,5
DA:50,5
DA:54,4
DA:56,4
DA:57,2
DA:59,4
DA:60,2
DA:61,0
DA:65,4
LF:17
LH:15
end_of_record
TN:
SF:/home/runner/work/neml2/neml2/src/neml2/models/CopyVariable.cxx
FN:34,_ZN5neml212CopyVariableINS_2R2EE16expected_optionsEv
FN:34,_ZN5neml212CopyVariableINS_6ScalarEE16expected_optionsEv
FN:34,_ZN5neml212CopyVariableINS_5SSFR5EE16expected_optionsEv
FN:34,_ZN5neml212CopyVariableINS_3VecEE16expected_optionsEv
FN:34,_ZN5neml212CopyVariableINS_2R3EE16expected_optionsEv
FN:34,_ZN5neml212CopyVariableINS_2R5EE16expected_optionsEv
FN:34,_ZN5neml212CopyVariableINS_4WSR4EE16expected_optionsEv
FN:34,_ZN5neml212CopyVariableINS_4SSR4EE16expected_optionsEv
FN:34,_ZN5neml212CopyVariableINS_4SFR3EE16expected_optionsEv
FN:34,_ZN5neml212CopyVariableINS_3RotEE16expected_optionsEv
FN:34,_ZN5neml212CopyVariableINS_10QuaternionEE16expected_optionsEv
FN:34,_ZN5neml212CopyVariableINS_4SWR4EE16expected_optionsEv
FN:34,_ZN5neml212CopyVariableINS_3SR2EE16expected_optionsEv
FN:34,_ZN5neml212CopyVariableINS_11MillerIndexEE16expected_optionsEv
FN:34,_ZN5neml212CopyVariableINS_4WWR4EE16expected_optionsEv
FN:34,_ZN5neml212CopyVariableINS_2R4EE16expected_optionsEv
FN:34,_ZN5neml212CopyVariableINS_5SFFR4EE16expected_optionsEv
FN:34,_ZN5neml212CopyVariableINS_3WR2EE16expected_optionsEv
FN:49,_ZN5neml212CopyVariableINS_11MillerIndexEEC2ERKNS_9OptionSetE
FN:49,_ZN5neml212CopyVariableINS_4WSR4EEC2ERKNS_9OptionSetE
FN:49,_ZN5neml212CopyVariableINS_4SSR4EEC2ERKNS_9OptionSetE
FN:49,_ZN5neml212CopyVariableINS_4SWR4EEC2ERKNS_9OptionSetE
FN:49,_ZN5neml212CopyVariableINS_4SFR3EEC2ERKNS_9OptionSetE
FN:49,_ZN5neml212CopyVariableINS_2R5EEC2ERKNS_9OptionSetE
FN:49,_ZN5neml212CopyVariableINS_4WWR4EEC2ERKNS_9OptionSetE
FN:49,_ZN5neml212CopyVariableINS_3WR2EEC2ERKNS_9OptionSetE
FN:49,_ZN5neml212CopyVariableINS_2R4EEC2ERKNS_9OptionSetE
FN:49,_ZN5neml212CopyVariableINS_3VecEEC2ERKNS_9OptionSetE
FN:49,_ZN5neml212CopyVariableINS_6ScalarEEC2ERKNS_9OptionSetE
FN:49,_ZN5neml212CopyVariableINS_2R3EEC2ERKNS_9OptionSetE
FN:49,_ZN5neml212CopyVariableINS_5SSFR5EEC2ERKNS_9OptionSetE
FN:49,_ZN5neml212CopyVariableINS_5SFFR4EEC2ERKNS_9OptionSetE
FN:49,_ZN5neml212CopyVariableINS_10QuaternionEEC2ERKNS_9OptionSetE
FN:49,_ZN5neml212CopyVariableINS_3SR2EEC2ERKNS_9OptionSetE
FN:49,_ZN5neml212CopyVariableINS_3RotEEC2ERKNS_9OptionSetE
FN:49,_ZN5neml212CopyVariableINS_2R2EEC2ERKNS_9OptionSetE
FN:58,_ZN5neml212CopyVariableINS_4WWR4EE9set_valueEbbb
FN:58,_ZN5neml212CopyVariableINS_2R2EE9set_valueEbbb
FN:58,_ZN5neml212CopyVariableINS_3RotEE9set_valueEbbb
FN:58,_ZN5neml212CopyVariableINS_4SWR4EE9set_valueEbbb
FN:58,_ZN5neml212CopyVariableINS_2R5EE9set_valueEbbb
FN:58,_ZN5neml212CopyVariableINS_2R4EE9set_valueEbbb
FN:58,_ZN5neml212CopyVariableINS_4SSR4EE9set_valueEbbb
FN:58,_ZN5neml212CopyVariableINS_3SR2EE9set_valueEbbb
FN:58,_ZN5neml212CopyVariableINS_3WR2EE9set_valueEbbb
FN:58,_ZN5neml212CopyVariableINS_4SFR3EE9set_valueEbbb
FN:58,_ZN5neml212CopyVariableINS_3VecEE9set_valueEbbb
FN:58,_ZN5neml212CopyVariableINS_10QuaternionEE9set_valueEbbb
FN:58,_ZN5neml212CopyVariableINS_5SSFR5EE9set_valueEbbb
FN:58,_ZN5neml212CopyVariableINS_11MillerIndexEE9set_valueEbbb
FN:58,_ZN5neml212CopyVariableINS_5SFFR4EE9set_valueEbbb
FN:58,_ZN5neml212CopyVariableINS_6ScalarEE9set_valueEbbb
FN:58,_ZN5neml212CopyVariableINS_2R3EE9set_valueEbbb
FN:58,_ZN5neml212CopyVariableINS_4WSR4EE9set_valueEbbb
FNDA:0,_ZN5neml212CopyVariableINS_2R2EE9set_valueEbbb
FNDA:6,_ZN5neml212CopyVariableINS_3VecEE16expected_optionsEv
FNDA:6,_ZN5neml212CopyVariableINS_5SSFR5EE16expected_optionsEv
FNDA:0,_ZN5neml212CopyVariableINS_3RotEE9set_valueEbbb
FNDA:0,_ZN5neml212CopyVariableINS_2R5EEC2ERKNS_9OptionSetE
FNDA:6,_ZN5neml212CopyVariableINS_6ScalarEE16expected_optionsEv
FNDA:6,_ZN5neml212CopyVariableINS_4WSR4EE16expected_optionsEv
FNDA:6,_ZN5neml212CopyVariableINS_2R5EE16expected_optionsEv
FNDA:6,_ZN5neml212CopyVariableINS_2R3EE16expected_optionsEv
FNDA:0,_ZN5neml212CopyVariableINS_11MillerIndexEEC2ERKNS_9OptionSetE
FNDA:6,_ZN5neml212CopyVariableINS_2R2EE16expected_optionsEv
FNDA:0,_ZN5neml212CopyVariableINS_4SFR3EEC2ERKNS_9OptionSetE
FNDA:0,_ZN5neml212CopyVariableINS_4SWR4EEC2ERKNS_9OptionSetE
FNDA:0,_ZN5neml212CopyVariableINS_4WWR4EE9set_valueEbbb
FNDA:0,_ZN5neml212CopyVariableINS_4SSR4EEC2ERKNS_9OptionSetE
FNDA:0,_ZN5neml212CopyVariableINS_4WSR4EEC2ERKNS_9OptionSetE
FNDA:6,_ZN5neml212CopyVariableINS_4WWR4EE16expected_optionsEv
FNDA:1,_ZN5neml212CopyVariableINS_3SR2EEC2ERKNS_9OptionSetE
FNDA:6,_ZN5neml212CopyVariableINS_11MillerIndexEE16expected_optionsEv
FNDA:0,_ZN5neml212CopyVariableINS_2R3EE9set_valueEbbb
FNDA:6,_ZN5neml212CopyVariableINS_2R4EE16expected_optionsEv
FNDA:0,_ZN5neml212CopyVariableINS_3RotEEC2ERKNS_9OptionSetE
FNDA:0,_ZN5neml212CopyVariableINS_6ScalarEE9set_valueEbbb
FNDA:0,_ZN5neml212CopyVariableINS_10QuaternionEEC2ERKNS_9OptionSetE
FNDA:0,_ZN5neml212CopyVariableINS_5SFFR4EE9set_valueEbbb
FNDA:6,_ZN5neml212CopyVariableINS_4SWR4EE16expected_optionsEv
FNDA:0,_ZN5neml212CopyVariableINS_5SSFR5EEC2ERKNS_9OptionSetE
FNDA:0,_ZN5neml212CopyVariableINS_11MillerIndexEE9set_valueEbbb
FNDA:0,_ZN5neml212CopyVariableINS_5SFFR4EEC2ERKNS_9OptionSetE
FNDA:6,_ZN5neml212CopyVariableINS_3SR2EE16expected_optionsEv
FNDA:0,_ZN5neml212CopyVariableINS_2R2EEC2ERKNS_9OptionSetE
FNDA:6,_ZN5neml212CopyVariableINS_3WR2EE16expected_optionsEv
FNDA:6,_ZN5neml212CopyVariableINS_5SFFR4EE16expected_optionsEv
FNDA:0,_ZN5neml212CopyVariableINS_4WSR4EE9set_valueEbbb
FNDA:3,_ZN5neml212CopyVariableINS_6ScalarEEC2ERKNS_9OptionSetE
FNDA:171,_ZN5neml212CopyVariableINS_3SR2EE9set_valueEbbb
FNDA:0,_ZN5neml212CopyVariableINS_4SSR4EE9set_valueEbbb
FNDA:0,_ZN5neml212CopyVariableINS_2R4EE9set_valueEbbb
FNDA:0,_ZN5neml212CopyVariableINS_2R4EEC2ERKNS_9OptionSetE
FNDA:0,_ZN5neml212CopyVariableINS_3VecEEC2ERKNS_9OptionSetE
FNDA:0,_ZN5neml212CopyVariableINS_2R5EE9set_valueEbbb
FNDA:6,_ZN5neml212CopyVariableINS_4SSR4EE16expected_optionsEv
FNDA:0,_ZN5neml212CopyVariableINS_4SWR4EE9set_valueEbbb
FNDA:0,_ZN5neml212CopyVariableINS_3WR2EEC2ERKNS_9OptionSetE
FNDA:0,_ZN5neml212CopyVariableINS_4WWR4EEC2ERKNS_9OptionSetE
FNDA:0,_ZN5neml212CopyVariableINS_10QuaternionEE9set_valueEbbb
FNDA:6,_ZN5neml212CopyVariableINS_10QuaternionEE16expected_optionsEv
FNDA:0,_ZN5neml212CopyVariableINS_5SSFR5EE9set_valueEbbb
FNDA:0,_ZN5neml212CopyVariableINS_3VecEE9set_valueEbbb
FNDA:6,_ZN5neml212CopyVariableINS_3RotEE16expected_optionsEv
FNDA:0,_ZN5neml212CopyVariableINS_4SFR3EE9set_valueEbbb
FNDA:0,_ZN5neml212CopyVariableINS_3WR2EE9set_valueEbbb
FNDA:0,_ZN5neml212CopyVariableINS_2R3EEC2ERKNS_9OptionSetE
FNDA:6,_ZN5neml212CopyVariableINS_4SFR3EE16expected_optionsEv
FNF:54
FNH:21
DA:34,108
DA:36,108
DA:37,108
DA:39,108
DA:40,108
DA:42,108
DA:43,108
DA:45,108
DA:46,0
DA:49,4
DA:51,4
DA:52,8
DA:54,4
DA:58,171
DA:60,171
DA:61,171
DA:63,171
DA:64,171
DA:65,81
DA:71,171
LF:20
LH:19
end_of_record
TN:
SF:/home/runner/work/neml2/neml2/src/neml2/models/Data.cxx
FN:30,_ZN5neml24Data16expected_optionsEv
FN:37,_ZN5neml24DataC2ERKNS_9OptionSetE
FNDA:733,_ZN5neml24Data16expected_optionsEv
FNDA:353,_ZN5neml24DataC2ERKNS_9OptionSetE
FNF:2
FNH:2
DA:30,733
DA:32,733
DA:33,733
DA:34,733
DA:35,0
DA:37,353
DA:39,353
DA:41,353
LF:8
LH:7
end_of_record
TN:
SF:/home/runner/work/neml2/neml2/src/neml2/models/ForwardEulerTimeIntegration.cxx
FN:36,_ZN5neml227ForwardEulerTimeIntegrationINS_6ScalarEE16expected_optionsEv
FN:36,_ZN5neml227ForwardEulerTimeIntegrationINS_3VecEE16expected_optionsEv
FN:36,_ZN5neml227ForwardEulerTimeIntegrationINS_3SR2EE16expected_optionsEv
FN:58,_ZN5neml227ForwardEulerTimeIntegrationINS_3VecEEC2ERKNS_9OptionSetE
FN:58,_ZN5neml227ForwardEulerTimeIntegrationINS_6ScalarEEC2ERKNS_9OptionSetE
FN:58,_ZN5neml227ForwardEulerTimeIntegrationINS_3SR2EEC2ERKNS_9OptionSetE
FN:72,_ZNK5neml227ForwardEulerTimeIntegrationINS_6ScalarEE8diagnoseERSt6vectorINS_9DiagnosisESaIS4_EE
FN:72,_ZNK5neml227ForwardEulerTimeIntegrationINS_3SR2EE8diagnoseERSt6vectorINS_9DiagnosisESaIS4_EE
FN:72,_ZNK5neml227ForwardEulerTimeIntegrationINS_3VecEE8diagnoseERSt6vectorINS_9DiagnosisESaIS4_EE
FN:82,_ZN5neml227ForwardEulerTimeIntegrationINS_3SR2EE9set_valueEbbb
FN:82,_ZN5neml227ForwardEulerTimeIntegrationINS_6ScalarEE9set_valueEbbb
FN:82,_ZN5neml227ForwardEulerTimeIntegrationINS_3VecEE9set_valueEbbb
FNDA:0,_ZN5neml227ForwardEulerTimeIntegrationINS_3VecEEC2ERKNS_9OptionSetE
FNDA:6,_ZN5neml227ForwardEulerTimeIntegrationINS_3VecEE16expected_optionsEv
FNDA:3,_ZN5neml227ForwardEulerTimeIntegrationINS_3SR2EEC2ERKNS_9OptionSetE
FNDA:6,_ZN5neml227ForwardEulerTimeIntegrationINS_3SR2EE16expected_optionsEv
FNDA:0,_ZN5neml227ForwardEulerTimeIntegrationINS_3VecEE9set_valueEbbb
FNDA:0,_ZNK5neml227ForwardEulerTimeIntegrationINS_3VecEE8diagnoseERSt6vectorINS_9DiagnosisESaIS4_EE
FNDA:1,_ZN5neml227ForwardEulerTimeIntegrationINS_6ScalarEEC2ERKNS_9OptionSetE
FNDA:0,_ZNK5neml227ForwardEulerTimeIntegrationINS_6ScalarEE8diagnoseERSt6vectorINS_9DiagnosisESaIS4_EE
FNDA:27,_ZN5neml227ForwardEulerTimeIntegrationINS_3SR2EE9set_valueEbbb
FNDA:6,_ZN5neml227ForwardEulerTimeIntegrationINS_6ScalarEE16expected_optionsEv
FNDA:10,_ZN5neml227ForwardEulerTimeIntegrationINS_6ScalarEE9set_valueEbbb
FNDA:3,_ZNK5neml227ForwardEulerTimeIntegrationINS_3SR2EE8diagnoseERSt6vectorINS_9DiagnosisESaIS4_EE
FNF:12
FNH:8
DA:36,18
DA:38,18
DA:39,18
DA:45,18
DA:46,18
DA:48,18
DA:49,18
DA:51,18
DA:52,18
DA:54,18
DA:55,0
DA:58,4
DA:60,4
DA:61,4
DA:62,8
DA:63,8
DA:64,4
DA:65,4
DA:66,8
DA:68,4
DA:72,3
DA:74,3
DA:75,3
DA:76,3
DA:77,3
DA:78,3
DA:82,37
DA:84,37
DA:86,37
DA:87,36
DA:89,37
DA:91,1
DA:93,1
DA:95,1
DA:96,0
DA:98,1
DA:99,1
DA:100,1
DA:101,1
LF:39
LH:37
end_of_record
TN:
SF:/home/runner/work/neml2/neml2/src/neml2/models/ImplicitUpdate.cxx
FN:35,_ZN5neml214ImplicitUpdate16expected_optionsEv
FN:51,_ZN5neml214ImplicitUpdateC2ERKNS_9OptionSetE
FN:73,_ZNK5neml214ImplicitUpdate8diagnoseERSt6vectorINS_9DiagnosisESaIS2_EE
FN:99,_ZN5neml214ImplicitUpdate21link_output_variablesEv
FN:107,_ZN5neml214ImplicitUpdate9set_valueEbbb
FNDA:5,_ZNK5neml214ImplicitUpdate8diagnoseERSt6vectorINS_9DiagnosisESaIS2_EE
FNDA:152,_ZN5neml214ImplicitUpdate9set_valueEbbb
FNDA:8,_ZN5neml214ImplicitUpdateC2ERKNS_9OptionSetE
FNDA:6,_ZN5neml214ImplicitUpdate16expected_optionsEv
FNDA:8,_ZN5neml214ImplicitUpdate21link_output_variablesEv
FNF:5
FNH:5
DA:35,6
DA:37,6
DA:38,6
DA:39,6
DA:41,6
DA:42,12
DA:43,6
DA:45,6
DA:46,6
DA:48,6
DA:49,0
DA:51,8
DA:53,8
DA:55,16
DA:57,8
DA:59,8
DA:61,8
DA:68,27
DA:69,19
DA:70,8
DA:73,5
DA:75,5
DA:76,10
DA:77,5
DA:79,5
DA:80,5
DA:81,5
DA:83,5
DA:84,10
DA:85,5
DA:87,5
DA:88,15
DA:90,5
DA:93,5
DA:95,5
DA:96,5
DA:99,8
DA:101,8
DA:102,27
DA:103,19
DA:104,8
DA:107,152
DA:109,152
DA:112,152
DA:113,304
DA:118,152
DA:121,152
DA:123,152
DA:124,152
DA:125,152
DA:126,152
DA:128,152
DA:140,151
DA:141,0
DA:145,152
DA:148,2
DA:149,2
DA:150,2
DA:151,4
DA:152,2
DA:155,2
DA:158,10
DA:160,8
DA:161,2
DA:163,6
DA:164,6
DA:165,12
DA:167,2
DA:168,152
LF:69
LH:67
end_of_record
TN:
SF:/home/runner/work/neml2/neml2/src/neml2/models/InputParameter.cxx
FN:34,_ZN5neml214InputParameterINS_3RotEE16expected_optionsEv
FN:34,_ZN5neml214InputParameterINS_11MillerIndexEE16expected_optionsEv
FN:34,_ZN5neml214InputParameterINS_2R5EE16expected_optionsEv
FN:34,_ZN5neml214InputParameterINS_4SFR3EE16expected_optionsEv
FN:34,_ZN5neml214InputParameterINS_4SWR4EE16expected_optionsEv
FN:34,_ZN5neml214InputParameterINS_4WSR4EE16expected_optionsEv
FN:34,_ZN5neml214InputParameterINS_5SSFR5EE16expected_optionsEv
FN:34,_ZN5neml214InputParameterINS_3SR2EE16expected_optionsEv
FN:34,_ZN5neml214InputParameterINS_3VecEE16expected_optionsEv
FN:34,_ZN5neml214InputParameterINS_4WWR4EE16expected_optionsEv
FN:34,_ZN5neml214InputParameterINS_10QuaternionEE16expected_optionsEv
FN:34,_ZN5neml214InputParameterINS_2R3EE16expected_optionsEv
FN:34,_ZN5neml214InputParameterINS_6ScalarEE16expected_optionsEv
FN:34,_ZN5neml214InputParameterINS_4SSR4EE16expected_optionsEv
FN:34,_ZN5neml214InputParameterINS_2R2EE16expected_optionsEv
FN:34,_ZN5neml214InputParameterINS_3WR2EE16expected_optionsEv
FN:34,_ZN5neml214InputParameterINS_2R4EE16expected_optionsEv
FN:34,_ZN5neml214InputParameterINS_5SFFR4EE16expected_optionsEv
FN:45,_ZN5neml214InputParameterINS_10QuaternionEEC2ERKNS_9OptionSetE
FN:45,_ZN5neml214InputParameterINS_4SSR4EEC2ERKNS_9OptionSetE
FN:45,_ZN5neml214InputParameterINS_2R5EEC2ERKNS_9OptionSetE
FN:45,_ZN5neml214InputParameterINS_5SFFR4EEC2ERKNS_9OptionSetE
FN:45,_ZN5neml214InputParameterINS_3RotEEC2ERKNS_9OptionSetE
FN:45,_ZN5neml214InputParameterINS_4SWR4EEC2ERKNS_9OptionSetE
FN:45,_ZN5neml214InputParameterINS_4WWR4EEC2ERKNS_9OptionSetE
FN:45,_ZN5neml214InputParameterINS_5SSFR5EEC2ERKNS_9OptionSetE
FN:45,_ZN5neml214InputParameterINS_11MillerIndexEEC2ERKNS_9OptionSetE
FN:45,_ZN5neml214InputParameterINS_3VecEEC2ERKNS_9OptionSetE
FN:45,_ZN5neml214InputParameterINS_2R3EEC2ERKNS_9OptionSetE
FN:45,_ZN5neml214InputParameterINS_4SFR3EEC2ERKNS_9OptionSetE
FN:45,_ZN5neml214InputParameterINS_2R4EEC2ERKNS_9OptionSetE
FN:45,_ZN5neml214InputParameterINS_6ScalarEEC2ERKNS_9OptionSetE
FN:45,_ZN5neml214InputParameterINS_2R2EEC2ERKNS_9OptionSetE
FN:45,_ZN5neml214InputParameterINS_3SR2EEC2ERKNS_9OptionSetE
FN:45,_ZN5neml214InputParameterINS_3WR2EEC2ERKNS_9OptionSetE
FN:45,_ZN5neml214InputParameterINS_4WSR4EEC2ERKNS_9OptionSetE
FN:58,_ZN5neml214InputParameterINS_4SSR4EE9set_valueEbbb
FN:58,_ZN5neml214InputParameterINS_10QuaternionEE9set_valueEbbb
FN:58,_ZN5neml214InputParameterINS_2R2EE9set_valueEbbb
FN:58,_ZN5neml214InputParameterINS_5SSFR5EE9set_valueEbbb
FN:58,_ZN5neml214InputParameterINS_5SFFR4EE9set_valueEbbb
FN:58,_ZN5neml214InputParameterINS_2R4EE9set_valueEbbb
FN:58,_ZN5neml214InputParameterINS_11MillerIndexEE9set_valueEbbb
FN:58,_ZN5neml214InputParameterINS_3WR2EE9set_valueEbbb
FN:58,_ZN5neml214InputParameterINS_4SFR3EE9set_valueEbbb
FN:58,_ZN5neml214InputParameterINS_4WWR4EE9set_valueEbbb
FN:58,_ZN5neml214InputParameterINS_2R5EE9set_valueEbbb
FN:58,_ZN5neml214InputParameterINS_3SR2EE9set_valueEbbb
FN:58,_ZN5neml214InputParameterINS_4SWR4EE9set_valueEbbb
FN:58,_ZN5neml214InputParameterINS_6ScalarEE9set_valueEbbb
FN:58,_ZN5neml214InputParameterINS_3RotEE9set_valueEbbb
FN:58,_ZN5neml214InputParameterINS_2R3EE9set_valueEbbb
FN:58,_ZN5neml214InputParameterINS_3VecEE9set_valueEbbb
FN:58,_ZN5neml214InputParameterINS_4WSR4EE9set_valueEbbb
FNDA:6,_ZN5neml214InputParameterINS_5SFFR4EE16expected_optionsEv
FNDA:1149,_ZN5neml214InputParameterINS_6ScalarEE9set_valueEbbb
FNDA:0,_ZN5neml214InputParameterINS_3RotEE9set_valueEbbb
FNDA:0,_ZN5neml214InputParameterINS_3WR2EEC2ERKNS_9OptionSetE
FNDA:0,_ZN5neml214InputParameterINS_4WSR4EE9set_valueEbbb
FNDA:0,_ZN5neml214InputParameterINS_3VecEE9set_valueEbbb
FNDA:0,_ZN5neml214InputParameterINS_2R3EE9set_valueEbbb
FNDA:0,_ZN5neml214InputParameterINS_4WSR4EEC2ERKNS_9OptionSetE
FNDA:6,_ZN5neml214InputParameterINS_2R2EE16expected_optionsEv
FNDA:0,_ZN5neml214InputParameterINS_2R5EE9set_valueEbbb
FNDA:0,_ZN5neml214InputParameterINS_3SR2EE9set_valueEbbb
FNDA:0,_ZN5neml214InputParameterINS_4SWR4EE9set_valueEbbb
FNDA:6,_ZN5neml214InputParameterINS_3WR2EE16expected_optionsEv
FNDA:0,_ZN5neml214InputParameterINS_3SR2EEC2ERKNS_9OptionSetE
FNDA:6,_ZN5neml214InputParameterINS_2R4EE16expected_optionsEv
FNDA:0,_ZN5neml214InputParameterINS_4SFR3EE9set_valueEbbb
FNDA:0,_ZN5neml214InputParameterINS_4SFR3EEC2ERKNS_9OptionSetE
FNDA:0,_ZN5neml214InputParameterINS_4WWR4EE9set_valueEbbb
FNDA:0,_ZN5neml214InputParameterINS_2R4EEC2ERKNS_9OptionSetE
FNDA:0,_ZN5neml214InputParameterINS_2R2EEC2ERKNS_9OptionSetE
FNDA:6,_ZN5neml214InputParameterINS_4SSR4EE16expected_optionsEv
FNDA:35,_ZN5neml214InputParameterINS_6ScalarEEC2ERKNS_9OptionSetE
FNDA:0,_ZN5neml214InputParameterINS_2R4EE9set_valueEbbb
FNDA:6,_ZN5neml214InputParameterINS_10QuaternionEE16expected_optionsEv
FNDA:0,_ZN5neml214InputParameterINS_3VecEEC2ERKNS_9OptionSetE
FNDA:0,_ZN5neml214InputParameterINS_11MillerIndexEE9set_valueEbbb
FNDA:6,_ZN5neml214InputParameterINS_2R3EE16expected_optionsEv
FNDA:0,_ZN5neml214InputParameterINS_3WR2EE9set_valueEbbb
FNDA:0,_ZN5neml214InputParameterINS_2R3EEC2ERKNS_9OptionSetE
FNDA:6,_ZN5neml214InputParameterINS_6ScalarEE16expected_optionsEv
FNDA:6,_ZN5neml214InputParameterINS_5SSFR5EE16expected_optionsEv
FNDA:0,_ZN5neml214InputParameterINS_4WWR4EEC2ERKNS_9OptionSetE
FNDA:0,_ZN5neml214InputParameterINS_5SFFR4EE9set_valueEbbb
FNDA:6,_ZN5neml214InputParameterINS_3VecEE16expected_optionsEv
FNDA:0,_ZN5neml214InputParameterINS_5SSFR5EEC2ERKNS_9OptionSetE
FNDA:6,_ZN5neml214InputParameterINS_3SR2EE16expected_optionsEv
FNDA:0,_ZN5neml214InputParameterINS_11MillerIndexEEC2ERKNS_9OptionSetE
FNDA:6,_ZN5neml214InputParameterINS_4WWR4EE16expected_optionsEv
FNDA:6,_ZN5neml214InputParameterINS_4SFR3EE16expected_optionsEv
FNDA:0,_ZN5neml214InputParameterINS_4SWR4EEC2ERKNS_9OptionSetE
FNDA:0,_ZN5neml214InputParameterINS_3RotEEC2ERKNS_9OptionSetE
FNDA:0,_ZN5neml214InputParameterINS_5SSFR5EE9set_valueEbbb
FNDA:6,_ZN5neml214InputParameterINS_4SWR4EE16expected_optionsEv
FNDA:6,_ZN5neml214InputParameterINS_4WSR4EE16expected_optionsEv
FNDA:0,_ZN5neml214InputParameterINS_2R2EE9set_valueEbbb
FNDA:0,_ZN5neml214InputParameterINS_2R5EEC2ERKNS_9OptionSetE
FNDA:0,_ZN5neml214InputParameterINS_5SFFR4EEC2ERKNS_9OptionSetE
FNDA:0,_ZN5neml214InputParameterINS_4SSR4EE9set_valueEbbb
FNDA:0,_ZN5neml214InputParameterINS_4SSR4EEC2ERKNS_9OptionSetE
FNDA:0,_ZN5neml214InputParameterINS_10QuaternionEEC2ERKNS_9OptionSetE
FNDA:6,_ZN5neml214InputParameterINS_3RotEE16expected_optionsEv
FNDA:6,_ZN5neml214InputParameterINS_2R5EE16expected_optionsEv
FNDA:6,_ZN5neml214InputParameterINS_11MillerIndexEE16expected_optionsEv
FNDA:0,_ZN5neml214InputParameterINS_10QuaternionEE9set_valueEbbb
FNF:54
FNH:20
DA:34,108
DA:36,108
DA:37,108
DA:39,108
DA:40,108
DA:41,108
DA:42,0
DA:45,35
DA:47,35
DA:49,35
DA:52,35
DA:54,35
DA:58,1149
DA:60,1149
DA:61,1149
DA:63,1149
DA:64,725
DA:65,725
DA:69,1149
LF:19
LH:18
end_of_record
TN:
SF:/home/runner/work/neml2/neml2/src/neml2/models/LabeledAxis.cxx
FN:29,_ZN5neml211LabeledAxisC2ERKNS_19LabeledAxisAccessorE
FN:35,_ZNK5neml211LabeledAxis7qualifyERKNS_19LabeledAxisAccessorE
FN:41,_ZN5neml211LabeledAxis11add_subaxisERKSs
FN:54,_ZN5neml211LabeledAxis12add_variableERKNS_19LabeledAxisAccessorEl
FN:72,_ZN5neml211LabeledAxis12setup_layoutEv
FN:132,_ZNK5neml211LabeledAxis4sizeEv
FN:148,_ZNK5neml211LabeledAxis4sizeERKNS_19LabeledAxisAccessorE
FN:179,_ZNK5neml211LabeledAxis5sliceERKNS_19LabeledAxisAccessorE
FN:198,_ZNK5neml211LabeledAxis9nvariableEv
FN:212,_ZNK5neml211LabeledAxis12has_variableERKNS_19LabeledAxisAccessorE
FN:230,_ZNK5neml211LabeledAxis11variable_idERKNS_19LabeledAxisAccessorE
FN:244,_ZNK5neml211LabeledAxis14variable_namesEv
FN:251,_ZNK5neml211LabeledAxis15variable_slicesEv
FN:258,_ZNK5neml211LabeledAxis14variable_sliceERKNS_19LabeledAxisAccessorE
FN:265,_ZNK5neml211LabeledAxis14variable_sizesEv
FN:272,_ZNK5neml211LabeledAxis13variable_sizeERKNS_19LabeledAxisAccessorE
FN:294,_ZNK5neml211LabeledAxis8nsubaxisEv
FN:300,_ZNK5neml211LabeledAxis11has_subaxisERKNS_19LabeledAxisAccessorE
FN:313,_ZNK5neml211LabeledAxis10subaxis_idERKSs
FN:326,_ZNK5neml211LabeledAxis7subaxesEv
FN:333,_ZNK5neml211LabeledAxis7subaxisERKNS_19LabeledAxisAccessorE
FN:348,_ZN5neml211LabeledAxis7subaxisERKNS_19LabeledAxisAccessorE
FN:354,_ZNK5neml211LabeledAxis13subaxis_namesEv
FN:361,_ZNK5neml211LabeledAxis14subaxis_slicesEv
FN:368,_ZNK5neml211LabeledAxis13subaxis_sliceERKNS_19LabeledAxisAccessorE
FN:386,_ZNK5neml211LabeledAxis13subaxis_sizesEv
FN:393,_ZNK5neml211LabeledAxis12subaxis_sizeERKNS_19LabeledAxisAccessorE
FN:406,_ZNK5neml211LabeledAxis6equalsERKS0_
FN:430,_ZN5neml211LabeledAxis22cache_reserved_subaxisERKSs
FN:447,_ZNK5neml211LabeledAxis16ensure_setup_dbgEv
FN:453,_ZN5neml2lsERSoRKNS_11LabeledAxisE
FN:483,_ZN5neml2eqERKNS_11LabeledAxisES2_
FN:489,_ZN5neml2neERKNS_11LabeledAxisES2_
FNDA:17,_ZNK5neml211LabeledAxis10subaxis_idERKSs
FNDA:14,_ZNK5neml211LabeledAxis12subaxis_sizeERKNS_19LabeledAxisAccessorE
FNDA:6,_ZN5neml2eqERKNS_11LabeledAxisES2_
FNDA:1903,_ZN5neml211LabeledAxis12setup_layoutEv
FNDA:40,_ZNK5neml211LabeledAxis14variable_sliceERKNS_19LabeledAxisAccessorE
FNDA:53179,_ZNK5neml211LabeledAxis16ensure_setup_dbgEv
FNDA:7,_ZNK5neml211LabeledAxis13subaxis_namesEv
FNDA:7,_ZNK5neml211LabeledAxis13subaxis_sizesEv
FNDA:13,_ZNK5neml211LabeledAxis8nsubaxisEv
FNDA:109,_ZNK5neml211LabeledAxis11has_subaxisERKNS_19LabeledAxisAccessorE
FNDA:1304,_ZN5neml211LabeledAxis22cache_reserved_subaxisERKSs
FNDA:1278,_ZNK5neml211LabeledAxis4sizeEv
FNDA:88,_ZNK5neml211LabeledAxis11variable_idERKNS_19LabeledAxisAccessorE
FNDA:47187,_ZNK5neml211LabeledAxis14variable_sizesEv
FNDA:20669,_ZNK5neml211LabeledAxis7qualifyERKNS_19LabeledAxisAccessorE
FNDA:14,_ZNK5neml211LabeledAxis13subaxis_sliceERKNS_19LabeledAxisAccessorE
FNDA:5619,_ZN5neml211LabeledAxis7subaxisERKNS_19LabeledAxisAccessorE
FNDA:78,_ZNK5neml211LabeledAxis4sizeERKNS_19LabeledAxisAccessorE
FNDA:786,_ZNK5neml211LabeledAxis12has_variableERKNS_19LabeledAxisAccessorE
FNDA:1777,_ZN5neml211LabeledAxis11add_subaxisERKSs
FNDA:5771,_ZNK5neml211LabeledAxis14variable_namesEv
FNDA:2,_ZNK5neml211LabeledAxis7subaxesEv
FNDA:3,_ZNK5neml211LabeledAxis14subaxis_slicesEv
FNDA:16,_ZNK5neml211LabeledAxis15variable_slicesEv
FNDA:4,_ZN5neml2neERKNS_11LabeledAxisES2_
FNDA:3252,_ZN5neml211LabeledAxis12add_variableERKNS_19LabeledAxisAccessorEl
FNDA:13,_ZNK5neml211LabeledAxis9nvariableEv
FNDA:1777,_ZN5neml211LabeledAxisC2ERKNS_19LabeledAxisAccessorE
FNDA:10,_ZNK5neml211LabeledAxis6equalsERKS0_
FNDA:0,_ZN5neml2lsERSoRKNS_11LabeledAxisE
FNDA:27,_ZNK5neml211LabeledAxis5sliceERKNS_19LabeledAxisAccessorE
FNDA:62,_ZNK5neml211LabeledAxis13variable_sizeERKNS_19LabeledAxisAccessorE
FNDA:5716,_ZNK5neml211LabeledAxis7subaxisERKNS_19LabeledAxisAccessorE
FNF:33
FNH:32
DA:29,1777
DA:30,1777
DA:32,1777
DA:35,20669
DA:37,20669
DA:41,1777
DA:43,1777
DA:44,1777
DA:45,1777
DA:46,1777
DA:47,1777
DA:48,1777
DA:49,1304
DA:50,3554
DA:54,3252
DA:56,3252
DA:57,3252
DA:59,3252
DA:61,1601
DA:63,1601
DA:65,1601
DA:68,1651
DA:69,3252
DA:72,1903
DA:75,1903
DA:77,1903
DA:78,1903
DA:79,1903
DA:80,1903
DA:82,1903
DA:83,1903
DA:84,1903
DA:85,1903
DA:86,1903
DA:89,3336
DA:91,1433
DA:92,1433
DA:93,1433
DA:94,1433
DA:95,1433
DA:99,3144
DA:101,1241
DA:102,1241
DA:103,1241
DA:104,1241
DA:105,1241
DA:106,1241
DA:107,1241
DA:108,1241
DA:111,3102
DA:113,1861
DA:114,1861
DA:115,1861
DA:116,1861
DA:117,1861
DA:120,1861
DA:121,1861
DA:122,3722
DA:123,1861
DA:124,1861
DA:128,1903
DA:129,1903
DA:132,1278
DA:135,1278
DA:136,1255
DA:139,23
DA:140,69
DA:141,46
DA:142,32
DA:143,9
DA:144,23
DA:148,78
DA:150,78
DA:153,78
DA:155,46
DA:156,46
DA:157,36
DA:159,10
DA:160,10
DA:165,10
DA:169,32
DA:170,32
DA:175,32
DA:179,27
DA:181,27
DA:182,27
DA:185,27
DA:186,22
DA:189,5
DA:194,5
DA:198,13
DA:201,13
DA:202,4
DA:205,9
DA:206,14
DA:207,5
DA:208,9
DA:212,786
DA:214,786
DA:217,786
DA:218,203
DA:219,406
DA:222,583
DA:223,188
DA:225,395
DA:226,395
DA:230,88
DA:232,88
DA:233,88
DA:234,88
DA:235,88
DA:240,88
DA:244,5771
DA:246,5771
DA:247,5771
DA:251,16
DA:253,16
DA:254,16
DA:258,40
DA:260,40
DA:261,40
DA:265,47187
DA:267,47187
DA:268,47187
DA:272,62
DA:275,62
DA:276,30
DA:279,32
DA:281,18
DA:282,18
DA:283,18
DA:284,18
DA:287,14
DA:288,14
DA:289,14
DA:290,14
DA:294,13
DA:296,13
DA:300,109
DA:302,109
DA:304,109
DA:306,109
DA:307,105
DA:309,4
DA:313,17
DA:315,17
DA:316,17
DA:317,17
DA:322,17
DA:326,2
DA:328,2
DA:329,2
DA:333,5716
DA:335,5716
DA:337,5716
DA:338,5716
DA:339,5716
DA:341,5716
DA:342,5712
DA:344,4
DA:348,5619
DA:350,5619
DA:354,7
DA:356,7
DA:357,7
DA:361,3
DA:363,3
DA:364,3
DA:368,14
DA:370,14
DA:373,14
DA:374,10
DA:377,4
DA:378,4
DA:379,4
DA:380,4
DA:381,4
DA:382,4
DA:383,4
DA:386,7
DA:388,7
DA:389,7
DA:393,14
DA:395,14
DA:396,14
DA:397,14
DA:399,14
DA:400,10
DA:402,4
DA:406,10
DA:409,10
DA:410,2
DA:413,8
DA:414,0
DA:417,10
DA:419,2
DA:420,0
DA:422,2
DA:423,0
DA:426,8
DA:430,1304
DA:432,1304
DA:433,435
DA:434,869
DA:435,59
DA:436,810
DA:437,128
DA:438,682
DA:439,64
DA:440,618
DA:441,48
DA:442,570
DA:443,83
DA:444,1304
DA:447,53179
DA:449,53179
DA:450,53179
DA:453,0
DA:456,0
DA:459,0
DA:460,0
DA:462,0
DA:463,0
DA:464,0
DA:465,0
DA:468,0
DA:470,0
DA:471,0
DA:472,0
DA:473,0
DA:474,0
DA:475,0
DA:476,0
DA:479,0
DA:480,0
DA:483,6
DA:485,6
DA:489,4
DA:491,4
LF:239
LH:218
end_of_record
TN:
SF:/home/runner/work/neml2/neml2/src/neml2/models/LabeledAxisAccessor.cxx
FN:31,_ZNK5neml219LabeledAxisAccessorcvSt6vectorISsSaISsEEEv
FN:38,_ZNK5neml219LabeledAxisAccessor5emptyEv
FN:44,_ZNK5neml219LabeledAxisAccessor4sizeEv
FN:50,_ZNK5neml219LabeledAxisAccessorixEm
FN:56,_ZNK5neml219LabeledAxisAccessor11with_suffixERKSs
FN:64,_ZNK5neml219LabeledAxisAccessor6appendERKS0_
FN:70,_ZNK5neml219LabeledAxisAccessor7prependERKS0_
FN:78,_ZNK5neml219LabeledAxisAccessor5sliceEl
FN:87,_ZNK5neml219LabeledAxisAccessor5sliceEll
FN:98,_ZNK5neml219LabeledAxisAccessor7remountERKS0_m
FN:104,_ZNK5neml219LabeledAxisAccessor10start_withERKS0_
FN:110,_ZNK5neml219LabeledAxisAccessor3oldEv
FN:123,_ZNK5neml219LabeledAxisAccessor18validate_item_nameERKSs
FN:134,_ZN5neml2neERKNS_19LabeledAxisAccessorES2_
FN:140,_ZN5neml2eqERKNS_19LabeledAxisAccessorES2_
FN:146,_ZN5neml2ltERKNS_19LabeledAxisAccessorES2_
FN:152,_ZN5neml2lsERSoRKNS_19LabeledAxisAccessorE
FNDA:25252,_ZNK5neml219LabeledAxisAccessor7prependERKS0_
FNDA:88592,_ZNK5neml219LabeledAxisAccessor18validate_item_nameERKSs
FNDA:15517,_ZN5neml2eqERKNS_19LabeledAxisAccessorES2_
FNDA:82,_ZNK5neml219LabeledAxisAccessor11with_suffixERKSs
FNDA:6949,_ZN5neml2neERKNS_19LabeledAxisAccessorES2_
FNDA:128,_ZNK5neml219LabeledAxisAccessor7remountERKS0_m
FNDA:14620,_ZNK5neml219LabeledAxisAccessorixEm
FNDA:7852,_ZNK5neml219LabeledAxisAccessor10start_withERKS0_
FNDA:35431,_ZNK5neml219LabeledAxisAccessor4sizeEv
FNDA:81,_ZNK5neml219LabeledAxisAccessor3oldEv
FNDA:1778,_ZNK5neml219LabeledAxisAccessor6appendERKS0_
FNDA:7854,_ZNK5neml219LabeledAxisAccessor5sliceEll
FNDA:2073,_ZNK5neml219LabeledAxisAccessor5sliceEl
FNDA:10946,_ZNK5neml219LabeledAxisAccessor5emptyEv
FNDA:1,_ZNK5neml219LabeledAxisAccessorcvSt6vectorISsSaISsEEEv
FNDA:996,_ZN5neml2lsERSoRKNS_19LabeledAxisAccessorE
FNDA:768805,_ZN5neml2ltERKNS_19LabeledAxisAccessorES2_
FNF:17
FNH:17
DA:31,1
DA:33,1
DA:34,1
DA:38,10946
DA:40,10946
DA:44,35431
DA:46,35431
DA:50,14620
DA:52,14620
DA:56,82
DA:58,82
DA:59,82
DA:60,164
DA:61,82
DA:64,1778
DA:66,1778
DA:70,25252
DA:72,25252
DA:73,25252
DA:74,50504
DA:75,25252
DA:78,2073
DA:80,2073
DA:81,2073
DA:82,2073
DA:83,4146
DA:84,2073
DA:87,7854
DA:89,7854
DA:90,7854
DA:91,7854
DA:92,7854
DA:93,7854
DA:94,15708
DA:95,7854
DA:98,128
DA:100,256
DA:104,7852
DA:106,7852
DA:110,81
DA:113,81
DA:114,81
DA:115,35
DA:116,46
DA:117,46
DA:118,0
DA:119,0
DA:123,88592
DA:125,88592
DA:126,88592
DA:127,88592
DA:131,88591
DA:134,6949
DA:136,6949
DA:140,15517
DA:142,15517
DA:146,768805
DA:148,768805
DA:152,996
DA:154,2835
DA:156,1839
DA:157,1047
DA:158,1839
DA:160,996
LF:64
LH:62
end_of_record
TN:
SF:/home/runner/work/neml2/neml2/src/neml2/models/LinearCombination.cxx
FN:37,_ZN5neml217LinearCombinationINS_3VecEE16expected_optionsEv
FN:37,_ZN5neml217LinearCombinationINS_3SR2EE16expected_optionsEv
FN:37,_ZN5neml217LinearCombinationINS_6ScalarEE16expected_optionsEv
FN:66,_ZN5neml217LinearCombinationINS_3VecEEC2ERKNS_9OptionSetE
FN:66,_ZN5neml217LinearCombinationINS_3SR2EEC2ERKNS_9OptionSetE
FN:66,_ZN5neml217LinearCombinationINS_6ScalarEEC2ERKNS_9OptionSetE
FN:79,_ZNK5neml217LinearCombinationINS_6ScalarEE9make_coefERKNS_9OptionSetE
FN:79,_ZNK5neml217LinearCombinationINS_3VecEE9make_coefERKNS_9OptionSetE
FN:79,_ZNK5neml217LinearCombinationINS_3SR2EE9make_coefERKNS_9OptionSetE
FN:89,_ZN5neml217LinearCombinationINS_6ScalarEE9set_valueEbbb
FN:89,_ZN5neml217LinearCombinationINS_3SR2EE9set_valueEbbb
FN:89,_ZN5neml217LinearCombinationINS_3VecEE9set_valueEbbb
FNDA:102,_ZN5neml217LinearCombinationINS_6ScalarEE9set_valueEbbb
FNDA:7,_ZNK5neml217LinearCombinationINS_6ScalarEE9make_coefERKNS_9OptionSetE
FNDA:0,_ZNK5neml217LinearCombinationINS_3VecEE9make_coefERKNS_9OptionSetE
FNDA:0,_ZN5neml217LinearCombinationINS_3VecEEC2ERKNS_9OptionSetE
FNDA:6,_ZN5neml217LinearCombinationINS_3VecEE16expected_optionsEv
FNDA:6,_ZN5neml217LinearCombinationINS_3SR2EE16expected_optionsEv
FNDA:10,_ZN5neml217LinearCombinationINS_3SR2EEC2ERKNS_9OptionSetE
FNDA:7,_ZN5neml217LinearCombinationINS_6ScalarEEC2ERKNS_9OptionSetE
FNDA:8,_ZN5neml217LinearCombinationINS_6ScalarEE16expected_optionsEv
FNDA:0,_ZN5neml217LinearCombinationINS_3VecEE9set_valueEbbb
FNDA:1020,_ZN5neml217LinearCombinationINS_3SR2EE9set_valueEbbb
FNDA:10,_ZNK5neml217LinearCombinationINS_3SR2EE9make_coefERKNS_9OptionSetE
FNF:12
FNH:9
DA:37,20
DA:41,20
DA:43,20
DA:44,20
DA:48,20
DA:49,20
DA:51,20
DA:52,20
DA:54,40
DA:55,20
DA:57,20
DA:58,20
DA:62,40
DA:63,20
DA:66,17
DA:68,17
DA:69,17
DA:70,34
DA:71,51
DA:73,53
DA:74,36
DA:75,17
DA:79,17
DA:81,34
DA:82,17
DA:83,17
DA:84,34
DA:85,17
DA:89,1122
DA:91,1122
DA:93,1122
DA:95,1120
DA:96,3390
DA:97,2270
DA:100,1120
DA:101,3390
DA:102,2270
DA:104,1120
DA:105,1120
DA:107,1122
DA:109,1240
DA:110,1861
DA:111,1241
DA:112,3513
DA:113,620
DA:119,1122
LF:46
LH:46
end_of_record
TN:
SF:/home/runner/work/neml2/neml2/src/neml2/models/LinearInterpolation.cxx
FN:36,_ZN5neml219LinearInterpolationINS_6ScalarEE16expected_optionsEv
FN:36,_ZN5neml219LinearInterpolationINS_3VecEE16expected_optionsEv
FN:36,_ZN5neml219LinearInterpolationINS_3SR2EE16expected_optionsEv
FN:44,_ZN5neml219LinearInterpolationINS_3VecEEC2ERKNS_9OptionSetE
FN:44,_ZN5neml219LinearInterpolationINS_3SR2EEC2ERKNS_9OptionSetE
FN:44,_ZN5neml219LinearInterpolationINS_6ScalarEEC2ERKNS_9OptionSetE
FN:66,_ZN5neml219LinearInterpolationINS_3VecEE9set_valueEbbb
FN:66,_ZN5neml219LinearInterpolationINS_6ScalarEE9set_valueEbbb
FN:66,_ZN5neml219LinearInterpolationINS_3SR2EE9set_valueEbbb
FNDA:28,_ZN5neml219LinearInterpolationINS_3SR2EE9set_valueEbbb
FNDA:5,_ZN5neml219LinearInterpolationINS_6ScalarEEC2ERKNS_9OptionSetE
FNDA:58,_ZN5neml219LinearInterpolationINS_6ScalarEE9set_valueEbbb
FNDA:6,_ZN5neml219LinearInterpolationINS_3SR2EE16expected_optionsEv
FNDA:4,_ZN5neml219LinearInterpolationINS_3SR2EEC2ERKNS_9OptionSetE
FNDA:6,_ZN5neml219LinearInterpolationINS_3VecEE16expected_optionsEv
FNDA:0,_ZN5neml219LinearInterpolationINS_3VecEEC2ERKNS_9OptionSetE
FNDA:0,_ZN5neml219LinearInterpolationINS_3VecEE9set_valueEbbb
FNDA:6,_ZN5neml219LinearInterpolationINS_6ScalarEE16expected_optionsEv
FNF:9
FNH:7
DA:36,18
DA:38,18
DA:39,18
DA:40,18
DA:41,0
DA:44,9
DA:46,9
DA:47,9
DA:48,9
DA:49,36
DA:51,45
DA:53,36
DA:55,45
DA:57,36
DA:59,45
DA:60,9
DA:62,9
DA:66,86
DA:68,86
DA:69,172
DA:70,86
DA:71,86
DA:73,86
DA:75,54
DA:76,54
DA:77,54
DA:78,54
DA:80,86
DA:81,44
DA:82,44
DA:88,86
LF:31
LH:30
end_of_record
TN:
SF:/home/runner/work/neml2/neml2/src/neml2/models/Model.cxx
FN:33,_ZN5neml25Model16expected_optionsEv
[...]
FNDA:1,_ZNK5neml214LogspaceTensor4makeERKNS_9OptionSetE
FNDA:6,_ZN5neml214LogspaceTensor16expected_optionsEv
FNF:3
FNH:3
DA:33,6
DA:35,6
DA:36,6
DA:37,6
DA:39,6
DA:40,6
DA:42,6
DA:43,6
DA:45,6
DA:46,6
DA:48,6
DA:49,6
DA:51,6
DA:52,6
DA:54,6
DA:55,6
DA:57,6
DA:58,12
DA:59,6
DA:61,6
DA:62,0
DA:64,1
DA:66,1
DA:68,1
DA:71,1
DA:73,2
DA:74,2
DA:75,2
DA:76,7
DA:79,1
DA:80,1
DA:81,0
DA:84,2
DA:85,1
DA:86,0
DA:88,2
DA:89,1
LF:37
LH:34
end_of_record
TN:
SF:/home/runner/work/neml2/neml2/src/neml2/tensors/user_tensors/OnesPrimitiveTensor.cxx
FN:34,_ZN5neml219OnesPrimitiveTensorINS_4WSR4EE16expected_optionsEv
FN:34,_ZN5neml219OnesPrimitiveTensorINS_2R2EE16expected_optionsEv
FN:34,_ZN5neml219OnesPrimitiveTensorINS_4SFR3EE16expected_optionsEv
FN:34,_ZN5neml219OnesPrimitiveTensorINS_5SFFR4EE16expected_optionsEv
FN:34,_ZN5neml219OnesPrimitiveTensorINS_3RotEE16expected_optionsEv
FN:34,_ZN5neml219OnesPrimitiveTensorINS_4WWR4EE16expected_optionsEv
FN:34,_ZN5neml219OnesPrimitiveTensorINS_3SR2EE16expected_optionsEv
FN:34,_ZN5neml219OnesPrimitiveTensorINS_2R3EE16expected_optionsEv
FN:34,_ZN5neml219OnesPrimitiveTensorINS_5SSFR5EE16expected_optionsEv
FN:34,_ZN5neml219OnesPrimitiveTensorINS_4SWR4EE16expected_optionsEv
FN:34,_ZN5neml219OnesPrimitiveTensorINS_2R4EE16expected_optionsEv
FN:34,_ZN5neml219OnesPrimitiveTensorINS_2R5EE16expected_optionsEv
FN:34,_ZN5neml219OnesPrimitiveTensorINS_11MillerIndexEE16expected_optionsEv
FN:34,_ZN5neml219OnesPrimitiveTensorINS_4SSR4EE16expected_optionsEv
FN:34,_ZN5neml219OnesPrimitiveTensorINS_6ScalarEE16expected_optionsEv
FN:34,_ZN5neml219OnesPrimitiveTensorINS_10QuaternionEE16expected_optionsEv
FN:34,_ZN5neml219OnesPrimitiveTensorINS_3VecEE16expected_optionsEv
FN:34,_ZN5neml219OnesPrimitiveTensorINS_3WR2EE16expected_optionsEv
FN:50,_ZN5neml219OnesPrimitiveTensorINS_5SFFR4EEC2ERKNS_9OptionSetE
FN:50,_ZN5neml219OnesPrimitiveTensorINS_5SSFR5EEC2ERKNS_9OptionSetE
FN:50,_ZN5neml219OnesPrimitiveTensorINS_4SSR4EEC2ERKNS_9OptionSetE
FN:50,_ZN5neml219OnesPrimitiveTensorINS_2R2EEC2ERKNS_9OptionSetE
FN:50,_ZN5neml219OnesPrimitiveTensorINS_6ScalarEEC2ERKNS_9OptionSetE
FN:50,_ZN5neml219OnesPrimitiveTensorINS_3WR2EEC2ERKNS_9OptionSetE
FN:50,_ZN5neml219OnesPrimitiveTensorINS_2R5EEC2ERKNS_9OptionSetE
FN:50,_ZN5neml219OnesPrimitiveTensorINS_4WWR4EEC2ERKNS_9OptionSetE
FN:50,_ZN5neml219OnesPrimitiveTensorINS_2R4EEC2ERKNS_9OptionSetE
FN:50,_ZN5neml219OnesPrimitiveTensorINS_2R3EEC2ERKNS_9OptionSetE
FN:50,_ZN5neml219OnesPrimitiveTensorINS_3RotEEC2ERKNS_9OptionSetE
FN:50,_ZN5neml219OnesPrimitiveTensorINS_11MillerIndexEEC2ERKNS_9OptionSetE
FN:50,_ZN5neml219OnesPrimitiveTensorINS_4WSR4EEC2ERKNS_9OptionSetE
FN:50,_ZN5neml219OnesPrimitiveTensorINS_3SR2EEC2ERKNS_9OptionSetE
FN:50,_ZN5neml219OnesPrimitiveTensorINS_10QuaternionEEC2ERKNS_9OptionSetE
FN:50,_ZN5neml219OnesPrimitiveTensorINS_3VecEEC2ERKNS_9OptionSetE
FN:50,_ZN5neml219OnesPrimitiveTensorINS_4SFR3EEC2ERKNS_9OptionSetE
FN:50,_ZN5neml219OnesPrimitiveTensorINS_4SWR4EEC2ERKNS_9OptionSetE
FNDA:0,_ZN5neml219OnesPrimitiveTensorINS_10QuaternionEEC2ERKNS_9OptionSetE
FNDA:6,_ZN5neml219OnesPrimitiveTensorINS_3VecEE16expected_optionsEv
FNDA:1,_ZN5neml219OnesPrimitiveTensorINS_3VecEEC2ERKNS_9OptionSetE
FNDA:6,_ZN5neml219OnesPrimitiveTensorINS_4SSR4EE16expected_optionsEv
FNDA:6,_ZN5neml219OnesPrimitiveTensorINS_6ScalarEE16expected_optionsEv
FNDA:6,_ZN5neml219OnesPrimitiveTensorINS_10QuaternionEE16expected_optionsEv
FNDA:6,_ZN5neml219OnesPrimitiveTensorINS_3WR2EE16expected_optionsEv
FNDA:1,_ZN5neml219OnesPrimitiveTensorINS_4SFR3EEC2ERKNS_9OptionSetE
FNDA:0,_ZN5neml219OnesPrimitiveTensorINS_4SWR4EEC2ERKNS_9OptionSetE
FNDA:0,_ZN5neml219OnesPrimitiveTensorINS_4WWR4EEC2ERKNS_9OptionSetE
FNDA:6,_ZN5neml219OnesPrimitiveTensorINS_4SWR4EE16expected_optionsEv
FNDA:1,_ZN5neml219OnesPrimitiveTensorINS_2R3EEC2ERKNS_9OptionSetE
FNDA:1,_ZN5neml219OnesPrimitiveTensorINS_3RotEEC2ERKNS_9OptionSetE
FNDA:1,_ZN5neml219OnesPrimitiveTensorINS_2R4EEC2ERKNS_9OptionSetE
FNDA:6,_ZN5neml219OnesPrimitiveTensorINS_5SSFR5EE16expected_optionsEv
FNDA:1,_ZN5neml219OnesPrimitiveTensorINS_2R5EEC2ERKNS_9OptionSetE
FNDA:0,_ZN5neml219OnesPrimitiveTensorINS_4WSR4EEC2ERKNS_9OptionSetE
FNDA:1,_ZN5neml219OnesPrimitiveTensorINS_3SR2EEC2ERKNS_9OptionSetE
FNDA:6,_ZN5neml219OnesPrimitiveTensorINS_11MillerIndexEE16expected_optionsEv
FNDA:0,_ZN5neml219OnesPrimitiveTensorINS_11MillerIndexEEC2ERKNS_9OptionSetE
FNDA:6,_ZN5neml219OnesPrimitiveTensorINS_2R4EE16expected_optionsEv
FNDA:6,_ZN5neml219OnesPrimitiveTensorINS_2R5EE16expected_optionsEv
FNDA:0,_ZN5neml219OnesPrimitiveTensorINS_3WR2EEC2ERKNS_9OptionSetE
FNDA:6,_ZN5neml219OnesPrimitiveTensorINS_5SFFR4EE16expected_optionsEv
FNDA:1,_ZN5neml219OnesPrimitiveTensorINS_6ScalarEEC2ERKNS_9OptionSetE
FNDA:6,_ZN5neml219OnesPrimitiveTensorINS_3SR2EE16expected_optionsEv
FNDA:6,_ZN5neml219OnesPrimitiveTensorINS_4WWR4EE16expected_optionsEv
FNDA:6,_ZN5neml219OnesPrimitiveTensorINS_2R3EE16expected_optionsEv
FNDA:6,_ZN5neml219OnesPrimitiveTensorINS_3RotEE16expected_optionsEv
FNDA:6,_ZN5neml219OnesPrimitiveTensorINS_4WSR4EE16expected_optionsEv
FNDA:6,_ZN5neml219OnesPrimitiveTensorINS_2R2EE16expected_optionsEv
FNDA:0,_ZN5neml219OnesPrimitiveTensorINS_5SFFR4EEC2ERKNS_9OptionSetE
FNDA:6,_ZN5neml219OnesPrimitiveTensorINS_4SFR3EE16expected_optionsEv
FNDA:1,_ZN5neml219OnesPrimitiveTensorINS_4SSR4EEC2ERKNS_9OptionSetE
FNDA:1,_ZN5neml219OnesPrimitiveTensorINS_5SSFR5EEC2ERKNS_9OptionSetE
FNDA:1,_ZN5neml219OnesPrimitiveTensorINS_2R2EEC2ERKNS_9OptionSetE
FNF:36
FNH:29
DA:34,108
DA:38,108
DA:40,108
DA:41,108
DA:43,108
DA:44,108
DA:46,216
DA:47,108
DA:50,11
DA:51,22
DA:52,22
DA:54,11
LF:12
LH:12
end_of_record
TN:
SF:/home/runner/work/neml2/neml2/src/neml2/tensors/user_tensors/OnesTensor.cxx
FN:32,_ZN5neml210OnesTensor16expected_optionsEv
FN:46,_ZN5neml210OnesTensorC2ERKNS_9OptionSetE
FNDA:6,_ZN5neml210OnesTensor16expected_optionsEv
FNDA:1,_ZN5neml210OnesTensorC2ERKNS_9OptionSetE
FNF:2
FNH:2
DA:32,6
DA:34,6
DA:35,6
DA:37,6
DA:38,6
DA:40,6
DA:41,6
DA:43,6
DA:44,0
DA:46,1
DA:47,2
DA:49,1
DA:50,3
DA:52,1
LF:14
LH:13
end_of_record
TN:
SF:/home/runner/work/neml2/neml2/src/neml2/tensors/user_tensors/Orientation.cxx
FN:35,_ZN5neml211Orientation16expected_optionsEv
FN:72,_ZN5neml211OrientationC2ERKNS_9OptionSetE
FN:79,_ZNK5neml211Orientation4fillERKNS_9OptionSetE
FN:106,_ZNK5neml211Orientation17fill_euler_anglesERKN2at6TensorESsSs
FN:162,_ZNK5neml211Orientation11fill_matrixERKNS_2R2E
FN:180,_ZNK5neml211Orientation14fill_rodriguesERKNS_6ScalarES3_S3_
FN:192,_ZNK5neml211Orientation11fill_randomEjl
FN:211,_ZNK5neml211Orientation16expand_as_neededERKNS_3RotEj
FNDA:6,_ZNK5neml211Orientation17fill_euler_anglesERKN2at6TensorESsSs
FNDA:0,_ZNK5neml211Orientation11fill_randomEjl
FNDA:6,_ZNK5neml211Orientation4fillERKNS_9OptionSetE
FNDA:6,_ZNK5neml211Orientation11fill_matrixERKNS_2R2E
FNDA:6,_ZN5neml211Orientation16expected_optionsEv
FNDA:6,_ZNK5neml211Orientation16expand_as_neededERKNS_3RotEj
FNDA:6,_ZN5neml211OrientationC2ERKNS_9OptionSetE
FNDA:6,_ZNK5neml211Orientation14fill_rodriguesERKNS_6ScalarES3_S3_
FNF:8
FNH:7
DA:35,6
DA:37,6
DA:39,6
DA:43,6
DA:45,6
DA:46,12
DA:47,6
DA:49,6
DA:50,6
DA:52,6
DA:53,6
DA:55,6
DA:56,6
DA:58,6
DA:59,12
DA:61,6
DA:63,6
DA:64,6
DA:66,6
DA:67,6
DA:69,6
DA:70,0
DA:72,6
DA:74,6
DA:76,6
DA:79,6
DA:81,12
DA:83,6
DA:84,6
DA:86,18
DA:87,6
DA:90,18
DA:92,0
DA:94,0
DA:97,0
DA:99,6
DA:100,0
DA:102,6
DA:103,6
DA:106,6
DA:110,6
DA:111,6
DA:113,6
DA:115,6
DA:116,3
DA:118,3
DA:121,6
DA:123,6
DA:124,8
DA:125,10
DA:126,6
DA:127,8
DA:129,4
DA:131,10
DA:134,2
DA:135,4
DA:138,6
DA:139,18
DA:140,18
DA:141,18
DA:143,24
DA:144,12
DA:145,24
DA:146,12
DA:147,24
DA:148,24
DA:149,12
DA:150,24
DA:151,12
DA:152,24
DA:153,24
DA:154,24
DA:155,24
DA:158,18
DA:159,6
DA:162,6
DA:165,60
DA:166,36
DA:167,12
DA:170,12
DA:171,12
DA:172,54
DA:173,54
DA:174,54
DA:176,12
DA:177,6
DA:180,6
DA:183,12
DA:184,12
DA:185,18
DA:188,36
DA:189,6
DA:192,0
DA:194,0
DA:195,0
DA:196,0
DA:197,0
DA:198,0
DA:200,0
DA:201,0
DA:202,0
DA:203,0
DA:205,0
DA:207,0
DA:208,0
DA:211,6
DA:213,6
DA:214,0
DA:216,6
LF:109
LH:90
end_of_record
TN:
SF:/home/runner/work/neml2/neml2/src/neml2/tensors/user_tensors/UserPrimitiveTensor.cxx
FN:34,_ZN5neml219UserPrimitiveTensorINS_4SFR3EE16expected_optionsEv
FN:34,_ZN5neml219UserPrimitiveTensorINS_4SSR4EE16expected_optionsEv
FN:34,_ZN5neml219UserPrimitiveTensorINS_6ScalarEE16expected_optionsEv
FN:34,_ZN5neml219UserPrimitiveTensorINS_2R3EE16expected_optionsEv
FN:34,_ZN5neml219UserPrimitiveTensorINS_10QuaternionEE16expected_optionsEv
FN:34,_ZN5neml219UserPrimitiveTensorINS_4WSR4EE16expected_optionsEv
FN:34,_ZN5neml219UserPrimitiveTensorINS_2R5EE16expected_optionsEv
FN:34,_ZN5neml219UserPrimitiveTensorINS_4WWR4EE16expected_optionsEv
FN:34,_ZN5neml219UserPrimitiveTensorINS_3VecEE16expected_optionsEv
FN:34,_ZN5neml219UserPrimitiveTensorINS_5SSFR5EE16expected_optionsEv
FN:34,_ZN5neml219UserPrimitiveTensorINS_3WR2EE16expected_optionsEv
FN:34,_ZN5neml219UserPrimitiveTensorINS_4SWR4EE16expected_optionsEv
FN:34,_ZN5neml219UserPrimitiveTensorINS_2R2EE16expected_optionsEv
FN:34,_ZN5neml219UserPrimitiveTensorINS_5SFFR4EE16expected_optionsEv
FN:34,_ZN5neml219UserPrimitiveTensorINS_11MillerIndexEE16expected_optionsEv
FN:34,_ZN5neml219UserPrimitiveTensorINS_3SR2EE16expected_optionsEv
FN:34,_ZN5neml219UserPrimitiveTensorINS_3RotEE16expected_optionsEv
FN:34,_ZN5neml219UserPrimitiveTensorINS_2R4EE16expected_optionsEv
FN:55,_ZN5neml219UserPrimitiveTensorINS_2R5EEC2ERKNS_9OptionSetE
FN:55,_ZN5neml219UserPrimitiveTensorINS_3RotEEC2ERKNS_9OptionSetE
FN:55,_ZN5neml219UserPrimitiveTensorINS_4SSR4EEC2ERKNS_9OptionSetE
FN:55,_ZN5neml219UserPrimitiveTensorINS_4SWR4EEC2ERKNS_9OptionSetE
FN:55,_ZN5neml219UserPrimitiveTensorINS_5SFFR4EEC2ERKNS_9OptionSetE
FN:55,_ZN5neml219UserPrimitiveTensorINS_3VecEEC2ERKNS_9OptionSetE
FN:55,_ZN5neml219UserPrimitiveTensorINS_3WR2EEC2ERKNS_9OptionSetE
FN:55,_ZN5neml219UserPrimitiveTensorINS_4WSR4EEC2ERKNS_9OptionSetE
FN:55,_ZN5neml219UserPrimitiveTensorINS_10QuaternionEEC2ERKNS_9OptionSetE
FN:55,_ZN5neml219UserPrimitiveTensorINS_2R3EEC2ERKNS_9OptionSetE
FN:55,_ZN5neml219UserPrimitiveTensorINS_2R4EEC2ERKNS_9OptionSetE
FN:55,_ZN5neml219UserPrimitiveTensorINS_11MillerIndexEEC2ERKNS_9OptionSetE
FN:55,_ZN5neml219UserPrimitiveTensorINS_2R2EEC2ERKNS_9OptionSetE
FN:55,_ZN5neml219UserPrimitiveTensorINS_4WWR4EEC2ERKNS_9OptionSetE
FN:55,_ZN5neml219UserPrimitiveTensorINS_4SFR3EEC2ERKNS_9OptionSetE
FN:55,_ZN5neml219UserPrimitiveTensorINS_6ScalarEEC2ERKNS_9OptionSetE
FN:55,_ZN5neml219UserPrimitiveTensorINS_5SSFR5EEC2ERKNS_9OptionSetE
FN:55,_ZN5neml219UserPrimitiveTensorINS_3SR2EEC2ERKNS_9OptionSetE
FNDA:6,_ZN5neml219UserPrimitiveTensorINS_3RotEE16expected_optionsEv
FNDA:6,_ZN5neml219UserPrimitiveTensorINS_3SR2EE16expected_optionsEv
FNDA:3,_ZN5neml219UserPrimitiveTensorINS_3SR2EEC2ERKNS_9OptionSetE
FNDA:6,_ZN5neml219UserPrimitiveTensorINS_2R4EE16expected_optionsEv
FNDA:1,_ZN5neml219UserPrimitiveTensorINS_5SSFR5EEC2ERKNS_9OptionSetE
FNDA:6,_ZN5neml219UserPrimitiveTensorINS_11MillerIndexEE16expected_optionsEv
FNDA:1,_ZN5neml219UserPrimitiveTensorINS_4SFR3EEC2ERKNS_9OptionSetE
FNDA:53,_ZN5neml219UserPrimitiveTensorINS_6ScalarEEC2ERKNS_9OptionSetE
FNDA:1,_ZN5neml219UserPrimitiveTensorINS_2R2EEC2ERKNS_9OptionSetE
FNDA:0,_ZN5neml219UserPrimitiveTensorINS_4WWR4EEC2ERKNS_9OptionSetE
FNDA:6,_ZN5neml219UserPrimitiveTensorINS_3WR2EE16expected_optionsEv
FNDA:6,_ZN5neml219UserPrimitiveTensorINS_4SWR4EE16expected_optionsEv
FNDA:6,_ZN5neml219UserPrimitiveTensorINS_2R2EE16expected_optionsEv
FNDA:6,_ZN5neml219UserPrimitiveTensorINS_5SFFR4EE16expected_optionsEv
FNDA:6,_ZN5neml219UserPrimitiveTensorINS_4WWR4EE16expected_optionsEv
FNDA:0,_ZN5neml219UserPrimitiveTensorINS_11MillerIndexEEC2ERKNS_9OptionSetE
FNDA:1,_ZN5neml219UserPrimitiveTensorINS_2R4EEC2ERKNS_9OptionSetE
FNDA:6,_ZN5neml219UserPrimitiveTensorINS_5SSFR5EE16expected_optionsEv
FNDA:6,_ZN5neml219UserPrimitiveTensorINS_3VecEE16expected_optionsEv
FNDA:6,_ZN5neml219UserPrimitiveTensorINS_4WSR4EE16expected_optionsEv
FNDA:1,_ZN5neml219UserPrimitiveTensorINS_2R3EEC2ERKNS_9OptionSetE
FNDA:6,_ZN5neml219UserPrimitiveTensorINS_2R5EE16expected_optionsEv
FNDA:0,_ZN5neml219UserPrimitiveTensorINS_3WR2EEC2ERKNS_9OptionSetE
FNDA:0,_ZN5neml219UserPrimitiveTensorINS_4WSR4EEC2ERKNS_9OptionSetE
FNDA:0,_ZN5neml219UserPrimitiveTensorINS_10QuaternionEEC2ERKNS_9OptionSetE
FNDA:6,_ZN5neml219UserPrimitiveTensorINS_2R3EE16expected_optionsEv
FNDA:6,_ZN5neml219UserPrimitiveTensorINS_6ScalarEE16expected_optionsEv
FNDA:6,_ZN5neml219UserPrimitiveTensorINS_10QuaternionEE16expected_optionsEv
FNDA:0,_ZN5neml219UserPrimitiveTensorINS_5SFFR4EEC2ERKNS_9OptionSetE
FNDA:6,_ZN5neml219UserPrimitiveTensorINS_4SFR3EE16expected_optionsEv
FNDA:23,_ZN5neml219UserPrimitiveTensorINS_3VecEEC2ERKNS_9OptionSetE
FNDA:1,_ZN5neml219UserPrimitiveTensorINS_4SSR4EEC2ERKNS_9OptionSetE
FNDA:0,_ZN5neml219UserPrimitiveTensorINS_4SWR4EEC2ERKNS_9OptionSetE
FNDA:6,_ZN5neml219UserPrimitiveTensorINS_4SSR4EE16expected_optionsEv
FNDA:1,_ZN5neml219UserPrimitiveTensorINS_2R5EEC2ERKNS_9OptionSetE
FNDA:1,_ZN5neml219UserPrimitiveTensorINS_3RotEEC2ERKNS_9OptionSetE
FNF:36
FNH:29
DA:34,108
DA:38,108
DA:40,108
DA:41,108
DA:45,108
DA:46,108
DA:48,108
DA:49,108
DA:51,216
DA:52,108
DA:55,87
DA:56,174
DA:57,174
DA:59,174
DA:60,87
DA:61,87
DA:62,86
DA:63,44
DA:64,88
DA:66,0
DA:68,0
DA:70,0
DA:72,0
DA:73,87
LF:24
LH:20
end_of_record
TN:
SF:/home/runner/work/neml2/neml2/src/neml2/tensors/user_tensors/UserTensor.cxx
FN:32,_ZN5neml210UserTensor16expected_optionsEv
FN:50,_ZN5neml210UserTensorC2ERKNS_9OptionSetE
FNDA:10,_ZN5neml210UserTensorC2ERKNS_9OptionSetE
FNDA:6,_ZN5neml210UserTensor16expected_optionsEv
FNF:2
FNH:2
DA:32,6
DA:34,6
DA:35,6
DA:36,6
DA:38,6
DA:39,6
DA:41,6
DA:42,6
DA:44,6
DA:45,6
DA:47,6
DA:48,0
DA:50,10
DA:51,20
DA:53,10
DA:54,30
DA:56,20
DA:57,10
DA:58,10
DA:59,14
DA:60,3
DA:61,4
DA:63,1
DA:65,1
DA:67,2
DA:69,2
DA:70,13
LF:27
LH:26
end_of_record
TN:
SF:/home/runner/work/neml2/neml2/src/neml2/tensors/user_tensors/UserTensorBase.cxx
FN:30,_ZN5neml214UserTensorBase16expected_optionsEv
FN:37,_ZN5neml214UserTensorBaseC2ERKNS_9OptionSetE
FNDA:739,_ZN5neml214UserTensorBaseC2ERKNS_9OptionSetE
FNDA:846,_ZN5neml214UserTensorBase16expected_optionsEv
FNF:2
FNH:2
DA:30,846
DA:32,846
DA:33,846
DA:34,846
DA:35,0
DA:37,739
DA:38,739
DA:40,739
LF:8
LH:7
end_of_record
TN:
SF:/home/runner/work/neml2/neml2/src/neml2/tensors/user_tensors/ZerosPrimitiveTensor.cxx
FN:34,_ZN5neml220ZerosPrimitiveTensorINS_3WR2EE16expected_optionsEv
FN:34,_ZN5neml220ZerosPrimitiveTensorINS_2R5EE16expected_optionsEv
FN:34,_ZN5neml220ZerosPrimitiveTensorINS_2R3EE16expected_optionsEv
FN:34,_ZN5neml220ZerosPrimitiveTensorINS_11MillerIndexEE16expected_optionsEv
FN:34,_ZN5neml220ZerosPrimitiveTensorINS_5SSFR5EE16expected_optionsEv
FN:34,_ZN5neml220ZerosPrimitiveTensorINS_4SFR3EE16expected_optionsEv
FN:34,_ZN5neml220ZerosPrimitiveTensorINS_4SWR4EE16expected_optionsEv
FN:34,_ZN5neml220ZerosPrimitiveTensorINS_3SR2EE16expected_optionsEv
FN:34,_ZN5neml220ZerosPrimitiveTensorINS_3RotEE16expected_optionsEv
FN:34,_ZN5neml220ZerosPrimitiveTensorINS_5SFFR4EE16expected_optionsEv
FN:34,_ZN5neml220ZerosPrimitiveTensorINS_2R2EE16expected_optionsEv
FN:34,_ZN5neml220ZerosPrimitiveTensorINS_6ScalarEE16expected_optionsEv
FN:34,_ZN5neml220ZerosPrimitiveTensorINS_10QuaternionEE16expected_optionsEv
FN:34,_ZN5neml220ZerosPrimitiveTensorINS_4SSR4EE16expected_optionsEv
FN:34,_ZN5neml220ZerosPrimitiveTensorINS_4WSR4EE16expected_optionsEv
FN:34,_ZN5neml220ZerosPrimitiveTensorINS_3VecEE16expected_optionsEv
FN:34,_ZN5neml220ZerosPrimitiveTensorINS_2R4EE16expected_optionsEv
FN:34,_ZN5neml220ZerosPrimitiveTensorINS_4WWR4EE16expected_optionsEv
FN:50,_ZN5neml220ZerosPrimitiveTensorINS_11MillerIndexEEC2ERKNS_9OptionSetE
FN:50,_ZN5neml220ZerosPrimitiveTensorINS_3VecEEC2ERKNS_9OptionSetE
FN:50,_ZN5neml220ZerosPrimitiveTensorINS_5SFFR4EEC2ERKNS_9OptionSetE
FN:50,_ZN5neml220ZerosPrimitiveTensorINS_4WWR4EEC2ERKNS_9OptionSetE
FN:50,_ZN5neml220ZerosPrimitiveTensorINS_3SR2EEC2ERKNS_9OptionSetE
FN:50,_ZN5neml220ZerosPrimitiveTensorINS_4SSR4EEC2ERKNS_9OptionSetE
FN:50,_ZN5neml220ZerosPrimitiveTensorINS_2R4EEC2ERKNS_9OptionSetE
FN:50,_ZN5neml220ZerosPrimitiveTensorINS_2R2EEC2ERKNS_9OptionSetE
FN:50,_ZN5neml220ZerosPrimitiveTensorINS_2R3EEC2ERKNS_9OptionSetE
FN:50,_ZN5neml220ZerosPrimitiveTensorINS_4SWR4EEC2ERKNS_9OptionSetE
FN:50,_ZN5neml220ZerosPrimitiveTensorINS_5SSFR5EEC2ERKNS_9OptionSetE
FN:50,_ZN5neml220ZerosPrimitiveTensorINS_3WR2EEC2ERKNS_9OptionSetE
FN:50,_ZN5neml220ZerosPrimitiveTensorINS_3RotEEC2ERKNS_9OptionSetE
FN:50,_ZN5neml220ZerosPrimitiveTensorINS_10QuaternionEEC2ERKNS_9OptionSetE
FN:50,_ZN5neml220ZerosPrimitiveTensorINS_4SFR3EEC2ERKNS_9OptionSetE
FN:50,_ZN5neml220ZerosPrimitiveTensorINS_6ScalarEEC2ERKNS_9OptionSetE
FN:50,_ZN5neml220ZerosPrimitiveTensorINS_2R5EEC2ERKNS_9OptionSetE
FN:50,_ZN5neml220ZerosPrimitiveTensorINS_4WSR4EEC2ERKNS_9OptionSetE
FNDA:1,_ZN5neml220ZerosPrimitiveTensorINS_2R4EEC2ERKNS_9OptionSetE
FNDA:1,_ZN5neml220ZerosPrimitiveTensorINS_2R2EEC2ERKNS_9OptionSetE
FNDA:1,_ZN5neml220ZerosPrimitiveTensorINS_2R3EEC2ERKNS_9OptionSetE
FNDA:6,_ZN5neml220ZerosPrimitiveTensorINS_2R3EE16expected_optionsEv
FNDA:6,_ZN5neml220ZerosPrimitiveTensorINS_4SFR3EE16expected_optionsEv
FNDA:6,_ZN5neml220ZerosPrimitiveTensorINS_4SWR4EE16expected_optionsEv
FNDA:0,_ZN5neml220ZerosPrimitiveTensorINS_4SWR4EEC2ERKNS_9OptionSetE
FNDA:6,_ZN5neml220ZerosPrimitiveTensorINS_11MillerIndexEE16expected_optionsEv
FNDA:1,_ZN5neml220ZerosPrimitiveTensorINS_5SSFR5EEC2ERKNS_9OptionSetE
FNDA:6,_ZN5neml220ZerosPrimitiveTensorINS_5SSFR5EE16expected_optionsEv
FNDA:0,_ZN5neml220ZerosPrimitiveTensorINS_5SFFR4EEC2ERKNS_9OptionSetE
FNDA:6,_ZN5neml220ZerosPrimitiveTensorINS_3WR2EE16expected_optionsEv
FNDA:0,_ZN5neml220ZerosPrimitiveTensorINS_11MillerIndexEEC2ERKNS_9OptionSetE
FNDA:1,_ZN5neml220ZerosPrimitiveTensorINS_3VecEEC2ERKNS_9OptionSetE
FNDA:6,_ZN5neml220ZerosPrimitiveTensorINS_2R5EE16expected_optionsEv
FNDA:1,_ZN5neml220ZerosPrimitiveTensorINS_4SSR4EEC2ERKNS_9OptionSetE
FNDA:0,_ZN5neml220ZerosPrimitiveTensorINS_4WWR4EEC2ERKNS_9OptionSetE
FNDA:1,_ZN5neml220ZerosPrimitiveTensorINS_3SR2EEC2ERKNS_9OptionSetE
FNDA:0,_ZN5neml220ZerosPrimitiveTensorINS_4WSR4EEC2ERKNS_9OptionSetE
FNDA:1,_ZN5neml220ZerosPrimitiveTensorINS_2R5EEC2ERKNS_9OptionSetE
FNDA:1,_ZN5neml220ZerosPrimitiveTensorINS_6ScalarEEC2ERKNS_9OptionSetE
FNDA:6,_ZN5neml220ZerosPrimitiveTensorINS_10QuaternionEE16expected_optionsEv
FNDA:6,_ZN5neml220ZerosPrimitiveTensorINS_6ScalarEE16expected_optionsEv
FNDA:6,_ZN5neml220ZerosPrimitiveTensorINS_2R4EE16expected_optionsEv
FNDA:6,_ZN5neml220ZerosPrimitiveTensorINS_4WWR4EE16expected_optionsEv
FNDA:6,_ZN5neml220ZerosPrimitiveTensorINS_4SSR4EE16expected_optionsEv
FNDA:6,_ZN5neml220ZerosPrimitiveTensorINS_4WSR4EE16expected_optionsEv
FNDA:6,_ZN5neml220ZerosPrimitiveTensorINS_3VecEE16expected_optionsEv
FNDA:0,_ZN5neml220ZerosPrimitiveTensorINS_3WR2EEC2ERKNS_9OptionSetE
FNDA:6,_ZN5neml220ZerosPrimitiveTensorINS_3SR2EE16expected_optionsEv
FNDA:6,_ZN5neml220ZerosPrimitiveTensorINS_2R2EE16expected_optionsEv
FNDA:1,_ZN5neml220ZerosPrimitiveTensorINS_3RotEEC2ERKNS_9OptionSetE
FNDA:0,_ZN5neml220ZerosPrimitiveTensorINS_10QuaternionEEC2ERKNS_9OptionSetE
FNDA:1,_ZN5neml220ZerosPrimitiveTensorINS_4SFR3EEC2ERKNS_9OptionSetE
FNDA:6,_ZN5neml220ZerosPrimitiveTensorINS_3RotEE16expected_optionsEv
FNDA:6,_ZN5neml220ZerosPrimitiveTensorINS_5SFFR4EE16expected_optionsEv
FNF:36
FNH:29
DA:34,108
DA:38,108
DA:40,108
DA:41,108
DA:43,108
DA:44,108
DA:46,216
DA:47,108
DA:50,11
DA:51,22
DA:52,22
DA:54,11
LF:12
LH:12
end_of_record
TN:
SF:/home/runner/work/neml2/neml2/src/neml2/tensors/user_tensors/ZerosTensor.cxx
FN:32,_ZN5neml211ZerosTensor16expected_optionsEv
FN:46,_ZN5neml211ZerosTensorC2ERKNS_9OptionSetE
FNDA:6,_ZN5neml211ZerosTensor16expected_optionsEv
FNDA:1,_ZN5neml211ZerosTensorC2ERKNS_9OptionSetE
FNF:2
FNH:2
DA:32,6
DA:34,6
DA:35,6
DA:37,6
DA:38,6
DA:40,6
DA:41,6
DA:43,6
DA:44,0
DA:46,1
DA:47,2
DA:49,1
DA:50,3
DA:52,1
LF:14
LH:13
end_of_record
