TN:
SF:/home/runner/work/neml2/neml2/src/neml2/base/CrossRef.cxx
FN:33,_ZNK5neml28CrossRefIN2at6TensorEEcvS2_Ev
FN:48,_ZNK5neml28CrossRefINS_6TensorEEcvS1_Ev
FN:76,_ZNK5neml28CrossRefINS_2R2EEcvS1_Ev
FN:76,_ZNK5neml28CrossRefINS_6SSSSR8EEcvS1_Ev
FN:76,_ZNK5neml28CrossRefINS_4WWR4EEcvS1_Ev
FN:76,_ZNK5neml28CrossRefINS_4SWR4EEcvS1_Ev
FN:76,_ZNK5neml28CrossRefINS_2R5EEcvS1_Ev
FN:76,_ZNK5neml28CrossRefINS_3VecEEcvS1_Ev
FN:76,_ZNK5neml28CrossRefINS_3RotEEcvS1_Ev
FN:76,_ZNK5neml28CrossRefINS_10QuaternionEEcvS1_Ev
FN:76,_ZNK5neml28CrossRefINS_2R3EEcvS1_Ev
FN:76,_ZNK5neml28CrossRefINS_3SR2EEcvS1_Ev
FN:76,_ZNK5neml28CrossRefINS_4WSR4EEcvS1_Ev
FN:76,_ZNK5neml28CrossRefINS_5SSFR5EEcvS1_Ev
FN:76,_ZNK5neml28CrossRefINS_3WR2EEcvS1_Ev
FN:76,_ZNK5neml28CrossRefINS_2R8EEcvS1_Ev
FN:76,_ZNK5neml28CrossRefINS_5SFFR4EEcvS1_Ev
FN:76,_ZNK5neml28CrossRefINS_2R4EEcvS1_Ev
FN:76,_ZNK5neml28CrossRefINS_11MillerIndexEEcvS1_Ev
FN:76,_ZNK5neml28CrossRefINS_4SSR4EEcvS1_Ev
FN:76,_ZNK5neml28CrossRefINS_4SFR3EEcvS1_Ev
FN:76,_ZNK5neml28CrossRefINS_6ScalarEEcvS1_Ev
FNDA:11,_ZNK5neml28CrossRefIN2at6TensorEEcvS2_Ev
FNDA:4,_ZNK5neml28CrossRefINS_4SFR3EEcvS1_Ev
FNDA:1248,_ZNK5neml28CrossRefINS_6ScalarEEcvS1_Ev
FNDA:4,_ZNK5neml28CrossRefINS_2R4EEcvS1_Ev
FNDA:140,_ZNK5neml28CrossRefINS_11MillerIndexEEcvS1_Ev
FNDA:0,_ZNK5neml28CrossRefINS_5SFFR4EEcvS1_Ev
FNDA:15,_ZNK5neml28CrossRefINS_4SSR4EEcvS1_Ev
FNDA:24,_ZNK5neml28CrossRefINS_6TensorEEcvS1_Ev
FNDA:0,_ZNK5neml28CrossRefINS_10QuaternionEEcvS1_Ev
FNDA:0,_ZNK5neml28CrossRefINS_4WSR4EEcvS1_Ev
FNDA:130,_ZNK5neml28CrossRefINS_3SR2EEcvS1_Ev
FNDA:4,_ZNK5neml28CrossRefINS_2R3EEcvS1_Ev
FNDA:4,_ZNK5neml28CrossRefINS_5SSFR5EEcvS1_Ev
FNDA:0,_ZNK5neml28CrossRefINS_2R8EEcvS1_Ev
FNDA:9,_ZNK5neml28CrossRefINS_3WR2EEcvS1_Ev
FNDA:0,_ZNK5neml28CrossRefINS_6SSSSR8EEcvS1_Ev
FNDA:26,_ZNK5neml28CrossRefINS_2R2EEcvS1_Ev
FNDA:0,_ZNK5neml28CrossRefINS_4SWR4EEcvS1_Ev
FNDA:0,_ZNK5neml28CrossRefINS_4WWR4EEcvS1_Ev
FNDA:4,_ZNK5neml28CrossRefINS_2R5EEcvS1_Ev
FNDA:20,_ZNK5neml28CrossRefINS_3RotEEcvS1_Ev
FNDA:26,_ZNK5neml28CrossRefINS_3VecEEcvS1_Ev
FNF:22
FNH:15
DA:33,11
DA:38,11
DA:40,10
DA:43,20
DA:44,10
DA:48,24
DA:53,24
DA:55,13
DA:58,26
DA:59,13
DA:76,2353
LF:11
LH:11
end_of_record
TN:
SF:/home/runner/work/neml2/neml2/src/neml2/base/DiagnosticsInterface.cxx
FN:31,_ZN5neml28diagnoseERKNS_20DiagnosticsInterfaceE
FN:45,_ZN5neml220DiagnosticsInterfaceC2EPNS_11NEML2ObjectE
FN:51,_ZNK5neml220DiagnosticsInterface23diagnostic_assert_stateERSt6vectorINS_9DiagnosisESaIS2_EERKNS_12VariableBaseE
FN:59,_ZNK5neml220DiagnosticsInterface27diagnostic_assert_old_stateERSt6vectorINS_9DiagnosisESaIS2_EERKNS_12VariableBaseE
FN:67,_ZNK5neml220DiagnosticsInterface23diagnostic_assert_forceERSt6vectorINS_9DiagnosisESaIS2_EERKNS_12VariableBaseE
FN:75,_ZNK5neml220DiagnosticsInterface27diagnostic_assert_old_forceERSt6vectorINS_9DiagnosisESaIS2_EERKNS_12VariableBaseE
FN:83,_ZNK5neml220DiagnosticsInterface26diagnostic_assert_residualERSt6vectorINS_9DiagnosisESaIS2_EERKNS_12VariableBaseE
FN:91,_ZNK5neml220DiagnosticsInterface31diagnostic_check_input_variableERSt6vectorINS_9DiagnosisESaIS2_EERKNS_12VariableBaseE
FN:104,_ZNK5neml220DiagnosticsInterface32diagnostic_check_output_variableERSt6vectorINS_9DiagnosisESaIS2_EERKNS_12VariableBaseE
FNDA:28,_ZNK5neml220DiagnosticsInterface23diagnostic_assert_stateERSt6vectorINS_9DiagnosisESaIS2_EERKNS_12VariableBaseE
FNDA:0,_ZNK5neml220DiagnosticsInterface27diagnostic_assert_old_forceERSt6vectorINS_9DiagnosisESaIS2_EERKNS_12VariableBaseE
FNDA:0,_ZNK5neml220DiagnosticsInterface26diagnostic_assert_residualERSt6vectorINS_9DiagnosisESaIS2_EERKNS_12VariableBaseE
FNDA:300,_ZNK5neml220DiagnosticsInterface31diagnostic_check_input_variableERSt6vectorINS_9DiagnosisESaIS2_EERKNS_12VariableBaseE
FNDA:20,_ZNK5neml220DiagnosticsInterface23diagnostic_assert_forceERSt6vectorINS_9DiagnosisESaIS2_EERKNS_12VariableBaseE
FNDA:117,_ZN5neml28diagnoseERKNS_20DiagnosticsInterfaceE
FNDA:464,_ZN5neml220DiagnosticsInterfaceC2EPNS_11NEML2ObjectE
FNDA:0,_ZNK5neml220DiagnosticsInterface27diagnostic_assert_old_stateERSt6vectorINS_9DiagnosisESaIS2_EERKNS_12VariableBaseE
FNDA:118,_ZNK5neml220DiagnosticsInterface32diagnostic_check_output_variableERSt6vectorINS_9DiagnosisESaIS2_EERKNS_12VariableBaseE
FNF:9
FNH:6
DA:31,117
DA:33,117
DA:34,117
DA:36,117
DA:38,4
DA:39,10
DA:40,6
DA:41,4
DA:42,4
DA:43,117
DA:45,464
DA:46,464
DA:48,464
DA:51,28
DA:54,28
DA:55,28
DA:56,28
DA:59,0
DA:62,0
DA:63,0
DA:64,0
DA:67,20
DA:70,20
DA:71,20
DA:72,20
DA:75,0
DA:78,0
DA:79,0
DA:80,0
DA:83,0
DA:86,0
DA:87,0
DA:88,0
DA:91,300
DA:94,300
DA:95,467
DA:96,467
DA:98,300
DA:101,300
DA:104,118
DA:107,118
DA:109,118
DA:111,118
DA:113,118
LF:44
LH:32
end_of_record
TN:
SF:/home/runner/work/neml2/neml2/src/neml2/base/EnumSelection.cxx
FN:31,_ZN5neml2lsERSoRKNS_13EnumSelectionE
FN:38,_ZN5neml2rsERSt18basic_stringstreamIcSt11char_traitsIcESaIcEERNS_13EnumSelectionE
FN:44,_ZN5neml213EnumSelectionC2ERKS0_
FN:51,_ZN5neml213EnumSelectionC2ERKSt6vectorISsSaISsEERKSs
FN:58,_ZN5neml213EnumSelectionC2ERKSt6vectorISsSaISsEERKS1_IiSaIiEERKSs
FN:67,_ZN5neml213EnumSelectionaSERKS0_
FN:76,_ZNK5neml213EnumSelectioneqERKS0_
FN:83,_ZNK5neml213EnumSelectionneERKS0_
FN:89,_ZNK5neml213EnumSelectioneqERKSs
FN:95,_ZNK5neml213EnumSelectionneERKSs
FN:101,_ZN5neml213EnumSelection6selectERKSs
FNDA:1229,_ZN5neml213EnumSelection6selectERKSs
FNDA:2549,_ZN5neml213EnumSelectionaSERKS0_
FNDA:7,_ZNK5neml213EnumSelectioneqERKS0_
FNDA:15,_ZN5neml213EnumSelectionC2ERKS0_
FNDA:0,_ZNK5neml213EnumSelectionneERKSs
FNDA:28,_ZN5neml213EnumSelectionC2ERKSt6vectorISsSaISsEERKSs
FNDA:178,_ZNK5neml213EnumSelectioneqERKSs
FNDA:1162,_ZN5neml213EnumSelectionC2ERKSt6vectorISsSaISsEERKS1_IiSaIiEERKSs
FNDA:5,_ZNK5neml213EnumSelectionneERKS0_
FNDA:42,_ZN5neml2rsERSt18basic_stringstreamIcSt11char_traitsIcESaIcEERNS_13EnumSelectionE
FNDA:15,_ZN5neml2lsERSoRKNS_13EnumSelectionE
FNF:11
FNH:10
DA:31,15
DA:33,15
DA:34,15
DA:38,42
DA:40,42
DA:41,41
DA:44,15
DA:46,15
DA:47,15
DA:49,15
DA:51,28
DA:52,28
DA:53,28
DA:55,27
DA:56,28
DA:58,1162
DA:60,1162
DA:61,1162
DA:63,1160
DA:64,1161
DA:67,2549
DA:69,2549
DA:70,2549
DA:71,2549
DA:72,2549
DA:76,7
DA:78,9
DA:79,9
DA:83,5
DA:85,5
DA:89,178
DA:91,178
DA:95,0
DA:97,0
DA:101,1229
DA:103,1229
DA:105,2458
DA:106,1226
DA:107,1226
DA:108,1226
LF:40
LH:38
end_of_record
TN:
SF:/home/runner/work/neml2/neml2/src/neml2/base/EnumSelectionBase.cxx
FN:30,_ZN5neml217EnumSelectionBaseC2ERKS0_
FN:35,_ZN5neml217EnumSelectionBaseC2ERKSt6vectorISsSaISsEE
FN:46,_ZN5neml217EnumSelectionBaseC2ERKSt6vectorISsSaISsEERKS1_IiSaIiEE
FN:64,_ZN5neml217EnumSelectionBaseaSERKS0_
FN:71,_ZNK5neml217EnumSelectionBase14candidates_strEv
FNDA:1183,_ZN5neml217EnumSelectionBaseC2ERKSt6vectorISsSaISsEERKS1_IiSaIiEE
FNDA:31,_ZN5neml217EnumSelectionBaseC2ERKSt6vectorISsSaISsEE
FNDA:2457,_ZNK5neml217EnumSelectionBase14candidates_strEv
FNDA:0,_ZN5neml217EnumSelectionBaseaSERKS0_
FNDA:16,_ZN5neml217EnumSelectionBaseC2ERKS0_
FNF:5
FNH:4
DA:30,16
DA:31,16
DA:33,16
DA:35,31
DA:37,31
DA:38,31
DA:41,30
DA:42,108
DA:43,78
DA:44,32
DA:46,1183
DA:47,1183
DA:49,1183
DA:52,1182
DA:53,1182
DA:56,1182
DA:57,1182
DA:59,5319
DA:60,4138
DA:61,1185
DA:64,0
DA:66,0
DA:67,0
DA:71,2457
DA:73,2457
DA:74,11047
DA:75,8590
DA:76,4914
DA:77,2457
LF:29
LH:26
end_of_record
TN:
SF:/home/runner/work/neml2/neml2/src/neml2/base/Factory.cxx
FN:35,_ZN5neml210load_inputERKNSt10filesystem4pathERKSs
FN:52,_ZN5neml212reload_inputERKNSt10filesystem4pathERKSs
FN:59,_ZN5neml29get_modelERKSsb
FN:66,_ZN5neml210load_modelERKNSt10filesystem4pathERKSs
FN:73,_ZN5neml212reload_modelERKNSt10filesystem4pathERKSs
FN:80,_ZN5neml210get_driverERKSs
FN:86,_ZN5neml27Factory3getEv
FN:93,_ZN5neml27Factory12load_optionsERKNS_16OptionCollectionE
FN:104,_ZN5neml27Factory14loaded_optionsEv
FN:111,_ZN5neml27Factory13create_objectERKSsRKNS_9OptionSetE
FN:146,_ZN5neml27Factory5clearEv
FNDA:280,_ZN5neml27Factory5clearEv
FNDA:11,_ZN5neml210load_modelERKNSt10filesystem4pathERKSs
FNDA:278,_ZN5neml210load_inputERKNSt10filesystem4pathERKSs
FNDA:278,_ZN5neml27Factory12load_optionsERKNS_16OptionCollectionE
FNDA:267,_ZN5neml212reload_inputERKNSt10filesystem4pathERKSs
FNDA:124,_ZN5neml29get_modelERKSsb
FNDA:1279,_ZN5neml27Factory13create_objectERKSsRKNS_9OptionSetE
FNDA:11,_ZN5neml212reload_modelERKNSt10filesystem4pathERKSs
FNDA:113,_ZN5neml210get_driverERKSs
FNDA:1895,_ZN5neml27Factory3getEv
FNDA:1,_ZN5neml27Factory14loaded_optionsEv
FNF:11
FNH:11
DA:35,278
DA:37,278
DA:40,278
DA:42,278
DA:43,278
DA:44,278
DA:46,0
DA:48,276
DA:49,278
DA:52,267
DA:54,267
DA:55,267
DA:56,265
DA:59,124
DA:61,124
DA:62,248
DA:63,124
DA:66,11
DA:68,11
DA:69,11
DA:73,11
DA:75,11
DA:76,11
DA:80,113
DA:82,113
DA:86,1895
DA:88,1895
DA:89,1895
DA:93,278
DA:95,278
DA:97,278
DA:100,278
DA:101,278
DA:104,1
DA:106,1
DA:107,1
DA:111,1279
DA:113,1279
DA:114,1279
DA:116,1279
DA:117,1279
DA:118,1277
DA:122,1277
DA:124,0
DA:126,0
DA:127,0
DA:128,0
DA:129,1277
DA:146,280
DA:148,280
DA:149,280
LF:51
LH:46
end_of_record
TN:
SF:/home/runner/work/neml2/neml2/src/neml2/base/HITParser.cxx
FN:39,_ZNK5neml29HITParser5parseERKNSt10filesystem4pathERKSs
FN:96,_ZNK5neml29HITParser22extract_object_optionsEPN3hit4NodeES3_
FN:113,_ZNK5neml29HITParser15extract_optionsEPN3hit4NodeERNS_9OptionSetE
FN:122,_ZNK5neml29HITParser14extract_optionEPN3hit4NodeERNS_9OptionSetE
FNDA:2722,_ZNK5neml29HITParser22extract_object_optionsEPN3hit4NodeES3_
FNDA:2732,_ZNK5neml29HITParser15extract_optionsEPN3hit4NodeERNS_9OptionSetE
FNDA:5675,_ZNK5neml29HITParser14extract_optionEPN3hit4NodeERNS_9OptionSetE
FNDA:288,_ZNK5neml29HITParser5parseERKNSt10filesystem4pathERKSs
FNF:4
FNH:4
DA:39,288
DA:42,288
DA:43,288
DA:46,288
DA:47,288
DA:48,288
DA:51,288
DA:52,288
DA:55,288
DA:58,576
DA:59,288
DA:60,288
DA:63,288
DA:64,288
DA:65,288
DA:66,288
DA:67,288
DA:68,288
DA:70,288
DA:73,288
DA:74,288
DA:75,10
DA:78,1719
DA:80,1434
DA:81,1434
DA:83,536
DA:84,3255
DA:86,2722
DA:87,2719
DA:88,2719
DA:89,536
DA:92,570
DA:93,312
DA:96,2722
DA:99,5444
DA:101,2722
DA:102,2722
DA:105,2719
DA:106,2719
DA:107,2719
DA:109,5438
DA:110,2725
DA:113,2732
DA:115,11126
DA:116,8397
DA:117,8404
DA:118,2729
DA:122,5675
DA:135,5675
DA:137,5675
DA:138,35642
DA:139,35642
DA:141,5675
DA:143,5675
DA:146,5674
DA:150,5674
DA:151,4557
DA:152,4466
DA:153,4373
DA:154,4338
DA:155,3748
DA:156,2831
DA:157,1923
DA:158,1411
DA:159,1371
DA:160,1367
DA:161,1359
DA:166,5672
DA:168,5672
DA:170,5672
DA:172,5672
LF:71
LH:71
end_of_record
TN:
SF:/home/runner/work/neml2/neml2/src/neml2/base/MultiEnumSelection.cxx
FN:31,_ZN5neml2lsERSoRKNS_18MultiEnumSelectionE
FN:38,_ZN5neml2rsERSt18basic_stringstreamIcSt11char_traitsIcESaIcEERNS_18MultiEnumSelectionE
FN:44,_ZN5neml218MultiEnumSelectionC2ERKS0_
FN:51,_ZN5neml218MultiEnumSelectionC2ERKSt6vectorISsSaISsEES5_
FN:58,_ZN5neml218MultiEnumSelectionC2ERKSt6vectorISsSaISsEERKS1_IiSaIiEES5_
FN:67,_ZN5neml218MultiEnumSelectionaSERKS0_
FN:76,_ZNK5neml218MultiEnumSelectioneqERKS0_
FN:83,_ZNK5neml218MultiEnumSelectionneERKS0_
FN:89,_ZN5neml218MultiEnumSelection6selectERKSt6vectorISsSaISsEE
FNDA:3,_ZN5neml218MultiEnumSelectionC2ERKSt6vectorISsSaISsEES5_
FNDA:60,_ZN5neml218MultiEnumSelectionaSERKS0_
FNDA:21,_ZN5neml218MultiEnumSelectionC2ERKSt6vectorISsSaISsEERKS1_IiSaIiEES5_
FNDA:5,_ZN5neml2lsERSoRKNS_18MultiEnumSelectionE
FNDA:3,_ZNK5neml218MultiEnumSelectionneERKS0_
FNDA:30,_ZN5neml218MultiEnumSelection6selectERKSt6vectorISsSaISsEE
FNDA:4,_ZNK5neml218MultiEnumSelectioneqERKS0_
FNDA:1,_ZN5neml218MultiEnumSelectionC2ERKS0_
FNDA:6,_ZN5neml2rsERSt18basic_stringstreamIcSt11char_traitsIcESaIcEERNS_18MultiEnumSelectionE
FNF:9
FNH:9
DA:31,5
DA:33,5
DA:34,5
DA:38,6
DA:40,7
DA:41,5
DA:44,1
DA:46,1
DA:47,1
DA:49,1
DA:51,3
DA:52,3
DA:53,3
DA:55,3
DA:56,5
DA:58,21
DA:60,21
DA:61,21
DA:63,21
DA:64,23
DA:67,60
DA:69,60
DA:70,60
DA:71,60
DA:72,60
DA:76,4
DA:78,5
DA:79,5
DA:83,3
DA:85,3
DA:89,30
DA:91,30
DA:92,30
DA:93,71
DA:95,44
DA:97,91
DA:98,41
DA:99,41
DA:101,27
LF:39
LH:39
end_of_record
TN:
SF:/home/runner/work/neml2/neml2/src/neml2/base/NEML2Object.cxx
FN:29,_ZN5neml211NEML2Object16expected_optionsEv
FN:37,_ZN5neml211NEML2ObjectC2ERKNS_9OptionSetE
FNDA:1788,_ZN5neml211NEML2Object16expected_optionsEv
FNDA:1290,_ZN5neml211NEML2ObjectC2ERKNS_9OptionSetE
FNF:2
FNH:2
DA:29,1788
DA:31,1788
DA:32,1788
DA:33,1788
DA:34,1788
DA:35,0
DA:37,1290
DA:38,1290
DA:39,1290
DA:41,1290
LF:10
LH:9
end_of_record
TN:
SF:/home/runner/work/neml2/neml2/src/neml2/base/OptionCollection.cxx
FN:30,_ZN5neml216OptionCollectionixERKSs
FN:36,_ZNK5neml216OptionCollectionixERKSs
FNDA:1,_ZNK5neml216OptionCollectionixERKSs
FNDA:4064,_ZN5neml216OptionCollectionixERKSs
FNF:2
FNH:2
DA:30,4064
DA:32,4064
DA:36,1
DA:38,1
LF:4
LH:4
end_of_record
TN:
SF:/home/runner/work/neml2/neml2/src/neml2/base/OptionSet.cxx
FN:31,_ZN5neml218options_compatibleERKNS_9OptionSetES2_
FN:44,_ZNK5neml29OptionSet8containsERKSs
FN:50,_ZNK5neml29OptionSet3getERKSs
FN:62,_ZN5neml29OptionSet3setERKSs
FN:74,_ZN5neml29OptionSet9set_inputERKSs
FN:80,_ZN5neml29OptionSet10set_outputERKSs
FN:86,_ZN5neml29OptionSet5clearEv
FN:91,_ZN5neml29OptionSetC2ERKS0_
FN:93,_ZN5neml29OptionSetC2EOS0_
FN:96,_ZN5neml29OptionSetaSERKS0_
FN:105,_ZN5neml29OptionSetaSEOS0_
FN:114,_ZN5neml29OptionSetpLERKS0_
FN:121,_ZN5neml29OptionSetpLEOS0_
FN:190,_ZN5neml29OptionSet5beginEv
FN:196,_ZNK5neml29OptionSet5beginEv
FN:202,_ZN5neml29OptionSet3endEv
FN:208,_ZNK5neml29OptionSet3endEv
FNDA:276,_ZN5neml29OptionSetaSEOS0_
FNDA:1,_ZNK5neml29OptionSet3endEv
FNDA:781,_ZN5neml29OptionSetpLEOS0_
FNDA:5675,_ZN5neml29OptionSet5beginEv
FNDA:18295,_ZN5neml29OptionSet3setERKSs
FNDA:15,_ZNK5neml29OptionSet3getERKSs
FNDA:18316,_ZNK5neml29OptionSet8containsERKSs
FNDA:1,_ZNK5neml29OptionSet5beginEv
FNDA:1,_ZN5neml218options_compatibleERKNS_9OptionSetES2_
FNDA:14455,_ZN5neml29OptionSetaSERKS0_
FNDA:9682,_ZN5neml29OptionSetC2ERKS0_
FNDA:0,_ZN5neml29OptionSetC2EOS0_
FNDA:16010,_ZN5neml29OptionSetpLERKS0_
FNDA:5675,_ZN5neml29OptionSet3endEv
FNDA:912,_ZN5neml29OptionSet9set_inputERKSs
FNDA:14731,_ZN5neml29OptionSet5clearEv
FNDA:416,_ZN5neml29OptionSet10set_outputERKSs
FNF:17
FNH:16
DA:31,1
DA:33,2
DA:35,1
DA:36,0
DA:37,1
DA:38,0
DA:40,1
DA:44,18316
DA:46,18316
DA:50,15
DA:52,15
DA:58,15
DA:62,18295
DA:64,18295
DA:70,18295
DA:74,912
DA:76,912
DA:80,416
DA:82,416
DA:86,14731
DA:88,14731
DA:89,14731
DA:91,9682
DA:93,0
DA:96,14455
DA:98,14455
DA:99,14455
DA:100,14455
DA:101,14455
DA:105,276
DA:107,276
DA:108,276
DA:109,276
DA:110,276
DA:114,16010
DA:116,109465
DA:117,93455
DA:118,16010
DA:121,781
DA:123,3124
DA:124,2343
DA:125,781
DA:190,5675
DA:192,5675
DA:196,1
DA:198,1
DA:202,5675
DA:204,5675
DA:208,1
DA:210,1
LF:50
LH:47
end_of_record
TN:
SF:/home/runner/work/neml2/neml2/src/neml2/base/Registry.cxx
FN:31,_ZN5neml28Registry3getEv
FN:38,_ZN5neml28Registry16expected_optionsEv
FN:45,_ZN5neml28Registry16expected_optionsERKSs
FN:56,_ZN5neml28Registry11syntax_typeERKSs
FN:63,_ZN5neml28Registry7builderERKSs
FN:74,_ZN5neml28Registry9add_innerERKSsS2_RKNS_9OptionSetEPFSt10shared_ptrINS_11NEML2ObjectEES5_E
FNDA:2722,_ZN5neml28Registry16expected_optionsERKSs
FNDA:1279,_ZN5neml28Registry7builderERKSs
FNDA:6359,_ZN5neml28Registry3getEv
FNDA:1774,_ZN5neml28Registry9add_innerERKSsS2_RKNS_9OptionSetEPFSt10shared_ptrINS_11NEML2ObjectEES5_E
FNDA:2,_ZN5neml28Registry16expected_optionsEv
FNDA:582,_ZN5neml28Registry11syntax_typeERKSs
FNF:6
FNH:6
DA:31,6359
DA:33,6359
DA:34,6359
DA:38,2
DA:40,2
DA:41,2
DA:45,2722
DA:47,2722
DA:48,2722
DA:49,2722
DA:52,2722
DA:56,582
DA:58,582
DA:59,582
DA:63,1279
DA:65,1279
DA:66,1279
DA:67,1279
DA:70,1279
DA:74,1774
DA:79,1774
DA:80,1774
DA:85,1774
DA:86,1774
DA:87,1774
DA:88,1774
LF:26
LH:26
end_of_record
TN:
SF:/home/runner/work/neml2/neml2/src/neml2/base/Settings.cxx
FN:33,_ZN5neml28Settings16expected_optionsEv
FN:99,_ZN5neml28SettingsC2ERKNS_9OptionSetE
FNDA:571,_ZN5neml28Settings16expected_optionsEv
FNDA:279,_ZN5neml28SettingsC2ERKNS_9OptionSetE
FNF:2
FNH:2
DA:33,571
DA:35,571
DA:36,571
DA:37,571
DA:39,571
DA:45,3426
DA:46,571
DA:47,1142
DA:48,1713
DA:55,3997
DA:56,571
DA:57,1142
DA:58,1713
DA:60,571
DA:61,1142
DA:66,571
DA:68,571
DA:69,1142
DA:70,571
DA:72,571
DA:73,571
DA:75,571
DA:76,571
DA:78,571
DA:79,1142
DA:80,571
DA:82,571
DA:83,1142
DA:84,571
DA:86,571
DA:87,1142
DA:89,571
DA:91,571
DA:92,1142
DA:94,571
DA:96,1142
DA:97,571
DA:99,279
DA:102,279
DA:103,279
DA:106,279
DA:109,279
DA:112,279
DA:115,279
DA:116,279
DA:119,279
DA:120,279
DA:121,0
DA:124,279
DA:125,279
DA:126,0
DA:129,279
DA:130,279
DA:133,279
DA:134,279
LF:55
LH:53
end_of_record
TN:
SF:/home/runner/work/neml2/neml2/src/neml2/drivers/Driver.cxx
FN:30,_ZN5neml26Driver16expected_optionsEv
FN:41,_ZN5neml26DriverC2ERKNS_9OptionSetE
FNDA:113,_ZN5neml26DriverC2ERKNS_9OptionSetE
FNDA:15,_ZN5neml26Driver16expected_optionsEv
FNF:2
FNH:2
DA:30,15
DA:32,15
DA:33,15
DA:35,15
DA:36,15
DA:38,15
DA:39,0
DA:41,113
DA:44,113
DA:46,113
LF:10
LH:9
end_of_record
TN:
SF:/home/runner/work/neml2/neml2/src/neml2/drivers/TransientDriver.cxx
FN:34,_ZN5neml215TransientDriver16expected_optionsEv
FN:91,_ZN5neml215TransientDriverC2ERKNS_9OptionSetE
FN:111,_ZNK5neml215TransientDriver8diagnoseERSt6vectorINS_9DiagnosisESaIS2_EE
FN:135,_ZN5neml215TransientDriver3runEv
FN:158,_ZN5neml215TransientDriver5solveEv
FN:192,_ZN5neml215TransientDriver12advance_stepEv
FN:212,_ZN5neml215TransientDriver13update_forcesEv
FN:219,_ZN5neml215TransientDriver8apply_icEv
FN:232,_ZN5neml215TransientDriver15apply_predictorEv
FN:268,_ZN5neml215TransientDriver10solve_stepEv
FN:274,_ZN5neml215TransientDriver11store_inputEv
FN:280,_ZNK5neml215TransientDriver12save_as_pathEv
FN:286,_ZNK5neml215TransientDriver6resultEv
FN:317,_ZNK5neml215TransientDriver6outputEv
FN:341,_ZNK5neml215TransientDriver9output_ptERKNSt10filesystem4pathE
FNDA:7,_ZNK5neml215TransientDriver8diagnoseERSt6vectorINS_9DiagnosisESaIS2_EE
FNDA:12,_ZNK5neml215TransientDriver12save_as_pathEv
FNDA:7,_ZN5neml215TransientDriver3runEv
FNDA:5,_ZNK5neml215TransientDriver9output_ptERKNSt10filesystem4pathE
FNDA:7,_ZN5neml215TransientDriver5solveEv
FNDA:5,_ZNK5neml215TransientDriver6outputEv
FNDA:70,_ZN5neml215TransientDriver11store_inputEv
FNDA:5,_ZNK5neml215TransientDriver6resultEv
FNDA:70,_ZN5neml215TransientDriver13update_forcesEv
FNDA:12,_ZN5neml215TransientDriver16expected_optionsEv
FNDA:63,_ZN5neml215TransientDriver15apply_predictorEv
FNDA:7,_ZN5neml215TransientDriverC2ERKNS_9OptionSetE
FNDA:63,_ZN5neml215TransientDriver10solve_stepEv
FNDA:7,_ZN5neml215TransientDriver8apply_icEv
FNDA:63,_ZN5neml215TransientDriver12advance_stepEv
FNF:15
FNH:15
DA:34,12
DA:36,12
DA:38,12
DA:39,12
DA:41,12
DA:42,12
DA:43,12
DA:44,24
DA:46,12
DA:48,60
DA:49,12
DA:50,24
DA:51,24
DA:52,36
DA:54,12
DA:55,24
DA:56,12
DA:58,12
DA:59,12
DA:60,12
DA:61,12
DA:62,12
DA:63,12
DA:65,12
DA:66,24
DA:71,12
DA:73,12
DA:74,12
DA:75,12
DA:76,12
DA:78,12
DA:79,12
DA:80,12
DA:81,12
DA:83,12
DA:84,12
DA:85,12
DA:86,12
DA:88,24
DA:89,12
DA:91,7
DA:93,7
DA:94,7
DA:95,7
DA:96,7
DA:97,7
DA:98,7
DA:99,7
DA:100,7
DA:101,7
DA:102,7
DA:103,7
DA:104,7
DA:105,21
DA:107,7
DA:108,7
DA:111,7
DA:113,7
DA:114,7
DA:116,14
DA:118,7
DA:120,7
DA:123,7
DA:124,7
DA:125,7
DA:126,20
DA:127,26
DA:128,13
DA:131,13
DA:132,7
DA:135,7
DA:149,7
DA:151,7
DA:152,5
DA:154,7
DA:158,7
DA:160,77
DA:162,70
DA:167,70
DA:168,63
DA:169,70
DA:170,70
DA:172,7
DA:173,7
DA:177,63
DA:178,63
DA:179,63
DA:182,70
DA:188,7
DA:192,63
DA:195,63
DA:197,63
DA:198,180
DA:199,117
DA:200,63
DA:203,63
DA:205,63
DA:206,171
DA:207,108
DA:208,63
DA:209,63
DA:212,70
DA:214,70
DA:215,140
DA:216,70
DA:219,7
DA:221,7
DA:222,7
DA:223,7
DA:225,22
DA:226,15
DA:227,14
DA:228,29
DA:229,7
DA:232,63
DA:234,63
DA:235,27
DA:237,36
DA:238,117
DA:239,81
DA:241,81
DA:242,72
DA:243,9
DA:246,9
DA:247,1
DA:251,8
DA:252,8
DA:253,8
DA:254,8
DA:255,8
DA:257,16
DA:258,16
DA:259,8
DA:260,8
DA:263,0
DA:265,36
DA:268,63
DA:270,63
DA:271,63
DA:274,70
DA:276,70
DA:277,70
DA:280,12
DA:282,12
DA:286,5
DA:289,5
DA:290,55
DA:293,50
DA:294,414
DA:295,364
DA:296,50
DA:297,50
DA:300,5
DA:301,55
DA:304,50
DA:305,180
DA:306,130
DA:307,50
DA:308,50
DA:311,5
DA:312,15
DA:313,10
DA:314,5
DA:317,5
DA:319,5
DA:324,5
DA:325,10
DA:327,5
DA:328,5
DA:334,5
DA:338,5
DA:341,5
DA:343,5
DA:344,5
LF:174
LH:173
end_of_record
TN:
SF:/home/runner/work/neml2/neml2/src/neml2/drivers/solid_mechanics/LDISolidMechanicsDriver.cxx
FN:32,_ZN5neml223LDISolidMechanicsDriver16expected_optionsEv
FN:69,_ZN5neml223LDISolidMechanicsDriverC2ERKNS_9OptionSetE
FN:79,_ZN5neml223LDISolidMechanicsDriver5setupEv
FN:86,_ZN5neml223LDISolidMechanicsDriver19init_strain_controlERKNS_9OptionSetE
FN:94,_ZN5neml223LDISolidMechanicsDriver19init_stress_controlERKNS_9OptionSetE
FN:102,_ZN5neml223LDISolidMechanicsDriver22init_vorticity_controlERKNS_9OptionSetE
FN:110,_ZNK5neml223LDISolidMechanicsDriver8diagnoseERSt6vectorINS_9DiagnosisESaIS2_EE
FN:142,_ZN5neml223LDISolidMechanicsDriver13update_forcesEv
FN:149,_ZN5neml223LDISolidMechanicsDriver15apply_predictorEv
FNDA:1,_ZN5neml223LDISolidMechanicsDriver22init_vorticity_controlERKNS_9OptionSetE
FNDA:6,_ZN5neml223LDISolidMechanicsDriver16expected_optionsEv
FNDA:1,_ZNK5neml223LDISolidMechanicsDriver8diagnoseERSt6vectorINS_9DiagnosisESaIS2_EE
FNDA:1,_ZN5neml223LDISolidMechanicsDriverC2ERKNS_9OptionSetE
FNDA:10,_ZN5neml223LDISolidMechanicsDriver13update_forcesEv
FNDA:9,_ZN5neml223LDISolidMechanicsDriver15apply_predictorEv
FNDA:0,_ZN5neml223LDISolidMechanicsDriver19init_stress_controlERKNS_9OptionSetE
FNDA:1,_ZN5neml223LDISolidMechanicsDriver5setupEv
FNDA:1,_ZN5neml223LDISolidMechanicsDriver19init_strain_controlERKNS_9OptionSetE
FNF:9
FNH:8
DA:32,6
DA:34,6
DA:35,6
DA:36,6
DA:38,6
DA:39,6
DA:40,6
DA:41,12
DA:42,6
DA:44,6
DA:45,6
DA:46,6
DA:47,12
DA:48,6
DA:50,6
DA:51,6
DA:52,6
DA:53,6
DA:55,6
DA:56,12
DA:58,6
DA:59,6
DA:60,12
DA:61,6
DA:62,6
DA:63,12
DA:64,6
DA:66,6
DA:67,0
DA:69,1
DA:71,1
DA:72,1
DA:73,1
DA:74,3
DA:76,1
DA:79,1
DA:81,1
DA:82,1
DA:83,1
DA:86,1
DA:88,1
DA:89,1
DA:90,1
DA:91,1
DA:94,0
DA:96,0
DA:97,0
DA:98,0
DA:99,0
DA:102,1
DA:104,1
DA:105,1
DA:106,1
DA:107,1
DA:110,1
DA:112,1
DA:114,1
DA:116,2
DA:117,1
DA:120,1
DA:121,2
DA:123,1
DA:125,2
DA:129,1
DA:131,2
DA:132,1
DA:133,2
DA:134,1
DA:136,1
DA:139,1
DA:142,10
DA:144,10
DA:145,20
DA:146,10
DA:149,9
DA:151,9
DA:153,9
DA:155,1
DA:156,1
DA:157,1
DA:158,1
DA:159,1
DA:160,9
LF:83
LH:77
end_of_record
TN:
SF:/home/runner/work/neml2/neml2/src/neml2/drivers/solid_mechanics/SDTSolidMechanicsDriver.cxx
FN:32,_ZN5neml223SDTSolidMechanicsDriver16expected_optionsEv
FN:51,_ZN5neml223SDTSolidMechanicsDriverC2ERKNS_9OptionSetE
FN:57,_ZN5neml223SDTSolidMechanicsDriver19init_strain_controlERKNS_9OptionSetE
FN:65,_ZN5neml223SDTSolidMechanicsDriver19init_stress_controlERKNS_9OptionSetE
FNDA:1,_ZN5neml223SDTSolidMechanicsDriver19init_stress_controlERKNS_9OptionSetE
FNDA:4,_ZN5neml223SDTSolidMechanicsDriver19init_strain_controlERKNS_9OptionSetE
FNDA:6,_ZN5neml223SDTSolidMechanicsDriver16expected_optionsEv
FNDA:6,_ZN5neml223SDTSolidMechanicsDriverC2ERKNS_9OptionSetE
FNF:4
FNH:4
DA:32,6
DA:34,6
DA:35,6
DA:36,6
DA:38,6
DA:39,6
DA:40,6
DA:41,6
DA:43,6
DA:44,6
DA:45,6
DA:46,6
DA:48,6
DA:49,0
DA:51,6
DA:52,6
DA:54,6
DA:57,4
DA:59,4
DA:60,4
DA:61,4
DA:62,4
DA:65,1
DA:67,1
DA:68,1
DA:69,1
DA:70,1
LF:27
LH:26
end_of_record
TN:
SF:/home/runner/work/neml2/neml2/src/neml2/drivers/solid_mechanics/SolidMechanicsDriver.cxx
FN:30,_ZN5neml220SolidMechanicsDriver16expected_optionsEv
FN:65,_ZN5neml220SolidMechanicsDriverC2ERKNS_9OptionSetE
FN:73,_ZN5neml220SolidMechanicsDriver5setupEv
FN:93,_ZN5neml220SolidMechanicsDriver18init_mixed_controlERKNS_9OptionSetE
FN:105,_ZN5neml220SolidMechanicsDriver24init_temperature_controlERKNS_9OptionSetE
FN:113,_ZNK5neml220SolidMechanicsDriver8diagnoseERSt6vectorINS_9DiagnosisESaIS2_EE
FN:167,_ZN5neml220SolidMechanicsDriver13update_forcesEv
FNDA:70,_ZN5neml220SolidMechanicsDriver13update_forcesEv
FNDA:1,_ZN5neml220SolidMechanicsDriver18init_mixed_controlERKNS_9OptionSetE
FNDA:12,_ZN5neml220SolidMechanicsDriver16expected_optionsEv
FNDA:7,_ZN5neml220SolidMechanicsDriverC2ERKNS_9OptionSetE
FNDA:7,_ZNK5neml220SolidMechanicsDriver8diagnoseERSt6vectorINS_9DiagnosisESaIS2_EE
FNDA:1,_ZN5neml220SolidMechanicsDriver24init_temperature_controlERKNS_9OptionSetE
FNDA:7,_ZN5neml220SolidMechanicsDriver5setupEv
FNF:7
FNH:7
DA:30,12
DA:32,12
DA:33,12
DA:35,72
DA:36,12
DA:37,24
DA:38,36
DA:40,12
DA:41,12
DA:42,12
DA:43,24
DA:44,12
DA:46,12
DA:47,12
DA:48,12
DA:49,24
DA:52,12
DA:54,12
DA:55,24
DA:56,12
DA:57,12
DA:58,24
DA:60,12
DA:62,24
DA:63,12
DA:65,7
DA:67,7
DA:68,14
DA:70,7
DA:73,7
DA:75,7
DA:77,7
DA:78,5
DA:79,2
DA:80,1
DA:81,1
DA:82,1
DA:88,7
DA:89,1
DA:90,7
DA:93,1
DA:95,1
DA:96,1
DA:97,1
DA:99,1
DA:100,1
DA:101,1
DA:102,1
DA:105,1
DA:107,1
DA:108,1
DA:109,1
DA:110,1
DA:113,7
DA:115,7
DA:117,14
DA:118,7
DA:121,7
DA:123,14
DA:124,7
DA:127,14
DA:129,14
DA:132,7
DA:134,2
DA:135,1
DA:138,1
DA:140,2
DA:142,1
DA:144,2
DA:146,2
DA:150,7
DA:152,2
DA:153,1
DA:156,1
DA:157,2
DA:159,1
DA:161,2
DA:164,7
DA:167,70
DA:169,70
DA:171,140
DA:173,70
DA:174,20
DA:176,70
DA:177,20
DA:178,70
LF:86
LH:86
end_of_record
TN:
SF:/home/runner/work/neml2/neml2/src/neml2/jit/utils.cxx
FN:30,_ZN5neml219neml_assert_tracingEv
FN:36,_ZN5neml223neml_assert_tracing_dbgEv
FNDA:0,_ZN5neml223neml_assert_tracing_dbgEv
FNDA:0,_ZN5neml219neml_assert_tracingEv
FNF:2
FNH:0
DA:30,0
DA:32,0
DA:33,0
DA:36,0
DA:39,0
DA:41,0
LF:6
LH:0
end_of_record
TN:
SF:/home/runner/work/neml2/neml2/src/neml2/misc/error.cxx
FN:30,_ZNK5neml213NEMLException4whatEv
FN:38,_ZN5neml28internal10stream_allERSt19basic_ostringstreamIcSt11char_traitsIcESaIcEE
FNDA:77,_ZN5neml28internal10stream_allERSt19basic_ostringstreamIcSt11char_traitsIcESaIcEE
FNDA:24,_ZNK5neml213NEMLException4whatEv
FNF:2
FNH:2
DA:30,24
DA:32,24
DA:38,77
DA:40,77
LF:4
LH:4
end_of_record
TN:
SF:/home/runner/work/neml2/neml2/src/neml2/misc/math.cxx
FN:36,_ZN5neml24math15ConstantTensorsC2Ev
FN:58,_ZN5neml24math15ConstantTensors3getEv
FN:65,_ZN5neml24math15ConstantTensors18full_to_mandel_mapEv
FN:71,_ZN5neml24math15ConstantTensors18mandel_to_full_mapEv
FN:77,_ZN5neml24math15ConstantTensors21full_to_mandel_factorEv
FN:83,_ZN5neml24math15ConstantTensors21mandel_to_full_factorEv
FN:89,_ZN5neml24math15ConstantTensors16full_to_skew_mapEv
FN:95,_ZN5neml24math15ConstantTensors16skew_to_full_mapEv
FN:101,_ZN5neml24math15ConstantTensors19full_to_skew_factorEv
FN:107,_ZN5neml24math15ConstantTensors19skew_to_full_factorEv
FN:113,_ZN5neml24math15full_to_reducedERKNS_6TensorERKN2at6TensorES7_l
FN:139,_ZN5neml24math15reduced_to_fullERKNS_6TensorERKN2at6TensorES7_l
FN:162,_ZN5neml24math14full_to_mandelERKNS_6TensorEl
FN:172,_ZN5neml24math14mandel_to_fullERKNS_6TensorEl
FN:182,_ZN5neml24math12full_to_skewERKNS_6TensorEl
FN:192,_ZN5neml24math12skew_to_fullERKNS_6TensorEl
FN:202,_ZN5neml24math6jacrevERKNS_6TensorES3_bbb
FN:232,_ZN5neml24math15base_diag_embedERKNS_6TensorElll
FN:241,_ZN5neml24math19skew_and_sym_to_symERKNS_3SR2ERKNS_3WR2E
FN:251,_ZN5neml24math27d_skew_and_sym_to_sym_d_symERKNS_3WR2E
FN:260,_ZN5neml24math28d_skew_and_sym_to_sym_d_skewERKNS_3SR2E
FN:269,_ZN5neml24math22multiply_and_make_skewERKNS_3SR2ES3_
FN:278,_ZN5neml24math32d_multiply_and_make_skew_d_firstERKNS_3SR2E
FN:287,_ZN5neml24math33d_multiply_and_make_skew_d_secondERKNS_3SR2E
FN:296,_ZN5neml24math8base_catERKSt6vectorINS_6TensorESaIS2_EEl
FN:305,_ZN5neml24math10base_stackERKSt6vectorINS_6TensorESaIS2_EEl
FN:314,_ZN5neml24math8base_sumERKNS_6TensorEl
FN:321,_ZN5neml24math9base_meanERKNS_6TensorEl
FN:328,_ZN5neml24math3powERKdRKNS_6TensorE
FN:334,_ZN5neml24math3powERKNS_6TensorES3_
FN:343,_ZN5neml24math6linalg11vector_normERKNS_6TensorE
FN:360,_ZN5neml24math6linalg3invERKNS_6TensorE
FN:366,_ZN5neml24math6linalg5solveERKNS_6TensorES4_
FN:372,_ZN5neml24math6linalg9lu_factorERKNS_6TensorEb
FN:379,_ZN5neml24math6linalg8lu_solveERKNS_6TensorES4_S4_bb
FNDA:501,_ZN5neml24math15ConstantTensors19full_to_skew_factorEv
FNDA:2412,_ZN5neml24math15ConstantTensors21mandel_to_full_factorEv
FNDA:1955,_ZN5neml24math14full_to_mandelERKNS_6TensorEl
FNDA:64,_ZN5neml24math33d_multiply_and_make_skew_d_secondERKNS_3SR2E
FNDA:1912,_ZN5neml24math6jacrevERKNS_6TensorES3_bbb
FNDA:80,_ZN5neml24math3powERKdRKNS_6TensorE
FNDA:10578,_ZN5neml24math15ConstantTensors3getEv
FNDA:5538,_ZN5neml24math8base_catERKSt6vectorINS_6TensorESaIS2_EEl
FNDA:421,_ZN5neml24math12skew_to_fullERKNS_6TensorEl
FNDA:64,_ZN5neml24math32d_multiply_and_make_skew_d_firstERKNS_3SR2E
FNDA:501,_ZN5neml24math15ConstantTensors16full_to_skew_mapEv
FNDA:2412,_ZN5neml24math15ConstantTensors18mandel_to_full_mapEv
FNDA:0,_ZN5neml24math9base_meanERKNS_6TensorEl
FNDA:327,_ZN5neml24math22multiply_and_make_skewERKNS_3SR2ES3_
FNDA:63,_ZN5neml24math3powERKNS_6TensorES3_
FNDA:2412,_ZN5neml24math14mandel_to_fullERKNS_6TensorEl
FNDA:2,_ZN5neml24math6linalg9lu_factorERKNS_6TensorEb
FNDA:6,_ZN5neml24math6linalg8lu_solveERKNS_6TensorES4_S4_bb
FNDA:2,_ZN5neml24math28d_skew_and_sym_to_sym_d_skewERKNS_3SR2E
FNDA:560,_ZN5neml24math10base_stackERKSt6vectorINS_6TensorESaIS2_EEl
FNDA:421,_ZN5neml24math15ConstantTensors16skew_to_full_mapEv
FNDA:64,_ZN5neml24math27d_skew_and_sym_to_sym_d_symERKNS_3WR2E
FNDA:1955,_ZN5neml24math15ConstantTensors21full_to_mandel_factorEv
FNDA:327,_ZN5neml24math19skew_and_sym_to_symERKNS_3SR2ERKNS_3WR2E
FNDA:1,_ZN5neml24math15ConstantTensorsC2Ev
FNDA:1361,_ZN5neml24math6linalg11vector_normERKNS_6TensorE
FNDA:2833,_ZN5neml24math15reduced_to_fullERKNS_6TensorERKN2at6TensorES7_l
FNDA:488,_ZN5neml24math15base_diag_embedERKNS_6TensorElll
FNDA:1266,_ZN5neml24math6linalg5solveERKNS_6TensorES4_
FNDA:106,_ZN5neml24math6linalg3invERKNS_6TensorE
FNDA:0,_ZN5neml24math8base_sumERKNS_6TensorEl
FNDA:1955,_ZN5neml24math15ConstantTensors18full_to_mandel_mapEv
FNDA:2456,_ZN5neml24math15full_to_reducedERKNS_6TensorERKN2at6TensorES7_l
FNDA:501,_ZN5neml24math12full_to_skewERKNS_6TensorEl
FNDA:421,_ZN5neml24math15ConstantTensors19skew_to_full_factorEv
FNF:35
FNH:33
DA:36,1
DA:38,7
DA:41,10
DA:43,7
DA:46,10
DA:48,4
DA:50,10
DA:52,4
DA:54,10
DA:55,1
DA:58,10578
DA:60,10578
DA:61,10578
DA:65,1955
DA:67,1955
DA:71,2412
DA:73,2412
DA:77,1955
DA:79,1955
DA:83,2412
DA:85,2412
DA:89,501
DA:91,501
DA:95,421
DA:97,421
DA:101,501
DA:103,501
DA:107,421
DA:109,421
DA:113,2456
DA:118,2456
DA:119,2456
DA:120,2456
DA:121,2456
DA:122,2456
DA:124,2456
DA:125,2456
DA:126,2456
DA:128,2456
DA:129,2456
DA:132,4912
DA:135,7368
DA:136,2456
DA:139,2833
DA:144,2833
DA:145,2833
DA:146,2833
DA:147,2833
DA:148,2833
DA:150,2833
DA:151,2833
DA:152,2833
DA:153,2833
DA:154,2833
DA:156,5666
DA:157,5666
DA:158,8499
DA:159,2833
DA:162,1955
DA:166,3910
DA:167,3910
DA:168,3910
DA:172,2412
DA:176,4824
DA:177,4824
DA:178,4824
DA:182,501
DA:186,1002
DA:187,1002
DA:188,1002
DA:192,421
DA:196,842
DA:197,842
DA:198,842
DA:202,1912
DA:205,1912
DA:206,0
DA:209,1912
DA:210,1912
DA:213,1912
DA:215,7164
DA:217,47268
DA:219,15756
DA:222,5252
DA:223,5252
DA:224,10358
DA:225,5252
DA:228,1912
DA:229,1912
DA:232,488
DA:235,976
DA:236,0
DA:237,1464
DA:241,327
DA:245,327
DA:246,327
DA:247,981
DA:248,327
DA:251,64
DA:253,64
DA:254,64
DA:255,256
DA:256,384
DA:257,64
DA:260,2
DA:262,2
DA:263,2
DA:264,8
DA:265,12
DA:266,2
DA:269,327
DA:271,327
DA:272,327
DA:274,981
DA:275,327
DA:278,64
DA:280,64
DA:281,64
DA:282,256
DA:283,384
DA:284,64
DA:287,64
DA:289,64
DA:290,64
DA:291,256
DA:292,384
DA:293,64
DA:296,5538
DA:298,5538
DA:299,5538
DA:300,5538
DA:301,16614
DA:302,5538
DA:305,560
DA:307,560
DA:308,560
DA:309,560
DA:310,1680
DA:311,560
DA:314,0
DA:316,0
DA:317,0
DA:321,0
DA:323,0
DA:324,0
DA:328,80
DA:330,160
DA:334,63
DA:336,63
DA:337,126
DA:343,1361
DA:345,1361
DA:347,1361
DA:351,1361
DA:352,69
DA:354,2584
DA:355,2584
DA:356,2584
DA:360,106
DA:362,212
DA:366,1266
DA:368,2532
DA:372,2
DA:374,2
DA:375,4
DA:376,2
DA:379,6
DA:381,12
LF:168
LH:160
end_of_record
TN:
SF:/home/runner/work/neml2/neml2/src/neml2/misc/parser_utils.cxx
FN:31,_ZNK5neml215ParserException4whatEv
FN:39,_ZN5neml25utilsrsERSt18basic_stringstreamIcSt11char_traitsIcESaIcEERN2at6TensorE
FN:46,_ZN5neml25utils4joinERKSt6vectorISsSaISsEERKSs
FN:59,_ZN5neml25utils5splitERKSsS2_
FN:80,_ZN5neml25utils4trimERKSsS2_
FN:90,_ZN5neml25utils10start_withESt17basic_string_viewIcSt11char_traitsIcEES4_
FN:96,_ZN5neml25utils8end_withESt17basic_string_viewIcSt11char_traitsIcEES4_
FN:104,_ZN5neml25utils6parse_IbEEvRT_RKSs
FN:117,_ZN5neml25utils13parse_vector_IbEEvRSt6vectorIT_SaIS3_EERKSs
FN:127,_ZN5neml25utils6parse_INS_19LabeledAxisAccessorEEEvRT_RKSs
FN:135,_ZN5neml25utils6parse_IN3c1011SmallVectorIlLj6EEEEEvRT_RKSs
FNDA:40,_ZN5neml25utils13parse_vector_IbEEvRSt6vectorIT_SaIS3_EERKSs
FNDA:1474,_ZN5neml25utils8end_withESt17basic_string_viewIcSt11char_traitsIcEES4_
FNDA:0,_ZN5neml25utils4joinERKSt6vectorISsSaISsEERKSs
FNDA:1195,_ZN5neml25utils6parse_IN3c1011SmallVectorIlLj6EEEEEvRT_RKSs
FNDA:676,_ZN5neml25utils6parse_INS_19LabeledAxisAccessorEEEvRT_RKSs
FNDA:11981,_ZN5neml25utils4trimERKSsS2_
FNDA:184,_ZN5neml25utils6parse_IbEEvRT_RKSs
FNDA:3114,_ZN5neml25utils5splitERKSsS2_
FNDA:12857,_ZN5neml25utils10start_withESt17basic_string_viewIcSt11char_traitsIcEES4_
FNDA:1,_ZN5neml25utilsrsERSt18basic_stringstreamIcSt11char_traitsIcESaIcEERN2at6TensorE
FNDA:5,_ZNK5neml215ParserException4whatEv
FNF:11
FNH:10
DA:31,5
DA:33,5
DA:39,1
DA:41,1
DA:46,0
DA:48,0
DA:49,0
DA:51,0
DA:52,0
DA:53,0
DA:55,0
DA:56,0
DA:59,3114
DA:61,3114
DA:63,3114
DA:64,3114
DA:66,8156
DA:68,8140
DA:70,8140
DA:71,8140
DA:72,3098
DA:73,5042
DA:76,3114
DA:77,0
DA:80,11981
DA:82,11981
DA:83,11981
DA:84,17
DA:85,11964
DA:86,11964
DA:90,12857
DA:92,12857
DA:96,1474
DA:98,2948
DA:99,2948
DA:104,184
DA:106,184
DA:107,184
DA:108,99
DA:109,85
DA:110,84
DA:112,1
DA:113,184
DA:117,40
DA:119,80
DA:120,40
DA:121,150
DA:122,110
DA:123,40
DA:127,676
DA:129,1352
DA:130,676
DA:131,676
DA:135,1195
DA:137,1195
DA:138,1
DA:139,2
DA:141,2388
DA:142,2388
DA:144,1194
DA:145,3500
DA:146,2306
DA:147,1194
LF:63
LH:54
end_of_record
TN:
SF:/home/runner/work/neml2/neml2/src/neml2/misc/types.cxx
FN:31,_ZNK5neml213TraceableSize9traceableEv
FN:37,_ZNK5neml213TraceableSize8concreteEv
FN:51,_ZNK5neml213TraceableSize9as_tensorEv
FN:60,_ZN5neml2eqERKNS_13TraceableSizeES2_
FN:66,_ZN5neml2neERKNS_13TraceableSizeES2_
FN:72,_ZN5neml2lsERSoRKNS_13TraceableSizeE
FN:78,_ZN5neml220TraceableTensorShapeC2ERKN3c1011SmallVectorIlLj6EEE
FN:84,_ZN5neml220TraceableTensorShapeC2EN3c108ArrayRefIlEE
FN:90,_ZN5neml220TraceableTensorShapeC2El
FN:95,_ZN5neml220TraceableTensorShapeC2ERKN2at6TensorE
FN:105,_ZNK5neml220TraceableTensorShape5sliceEll
FN:116,_ZNK5neml220TraceableTensorShape5sliceEl
FN:124,_ZNK5neml220TraceableTensorShape8concreteEv
FN:133,_ZNK5neml220TraceableTensorShape9as_tensorEv
FN:145,_ZN5neml2eqERKNS_20TraceableTensorShapeES2_
FN:151,_ZN5neml2neERKNS_20TraceableTensorShapeES2_
FN:157,_ZN5neml222default_tensor_optionsEv
FN:165,_ZN5neml230default_integer_tensor_optionsEv
FN:173,_ZN5neml213default_dtypeEv
FN:180,_ZN5neml221default_integer_dtypeEv
FN:187,_ZN5neml214default_deviceEv
FN:194,_ZN5neml217machine_precisionEv
FN:201,_ZN5neml29toleranceEv
FN:208,_ZN5neml217tighter_toleranceEv
FN:215,_ZN5neml221buffer_name_separatorEv
FN:222,_ZN5neml224parameter_name_separatorEv
FN:229,_ZN5neml234currently_solving_nonlinear_systemEv
FN:236,_ZN5neml223currently_requesting_ADEv
FNDA:22488,_ZNK5neml220TraceableTensorShape5sliceEll
FNDA:392031,_ZNK5neml213TraceableSize8concreteEv
FNDA:14615,_ZN5neml234currently_solving_nonlinear_systemEv
FNDA:281,_ZN5neml217tighter_toleranceEv
FNDA:281,_ZN5neml29toleranceEv
FNDA:561,_ZN5neml213default_dtypeEv
FNDA:414769,_ZNK5neml213TraceableSize9traceableEv
FNDA:283,_ZN5neml214default_deviceEv
FNDA:152,_ZN5neml230default_integer_tensor_optionsEv
FNDA:0,_ZNK5neml220TraceableTensorShape5sliceEl
FNDA:1020544,_ZNK5neml220TraceableTensorShape8concreteEv
FNDA:3115,_ZN5neml222default_tensor_optionsEv
FNDA:10,_ZN5neml2eqERKNS_13TraceableSizeES2_
FNDA:5571,_ZN5neml221default_integer_dtypeEv
FNDA:0,_ZN5neml2neERKNS_13TraceableSizeES2_
FNDA:1741,_ZN5neml217machine_precisionEv
FNDA:1025,_ZN5neml220TraceableTensorShapeC2ERKN3c1011SmallVectorIlLj6EEE
FNDA:0,_ZN5neml2lsERSoRKNS_13TraceableSizeE
FNDA:352,_ZN5neml224parameter_name_separatorEv
FNDA:426,_ZN5neml221buffer_name_separatorEv
FNDA:35,_ZN5neml2neERKNS_20TraceableTensorShapeES2_
FNDA:702,_ZN5neml223currently_requesting_ADEv
FNDA:2074,_ZN5neml220TraceableTensorShapeC2ERKN2at6TensorE
FNDA:18917,_ZNK5neml220TraceableTensorShape9as_tensorEv
FNDA:620,_ZN5neml220TraceableTensorShapeC2El
FNDA:231644,_ZN5neml220TraceableTensorShapeC2EN3c108ArrayRefIlEE
FNDA:5400,_ZNK5neml213TraceableSize9as_tensorEv
FNDA:302549,_ZN5neml2eqERKNS_20TraceableTensorShapeES2_
FNF:28
FNH:25
DA:31,414769
DA:33,414769
DA:37,392031
DA:39,392031
DA:41,25104
DA:43,25104
DA:44,25104
DA:47,366927
DA:51,5400
DA:53,5400
DA:54,612
DA:56,4788
DA:60,10
DA:62,10
DA:66,0
DA:68,0
DA:72,0
DA:74,0
DA:75,0
DA:78,1025
DA:80,4015
DA:81,2990
DA:82,1025
DA:84,231644
DA:86,327583
DA:87,95939
DA:88,231644
DA:90,620
DA:91,620
DA:93,620
DA:95,2074
DA:97,2074
DA:98,2074
DA:100,4154
DA:101,4160
DA:102,2074
DA:105,22488
DA:107,22488
DA:108,0
DA:109,22488
DA:110,2433
DA:112,22488
DA:116,0
DA:118,0
DA:119,0
DA:120,0
DA:124,1020544
DA:126,1020544
DA:127,1409017
DA:128,388473
DA:129,1020544
DA:130,0
DA:133,18917
DA:135,18917
DA:136,13529
DA:138,5388
DA:139,10788
DA:140,5400
DA:141,5388
DA:142,5388
DA:145,302549
DA:147,302549
DA:151,35
DA:153,35
DA:157,3115
DA:160,3115
DA:161,3115
DA:165,152
DA:168,152
DA:169,152
DA:173,561
DA:176,561
DA:180,5571
DA:183,5571
DA:187,283
DA:189,283
DA:190,283
DA:194,1741
DA:197,1741
DA:201,281
DA:204,281
DA:208,281
DA:211,281
DA:215,426
DA:217,426
DA:218,426
DA:222,352
DA:224,352
DA:225,352
DA:229,14615
DA:232,14615
DA:236,702
DA:239,702
LF:93
LH:82
end_of_record
TN:
SF:/home/runner/work/neml2/neml2/src/neml2/misc/utils.cxx
FN:34,_ZN5neml25utils8demangleEPKc
FN:41,_ZN5neml25utils19extract_batch_sizesERKN2at6TensorEl
FN:57,_ZN5neml25utils12storage_sizeEN3c108ArrayRefIlEE
FN:64,_ZN5neml25utils11pad_prependEN3c108ArrayRefIlEEll
FN:72,_ZN5neml25utils11pad_prependERKN2at6TensorEll
FN:95,_ZN5neml25utils7details15add_shapes_implERN3c1011SmallVectorIlLj6EEE
FN:101,_ZN5neml25utils7details25add_traceable_shapes_implERNS_20TraceableTensorShapeE
FNDA:219604,_ZN5neml25utils19extract_batch_sizesERKN2at6TensorEl
FNDA:5388,_ZN5neml25utils11pad_prependERKN2at6TensorEll
FNDA:242161,_ZN5neml25utils8demangleEPKc
FNDA:72806,_ZN5neml25utils7details15add_shapes_implERN3c1011SmallVectorIlLj6EEE
FNDA:105550,_ZN5neml25utils12storage_sizeEN3c108ArrayRefIlEE
FNDA:346682,_ZN5neml25utils11pad_prependEN3c108ArrayRefIlEEll
FNDA:11420,_ZN5neml25utils7details25add_traceable_shapes_implERNS_20TraceableTensorShapeE
FNF:7
FNH:7
DA:34,242161
DA:37,242161
DA:41,219604
DA:45,219604
DA:47,0
DA:48,0
DA:49,0
DA:50,0
DA:51,0
DA:53,439208
DA:57,105550
DA:59,105550
DA:60,105550
DA:64,346682
DA:66,346682
DA:67,346682
DA:68,346682
DA:69,0
DA:72,5388
DA:74,5388
DA:75,5388
DA:76,5388
DA:77,16164
DA:95,72806
DA:97,72806
DA:101,11420
DA:103,11420
LF:27
LH:21
end_of_record
TN:
SF:/home/runner/work/neml2/neml2/src/neml2/models/ArrheniusParameter.cxx
FN:33,_ZN5neml218ArrheniusParameter16expected_optionsEv
FN:56,_ZN5neml218ArrheniusParameterC2ERKNS_9OptionSetE
FN:66,_ZN5neml218ArrheniusParameter9set_valueEbbb
FNDA:6,_ZN5neml218ArrheniusParameter16expected_optionsEv
FNDA:16,_ZN5neml218ArrheniusParameter9set_valueEbbb
FNDA:2,_ZN5neml218ArrheniusParameterC2ERKNS_9OptionSetE
FNF:3
FNH:3
DA:33,6
DA:35,6
DA:36,6
DA:39,6
DA:41,6
DA:42,6
DA:44,6
DA:45,6
DA:47,6
DA:48,6
DA:50,6
DA:51,6
DA:53,6
DA:54,0
DA:56,2
DA:58,2
DA:59,2
DA:60,2
DA:61,4
DA:63,2
DA:66,16
DA:68,32
DA:70,16
DA:71,12
DA:73,16
DA:74,16
DA:76,8
DA:78,4
DA:79,3
DA:81,4
DA:82,1
DA:83,4
DA:84,16
LF:33
LH:32
end_of_record
TN:
SF:/home/runner/work/neml2/neml2/src/neml2/models/Assembler.cxx
FN:31,_ZNK5neml215VectorAssembler8assembleERKSt3mapINS_19LabeledAxisAccessorENS_6TensorESt4lessIS2_ESaISt4pairIKS2_S3_EEE
FN:78,_ZNK5neml215VectorAssembler11disassembleERKNS_6TensorE
FN:92,_ZNK5neml215VectorAssembler5splitERKNS_6TensorE
FN:106,_ZNK5neml215MatrixAssembler8assembleERKSt3mapINS_19LabeledAxisAccessorES1_IS2_NS_6TensorESt4lessIS2_ESaISt4pairIKS2_S3_EEES5_SaIS6_IS7_SA_EEE
FN:186,_ZNK5neml215MatrixAssembler11disassembleERKNS_6TensorE
FN:206,_ZNK5neml215MatrixAssembler5splitERKNS_6TensorE
FNDA:2,_ZNK5neml215MatrixAssembler5splitERKNS_6TensorE
FNDA:1,_ZNK5neml215VectorAssembler5splitERKNS_6TensorE
FNDA:1488,_ZNK5neml215VectorAssembler8assembleERKSt3mapINS_19LabeledAxisAccessorENS_6TensorESt4lessIS2_ESaISt4pairIKS2_S3_EEE
FNDA:6,_ZNK5neml215MatrixAssembler11disassembleERKNS_6TensorE
FNDA:1027,_ZNK5neml215MatrixAssembler8assembleERKSt3mapINS_19LabeledAxisAccessorES1_IS2_NS_6TensorESt4lessIS2_ESaISt4pairIKS2_S3_EEES5_SaIS6_IS7_SA_EEE
FNDA:1334,_ZNK5neml215VectorAssembler11disassembleERKNS_6TensorE
FNF:6
FNH:6
DA:31,1488
DA:33,1488
DA:36,1488
DA:37,1488
DA:42,1488
DA:43,5842
DA:45,4354
DA:46,4354
DA:48,4351
DA:49,4351
DA:51,4351
DA:53,4351
DA:55,4351
DA:56,4351
DA:58,1488
DA:59,1488
DA:64,1488
DA:67,1488
DA:68,5842
DA:69,4354
DA:70,4351
DA:72,3
DA:74,2976
DA:75,1488
DA:78,1334
DA:80,1334
DA:82,1334
DA:83,1334
DA:85,5251
DA:86,3917
DA:88,2668
DA:89,1334
DA:92,1
DA:94,1
DA:96,1
DA:97,1
DA:99,3
DA:100,2
DA:102,2
DA:103,1
DA:106,1027
DA:109,1027
DA:110,1027
DA:113,1027
DA:114,1027
DA:117,1027
DA:118,4049
DA:120,3022
DA:121,3022
DA:122,0
DA:127,3022
DA:128,12308
DA:130,9286
DA:131,9286
DA:133,9274
DA:134,9274
DA:136,9274
DA:138,9274
DA:140,9274
DA:142,18548
DA:143,9274
DA:145,9274
DA:147,9274
DA:149,18548
DA:151,9274
DA:152,9274
DA:154,1027
DA:155,1027
DA:160,3022
DA:163,3022
DA:164,12308
DA:165,9286
DA:166,9274
DA:168,24
DA:169,24
DA:171,3022
DA:172,3022
DA:175,1027
DA:176,4049
DA:177,3022
DA:178,3022
DA:180,0
DA:182,2054
DA:183,1027
DA:186,6
DA:188,6
DA:190,6
DA:191,6
DA:193,6
DA:194,24
DA:196,18
DA:197,54
DA:198,72
DA:199,108
DA:200,18
DA:202,12
DA:203,6
DA:206,2
DA:208,2
DA:210,2
DA:211,2
DA:213,2
DA:214,4
DA:216,2
DA:217,10
DA:218,16
DA:219,24
DA:220,2
DA:222,4
DA:223,2
LF:110
LH:108
end_of_record
TN:
SF:/home/runner/work/neml2/neml2/src/neml2/models/BackwardEulerTimeIntegration.cxx
FN:35,_ZN5neml228BackwardEulerTimeIntegrationINS_3SR2EE16expected_optionsEv
FN:35,_ZN5neml228BackwardEulerTimeIntegrationINS_3VecEE16expected_optionsEv
FN:35,_ZN5neml228BackwardEulerTimeIntegrationINS_6ScalarEE16expected_optionsEv
FN:59,_ZN5neml228BackwardEulerTimeIntegrationINS_6ScalarEEC2ERKNS_9OptionSetE
FN:59,_ZN5neml228BackwardEulerTimeIntegrationINS_3SR2EEC2ERKNS_9OptionSetE
FN:59,_ZN5neml228BackwardEulerTimeIntegrationINS_3VecEEC2ERKNS_9OptionSetE
FN:74,_ZNK5neml228BackwardEulerTimeIntegrationINS_3SR2EE8diagnoseERSt6vectorINS_9DiagnosisESaIS4_EE
FN:74,_ZNK5neml228BackwardEulerTimeIntegrationINS_6ScalarEE8diagnoseERSt6vectorINS_9DiagnosisESaIS4_EE
FN:74,_ZNK5neml228BackwardEulerTimeIntegrationINS_3VecEE8diagnoseERSt6vectorINS_9DiagnosisESaIS4_EE
FN:84,_ZN5neml228BackwardEulerTimeIntegrationINS_6ScalarEE9set_valueEbbb
FN:84,_ZN5neml228BackwardEulerTimeIntegrationINS_3SR2EE9set_valueEbbb
FN:84,_ZN5neml228BackwardEulerTimeIntegrationINS_3VecEE9set_valueEbbb
FNDA:6,_ZN5neml228BackwardEulerTimeIntegrationINS_6ScalarEE16expected_optionsEv
FNDA:0,_ZN5neml228BackwardEulerTimeIntegrationINS_3VecEE9set_valueEbbb
FNDA:6,_ZN5neml228BackwardEulerTimeIntegrationINS_3VecEE16expected_optionsEv
FNDA:2702,_ZN5neml228BackwardEulerTimeIntegrationINS_3SR2EE9set_valueEbbb
FNDA:0,_ZN5neml228BackwardEulerTimeIntegrationINS_3VecEEC2ERKNS_9OptionSetE
FNDA:4064,_ZN5neml228BackwardEulerTimeIntegrationINS_6ScalarEE9set_valueEbbb
FNDA:9,_ZN5neml228BackwardEulerTimeIntegrationINS_3SR2EEC2ERKNS_9OptionSetE
FNDA:0,_ZNK5neml228BackwardEulerTimeIntegrationINS_3VecEE8diagnoseERSt6vectorINS_9DiagnosisESaIS4_EE
FNDA:16,_ZN5neml228BackwardEulerTimeIntegrationINS_6ScalarEEC2ERKNS_9OptionSetE
FNDA:6,_ZNK5neml228BackwardEulerTimeIntegrationINS_3SR2EE8diagnoseERSt6vectorINS_9DiagnosisESaIS4_EE
FNDA:4,_ZNK5neml228BackwardEulerTimeIntegrationINS_6ScalarEE8diagnoseERSt6vectorINS_9DiagnosisESaIS4_EE
FNDA:6,_ZN5neml228BackwardEulerTimeIntegrationINS_3SR2EE16expected_optionsEv
FNF:12
FNH:9
DA:35,18
DA:37,18
DA:38,18
DA:44,18
DA:46,18
DA:47,18
DA:49,18
DA:50,18
DA:52,18
DA:53,18
DA:55,18
DA:56,0
DA:59,25
DA:61,25
DA:62,25
DA:63,50
DA:64,50
DA:65,25
DA:66,25
DA:67,25
DA:68,50
DA:70,25
DA:74,10
DA:76,10
DA:77,10
DA:78,10
DA:79,10
DA:80,10
DA:84,6766
DA:86,6766
DA:88,6766
DA:89,6765
DA:91,6766
DA:93,2966
DA:95,2966
DA:96,2966
DA:98,2966
DA:99,2954
DA:101,12
DA:102,12
DA:103,12
DA:104,2966
LF:42
LH:41
end_of_record
TN:
SF:/home/runner/work/neml2/neml2/src/neml2/models/BufferStore.cxx
FN:29,_ZN5neml211BufferStoreC2ERKNS_9OptionSetEPNS_11NEML2ObjectE
FN:36,_ZN5neml211BufferStore13named_buffersEv
FN:44,_ZN5neml211BufferStore15send_buffers_toERKN3c1013TensorOptionsE
FNDA:0,_ZN5neml211BufferStore13named_buffersEv
FNDA:386,_ZN5neml211BufferStoreC2ERKNS_9OptionSetEPNS_11NEML2ObjectE
FNDA:0,_ZN5neml211BufferStore15send_buffers_toERKN3c1013TensorOptionsE
FNF:3
FNH:1
DA:29,386
DA:30,386
DA:31,386
DA:33,386
DA:36,0
DA:38,0
DA:40,0
DA:44,0
DA:46,0
DA:47,0
DA:48,0
LF:11
LH:4
end_of_record
TN:
SF:/home/runner/work/neml2/neml2/src/neml2/models/ComposedModel.cxx
FN:33,_ZN5neml213ComposedModel16expected_optionsEv
FN:63,_ZN5neml213ComposedModelC2ERKNS_9OptionSetE
FN:130,_ZNK5neml213ComposedModel26named_nonlinear_parametersEb
FN:136,_ZNK5neml213ComposedModel32named_nonlinear_parameter_modelsEb
FN:142,_ZN5neml213ComposedModel20link_input_variablesEPNS_5ModelE
FN:157,_ZN5neml213ComposedModel21link_output_variablesEPNS_5ModelE
FN:165,_ZN5neml213ComposedModel9set_valueEbbb
FNDA:215,_ZN5neml213ComposedModel20link_input_variablesEPNS_5ModelE
FNDA:20,_ZNK5neml213ComposedModel32named_nonlinear_parameter_modelsEb
FNDA:58,_ZN5neml213ComposedModelC2ERKNS_9OptionSetE
FNDA:3729,_ZN5neml213ComposedModel9set_valueEbbb
FNDA:6,_ZN5neml213ComposedModel16expected_optionsEv
FNDA:10,_ZNK5neml213ComposedModel26named_nonlinear_parametersEb
FNDA:215,_ZN5neml213ComposedModel21link_output_variablesEPNS_5ModelE
FNF:7
FNH:7
DA:33,6
DA:35,6
DA:36,6
DA:39,6
DA:41,6
DA:43,6
DA:44,6
DA:46,6
DA:47,12
DA:49,6
DA:51,6
DA:52,12
DA:54,6
DA:56,6
DA:57,12
DA:58,6
DA:60,6
DA:61,0
DA:63,58
DA:65,58
DA:66,116
DA:71,217
DA:72,159
DA:82,58
DA:83,58
DA:84,217
DA:85,215
DA:86,215
DA:89,273
DA:90,215
DA:91,60
DA:92,2
DA:95,116
DA:96,58
DA:97,58
DA:98,0
DA:101,58
DA:102,58
DA:103,58
DA:106,58
DA:109,385
DA:110,327
DA:111,258
DA:114,140
DA:115,82
DA:118,217
DA:120,215
DA:121,56
DA:122,159
DA:123,215
DA:124,56
DA:125,159
DA:127,58
DA:130,10
DA:132,10
DA:136,20
DA:138,20
DA:142,215
DA:144,2070
DA:145,1855
DA:146,327
DA:148,1581
DA:149,1366
DA:151,171
DA:152,171
DA:154,215
DA:157,215
DA:159,575
DA:160,360
DA:161,82
DA:162,215
DA:165,3729
DA:167,24064
DA:169,20335
DA:170,11281
DA:171,9054
DA:172,8630
DA:173,424
DA:174,424
DA:176,0
DA:179,3729
DA:180,5629
DA:181,3812
DA:183,3729
DA:184,328
DA:185,164
DA:186,3729
LF:87
LH:84
end_of_record
TN:
SF:/home/runner/work/neml2/neml2/src/neml2/models/ConstantParameter.cxx
FN:34,_ZN5neml217ConstantParameterINS_3SR2EE16expected_optionsEv
FN:34,_ZN5neml217ConstantParameterINS_2R4EE16expected_optionsEv
FN:34,_ZN5neml217ConstantParameterINS_3VecEE16expected_optionsEv
FN:34,_ZN5neml217ConstantParameterINS_2R3EE16expected_optionsEv
FN:34,_ZN5neml217ConstantParameterINS_10QuaternionEE16expected_optionsEv
FN:34,_ZN5neml217ConstantParameterINS_5SFFR4EE16expected_optionsEv
FN:34,_ZN5neml217ConstantParameterINS_4WWR4EE16expected_optionsEv
FN:34,_ZN5neml217ConstantParameterINS_2R8EE16expected_optionsEv
FN:34,_ZN5neml217ConstantParameterINS_3RotEE16expected_optionsEv
FN:34,_ZN5neml217ConstantParameterINS_4SSR4EE16expected_optionsEv
FN:34,_ZN5neml217ConstantParameterINS_3WR2EE16expected_optionsEv
FN:34,_ZN5neml217ConstantParameterINS_2R2EE16expected_optionsEv
FN:34,_ZN5neml217ConstantParameterINS_4WSR4EE16expected_optionsEv
FN:34,_ZN5neml217ConstantParameterINS_4SFR3EE16expected_optionsEv
FN:34,_ZN5neml217ConstantParameterINS_4SWR4EE16expected_optionsEv
FN:34,_ZN5neml217ConstantParameterINS_11MillerIndexEE16expected_optionsEv
FN:34,_ZN5neml217ConstantParameterINS_5SSFR5EE16expected_optionsEv
FN:34,_ZN5neml217ConstantParameterINS_6SSSSR8EE16expected_optionsEv
FN:34,_ZN5neml217ConstantParameterINS_6ScalarEE16expected_optionsEv
FN:34,_ZN5neml217ConstantParameterINS_2R5EE16expected_optionsEv
FN:46,_ZN5neml217ConstantParameterINS_4WWR4EEC2ERKNS_9OptionSetE
FN:46,_ZN5neml217ConstantParameterINS_2R3EEC2ERKNS_9OptionSetE
FN:46,_ZN5neml217ConstantParameterINS_2R5EEC2ERKNS_9OptionSetE
FN:46,_ZN5neml217ConstantParameterINS_4SFR3EEC2ERKNS_9OptionSetE
FN:46,_ZN5neml217ConstantParameterINS_10QuaternionEEC2ERKNS_9OptionSetE
FN:46,_ZN5neml217ConstantParameterINS_3SR2EEC2ERKNS_9OptionSetE
FN:46,_ZN5neml217ConstantParameterINS_2R4EEC2ERKNS_9OptionSetE
FN:46,_ZN5neml217ConstantParameterINS_3RotEEC2ERKNS_9OptionSetE
FN:46,_ZN5neml217ConstantParameterINS_3WR2EEC2ERKNS_9OptionSetE
FN:46,_ZN5neml217ConstantParameterINS_2R2EEC2ERKNS_9OptionSetE
FN:46,_ZN5neml217ConstantParameterINS_11MillerIndexEEC2ERKNS_9OptionSetE
FN:46,_ZN5neml217ConstantParameterINS_6SSSSR8EEC2ERKNS_9OptionSetE
FN:46,_ZN5neml217ConstantParameterINS_6ScalarEEC2ERKNS_9OptionSetE
FN:46,_ZN5neml217ConstantParameterINS_2R8EEC2ERKNS_9OptionSetE
FN:46,_ZN5neml217ConstantParameterINS_4SSR4EEC2ERKNS_9OptionSetE
FN:46,_ZN5neml217ConstantParameterINS_4SWR4EEC2ERKNS_9OptionSetE
FN:46,_ZN5neml217ConstantParameterINS_5SFFR4EEC2ERKNS_9OptionSetE
FN:46,_ZN5neml217ConstantParameterINS_4WSR4EEC2ERKNS_9OptionSetE
FN:46,_ZN5neml217ConstantParameterINS_5SSFR5EEC2ERKNS_9OptionSetE
FN:46,_ZN5neml217ConstantParameterINS_3VecEEC2ERKNS_9OptionSetE
FN:54,_ZN5neml217ConstantParameterINS_2R4EE9set_valueEbbb
FN:54,_ZN5neml217ConstantParameterINS_6ScalarEE9set_valueEbbb
FN:54,_ZN5neml217ConstantParameterINS_11MillerIndexEE9set_valueEbbb
FN:54,_ZN5neml217ConstantParameterINS_4WSR4EE9set_valueEbbb
FN:54,_ZN5neml217ConstantParameterINS_10QuaternionEE9set_valueEbbb
FN:54,_ZN5neml217ConstantParameterINS_3SR2EE9set_valueEbbb
FN:54,_ZN5neml217ConstantParameterINS_3RotEE9set_valueEbbb
FN:54,_ZN5neml217ConstantParameterINS_3WR2EE9set_valueEbbb
FN:54,_ZN5neml217ConstantParameterINS_2R2EE9set_valueEbbb
FN:54,_ZN5neml217ConstantParameterINS_3VecEE9set_valueEbbb
FN:54,_ZN5neml217ConstantParameterINS_4SFR3EE9set_valueEbbb
FN:54,_ZN5neml217ConstantParameterINS_4SWR4EE9set_valueEbbb
FN:54,_ZN5neml217ConstantParameterINS_2R3EE9set_valueEbbb
FN:54,_ZN5neml217ConstantParameterINS_2R8EE9set_valueEbbb
FN:54,_ZN5neml217ConstantParameterINS_2R5EE9set_valueEbbb
FN:54,_ZN5neml217ConstantParameterINS_4WWR4EE9set_valueEbbb
FN:54,_ZN5neml217ConstantParameterINS_5SSFR5EE9set_valueEbbb
FN:54,_ZN5neml217ConstantParameterINS_4SSR4EE9set_valueEbbb
FN:54,_ZN5neml217ConstantParameterINS_6SSSSR8EE9set_valueEbbb
FN:54,_ZN5neml217ConstantParameterINS_5SFFR4EE9set_valueEbbb
FNDA:0,_ZN5neml217ConstantParameterINS_10QuaternionEEC2ERKNS_9OptionSetE
FNDA:0,_ZN5neml217ConstantParameterINS_3RotEE9set_valueEbbb
FNDA:6,_ZN5neml217ConstantParameterINS_4SSR4EE16expected_optionsEv
FNDA:2,_ZN5neml217ConstantParameterINS_3SR2EE9set_valueEbbb
FNDA:0,_ZN5neml217ConstantParameterINS_3WR2EE9set_valueEbbb
FNDA:0,_ZN5neml217ConstantParameterINS_4WSR4EE9set_valueEbbb
FNDA:0,_ZN5neml217ConstantParameterINS_10QuaternionEE9set_valueEbbb
FNDA:6,_ZN5neml217ConstantParameterINS_3RotEE16expected_optionsEv
FNDA:6,_ZN5neml217ConstantParameterINS_3WR2EE16expected_optionsEv
FNDA:0,_ZN5neml217ConstantParameterINS_2R4EEC2ERKNS_9OptionSetE
FNDA:1,_ZN5neml217ConstantParameterINS_3SR2EEC2ERKNS_9OptionSetE
FNDA:0,_ZN5neml217ConstantParameterINS_2R2EE9set_valueEbbb
FNDA:0,_ZN5neml217ConstantParameterINS_4SFR3EE9set_valueEbbb
FNDA:0,_ZN5neml217ConstantParameterINS_3VecEE9set_valueEbbb
FNDA:0,_ZN5neml217ConstantParameterINS_4SWR4EE9set_valueEbbb
FNDA:6,_ZN5neml217ConstantParameterINS_3SR2EE16expected_optionsEv
FNDA:6,_ZN5neml217ConstantParameterINS_2R4EE16expected_optionsEv
FNDA:0,_ZN5neml217ConstantParameterINS_2R3EEC2ERKNS_9OptionSetE
FNDA:2,_ZN5neml217ConstantParameterINS_6ScalarEE9set_valueEbbb
FNDA:0,_ZN5neml217ConstantParameterINS_4WWR4EEC2ERKNS_9OptionSetE
FNDA:0,_ZN5neml217ConstantParameterINS_2R4EE9set_valueEbbb
FNDA:0,_ZN5neml217ConstantParameterINS_11MillerIndexEE9set_valueEbbb
FNDA:6,_ZN5neml217ConstantParameterINS_4WWR4EE16expected_optionsEv
FNDA:6,_ZN5neml217ConstantParameterINS_5SFFR4EE16expected_optionsEv
FNDA:6,_ZN5neml217ConstantParameterINS_10QuaternionEE16expected_optionsEv
FNDA:0,_ZN5neml217ConstantParameterINS_2R5EEC2ERKNS_9OptionSetE
FNDA:0,_ZN5neml217ConstantParameterINS_4SFR3EEC2ERKNS_9OptionSetE
FNDA:6,_ZN5neml217ConstantParameterINS_2R8EE16expected_optionsEv
FNDA:6,_ZN5neml217ConstantParameterINS_3VecEE16expected_optionsEv
FNDA:6,_ZN5neml217ConstantParameterINS_2R3EE16expected_optionsEv
FNDA:0,_ZN5neml217ConstantParameterINS_4SSR4EEC2ERKNS_9OptionSetE
FNDA:0,_ZN5neml217ConstantParameterINS_4SWR4EEC2ERKNS_9OptionSetE
FNDA:0,_ZN5neml217ConstantParameterINS_5SFFR4EEC2ERKNS_9OptionSetE
FNDA:6,_ZN5neml217ConstantParameterINS_6SSSSR8EE16expected_optionsEv
FNDA:6,_ZN5neml217ConstantParameterINS_6ScalarEE16expected_optionsEv
FNDA:6,_ZN5neml217ConstantParameterINS_5SSFR5EE16expected_optionsEv
FNDA:4,_ZN5neml217ConstantParameterINS_6ScalarEEC2ERKNS_9OptionSetE
FNDA:0,_ZN5neml217ConstantParameterINS_2R8EEC2ERKNS_9OptionSetE
FNDA:6,_ZN5neml217ConstantParameterINS_2R5EE16expected_optionsEv
FNDA:0,_ZN5neml217ConstantParameterINS_3VecEEC2ERKNS_9OptionSetE
FNDA:0,_ZN5neml217ConstantParameterINS_4WSR4EEC2ERKNS_9OptionSetE
FNDA:0,_ZN5neml217ConstantParameterINS_5SFFR4EE9set_valueEbbb
FNDA:0,_ZN5neml217ConstantParameterINS_5SSFR5EEC2ERKNS_9OptionSetE
FNDA:0,_ZN5neml217ConstantParameterINS_2R2EEC2ERKNS_9OptionSetE
FNDA:6,_ZN5neml217ConstantParameterINS_2R2EE16expected_optionsEv
FNDA:6,_ZN5neml217ConstantParameterINS_4WSR4EE16expected_optionsEv
FNDA:0,_ZN5neml217ConstantParameterINS_4WWR4EE9set_valueEbbb
FNDA:0,_ZN5neml217ConstantParameterINS_2R8EE9set_valueEbbb
FNDA:0,_ZN5neml217ConstantParameterINS_2R5EE9set_valueEbbb
FNDA:0,_ZN5neml217ConstantParameterINS_2R3EE9set_valueEbbb
FNDA:0,_ZN5neml217ConstantParameterINS_3WR2EEC2ERKNS_9OptionSetE
FNDA:0,_ZN5neml217ConstantParameterINS_3RotEEC2ERKNS_9OptionSetE
FNDA:6,_ZN5neml217ConstantParameterINS_11MillerIndexEE16expected_optionsEv
FNDA:0,_ZN5neml217ConstantParameterINS_6SSSSR8EE9set_valueEbbb
FNDA:0,_ZN5neml217ConstantParameterINS_6SSSSR8EEC2ERKNS_9OptionSetE
FNDA:6,_ZN5neml217ConstantParameterINS_4SFR3EE16expected_optionsEv
FNDA:0,_ZN5neml217ConstantParameterINS_11MillerIndexEEC2ERKNS_9OptionSetE
FNDA:6,_ZN5neml217ConstantParameterINS_4SWR4EE16expected_optionsEv
FNDA:0,_ZN5neml217ConstantParameterINS_4SSR4EE9set_valueEbbb
FNDA:0,_ZN5neml217ConstantParameterINS_5SSFR5EE9set_valueEbbb
FNF:60
FNH:24
DA:34,120
DA:36,120
DA:37,120
DA:40,120
DA:41,120
DA:42,120
DA:43,0
DA:46,5
DA:48,5
DA:50,5
DA:54,4
DA:56,4
DA:57,2
DA:59,4
DA:60,2
DA:61,0
DA:65,4
LF:17
LH:15
end_of_record
TN:
SF:/home/runner/work/neml2/neml2/src/neml2/models/CopyVariable.cxx
FN:34,_ZN5neml212CopyVariableINS_4WSR4EE16expected_optionsEv
FN:34,_ZN5neml212CopyVariableINS_3RotEE16expected_optionsEv
FN:34,_ZN5neml212CopyVariableINS_6SSSSR8EE16expected_optionsEv
FN:34,_ZN5neml212CopyVariableINS_2R3EE16expected_optionsEv
FN:34,_ZN5neml212CopyVariableINS_2R8EE16expected_optionsEv
FN:34,_ZN5neml212CopyVariableINS_2R5EE16expected_optionsEv
FN:34,_ZN5neml212CopyVariableINS_5SSFR5EE16expected_optionsEv
FN:34,_ZN5neml212CopyVariableINS_10QuaternionEE16expected_optionsEv
FN:34,_ZN5neml212CopyVariableINS_11MillerIndexEE16expected_optionsEv
FN:34,_ZN5neml212CopyVariableINS_6ScalarEE16expected_optionsEv
FN:34,_ZN5neml212CopyVariableINS_2R2EE16expected_optionsEv
FN:34,_ZN5neml212CopyVariableINS_3SR2EE16expected_optionsEv
FN:34,_ZN5neml212CopyVariableINS_2R4EE16expected_optionsEv
FN:34,_ZN5neml212CopyVariableINS_4SSR4EE16expected_optionsEv
FN:34,_ZN5neml212CopyVariableINS_3WR2EE16expected_optionsEv
FN:34,_ZN5neml212CopyVariableINS_5SFFR4EE16expected_optionsEv
FN:34,_ZN5neml212CopyVariableINS_3VecEE16expected_optionsEv
FN:34,_ZN5neml212CopyVariableINS_4SWR4EE16expected_optionsEv
FN:34,_ZN5neml212CopyVariableINS_4SFR3EE16expected_optionsEv
FN:34,_ZN5neml212CopyVariableINS_4WWR4EE16expected_optionsEv
FN:49,_ZN5neml212CopyVariableINS_4SWR4EEC2ERKNS_9OptionSetE
FN:49,_ZN5neml212CopyVariableINS_3SR2EEC2ERKNS_9OptionSetE
FN:49,_ZN5neml212CopyVariableINS_4WWR4EEC2ERKNS_9OptionSetE
FN:49,_ZN5neml212CopyVariableINS_11MillerIndexEEC2ERKNS_9OptionSetE
FN:49,_ZN5neml212CopyVariableINS_3WR2EEC2ERKNS_9OptionSetE
FN:49,_ZN5neml212CopyVariableINS_4SFR3EEC2ERKNS_9OptionSetE
FN:49,_ZN5neml212CopyVariableINS_5SFFR4EEC2ERKNS_9OptionSetE
FN:49,_ZN5neml212CopyVariableINS_3RotEEC2ERKNS_9OptionSetE
FN:49,_ZN5neml212CopyVariableINS_2R2EEC2ERKNS_9OptionSetE
FN:49,_ZN5neml212CopyVariableINS_10QuaternionEEC2ERKNS_9OptionSetE
FN:49,_ZN5neml212CopyVariableINS_3VecEEC2ERKNS_9OptionSetE
FN:49,_ZN5neml212CopyVariableINS_2R8EEC2ERKNS_9OptionSetE
FN:49,_ZN5neml212CopyVariableINS_2R5EEC2ERKNS_9OptionSetE
FN:49,_ZN5neml212CopyVariableINS_6SSSSR8EEC2ERKNS_9OptionSetE
FN:49,_ZN5neml212CopyVariableINS_4WSR4EEC2ERKNS_9OptionSetE
FN:49,_ZN5neml212CopyVariableINS_5SSFR5EEC2ERKNS_9OptionSetE
FN:49,_ZN5neml212CopyVariableINS_2R3EEC2ERKNS_9OptionSetE
FN:49,_ZN5neml212CopyVariableINS_2R4EEC2ERKNS_9OptionSetE
FN:49,_ZN5neml212CopyVariableINS_4SSR4EEC2ERKNS_9OptionSetE
FN:49,_ZN5neml212CopyVariableINS_6ScalarEEC2ERKNS_9OptionSetE
FN:58,_ZN5neml212CopyVariableINS_4SSR4EE9set_valueEbbb
FN:58,_ZN5neml212CopyVariableINS_2R8EE9set_valueEbbb
FN:58,_ZN5neml212CopyVariableINS_2R2EE9set_valueEbbb
FN:58,_ZN5neml212CopyVariableINS_4SWR4EE9set_valueEbbb
FN:58,_ZN5neml212CopyVariableINS_3RotEE9set_valueEbbb
FN:58,_ZN5neml212CopyVariableINS_2R3EE9set_valueEbbb
FN:58,_ZN5neml212CopyVariableINS_3SR2EE9set_valueEbbb
FN:58,_ZN5neml212CopyVariableINS_11MillerIndexEE9set_valueEbbb
FN:58,_ZN5neml212CopyVariableINS_5SSFR5EE9set_valueEbbb
FN:58,_ZN5neml212CopyVariableINS_10QuaternionEE9set_valueEbbb
FN:58,_ZN5neml212CopyVariableINS_2R4EE9set_valueEbbb
FN:58,_ZN5neml212CopyVariableINS_4WSR4EE9set_valueEbbb
FN:58,_ZN5neml212CopyVariableINS_5SFFR4EE9set_valueEbbb
FN:58,_ZN5neml212CopyVariableINS_4WWR4EE9set_valueEbbb
FN:58,_ZN5neml212CopyVariableINS_3VecEE9set_valueEbbb
FN:58,_ZN5neml212CopyVariableINS_2R5EE9set_valueEbbb
FN:58,_ZN5neml212CopyVariableINS_3WR2EE9set_valueEbbb
FN:58,_ZN5neml212CopyVariableINS_6SSSSR8EE9set_valueEbbb
FN:58,_ZN5neml212CopyVariableINS_4SFR3EE9set_valueEbbb
FN:58,_ZN5neml212CopyVariableINS_6ScalarEE9set_valueEbbb
FNDA:6,_ZN5neml212CopyVariableINS_2R4EE16expected_optionsEv
FNDA:0,_ZN5neml212CopyVariableINS_5SSFR5EE9set_valueEbbb
FNDA:6,_ZN5neml212CopyVariableINS_3SR2EE16expected_optionsEv
FNDA:0,_ZN5neml212CopyVariableINS_2R8EEC2ERKNS_9OptionSetE
FNDA:0,_ZN5neml212CopyVariableINS_11MillerIndexEE9set_valueEbbb
FNDA:6,_ZN5neml212CopyVariableINS_3VecEE16expected_optionsEv
FNDA:0,_ZN5neml212CopyVariableINS_4WSR4EEC2ERKNS_9OptionSetE
FNDA:0,_ZN5neml212CopyVariableINS_6SSSSR8EEC2ERKNS_9OptionSetE
FNDA:6,_ZN5neml212CopyVariableINS_5SFFR4EE16expected_optionsEv
FNDA:0,_ZN5neml212CopyVariableINS_2R5EEC2ERKNS_9OptionSetE
FNDA:0,_ZN5neml212CopyVariableINS_10QuaternionEE9set_valueEbbb
FNDA:6,_ZN5neml212CopyVariableINS_4SSR4EE16expected_optionsEv
FNDA:6,_ZN5neml212CopyVariableINS_3WR2EE16expected_optionsEv
FNDA:0,_ZN5neml212CopyVariableINS_5SSFR5EEC2ERKNS_9OptionSetE
FNDA:6,_ZN5neml212CopyVariableINS_4SWR4EE16expected_optionsEv
FNDA:0,_ZN5neml212CopyVariableINS_2R3EEC2ERKNS_9OptionSetE
FNDA:0,_ZN5neml212CopyVariableINS_2R4EE9set_valueEbbb
FNDA:0,_ZN5neml212CopyVariableINS_4SSR4EEC2ERKNS_9OptionSetE
FNDA:0,_ZN5neml212CopyVariableINS_2R4EEC2ERKNS_9OptionSetE
FNDA:0,_ZN5neml212CopyVariableINS_5SFFR4EE9set_valueEbbb
FNDA:0,_ZN5neml212CopyVariableINS_4WSR4EE9set_valueEbbb
FNDA:0,_ZN5neml212CopyVariableINS_3VecEE9set_valueEbbb
FNDA:0,_ZN5neml212CopyVariableINS_4WWR4EE9set_valueEbbb
FNDA:0,_ZN5neml212CopyVariableINS_4SFR3EE9set_valueEbbb
FNDA:0,_ZN5neml212CopyVariableINS_6SSSSR8EE9set_valueEbbb
FNDA:0,_ZN5neml212CopyVariableINS_2R5EE9set_valueEbbb
FNDA:0,_ZN5neml212CopyVariableINS_3WR2EE9set_valueEbbb
FNDA:3,_ZN5neml212CopyVariableINS_6ScalarEEC2ERKNS_9OptionSetE
FNDA:6,_ZN5neml212CopyVariableINS_4WWR4EE16expected_optionsEv
FNDA:6,_ZN5neml212CopyVariableINS_4SFR3EE16expected_optionsEv
FNDA:0,_ZN5neml212CopyVariableINS_6ScalarEE9set_valueEbbb
FNDA:6,_ZN5neml212CopyVariableINS_3RotEE16expected_optionsEv
FNDA:0,_ZN5neml212CopyVariableINS_4WWR4EEC2ERKNS_9OptionSetE
FNDA:1,_ZN5neml212CopyVariableINS_3SR2EEC2ERKNS_9OptionSetE
FNDA:0,_ZN5neml212CopyVariableINS_4SWR4EEC2ERKNS_9OptionSetE
FNDA:6,_ZN5neml212CopyVariableINS_4WSR4EE16expected_optionsEv
FNDA:0,_ZN5neml212CopyVariableINS_11MillerIndexEEC2ERKNS_9OptionSetE
FNDA:6,_ZN5neml212CopyVariableINS_6SSSSR8EE16expected_optionsEv
FNDA:6,_ZN5neml212CopyVariableINS_2R3EE16expected_optionsEv
FNDA:6,_ZN5neml212CopyVariableINS_2R5EE16expected_optionsEv
FNDA:0,_ZN5neml212CopyVariableINS_2R8EE9set_valueEbbb
FNDA:6,_ZN5neml212CopyVariableINS_2R8EE16expected_optionsEv
FNDA:0,_ZN5neml212CopyVariableINS_4SSR4EE9set_valueEbbb
FNDA:0,_ZN5neml212CopyVariableINS_3WR2EEC2ERKNS_9OptionSetE
FNDA:0,_ZN5neml212CopyVariableINS_4SWR4EE9set_valueEbbb
FNDA:0,_ZN5neml212CopyVariableINS_5SFFR4EEC2ERKNS_9OptionSetE
FNDA:0,_ZN5neml212CopyVariableINS_4SFR3EEC2ERKNS_9OptionSetE
FNDA:0,_ZN5neml212CopyVariableINS_2R2EE9set_valueEbbb
FNDA:6,_ZN5neml212CopyVariableINS_5SSFR5EE16expected_optionsEv
FNDA:6,_ZN5neml212CopyVariableINS_10QuaternionEE16expected_optionsEv
FNDA:0,_ZN5neml212CopyVariableINS_3RotEEC2ERKNS_9OptionSetE
FNDA:0,_ZN5neml212CopyVariableINS_3RotEE9set_valueEbbb
FNDA:171,_ZN5neml212CopyVariableINS_3SR2EE9set_valueEbbb
FNDA:0,_ZN5neml212CopyVariableINS_2R3EE9set_valueEbbb
FNDA:0,_ZN5neml212CopyVariableINS_2R2EEC2ERKNS_9OptionSetE
FNDA:6,_ZN5neml212CopyVariableINS_11MillerIndexEE16expected_optionsEv
FNDA:0,_ZN5neml212CopyVariableINS_10QuaternionEEC2ERKNS_9OptionSetE
FNDA:6,_ZN5neml212CopyVariableINS_2R2EE16expected_optionsEv
FNDA:6,_ZN5neml212CopyVariableINS_6ScalarEE16expected_optionsEv
FNDA:0,_ZN5neml212CopyVariableINS_3VecEEC2ERKNS_9OptionSetE
FNF:60
FNH:23
DA:34,120
DA:36,120
DA:37,120
DA:39,120
DA:40,120
DA:42,120
DA:43,120
DA:45,120
DA:46,0
DA:49,4
DA:51,4
DA:52,8
DA:54,4
DA:58,171
DA:60,171
DA:61,171
DA:63,171
DA:64,171
DA:65,81
DA:71,171
LF:20
LH:19
end_of_record
TN:
SF:/home/runner/work/neml2/neml2/src/neml2/models/Data.cxx
FN:30,_ZN5neml24Data16expected_optionsEv
FN:37,_ZN5neml24DataC2ERKNS_9OptionSetE
FNDA:793,_ZN5neml24Data16expected_optionsEv
FNDA:386,_ZN5neml24DataC2ERKNS_9OptionSetE
FNF:2
FNH:2
DA:30,793
DA:32,793
DA:33,793
DA:34,793
DA:35,0
DA:37,386
DA:39,386
DA:41,386
LF:8
LH:7
end_of_record
TN:
SF:/home/runner/work/neml2/neml2/src/neml2/models/ForwardEulerTimeIntegration.cxx
FN:36,_ZN5neml227ForwardEulerTimeIntegrationINS_3VecEE16expected_optionsEv
FN:36,_ZN5neml227ForwardEulerTimeIntegrationINS_3SR2EE16expected_optionsEv
FN:36,_ZN5neml227ForwardEulerTimeIntegrationINS_6ScalarEE16expected_optionsEv
FN:58,_ZN5neml227ForwardEulerTimeIntegrationINS_3SR2EEC2ERKNS_9OptionSetE
FN:58,_ZN5neml227ForwardEulerTimeIntegrationINS_6ScalarEEC2ERKNS_9OptionSetE
FN:58,_ZN5neml227ForwardEulerTimeIntegrationINS_3VecEEC2ERKNS_9OptionSetE
FN:72,_ZNK5neml227ForwardEulerTimeIntegrationINS_3VecEE8diagnoseERSt6vectorINS_9DiagnosisESaIS4_EE
FN:72,_ZNK5neml227ForwardEulerTimeIntegrationINS_6ScalarEE8diagnoseERSt6vectorINS_9DiagnosisESaIS4_EE
FN:72,_ZNK5neml227ForwardEulerTimeIntegrationINS_3SR2EE8diagnoseERSt6vectorINS_9DiagnosisESaIS4_EE
FN:82,_ZN5neml227ForwardEulerTimeIntegrationINS_6ScalarEE9set_valueEbbb
FN:82,_ZN5neml227ForwardEulerTimeIntegrationINS_3VecEE9set_valueEbbb
FN:82,_ZN5neml227ForwardEulerTimeIntegrationINS_3SR2EE9set_valueEbbb
FNDA:10,_ZN5neml227ForwardEulerTimeIntegrationINS_6ScalarEE9set_valueEbbb
FNDA:6,_ZN5neml227ForwardEulerTimeIntegrationINS_3VecEE16expected_optionsEv
FNDA:6,_ZN5neml227ForwardEulerTimeIntegrationINS_3SR2EE16expected_optionsEv
FNDA:3,_ZN5neml227ForwardEulerTimeIntegrationINS_3SR2EEC2ERKNS_9OptionSetE
FNDA:0,_ZN5neml227ForwardEulerTimeIntegrationINS_3VecEE9set_valueEbbb
FNDA:6,_ZN5neml227ForwardEulerTimeIntegrationINS_6ScalarEE16expected_optionsEv
FNDA:27,_ZN5neml227ForwardEulerTimeIntegrationINS_3SR2EE9set_valueEbbb
FNDA:0,_ZNK5neml227ForwardEulerTimeIntegrationINS_3VecEE8diagnoseERSt6vectorINS_9DiagnosisESaIS4_EE
FNDA:1,_ZN5neml227ForwardEulerTimeIntegrationINS_6ScalarEEC2ERKNS_9OptionSetE
FNDA:3,_ZNK5neml227ForwardEulerTimeIntegrationINS_3SR2EE8diagnoseERSt6vectorINS_9DiagnosisESaIS4_EE
FNDA:0,_ZN5neml227ForwardEulerTimeIntegrationINS_3VecEEC2ERKNS_9OptionSetE
FNDA:0,_ZNK5neml227ForwardEulerTimeIntegrationINS_6ScalarEE8diagnoseERSt6vectorINS_9DiagnosisESaIS4_EE
FNF:12
FNH:8
DA:36,18
DA:38,18
DA:39,18
DA:45,18
DA:46,18
DA:48,18
DA:49,18
DA:51,18
DA:52,18
DA:54,18
DA:55,0
DA:58,4
DA:60,4
DA:61,4
DA:62,8
DA:63,8
DA:64,4
DA:65,4
DA:66,8
DA:68,4
DA:72,3
DA:74,3
DA:75,3
DA:76,3
DA:77,3
DA:78,3
DA:82,37
DA:84,37
DA:86,37
DA:87,36
DA:89,37
DA:91,1
DA:93,1
DA:95,1
DA:96,0
DA:98,1
DA:99,1
DA:100,1
DA:101,1
LF:39
LH:37
end_of_record
TN:
SF:/home/runner/work/neml2/neml2/src/neml2/models/ImplicitUpdate.cxx
FN:35,_ZN5neml214ImplicitUpdate16expected_optionsEv
FN:51,_ZN5neml214ImplicitUpdateC2ERKNS_9OptionSetE
FN:73,_ZNK5neml214ImplicitUpdate8diagnoseERSt6vectorINS_9DiagnosisESaIS2_EE
FN:99,_ZN5neml214ImplicitUpdate21link_output_variablesEv
FN:107,_ZN5neml214ImplicitUpdate9set_valueEbbb
FNDA:5,_ZNK5neml214ImplicitUpdate8diagnoseERSt6vectorINS_9DiagnosisESaIS2_EE
FNDA:8,_ZN5neml214ImplicitUpdateC2ERKNS_9OptionSetE
FNDA:152,_ZN5neml214ImplicitUpdate9set_valueEbbb
FNDA:8,_ZN5neml214ImplicitUpdate21link_output_variablesEv
FNDA:6,_ZN5neml214ImplicitUpdate16expected_optionsEv
FNF:5
FNH:5
DA:35,6
DA:37,6
DA:38,6
DA:39,6
DA:41,6
DA:42,12
DA:43,6
DA:45,6
DA:46,6
DA:48,6
DA:49,0
DA:51,8
DA:53,8
DA:55,16
DA:57,8
DA:59,8
DA:61,8
DA:68,27
DA:69,19
DA:70,8
DA:73,5
DA:75,5
DA:76,10
DA:77,5
DA:79,5
DA:80,5
DA:81,5
DA:83,5
DA:84,10
DA:85,5
DA:87,5
DA:88,15
DA:90,5
DA:93,5
DA:95,5
DA:96,5
DA:99,8
DA:101,8
DA:102,27
DA:103,19
DA:104,8
DA:107,152
DA:109,152
DA:112,152
DA:113,304
DA:118,152
DA:121,152
DA:123,152
DA:124,152
DA:125,152
DA:126,152
DA:128,152
DA:140,151
DA:141,0
DA:145,152
DA:148,2
DA:149,2
DA:150,2
DA:151,4
DA:152,2
DA:155,2
DA:158,10
DA:160,8
DA:161,2
DA:163,6
DA:164,6
DA:165,12
DA:167,2
DA:168,152
LF:69
LH:67
end_of_record
TN:
SF:/home/runner/work/neml2/neml2/src/neml2/models/InputParameter.cxx
FN:34,_ZN5neml214InputParameterINS_5SSFR5EE16expected_optionsEv
FN:34,_ZN5neml214InputParameterINS_2R4EE16expected_optionsEv
FN:34,_ZN5neml214InputParameterINS_2R3EE16expected_optionsEv
FN:34,_ZN5neml214InputParameterINS_2R8EE16expected_optionsEv
FN:34,_ZN5neml214InputParameterINS_5SFFR4EE16expected_optionsEv
FN:34,_ZN5neml214InputParameterINS_4SWR4EE16expected_optionsEv
FN:34,_ZN5neml214InputParameterINS_3SR2EE16expected_optionsEv
FN:34,_ZN5neml214InputParameterINS_3RotEE16expected_optionsEv
FN:34,_ZN5neml214InputParameterINS_3WR2EE16expected_optionsEv
FN:34,_ZN5neml214InputParameterINS_10QuaternionEE16expected_optionsEv
FN:34,_ZN5neml214InputParameterINS_4SFR3EE16expected_optionsEv
FN:34,_ZN5neml214InputParameterINS_6ScalarEE16expected_optionsEv
FN:34,_ZN5neml214InputParameterINS_4SSR4EE16expected_optionsEv
FN:34,_ZN5neml214InputParameterINS_4WWR4EE16expected_optionsEv
FN:34,_ZN5neml214InputParameterINS_11MillerIndexEE16expected_optionsEv
FN:34,_ZN5neml214InputParameterINS_2R5EE16expected_optionsEv
FN:34,_ZN5neml214InputParameterINS_6SSSSR8EE16expected_optionsEv
FN:34,_ZN5neml214InputParameterINS_2R2EE16expected_optionsEv
FN:34,_ZN5neml214InputParameterINS_3VecEE16expected_optionsEv
FN:34,_ZN5neml214InputParameterINS_4WSR4EE16expected_optionsEv
FN:45,_ZN5neml214InputParameterINS_4WWR4EEC2ERKNS_9OptionSetE
FN:45,_ZN5neml214InputParameterINS_4SFR3EEC2ERKNS_9OptionSetE
FN:45,_ZN5neml214InputParameterINS_5SSFR5EEC2ERKNS_9OptionSetE
FN:45,_ZN5neml214InputParameterINS_4WSR4EEC2ERKNS_9OptionSetE
FN:45,_ZN5neml214InputParameterINS_2R3EEC2ERKNS_9OptionSetE
FN:45,_ZN5neml214InputParameterINS_2R5EEC2ERKNS_9OptionSetE
FN:45,_ZN5neml214InputParameterINS_3WR2EEC2ERKNS_9OptionSetE
FN:45,_ZN5neml214InputParameterINS_3VecEEC2ERKNS_9OptionSetE
FN:45,_ZN5neml214InputParameterINS_2R8EEC2ERKNS_9OptionSetE
FN:45,_ZN5neml214InputParameterINS_2R2EEC2ERKNS_9OptionSetE
FN:45,_ZN5neml214InputParameterINS_11MillerIndexEEC2ERKNS_9OptionSetE
FN:45,_ZN5neml214InputParameterINS_6SSSSR8EEC2ERKNS_9OptionSetE
FN:45,_ZN5neml214InputParameterINS_10QuaternionEEC2ERKNS_9OptionSetE
FN:45,_ZN5neml214InputParameterINS_3RotEEC2ERKNS_9OptionSetE
FN:45,_ZN5neml214InputParameterINS_5SFFR4EEC2ERKNS_9OptionSetE
FN:45,_ZN5neml214InputParameterINS_4SSR4EEC2ERKNS_9OptionSetE
FN:45,_ZN5neml214InputParameterINS_6ScalarEEC2ERKNS_9OptionSetE
FN:45,_ZN5neml214InputParameterINS_3SR2EEC2ERKNS_9OptionSetE
FN:45,_ZN5neml214InputParameterINS_4SWR4EEC2ERKNS_9OptionSetE
FN:45,_ZN5neml214InputParameterINS_2R4EEC2ERKNS_9OptionSetE
FN:58,_ZN5neml214InputParameterINS_2R8EE9set_valueEbbb
FN:58,_ZN5neml214InputParameterINS_2R2EE9set_valueEbbb
FN:58,_ZN5neml214InputParameterINS_2R5EE9set_valueEbbb
FN:58,_ZN5neml214InputParameterINS_11MillerIndexEE9set_valueEbbb
FN:58,_ZN5neml214InputParameterINS_4WWR4EE9set_valueEbbb
FN:58,_ZN5neml214InputParameterINS_6SSSSR8EE9set_valueEbbb
FN:58,_ZN5neml214InputParameterINS_3RotEE9set_valueEbbb
FN:58,_ZN5neml214InputParameterINS_3SR2EE9set_valueEbbb
FN:58,_ZN5neml214InputParameterINS_4SWR4EE9set_valueEbbb
FN:58,_ZN5neml214InputParameterINS_3WR2EE9set_valueEbbb
FN:58,_ZN5neml214InputParameterINS_5SFFR4EE9set_valueEbbb
FN:58,_ZN5neml214InputParameterINS_10QuaternionEE9set_valueEbbb
FN:58,_ZN5neml214InputParameterINS_4SSR4EE9set_valueEbbb
FN:58,_ZN5neml214InputParameterINS_2R4EE9set_valueEbbb
FN:58,_ZN5neml214InputParameterINS_6ScalarEE9set_valueEbbb
FN:58,_ZN5neml214InputParameterINS_5SSFR5EE9set_valueEbbb
FN:58,_ZN5neml214InputParameterINS_4WSR4EE9set_valueEbbb
FN:58,_ZN5neml214InputParameterINS_4SFR3EE9set_valueEbbb
FN:58,_ZN5neml214InputParameterINS_3VecEE9set_valueEbbb
FN:58,_ZN5neml214InputParameterINS_2R3EE9set_valueEbbb
FNDA:0,_ZN5neml214InputParameterINS_3VecEE9set_valueEbbb
FNDA:2,_ZN5neml214InputParameterINS_4SSR4EEC2ERKNS_9OptionSetE
FNDA:0,_ZN5neml214InputParameterINS_4SFR3EE9set_valueEbbb
FNDA:6,_ZN5neml214InputParameterINS_3VecEE16expected_optionsEv
FNDA:0,_ZN5neml214InputParameterINS_5SFFR4EEC2ERKNS_9OptionSetE
FNDA:0,_ZN5neml214InputParameterINS_2R4EEC2ERKNS_9OptionSetE
FNDA:6,_ZN5neml214InputParameterINS_4WSR4EE16expected_optionsEv
FNDA:0,_ZN5neml214InputParameterINS_2R3EE9set_valueEbbb
FNDA:0,_ZN5neml214InputParameterINS_4SWR4EEC2ERKNS_9OptionSetE
FNDA:0,_ZN5neml214InputParameterINS_3SR2EEC2ERKNS_9OptionSetE
FNDA:48,_ZN5neml214InputParameterINS_6ScalarEEC2ERKNS_9OptionSetE
FNDA:0,_ZN5neml214InputParameterINS_2R4EE9set_valueEbbb
FNDA:100,_ZN5neml214InputParameterINS_4SSR4EE9set_valueEbbb
FNDA:0,_ZN5neml214InputParameterINS_11MillerIndexEEC2ERKNS_9OptionSetE
FNDA:0,_ZN5neml214InputParameterINS_2R2EEC2ERKNS_9OptionSetE
FNDA:0,_ZN5neml214InputParameterINS_10QuaternionEE9set_valueEbbb
FNDA:0,_ZN5neml214InputParameterINS_2R8EEC2ERKNS_9OptionSetE
FNDA:0,_ZN5neml214InputParameterINS_5SFFR4EE9set_valueEbbb
FNDA:0,_ZN5neml214InputParameterINS_3WR2EE9set_valueEbbb
FNDA:6,_ZN5neml214InputParameterINS_6SSSSR8EE16expected_optionsEv
FNDA:6,_ZN5neml214InputParameterINS_2R2EE16expected_optionsEv
FNDA:0,_ZN5neml214InputParameterINS_3RotEEC2ERKNS_9OptionSetE
FNDA:6,_ZN5neml214InputParameterINS_2R5EE16expected_optionsEv
FNDA:0,_ZN5neml214InputParameterINS_10QuaternionEEC2ERKNS_9OptionSetE
FNDA:0,_ZN5neml214InputParameterINS_4WSR4EE9set_valueEbbb
FNDA:6,_ZN5neml214InputParameterINS_11MillerIndexEE16expected_optionsEv
FNDA:0,_ZN5neml214InputParameterINS_6SSSSR8EEC2ERKNS_9OptionSetE
FNDA:6,_ZN5neml214InputParameterINS_4WWR4EE16expected_optionsEv
FNDA:6,_ZN5neml214InputParameterINS_4SSR4EE16expected_optionsEv
FNDA:0,_ZN5neml214InputParameterINS_5SSFR5EE9set_valueEbbb
FNDA:1302,_ZN5neml214InputParameterINS_6ScalarEE9set_valueEbbb
FNDA:6,_ZN5neml214InputParameterINS_6ScalarEE16expected_optionsEv
FNDA:6,_ZN5neml214InputParameterINS_3RotEE16expected_optionsEv
FNDA:6,_ZN5neml214InputParameterINS_3SR2EE16expected_optionsEv
FNDA:6,_ZN5neml214InputParameterINS_4SWR4EE16expected_optionsEv
FNDA:0,_ZN5neml214InputParameterINS_4WWR4EE9set_valueEbbb
FNDA:0,_ZN5neml214InputParameterINS_4SWR4EE9set_valueEbbb
FNDA:0,_ZN5neml214InputParameterINS_3VecEEC2ERKNS_9OptionSetE
FNDA:0,_ZN5neml214InputParameterINS_3WR2EEC2ERKNS_9OptionSetE
FNDA:0,_ZN5neml214InputParameterINS_2R5EEC2ERKNS_9OptionSetE
FNDA:6,_ZN5neml214InputParameterINS_4SFR3EE16expected_optionsEv
FNDA:0,_ZN5neml214InputParameterINS_3SR2EE9set_valueEbbb
FNDA:0,_ZN5neml214InputParameterINS_3RotEE9set_valueEbbb
FNDA:0,_ZN5neml214InputParameterINS_6SSSSR8EE9set_valueEbbb
FNDA:6,_ZN5neml214InputParameterINS_10QuaternionEE16expected_optionsEv
FNDA:0,_ZN5neml214InputParameterINS_2R3EEC2ERKNS_9OptionSetE
FNDA:6,_ZN5neml214InputParameterINS_3WR2EE16expected_optionsEv
FNDA:0,_ZN5neml214InputParameterINS_5SSFR5EEC2ERKNS_9OptionSetE
FNDA:0,_ZN5neml214InputParameterINS_4SFR3EEC2ERKNS_9OptionSetE
FNDA:6,_ZN5neml214InputParameterINS_2R3EE16expected_optionsEv
FNDA:0,_ZN5neml214InputParameterINS_2R2EE9set_valueEbbb
FNDA:0,_ZN5neml214InputParameterINS_2R8EE9set_valueEbbb
FNDA:0,_ZN5neml214InputParameterINS_4WWR4EEC2ERKNS_9OptionSetE
FNDA:6,_ZN5neml214InputParameterINS_2R4EE16expected_optionsEv
FNDA:6,_ZN5neml214InputParameterINS_5SSFR5EE16expected_optionsEv
FNDA:0,_ZN5neml214InputParameterINS_11MillerIndexEE9set_valueEbbb
FNDA:6,_ZN5neml214InputParameterINS_5SFFR4EE16expected_optionsEv
FNDA:0,_ZN5neml214InputParameterINS_2R5EE9set_valueEbbb
FNDA:6,_ZN5neml214InputParameterINS_2R8EE16expected_optionsEv
FNDA:0,_ZN5neml214InputParameterINS_4WSR4EEC2ERKNS_9OptionSetE
FNF:60
FNH:24
DA:34,120
DA:36,120
DA:37,120
DA:39,120
DA:40,120
DA:41,120
DA:42,0
DA:45,50
DA:47,50
DA:49,50
DA:52,50
DA:54,50
DA:58,1402
DA:60,1402
DA:61,1402
DA:63,1402
DA:64,797
DA:65,797
DA:69,1402
LF:19
LH:18
end_of_record
TN:
SF:/home/runner/work/neml2/neml2/src/neml2/models/LabeledAxis.cxx
FN:29,_ZN5neml211LabeledAxisC2ERKNS_19LabeledAxisAccessorE
FN:35,_ZNK5neml211LabeledAxis7qualifyERKNS_19LabeledAxisAccessorE
FN:41,_ZN5neml211LabeledAxis11add_subaxisERKSs
FN:54,_ZN5neml211LabeledAxis12add_variableERKNS_19LabeledAxisAccessorEl
FN:72,_ZN5neml211LabeledAxis12setup_layoutEv
FN:132,_ZNK5neml211LabeledAxis4sizeEv
FN:148,_ZNK5neml211LabeledAxis4sizeERKNS_19LabeledAxisAccessorE
FN:179,_ZNK5neml211LabeledAxis5sliceERKNS_19LabeledAxisAccessorE
FN:198,_ZNK5neml211LabeledAxis9nvariableEv
FN:212,_ZNK5neml211LabeledAxis12has_variableERKNS_19LabeledAxisAccessorE
FN:230,_ZNK5neml211LabeledAxis11variable_idERKNS_19LabeledAxisAccessorE
FN:244,_ZNK5neml211LabeledAxis14variable_namesEv
FN:251,_ZNK5neml211LabeledAxis15variable_slicesEv
FN:258,_ZNK5neml211LabeledAxis14variable_sliceERKNS_19LabeledAxisAccessorE
FN:265,_ZNK5neml211LabeledAxis14variable_sizesEv
FN:272,_ZNK5neml211LabeledAxis13variable_sizeERKNS_19LabeledAxisAccessorE
FN:294,_ZNK5neml211LabeledAxis8nsubaxisEv
FN:300,_ZNK5neml211LabeledAxis11has_subaxisERKNS_19LabeledAxisAccessorE
FN:313,_ZNK5neml211LabeledAxis10subaxis_idERKSs
FN:326,_ZNK5neml211LabeledAxis7subaxesEv
FN:333,_ZNK5neml211LabeledAxis7subaxisERKNS_19LabeledAxisAccessorE
FN:348,_ZN5neml211LabeledAxis7subaxisERKNS_19LabeledAxisAccessorE
FN:355,_ZNK5neml211LabeledAxis13subaxis_namesEv
FN:362,_ZNK5neml211LabeledAxis14subaxis_slicesEv
FN:369,_ZNK5neml211LabeledAxis13subaxis_sliceERKNS_19LabeledAxisAccessorE
FN:387,_ZNK5neml211LabeledAxis13subaxis_sizesEv
FN:394,_ZNK5neml211LabeledAxis12subaxis_sizeERKNS_19LabeledAxisAccessorE
FN:407,_ZNK5neml211LabeledAxis6equalsERKS0_
FN:431,_ZN5neml211LabeledAxis22cache_reserved_subaxisERKSs
FN:448,_ZNK5neml211LabeledAxis16ensure_setup_dbgEv
FN:454,_ZN5neml2lsERSoRKNS_11LabeledAxisE
FN:484,_ZN5neml2eqERKNS_11LabeledAxisES2_
FN:490,_ZN5neml2neERKNS_11LabeledAxisES2_
FNDA:1354,_ZNK5neml211LabeledAxis4sizeEv
FNDA:14,_ZNK5neml211LabeledAxis12subaxis_sizeERKNS_19LabeledAxisAccessorE
FNDA:0,_ZN5neml2lsERSoRKNS_11LabeledAxisE
FNDA:62,_ZNK5neml211LabeledAxis13variable_sizeERKNS_19LabeledAxisAccessorE
FNDA:47187,_ZNK5neml211LabeledAxis14variable_sizesEv
FNDA:10,_ZNK5neml211LabeledAxis6equalsERKS0_
FNDA:4,_ZN5neml2neERKNS_11LabeledAxisES2_
FNDA:5721,_ZNK5neml211LabeledAxis7subaxisERKNS_19LabeledAxisAccessorE
FNDA:88,_ZNK5neml211LabeledAxis11variable_idERKNS_19LabeledAxisAccessorE
FNDA:40,_ZNK5neml211LabeledAxis14variable_sliceERKNS_19LabeledAxisAccessorE
FNDA:5633,_ZN5neml211LabeledAxis7subaxisERKNS_19LabeledAxisAccessorE
FNDA:3443,_ZN5neml211LabeledAxis12add_variableERKNS_19LabeledAxisAccessorEl
FNDA:1380,_ZN5neml211LabeledAxis22cache_reserved_subaxisERKSs
FNDA:7,_ZNK5neml211LabeledAxis13subaxis_namesEv
FNDA:2,_ZNK5neml211LabeledAxis7subaxesEv
FNDA:16,_ZNK5neml211LabeledAxis15variable_slicesEv
FNDA:13,_ZNK5neml211LabeledAxis8nsubaxisEv
FNDA:1876,_ZN5neml211LabeledAxisC2ERKNS_19LabeledAxisAccessorE
FNDA:2045,_ZN5neml211LabeledAxis12setup_layoutEv
FNDA:7,_ZNK5neml211LabeledAxis13subaxis_sizesEv
FNDA:3,_ZNK5neml211LabeledAxis14subaxis_slicesEv
FNDA:827,_ZNK5neml211LabeledAxis12has_variableERKNS_19LabeledAxisAccessorE
FNDA:13,_ZNK5neml211LabeledAxis9nvariableEv
FNDA:27,_ZNK5neml211LabeledAxis11has_subaxisERKNS_19LabeledAxisAccessorE
FNDA:53250,_ZNK5neml211LabeledAxis16ensure_setup_dbgEv
FNDA:27,_ZNK5neml211LabeledAxis5sliceERKNS_19LabeledAxisAccessorE
FNDA:1876,_ZN5neml211LabeledAxis11add_subaxisERKSs
FNDA:5842,_ZNK5neml211LabeledAxis14variable_namesEv
FNDA:6,_ZN5neml2eqERKNS_11LabeledAxisES2_
FNDA:78,_ZNK5neml211LabeledAxis4sizeERKNS_19LabeledAxisAccessorE
FNDA:20669,_ZNK5neml211LabeledAxis7qualifyERKNS_19LabeledAxisAccessorE
FNDA:14,_ZNK5neml211LabeledAxis13subaxis_sliceERKNS_19LabeledAxisAccessorE
FNDA:17,_ZNK5neml211LabeledAxis10subaxis_idERKSs
FNF:33
FNH:32
DA:29,1876
DA:30,1876
DA:32,1876
DA:35,20669
DA:37,20669
DA:41,1876
DA:43,1876
DA:44,1876
DA:45,1876
DA:46,1876
DA:47,1876
DA:48,1876
DA:49,1380
DA:50,3752
DA:54,3443
DA:56,3443
DA:57,3443
DA:59,3443
DA:61,1693
DA:63,1693
DA:65,1693
DA:68,1750
DA:69,3443
DA:72,2045
DA:75,2045
DA:77,2045
DA:78,2045
DA:79,2045
DA:80,2045
DA:82,2045
DA:83,2045
DA:84,2045
DA:85,2045
DA:86,2045
DA:89,3570
DA:91,1525
DA:92,1525
DA:93,1525
DA:94,1525
DA:95,1525
DA:99,3362
DA:101,1317
DA:102,1317
DA:103,1317
DA:104,1317
DA:105,1317
DA:106,1317
DA:107,1317
DA:108,1317
DA:111,3277
DA:113,1960
DA:114,1960
DA:115,1960
DA:116,1960
DA:117,1960
DA:120,1960
DA:121,1960
DA:122,3920
DA:123,1960
DA:124,1960
DA:128,2045
DA:129,2045
DA:132,1354
DA:135,1354
DA:136,1331
DA:139,23
DA:140,69
DA:141,46
DA:142,32
DA:143,9
DA:144,23
DA:148,78
DA:150,78
DA:153,78
DA:155,46
DA:156,46
DA:157,36
DA:159,10
DA:160,10
DA:165,10
DA:169,32
DA:170,32
DA:175,32
DA:179,27
DA:181,27
DA:182,27
DA:185,27
DA:186,22
DA:189,5
DA:194,5
DA:198,13
DA:201,13
DA:202,4
DA:205,9
DA:206,14
DA:207,5
DA:208,9
DA:212,827
DA:214,827
DA:217,827
DA:218,200
DA:219,400
DA:222,627
DA:223,198
DA:225,429
DA:226,429
DA:230,88
DA:232,88
DA:233,88
DA:234,88
DA:235,88
DA:240,88
DA:244,5842
DA:246,5842
DA:247,5842
DA:251,16
DA:253,16
DA:254,16
DA:258,40
DA:260,40
DA:261,40
DA:265,47187
DA:267,47187
DA:268,47187
DA:272,62
DA:275,62
DA:276,30
DA:279,32
DA:281,18
DA:282,18
DA:283,18
DA:284,18
DA:287,14
DA:288,14
DA:289,14
DA:290,14
DA:294,13
DA:296,13
DA:300,27
DA:302,27
DA:304,27
DA:306,27
DA:307,23
DA:309,4
DA:313,17
DA:315,17
DA:316,17
DA:317,17
DA:322,17
DA:326,2
DA:328,2
DA:329,2
DA:333,5721
DA:335,5721
DA:337,5721
DA:338,5721
DA:339,5721
DA:341,5721
DA:342,5717
DA:344,4
DA:348,5633
DA:351,5633
DA:355,7
DA:357,7
DA:358,7
DA:362,3
DA:364,3
DA:365,3
DA:369,14
DA:371,14
DA:374,14
DA:375,10
DA:378,4
DA:379,4
DA:380,4
DA:381,4
DA:382,4
DA:383,4
DA:384,4
DA:387,7
DA:389,7
DA:390,7
DA:394,14
DA:396,14
DA:397,14
DA:398,14
DA:400,14
DA:401,10
DA:403,4
DA:407,10
DA:410,10
DA:411,2
DA:414,8
DA:415,0
DA:418,10
DA:420,2
DA:421,0
DA:423,2
DA:424,0
DA:427,8
DA:431,1380
DA:433,1380
DA:434,449
DA:435,931
DA:436,59
DA:437,872
DA:438,128
DA:439,744
DA:440,64
DA:441,680
[...]
FN:38,_ZN5neml219OnesPrimitiveTensorINS_3SR2EE16expected_optionsEv
FN:38,_ZN5neml219OnesPrimitiveTensorINS_10QuaternionEE16expected_optionsEv
FN:38,_ZN5neml219OnesPrimitiveTensorINS_3WR2EE16expected_optionsEv
FN:38,_ZN5neml219OnesPrimitiveTensorINS_4WSR4EE16expected_optionsEv
FN:38,_ZN5neml219OnesPrimitiveTensorINS_11MillerIndexEE16expected_optionsEv
FN:38,_ZN5neml219OnesPrimitiveTensorINS_6ScalarEE16expected_optionsEv
FN:38,_ZN5neml219OnesPrimitiveTensorINS_2R8EE16expected_optionsEv
FN:38,_ZN5neml219OnesPrimitiveTensorINS_6SSSSR8EE16expected_optionsEv
FN:38,_ZN5neml219OnesPrimitiveTensorINS_5SSFR5EE16expected_optionsEv
FN:38,_ZN5neml219OnesPrimitiveTensorINS_3VecEE16expected_optionsEv
FN:38,_ZN5neml219OnesPrimitiveTensorINS_3RotEE16expected_optionsEv
FN:38,_ZN5neml219OnesPrimitiveTensorINS_2R5EE16expected_optionsEv
FN:38,_ZN5neml219OnesPrimitiveTensorINS_5SFFR4EE16expected_optionsEv
FN:38,_ZN5neml219OnesPrimitiveTensorINS_2R4EE16expected_optionsEv
FN:38,_ZN5neml219OnesPrimitiveTensorINS_2R2EE16expected_optionsEv
FN:38,_ZN5neml219OnesPrimitiveTensorINS_4SWR4EE16expected_optionsEv
FN:38,_ZN5neml219OnesPrimitiveTensorINS_4SSR4EE16expected_optionsEv
FN:38,_ZN5neml219OnesPrimitiveTensorINS_2R3EE16expected_optionsEv
FN:38,_ZN5neml219OnesPrimitiveTensorINS_4WWR4EE16expected_optionsEv
FN:38,_ZN5neml219OnesPrimitiveTensorINS_4SFR3EE16expected_optionsEv
FN:54,_ZN5neml219OnesPrimitiveTensorINS_5SSFR5EEC2ERKNS_9OptionSetE
FN:54,_ZN5neml219OnesPrimitiveTensorINS_4WSR4EEC2ERKNS_9OptionSetE
FN:54,_ZN5neml219OnesPrimitiveTensorINS_4WWR4EEC2ERKNS_9OptionSetE
FN:54,_ZN5neml219OnesPrimitiveTensorINS_3RotEEC2ERKNS_9OptionSetE
FN:54,_ZN5neml219OnesPrimitiveTensorINS_10QuaternionEEC2ERKNS_9OptionSetE
FN:54,_ZN5neml219OnesPrimitiveTensorINS_2R2EEC2ERKNS_9OptionSetE
FN:54,_ZN5neml219OnesPrimitiveTensorINS_4SWR4EEC2ERKNS_9OptionSetE
FN:54,_ZN5neml219OnesPrimitiveTensorINS_4SSR4EEC2ERKNS_9OptionSetE
FN:54,_ZN5neml219OnesPrimitiveTensorINS_2R5EEC2ERKNS_9OptionSetE
FN:54,_ZN5neml219OnesPrimitiveTensorINS_2R4EEC2ERKNS_9OptionSetE
FN:54,_ZN5neml219OnesPrimitiveTensorINS_3VecEEC2ERKNS_9OptionSetE
FN:54,_ZN5neml219OnesPrimitiveTensorINS_5SFFR4EEC2ERKNS_9OptionSetE
FN:54,_ZN5neml219OnesPrimitiveTensorINS_4SFR3EEC2ERKNS_9OptionSetE
FN:54,_ZN5neml219OnesPrimitiveTensorINS_6ScalarEEC2ERKNS_9OptionSetE
FN:54,_ZN5neml219OnesPrimitiveTensorINS_11MillerIndexEEC2ERKNS_9OptionSetE
FN:54,_ZN5neml219OnesPrimitiveTensorINS_2R3EEC2ERKNS_9OptionSetE
FN:54,_ZN5neml219OnesPrimitiveTensorINS_6SSSSR8EEC2ERKNS_9OptionSetE
FN:54,_ZN5neml219OnesPrimitiveTensorINS_3SR2EEC2ERKNS_9OptionSetE
FN:54,_ZN5neml219OnesPrimitiveTensorINS_3WR2EEC2ERKNS_9OptionSetE
FN:54,_ZN5neml219OnesPrimitiveTensorINS_2R8EEC2ERKNS_9OptionSetE
FNDA:6,_ZN5neml219OnesPrimitiveTensorINS_3RotEE16expected_optionsEv
FNDA:0,_ZN5neml219OnesPrimitiveTensorINS_4SWR4EEC2ERKNS_9OptionSetE
FNDA:1,_ZN5neml219OnesPrimitiveTensorINS_4SSR4EEC2ERKNS_9OptionSetE
FNDA:6,_ZN5neml219OnesPrimitiveTensorINS_2R8EE16expected_optionsEv
FNDA:1,_ZN5neml219OnesPrimitiveTensorINS_2R2EEC2ERKNS_9OptionSetE
FNDA:6,_ZN5neml219OnesPrimitiveTensorINS_6SSSSR8EE16expected_optionsEv
FNDA:6,_ZN5neml219OnesPrimitiveTensorINS_5SSFR5EE16expected_optionsEv
FNDA:6,_ZN5neml219OnesPrimitiveTensorINS_3VecEE16expected_optionsEv
FNDA:6,_ZN5neml219OnesPrimitiveTensorINS_4WSR4EE16expected_optionsEv
FNDA:6,_ZN5neml219OnesPrimitiveTensorINS_6ScalarEE16expected_optionsEv
FNDA:6,_ZN5neml219OnesPrimitiveTensorINS_11MillerIndexEE16expected_optionsEv
FNDA:1,_ZN5neml219OnesPrimitiveTensorINS_5SSFR5EEC2ERKNS_9OptionSetE
FNDA:6,_ZN5neml219OnesPrimitiveTensorINS_3SR2EE16expected_optionsEv
FNDA:0,_ZN5neml219OnesPrimitiveTensorINS_4WSR4EEC2ERKNS_9OptionSetE
FNDA:6,_ZN5neml219OnesPrimitiveTensorINS_10QuaternionEE16expected_optionsEv
FNDA:0,_ZN5neml219OnesPrimitiveTensorINS_4WWR4EEC2ERKNS_9OptionSetE
FNDA:1,_ZN5neml219OnesPrimitiveTensorINS_3RotEEC2ERKNS_9OptionSetE
FNDA:6,_ZN5neml219OnesPrimitiveTensorINS_3WR2EE16expected_optionsEv
FNDA:0,_ZN5neml219OnesPrimitiveTensorINS_10QuaternionEEC2ERKNS_9OptionSetE
FNDA:6,_ZN5neml219OnesPrimitiveTensorINS_4SFR3EE16expected_optionsEv
FNDA:1,_ZN5neml219OnesPrimitiveTensorINS_2R3EEC2ERKNS_9OptionSetE
FNDA:1,_ZN5neml219OnesPrimitiveTensorINS_3SR2EEC2ERKNS_9OptionSetE
FNDA:0,_ZN5neml219OnesPrimitiveTensorINS_6SSSSR8EEC2ERKNS_9OptionSetE
FNDA:0,_ZN5neml219OnesPrimitiveTensorINS_2R8EEC2ERKNS_9OptionSetE
FNDA:0,_ZN5neml219OnesPrimitiveTensorINS_3WR2EEC2ERKNS_9OptionSetE
FNDA:6,_ZN5neml219OnesPrimitiveTensorINS_4WWR4EE16expected_optionsEv
FNDA:1,_ZN5neml219OnesPrimitiveTensorINS_6ScalarEEC2ERKNS_9OptionSetE
FNDA:0,_ZN5neml219OnesPrimitiveTensorINS_11MillerIndexEEC2ERKNS_9OptionSetE
FNDA:1,_ZN5neml219OnesPrimitiveTensorINS_2R4EEC2ERKNS_9OptionSetE
FNDA:6,_ZN5neml219OnesPrimitiveTensorINS_5SFFR4EE16expected_optionsEv
FNDA:1,_ZN5neml219OnesPrimitiveTensorINS_3VecEEC2ERKNS_9OptionSetE
FNDA:0,_ZN5neml219OnesPrimitiveTensorINS_5SFFR4EEC2ERKNS_9OptionSetE
FNDA:6,_ZN5neml219OnesPrimitiveTensorINS_2R2EE16expected_optionsEv
FNDA:6,_ZN5neml219OnesPrimitiveTensorINS_2R4EE16expected_optionsEv
FNDA:1,_ZN5neml219OnesPrimitiveTensorINS_4SFR3EEC2ERKNS_9OptionSetE
FNDA:6,_ZN5neml219OnesPrimitiveTensorINS_4SWR4EE16expected_optionsEv
FNDA:6,_ZN5neml219OnesPrimitiveTensorINS_2R3EE16expected_optionsEv
FNDA:6,_ZN5neml219OnesPrimitiveTensorINS_4SSR4EE16expected_optionsEv
FNDA:6,_ZN5neml219OnesPrimitiveTensorINS_2R5EE16expected_optionsEv
FNDA:1,_ZN5neml219OnesPrimitiveTensorINS_2R5EEC2ERKNS_9OptionSetE
FNF:40
FNH:31
DA:38,120
DA:42,120
DA:44,120
DA:45,120
DA:47,120
DA:48,120
DA:50,240
DA:51,120
DA:54,11
DA:55,22
DA:56,22
DA:58,11
LF:12
LH:12
end_of_record
TN:
SF:/home/runner/work/neml2/neml2/src/neml2/tensors/user_tensors/OnesTensor.cxx
FN:32,_ZN5neml210OnesTensor16expected_optionsEv
FN:46,_ZN5neml210OnesTensorC2ERKNS_9OptionSetE
FNDA:1,_ZN5neml210OnesTensorC2ERKNS_9OptionSetE
FNDA:6,_ZN5neml210OnesTensor16expected_optionsEv
FNF:2
FNH:2
DA:32,6
DA:34,6
DA:35,6
DA:37,6
DA:38,6
DA:40,6
DA:41,6
DA:43,6
DA:44,0
DA:46,1
DA:47,2
DA:49,1
DA:50,3
DA:52,1
LF:14
LH:13
end_of_record
TN:
SF:/home/runner/work/neml2/neml2/src/neml2/tensors/user_tensors/Orientation.cxx
FN:35,_ZN5neml211Orientation16expected_optionsEv
FN:72,_ZN5neml211OrientationC2ERKNS_9OptionSetE
FN:79,_ZNK5neml211Orientation4fillERKNS_9OptionSetE
FN:107,_ZNK5neml211Orientation16expand_as_neededERKNS_3RotEj
FNDA:6,_ZN5neml211OrientationC2ERKNS_9OptionSetE
FNDA:6,_ZNK5neml211Orientation4fillERKNS_9OptionSetE
FNDA:6,_ZNK5neml211Orientation16expand_as_neededERKNS_3RotEj
FNDA:6,_ZN5neml211Orientation16expected_optionsEv
FNF:4
FNH:4
DA:35,6
DA:37,6
DA:39,6
DA:43,6
DA:45,6
DA:46,12
DA:47,6
DA:49,6
DA:50,6
DA:52,6
DA:53,6
DA:55,6
DA:56,6
DA:58,6
DA:59,12
DA:61,6
DA:63,6
DA:64,6
DA:66,6
DA:67,6
DA:69,6
DA:70,0
DA:72,6
DA:74,6
DA:76,6
DA:79,6
DA:81,12
DA:83,6
DA:84,6
DA:86,12
DA:87,24
DA:88,12
DA:91,18
DA:93,0
DA:95,0
DA:98,0
DA:100,6
DA:101,0
DA:103,6
DA:104,6
DA:107,6
DA:109,6
DA:110,0
DA:112,6
LF:44
LH:38
end_of_record
TN:
SF:/home/runner/work/neml2/neml2/src/neml2/tensors/user_tensors/UserPrimitiveTensor.cxx
FN:39,_ZN5neml219UserPrimitiveTensorINS_3WR2EE16expected_optionsEv
FN:39,_ZN5neml219UserPrimitiveTensorINS_4SSR4EE16expected_optionsEv
FN:39,_ZN5neml219UserPrimitiveTensorINS_2R3EE16expected_optionsEv
FN:39,_ZN5neml219UserPrimitiveTensorINS_3RotEE16expected_optionsEv
FN:39,_ZN5neml219UserPrimitiveTensorINS_2R4EE16expected_optionsEv
FN:39,_ZN5neml219UserPrimitiveTensorINS_3SR2EE16expected_optionsEv
FN:39,_ZN5neml219UserPrimitiveTensorINS_4WWR4EE16expected_optionsEv
FN:39,_ZN5neml219UserPrimitiveTensorINS_11MillerIndexEE16expected_optionsEv
FN:39,_ZN5neml219UserPrimitiveTensorINS_2R2EE16expected_optionsEv
FN:39,_ZN5neml219UserPrimitiveTensorINS_3VecEE16expected_optionsEv
FN:39,_ZN5neml219UserPrimitiveTensorINS_5SSFR5EE16expected_optionsEv
FN:39,_ZN5neml219UserPrimitiveTensorINS_4SWR4EE16expected_optionsEv
FN:39,_ZN5neml219UserPrimitiveTensorINS_2R8EE16expected_optionsEv
FN:39,_ZN5neml219UserPrimitiveTensorINS_5SFFR4EE16expected_optionsEv
FN:39,_ZN5neml219UserPrimitiveTensorINS_4SFR3EE16expected_optionsEv
FN:39,_ZN5neml219UserPrimitiveTensorINS_2R5EE16expected_optionsEv
FN:39,_ZN5neml219UserPrimitiveTensorINS_6ScalarEE16expected_optionsEv
FN:39,_ZN5neml219UserPrimitiveTensorINS_4WSR4EE16expected_optionsEv
FN:39,_ZN5neml219UserPrimitiveTensorINS_6SSSSR8EE16expected_optionsEv
FN:39,_ZN5neml219UserPrimitiveTensorINS_10QuaternionEE16expected_optionsEv
FN:60,_ZN5neml219UserPrimitiveTensorINS_2R8EEC2ERKNS_9OptionSetE
FN:60,_ZN5neml219UserPrimitiveTensorINS_2R5EEC2ERKNS_9OptionSetE
FN:60,_ZN5neml219UserPrimitiveTensorINS_3VecEEC2ERKNS_9OptionSetE
FN:60,_ZN5neml219UserPrimitiveTensorINS_3RotEEC2ERKNS_9OptionSetE
FN:60,_ZN5neml219UserPrimitiveTensorINS_10QuaternionEEC2ERKNS_9OptionSetE
FN:60,_ZN5neml219UserPrimitiveTensorINS_3SR2EEC2ERKNS_9OptionSetE
FN:60,_ZN5neml219UserPrimitiveTensorINS_11MillerIndexEEC2ERKNS_9OptionSetE
FN:60,_ZN5neml219UserPrimitiveTensorINS_4SSR4EEC2ERKNS_9OptionSetE
FN:60,_ZN5neml219UserPrimitiveTensorINS_5SSFR5EEC2ERKNS_9OptionSetE
FN:60,_ZN5neml219UserPrimitiveTensorINS_4SWR4EEC2ERKNS_9OptionSetE
FN:60,_ZN5neml219UserPrimitiveTensorINS_2R4EEC2ERKNS_9OptionSetE
FN:60,_ZN5neml219UserPrimitiveTensorINS_5SFFR4EEC2ERKNS_9OptionSetE
FN:60,_ZN5neml219UserPrimitiveTensorINS_4WWR4EEC2ERKNS_9OptionSetE
FN:60,_ZN5neml219UserPrimitiveTensorINS_2R2EEC2ERKNS_9OptionSetE
FN:60,_ZN5neml219UserPrimitiveTensorINS_4SFR3EEC2ERKNS_9OptionSetE
FN:60,_ZN5neml219UserPrimitiveTensorINS_6SSSSR8EEC2ERKNS_9OptionSetE
FN:60,_ZN5neml219UserPrimitiveTensorINS_6ScalarEEC2ERKNS_9OptionSetE
FN:60,_ZN5neml219UserPrimitiveTensorINS_3WR2EEC2ERKNS_9OptionSetE
FN:60,_ZN5neml219UserPrimitiveTensorINS_2R3EEC2ERKNS_9OptionSetE
FN:60,_ZN5neml219UserPrimitiveTensorINS_4WSR4EEC2ERKNS_9OptionSetE
FNDA:6,_ZN5neml219UserPrimitiveTensorINS_2R2EE16expected_optionsEv
FNDA:0,_ZN5neml219UserPrimitiveTensorINS_6SSSSR8EEC2ERKNS_9OptionSetE
FNDA:6,_ZN5neml219UserPrimitiveTensorINS_3VecEE16expected_optionsEv
FNDA:1,_ZN5neml219UserPrimitiveTensorINS_2R2EEC2ERKNS_9OptionSetE
FNDA:1,_ZN5neml219UserPrimitiveTensorINS_4SFR3EEC2ERKNS_9OptionSetE
FNDA:6,_ZN5neml219UserPrimitiveTensorINS_11MillerIndexEE16expected_optionsEv
FNDA:0,_ZN5neml219UserPrimitiveTensorINS_4WWR4EEC2ERKNS_9OptionSetE
FNDA:0,_ZN5neml219UserPrimitiveTensorINS_4SWR4EEC2ERKNS_9OptionSetE
FNDA:1,_ZN5neml219UserPrimitiveTensorINS_2R4EEC2ERKNS_9OptionSetE
FNDA:0,_ZN5neml219UserPrimitiveTensorINS_5SFFR4EEC2ERKNS_9OptionSetE
FNDA:6,_ZN5neml219UserPrimitiveTensorINS_4WWR4EE16expected_optionsEv
FNDA:10,_ZN5neml219UserPrimitiveTensorINS_4SSR4EEC2ERKNS_9OptionSetE
FNDA:1,_ZN5neml219UserPrimitiveTensorINS_5SSFR5EEC2ERKNS_9OptionSetE
FNDA:3,_ZN5neml219UserPrimitiveTensorINS_3SR2EEC2ERKNS_9OptionSetE
FNDA:0,_ZN5neml219UserPrimitiveTensorINS_11MillerIndexEEC2ERKNS_9OptionSetE
FNDA:23,_ZN5neml219UserPrimitiveTensorINS_3VecEEC2ERKNS_9OptionSetE
FNDA:1,_ZN5neml219UserPrimitiveTensorINS_2R5EEC2ERKNS_9OptionSetE
FNDA:6,_ZN5neml219UserPrimitiveTensorINS_2R3EE16expected_optionsEv
FNDA:6,_ZN5neml219UserPrimitiveTensorINS_2R4EE16expected_optionsEv
FNDA:6,_ZN5neml219UserPrimitiveTensorINS_3RotEE16expected_optionsEv
FNDA:0,_ZN5neml219UserPrimitiveTensorINS_10QuaternionEEC2ERKNS_9OptionSetE
FNDA:1,_ZN5neml219UserPrimitiveTensorINS_3RotEEC2ERKNS_9OptionSetE
FNDA:6,_ZN5neml219UserPrimitiveTensorINS_3SR2EE16expected_optionsEv
FNDA:6,_ZN5neml219UserPrimitiveTensorINS_3WR2EE16expected_optionsEv
FNDA:6,_ZN5neml219UserPrimitiveTensorINS_4SSR4EE16expected_optionsEv
FNDA:0,_ZN5neml219UserPrimitiveTensorINS_2R8EEC2ERKNS_9OptionSetE
FNDA:6,_ZN5neml219UserPrimitiveTensorINS_10QuaternionEE16expected_optionsEv
FNDA:0,_ZN5neml219UserPrimitiveTensorINS_4WSR4EEC2ERKNS_9OptionSetE
FNDA:6,_ZN5neml219UserPrimitiveTensorINS_6SSSSR8EE16expected_optionsEv
FNDA:6,_ZN5neml219UserPrimitiveTensorINS_4WSR4EE16expected_optionsEv
FNDA:1,_ZN5neml219UserPrimitiveTensorINS_2R3EEC2ERKNS_9OptionSetE
FNDA:6,_ZN5neml219UserPrimitiveTensorINS_2R5EE16expected_optionsEv
FNDA:6,_ZN5neml219UserPrimitiveTensorINS_6ScalarEE16expected_optionsEv
FNDA:6,_ZN5neml219UserPrimitiveTensorINS_4SFR3EE16expected_optionsEv
FNDA:55,_ZN5neml219UserPrimitiveTensorINS_6ScalarEEC2ERKNS_9OptionSetE
FNDA:0,_ZN5neml219UserPrimitiveTensorINS_3WR2EEC2ERKNS_9OptionSetE
FNDA:6,_ZN5neml219UserPrimitiveTensorINS_2R8EE16expected_optionsEv
FNDA:6,_ZN5neml219UserPrimitiveTensorINS_5SFFR4EE16expected_optionsEv
FNDA:6,_ZN5neml219UserPrimitiveTensorINS_5SSFR5EE16expected_optionsEv
FNDA:6,_ZN5neml219UserPrimitiveTensorINS_4SWR4EE16expected_optionsEv
FNF:40
FNH:31
DA:39,120
DA:43,120
DA:45,120
DA:46,120
DA:50,120
DA:51,120
DA:53,120
DA:54,120
DA:56,240
DA:57,120
DA:60,98
DA:61,196
DA:62,196
DA:64,196
DA:65,98
DA:66,98
DA:67,104
DA:68,46
DA:69,92
DA:71,0
DA:73,0
DA:75,0
DA:77,0
DA:78,98
LF:24
LH:20
end_of_record
TN:
SF:/home/runner/work/neml2/neml2/src/neml2/tensors/user_tensors/UserTensor.cxx
FN:32,_ZN5neml210UserTensor16expected_optionsEv
FN:50,_ZN5neml210UserTensorC2ERKNS_9OptionSetE
FNDA:6,_ZN5neml210UserTensor16expected_optionsEv
FNDA:10,_ZN5neml210UserTensorC2ERKNS_9OptionSetE
FNF:2
FNH:2
DA:32,6
DA:34,6
DA:35,6
DA:36,6
DA:38,6
DA:39,6
DA:41,6
DA:42,6
DA:44,6
DA:45,6
DA:47,6
DA:48,0
DA:50,10
DA:51,20
DA:53,10
DA:54,30
DA:56,20
DA:57,10
DA:58,10
DA:59,14
DA:60,3
DA:61,4
DA:63,1
DA:65,1
DA:67,2
DA:69,2
DA:70,13
LF:27
LH:26
end_of_record
TN:
SF:/home/runner/work/neml2/neml2/src/neml2/tensors/user_tensors/UserTensorBase.cxx
FN:30,_ZN5neml214UserTensorBase16expected_optionsEv
FN:37,_ZN5neml214UserTensorBaseC2ERKNS_9OptionSetE
FNDA:930,_ZN5neml214UserTensorBase16expected_optionsEv
FNDA:771,_ZN5neml214UserTensorBaseC2ERKNS_9OptionSetE
FNF:2
FNH:2
DA:30,930
DA:32,930
DA:33,930
DA:34,930
DA:35,0
DA:37,771
DA:38,771
DA:40,771
LF:8
LH:7
end_of_record
TN:
SF:/home/runner/work/neml2/neml2/src/neml2/tensors/user_tensors/ZerosPrimitiveTensor.cxx
FN:39,_ZN5neml220ZerosPrimitiveTensorINS_4SSR4EE16expected_optionsEv
FN:39,_ZN5neml220ZerosPrimitiveTensorINS_3SR2EE16expected_optionsEv
FN:39,_ZN5neml220ZerosPrimitiveTensorINS_4WWR4EE16expected_optionsEv
FN:39,_ZN5neml220ZerosPrimitiveTensorINS_5SFFR4EE16expected_optionsEv
FN:39,_ZN5neml220ZerosPrimitiveTensorINS_4WSR4EE16expected_optionsEv
FN:39,_ZN5neml220ZerosPrimitiveTensorINS_3RotEE16expected_optionsEv
FN:39,_ZN5neml220ZerosPrimitiveTensorINS_10QuaternionEE16expected_optionsEv
FN:39,_ZN5neml220ZerosPrimitiveTensorINS_11MillerIndexEE16expected_optionsEv
FN:39,_ZN5neml220ZerosPrimitiveTensorINS_5SSFR5EE16expected_optionsEv
FN:39,_ZN5neml220ZerosPrimitiveTensorINS_6SSSSR8EE16expected_optionsEv
FN:39,_ZN5neml220ZerosPrimitiveTensorINS_2R8EE16expected_optionsEv
FN:39,_ZN5neml220ZerosPrimitiveTensorINS_2R3EE16expected_optionsEv
FN:39,_ZN5neml220ZerosPrimitiveTensorINS_2R2EE16expected_optionsEv
FN:39,_ZN5neml220ZerosPrimitiveTensorINS_6ScalarEE16expected_optionsEv
FN:39,_ZN5neml220ZerosPrimitiveTensorINS_2R5EE16expected_optionsEv
FN:39,_ZN5neml220ZerosPrimitiveTensorINS_4SFR3EE16expected_optionsEv
FN:39,_ZN5neml220ZerosPrimitiveTensorINS_2R4EE16expected_optionsEv
FN:39,_ZN5neml220ZerosPrimitiveTensorINS_3WR2EE16expected_optionsEv
FN:39,_ZN5neml220ZerosPrimitiveTensorINS_4SWR4EE16expected_optionsEv
FN:39,_ZN5neml220ZerosPrimitiveTensorINS_3VecEE16expected_optionsEv
FN:55,_ZN5neml220ZerosPrimitiveTensorINS_3SR2EEC2ERKNS_9OptionSetE
FN:55,_ZN5neml220ZerosPrimitiveTensorINS_3VecEEC2ERKNS_9OptionSetE
FN:55,_ZN5neml220ZerosPrimitiveTensorINS_4WWR4EEC2ERKNS_9OptionSetE
FN:55,_ZN5neml220ZerosPrimitiveTensorINS_6ScalarEEC2ERKNS_9OptionSetE
FN:55,_ZN5neml220ZerosPrimitiveTensorINS_3RotEEC2ERKNS_9OptionSetE
FN:55,_ZN5neml220ZerosPrimitiveTensorINS_5SSFR5EEC2ERKNS_9OptionSetE
FN:55,_ZN5neml220ZerosPrimitiveTensorINS_4WSR4EEC2ERKNS_9OptionSetE
FN:55,_ZN5neml220ZerosPrimitiveTensorINS_3WR2EEC2ERKNS_9OptionSetE
FN:55,_ZN5neml220ZerosPrimitiveTensorINS_10QuaternionEEC2ERKNS_9OptionSetE
FN:55,_ZN5neml220ZerosPrimitiveTensorINS_2R4EEC2ERKNS_9OptionSetE
FN:55,_ZN5neml220ZerosPrimitiveTensorINS_4SWR4EEC2ERKNS_9OptionSetE
FN:55,_ZN5neml220ZerosPrimitiveTensorINS_2R8EEC2ERKNS_9OptionSetE
FN:55,_ZN5neml220ZerosPrimitiveTensorINS_2R3EEC2ERKNS_9OptionSetE
FN:55,_ZN5neml220ZerosPrimitiveTensorINS_2R2EEC2ERKNS_9OptionSetE
FN:55,_ZN5neml220ZerosPrimitiveTensorINS_5SFFR4EEC2ERKNS_9OptionSetE
FN:55,_ZN5neml220ZerosPrimitiveTensorINS_4SFR3EEC2ERKNS_9OptionSetE
FN:55,_ZN5neml220ZerosPrimitiveTensorINS_2R5EEC2ERKNS_9OptionSetE
FN:55,_ZN5neml220ZerosPrimitiveTensorINS_6SSSSR8EEC2ERKNS_9OptionSetE
FN:55,_ZN5neml220ZerosPrimitiveTensorINS_4SSR4EEC2ERKNS_9OptionSetE
FN:55,_ZN5neml220ZerosPrimitiveTensorINS_11MillerIndexEEC2ERKNS_9OptionSetE
FNDA:6,_ZN5neml220ZerosPrimitiveTensorINS_2R2EE16expected_optionsEv
FNDA:1,_ZN5neml220ZerosPrimitiveTensorINS_2R3EEC2ERKNS_9OptionSetE
FNDA:1,_ZN5neml220ZerosPrimitiveTensorINS_2R2EEC2ERKNS_9OptionSetE
FNDA:0,_ZN5neml220ZerosPrimitiveTensorINS_5SFFR4EEC2ERKNS_9OptionSetE
FNDA:1,_ZN5neml220ZerosPrimitiveTensorINS_4SFR3EEC2ERKNS_9OptionSetE
FNDA:6,_ZN5neml220ZerosPrimitiveTensorINS_6ScalarEE16expected_optionsEv
FNDA:6,_ZN5neml220ZerosPrimitiveTensorINS_5SSFR5EE16expected_optionsEv
FNDA:0,_ZN5neml220ZerosPrimitiveTensorINS_4SWR4EEC2ERKNS_9OptionSetE
FNDA:6,_ZN5neml220ZerosPrimitiveTensorINS_6SSSSR8EE16expected_optionsEv
FNDA:6,_ZN5neml220ZerosPrimitiveTensorINS_2R8EE16expected_optionsEv
FNDA:0,_ZN5neml220ZerosPrimitiveTensorINS_2R8EEC2ERKNS_9OptionSetE
FNDA:6,_ZN5neml220ZerosPrimitiveTensorINS_2R3EE16expected_optionsEv
FNDA:0,_ZN5neml220ZerosPrimitiveTensorINS_6SSSSR8EEC2ERKNS_9OptionSetE
FNDA:1,_ZN5neml220ZerosPrimitiveTensorINS_4SSR4EEC2ERKNS_9OptionSetE
FNDA:6,_ZN5neml220ZerosPrimitiveTensorINS_3WR2EE16expected_optionsEv
FNDA:6,_ZN5neml220ZerosPrimitiveTensorINS_3VecEE16expected_optionsEv
FNDA:0,_ZN5neml220ZerosPrimitiveTensorINS_11MillerIndexEEC2ERKNS_9OptionSetE
FNDA:6,_ZN5neml220ZerosPrimitiveTensorINS_4SWR4EE16expected_optionsEv
FNDA:6,_ZN5neml220ZerosPrimitiveTensorINS_2R5EE16expected_optionsEv
FNDA:6,_ZN5neml220ZerosPrimitiveTensorINS_4SFR3EE16expected_optionsEv
FNDA:6,_ZN5neml220ZerosPrimitiveTensorINS_2R4EE16expected_optionsEv
FNDA:1,_ZN5neml220ZerosPrimitiveTensorINS_2R5EEC2ERKNS_9OptionSetE
FNDA:6,_ZN5neml220ZerosPrimitiveTensorINS_4WWR4EE16expected_optionsEv
FNDA:6,_ZN5neml220ZerosPrimitiveTensorINS_5SFFR4EE16expected_optionsEv
FNDA:6,_ZN5neml220ZerosPrimitiveTensorINS_4WSR4EE16expected_optionsEv
FNDA:0,_ZN5neml220ZerosPrimitiveTensorINS_4WWR4EEC2ERKNS_9OptionSetE
FNDA:6,_ZN5neml220ZerosPrimitiveTensorINS_3RotEE16expected_optionsEv
FNDA:1,_ZN5neml220ZerosPrimitiveTensorINS_6ScalarEEC2ERKNS_9OptionSetE
FNDA:1,_ZN5neml220ZerosPrimitiveTensorINS_3SR2EEC2ERKNS_9OptionSetE
FNDA:6,_ZN5neml220ZerosPrimitiveTensorINS_4SSR4EE16expected_optionsEv
FNDA:6,_ZN5neml220ZerosPrimitiveTensorINS_3SR2EE16expected_optionsEv
FNDA:1,_ZN5neml220ZerosPrimitiveTensorINS_3VecEEC2ERKNS_9OptionSetE
FNDA:1,_ZN5neml220ZerosPrimitiveTensorINS_3RotEEC2ERKNS_9OptionSetE
FNDA:1,_ZN5neml220ZerosPrimitiveTensorINS_5SSFR5EEC2ERKNS_9OptionSetE
FNDA:6,_ZN5neml220ZerosPrimitiveTensorINS_11MillerIndexEE16expected_optionsEv
FNDA:0,_ZN5neml220ZerosPrimitiveTensorINS_4WSR4EEC2ERKNS_9OptionSetE
FNDA:0,_ZN5neml220ZerosPrimitiveTensorINS_3WR2EEC2ERKNS_9OptionSetE
FNDA:0,_ZN5neml220ZerosPrimitiveTensorINS_10QuaternionEEC2ERKNS_9OptionSetE
FNDA:1,_ZN5neml220ZerosPrimitiveTensorINS_2R4EEC2ERKNS_9OptionSetE
FNDA:6,_ZN5neml220ZerosPrimitiveTensorINS_10QuaternionEE16expected_optionsEv
FNF:40
FNH:31
DA:39,120
DA:43,120
DA:45,120
DA:46,120
DA:48,120
DA:49,120
DA:51,240
DA:52,120
DA:55,11
DA:56,22
DA:57,22
DA:59,11
LF:12
LH:12
end_of_record
TN:
SF:/home/runner/work/neml2/neml2/src/neml2/tensors/user_tensors/ZerosTensor.cxx
FN:32,_ZN5neml211ZerosTensor16expected_optionsEv
FN:46,_ZN5neml211ZerosTensorC2ERKNS_9OptionSetE
FNDA:6,_ZN5neml211ZerosTensor16expected_optionsEv
FNDA:1,_ZN5neml211ZerosTensorC2ERKNS_9OptionSetE
FNF:2
FNH:2
DA:32,6
DA:34,6
DA:35,6
DA:37,6
DA:38,6
DA:40,6
DA:41,6
DA:43,6
DA:44,0
DA:46,1
DA:47,2
DA:49,1
DA:50,3
DA:52,1
LF:14
LH:13
end_of_record
