TN:
SF:/home/runner/work/neml2/neml2/src/neml2/base/CrossRef.cxx
FN:33,45,_ZNK5neml28CrossRefIN2at6TensorEEcvS2_Ev
FN:48,60,_ZNK5neml28CrossRefINS_6TensorEEcvS1_Ev
FN:76,76,_ZNK5neml28CrossRefINS_10QuaternionEEcvS1_Ev
FN:76,76,_ZNK5neml28CrossRefINS_11MillerIndexEEcvS1_Ev
FN:76,76,_ZNK5neml28CrossRefINS_2R2EEcvS1_Ev
FN:76,76,_ZNK5neml28CrossRefINS_2R3EEcvS1_Ev
FN:76,76,_ZNK5neml28CrossRefINS_2R4EEcvS1_Ev
FN:76,76,_ZNK5neml28CrossRefINS_2R5EEcvS1_Ev
FN:76,76,_ZNK5neml28CrossRefINS_2R8EEcvS1_Ev
FN:76,76,_ZNK5neml28CrossRefINS_3RotEEcvS1_Ev
FN:76,76,_ZNK5neml28CrossRefINS_3SR2EEcvS1_Ev
FN:76,76,_ZNK5neml28CrossRefINS_3VecEEcvS1_Ev
FN:76,76,_ZNK5neml28CrossRefINS_3WR2EEcvS1_Ev
FN:76,76,_ZNK5neml28CrossRefINS_4SFR3EEcvS1_Ev
FN:76,76,_ZNK5neml28CrossRefINS_4SSR4EEcvS1_Ev
FN:76,76,_ZNK5neml28CrossRefINS_4SWR4EEcvS1_Ev
FN:76,76,_ZNK5neml28CrossRefINS_4WSR4EEcvS1_Ev
FN:76,76,_ZNK5neml28CrossRefINS_4WWR4EEcvS1_Ev
FN:76,76,_ZNK5neml28CrossRefINS_5SFFR4EEcvS1_Ev
FN:76,76,_ZNK5neml28CrossRefINS_5SSFR5EEcvS1_Ev
FN:76,76,_ZNK5neml28CrossRefINS_6SSSSR8EEcvS1_Ev
FN:76,76,_ZNK5neml28CrossRefINS_6ScalarEEcvS1_Ev
FNDA:11,_ZNK5neml28CrossRefIN2at6TensorEEcvS2_Ev
FNDA:24,_ZNK5neml28CrossRefINS_6TensorEEcvS1_Ev
FNDA:0,_ZNK5neml28CrossRefINS_10QuaternionEEcvS1_Ev
FNDA:140,_ZNK5neml28CrossRefINS_11MillerIndexEEcvS1_Ev
FNDA:26,_ZNK5neml28CrossRefINS_2R2EEcvS1_Ev
FNDA:4,_ZNK5neml28CrossRefINS_2R3EEcvS1_Ev
FNDA:4,_ZNK5neml28CrossRefINS_2R4EEcvS1_Ev
FNDA:4,_ZNK5neml28CrossRefINS_2R5EEcvS1_Ev
FNDA:0,_ZNK5neml28CrossRefINS_2R8EEcvS1_Ev
FNDA:20,_ZNK5neml28CrossRefINS_3RotEEcvS1_Ev
FNDA:130,_ZNK5neml28CrossRefINS_3SR2EEcvS1_Ev
FNDA:26,_ZNK5neml28CrossRefINS_3VecEEcvS1_Ev
FNDA:9,_ZNK5neml28CrossRefINS_3WR2EEcvS1_Ev
FNDA:4,_ZNK5neml28CrossRefINS_4SFR3EEcvS1_Ev
FNDA:14,_ZNK5neml28CrossRefINS_4SSR4EEcvS1_Ev
FNDA:0,_ZNK5neml28CrossRefINS_4SWR4EEcvS1_Ev
FNDA:0,_ZNK5neml28CrossRefINS_4WSR4EEcvS1_Ev
FNDA:0,_ZNK5neml28CrossRefINS_4WWR4EEcvS1_Ev
FNDA:0,_ZNK5neml28CrossRefINS_5SFFR4EEcvS1_Ev
FNDA:4,_ZNK5neml28CrossRefINS_5SSFR5EEcvS1_Ev
FNDA:0,_ZNK5neml28CrossRefINS_6SSSSR8EEcvS1_Ev
FNDA:1242,_ZNK5neml28CrossRefINS_6ScalarEEcvS1_Ev
FNF:22
FNH:15
DA:33,11
DA:38,11
DA:40,10
DA:43,30
DA:44,10
DA:48,24
DA:53,24
DA:55,13
DA:58,39
DA:59,13
DA:76,2886
LF:11
LH:11
end_of_record
TN:
SF:/home/runner/work/neml2/neml2/src/neml2/base/DiagnosticsInterface.cxx
FN:104,113,_ZNK5neml220DiagnosticsInterface32diagnostic_check_output_variableERSt6vectorINS_9DiagnosisESaIS2_EERKNS_12VariableBaseE
FN:31,43,_ZN5neml28diagnoseERKNS_20DiagnosticsInterfaceE
FN:45,48,_ZN5neml220DiagnosticsInterfaceC2EPNS_11NEML2ObjectE
FN:51,56,_ZNK5neml220DiagnosticsInterface23diagnostic_assert_stateERSt6vectorINS_9DiagnosisESaIS2_EERKNS_12VariableBaseE
FN:59,64,_ZNK5neml220DiagnosticsInterface27diagnostic_assert_old_stateERSt6vectorINS_9DiagnosisESaIS2_EERKNS_12VariableBaseE
FN:67,72,_ZNK5neml220DiagnosticsInterface23diagnostic_assert_forceERSt6vectorINS_9DiagnosisESaIS2_EERKNS_12VariableBaseE
FN:75,80,_ZNK5neml220DiagnosticsInterface27diagnostic_assert_old_forceERSt6vectorINS_9DiagnosisESaIS2_EERKNS_12VariableBaseE
FN:83,88,_ZNK5neml220DiagnosticsInterface26diagnostic_assert_residualERSt6vectorINS_9DiagnosisESaIS2_EERKNS_12VariableBaseE
FN:91,101,_ZNK5neml220DiagnosticsInterface31diagnostic_check_input_variableERSt6vectorINS_9DiagnosisESaIS2_EERKNS_12VariableBaseE
FNDA:118,_ZNK5neml220DiagnosticsInterface32diagnostic_check_output_variableERSt6vectorINS_9DiagnosisESaIS2_EERKNS_12VariableBaseE
FNDA:116,_ZN5neml28diagnoseERKNS_20DiagnosticsInterfaceE
FNDA:458,_ZN5neml220DiagnosticsInterfaceC2EPNS_11NEML2ObjectE
FNDA:28,_ZNK5neml220DiagnosticsInterface23diagnostic_assert_stateERSt6vectorINS_9DiagnosisESaIS2_EERKNS_12VariableBaseE
FNDA:0,_ZNK5neml220DiagnosticsInterface27diagnostic_assert_old_stateERSt6vectorINS_9DiagnosisESaIS2_EERKNS_12VariableBaseE
FNDA:20,_ZNK5neml220DiagnosticsInterface23diagnostic_assert_forceERSt6vectorINS_9DiagnosisESaIS2_EERKNS_12VariableBaseE
FNDA:0,_ZNK5neml220DiagnosticsInterface27diagnostic_assert_old_forceERSt6vectorINS_9DiagnosisESaIS2_EERKNS_12VariableBaseE
FNDA:0,_ZNK5neml220DiagnosticsInterface26diagnostic_assert_residualERSt6vectorINS_9DiagnosisESaIS2_EERKNS_12VariableBaseE
FNDA:300,_ZNK5neml220DiagnosticsInterface31diagnostic_check_input_variableERSt6vectorINS_9DiagnosisESaIS2_EERKNS_12VariableBaseE
FNF:9
FNH:6
DA:31,116
DA:33,116
DA:34,116
DA:36,116
DA:38,4
DA:39,12
DA:40,8
DA:41,4
DA:42,4
DA:43,116
DA:45,458
DA:46,458
DA:48,458
DA:51,28
DA:54,28
DA:55,28
DA:56,28
DA:59,0
DA:62,0
DA:63,0
DA:64,0
DA:67,20
DA:70,20
DA:71,20
DA:72,20
DA:75,0
DA:78,0
DA:79,0
DA:80,0
DA:83,0
DA:86,0
DA:87,0
DA:88,0
DA:91,300
DA:94,300
DA:95,467
DA:96,467
DA:98,300
DA:101,300
DA:104,118
DA:107,118
DA:109,118
DA:111,118
DA:113,118
LF:44
LH:32
end_of_record
TN:
SF:/home/runner/work/neml2/neml2/src/neml2/base/EnumSelection.cxx
FN:106,112,_ZN5neml213EnumSelectionaSERKS0_
FN:115,118,_ZNK5neml213EnumSelectioneqERKS0_
FN:121,124,_ZNK5neml213EnumSelectionneERKS0_
FN:127,130,_ZNK5neml213EnumSelectioneqERKSs
FN:133,136,_ZNK5neml213EnumSelectionneERKSs
FN:139,145,_ZNK5neml213EnumSelection14candidates_strEv
FN:31,35,_ZN5neml2lsERSoRKNS_13EnumSelectionE
FN:38,50,_ZN5neml2rsERSt18basic_stringstreamIcSt11char_traitsIcESaIcEERNS_13EnumSelectionE
FN:52,57,_ZN5neml213EnumSelectionC2ERKS0_
FN:59,77,_ZN5neml213EnumSelectionC2ERKSt6vectorISsSaISsEERKSs
FN:79,103,_ZN5neml213EnumSelectionC2ERKSt6vectorISsSaISsEERKS1_IiSaIiEERKSs
FNDA:2667,_ZN5neml213EnumSelectionaSERKS0_
FNDA:7,_ZNK5neml213EnumSelectioneqERKS0_
FNDA:5,_ZNK5neml213EnumSelectionneERKS0_
FNDA:178,_ZNK5neml213EnumSelectioneqERKSs
FNDA:0,_ZNK5neml213EnumSelectionneERKSs
FNDA:2394,_ZNK5neml213EnumSelection14candidates_strEv
FNDA:25,_ZN5neml2lsERSoRKNS_13EnumSelectionE
FNDA:49,_ZN5neml2rsERSt18basic_stringstreamIcSt11char_traitsIcESaIcEERNS_13EnumSelectionE
FNDA:15,_ZN5neml213EnumSelectionC2ERKS0_
FNDA:28,_ZN5neml213EnumSelectionC2ERKSt6vectorISsSaISsEERKSs
FNDA:1170,_ZN5neml213EnumSelectionC2ERKSt6vectorISsSaISsEERKS1_IiSaIiEERKSs
FNF:11
FNH:10
DA:31,25
DA:33,25
DA:34,25
DA:38,49
DA:40,49
DA:42,49
DA:43,2
DA:44,3
DA:47,48
DA:49,48
DA:52,15
DA:53,15
DA:54,15
DA:55,15
DA:57,15
DA:59,28
DA:60,28
DA:61,28
DA:63,28
DA:64,28
DA:67,27
DA:68,96
DA:69,69
DA:71,27
DA:73,55
DA:76,26
DA:77,32
DA:79,1170
DA:81,1170
DA:82,1170
DA:84,1170
DA:87,1169
DA:88,1169
DA:91,1169
DA:92,1169
DA:94,5259
DA:95,4091
DA:97,1168
DA:99,2337
DA:102,1167
DA:103,1177
DA:106,2667
DA:108,2667
DA:109,2667
DA:110,2667
DA:111,2667
DA:115,7
DA:117,7
DA:121,5
DA:123,5
DA:127,178
DA:129,178
DA:133,0
DA:135,0
DA:139,2394
DA:141,2394
DA:142,10738
DA:143,8344
DA:144,4788
DA:145,2394
LF:60
LH:58
end_of_record
TN:
SF:/home/runner/work/neml2/neml2/src/neml2/base/Factory.cxx
FN:104,108,_ZN5neml27Factory14loaded_optionsEv
FN:111,129,_ZN5neml27Factory13create_objectERKSsRKNS_9OptionSetE
FN:146,149,_ZN5neml27Factory5clearEv
FN:35,49,_ZN5neml210load_inputERKNSt10filesystem4pathERKSs
FN:52,56,_ZN5neml212reload_inputERKNSt10filesystem4pathERKSs
FN:59,63,_ZN5neml29get_modelERKSsb
FN:66,70,_ZN5neml210load_modelERKNSt10filesystem4pathERKSs
FN:73,77,_ZN5neml212reload_modelERKNSt10filesystem4pathERKSs
FN:80,83,_ZN5neml210get_driverERKSs
FN:86,90,_ZN5neml27Factory3getEv
FN:93,101,_ZN5neml27Factory12load_optionsERKNS_16OptionCollectionE
FNDA:1,_ZN5neml27Factory14loaded_optionsEv
FNDA:1272,_ZN5neml27Factory13create_objectERKSsRKNS_9OptionSetE
FNDA:279,_ZN5neml27Factory5clearEv
FNDA:277,_ZN5neml210load_inputERKNSt10filesystem4pathERKSs
FNDA:266,_ZN5neml212reload_inputERKNSt10filesystem4pathERKSs
FNDA:123,_ZN5neml29get_modelERKSsb
FNDA:11,_ZN5neml210load_modelERKNSt10filesystem4pathERKSs
FNDA:11,_ZN5neml212reload_modelERKNSt10filesystem4pathERKSs
FNDA:112,_ZN5neml210get_driverERKSs
FNDA:1883,_ZN5neml27Factory3getEv
FNDA:277,_ZN5neml27Factory12load_optionsERKNS_16OptionCollectionE
FNF:11
FNH:11
DA:35,277
DA:37,277
DA:40,277
DA:42,277
DA:43,277
DA:44,277
DA:46,0
DA:48,275
DA:49,277
DA:52,266
DA:54,266
DA:55,266
DA:56,264
DA:59,123
DA:61,123
DA:62,369
DA:63,123
DA:66,11
DA:68,11
DA:69,11
DA:73,11
DA:75,11
DA:76,11
DA:80,112
DA:82,336
DA:86,1883
DA:88,1883
DA:89,1883
DA:93,277
DA:95,277
DA:97,277
DA:100,277
DA:101,277
DA:104,1
DA:106,1
DA:107,1
DA:111,1272
DA:113,1272
DA:114,1272
DA:116,1272
DA:117,1272
DA:118,1270
DA:122,1270
DA:124,0
DA:126,0
DA:127,0
DA:128,0
DA:129,1270
DA:146,279
DA:148,279
DA:149,279
LF:51
LH:46
end_of_record
TN:
SF:/home/runner/work/neml2/neml2/src/neml2/base/HITParser.cxx
FN:112,117,_ZNK5neml29HITParser15extract_optionsEPN3hit4NodeERNS_9OptionSetE
FN:121,170,_ZNK5neml29HITParser14extract_optionEPN3hit4NodeERNS_9OptionSetE
FN:38,92,_ZNK5neml29HITParser5parseERKNSt10filesystem4pathERKSs
FN:95,109,_ZNK5neml29HITParser22extract_object_optionsEPN3hit4NodeES3_
FNDA:2725,_ZNK5neml29HITParser15extract_optionsEPN3hit4NodeERNS_9OptionSetE
FNDA:5671,_ZNK5neml29HITParser14extract_optionEPN3hit4NodeERNS_9OptionSetE
FNDA:287,_ZNK5neml29HITParser5parseERKNSt10filesystem4pathERKSs
FNDA:2715,_ZNK5neml29HITParser22extract_object_optionsEPN3hit4NodeES3_
FNF:4
FNH:4
DA:38,287
DA:41,287
DA:42,287
DA:45,287
DA:46,287
DA:47,287
DA:50,287
DA:51,287
DA:54,287
DA:57,287
DA:58,287
DA:59,287
DA:62,287
DA:63,287
DA:64,287
DA:65,574
DA:66,287
DA:67,287
DA:69,287
DA:72,574
DA:73,287
DA:74,10
DA:77,1713
DA:79,1429
DA:80,1429
DA:82,533
DA:83,3245
DA:85,2715
DA:86,2712
DA:87,2712
DA:88,533
DA:91,568
DA:92,311
DA:95,2715
DA:98,5430
DA:100,2715
DA:101,2715
DA:104,2712
DA:105,2712
DA:106,2712
DA:108,5424
DA:109,2718
DA:112,2725
DA:114,11108
DA:115,8386
DA:116,8393
DA:117,2722
DA:121,5671
DA:134,5671
DA:136,5671
DA:137,35563
DA:138,35563
DA:140,5671
DA:142,5671
DA:145,5670
DA:149,5670
DA:150,4553
DA:151,4462
DA:152,4369
DA:153,4334
DA:154,3744
DA:155,2828
DA:156,1922
DA:157,1415
DA:158,1368
DA:159,1360
DA:164,5668
DA:166,5668
DA:168,5668
DA:170,5668
LF:70
LH:70
end_of_record
TN:
SF:/home/runner/work/neml2/neml2/src/neml2/base/NEML2Object.cxx
FN:29,35,_ZN5neml211NEML2Object16expected_optionsEv
FN:37,41,_ZN5neml211NEML2ObjectC2ERKNS_9OptionSetE
FNDA:1788,_ZN5neml211NEML2Object16expected_optionsEv
FNDA:1283,_ZN5neml211NEML2ObjectC2ERKNS_9OptionSetE
FNF:2
FNH:2
DA:29,1788
DA:31,1788
DA:32,3576
DA:33,1788
DA:34,1788
DA:35,0
DA:37,1283
DA:38,1283
DA:39,2566
DA:41,1283
LF:10
LH:9
end_of_record
TN:
SF:/home/runner/work/neml2/neml2/src/neml2/base/OptionCollection.cxx
FN:30,33,_ZN5neml216OptionCollectionixERKSs
FN:36,39,_ZNK5neml216OptionCollectionixERKSs
FNDA:4047,_ZN5neml216OptionCollectionixERKSs
FNDA:1,_ZNK5neml216OptionCollectionixERKSs
FNF:2
FNH:2
DA:30,4047
DA:32,4047
DA:36,1
DA:38,1
LF:4
LH:4
end_of_record
TN:
SF:/home/runner/work/neml2/neml2/src/neml2/base/OptionSet.cxx
FN:105,111,_ZN5neml29OptionSetaSEOS0_
FN:114,118,_ZN5neml29OptionSetpLERKS0_
FN:121,125,_ZN5neml29OptionSetpLEOS0_
FN:190,193,_ZN5neml29OptionSet5beginEv
FN:196,199,_ZNK5neml29OptionSet5beginEv
FN:202,205,_ZN5neml29OptionSet3endEv
FN:208,211,_ZNK5neml29OptionSet3endEv
FN:31,41,_ZN5neml218options_compatibleERKNS_9OptionSetES2_
FN:44,47,_ZNK5neml29OptionSet8containsERKSs
FN:50,59,_ZNK5neml29OptionSet3getERKSs
FN:62,71,_ZN5neml29OptionSet3setERKSs
FN:74,77,_ZN5neml29OptionSet9set_inputERKSs
FN:80,83,_ZN5neml29OptionSet10set_outputERKSs
FN:86,89,_ZN5neml29OptionSet5clearEv
FN:91,91,_ZN5neml29OptionSetC2ERKS0_
FN:93,93,_ZN5neml29OptionSetC2EOS0_
FN:96,102,_ZN5neml29OptionSetaSERKS0_
FNDA:275,_ZN5neml29OptionSetaSEOS0_
FNDA:15951,_ZN5neml29OptionSetpLERKS0_
FNDA:781,_ZN5neml29OptionSetpLEOS0_
FNDA:5671,_ZN5neml29OptionSet5beginEv
FNDA:1,_ZNK5neml29OptionSet5beginEv
FNDA:5671,_ZN5neml29OptionSet3endEv
FNDA:1,_ZNK5neml29OptionSet3endEv
FNDA:1,_ZN5neml218options_compatibleERKNS_9OptionSetES2_
FNDA:18332,_ZNK5neml29OptionSet8containsERKSs
FNDA:15,_ZNK5neml29OptionSet3getERKSs
FNDA:18311,_ZN5neml29OptionSet3setERKSs
FNDA:912,_ZN5neml29OptionSet9set_inputERKSs
FNDA:416,_ZN5neml29OptionSet10set_outputERKSs
FNDA:14679,_ZN5neml29OptionSet5clearEv
FNDA:9639,_ZN5neml29OptionSetC2ERKS0_
FNDA:0,_ZN5neml29OptionSetC2EOS0_
FNDA:14404,_ZN5neml29OptionSetaSERKS0_
FNF:17
FNH:16
DA:31,1
DA:33,2
DA:35,1
DA:36,0
DA:37,1
DA:38,0
DA:40,1
DA:44,18332
DA:46,18332
DA:50,15
DA:52,15
DA:58,15
DA:62,18311
DA:64,18311
DA:70,18311
DA:74,912
DA:76,912
DA:80,416
DA:82,416
DA:86,14679
DA:88,14679
DA:89,14679
DA:91,9639
DA:93,0
DA:96,14404
DA:98,14404
DA:99,14404
DA:100,14404
DA:101,14404
DA:105,275
DA:107,275
DA:108,275
DA:109,275
DA:110,275
DA:114,15951
DA:116,109004
DA:117,93053
DA:118,15951
DA:121,781
DA:123,3124
DA:124,2343
DA:125,781
DA:190,5671
DA:192,5671
DA:196,1
DA:198,1
DA:202,5671
DA:204,5671
DA:208,1
DA:210,1
LF:50
LH:47
end_of_record
TN:
SF:/home/runner/work/neml2/neml2/src/neml2/base/Registry.cxx
FN:31,35,_ZN5neml28Registry3getEv
FN:38,42,_ZN5neml28Registry16expected_optionsEv
FN:45,53,_ZN5neml28Registry16expected_optionsERKSs
FN:56,60,_ZN5neml28Registry11syntax_typeERKSs
FN:63,71,_ZN5neml28Registry7builderERKSs
FN:74,88,_ZN5neml28Registry9add_innerERKSsS2_RKNS_9OptionSetEPFSt10shared_ptrINS_11NEML2ObjectEES5_E
FNDA:6345,_ZN5neml28Registry3getEv
FNDA:2,_ZN5neml28Registry16expected_optionsEv
FNDA:2715,_ZN5neml28Registry16expected_optionsERKSs
FNDA:582,_ZN5neml28Registry11syntax_typeERKSs
FNDA:1272,_ZN5neml28Registry7builderERKSs
FNDA:1774,_ZN5neml28Registry9add_innerERKSsS2_RKNS_9OptionSetEPFSt10shared_ptrINS_11NEML2ObjectEES5_E
FNF:6
FNH:6
DA:31,6345
DA:33,6345
DA:34,6345
DA:38,2
DA:40,2
DA:41,2
DA:45,2715
DA:47,2715
DA:48,2715
DA:49,2715
DA:52,2715
DA:56,582
DA:58,582
DA:59,582
DA:63,1272
DA:65,1272
DA:66,1272
DA:67,1272
DA:70,1272
DA:74,1774
DA:79,1774
DA:80,1774
DA:85,1774
DA:86,1774
DA:87,1774
DA:88,1774
LF:26
LH:26
end_of_record
TN:
SF:/home/runner/work/neml2/neml2/src/neml2/base/Settings.cxx
FN:33,97,_ZN5neml28Settings16expected_optionsEv
FN:99,134,_ZN5neml28SettingsC2ERKNS_9OptionSetE
FNDA:569,_ZN5neml28Settings16expected_optionsEv
FNDA:278,_ZN5neml28SettingsC2ERKNS_9OptionSetE
FNF:2
FNH:2
DA:33,569
DA:35,569
DA:36,569
DA:37,569
DA:39,1138
DA:45,3414
DA:46,569
DA:47,1138
DA:48,1707
DA:55,3414
DA:56,569
DA:57,1138
DA:58,1707
DA:60,1138
DA:61,1707
DA:66,569
DA:68,1138
DA:69,1707
DA:70,569
DA:72,1138
DA:73,1138
DA:75,1138
DA:76,1138
DA:78,1138
DA:79,1707
DA:80,569
DA:82,1138
DA:83,1707
DA:84,569
DA:86,1138
DA:87,1707
DA:89,569
DA:91,1138
DA:92,1138
DA:94,569
DA:96,1138
DA:97,569
DA:99,278
DA:102,278
DA:103,278
DA:106,556
DA:109,556
DA:112,556
DA:115,556
DA:116,556
DA:119,278
DA:120,278
DA:121,0
DA:124,278
DA:125,278
DA:126,0
DA:129,556
DA:130,278
DA:133,278
DA:134,278
LF:55
LH:53
end_of_record
TN:
SF:/home/runner/work/neml2/neml2/src/neml2/drivers/Driver.cxx
FN:30,39,_ZN5neml26Driver16expected_optionsEv
FN:41,46,_ZN5neml26DriverC2ERKNS_9OptionSetE
FNDA:15,_ZN5neml26Driver16expected_optionsEv
FNDA:112,_ZN5neml26DriverC2ERKNS_9OptionSetE
FNF:2
FNH:2
DA:30,15
DA:32,15
DA:33,15
DA:35,30
DA:36,15
DA:38,15
DA:39,0
DA:41,112
DA:44,224
DA:46,112
LF:10
LH:9
end_of_record
TN:
SF:/home/runner/work/neml2/neml2/src/neml2/drivers/TransientDriver.cxx
FN:111,120,_ZNK5neml215TransientDriver8diagnoseERSt6vectorINS_9DiagnosisESaIS2_EE
FN:123,143,_ZN5neml215TransientDriver3runEv
FN:146,177,_ZN5neml215TransientDriver5solveEv
FN:180,197,_ZN5neml215TransientDriver12advance_stepEv
FN:200,204,_ZN5neml215TransientDriver13update_forcesEv
FN:207,217,_ZN5neml215TransientDriver8apply_icEv
FN:220,253,_ZN5neml215TransientDriver15apply_predictorEv
FN:256,259,_ZN5neml215TransientDriver10solve_stepEv
FN:262,265,_ZN5neml215TransientDriver11store_inputEv
FN:268,271,_ZNK5neml215TransientDriver12save_as_pathEv
FN:274,302,_ZNK5neml215TransientDriver6resultEv
FN:305,326,_ZNK5neml215TransientDriver6outputEv
FN:329,332,_ZNK5neml215TransientDriver9output_ptERKNSt10filesystem4pathE
FN:34,89,_ZN5neml215TransientDriver16expected_optionsEv
FN:91,108,_ZN5neml215TransientDriverC2ERKNS_9OptionSetE
FNDA:7,_ZNK5neml215TransientDriver8diagnoseERSt6vectorINS_9DiagnosisESaIS2_EE
FNDA:7,_ZN5neml215TransientDriver3runEv
FNDA:7,_ZN5neml215TransientDriver5solveEv
FNDA:63,_ZN5neml215TransientDriver12advance_stepEv
FNDA:70,_ZN5neml215TransientDriver13update_forcesEv
FNDA:7,_ZN5neml215TransientDriver8apply_icEv
FNDA:63,_ZN5neml215TransientDriver15apply_predictorEv
FNDA:63,_ZN5neml215TransientDriver10solve_stepEv
FNDA:70,_ZN5neml215TransientDriver11store_inputEv
FNDA:12,_ZNK5neml215TransientDriver12save_as_pathEv
FNDA:5,_ZNK5neml215TransientDriver6resultEv
FNDA:5,_ZNK5neml215TransientDriver6outputEv
FNDA:5,_ZNK5neml215TransientDriver9output_ptERKNSt10filesystem4pathE
FNDA:12,_ZN5neml215TransientDriver16expected_optionsEv
FNDA:7,_ZN5neml215TransientDriverC2ERKNS_9OptionSetE
FNF:15
FNH:15
DA:34,12
DA:36,12
DA:38,24
DA:39,12
DA:41,36
DA:42,24
DA:43,24
DA:44,36
DA:46,12
DA:48,48
DA:49,12
DA:50,24
DA:51,24
DA:52,36
DA:54,24
DA:55,36
DA:56,12
DA:58,24
DA:59,24
DA:60,24
DA:61,24
DA:62,24
DA:63,24
DA:65,24
DA:66,36
DA:71,12
DA:73,24
DA:74,24
DA:75,24
DA:76,24
DA:78,24
DA:79,24
DA:80,24
DA:81,24
DA:83,24
DA:84,24
DA:85,24
DA:86,12
DA:88,24
DA:89,12
DA:91,7
DA:93,7
DA:94,14
DA:95,21
DA:96,7
DA:97,7
DA:98,7
DA:99,14
DA:100,21
DA:101,14
DA:102,14
DA:103,7
DA:104,14
DA:105,28
DA:107,7
DA:108,7
DA:111,7
DA:113,7
DA:114,7
DA:115,14
DA:117,7
DA:119,7
DA:120,7
DA:123,7
DA:137,7
DA:139,7
DA:140,5
DA:142,7
DA:146,7
DA:148,77
DA:150,70
DA:155,70
DA:156,63
DA:157,70
DA:158,70
DA:160,7
DA:161,7
DA:165,63
DA:166,63
DA:167,63
DA:170,70
DA:176,7
DA:180,63
DA:183,63
DA:185,63
DA:186,180
DA:187,117
DA:188,63
DA:191,63
DA:193,63
DA:194,171
DA:195,108
DA:196,63
DA:197,63
DA:200,70
DA:202,70
DA:203,140
DA:204,140
DA:207,7
DA:209,28
DA:210,28
DA:211,21
DA:213,22
DA:214,15
DA:215,14
DA:216,29
DA:217,7
DA:220,63
DA:222,63
DA:223,27
DA:225,36
DA:226,117
DA:227,81
DA:229,162
DA:230,72
DA:231,18
DA:234,9
DA:235,1
DA:239,8
DA:240,8
DA:241,8
DA:242,8
DA:243,8
DA:245,8
DA:246,8
DA:247,8
DA:248,8
DA:251,0
DA:253,36
DA:256,63
DA:258,63
DA:259,63
DA:262,70
DA:264,70
DA:265,70
DA:268,12
DA:270,12
DA:274,5
DA:277,5
DA:278,55
DA:281,50
DA:282,414
DA:283,364
DA:284,50
DA:285,50
DA:288,5
DA:289,55
DA:292,50
DA:293,180
DA:294,130
DA:295,50
DA:296,50
DA:299,5
DA:300,25
DA:301,10
DA:302,10
DA:305,5
DA:307,5
DA:312,5
DA:313,5
DA:315,5
DA:316,5
DA:322,5
DA:326,5
DA:329,5
DA:331,5
DA:332,5
LF:167
LH:166
end_of_record
TN:
SF:/home/runner/work/neml2/neml2/src/neml2/drivers/solid_mechanics/LDISolidMechanicsDriver.cxx
FN:102,107,_ZN5neml223LDISolidMechanicsDriver22init_vorticity_controlERKNS_9OptionSetE
FN:110,139,_ZNK5neml223LDISolidMechanicsDriver8diagnoseERSt6vectorINS_9DiagnosisESaIS2_EE
FN:142,146,_ZN5neml223LDISolidMechanicsDriver13update_forcesEv
FN:149,160,_ZN5neml223LDISolidMechanicsDriver15apply_predictorEv
FN:32,67,_ZN5neml223LDISolidMechanicsDriver16expected_optionsEv
FN:69,76,_ZN5neml223LDISolidMechanicsDriverC2ERKNS_9OptionSetE
FN:79,83,_ZN5neml223LDISolidMechanicsDriver5setupEv
FN:86,91,_ZN5neml223LDISolidMechanicsDriver19init_strain_controlERKNS_9OptionSetE
FN:94,99,_ZN5neml223LDISolidMechanicsDriver19init_stress_controlERKNS_9OptionSetE
FNDA:1,_ZN5neml223LDISolidMechanicsDriver22init_vorticity_controlERKNS_9OptionSetE
FNDA:1,_ZNK5neml223LDISolidMechanicsDriver8diagnoseERSt6vectorINS_9DiagnosisESaIS2_EE
FNDA:10,_ZN5neml223LDISolidMechanicsDriver13update_forcesEv
FNDA:9,_ZN5neml223LDISolidMechanicsDriver15apply_predictorEv
FNDA:6,_ZN5neml223LDISolidMechanicsDriver16expected_optionsEv
FNDA:1,_ZN5neml223LDISolidMechanicsDriverC2ERKNS_9OptionSetE
FNDA:1,_ZN5neml223LDISolidMechanicsDriver5setupEv
FNDA:1,_ZN5neml223LDISolidMechanicsDriver19init_strain_controlERKNS_9OptionSetE
FNDA:0,_ZN5neml223LDISolidMechanicsDriver19init_stress_controlERKNS_9OptionSetE
FNF:9
FNH:8
DA:32,6
DA:34,6
DA:35,6
DA:36,6
DA:38,18
DA:39,12
DA:40,12
DA:41,12
DA:42,6
DA:44,18
DA:45,12
DA:46,12
DA:47,12
DA:48,6
DA:50,18
DA:51,12
DA:52,12
DA:53,12
DA:55,12
DA:56,18
DA:58,6
DA:59,12
DA:60,12
DA:61,6
DA:62,18
DA:63,12
DA:64,6
DA:66,6
DA:67,0
DA:69,1
DA:71,1
DA:72,2
DA:73,1
DA:74,4
DA:76,1
DA:79,1
DA:81,1
DA:82,1
DA:83,1
DA:86,1
DA:88,3
DA:89,1
DA:90,1
DA:91,1
DA:94,0
DA:96,0
DA:97,0
DA:98,0
DA:99,0
DA:102,1
DA:104,2
DA:105,1
DA:106,1
DA:107,1
DA:110,1
DA:112,1
DA:114,1
DA:116,2
DA:117,1
DA:120,1
DA:121,2
DA:123,1
DA:125,2
DA:129,1
DA:131,1
DA:132,1
DA:133,2
DA:134,1
DA:136,1
DA:139,1
DA:142,10
DA:144,10
DA:145,20
DA:146,20
DA:149,9
DA:151,9
DA:153,9
DA:155,1
DA:156,1
DA:157,1
DA:158,1
DA:159,1
DA:160,9
LF:83
LH:77
end_of_record
TN:
SF:/home/runner/work/neml2/neml2/src/neml2/drivers/solid_mechanics/SDTSolidMechanicsDriver.cxx
FN:32,49,_ZN5neml223SDTSolidMechanicsDriver16expected_optionsEv
FN:51,54,_ZN5neml223SDTSolidMechanicsDriverC2ERKNS_9OptionSetE
FN:57,62,_ZN5neml223SDTSolidMechanicsDriver19init_strain_controlERKNS_9OptionSetE
FN:65,70,_ZN5neml223SDTSolidMechanicsDriver19init_stress_controlERKNS_9OptionSetE
FNDA:6,_ZN5neml223SDTSolidMechanicsDriver16expected_optionsEv
FNDA:6,_ZN5neml223SDTSolidMechanicsDriverC2ERKNS_9OptionSetE
FNDA:4,_ZN5neml223SDTSolidMechanicsDriver19init_strain_controlERKNS_9OptionSetE
FNDA:1,_ZN5neml223SDTSolidMechanicsDriver19init_stress_controlERKNS_9OptionSetE
FNF:4
FNH:4
DA:32,6
DA:34,6
DA:35,6
DA:36,6
DA:38,18
DA:39,12
DA:40,12
DA:41,6
DA:43,18
DA:44,12
DA:45,12
DA:46,6
DA:48,6
DA:49,0
DA:51,6
DA:52,6
DA:54,6
DA:57,4
DA:59,8
DA:60,4
DA:61,4
DA:62,4
DA:65,1
DA:67,2
DA:68,1
DA:69,1
DA:70,1
LF:27
LH:26
end_of_record
TN:
SF:/home/runner/work/neml2/neml2/src/neml2/drivers/solid_mechanics/SolidMechanicsDriver.cxx
FN:105,110,_ZN5neml220SolidMechanicsDriver24init_temperature_controlERKNS_9OptionSetE
FN:113,164,_ZNK5neml220SolidMechanicsDriver8diagnoseERSt6vectorINS_9DiagnosisESaIS2_EE
FN:167,178,_ZN5neml220SolidMechanicsDriver13update_forcesEv
FN:30,63,_ZN5neml220SolidMechanicsDriver16expected_optionsEv
FN:65,70,_ZN5neml220SolidMechanicsDriverC2ERKNS_9OptionSetE
FN:73,90,_ZN5neml220SolidMechanicsDriver5setupEv
FN:93,102,_ZN5neml220SolidMechanicsDriver18init_mixed_controlERKNS_9OptionSetE
FNDA:1,_ZN5neml220SolidMechanicsDriver24init_temperature_controlERKNS_9OptionSetE
FNDA:7,_ZNK5neml220SolidMechanicsDriver8diagnoseERSt6vectorINS_9DiagnosisESaIS2_EE
FNDA:70,_ZN5neml220SolidMechanicsDriver13update_forcesEv
FNDA:12,_ZN5neml220SolidMechanicsDriver16expected_optionsEv
FNDA:7,_ZN5neml220SolidMechanicsDriverC2ERKNS_9OptionSetE
FNDA:7,_ZN5neml220SolidMechanicsDriver5setupEv
FNDA:1,_ZN5neml220SolidMechanicsDriver18init_mixed_controlERKNS_9OptionSetE
FNF:7
FNH:7
DA:30,12
DA:32,12
DA:33,12
DA:35,48
DA:36,12
DA:37,24
DA:38,36
DA:40,36
DA:41,24
DA:42,24
DA:43,24
DA:44,12
DA:46,36
DA:47,24
DA:48,24
DA:49,24
DA:52,12
DA:54,36
DA:55,36
DA:56,12
DA:57,24
DA:58,24
DA:60,12
DA:62,24
DA:63,12
DA:65,7
DA:67,7
DA:68,28
DA:70,7
DA:73,7
DA:75,7
DA:77,14
DA:78,5
DA:79,4
DA:80,1
DA:81,2
DA:82,1
DA:88,7
DA:89,1
DA:90,7
DA:93,1
DA:95,2
DA:96,1
DA:97,1
DA:99,2
DA:100,1
DA:101,1
DA:102,1
DA:105,1
DA:107,2
DA:108,1
DA:109,1
DA:110,1
DA:113,7
DA:115,7
DA:117,14
DA:118,7
DA:121,7
DA:123,14
DA:124,7
DA:127,14
DA:129,14
DA:132,7
DA:134,2
DA:135,1
DA:138,1
DA:140,2
DA:142,1
DA:144,2
DA:146,2
DA:150,14
DA:152,2
DA:153,1
DA:156,1
DA:157,2
DA:159,1
DA:161,2
DA:164,7
DA:167,70
DA:169,70
DA:171,140
DA:173,70
DA:174,20
DA:176,140
DA:177,20
DA:178,160
LF:86
LH:86
end_of_record
TN:
SF:/home/runner/work/neml2/neml2/src/neml2/jit/utils.cxx
FN:30,33,_ZN5neml219neml_assert_tracingEv
FN:36,41,_ZN5neml223neml_assert_tracing_dbgEv
FNDA:0,_ZN5neml219neml_assert_tracingEv
FNDA:0,_ZN5neml223neml_assert_tracing_dbgEv
FNF:2
FNH:0
DA:30,0
DA:32,0
DA:33,0
DA:36,0
DA:39,0
DA:41,0
LF:6
LH:0
end_of_record
TN:
SF:/home/runner/work/neml2/neml2/src/neml2/misc/error.cxx
FN:30,33,_ZNK5neml213NEMLException4whatEv
FN:38,40,_ZN5neml28internal10stream_allERSt19basic_ostringstreamIcSt11char_traitsIcESaIcEE
FNDA:22,_ZNK5neml213NEMLException4whatEv
FNDA:72,_ZN5neml28internal10stream_allERSt19basic_ostringstreamIcSt11char_traitsIcESaIcEE
FNF:2
FNH:2
DA:30,22
DA:32,22
DA:38,72
DA:40,72
LF:4
LH:4
end_of_record
TN:
SF:/home/runner/work/neml2/neml2/src/neml2/misc/math.cxx
FN:101,104,_ZN5neml24math15ConstantTensors19full_to_skew_factorEv
FN:107,110,_ZN5neml24math15ConstantTensors19skew_to_full_factorEv
FN:113,136,_ZN5neml24math15full_to_reducedERKNS_6TensorERKN2at6TensorES7_l
FN:139,159,_ZN5neml24math15reduced_to_fullERKNS_6TensorERKN2at6TensorES7_l
FN:162,169,_ZN5neml24math14full_to_mandelERKNS_6TensorEl
FN:172,179,_ZN5neml24math14mandel_to_fullERKNS_6TensorEl
FN:182,189,_ZN5neml24math12full_to_skewERKNS_6TensorEl
FN:192,199,_ZN5neml24math12skew_to_fullERKNS_6TensorEl
FN:202,229,_ZN5neml24math6jacrevERKNS_6TensorES3_bbb
FN:232,238,_ZN5neml24math15base_diag_embedERKNS_6TensorElll
FN:241,248,_ZN5neml24math19skew_and_sym_to_symERKNS_3SR2ERKNS_3WR2E
FN:251,257,_ZN5neml24math27d_skew_and_sym_to_sym_d_symERKNS_3WR2E
FN:260,266,_ZN5neml24math28d_skew_and_sym_to_sym_d_skewERKNS_3SR2E
FN:269,275,_ZN5neml24math22multiply_and_make_skewERKNS_3SR2ES3_
FN:278,284,_ZN5neml24math32d_multiply_and_make_skew_d_firstERKNS_3SR2E
FN:287,293,_ZN5neml24math33d_multiply_and_make_skew_d_secondERKNS_3SR2E
FN:296,302,_ZN5neml24math8base_catERKSt6vectorINS_6TensorESaIS2_EEl
FN:305,311,_ZN5neml24math10base_stackERKSt6vectorINS_6TensorESaIS2_EEl
FN:314,318,_ZN5neml24math8base_sumERKNS_6TensorEl
FN:321,325,_ZN5neml24math9base_meanERKNS_6TensorEl
FN:328,331,_ZN5neml24math3powERKdRKNS_6TensorE
FN:334,338,_ZN5neml24math3powERKNS_6TensorES3_
FN:343,357,_ZN5neml24math6linalg11vector_normERKNS_6TensorE
FN:36,55,_ZN5neml24math15ConstantTensorsC2Ev
FN:360,363,_ZN5neml24math6linalg3invERKNS_6TensorE
FN:366,369,_ZN5neml24math6linalg5solveERKNS_6TensorES4_
FN:372,376,_ZN5neml24math6linalg9lu_factorERKNS_6TensorEb
FN:379,382,_ZN5neml24math6linalg8lu_solveERKNS_6TensorES4_S4_bb
FN:58,62,_ZN5neml24math15ConstantTensors3getEv
FN:65,68,_ZN5neml24math15ConstantTensors18full_to_mandel_mapEv
FN:71,74,_ZN5neml24math15ConstantTensors18mandel_to_full_mapEv
FN:77,80,_ZN5neml24math15ConstantTensors21full_to_mandel_factorEv
FN:83,86,_ZN5neml24math15ConstantTensors21mandel_to_full_factorEv
FN:89,92,_ZN5neml24math15ConstantTensors16full_to_skew_mapEv
FN:95,98,_ZN5neml24math15ConstantTensors16skew_to_full_mapEv
FNDA:501,_ZN5neml24math15ConstantTensors19full_to_skew_factorEv
FNDA:421,_ZN5neml24math15ConstantTensors19skew_to_full_factorEv
FNDA:2456,_ZN5neml24math15full_to_reducedERKNS_6TensorERKN2at6TensorES7_l
FNDA:2833,_ZN5neml24math15reduced_to_fullERKNS_6TensorERKN2at6TensorES7_l
FNDA:1955,_ZN5neml24math14full_to_mandelERKNS_6TensorEl
FNDA:2412,_ZN5neml24math14mandel_to_fullERKNS_6TensorEl
FNDA:501,_ZN5neml24math12full_to_skewERKNS_6TensorEl
FNDA:421,_ZN5neml24math12skew_to_fullERKNS_6TensorEl
FNDA:1912,_ZN5neml24math6jacrevERKNS_6TensorES3_bbb
FNDA:488,_ZN5neml24math15base_diag_embedERKNS_6TensorElll
FNDA:327,_ZN5neml24math19skew_and_sym_to_symERKNS_3SR2ERKNS_3WR2E
FNDA:64,_ZN5neml24math27d_skew_and_sym_to_sym_d_symERKNS_3WR2E
FNDA:2,_ZN5neml24math28d_skew_and_sym_to_sym_d_skewERKNS_3SR2E
FNDA:327,_ZN5neml24math22multiply_and_make_skewERKNS_3SR2ES3_
FNDA:64,_ZN5neml24math32d_multiply_and_make_skew_d_firstERKNS_3SR2E
FNDA:64,_ZN5neml24math33d_multiply_and_make_skew_d_secondERKNS_3SR2E
FNDA:5538,_ZN5neml24math8base_catERKSt6vectorINS_6TensorESaIS2_EEl
FNDA:557,_ZN5neml24math10base_stackERKSt6vectorINS_6TensorESaIS2_EEl
FNDA:0,_ZN5neml24math8base_sumERKNS_6TensorEl
FNDA:0,_ZN5neml24math9base_meanERKNS_6TensorEl
FNDA:80,_ZN5neml24math3powERKdRKNS_6TensorE
FNDA:63,_ZN5neml24math3powERKNS_6TensorES3_
FNDA:1361,_ZN5neml24math6linalg11vector_normERKNS_6TensorE
FNDA:1,_ZN5neml24math15ConstantTensorsC2Ev
FNDA:106,_ZN5neml24math6linalg3invERKNS_6TensorE
FNDA:1266,_ZN5neml24math6linalg5solveERKNS_6TensorES4_
FNDA:2,_ZN5neml24math6linalg9lu_factorERKNS_6TensorEb
FNDA:6,_ZN5neml24math6linalg8lu_solveERKNS_6TensorES4_S4_bb
FNDA:10578,_ZN5neml24math15ConstantTensors3getEv
FNDA:1955,_ZN5neml24math15ConstantTensors18full_to_mandel_mapEv
FNDA:2412,_ZN5neml24math15ConstantTensors18mandel_to_full_mapEv
FNDA:1955,_ZN5neml24math15ConstantTensors21full_to_mandel_factorEv
FNDA:2412,_ZN5neml24math15ConstantTensors21mandel_to_full_factorEv
FNDA:501,_ZN5neml24math15ConstantTensors16full_to_skew_mapEv
FNDA:421,_ZN5neml24math15ConstantTensors16skew_to_full_mapEv
FNF:35
FNH:33
DA:36,1
DA:38,8
DA:41,11
DA:43,8
DA:46,11
DA:48,5
DA:50,11
DA:52,5
DA:54,11
DA:55,9
DA:58,10578
DA:60,10578
DA:61,10578
DA:65,1955
DA:67,1955
DA:71,2412
DA:73,2412
DA:77,1955
DA:79,1955
DA:83,2412
DA:85,2412
DA:89,501
DA:91,501
DA:95,421
DA:97,421
DA:101,501
DA:103,501
DA:107,421
DA:109,421
DA:113,2456
DA:118,2456
DA:119,2456
DA:120,2456
DA:121,2456
DA:122,2456
DA:124,2456
DA:125,2456
DA:126,2456
DA:128,2456
DA:129,2456
DA:132,4912
DA:135,7368
DA:136,2456
DA:139,2833
DA:144,2833
DA:145,2833
DA:146,2833
DA:147,2833
DA:148,2833
DA:150,2833
DA:151,2833
DA:152,2833
DA:153,2833
DA:154,2833
DA:156,5666
DA:157,5666
DA:158,8499
DA:159,2833
DA:162,1955
DA:166,3910
DA:167,3910
DA:168,3910
DA:172,2412
DA:176,4824
DA:177,4824
DA:178,4824
DA:182,501
DA:186,1002
DA:187,1002
DA:188,1002
DA:192,421
DA:196,842
DA:197,842
DA:198,842
DA:202,1912
DA:205,1912
DA:206,0
DA:209,1912
DA:210,1912
DA:213,1912
DA:215,7164
DA:217,57772
DA:219,15756
DA:222,5252
DA:223,5252
DA:224,10358
DA:225,5252
DA:228,1912
DA:229,28099
DA:232,488
DA:235,976
DA:236,0
DA:237,1464
DA:241,327
DA:245,327
DA:246,327
DA:247,654
DA:248,327
DA:251,64
DA:253,64
DA:254,64
DA:255,320
DA:256,448
DA:257,192
DA:260,2
DA:262,2
DA:263,2
DA:264,10
DA:265,14
DA:266,6
DA:269,327
DA:271,327
DA:272,327
DA:274,654
DA:275,327
DA:278,64
DA:280,64
DA:281,64
DA:282,320
DA:283,448
DA:284,192
DA:287,64
DA:289,64
DA:290,64
DA:291,320
DA:292,448
DA:293,192
DA:296,5538
DA:298,5538
DA:299,5538
DA:300,5538
DA:301,11076
DA:302,5538
DA:305,557
DA:307,557
DA:308,557
DA:309,557
DA:310,1114
DA:311,557
DA:314,0
DA:316,0
DA:317,0
DA:321,0
DA:323,0
DA:324,0
DA:328,80
DA:330,160
DA:334,63
DA:336,63
DA:337,126
DA:343,1361
DA:345,1361
DA:347,1361
DA:351,1361
DA:352,69
DA:354,2584
DA:355,2584
DA:356,2584
DA:360,106
DA:362,212
DA:366,1266
DA:368,2532
DA:372,2
DA:374,2
DA:375,4
DA:376,2
DA:379,6
DA:381,12
LF:168
LH:160
end_of_record
TN:
SF:/home/runner/work/neml2/neml2/src/neml2/misc/parser_utils.cxx
FN:104,113,_ZN5neml25utils6parse_IbEEvRT_RKSs
FN:117,123,_ZN5neml25utils13parse_vector_IbEEvRSt6vectorIT_SaIS3_EERKSs
FN:127,131,_ZN5neml25utils6parse_INS_19LabeledAxisAccessorEEEvRT_RKSs
FN:135,147,_ZN5neml25utils6parse_IN3c1011SmallVectorIlLj6EEEEEvRT_RKSs
FN:31,34,_ZNK5neml215ParserException4whatEv
FN:39,43,_ZN5neml25utilsrsERSt18basic_stringstreamIcSt11char_traitsIcESaIcEERN2at6TensorE
FN:46,56,_ZN5neml25utils4joinERKSt6vectorISsSaISsEERKSs
FN:59,77,_ZN5neml25utils5splitERKSsS2_
FN:80,87,_ZN5neml25utils4trimERKSsS2_
FN:90,93,_ZN5neml25utils10start_withESt17basic_string_viewIcSt11char_traitsIcEES4_
FN:96,100,_ZN5neml25utils8end_withESt17basic_string_viewIcSt11char_traitsIcEES4_
FNDA:184,_ZN5neml25utils6parse_IbEEvRT_RKSs
FNDA:40,_ZN5neml25utils13parse_vector_IbEEvRSt6vectorIT_SaIS3_EERKSs
FNDA:669,_ZN5neml25utils6parse_INS_19LabeledAxisAccessorEEEvRT_RKSs
FNDA:1195,_ZN5neml25utils6parse_IN3c1011SmallVectorIlLj6EEEEEvRT_RKSs
FNDA:6,_ZNK5neml215ParserException4whatEv
FNDA:1,_ZN5neml25utilsrsERSt18basic_stringstreamIcSt11char_traitsIcESaIcEERN2at6TensorE
FNDA:0,_ZN5neml25utils4joinERKSt6vectorISsSaISsEERKSs
FNDA:3091,_ZN5neml25utils5splitERKSsS2_
FNDA:11918,_ZN5neml25utils4trimERKSsS2_
FNDA:12642,_ZN5neml25utils10start_withESt17basic_string_viewIcSt11char_traitsIcEES4_
FNDA:1473,_ZN5neml25utils8end_withESt17basic_string_viewIcSt11char_traitsIcEES4_
FNF:11
FNH:10
DA:31,6
DA:33,6
DA:39,1
DA:41,3
DA:46,0
DA:48,0
DA:49,0
DA:51,0
DA:52,0
DA:53,0
DA:55,0
DA:56,0
DA:59,3091
DA:61,3091
DA:63,3091
DA:64,3091
DA:66,8073
DA:68,8057
DA:70,8057
DA:71,8057
DA:72,3075
DA:73,4982
DA:76,3091
DA:77,0
DA:80,11918
DA:82,11918
DA:83,11918
DA:84,34
DA:85,11901
DA:86,11901
DA:90,12642
DA:92,12642
DA:96,1473
DA:98,2946
DA:99,2946
DA:104,184
DA:106,184
DA:107,184
DA:108,99
DA:109,85
DA:110,84
DA:112,3
DA:113,184
DA:117,40
DA:119,40
DA:120,40
DA:121,150
DA:122,110
DA:123,40
DA:127,669
DA:129,669
DA:130,669
DA:131,669
DA:135,1195
DA:137,1195
DA:138,2
DA:139,3
DA:141,2388
DA:142,1194
DA:144,1194
DA:145,3500
DA:146,2306
DA:147,1194
LF:63
LH:54
end_of_record
TN:
SF:/home/runner/work/neml2/neml2/src/neml2/misc/types.cxx
FN:105,113,_ZNK5neml220TraceableTensorShape5sliceEll
FN:116,121,_ZNK5neml220TraceableTensorShape5sliceEl
FN:124,130,_ZNK5neml220TraceableTensorShape8concreteEv
FN:133,142,_ZNK5neml220TraceableTensorShape9as_tensorEv
FN:145,148,_ZN5neml2eqERKNS_20TraceableTensorShapeES2_
FN:151,154,_ZN5neml2neERKNS_20TraceableTensorShapeES2_
FN:157,162,_ZN5neml222default_tensor_optionsEv
FN:165,170,_ZN5neml230default_integer_tensor_optionsEv
FN:173,177,_ZN5neml213default_dtypeEv
FN:180,184,_ZN5neml221default_integer_dtypeEv
FN:187,191,_ZN5neml214default_deviceEv
FN:194,198,_ZN5neml217machine_precisionEv
FN:201,205,_ZN5neml29toleranceEv
FN:208,212,_ZN5neml217tighter_toleranceEv
FN:215,219,_ZN5neml221buffer_name_separatorEv
FN:222,226,_ZN5neml224parameter_name_separatorEv
FN:229,233,_ZN5neml234currently_solving_nonlinear_systemEv
FN:236,240,_ZN5neml223currently_requesting_ADEv
FN:31,34,_ZNK5neml213TraceableSize9traceableEv
FN:37,48,_ZNK5neml213TraceableSize8concreteEv
FN:51,57,_ZNK5neml213TraceableSize9as_tensorEv
FN:60,63,_ZN5neml2eqERKNS_13TraceableSizeES2_
FN:66,69,_ZN5neml2neERKNS_13TraceableSizeES2_
FN:72,76,_ZN5neml2lsERSoRKNS_13TraceableSizeE
FN:78,82,_ZN5neml220TraceableTensorShapeC2ERKN3c1011SmallVectorIlLj6EEE
FN:84,88,_ZN5neml220TraceableTensorShapeC2EN3c108ArrayRefIlEE
FN:90,93,_ZN5neml220TraceableTensorShapeC2El
FN:95,102,_ZN5neml220TraceableTensorShapeC2ERKN2at6TensorE
FNDA:22478,_ZNK5neml220TraceableTensorShape5sliceEll
FNDA:0,_ZNK5neml220TraceableTensorShape5sliceEl
FNDA:1018971,_ZNK5neml220TraceableTensorShape8concreteEv
FNDA:18917,_ZNK5neml220TraceableTensorShape9as_tensorEv
FNDA:302067,_ZN5neml2eqERKNS_20TraceableTensorShapeES2_
FNDA:35,_ZN5neml2neERKNS_20TraceableTensorShapeES2_
FNDA:3101,_ZN5neml222default_tensor_optionsEv
FNDA:152,_ZN5neml230default_integer_tensor_optionsEv
FNDA:559,_ZN5neml213default_dtypeEv
FNDA:5570,_ZN5neml221default_integer_dtypeEv
FNDA:282,_ZN5neml214default_deviceEv
FNDA:1740,_ZN5neml217machine_precisionEv
FNDA:280,_ZN5neml29toleranceEv
FNDA:280,_ZN5neml217tighter_toleranceEv
FNDA:425,_ZN5neml221buffer_name_separatorEv
FNDA:351,_ZN5neml224parameter_name_separatorEv
FNDA:14611,_ZN5neml234currently_solving_nonlinear_systemEv
FNDA:692,_ZN5neml223currently_requesting_ADEv
FNDA:414769,_ZNK5neml213TraceableSize9traceableEv
FNDA:392031,_ZNK5neml213TraceableSize8concreteEv
FNDA:5400,_ZNK5neml213TraceableSize9as_tensorEv
FNDA:10,_ZN5neml2eqERKNS_13TraceableSizeES2_
FNDA:0,_ZN5neml2neERKNS_13TraceableSizeES2_
FNDA:0,_ZN5neml2lsERSoRKNS_13TraceableSizeE
FNDA:1024,_ZN5neml220TraceableTensorShapeC2ERKN3c1011SmallVectorIlLj6EEE
FNDA:231251,_ZN5neml220TraceableTensorShapeC2EN3c108ArrayRefIlEE
FNDA:620,_ZN5neml220TraceableTensorShapeC2El
FNDA:2074,_ZN5neml220TraceableTensorShapeC2ERKN2at6TensorE
FNF:28
FNH:25
DA:31,414769
DA:33,414769
DA:37,392031
DA:39,392031
DA:41,25104
DA:43,25104
DA:44,25104
DA:47,366927
DA:51,5400
DA:53,5400
DA:54,612
DA:56,4788
DA:60,10
DA:62,10
DA:66,0
DA:68,0
DA:72,0
DA:74,0
DA:75,0
DA:78,1024
DA:80,4014
DA:81,2990
DA:82,1024
DA:84,231251
DA:86,327190
DA:87,95939
DA:88,231251
DA:90,620
DA:91,620
DA:93,620
DA:95,2074
DA:97,2074
DA:98,2074
DA:100,4154
DA:101,4160
DA:102,4154
DA:105,22478
DA:107,22478
DA:108,0
DA:109,22478
DA:110,2433
DA:112,22478
DA:116,0
DA:118,0
DA:119,0
DA:120,0
DA:124,1018971
DA:126,1018971
DA:127,1407444
DA:128,388473
DA:129,1018971
DA:130,0
DA:133,18917
DA:135,18917
DA:136,13529
DA:138,5388
DA:139,10788
DA:140,5400
DA:141,5388
DA:142,5388
DA:145,302067
DA:147,302067
DA:151,35
DA:153,35
DA:157,3101
DA:160,3101
DA:161,3101
DA:165,152
DA:168,152
DA:169,152
DA:173,559
DA:176,559
DA:180,5570
DA:183,5570
DA:187,282
DA:189,282
DA:190,282
DA:194,1740
DA:197,1740
DA:201,280
DA:204,280
DA:208,280
DA:211,280
DA:215,425
DA:217,427
DA:218,425
DA:222,351
DA:224,353
DA:225,351
DA:229,14611
DA:232,14611
DA:236,692
DA:239,692
LF:93
LH:82
end_of_record
TN:
SF:/home/runner/work/neml2/neml2/src/neml2/misc/utils.cxx
FN:101,104,_ZN5neml25utils7details25add_traceable_shapes_implERNS_20TraceableTensorShapeE
FN:34,38,_ZN5neml25utils8demangleEPKc
FN:41,54,_ZN5neml25utils19extract_batch_sizesERKN2at6TensorEl
FN:57,61,_ZN5neml25utils12storage_sizeEN3c108ArrayRefIlEE
FN:64,69,_ZN5neml25utils11pad_prependEN3c108ArrayRefIlEEll
FN:72,78,_ZN5neml25utils11pad_prependERKN2at6TensorEll
FN:95,98,_ZN5neml25utils7details15add_shapes_implERN3c1011SmallVectorIlLj6EEE
FNDA:11396,_ZN5neml25utils7details25add_traceable_shapes_implERNS_20TraceableTensorShapeE
FNDA:237580,_ZN5neml25utils8demangleEPKc
FNDA:219235,_ZN5neml25utils19extract_batch_sizesERKN2at6TensorEl
FNDA:105498,_ZN5neml25utils12storage_sizeEN3c108ArrayRefIlEE
FNDA:346116,_ZN5neml25utils11pad_prependEN3c108ArrayRefIlEEll
FNDA:5388,_ZN5neml25utils11pad_prependERKN2at6TensorEll
FNDA:72736,_ZN5neml25utils7details15add_shapes_implERN3c1011SmallVectorIlLj6EEE
FNF:7
FNH:7
DA:34,237580
DA:37,237580
DA:41,219235
DA:45,219235
DA:47,0
DA:48,0
DA:49,0
DA:50,0
DA:51,0
DA:53,219235
DA:57,105498
DA:59,105498
DA:60,105498
DA:64,346116
DA:66,346116
DA:67,346116
DA:68,346116
DA:69,0
DA:72,5388
DA:74,5388
DA:75,5388
DA:76,5388
DA:77,32328
DA:78,16164
DA:95,72736
DA:97,72736
DA:101,11396
DA:103,11396
LF:28
LH:22
end_of_record
TN:
SF:/home/runner/work/neml2/neml2/src/neml2/models/ArrheniusParameter.cxx
FN:33,54,_ZN5neml218ArrheniusParameter16expected_optionsEv
FN:56,63,_ZN5neml218ArrheniusParameterC2ERKNS_9OptionSetE
FN:66,84,_ZN5neml218ArrheniusParameter9set_valueEbbb
FNDA:6,_ZN5neml218ArrheniusParameter16expected_optionsEv
FNDA:2,_ZN5neml218ArrheniusParameterC2ERKNS_9OptionSetE
FNDA:16,_ZN5neml218ArrheniusParameter9set_valueEbbb
FNF:3
FNH:3
DA:33,6
DA:35,6
DA:36,6
DA:39,6
DA:41,12
DA:42,12
DA:44,12
DA:45,12
DA:47,12
DA:48,6
DA:50,18
DA:51,6
DA:53,6
DA:54,0
DA:56,2
DA:58,6
DA:59,10
DA:60,2
DA:61,4
DA:63,2
DA:66,16
DA:68,16
DA:70,16
DA:71,12
DA:73,16
DA:74,16
DA:76,4
DA:78,4
DA:79,3
DA:81,4
DA:82,1
DA:83,4
DA:84,16
LF:33
LH:32
end_of_record
TN:
SF:/home/runner/work/neml2/neml2/src/neml2/models/Assembler.cxx
FN:106,183,_ZNK5neml215MatrixAssembler8assembleERKSt3mapINS_19LabeledAxisAccessorES1_IS2_NS_6TensorESt4lessIS2_ESaISt4pairIKS2_S3_EEES5_SaIS6_IS7_SA_EEE
FN:186,203,_ZNK5neml215MatrixAssembler11disassembleERKNS_6TensorE
FN:206,223,_ZNK5neml215MatrixAssembler5splitERKNS_6TensorE
FN:31,75,_ZNK5neml215VectorAssembler8assembleERKSt3mapINS_19LabeledAxisAccessorENS_6TensorESt4lessIS2_ESaISt4pairIKS2_S3_EEE
FN:78,89,_ZNK5neml215VectorAssembler11disassembleERKNS_6TensorE
FN:92,103,_ZNK5neml215VectorAssembler5splitERKNS_6TensorE
FNDA:1027,_ZNK5neml215MatrixAssembler8assembleERKSt3mapINS_19LabeledAxisAccessorES1_IS2_NS_6TensorESt4lessIS2_ESaISt4pairIKS2_S3_EEES5_SaIS6_IS7_SA_EEE
FNDA:6,_ZNK5neml215MatrixAssembler11disassembleERKNS_6TensorE
FNDA:2,_ZNK5neml215MatrixAssembler5splitERKNS_6TensorE
FNDA:1488,_ZNK5neml215VectorAssembler8assembleERKSt3mapINS_19LabeledAxisAccessorENS_6TensorESt4lessIS2_ESaISt4pairIKS2_S3_EEE
FNDA:1334,_ZNK5neml215VectorAssembler11disassembleERKNS_6TensorE
FNDA:1,_ZNK5neml215VectorAssembler5splitERKNS_6TensorE
FNF:6
FNH:6
DA:31,1488
DA:33,1488
DA:36,1488
DA:37,1488
DA:42,1488
DA:43,5842
DA:45,4354
DA:46,4354
DA:48,4351
DA:49,4351
DA:51,4351
DA:53,4351
DA:55,4351
DA:56,4351
DA:58,1488
DA:59,1488
DA:64,1488
DA:67,1488
DA:68,5842
DA:69,4354
DA:70,4351
DA:72,3
DA:74,2976
DA:75,1488
DA:78,1334
DA:80,1334
DA:82,1334
DA:83,1334
DA:85,5251
DA:86,3917
DA:88,2668
DA:89,1334
DA:92,1
DA:94,1
DA:96,1
DA:97,1
DA:99,3
DA:100,2
DA:102,2
DA:103,1
DA:106,1027
DA:109,1027
DA:110,1027
DA:113,1027
DA:114,1027
DA:117,1027
DA:118,4049
DA:120,3022
DA:121,3022
DA:122,0
DA:127,3022
DA:128,12308
DA:130,9286
DA:131,9286
DA:133,9274
DA:134,9274
DA:136,9274
DA:138,9274
DA:140,9274
DA:142,18548
DA:143,9274
DA:145,9274
DA:147,9274
DA:149,18548
DA:151,9274
DA:152,9274
DA:154,1027
DA:155,1027
DA:160,3022
DA:163,3022
DA:164,12308
DA:165,9286
DA:166,9274
DA:168,24
DA:169,24
DA:171,3022
DA:172,3022
DA:175,1027
DA:176,4049
DA:177,3022
DA:178,3022
DA:180,0
DA:182,2054
DA:183,1027
DA:186,6
DA:188,6
DA:190,6
DA:191,6
DA:193,6
DA:194,24
DA:196,18
DA:197,54
DA:198,72
DA:199,108
DA:200,18
DA:202,12
DA:203,6
DA:206,2
DA:208,2
DA:210,2
DA:211,2
DA:213,2
DA:214,4
DA:216,2
DA:217,10
DA:218,16
DA:219,24
DA:220,2
DA:222,4
DA:223,2
LF:110
LH:108
end_of_record
TN:
SF:/home/runner/work/neml2/neml2/src/neml2/models/BackwardEulerTimeIntegration.cxx
FN:35,56,_ZN5neml228BackwardEulerTimeIntegrationINS_3SR2EE16expected_optionsEv
FN:35,56,_ZN5neml228BackwardEulerTimeIntegrationINS_3VecEE16expected_optionsEv
FN:35,56,_ZN5neml228BackwardEulerTimeIntegrationINS_6ScalarEE16expected_optionsEv
FN:59,70,_ZN5neml228BackwardEulerTimeIntegrationINS_3SR2EEC2ERKNS_9OptionSetE
FN:59,70,_ZN5neml228BackwardEulerTimeIntegrationINS_3VecEEC2ERKNS_9OptionSetE
FN:59,70,_ZN5neml228BackwardEulerTimeIntegrationINS_6ScalarEEC2ERKNS_9OptionSetE
FN:74,80,_ZNK5neml228BackwardEulerTimeIntegrationINS_3SR2EE8diagnoseERSt6vectorINS_9DiagnosisESaIS4_EE
FN:74,80,_ZNK5neml228BackwardEulerTimeIntegrationINS_3VecEE8diagnoseERSt6vectorINS_9DiagnosisESaIS4_EE
FN:74,80,_ZNK5neml228BackwardEulerTimeIntegrationINS_6ScalarEE8diagnoseERSt6vectorINS_9DiagnosisESaIS4_EE
FN:84,105,_ZN5neml228BackwardEulerTimeIntegrationINS_3SR2EE9set_valueEbbb
FN:84,105,_ZN5neml228BackwardEulerTimeIntegrationINS_3VecEE9set_valueEbbb
FN:84,105,_ZN5neml228BackwardEulerTimeIntegrationINS_6ScalarEE9set_valueEbbb
FNDA:6,_ZN5neml228BackwardEulerTimeIntegrationINS_3SR2EE16expected_optionsEv
FNDA:6,_ZN5neml228BackwardEulerTimeIntegrationINS_3VecEE16expected_optionsEv
FNDA:6,_ZN5neml228BackwardEulerTimeIntegrationINS_6ScalarEE16expected_optionsEv
FNDA:9,_ZN5neml228BackwardEulerTimeIntegrationINS_3SR2EEC2ERKNS_9OptionSetE
FNDA:0,_ZN5neml228BackwardEulerTimeIntegrationINS_3VecEEC2ERKNS_9OptionSetE
FNDA:16,_ZN5neml228BackwardEulerTimeIntegrationINS_6ScalarEEC2ERKNS_9OptionSetE
FNDA:6,_ZNK5neml228BackwardEulerTimeIntegrationINS_3SR2EE8diagnoseERSt6vectorINS_9DiagnosisESaIS4_EE
FNDA:0,_ZNK5neml228BackwardEulerTimeIntegrationINS_3VecEE8diagnoseERSt6vectorINS_9DiagnosisESaIS4_EE
FNDA:4,_ZNK5neml228BackwardEulerTimeIntegrationINS_6ScalarEE8diagnoseERSt6vectorINS_9DiagnosisESaIS4_EE
FNDA:2702,_ZN5neml228BackwardEulerTimeIntegrationINS_3SR2EE9set_valueEbbb
FNDA:0,_ZN5neml228BackwardEulerTimeIntegrationINS_3VecEE9set_valueEbbb
FNDA:4064,_ZN5neml228BackwardEulerTimeIntegrationINS_6ScalarEE9set_valueEbbb
FNF:12
FNH:9
DA:35,18
DA:37,18
DA:38,18
DA:44,18
DA:46,36
DA:47,36
DA:49,36
DA:50,18
DA:52,54
DA:53,18
DA:55,18
DA:56,0
DA:59,25
DA:61,25
DA:62,25
DA:63,25
DA:64,96
DA:65,25
DA:66,25
DA:67,25
DA:68,50
DA:70,25
DA:74,10
DA:76,10
DA:77,10
DA:78,10
DA:79,10
DA:80,10
DA:84,6766
DA:86,6766
DA:88,6766
DA:89,6765
DA:91,6766
DA:93,2966
DA:95,2966
DA:96,2966
DA:98,2966
DA:99,2954
DA:101,12
DA:102,12
DA:103,12
DA:104,2966
LF:42
LH:41
end_of_record
TN:
SF:/home/runner/work/neml2/neml2/src/neml2/models/BufferStore.cxx
FN:29,33,_ZN5neml211BufferStoreC2ERKNS_9OptionSetEPNS_11NEML2ObjectE
FN:36,41,_ZN5neml211BufferStore13named_buffersEv
FN:44,48,_ZN5neml211BufferStore15send_buffers_toERKN3c1013TensorOptionsE
FNDA:381,_ZN5neml211BufferStoreC2ERKNS_9OptionSetEPNS_11NEML2ObjectE
FNDA:0,_ZN5neml211BufferStore13named_buffersEv
FNDA:0,_ZN5neml211BufferStore15send_buffers_toERKN3c1013TensorOptionsE
FNF:3
FNH:1
DA:29,381
DA:30,381
DA:31,381
DA:33,381
DA:36,0
DA:38,0
DA:40,0
DA:44,0
DA:46,0
DA:47,0
DA:48,0
LF:11
LH:4
end_of_record
TN:
SF:/home/runner/work/neml2/neml2/src/neml2/models/ComposedModel.cxx
FN:130,133,_ZNK5neml213ComposedModel26named_nonlinear_parametersEb
FN:136,139,_ZNK5neml213ComposedModel32named_nonlinear_parameter_modelsEb
FN:142,154,_ZN5neml213ComposedModel20link_input_variablesEPNS_5ModelE
FN:157,162,_ZN5neml213ComposedModel21link_output_variablesEPNS_5ModelE
FN:165,186,_ZN5neml213ComposedModel9set_valueEbbb
FN:33,61,_ZN5neml213ComposedModel16expected_optionsEv
FN:63,127,_ZN5neml213ComposedModelC2ERKNS_9OptionSetE
FNDA:10,_ZNK5neml213ComposedModel26named_nonlinear_parametersEb
FNDA:20,_ZNK5neml213ComposedModel32named_nonlinear_parameter_modelsEb
FNDA:211,_ZN5neml213ComposedModel20link_input_variablesEPNS_5ModelE
FNDA:211,_ZN5neml213ComposedModel21link_output_variablesEPNS_5ModelE
FNDA:3721,_ZN5neml213ComposedModel9set_valueEbbb
FNDA:6,_ZN5neml213ComposedModel16expected_optionsEv
FNDA:57,_ZN5neml213ComposedModelC2ERKNS_9OptionSetE
FNF:7
FNH:7
DA:33,6
DA:35,6
DA:36,6
DA:39,6
DA:41,6
DA:43,12
DA:44,12
DA:46,12
DA:47,18
DA:49,6
DA:51,12
DA:52,18
DA:54,6
DA:56,12
DA:57,12
DA:58,6
DA:60,6
DA:61,0
DA:63,57
DA:65,114
DA:66,171
DA:71,272
DA:72,158
DA:82,57
DA:83,57
DA:84,215
DA:85,211
DA:86,211
DA:89,268
DA:90,211
DA:91,59
DA:92,2
DA:95,57
DA:96,57
DA:97,57
DA:98,0
DA:101,57
DA:102,57
DA:103,57
DA:106,57
DA:109,381
DA:110,324
DA:111,255
DA:114,138
DA:115,81
DA:118,215
DA:120,211
DA:121,53
DA:122,158
DA:123,211
DA:124,53
DA:125,158
DA:127,57
DA:130,10
DA:132,10
DA:136,20
DA:138,20
DA:142,211
DA:144,2054
DA:145,1843
DA:146,324
DA:148,1565
DA:149,1354
DA:151,168
DA:152,168
DA:154,211
DA:157,211
DA:159,567
DA:160,356
DA:161,81
DA:162,211
DA:165,3721
DA:167,24024
DA:169,20303
DA:170,11253
DA:171,9050
DA:172,8626
DA:173,424
DA:174,424
DA:176,0
DA:179,3721
DA:180,5627
DA:181,3811
DA:183,3721
DA:184,328
DA:185,164
DA:186,3721
LF:87
LH:84
end_of_record
TN:
SF:/home/runner/work/neml2/neml2/src/neml2/models/ConstantParameter.cxx
FN:34,43,_ZN5neml217ConstantParameterINS_10QuaternionEE16expected_optionsEv
FN:34,43,_ZN5neml217ConstantParameterINS_11MillerIndexEE16expected_optionsEv
FN:34,43,_ZN5neml217ConstantParameterINS_2R2EE16expected_optionsEv
FN:34,43,_ZN5neml217ConstantParameterINS_2R3EE16expected_optionsEv
FN:34,43,_ZN5neml217ConstantParameterINS_2R4EE16expected_optionsEv
FN:34,43,_ZN5neml217ConstantParameterINS_2R5EE16expected_optionsEv
FN:34,43,_ZN5neml217ConstantParameterINS_2R8EE16expected_optionsEv
FN:34,43,_ZN5neml217ConstantParameterINS_3RotEE16expected_optionsEv
FN:34,43,_ZN5neml217ConstantParameterINS_3SR2EE16expected_optionsEv
FN:34,43,_ZN5neml217ConstantParameterINS_3VecEE16expected_optionsEv
FN:34,43,_ZN5neml217ConstantParameterINS_3WR2EE16expected_optionsEv
FN:34,43,_ZN5neml217ConstantParameterINS_4SFR3EE16expected_optionsEv
FN:34,43,_ZN5neml217ConstantParameterINS_4SSR4EE16expected_optionsEv
FN:34,43,_ZN5neml217ConstantParameterINS_4SWR4EE16expected_optionsEv
FN:34,43,_ZN5neml217ConstantParameterINS_4WSR4EE16expected_optionsEv
FN:34,43,_ZN5neml217ConstantParameterINS_4WWR4EE16expected_optionsEv
FN:34,43,_ZN5neml217ConstantParameterINS_5SFFR4EE16expected_optionsEv
FN:34,43,_ZN5neml217ConstantParameterINS_5SSFR5EE16expected_optionsEv
FN:34,43,_ZN5neml217ConstantParameterINS_6SSSSR8EE16expected_optionsEv
FN:34,43,_ZN5neml217ConstantParameterINS_6ScalarEE16expected_optionsEv
FN:46,50,_ZN5neml217ConstantParameterINS_10QuaternionEEC2ERKNS_9OptionSetE
FN:46,50,_ZN5neml217ConstantParameterINS_11MillerIndexEEC2ERKNS_9OptionSetE
FN:46,50,_ZN5neml217ConstantParameterINS_2R2EEC2ERKNS_9OptionSetE
FN:46,50,_ZN5neml217ConstantParameterINS_2R3EEC2ERKNS_9OptionSetE
FN:46,50,_ZN5neml217ConstantParameterINS_2R4EEC2ERKNS_9OptionSetE
FN:46,50,_ZN5neml217ConstantParameterINS_2R5EEC2ERKNS_9OptionSetE
FN:46,50,_ZN5neml217ConstantParameterINS_2R8EEC2ERKNS_9OptionSetE
FN:46,50,_ZN5neml217ConstantParameterINS_3RotEEC2ERKNS_9OptionSetE
FN:46,50,_ZN5neml217ConstantParameterINS_3SR2EEC2ERKNS_9OptionSetE
FN:46,50,_ZN5neml217ConstantParameterINS_3VecEEC2ERKNS_9OptionSetE
FN:46,50,_ZN5neml217ConstantParameterINS_3WR2EEC2ERKNS_9OptionSetE
FN:46,50,_ZN5neml217ConstantParameterINS_4SFR3EEC2ERKNS_9OptionSetE
FN:46,50,_ZN5neml217ConstantParameterINS_4SSR4EEC2ERKNS_9OptionSetE
FN:46,50,_ZN5neml217ConstantParameterINS_4SWR4EEC2ERKNS_9OptionSetE
FN:46,50,_ZN5neml217ConstantParameterINS_4WSR4EEC2ERKNS_9OptionSetE
FN:46,50,_ZN5neml217ConstantParameterINS_4WWR4EEC2ERKNS_9OptionSetE
FN:46,50,_ZN5neml217ConstantParameterINS_5SFFR4EEC2ERKNS_9OptionSetE
FN:46,50,_ZN5neml217ConstantParameterINS_5SSFR5EEC2ERKNS_9OptionSetE
FN:46,50,_ZN5neml217ConstantParameterINS_6SSSSR8EEC2ERKNS_9OptionSetE
FN:46,50,_ZN5neml217ConstantParameterINS_6ScalarEEC2ERKNS_9OptionSetE
FN:54,65,_ZN5neml217ConstantParameterINS_10QuaternionEE9set_valueEbbb
FN:54,65,_ZN5neml217ConstantParameterINS_11MillerIndexEE9set_valueEbbb
FN:54,65,_ZN5neml217ConstantParameterINS_2R2EE9set_valueEbbb
FN:54,65,_ZN5neml217ConstantParameterINS_2R3EE9set_valueEbbb
FN:54,65,_ZN5neml217ConstantParameterINS_2R4EE9set_valueEbbb
FN:54,65,_ZN5neml217ConstantParameterINS_2R5EE9set_valueEbbb
FN:54,65,_ZN5neml217ConstantParameterINS_2R8EE9set_valueEbbb
FN:54,65,_ZN5neml217ConstantParameterINS_3RotEE9set_valueEbbb
FN:54,65,_ZN5neml217ConstantParameterINS_3SR2EE9set_valueEbbb
FN:54,65,_ZN5neml217ConstantParameterINS_3VecEE9set_valueEbbb
FN:54,65,_ZN5neml217ConstantParameterINS_3WR2EE9set_valueEbbb
FN:54,65,_ZN5neml217ConstantParameterINS_4SFR3EE9set_valueEbbb
FN:54,65,_ZN5neml217ConstantParameterINS_4SSR4EE9set_valueEbbb
FN:54,65,_ZN5neml217ConstantParameterINS_4SWR4EE9set_valueEbbb
FN:54,65,_ZN5neml217ConstantParameterINS_4WSR4EE9set_valueEbbb
FN:54,65,_ZN5neml217ConstantParameterINS_4WWR4EE9set_valueEbbb
FN:54,65,_ZN5neml217ConstantParameterINS_5SFFR4EE9set_valueEbbb
FN:54,65,_ZN5neml217ConstantParameterINS_5SSFR5EE9set_valueEbbb
FN:54,65,_ZN5neml217ConstantParameterINS_6SSSSR8EE9set_valueEbbb
FN:54,65,_ZN5neml217ConstantParameterINS_6ScalarEE9set_valueEbbb
FNDA:6,_ZN5neml217ConstantParameterINS_10QuaternionEE16expected_optionsEv
FNDA:6,_ZN5neml217ConstantParameterINS_11MillerIndexEE16expected_optionsEv
FNDA:6,_ZN5neml217ConstantParameterINS_2R2EE16expected_optionsEv
FNDA:6,_ZN5neml217ConstantParameterINS_2R3EE16expected_optionsEv
FNDA:6,_ZN5neml217ConstantParameterINS_2R4EE16expected_optionsEv
FNDA:6,_ZN5neml217ConstantParameterINS_2R5EE16expected_optionsEv
FNDA:6,_ZN5neml217ConstantParameterINS_2R8EE16expected_optionsEv
FNDA:6,_ZN5neml217ConstantParameterINS_3RotEE16expected_optionsEv
FNDA:6,_ZN5neml217ConstantParameterINS_3SR2EE16expected_optionsEv
FNDA:6,_ZN5neml217ConstantParameterINS_3VecEE16expected_optionsEv
FNDA:6,_ZN5neml217ConstantParameterINS_3WR2EE16expected_optionsEv
FNDA:6,_ZN5neml217ConstantParameterINS_4SFR3EE16expected_optionsEv
FNDA:6,_ZN5neml217ConstantParameterINS_4SSR4EE16expected_optionsEv
FNDA:6,_ZN5neml217ConstantParameterINS_4SWR4EE16expected_optionsEv
FNDA:6,_ZN5neml217ConstantParameterINS_4WSR4EE16expected_optionsEv
FNDA:6,_ZN5neml217ConstantParameterINS_4WWR4EE16expected_optionsEv
FNDA:6,_ZN5neml217ConstantParameterINS_5SFFR4EE16expected_optionsEv
FNDA:6,_ZN5neml217ConstantParameterINS_5SSFR5EE16expected_optionsEv
FNDA:6,_ZN5neml217ConstantParameterINS_6SSSSR8EE16expected_optionsEv
FNDA:6,_ZN5neml217ConstantParameterINS_6ScalarEE16expected_optionsEv
FNDA:0,_ZN5neml217ConstantParameterINS_10QuaternionEEC2ERKNS_9OptionSetE
FNDA:0,_ZN5neml217ConstantParameterINS_11MillerIndexEEC2ERKNS_9OptionSetE
FNDA:0,_ZN5neml217ConstantParameterINS_2R2EEC2ERKNS_9OptionSetE
FNDA:0,_ZN5neml217ConstantParameterINS_2R3EEC2ERKNS_9OptionSetE
FNDA:0,_ZN5neml217ConstantParameterINS_2R4EEC2ERKNS_9OptionSetE
FNDA:0,_ZN5neml217ConstantParameterINS_2R5EEC2ERKNS_9OptionSetE
FNDA:0,_ZN5neml217ConstantParameterINS_2R8EEC2ERKNS_9OptionSetE
FNDA:0,_ZN5neml217ConstantParameterINS_3RotEEC2ERKNS_9OptionSetE
FNDA:1,_ZN5neml217ConstantParameterINS_3SR2EEC2ERKNS_9OptionSetE
FNDA:0,_ZN5neml217ConstantParameterINS_3VecEEC2ERKNS_9OptionSetE
FNDA:0,_ZN5neml217ConstantParameterINS_3WR2EEC2ERKNS_9OptionSetE
FNDA:0,_ZN5neml217ConstantParameterINS_4SFR3EEC2ERKNS_9OptionSetE
FNDA:0,_ZN5neml217ConstantParameterINS_4SSR4EEC2ERKNS_9OptionSetE
FNDA:0,_ZN5neml217ConstantParameterINS_4SWR4EEC2ERKNS_9OptionSetE
FNDA:0,_ZN5neml217ConstantParameterINS_4WSR4EEC2ERKNS_9OptionSetE
FNDA:0,_ZN5neml217ConstantParameterINS_4WWR4EEC2ERKNS_9OptionSetE
FNDA:0,_ZN5neml217ConstantParameterINS_5SFFR4EEC2ERKNS_9OptionSetE
FNDA:0,_ZN5neml217ConstantParameterINS_5SSFR5EEC2ERKNS_9OptionSetE
FNDA:0,_ZN5neml217ConstantParameterINS_6SSSSR8EEC2ERKNS_9OptionSetE
FNDA:4,_ZN5neml217ConstantParameterINS_6ScalarEEC2ERKNS_9OptionSetE
FNDA:0,_ZN5neml217ConstantParameterINS_10QuaternionEE9set_valueEbbb
FNDA:0,_ZN5neml217ConstantParameterINS_11MillerIndexEE9set_valueEbbb
FNDA:0,_ZN5neml217ConstantParameterINS_2R2EE9set_valueEbbb
FNDA:0,_ZN5neml217ConstantParameterINS_2R3EE9set_valueEbbb
FNDA:0,_ZN5neml217ConstantParameterINS_2R4EE9set_valueEbbb
FNDA:0,_ZN5neml217ConstantParameterINS_2R5EE9set_valueEbbb
FNDA:0,_ZN5neml217ConstantParameterINS_2R8EE9set_valueEbbb
FNDA:0,_ZN5neml217ConstantParameterINS_3RotEE9set_valueEbbb
FNDA:2,_ZN5neml217ConstantParameterINS_3SR2EE9set_valueEbbb
FNDA:0,_ZN5neml217ConstantParameterINS_3VecEE9set_valueEbbb
FNDA:0,_ZN5neml217ConstantParameterINS_3WR2EE9set_valueEbbb
FNDA:0,_ZN5neml217ConstantParameterINS_4SFR3EE9set_valueEbbb
FNDA:0,_ZN5neml217ConstantParameterINS_4SSR4EE9set_valueEbbb
FNDA:0,_ZN5neml217ConstantParameterINS_4SWR4EE9set_valueEbbb
FNDA:0,_ZN5neml217ConstantParameterINS_4WSR4EE9set_valueEbbb
FNDA:0,_ZN5neml217ConstantParameterINS_4WWR4EE9set_valueEbbb
FNDA:0,_ZN5neml217ConstantParameterINS_5SFFR4EE9set_valueEbbb
FNDA:0,_ZN5neml217ConstantParameterINS_5SSFR5EE9set_valueEbbb
FNDA:0,_ZN5neml217ConstantParameterINS_6SSSSR8EE9set_valueEbbb
FNDA:2,_ZN5neml217ConstantParameterINS_6ScalarEE9set_valueEbbb
FNF:60
FNH:24
DA:34,120
DA:36,120
DA:37,120
DA:40,240
DA:41,120
DA:42,120
DA:43,0
DA:46,5
DA:48,20
DA:50,5
DA:54,4
DA:56,4
DA:57,2
DA:59,4
DA:60,6
DA:61,0
DA:65,4
LF:17
LH:15
end_of_record
TN:
SF:/home/runner/work/neml2/neml2/src/neml2/models/CopyVariable.cxx
FN:34,46,_ZN5neml212CopyVariableINS_10QuaternionEE16expected_optionsEv
FN:34,46,_ZN5neml212CopyVariableINS_11MillerIndexEE16expected_optionsEv
FN:34,46,_ZN5neml212CopyVariableINS_2R2EE16expected_optionsEv
FN:34,46,_ZN5neml212CopyVariableINS_2R3EE16expected_optionsEv
FN:34,46,_ZN5neml212CopyVariableINS_2R4EE16expected_optionsEv
FN:34,46,_ZN5neml212CopyVariableINS_2R5EE16expected_optionsEv
FN:34,46,_ZN5neml212CopyVariableINS_2R8EE16expected_optionsEv
FN:34,46,_ZN5neml212CopyVariableINS_3RotEE16expected_optionsEv
FN:34,46,_ZN5neml212CopyVariableINS_3SR2EE16expected_optionsEv
FN:34,46,_ZN5neml212CopyVariableINS_3VecEE16expected_optionsEv
FN:34,46,_ZN5neml212CopyVariableINS_3WR2EE16expected_optionsEv
FN:34,46,_ZN5neml212CopyVariableINS_4SFR3EE16expected_optionsEv
FN:34,46,_ZN5neml212CopyVariableINS_4SSR4EE16expected_optionsEv
FN:34,46,_ZN5neml212CopyVariableINS_4SWR4EE16expected_optionsEv
FN:34,46,_ZN5neml212CopyVariableINS_4WSR4EE16expected_optionsEv
FN:34,46,_ZN5neml212CopyVariableINS_4WWR4EE16expected_optionsEv
FN:34,46,_ZN5neml212CopyVariableINS_5SFFR4EE16expected_optionsEv
FN:34,46,_ZN5neml212CopyVariableINS_5SSFR5EE16expected_optionsEv
FN:34,46,_ZN5neml212CopyVariableINS_6SSSSR8EE16expected_optionsEv
FN:34,46,_ZN5neml212CopyVariableINS_6ScalarEE16expected_optionsEv
FN:49,54,_ZN5neml212CopyVariableINS_10QuaternionEEC2ERKNS_9OptionSetE
FN:49,54,_ZN5neml212CopyVariableINS_11MillerIndexEEC2ERKNS_9OptionSetE
FN:49,54,_ZN5neml212CopyVariableINS_2R2EEC2ERKNS_9OptionSetE
FN:49,54,_ZN5neml212CopyVariableINS_2R3EEC2ERKNS_9OptionSetE
FN:49,54,_ZN5neml212CopyVariableINS_2R4EEC2ERKNS_9OptionSetE
FN:49,54,_ZN5neml212CopyVariableINS_2R5EEC2ERKNS_9OptionSetE
FN:49,54,_ZN5neml212CopyVariableINS_2R8EEC2ERKNS_9OptionSetE
FN:49,54,_ZN5neml212CopyVariableINS_3RotEEC2ERKNS_9OptionSetE
FN:49,54,_ZN5neml212CopyVariableINS_3SR2EEC2ERKNS_9OptionSetE
FN:49,54,_ZN5neml212CopyVariableINS_3VecEEC2ERKNS_9OptionSetE
FN:49,54,_ZN5neml212CopyVariableINS_3WR2EEC2ERKNS_9OptionSetE
FN:49,54,_ZN5neml212CopyVariableINS_4SFR3EEC2ERKNS_9OptionSetE
FN:49,54,_ZN5neml212CopyVariableINS_4SSR4EEC2ERKNS_9OptionSetE
FN:49,54,_ZN5neml212CopyVariableINS_4SWR4EEC2ERKNS_9OptionSetE
FN:49,54,_ZN5neml212CopyVariableINS_4WSR4EEC2ERKNS_9OptionSetE
FN:49,54,_ZN5neml212CopyVariableINS_4WWR4EEC2ERKNS_9OptionSetE
FN:49,54,_ZN5neml212CopyVariableINS_5SFFR4EEC2ERKNS_9OptionSetE
FN:49,54,_ZN5neml212CopyVariableINS_5SSFR5EEC2ERKNS_9OptionSetE
FN:49,54,_ZN5neml212CopyVariableINS_6SSSSR8EEC2ERKNS_9OptionSetE
FN:49,54,_ZN5neml212CopyVariableINS_6ScalarEEC2ERKNS_9OptionSetE
FN:58,71,_ZN5neml212CopyVariableINS_10QuaternionEE9set_valueEbbb
FN:58,71,_ZN5neml212CopyVariableINS_11MillerIndexEE9set_valueEbbb
FN:58,71,_ZN5neml212CopyVariableINS_2R2EE9set_valueEbbb
FN:58,71,_ZN5neml212CopyVariableINS_2R3EE9set_valueEbbb
FN:58,71,_ZN5neml212CopyVariableINS_2R4EE9set_valueEbbb
FN:58,71,_ZN5neml212CopyVariableINS_2R5EE9set_valueEbbb
FN:58,71,_ZN5neml212CopyVariableINS_2R8EE9set_valueEbbb
FN:58,71,_ZN5neml212CopyVariableINS_3RotEE9set_valueEbbb
FN:58,71,_ZN5neml212CopyVariableINS_3SR2EE9set_valueEbbb
FN:58,71,_ZN5neml212CopyVariableINS_3VecEE9set_valueEbbb
FN:58,71,_ZN5neml212CopyVariableINS_3WR2EE9set_valueEbbb
FN:58,71,_ZN5neml212CopyVariableINS_4SFR3EE9set_valueEbbb
FN:58,71,_ZN5neml212CopyVariableINS_4SSR4EE9set_valueEbbb
FN:58,71,_ZN5neml212CopyVariableINS_4SWR4EE9set_valueEbbb
FN:58,71,_ZN5neml212CopyVariableINS_4WSR4EE9set_valueEbbb
FN:58,71,_ZN5neml212CopyVariableINS_4WWR4EE9set_valueEbbb
FN:58,71,_ZN5neml212CopyVariableINS_5SFFR4EE9set_valueEbbb
FN:58,71,_ZN5neml212CopyVariableINS_5SSFR5EE9set_valueEbbb
FN:58,71,_ZN5neml212CopyVariableINS_6SSSSR8EE9set_valueEbbb
FN:58,71,_ZN5neml212CopyVariableINS_6ScalarEE9set_valueEbbb
FNDA:6,_ZN5neml212CopyVariableINS_10QuaternionEE16expected_optionsEv
FNDA:6,_ZN5neml212CopyVariableINS_11MillerIndexEE16expected_optionsEv
FNDA:6,_ZN5neml212CopyVariableINS_2R2EE16expected_optionsEv
FNDA:6,_ZN5neml212CopyVariableINS_2R3EE16expected_optionsEv
FNDA:6,_ZN5neml212CopyVariableINS_2R4EE16expected_optionsEv
FNDA:6,_ZN5neml212CopyVariableINS_2R5EE16expected_optionsEv
FNDA:6,_ZN5neml212CopyVariableINS_2R8EE16expected_optionsEv
FNDA:6,_ZN5neml212CopyVariableINS_3RotEE16expected_optionsEv
FNDA:6,_ZN5neml212CopyVariableINS_3SR2EE16expected_optionsEv
FNDA:6,_ZN5neml212CopyVariableINS_3VecEE16expected_optionsEv
FNDA:6,_ZN5neml212CopyVariableINS_3WR2EE16expected_optionsEv
FNDA:6,_ZN5neml212CopyVariableINS_4SFR3EE16expected_optionsEv
FNDA:6,_ZN5neml212CopyVariableINS_4SSR4EE16expected_optionsEv
FNDA:6,_ZN5neml212CopyVariableINS_4SWR4EE16expected_optionsEv
FNDA:6,_ZN5neml212CopyVariableINS_4WSR4EE16expected_optionsEv
FNDA:6,_ZN5neml212CopyVariableINS_4WWR4EE16expected_optionsEv
FNDA:6,_ZN5neml212CopyVariableINS_5SFFR4EE16expected_optionsEv
FNDA:6,_ZN5neml212CopyVariableINS_5SSFR5EE16expected_optionsEv
FNDA:6,_ZN5neml212CopyVariableINS_6SSSSR8EE16expected_optionsEv
FNDA:6,_ZN5neml212CopyVariableINS_6ScalarEE16expected_optionsEv
FNDA:0,_ZN5neml212CopyVariableINS_10QuaternionEEC2ERKNS_9OptionSetE
FNDA:0,_ZN5neml212CopyVariableINS_11MillerIndexEEC2ERKNS_9OptionSetE
FNDA:0,_ZN5neml212CopyVariableINS_2R2EEC2ERKNS_9OptionSetE
FNDA:0,_ZN5neml212CopyVariableINS_2R3EEC2ERKNS_9OptionSetE
FNDA:0,_ZN5neml212CopyVariableINS_2R4EEC2ERKNS_9OptionSetE
FNDA:0,_ZN5neml212CopyVariableINS_2R5EEC2ERKNS_9OptionSetE
FNDA:0,_ZN5neml212CopyVariableINS_2R8EEC2ERKNS_9OptionSetE
FNDA:0,_ZN5neml212CopyVariableINS_3RotEEC2ERKNS_9OptionSetE
FNDA:1,_ZN5neml212CopyVariableINS_3SR2EEC2ERKNS_9OptionSetE
FNDA:0,_ZN5neml212CopyVariableINS_3VecEEC2ERKNS_9OptionSetE
FNDA:0,_ZN5neml212CopyVariableINS_3WR2EEC2ERKNS_9OptionSetE
FNDA:0,_ZN5neml212CopyVariableINS_4SFR3EEC2ERKNS_9OptionSetE
FNDA:0,_ZN5neml212CopyVariableINS_4SSR4EEC2ERKNS_9OptionSetE
FNDA:0,_ZN5neml212CopyVariableINS_4SWR4EEC2ERKNS_9OptionSetE
FNDA:0,_ZN5neml212CopyVariableINS_4WSR4EEC2ERKNS_9OptionSetE
FNDA:0,_ZN5neml212CopyVariableINS_4WWR4EEC2ERKNS_9OptionSetE
FNDA:0,_ZN5neml212CopyVariableINS_5SFFR4EEC2ERKNS_9OptionSetE
FNDA:0,_ZN5neml212CopyVariableINS_5SSFR5EEC2ERKNS_9OptionSetE
FNDA:0,_ZN5neml212CopyVariableINS_6SSSSR8EEC2ERKNS_9OptionSetE
FNDA:3,_ZN5neml212CopyVariableINS_6ScalarEEC2ERKNS_9OptionSetE
FNDA:0,_ZN5neml212CopyVariableINS_10QuaternionEE9set_valueEbbb
FNDA:0,_ZN5neml212CopyVariableINS_11MillerIndexEE9set_valueEbbb
FNDA:0,_ZN5neml212CopyVariableINS_2R2EE9set_valueEbbb
FNDA:0,_ZN5neml212CopyVariableINS_2R3EE9set_valueEbbb
FNDA:0,_ZN5neml212CopyVariableINS_2R4EE9set_valueEbbb
FNDA:0,_ZN5neml212CopyVariableINS_2R5EE9set_valueEbbb
FNDA:0,_ZN5neml212CopyVariableINS_2R8EE9set_valueEbbb
FNDA:0,_ZN5neml212CopyVariableINS_3RotEE9set_valueEbbb
FNDA:171,_ZN5neml212CopyVariableINS_3SR2EE9set_valueEbbb
FNDA:0,_ZN5neml212CopyVariableINS_3VecEE9set_valueEbbb
FNDA:0,_ZN5neml212CopyVariableINS_3WR2EE9set_valueEbbb
FNDA:0,_ZN5neml212CopyVariableINS_4SFR3EE9set_valueEbbb
FNDA:0,_ZN5neml212CopyVariableINS_4SSR4EE9set_valueEbbb
FNDA:0,_ZN5neml212CopyVariableINS_4SWR4EE9set_valueEbbb
FNDA:0,_ZN5neml212CopyVariableINS_4WSR4EE9set_valueEbbb
FNDA:0,_ZN5neml212CopyVariableINS_4WWR4EE9set_valueEbbb
FNDA:0,_ZN5neml212CopyVariableINS_5SFFR4EE9set_valueEbbb
FNDA:0,_ZN5neml212CopyVariableINS_5SSFR5EE9set_valueEbbb
FNDA:0,_ZN5neml212CopyVariableINS_6SSSSR8EE9set_valueEbbb
FNDA:0,_ZN5neml212CopyVariableINS_6ScalarEE9set_valueEbbb
FNF:60
FNH:23
DA:34,120
DA:36,120
DA:37,120
DA:39,240
DA:40,240
DA:42,240
DA:43,120
DA:45,120
DA:46,0
DA:49,4
DA:51,4
DA:52,8
DA:54,4
DA:58,171
DA:60,171
DA:61,171
DA:63,171
DA:64,171
DA:65,81
DA:71,171
LF:20
LH:19
end_of_record
TN:
SF:/home/runner/work/neml2/neml2/src/neml2/models/Data.cxx
FN:30,35,_ZN5neml24Data16expected_optionsEv
FN:37,41,_ZN5neml24DataC2ERKNS_9OptionSetE
FNDA:793,_ZN5neml24Data16expected_optionsEv
FNDA:381,_ZN5neml24DataC2ERKNS_9OptionSetE
FNF:2
FNH:2
DA:30,793
DA:32,793
DA:33,793
DA:34,793
DA:35,0
DA:37,381
DA:39,381
DA:41,381
LF:8
LH:7
end_of_record
TN:
SF:/home/runner/work/neml2/neml2/src/neml2/models/ForwardEulerTimeIntegration.cxx
FN:36,55,_ZN5neml227ForwardEulerTimeIntegrationINS_3SR2EE16expected_optionsEv
FN:36,55,_ZN5neml227ForwardEulerTimeIntegrationINS_3VecEE16expected_optionsEv
FN:36,55,_ZN5neml227ForwardEulerTimeIntegrationINS_6ScalarEE16expected_optionsEv
FN:58,68,_ZN5neml227ForwardEulerTimeIntegrationINS_3SR2EEC2ERKNS_9OptionSetE
FN:58,68,_ZN5neml227ForwardEulerTimeIntegrationINS_3VecEEC2ERKNS_9OptionSetE
FN:58,68,_ZN5neml227ForwardEulerTimeIntegrationINS_6ScalarEEC2ERKNS_9OptionSetE
FN:72,78,_ZNK5neml227ForwardEulerTimeIntegrationINS_3SR2EE8diagnoseERSt6vectorINS_9DiagnosisESaIS4_EE
FN:72,78,_ZNK5neml227ForwardEulerTimeIntegrationINS_3VecEE8diagnoseERSt6vectorINS_9DiagnosisESaIS4_EE
FN:72,78,_ZNK5neml227ForwardEulerTimeIntegrationINS_6ScalarEE8diagnoseERSt6vectorINS_9DiagnosisESaIS4_EE
FN:82,102,_ZN5neml227ForwardEulerTimeIntegrationINS_3SR2EE9set_valueEbbb
FN:82,102,_ZN5neml227ForwardEulerTimeIntegrationINS_3VecEE9set_valueEbbb
FN:82,102,_ZN5neml227ForwardEulerTimeIntegrationINS_6ScalarEE9set_valueEbbb
FNDA:6,_ZN5neml227ForwardEulerTimeIntegrationINS_3SR2EE16expected_optionsEv
FNDA:6,_ZN5neml227ForwardEulerTimeIntegrationINS_3VecEE16expected_optionsEv
FNDA:6,_ZN5neml227ForwardEulerTimeIntegrationINS_6ScalarEE16expected_optionsEv
FNDA:3,_ZN5neml227ForwardEulerTimeIntegrationINS_3SR2EEC2ERKNS_9OptionSetE
FNDA:0,_ZN5neml227ForwardEulerTimeIntegrationINS_3VecEEC2ERKNS_9OptionSetE
FNDA:1,_ZN5neml227ForwardEulerTimeIntegrationINS_6ScalarEEC2ERKNS_9OptionSetE
FNDA:3,_ZNK5neml227ForwardEulerTimeIntegrationINS_3SR2EE8diagnoseERSt6vectorINS_9DiagnosisESaIS4_EE
FNDA:0,_ZNK5neml227ForwardEulerTimeIntegrationINS_3VecEE8diagnoseERSt6vectorINS_9DiagnosisESaIS4_EE
FNDA:0,_ZNK5neml227ForwardEulerTimeIntegrationINS_6ScalarEE8diagnoseERSt6vectorINS_9DiagnosisESaIS4_EE
FNDA:27,_ZN5neml227ForwardEulerTimeIntegrationINS_3SR2EE9set_valueEbbb
FNDA:0,_ZN5neml227ForwardEulerTimeIntegrationINS_3VecEE9set_valueEbbb
FNDA:10,_ZN5neml227ForwardEulerTimeIntegrationINS_6ScalarEE9set_valueEbbb
FNF:12
FNH:8
DA:36,18
DA:38,18
DA:39,18
DA:45,36
DA:46,36
DA:48,36
DA:49,18
DA:51,54
DA:52,18
DA:54,18
DA:55,0
DA:58,4
DA:60,4
DA:61,4
DA:62,4
DA:63,16
DA:64,4
DA:65,4
DA:66,8
DA:68,4
DA:72,3
DA:74,3
DA:75,3
DA:76,3
DA:77,3
DA:78,3
DA:82,37
DA:84,37
DA:86,37
DA:87,36
DA:89,37
DA:91,1
DA:93,1
DA:95,1
DA:96,0
DA:98,1
DA:99,1
DA:100,1
DA:101,1
LF:39
LH:37
end_of_record
TN:
SF:/home/runner/work/neml2/neml2/src/neml2/models/ImplicitUpdate.cxx
FN:107,168,_ZN5neml214ImplicitUpdate9set_valueEbbb
FN:35,49,_ZN5neml214ImplicitUpdate16expected_optionsEv
FN:51,70,_ZN5neml214ImplicitUpdateC2ERKNS_9OptionSetE
FN:73,96,_ZNK5neml214ImplicitUpdate8diagnoseERSt6vectorINS_9DiagnosisESaIS2_EE
FN:99,104,_ZN5neml214ImplicitUpdate21link_output_variablesEv
FNDA:152,_ZN5neml214ImplicitUpdate9set_valueEbbb
FNDA:6,_ZN5neml214ImplicitUpdate16expected_optionsEv
FNDA:8,_ZN5neml214ImplicitUpdateC2ERKNS_9OptionSetE
FNDA:5,_ZNK5neml214ImplicitUpdate8diagnoseERSt6vectorINS_9DiagnosisESaIS2_EE
FNDA:8,_ZN5neml214ImplicitUpdate21link_output_variablesEv
FNF:5
FNH:5
DA:35,6
DA:37,6
DA:38,6
DA:39,6
DA:41,12
DA:42,18
DA:43,6
DA:45,12
DA:46,6
DA:48,6
DA:49,0
DA:51,8
DA:53,8
DA:55,48
DA:57,8
DA:59,8
DA:61,8
DA:68,27
DA:69,19
DA:70,8
DA:73,5
DA:75,5
DA:76,10
DA:77,5
DA:79,5
DA:80,5
DA:81,5
DA:83,5
DA:84,10
DA:85,5
DA:87,5
DA:88,15
DA:90,5
DA:93,5
DA:95,5
DA:96,5
DA:99,8
DA:101,8
DA:102,27
DA:103,19
DA:104,8
DA:107,152
DA:109,152
DA:112,152
DA:113,152
DA:118,152
DA:121,152
DA:123,152
DA:124,152
DA:125,152
DA:126,152
DA:128,152
DA:140,151
DA:141,0
DA:145,152
DA:148,2
DA:149,2
DA:150,2
DA:151,2
DA:152,2
DA:155,2
DA:158,10
DA:160,8
DA:161,2
DA:163,6
DA:164,6
DA:165,12
DA:167,2
DA:168,152
LF:69
LH:67
end_of_record
TN:
SF:/home/runner/work/neml2/neml2/src/neml2/models/InputParameter.cxx
FN:34,42,_ZN5neml214InputParameterINS_10QuaternionEE16expected_optionsEv
FN:34,42,_ZN5neml214InputParameterINS_11MillerIndexEE16expected_optionsEv
FN:34,42,_ZN5neml214InputParameterINS_2R2EE16expected_optionsEv
FN:34,42,_ZN5neml214InputParameterINS_2R3EE16expected_optionsEv
FN:34,42,_ZN5neml214InputParameterINS_2R4EE16expected_optionsEv
FN:34,42,_ZN5neml214InputParameterINS_2R5EE16expected_optionsEv
FN:34,42,_ZN5neml214InputParameterINS_2R8EE16expected_optionsEv
FN:34,42,_ZN5neml214InputParameterINS_3RotEE16expected_optionsEv
FN:34,42,_ZN5neml214InputParameterINS_3SR2EE16expected_optionsEv
FN:34,42,_ZN5neml214InputParameterINS_3VecEE16expected_optionsEv
FN:34,42,_ZN5neml214InputParameterINS_3WR2EE16expected_optionsEv
FN:34,42,_ZN5neml214InputParameterINS_4SFR3EE16expected_optionsEv
FN:34,42,_ZN5neml214InputParameterINS_4SSR4EE16expected_optionsEv
FN:34,42,_ZN5neml214InputParameterINS_4SWR4EE16expected_optionsEv
FN:34,42,_ZN5neml214InputParameterINS_4WSR4EE16expected_optionsEv
FN:34,42,_ZN5neml214InputParameterINS_4WWR4EE16expected_optionsEv
FN:34,42,_ZN5neml214InputParameterINS_5SFFR4EE16expected_optionsEv
FN:34,42,_ZN5neml214InputParameterINS_5SSFR5EE16expected_optionsEv
FN:34,42,_ZN5neml214InputParameterINS_6SSSSR8EE16expected_optionsEv
FN:34,42,_ZN5neml214InputParameterINS_6ScalarEE16expected_optionsEv
FN:45,54,_ZN5neml214InputParameterINS_10QuaternionEEC2ERKNS_9OptionSetE
FN:45,54,_ZN5neml214InputParameterINS_11MillerIndexEEC2ERKNS_9OptionSetE
FN:45,54,_ZN5neml214InputParameterINS_2R2EEC2ERKNS_9OptionSetE
FN:45,54,_ZN5neml214InputParameterINS_2R3EEC2ERKNS_9OptionSetE
FN:45,54,_ZN5neml214InputParameterINS_2R4EEC2ERKNS_9OptionSetE
FN:45,54,_ZN5neml214InputParameterINS_2R5EEC2ERKNS_9OptionSetE
FN:45,54,_ZN5neml214InputParameterINS_2R8EEC2ERKNS_9OptionSetE
FN:45,54,_ZN5neml214InputParameterINS_3RotEEC2ERKNS_9OptionSetE
FN:45,54,_ZN5neml214InputParameterINS_3SR2EEC2ERKNS_9OptionSetE
FN:45,54,_ZN5neml214InputParameterINS_3VecEEC2ERKNS_9OptionSetE
FN:45,54,_ZN5neml214InputParameterINS_3WR2EEC2ERKNS_9OptionSetE
FN:45,54,_ZN5neml214InputParameterINS_4SFR3EEC2ERKNS_9OptionSetE
FN:45,54,_ZN5neml214InputParameterINS_4SSR4EEC2ERKNS_9OptionSetE
FN:45,54,_ZN5neml214InputParameterINS_4SWR4EEC2ERKNS_9OptionSetE
FN:45,54,_ZN5neml214InputParameterINS_4WSR4EEC2ERKNS_9OptionSetE
FN:45,54,_ZN5neml214InputParameterINS_4WWR4EEC2ERKNS_9OptionSetE
FN:45,54,_ZN5neml214InputParameterINS_5SFFR4EEC2ERKNS_9OptionSetE
FN:45,54,_ZN5neml214InputParameterINS_5SSFR5EEC2ERKNS_9OptionSetE
FN:45,54,_ZN5neml214InputParameterINS_6SSSSR8EEC2ERKNS_9OptionSetE
FN:45,54,_ZN5neml214InputParameterINS_6ScalarEEC2ERKNS_9OptionSetE
FN:58,69,_ZN5neml214InputParameterINS_10QuaternionEE9set_valueEbbb
FN:58,69,_ZN5neml214InputParameterINS_11MillerIndexEE9set_valueEbbb
FN:58,69,_ZN5neml214InputParameterINS_2R2EE9set_valueEbbb
FN:58,69,_ZN5neml214InputParameterINS_2R3EE9set_valueEbbb
FN:58,69,_ZN5neml214InputParameterINS_2R4EE9set_valueEbbb
FN:58,69,_ZN5neml214InputParameterINS_2R5EE9set_valueEbbb
FN:58,69,_ZN5neml214InputParameterINS_2R8EE9set_valueEbbb
FN:58,69,_ZN5neml214InputParameterINS_3RotEE9set_valueEbbb
FN:58,69,_ZN5neml214InputParameterINS_3SR2EE9set_valueEbbb
FN:58,69,_ZN5neml214InputParameterINS_3VecEE9set_valueEbbb
FN:58,69,_ZN5neml214InputParameterINS_3WR2EE9set_valueEbbb
FN:58,69,_ZN5neml214InputParameterINS_4SFR3EE9set_valueEbbb
FN:58,69,_ZN5neml214InputParameterINS_4SSR4EE9set_valueEbbb
FN:58,69,_ZN5neml214InputParameterINS_4SWR4EE9set_valueEbbb
FN:58,69,_ZN5neml214InputParameterINS_4WSR4EE9set_valueEbbb
FN:58,69,_ZN5neml214InputParameterINS_4WWR4EE9set_valueEbbb
FN:58,69,_ZN5neml214InputParameterINS_5SFFR4EE9set_valueEbbb
FN:58,69,_ZN5neml214InputParameterINS_5SSFR5EE9set_valueEbbb
FN:58,69,_ZN5neml214InputParameterINS_6SSSSR8EE9set_valueEbbb
FN:58,69,_ZN5neml214InputParameterINS_6ScalarEE9set_valueEbbb
FNDA:6,_ZN5neml214InputParameterINS_10QuaternionEE16expected_optionsEv
FNDA:6,_ZN5neml214InputParameterINS_11MillerIndexEE16expected_optionsEv
FNDA:6,_ZN5neml214InputParameterINS_2R2EE16expected_optionsEv
FNDA:6,_ZN5neml214InputParameterINS_2R3EE16expected_optionsEv
FNDA:6,_ZN5neml214InputParameterINS_2R4EE16expected_optionsEv
FNDA:6,_ZN5neml214InputParameterINS_2R5EE16expected_optionsEv
FNDA:6,_ZN5neml214InputParameterINS_2R8EE16expected_optionsEv
FNDA:6,_ZN5neml214InputParameterINS_3RotEE16expected_optionsEv
FNDA:6,_ZN5neml214InputParameterINS_3SR2EE16expected_optionsEv
FNDA:6,_ZN5neml214InputParameterINS_3VecEE16expected_optionsEv
FNDA:6,_ZN5neml214InputParameterINS_3WR2EE16expected_optionsEv
FNDA:6,_ZN5neml214InputParameterINS_4SFR3EE16expected_optionsEv
FNDA:6,_ZN5neml214InputParameterINS_4SSR4EE16expected_optionsEv
FNDA:6,_ZN5neml214InputParameterINS_4SWR4EE16expected_optionsEv
FNDA:6,_ZN5neml214InputParameterINS_4WSR4EE16expected_optionsEv
FNDA:6,_ZN5neml214InputParameterINS_4WWR4EE16expected_optionsEv
FNDA:6,_ZN5neml214InputParameterINS_5SFFR4EE16expected_optionsEv
FNDA:6,_ZN5neml214InputParameterINS_5SSFR5EE16expected_optionsEv
FNDA:6,_ZN5neml214InputParameterINS_6SSSSR8EE16expected_optionsEv
FNDA:6,_ZN5neml214InputParameterINS_6ScalarEE16expected_optionsEv
FNDA:0,_ZN5neml214InputParameterINS_10QuaternionEEC2ERKNS_9OptionSetE
FNDA:0,_ZN5neml214InputParameterINS_11MillerIndexEEC2ERKNS_9OptionSetE
FNDA:0,_ZN5neml214InputParameterINS_2R2EEC2ERKNS_9OptionSetE
FNDA:0,_ZN5neml214InputParameterINS_2R3EEC2ERKNS_9OptionSetE
FNDA:0,_ZN5neml214InputParameterINS_2R4EEC2ERKNS_9OptionSetE
FNDA:0,_ZN5neml214InputParameterINS_2R5EEC2ERKNS_9OptionSetE
FNDA:0,_ZN5neml214InputParameterINS_2R8EEC2ERKNS_9OptionSetE
FNDA:0,_ZN5neml214InputParameterINS_3RotEEC2ERKNS_9OptionSetE
FNDA:0,_ZN5neml214InputParameterINS_3SR2EEC2ERKNS_9OptionSetE
FNDA:0,_ZN5neml214InputParameterINS_3VecEEC2ERKNS_9OptionSetE
FNDA:0,_ZN5neml214InputParameterINS_3WR2EEC2ERKNS_9OptionSetE
FNDA:0,_ZN5neml214InputParameterINS_4SFR3EEC2ERKNS_9OptionSetE
FNDA:2,_ZN5neml214InputParameterINS_4SSR4EEC2ERKNS_9OptionSetE
FNDA:0,_ZN5neml214InputParameterINS_4SWR4EEC2ERKNS_9OptionSetE
FNDA:0,_ZN5neml214InputParameterINS_4WSR4EEC2ERKNS_9OptionSetE
FNDA:0,_ZN5neml214InputParameterINS_4WWR4EEC2ERKNS_9OptionSetE
FNDA:0,_ZN5neml214InputParameterINS_5SFFR4EEC2ERKNS_9OptionSetE
FNDA:0,_ZN5neml214InputParameterINS_5SSFR5EEC2ERKNS_9OptionSetE
FNDA:0,_ZN5neml214InputParameterINS_6SSSSR8EEC2ERKNS_9OptionSetE
FNDA:45,_ZN5neml214InputParameterINS_6ScalarEEC2ERKNS_9OptionSetE
FNDA:0,_ZN5neml214InputParameterINS_10QuaternionEE9set_valueEbbb
FNDA:0,_ZN5neml214InputParameterINS_11MillerIndexEE9set_valueEbbb
FNDA:0,_ZN5neml214InputParameterINS_2R2EE9set_valueEbbb
FNDA:0,_ZN5neml214InputParameterINS_2R3EE9set_valueEbbb
FNDA:0,_ZN5neml214InputParameterINS_2R4EE9set_valueEbbb
FNDA:0,_ZN5neml214InputParameterINS_2R5EE9set_valueEbbb
FNDA:0,_ZN5neml214InputParameterINS_2R8EE9set_valueEbbb
FNDA:0,_ZN5neml214InputParameterINS_3RotEE9set_valueEbbb
FNDA:0,_ZN5neml214InputParameterINS_3SR2EE9set_valueEbbb
FNDA:0,_ZN5neml214InputParameterINS_3VecEE9set_valueEbbb
FNDA:0,_ZN5neml214InputParameterINS_3WR2EE9set_valueEbbb
FNDA:0,_ZN5neml214InputParameterINS_4SFR3EE9set_valueEbbb
FNDA:100,_ZN5neml214InputParameterINS_4SSR4EE9set_valueEbbb
FNDA:0,_ZN5neml214InputParameterINS_4SWR4EE9set_valueEbbb
FNDA:0,_ZN5neml214InputParameterINS_4WSR4EE9set_valueEbbb
FNDA:0,_ZN5neml214InputParameterINS_4WWR4EE9set_valueEbbb
FNDA:0,_ZN5neml214InputParameterINS_5SFFR4EE9set_valueEbbb
FNDA:0,_ZN5neml214InputParameterINS_5SSFR5EE9set_valueEbbb
FNDA:0,_ZN5neml214InputParameterINS_6SSSSR8EE9set_valueEbbb
FNDA:1278,_ZN5neml214InputParameterINS_6ScalarEE9set_valueEbbb
FNF:60
FNH:24
DA:34,120
DA:36,120
DA:37,120
DA:39,240
DA:40,120
DA:41,120
DA:42,0
DA:45,47
DA:47,47
DA:49,47
DA:52,47
DA:54,47
DA:58,1378
DA:60,1378
DA:61,1378
DA:63,1378
DA:64,794
DA:65,794
DA:69,1378
LF:19
LH:18
end_of_record
TN:
SF:/home/runner/work/neml2/neml2/src/neml2/models/LabeledAxis.cxx
FN:132,145,_ZNK5neml211LabeledAxis4sizeEv
FN:148,176,_ZNK5neml211LabeledAxis4sizeERKNS_19LabeledAxisAccessorE
FN:179,195,_ZNK5neml211LabeledAxis5sliceERKNS_19LabeledAxisAccessorE
FN:198,209,_ZNK5neml211LabeledAxis9nvariableEv
FN:212,227,_ZNK5neml211LabeledAxis12has_variableERKNS_19LabeledAxisAccessorE
FN:230,241,_ZNK5neml211LabeledAxis11variable_idERKNS_19LabeledAxisAccessorE
FN:244,248,_ZNK5neml211LabeledAxis14variable_namesEv
FN:251,255,_ZNK5neml211LabeledAxis15variable_slicesEv
FN:258,262,_ZNK5neml211LabeledAxis14variable_sliceERKNS_19LabeledAxisAccessorE
FN:265,269,_ZNK5neml211LabeledAxis14variable_sizesEv
FN:272,291,_ZNK5neml211LabeledAxis13variable_sizeERKNS_19LabeledAxisAccessorE
FN:29,32,_ZN5neml211LabeledAxisC2ERKNS_19LabeledAxisAccessorE
FN:294,297,_ZNK5neml211LabeledAxis8nsubaxisEv
FN:300,310,_ZNK5neml211LabeledAxis11has_subaxisERKNS_19LabeledAxisAccessorE
FN:313,323,_ZNK5neml211LabeledAxis10subaxis_idERKSs
FN:326,330,_ZNK5neml211LabeledAxis7subaxesEv
FN:333,345,_ZNK5neml211LabeledAxis7subaxisERKNS_19LabeledAxisAccessorE
FN:348,352,_ZN5neml211LabeledAxis7subaxisERKNS_19LabeledAxisAccessorE
FN:35,38,_ZNK5neml211LabeledAxis7qualifyERKNS_19LabeledAxisAccessorE
FN:355,359,_ZNK5neml211LabeledAxis13subaxis_namesEv
FN:362,366,_ZNK5neml211LabeledAxis14subaxis_slicesEv
FN:369,384,_ZNK5neml211LabeledAxis13subaxis_sliceERKNS_19LabeledAxisAccessorE
FN:387,391,_ZNK5neml211LabeledAxis13subaxis_sizesEv
FN:394,404,_ZNK5neml211LabeledAxis12subaxis_sizeERKNS_19LabeledAxisAccessorE
FN:407,428,_ZNK5neml211LabeledAxis6equalsERKS0_
FN:41,51,_ZN5neml211LabeledAxis11add_subaxisERKSs
FN:431,445,_ZN5neml211LabeledAxis22cache_reserved_subaxisERKSs
FN:448,451,_ZNK5neml211LabeledAxis16ensure_setup_dbgEv
FN:454,481,_ZN5neml2lsERSoRKNS_11LabeledAxisE
FN:484,487,_ZN5neml2eqERKNS_11LabeledAxisES2_
FN:490,493,_ZN5neml2neERKNS_11LabeledAxisES2_
FN:54,69,_ZN5neml211LabeledAxis12add_variableERKNS_19LabeledAxisAccessorEl
FN:72,129,_ZN5neml211LabeledAxis12setup_layoutEv
FNDA:1344,_ZNK5neml211LabeledAxis4sizeEv
FNDA:78,_ZNK5neml211LabeledAxis4sizeERKNS_19LabeledAxisAccessorE
FNDA:27,_ZNK5neml211LabeledAxis5sliceERKNS_19LabeledAxisAccessorE
FNDA:13,_ZNK5neml211LabeledAxis9nvariableEv
FNDA:821,_ZNK5neml211LabeledAxis12has_variableERKNS_19LabeledAxisAccessorE
FNDA:88,_ZNK5neml211LabeledAxis11variable_idERKNS_19LabeledAxisAccessorE
FNDA:5834,_ZNK5neml211LabeledAxis14variable_namesEv
FNDA:16,_ZNK5neml211LabeledAxis15variable_slicesEv
FNDA:40,_ZNK5neml211LabeledAxis14variable_sliceERKNS_19LabeledAxisAccessorE
FNDA:47187,_ZNK5neml211LabeledAxis14variable_sizesEv
FNDA:62,_ZNK5neml211LabeledAxis13variable_sizeERKNS_19LabeledAxisAccessorE
FNDA:1862,_ZN5neml211LabeledAxisC2ERKNS_19LabeledAxisAccessorE
FNDA:13,_ZNK5neml211LabeledAxis8nsubaxisEv
FNDA:27,_ZNK5neml211LabeledAxis11has_subaxisERKNS_19LabeledAxisAccessorE
FNDA:17,_ZNK5neml211LabeledAxis10subaxis_idERKSs
FNDA:2,_ZNK5neml211LabeledAxis7subaxesEv
FNDA:5716,_ZNK5neml211LabeledAxis7subaxisERKNS_19LabeledAxisAccessorE
FNDA:5619,_ZN5neml211LabeledAxis7subaxisERKNS_19LabeledAxisAccessorE
FNDA:20669,_ZNK5neml211LabeledAxis7qualifyERKNS_19LabeledAxisAccessorE
FNDA:7,_ZNK5neml211LabeledAxis13subaxis_namesEv
FNDA:3,_ZNK5neml211LabeledAxis14subaxis_slicesEv
FNDA:14,_ZNK5neml211LabeledAxis13subaxis_sliceERKNS_19LabeledAxisAccessorE
FNDA:7,_ZNK5neml211LabeledAxis13subaxis_sizesEv
FNDA:14,_ZNK5neml211LabeledAxis12subaxis_sizeERKNS_19LabeledAxisAccessorE
FNDA:10,_ZNK5neml211LabeledAxis6equalsERKS0_
FNDA:1862,_ZN5neml211LabeledAxis11add_subaxisERKSs
FNDA:1370,_ZN5neml211LabeledAxis22cache_reserved_subaxisERKSs
FNDA:53242,_ZNK5neml211LabeledAxis16ensure_setup_dbgEv
FNDA:0,_ZN5neml2lsERSoRKNS_11LabeledAxisE
FNDA:6,_ZN5neml2eqERKNS_11LabeledAxisES2_
FNDA:4,_ZN5neml2neERKNS_11LabeledAxisES2_
FNDA:3415,_ZN5neml211LabeledAxis12add_variableERKNS_19LabeledAxisAccessorEl
FNDA:2025,_ZN5neml211LabeledAxis12setup_layoutEv
FNF:33
FNH:32
DA:29,1862
DA:30,1862
DA:32,1862
DA:35,20669
DA:37,20669
DA:41,1862
DA:43,1862
DA:44,1862
DA:45,1862
DA:46,1862
DA:47,1862
DA:48,1862
DA:49,1370
DA:50,3724
DA:54,3415
DA:56,3415
DA:57,3415
DA:59,3415
DA:61,1679
DA:63,1679
DA:65,1679
DA:68,1736
DA:69,3415
DA:72,2025
DA:75,2025
DA:77,2025
DA:78,2025
DA:79,2025
DA:80,2025
DA:82,2025
DA:83,2025
DA:84,2025
DA:85,2025
DA:86,2025
DA:89,3536
DA:91,1511
DA:92,1511
DA:93,1511
DA:94,1511
DA:95,1511
DA:99,3332
DA:101,1307
DA:102,1307
DA:103,1307
DA:104,1307
DA:105,1307
DA:106,1307
DA:107,1307
DA:108,1307
DA:111,3253
DA:113,1946
DA:114,1946
DA:115,1946
DA:116,1946
DA:117,1946
DA:120,1946
DA:121,1946
DA:122,1946
DA:123,1946
DA:124,1946
DA:128,2025
DA:129,2025
DA:132,1344
DA:135,1344
DA:136,1321
DA:139,23
DA:140,69
DA:141,46
DA:142,32
DA:143,9
DA:144,23
DA:148,78
DA:150,78
DA:153,78
DA:155,46
DA:156,46
DA:157,36
DA:159,10
DA:160,10
DA:165,10
DA:169,32
DA:170,32
DA:175,32
DA:179,27
DA:181,27
DA:182,27
DA:185,27
DA:186,22
DA:189,5
DA:194,5
DA:198,13
DA:201,13
DA:202,4
DA:205,9
DA:206,14
DA:207,5
DA:208,9
DA:212,821
DA:214,821
DA:217,821
DA:218,202
DA:219,404
DA:222,619
DA:223,198
DA:225,421
DA:226,421
DA:230,88
DA:232,88
DA:233,88
DA:234,88
DA:235,88
DA:240,176
DA:244,5834
DA:246,5834
DA:247,5834
DA:251,16
DA:253,16
DA:254,16
DA:258,40
DA:260,40
DA:261,40
DA:265,47187
DA:267,47187
DA:268,47187
DA:272,62
DA:275,62
DA:276,30
DA:279,32
DA:281,18
DA:282,18
DA:283,18
DA:284,18
DA:287,14
DA:288,14
DA:289,14
DA:290,14
DA:294,13
DA:296,13
DA:300,27
DA:302,27
DA:304,27
DA:306,27
DA:307,23
DA:309,4
DA:313,17
DA:315,17
DA:316,17
DA:317,17
DA:322,34
DA:326,2
DA:328,2
DA:329,2
DA:333,5716
DA:335,5716
DA:337,5716
DA:338,5716
DA:339,5716
DA:341,5716
DA:342,5712
DA:344,4
DA:348,5619
DA:351,5619
DA:355,7
DA:357,7
DA:358,7
DA:362,3
DA:364,3
DA:365,3
DA:369,14
DA:371,14
DA:374,14
DA:375,10
DA:378,4
DA:379,4
DA:380,4
DA:381,4
DA:382,4
DA:383,4
DA:384,4
DA:387,7
DA:389,7
DA:390,7
DA:394,14
DA:396,14
DA:397,14
DA:398,14
DA:400,14
DA:401,10
DA:403,4
DA:407,10
DA:410,10
DA:411,2
DA:414,8
DA:415,0
DA:418,10
DA:420,2
DA:421,0
DA:423,2
DA:424,0
DA:427,8
DA:431,1370
DA:433,1370
DA:434,449
DA:435,921
DA:436,59
DA:437,862
DA:438,128
DA:439,734
DA:440,64
DA:441,670
DA:442,48
DA:443,622
DA:444,110
DA:445,1370
DA:448,53242
DA:450,53242
DA:451,53242
DA:454,0
DA:457,0
DA:460,0
DA:461,0
DA:463,0
DA:464,0
DA:465,0
DA:466,0
DA:469,0
DA:471,0
DA:472,0
DA:473,0
DA:474,0
DA:475,0
DA:476,0
DA:477,0
DA:480,0
DA:481,0
DA:484,6
DA:486,6
DA:490,4
DA:492,4
LF:239
LH:218
end_of_record
TN:
SF:/home/runner/work/neml2/neml2/src/neml2/models/LabeledAxisAccessor.cxx
FN:104,107,_ZNK5neml219LabeledAxisAccessor10start_withERKS0_
FN:110,120,_ZNK5neml219LabeledAxisAccessor3oldEv
FN:123,131,_ZNK5neml219LabeledAxisAccessor18validate_item_nameERKSs
FN:134,137,_ZN5neml2neERKNS_19LabeledAxisAccessorES2_
FN:140,143,_ZN5neml2eqERKNS_19LabeledAxisAccessorES2_
[...]
FN:38,51,_ZN5neml219OnesPrimitiveTensorINS_2R8EE16expected_optionsEv
FN:38,51,_ZN5neml219OnesPrimitiveTensorINS_3RotEE16expected_optionsEv
FN:38,51,_ZN5neml219OnesPrimitiveTensorINS_3SR2EE16expected_optionsEv
FN:38,51,_ZN5neml219OnesPrimitiveTensorINS_3VecEE16expected_optionsEv
FN:38,51,_ZN5neml219OnesPrimitiveTensorINS_3WR2EE16expected_optionsEv
FN:38,51,_ZN5neml219OnesPrimitiveTensorINS_4SFR3EE16expected_optionsEv
FN:38,51,_ZN5neml219OnesPrimitiveTensorINS_4SSR4EE16expected_optionsEv
FN:38,51,_ZN5neml219OnesPrimitiveTensorINS_4SWR4EE16expected_optionsEv
FN:38,51,_ZN5neml219OnesPrimitiveTensorINS_4WSR4EE16expected_optionsEv
FN:38,51,_ZN5neml219OnesPrimitiveTensorINS_4WWR4EE16expected_optionsEv
FN:38,51,_ZN5neml219OnesPrimitiveTensorINS_5SFFR4EE16expected_optionsEv
FN:38,51,_ZN5neml219OnesPrimitiveTensorINS_5SSFR5EE16expected_optionsEv
FN:38,51,_ZN5neml219OnesPrimitiveTensorINS_6SSSSR8EE16expected_optionsEv
FN:38,51,_ZN5neml219OnesPrimitiveTensorINS_6ScalarEE16expected_optionsEv
FN:54,58,_ZN5neml219OnesPrimitiveTensorINS_10QuaternionEEC2ERKNS_9OptionSetE
FN:54,58,_ZN5neml219OnesPrimitiveTensorINS_11MillerIndexEEC2ERKNS_9OptionSetE
FN:54,58,_ZN5neml219OnesPrimitiveTensorINS_2R2EEC2ERKNS_9OptionSetE
FN:54,58,_ZN5neml219OnesPrimitiveTensorINS_2R3EEC2ERKNS_9OptionSetE
FN:54,58,_ZN5neml219OnesPrimitiveTensorINS_2R4EEC2ERKNS_9OptionSetE
FN:54,58,_ZN5neml219OnesPrimitiveTensorINS_2R5EEC2ERKNS_9OptionSetE
FN:54,58,_ZN5neml219OnesPrimitiveTensorINS_2R8EEC2ERKNS_9OptionSetE
FN:54,58,_ZN5neml219OnesPrimitiveTensorINS_3RotEEC2ERKNS_9OptionSetE
FN:54,58,_ZN5neml219OnesPrimitiveTensorINS_3SR2EEC2ERKNS_9OptionSetE
FN:54,58,_ZN5neml219OnesPrimitiveTensorINS_3VecEEC2ERKNS_9OptionSetE
FN:54,58,_ZN5neml219OnesPrimitiveTensorINS_3WR2EEC2ERKNS_9OptionSetE
FN:54,58,_ZN5neml219OnesPrimitiveTensorINS_4SFR3EEC2ERKNS_9OptionSetE
FN:54,58,_ZN5neml219OnesPrimitiveTensorINS_4SSR4EEC2ERKNS_9OptionSetE
FN:54,58,_ZN5neml219OnesPrimitiveTensorINS_4SWR4EEC2ERKNS_9OptionSetE
FN:54,58,_ZN5neml219OnesPrimitiveTensorINS_4WSR4EEC2ERKNS_9OptionSetE
FN:54,58,_ZN5neml219OnesPrimitiveTensorINS_4WWR4EEC2ERKNS_9OptionSetE
FN:54,58,_ZN5neml219OnesPrimitiveTensorINS_5SFFR4EEC2ERKNS_9OptionSetE
FN:54,58,_ZN5neml219OnesPrimitiveTensorINS_5SSFR5EEC2ERKNS_9OptionSetE
FN:54,58,_ZN5neml219OnesPrimitiveTensorINS_6SSSSR8EEC2ERKNS_9OptionSetE
FN:54,58,_ZN5neml219OnesPrimitiveTensorINS_6ScalarEEC2ERKNS_9OptionSetE
FNDA:6,_ZN5neml219OnesPrimitiveTensorINS_10QuaternionEE16expected_optionsEv
FNDA:6,_ZN5neml219OnesPrimitiveTensorINS_11MillerIndexEE16expected_optionsEv
FNDA:6,_ZN5neml219OnesPrimitiveTensorINS_2R2EE16expected_optionsEv
FNDA:6,_ZN5neml219OnesPrimitiveTensorINS_2R3EE16expected_optionsEv
FNDA:6,_ZN5neml219OnesPrimitiveTensorINS_2R4EE16expected_optionsEv
FNDA:6,_ZN5neml219OnesPrimitiveTensorINS_2R5EE16expected_optionsEv
FNDA:6,_ZN5neml219OnesPrimitiveTensorINS_2R8EE16expected_optionsEv
FNDA:6,_ZN5neml219OnesPrimitiveTensorINS_3RotEE16expected_optionsEv
FNDA:6,_ZN5neml219OnesPrimitiveTensorINS_3SR2EE16expected_optionsEv
FNDA:6,_ZN5neml219OnesPrimitiveTensorINS_3VecEE16expected_optionsEv
FNDA:6,_ZN5neml219OnesPrimitiveTensorINS_3WR2EE16expected_optionsEv
FNDA:6,_ZN5neml219OnesPrimitiveTensorINS_4SFR3EE16expected_optionsEv
FNDA:6,_ZN5neml219OnesPrimitiveTensorINS_4SSR4EE16expected_optionsEv
FNDA:6,_ZN5neml219OnesPrimitiveTensorINS_4SWR4EE16expected_optionsEv
FNDA:6,_ZN5neml219OnesPrimitiveTensorINS_4WSR4EE16expected_optionsEv
FNDA:6,_ZN5neml219OnesPrimitiveTensorINS_4WWR4EE16expected_optionsEv
FNDA:6,_ZN5neml219OnesPrimitiveTensorINS_5SFFR4EE16expected_optionsEv
FNDA:6,_ZN5neml219OnesPrimitiveTensorINS_5SSFR5EE16expected_optionsEv
FNDA:6,_ZN5neml219OnesPrimitiveTensorINS_6SSSSR8EE16expected_optionsEv
FNDA:6,_ZN5neml219OnesPrimitiveTensorINS_6ScalarEE16expected_optionsEv
FNDA:0,_ZN5neml219OnesPrimitiveTensorINS_10QuaternionEEC2ERKNS_9OptionSetE
FNDA:0,_ZN5neml219OnesPrimitiveTensorINS_11MillerIndexEEC2ERKNS_9OptionSetE
FNDA:1,_ZN5neml219OnesPrimitiveTensorINS_2R2EEC2ERKNS_9OptionSetE
FNDA:1,_ZN5neml219OnesPrimitiveTensorINS_2R3EEC2ERKNS_9OptionSetE
FNDA:1,_ZN5neml219OnesPrimitiveTensorINS_2R4EEC2ERKNS_9OptionSetE
FNDA:1,_ZN5neml219OnesPrimitiveTensorINS_2R5EEC2ERKNS_9OptionSetE
FNDA:0,_ZN5neml219OnesPrimitiveTensorINS_2R8EEC2ERKNS_9OptionSetE
FNDA:1,_ZN5neml219OnesPrimitiveTensorINS_3RotEEC2ERKNS_9OptionSetE
FNDA:1,_ZN5neml219OnesPrimitiveTensorINS_3SR2EEC2ERKNS_9OptionSetE
FNDA:1,_ZN5neml219OnesPrimitiveTensorINS_3VecEEC2ERKNS_9OptionSetE
FNDA:0,_ZN5neml219OnesPrimitiveTensorINS_3WR2EEC2ERKNS_9OptionSetE
FNDA:1,_ZN5neml219OnesPrimitiveTensorINS_4SFR3EEC2ERKNS_9OptionSetE
FNDA:1,_ZN5neml219OnesPrimitiveTensorINS_4SSR4EEC2ERKNS_9OptionSetE
FNDA:0,_ZN5neml219OnesPrimitiveTensorINS_4SWR4EEC2ERKNS_9OptionSetE
FNDA:0,_ZN5neml219OnesPrimitiveTensorINS_4WSR4EEC2ERKNS_9OptionSetE
FNDA:0,_ZN5neml219OnesPrimitiveTensorINS_4WWR4EEC2ERKNS_9OptionSetE
FNDA:0,_ZN5neml219OnesPrimitiveTensorINS_5SFFR4EEC2ERKNS_9OptionSetE
FNDA:1,_ZN5neml219OnesPrimitiveTensorINS_5SSFR5EEC2ERKNS_9OptionSetE
FNDA:0,_ZN5neml219OnesPrimitiveTensorINS_6SSSSR8EEC2ERKNS_9OptionSetE
FNDA:1,_ZN5neml219OnesPrimitiveTensorINS_6ScalarEEC2ERKNS_9OptionSetE
FNF:40
FNH:31
DA:38,120
DA:42,120
DA:44,120
DA:45,120
DA:47,360
DA:48,120
DA:50,240
DA:51,120
DA:54,11
DA:55,33
DA:56,22
DA:58,11
LF:12
LH:12
end_of_record
TN:
SF:/home/runner/work/neml2/neml2/src/neml2/tensors/user_tensors/OnesTensor.cxx
FN:32,44,_ZN5neml210OnesTensor16expected_optionsEv
FN:46,52,_ZN5neml210OnesTensorC2ERKNS_9OptionSetE
FNDA:6,_ZN5neml210OnesTensor16expected_optionsEv
FNDA:1,_ZN5neml210OnesTensorC2ERKNS_9OptionSetE
FNF:2
FNH:2
DA:32,6
DA:34,6
DA:35,6
DA:37,18
DA:38,6
DA:40,18
DA:41,6
DA:43,6
DA:44,0
DA:46,1
DA:47,2
DA:49,1
DA:50,4
DA:52,1
LF:14
LH:13
end_of_record
TN:
SF:/home/runner/work/neml2/neml2/src/neml2/tensors/user_tensors/Orientation.cxx
FN:107,113,_ZNK5neml211Orientation16expand_as_neededERKNS_3RotEj
FN:35,70,_ZN5neml211Orientation16expected_optionsEv
FN:72,76,_ZN5neml211OrientationC2ERKNS_9OptionSetE
FN:79,104,_ZNK5neml211Orientation4fillERKNS_9OptionSetE
FNDA:6,_ZNK5neml211Orientation16expand_as_neededERKNS_3RotEj
FNDA:6,_ZN5neml211Orientation16expected_optionsEv
FNDA:6,_ZN5neml211OrientationC2ERKNS_9OptionSetE
FNDA:6,_ZNK5neml211Orientation4fillERKNS_9OptionSetE
FNF:4
FNH:4
DA:35,6
DA:37,6
DA:39,6
DA:43,6
DA:45,12
DA:46,18
DA:47,6
DA:49,12
DA:50,12
DA:52,12
DA:53,6
DA:55,18
DA:56,12
DA:58,12
DA:59,18
DA:61,6
DA:63,12
DA:64,12
DA:66,12
DA:67,6
DA:69,6
DA:70,0
DA:72,6
DA:74,6
DA:76,6
DA:79,6
DA:81,6
DA:83,6
DA:84,6
DA:86,12
DA:87,36
DA:88,24
DA:91,24
DA:93,0
DA:95,0
DA:98,0
DA:100,12
DA:101,0
DA:103,6
DA:104,6
DA:107,6
DA:109,6
DA:110,0
DA:112,6
DA:113,0
LF:45
LH:38
end_of_record
TN:
SF:/home/runner/work/neml2/neml2/src/neml2/tensors/user_tensors/UserPrimitiveTensor.cxx
FN:39,57,_ZN5neml219UserPrimitiveTensorINS_10QuaternionEE16expected_optionsEv
FN:39,57,_ZN5neml219UserPrimitiveTensorINS_11MillerIndexEE16expected_optionsEv
FN:39,57,_ZN5neml219UserPrimitiveTensorINS_2R2EE16expected_optionsEv
FN:39,57,_ZN5neml219UserPrimitiveTensorINS_2R3EE16expected_optionsEv
FN:39,57,_ZN5neml219UserPrimitiveTensorINS_2R4EE16expected_optionsEv
FN:39,57,_ZN5neml219UserPrimitiveTensorINS_2R5EE16expected_optionsEv
FN:39,57,_ZN5neml219UserPrimitiveTensorINS_2R8EE16expected_optionsEv
FN:39,57,_ZN5neml219UserPrimitiveTensorINS_3RotEE16expected_optionsEv
FN:39,57,_ZN5neml219UserPrimitiveTensorINS_3SR2EE16expected_optionsEv
FN:39,57,_ZN5neml219UserPrimitiveTensorINS_3VecEE16expected_optionsEv
FN:39,57,_ZN5neml219UserPrimitiveTensorINS_3WR2EE16expected_optionsEv
FN:39,57,_ZN5neml219UserPrimitiveTensorINS_4SFR3EE16expected_optionsEv
FN:39,57,_ZN5neml219UserPrimitiveTensorINS_4SSR4EE16expected_optionsEv
FN:39,57,_ZN5neml219UserPrimitiveTensorINS_4SWR4EE16expected_optionsEv
FN:39,57,_ZN5neml219UserPrimitiveTensorINS_4WSR4EE16expected_optionsEv
FN:39,57,_ZN5neml219UserPrimitiveTensorINS_4WWR4EE16expected_optionsEv
FN:39,57,_ZN5neml219UserPrimitiveTensorINS_5SFFR4EE16expected_optionsEv
FN:39,57,_ZN5neml219UserPrimitiveTensorINS_5SSFR5EE16expected_optionsEv
FN:39,57,_ZN5neml219UserPrimitiveTensorINS_6SSSSR8EE16expected_optionsEv
FN:39,57,_ZN5neml219UserPrimitiveTensorINS_6ScalarEE16expected_optionsEv
FN:60,78,_ZN5neml219UserPrimitiveTensorINS_10QuaternionEEC2ERKNS_9OptionSetE
FN:60,78,_ZN5neml219UserPrimitiveTensorINS_11MillerIndexEEC2ERKNS_9OptionSetE
FN:60,78,_ZN5neml219UserPrimitiveTensorINS_2R2EEC2ERKNS_9OptionSetE
FN:60,78,_ZN5neml219UserPrimitiveTensorINS_2R3EEC2ERKNS_9OptionSetE
FN:60,78,_ZN5neml219UserPrimitiveTensorINS_2R4EEC2ERKNS_9OptionSetE
FN:60,78,_ZN5neml219UserPrimitiveTensorINS_2R5EEC2ERKNS_9OptionSetE
FN:60,78,_ZN5neml219UserPrimitiveTensorINS_2R8EEC2ERKNS_9OptionSetE
FN:60,78,_ZN5neml219UserPrimitiveTensorINS_3RotEEC2ERKNS_9OptionSetE
FN:60,78,_ZN5neml219UserPrimitiveTensorINS_3SR2EEC2ERKNS_9OptionSetE
FN:60,78,_ZN5neml219UserPrimitiveTensorINS_3VecEEC2ERKNS_9OptionSetE
FN:60,78,_ZN5neml219UserPrimitiveTensorINS_3WR2EEC2ERKNS_9OptionSetE
FN:60,78,_ZN5neml219UserPrimitiveTensorINS_4SFR3EEC2ERKNS_9OptionSetE
FN:60,78,_ZN5neml219UserPrimitiveTensorINS_4SSR4EEC2ERKNS_9OptionSetE
FN:60,78,_ZN5neml219UserPrimitiveTensorINS_4SWR4EEC2ERKNS_9OptionSetE
FN:60,78,_ZN5neml219UserPrimitiveTensorINS_4WSR4EEC2ERKNS_9OptionSetE
FN:60,78,_ZN5neml219UserPrimitiveTensorINS_4WWR4EEC2ERKNS_9OptionSetE
FN:60,78,_ZN5neml219UserPrimitiveTensorINS_5SFFR4EEC2ERKNS_9OptionSetE
FN:60,78,_ZN5neml219UserPrimitiveTensorINS_5SSFR5EEC2ERKNS_9OptionSetE
FN:60,78,_ZN5neml219UserPrimitiveTensorINS_6SSSSR8EEC2ERKNS_9OptionSetE
FN:60,78,_ZN5neml219UserPrimitiveTensorINS_6ScalarEEC2ERKNS_9OptionSetE
FNDA:6,_ZN5neml219UserPrimitiveTensorINS_10QuaternionEE16expected_optionsEv
FNDA:6,_ZN5neml219UserPrimitiveTensorINS_11MillerIndexEE16expected_optionsEv
FNDA:6,_ZN5neml219UserPrimitiveTensorINS_2R2EE16expected_optionsEv
FNDA:6,_ZN5neml219UserPrimitiveTensorINS_2R3EE16expected_optionsEv
FNDA:6,_ZN5neml219UserPrimitiveTensorINS_2R4EE16expected_optionsEv
FNDA:6,_ZN5neml219UserPrimitiveTensorINS_2R5EE16expected_optionsEv
FNDA:6,_ZN5neml219UserPrimitiveTensorINS_2R8EE16expected_optionsEv
FNDA:6,_ZN5neml219UserPrimitiveTensorINS_3RotEE16expected_optionsEv
FNDA:6,_ZN5neml219UserPrimitiveTensorINS_3SR2EE16expected_optionsEv
FNDA:6,_ZN5neml219UserPrimitiveTensorINS_3VecEE16expected_optionsEv
FNDA:6,_ZN5neml219UserPrimitiveTensorINS_3WR2EE16expected_optionsEv
FNDA:6,_ZN5neml219UserPrimitiveTensorINS_4SFR3EE16expected_optionsEv
FNDA:6,_ZN5neml219UserPrimitiveTensorINS_4SSR4EE16expected_optionsEv
FNDA:6,_ZN5neml219UserPrimitiveTensorINS_4SWR4EE16expected_optionsEv
FNDA:6,_ZN5neml219UserPrimitiveTensorINS_4WSR4EE16expected_optionsEv
FNDA:6,_ZN5neml219UserPrimitiveTensorINS_4WWR4EE16expected_optionsEv
FNDA:6,_ZN5neml219UserPrimitiveTensorINS_5SFFR4EE16expected_optionsEv
FNDA:6,_ZN5neml219UserPrimitiveTensorINS_5SSFR5EE16expected_optionsEv
FNDA:6,_ZN5neml219UserPrimitiveTensorINS_6SSSSR8EE16expected_optionsEv
FNDA:6,_ZN5neml219UserPrimitiveTensorINS_6ScalarEE16expected_optionsEv
FNDA:0,_ZN5neml219UserPrimitiveTensorINS_10QuaternionEEC2ERKNS_9OptionSetE
FNDA:0,_ZN5neml219UserPrimitiveTensorINS_11MillerIndexEEC2ERKNS_9OptionSetE
FNDA:1,_ZN5neml219UserPrimitiveTensorINS_2R2EEC2ERKNS_9OptionSetE
FNDA:1,_ZN5neml219UserPrimitiveTensorINS_2R3EEC2ERKNS_9OptionSetE
FNDA:1,_ZN5neml219UserPrimitiveTensorINS_2R4EEC2ERKNS_9OptionSetE
FNDA:1,_ZN5neml219UserPrimitiveTensorINS_2R5EEC2ERKNS_9OptionSetE
FNDA:0,_ZN5neml219UserPrimitiveTensorINS_2R8EEC2ERKNS_9OptionSetE
FNDA:1,_ZN5neml219UserPrimitiveTensorINS_3RotEEC2ERKNS_9OptionSetE
FNDA:3,_ZN5neml219UserPrimitiveTensorINS_3SR2EEC2ERKNS_9OptionSetE
FNDA:23,_ZN5neml219UserPrimitiveTensorINS_3VecEEC2ERKNS_9OptionSetE
FNDA:0,_ZN5neml219UserPrimitiveTensorINS_3WR2EEC2ERKNS_9OptionSetE
FNDA:1,_ZN5neml219UserPrimitiveTensorINS_4SFR3EEC2ERKNS_9OptionSetE
FNDA:9,_ZN5neml219UserPrimitiveTensorINS_4SSR4EEC2ERKNS_9OptionSetE
FNDA:0,_ZN5neml219UserPrimitiveTensorINS_4SWR4EEC2ERKNS_9OptionSetE
FNDA:0,_ZN5neml219UserPrimitiveTensorINS_4WSR4EEC2ERKNS_9OptionSetE
FNDA:0,_ZN5neml219UserPrimitiveTensorINS_4WWR4EEC2ERKNS_9OptionSetE
FNDA:0,_ZN5neml219UserPrimitiveTensorINS_5SFFR4EEC2ERKNS_9OptionSetE
FNDA:1,_ZN5neml219UserPrimitiveTensorINS_5SSFR5EEC2ERKNS_9OptionSetE
FNDA:0,_ZN5neml219UserPrimitiveTensorINS_6SSSSR8EEC2ERKNS_9OptionSetE
FNDA:55,_ZN5neml219UserPrimitiveTensorINS_6ScalarEEC2ERKNS_9OptionSetE
FNF:40
FNH:31
DA:39,120
DA:43,120
DA:45,120
DA:46,120
DA:50,240
DA:51,120
DA:53,360
DA:54,120
DA:56,240
DA:57,120
DA:60,97
DA:61,291
DA:62,194
DA:64,97
DA:65,97
DA:66,97
DA:67,153
DA:68,46
DA:69,138
DA:71,0
DA:73,0
DA:75,0
DA:77,0
DA:78,194
LF:24
LH:20
end_of_record
TN:
SF:/home/runner/work/neml2/neml2/src/neml2/tensors/user_tensors/UserTensor.cxx
FN:32,48,_ZN5neml210UserTensor16expected_optionsEv
FN:50,70,_ZN5neml210UserTensorC2ERKNS_9OptionSetE
FNDA:6,_ZN5neml210UserTensor16expected_optionsEv
FNDA:10,_ZN5neml210UserTensorC2ERKNS_9OptionSetE
FNF:2
FNH:2
DA:32,6
DA:34,6
DA:35,6
DA:36,6
DA:38,12
DA:39,6
DA:41,18
DA:42,6
DA:44,18
DA:45,6
DA:47,6
DA:48,0
DA:50,10
DA:51,20
DA:53,10
DA:54,40
DA:56,10
DA:57,10
DA:58,10
DA:59,21
DA:60,3
DA:61,6
DA:63,1
DA:65,1
DA:67,2
DA:69,2
DA:70,22
LF:27
LH:26
end_of_record
TN:
SF:/home/runner/work/neml2/neml2/src/neml2/tensors/user_tensors/UserTensorBase.cxx
FN:30,35,_ZN5neml214UserTensorBase16expected_optionsEv
FN:37,40,_ZN5neml214UserTensorBaseC2ERKNS_9OptionSetE
FNDA:930,_ZN5neml214UserTensorBase16expected_optionsEv
FNDA:770,_ZN5neml214UserTensorBaseC2ERKNS_9OptionSetE
FNF:2
FNH:2
DA:30,930
DA:32,930
DA:33,930
DA:34,930
DA:35,0
DA:37,770
DA:38,770
DA:40,770
LF:8
LH:7
end_of_record
TN:
SF:/home/runner/work/neml2/neml2/src/neml2/tensors/user_tensors/ZerosPrimitiveTensor.cxx
FN:39,52,_ZN5neml220ZerosPrimitiveTensorINS_10QuaternionEE16expected_optionsEv
FN:39,52,_ZN5neml220ZerosPrimitiveTensorINS_11MillerIndexEE16expected_optionsEv
FN:39,52,_ZN5neml220ZerosPrimitiveTensorINS_2R2EE16expected_optionsEv
FN:39,52,_ZN5neml220ZerosPrimitiveTensorINS_2R3EE16expected_optionsEv
FN:39,52,_ZN5neml220ZerosPrimitiveTensorINS_2R4EE16expected_optionsEv
FN:39,52,_ZN5neml220ZerosPrimitiveTensorINS_2R5EE16expected_optionsEv
FN:39,52,_ZN5neml220ZerosPrimitiveTensorINS_2R8EE16expected_optionsEv
FN:39,52,_ZN5neml220ZerosPrimitiveTensorINS_3RotEE16expected_optionsEv
FN:39,52,_ZN5neml220ZerosPrimitiveTensorINS_3SR2EE16expected_optionsEv
FN:39,52,_ZN5neml220ZerosPrimitiveTensorINS_3VecEE16expected_optionsEv
FN:39,52,_ZN5neml220ZerosPrimitiveTensorINS_3WR2EE16expected_optionsEv
FN:39,52,_ZN5neml220ZerosPrimitiveTensorINS_4SFR3EE16expected_optionsEv
FN:39,52,_ZN5neml220ZerosPrimitiveTensorINS_4SSR4EE16expected_optionsEv
FN:39,52,_ZN5neml220ZerosPrimitiveTensorINS_4SWR4EE16expected_optionsEv
FN:39,52,_ZN5neml220ZerosPrimitiveTensorINS_4WSR4EE16expected_optionsEv
FN:39,52,_ZN5neml220ZerosPrimitiveTensorINS_4WWR4EE16expected_optionsEv
FN:39,52,_ZN5neml220ZerosPrimitiveTensorINS_5SFFR4EE16expected_optionsEv
FN:39,52,_ZN5neml220ZerosPrimitiveTensorINS_5SSFR5EE16expected_optionsEv
FN:39,52,_ZN5neml220ZerosPrimitiveTensorINS_6SSSSR8EE16expected_optionsEv
FN:39,52,_ZN5neml220ZerosPrimitiveTensorINS_6ScalarEE16expected_optionsEv
FN:55,59,_ZN5neml220ZerosPrimitiveTensorINS_10QuaternionEEC2ERKNS_9OptionSetE
FN:55,59,_ZN5neml220ZerosPrimitiveTensorINS_11MillerIndexEEC2ERKNS_9OptionSetE
FN:55,59,_ZN5neml220ZerosPrimitiveTensorINS_2R2EEC2ERKNS_9OptionSetE
FN:55,59,_ZN5neml220ZerosPrimitiveTensorINS_2R3EEC2ERKNS_9OptionSetE
FN:55,59,_ZN5neml220ZerosPrimitiveTensorINS_2R4EEC2ERKNS_9OptionSetE
FN:55,59,_ZN5neml220ZerosPrimitiveTensorINS_2R5EEC2ERKNS_9OptionSetE
FN:55,59,_ZN5neml220ZerosPrimitiveTensorINS_2R8EEC2ERKNS_9OptionSetE
FN:55,59,_ZN5neml220ZerosPrimitiveTensorINS_3RotEEC2ERKNS_9OptionSetE
FN:55,59,_ZN5neml220ZerosPrimitiveTensorINS_3SR2EEC2ERKNS_9OptionSetE
FN:55,59,_ZN5neml220ZerosPrimitiveTensorINS_3VecEEC2ERKNS_9OptionSetE
FN:55,59,_ZN5neml220ZerosPrimitiveTensorINS_3WR2EEC2ERKNS_9OptionSetE
FN:55,59,_ZN5neml220ZerosPrimitiveTensorINS_4SFR3EEC2ERKNS_9OptionSetE
FN:55,59,_ZN5neml220ZerosPrimitiveTensorINS_4SSR4EEC2ERKNS_9OptionSetE
FN:55,59,_ZN5neml220ZerosPrimitiveTensorINS_4SWR4EEC2ERKNS_9OptionSetE
FN:55,59,_ZN5neml220ZerosPrimitiveTensorINS_4WSR4EEC2ERKNS_9OptionSetE
FN:55,59,_ZN5neml220ZerosPrimitiveTensorINS_4WWR4EEC2ERKNS_9OptionSetE
FN:55,59,_ZN5neml220ZerosPrimitiveTensorINS_5SFFR4EEC2ERKNS_9OptionSetE
FN:55,59,_ZN5neml220ZerosPrimitiveTensorINS_5SSFR5EEC2ERKNS_9OptionSetE
FN:55,59,_ZN5neml220ZerosPrimitiveTensorINS_6SSSSR8EEC2ERKNS_9OptionSetE
FN:55,59,_ZN5neml220ZerosPrimitiveTensorINS_6ScalarEEC2ERKNS_9OptionSetE
FNDA:6,_ZN5neml220ZerosPrimitiveTensorINS_10QuaternionEE16expected_optionsEv
FNDA:6,_ZN5neml220ZerosPrimitiveTensorINS_11MillerIndexEE16expected_optionsEv
FNDA:6,_ZN5neml220ZerosPrimitiveTensorINS_2R2EE16expected_optionsEv
FNDA:6,_ZN5neml220ZerosPrimitiveTensorINS_2R3EE16expected_optionsEv
FNDA:6,_ZN5neml220ZerosPrimitiveTensorINS_2R4EE16expected_optionsEv
FNDA:6,_ZN5neml220ZerosPrimitiveTensorINS_2R5EE16expected_optionsEv
FNDA:6,_ZN5neml220ZerosPrimitiveTensorINS_2R8EE16expected_optionsEv
FNDA:6,_ZN5neml220ZerosPrimitiveTensorINS_3RotEE16expected_optionsEv
FNDA:6,_ZN5neml220ZerosPrimitiveTensorINS_3SR2EE16expected_optionsEv
FNDA:6,_ZN5neml220ZerosPrimitiveTensorINS_3VecEE16expected_optionsEv
FNDA:6,_ZN5neml220ZerosPrimitiveTensorINS_3WR2EE16expected_optionsEv
FNDA:6,_ZN5neml220ZerosPrimitiveTensorINS_4SFR3EE16expected_optionsEv
FNDA:6,_ZN5neml220ZerosPrimitiveTensorINS_4SSR4EE16expected_optionsEv
FNDA:6,_ZN5neml220ZerosPrimitiveTensorINS_4SWR4EE16expected_optionsEv
FNDA:6,_ZN5neml220ZerosPrimitiveTensorINS_4WSR4EE16expected_optionsEv
FNDA:6,_ZN5neml220ZerosPrimitiveTensorINS_4WWR4EE16expected_optionsEv
FNDA:6,_ZN5neml220ZerosPrimitiveTensorINS_5SFFR4EE16expected_optionsEv
FNDA:6,_ZN5neml220ZerosPrimitiveTensorINS_5SSFR5EE16expected_optionsEv
FNDA:6,_ZN5neml220ZerosPrimitiveTensorINS_6SSSSR8EE16expected_optionsEv
FNDA:6,_ZN5neml220ZerosPrimitiveTensorINS_6ScalarEE16expected_optionsEv
FNDA:0,_ZN5neml220ZerosPrimitiveTensorINS_10QuaternionEEC2ERKNS_9OptionSetE
FNDA:0,_ZN5neml220ZerosPrimitiveTensorINS_11MillerIndexEEC2ERKNS_9OptionSetE
FNDA:1,_ZN5neml220ZerosPrimitiveTensorINS_2R2EEC2ERKNS_9OptionSetE
FNDA:1,_ZN5neml220ZerosPrimitiveTensorINS_2R3EEC2ERKNS_9OptionSetE
FNDA:1,_ZN5neml220ZerosPrimitiveTensorINS_2R4EEC2ERKNS_9OptionSetE
FNDA:1,_ZN5neml220ZerosPrimitiveTensorINS_2R5EEC2ERKNS_9OptionSetE
FNDA:0,_ZN5neml220ZerosPrimitiveTensorINS_2R8EEC2ERKNS_9OptionSetE
FNDA:1,_ZN5neml220ZerosPrimitiveTensorINS_3RotEEC2ERKNS_9OptionSetE
FNDA:1,_ZN5neml220ZerosPrimitiveTensorINS_3SR2EEC2ERKNS_9OptionSetE
FNDA:1,_ZN5neml220ZerosPrimitiveTensorINS_3VecEEC2ERKNS_9OptionSetE
FNDA:0,_ZN5neml220ZerosPrimitiveTensorINS_3WR2EEC2ERKNS_9OptionSetE
FNDA:1,_ZN5neml220ZerosPrimitiveTensorINS_4SFR3EEC2ERKNS_9OptionSetE
FNDA:1,_ZN5neml220ZerosPrimitiveTensorINS_4SSR4EEC2ERKNS_9OptionSetE
FNDA:0,_ZN5neml220ZerosPrimitiveTensorINS_4SWR4EEC2ERKNS_9OptionSetE
FNDA:0,_ZN5neml220ZerosPrimitiveTensorINS_4WSR4EEC2ERKNS_9OptionSetE
FNDA:0,_ZN5neml220ZerosPrimitiveTensorINS_4WWR4EEC2ERKNS_9OptionSetE
FNDA:0,_ZN5neml220ZerosPrimitiveTensorINS_5SFFR4EEC2ERKNS_9OptionSetE
FNDA:1,_ZN5neml220ZerosPrimitiveTensorINS_5SSFR5EEC2ERKNS_9OptionSetE
FNDA:0,_ZN5neml220ZerosPrimitiveTensorINS_6SSSSR8EEC2ERKNS_9OptionSetE
FNDA:1,_ZN5neml220ZerosPrimitiveTensorINS_6ScalarEEC2ERKNS_9OptionSetE
FNF:40
FNH:31
DA:39,120
DA:43,120
DA:45,120
DA:46,120
DA:48,360
DA:49,120
DA:51,240
DA:52,120
DA:55,11
DA:56,33
DA:57,22
DA:59,11
LF:12
LH:12
end_of_record
TN:
SF:/home/runner/work/neml2/neml2/src/neml2/tensors/user_tensors/ZerosTensor.cxx
FN:32,44,_ZN5neml211ZerosTensor16expected_optionsEv
FN:46,52,_ZN5neml211ZerosTensorC2ERKNS_9OptionSetE
FNDA:6,_ZN5neml211ZerosTensor16expected_optionsEv
FNDA:1,_ZN5neml211ZerosTensorC2ERKNS_9OptionSetE
FNF:2
FNH:2
DA:32,6
DA:34,6
DA:35,6
DA:37,18
DA:38,6
DA:40,18
DA:41,6
DA:43,6
DA:44,0
DA:46,1
DA:47,2
DA:49,1
DA:50,4
DA:52,1
LF:14
LH:13
end_of_record
