TN:
SF:/home/runner/work/neml2/neml2/src/neml2/base/CrossRef.cxx
FN:32,_ZNK5neml28CrossRefIN2at6TensorEEcvS2_Ev
FN:47,_ZNK5neml28CrossRefINS_6TensorEEcvS1_Ev
FN:76,_ZNK5neml28CrossRefINS_3VecEEcvS1_Ev
FN:76,_ZNK5neml28CrossRefINS_6SSSSR8EEcvS1_Ev
FN:76,_ZNK5neml28CrossRefINS_4SSR4EEcvS1_Ev
FN:76,_ZNK5neml28CrossRefINS_4WWR4EEcvS1_Ev
FN:76,_ZNK5neml28CrossRefINS_6ScalarEEcvS1_Ev
FN:76,_ZNK5neml28CrossRefINS_11MillerIndexEEcvS1_Ev
FN:76,_ZNK5neml28CrossRefINS_4SFR3EEcvS1_Ev
FN:76,_ZNK5neml28CrossRefINS_5SSFR5EEcvS1_Ev
FN:76,_ZNK5neml28CrossRefINS_5SFFR4EEcvS1_Ev
FN:76,_ZNK5neml28CrossRefINS_2R2EEcvS1_Ev
FN:76,_ZNK5neml28CrossRefINS_3SR2EEcvS1_Ev
FN:76,_ZNK5neml28CrossRefINS_3WR2EEcvS1_Ev
FN:76,_ZNK5neml28CrossRefINS_2R4EEcvS1_Ev
FN:76,_ZNK5neml28CrossRefINS_2R8EEcvS1_Ev
FN:76,_ZNK5neml28CrossRefINS_10QuaternionEEcvS1_Ev
FN:76,_ZNK5neml28CrossRefINS_2R3EEcvS1_Ev
FN:76,_ZNK5neml28CrossRefINS_2R5EEcvS1_Ev
FN:76,_ZNK5neml28CrossRefINS_4SWR4EEcvS1_Ev
FN:76,_ZNK5neml28CrossRefINS_4WSR4EEcvS1_Ev
FN:76,_ZNK5neml28CrossRefINS_3RotEEcvS1_Ev
FNDA:20,_ZNK5neml28CrossRefINS_3RotEEcvS1_Ev
FNDA:24,_ZNK5neml28CrossRefINS_6TensorEEcvS1_Ev
FNDA:0,_ZNK5neml28CrossRefINS_4WSR4EEcvS1_Ev
FNDA:0,_ZNK5neml28CrossRefINS_4SWR4EEcvS1_Ev
FNDA:4,_ZNK5neml28CrossRefINS_2R3EEcvS1_Ev
FNDA:0,_ZNK5neml28CrossRefINS_10QuaternionEEcvS1_Ev
FNDA:4,_ZNK5neml28CrossRefINS_2R5EEcvS1_Ev
FNDA:4,_ZNK5neml28CrossRefINS_2R4EEcvS1_Ev
FNDA:18,_ZNK5neml28CrossRefIN2at6TensorEEcvS2_Ev
FNDA:9,_ZNK5neml28CrossRefINS_3WR2EEcvS1_Ev
FNDA:0,_ZNK5neml28CrossRefINS_2R8EEcvS1_Ev
FNDA:0,_ZNK5neml28CrossRefINS_5SFFR4EEcvS1_Ev
FNDA:26,_ZNK5neml28CrossRefINS_2R2EEcvS1_Ev
FNDA:138,_ZNK5neml28CrossRefINS_3SR2EEcvS1_Ev
FNDA:160,_ZNK5neml28CrossRefINS_11MillerIndexEEcvS1_Ev
FNDA:1452,_ZNK5neml28CrossRefINS_6ScalarEEcvS1_Ev
FNDA:4,_ZNK5neml28CrossRefINS_5SSFR5EEcvS1_Ev
FNDA:4,_ZNK5neml28CrossRefINS_4SFR3EEcvS1_Ev
FNDA:20,_ZNK5neml28CrossRefINS_4SSR4EEcvS1_Ev
FNDA:0,_ZNK5neml28CrossRefINS_6SSSSR8EEcvS1_Ev
FNDA:26,_ZNK5neml28CrossRefINS_3VecEEcvS1_Ev
FNDA:0,_ZNK5neml28CrossRefINS_4WWR4EEcvS1_Ev
FNF:22
FNH:15
DA:32,18
DA:37,18
DA:39,17
DA:42,34
DA:43,17
DA:47,24
DA:52,24
DA:54,12
DA:57,24
DA:58,12
DA:76,2817
LF:11
LH:11
end_of_record
TN:
SF:/home/runner/work/neml2/neml2/src/neml2/base/DiagnosticsInterface.cxx
FN:31,_ZN5neml28diagnoseERKNS_20DiagnosticsInterfaceE
FN:45,_ZN5neml220DiagnosticsInterfaceC2EPNS_11NEML2ObjectE
FN:51,_ZNK5neml220DiagnosticsInterface23diagnostic_assert_stateERSt6vectorINS_9DiagnosisESaIS2_EERKNS_12VariableBaseE
FN:59,_ZNK5neml220DiagnosticsInterface27diagnostic_assert_old_stateERSt6vectorINS_9DiagnosisESaIS2_EERKNS_12VariableBaseE
FN:67,_ZNK5neml220DiagnosticsInterface23diagnostic_assert_forceERSt6vectorINS_9DiagnosisESaIS2_EERKNS_12VariableBaseE
FN:75,_ZNK5neml220DiagnosticsInterface27diagnostic_assert_old_forceERSt6vectorINS_9DiagnosisESaIS2_EERKNS_12VariableBaseE
FN:83,_ZNK5neml220DiagnosticsInterface26diagnostic_assert_residualERSt6vectorINS_9DiagnosisESaIS2_EERKNS_12VariableBaseE
FN:91,_ZNK5neml220DiagnosticsInterface31diagnostic_check_input_variableERSt6vectorINS_9DiagnosisESaIS2_EERKNS_12VariableBaseE
FN:104,_ZNK5neml220DiagnosticsInterface32diagnostic_check_output_variableERSt6vectorINS_9DiagnosisESaIS2_EERKNS_12VariableBaseE
FNDA:701,_ZN5neml220DiagnosticsInterfaceC2EPNS_11NEML2ObjectE
FNDA:28,_ZNK5neml220DiagnosticsInterface23diagnostic_assert_stateERSt6vectorINS_9DiagnosisESaIS2_EERKNS_12VariableBaseE
FNDA:0,_ZNK5neml220DiagnosticsInterface27diagnostic_assert_old_stateERSt6vectorINS_9DiagnosisESaIS2_EERKNS_12VariableBaseE
FNDA:114,_ZN5neml28diagnoseERKNS_20DiagnosticsInterfaceE
FNDA:0,_ZNK5neml220DiagnosticsInterface27diagnostic_assert_old_forceERSt6vectorINS_9DiagnosisESaIS2_EERKNS_12VariableBaseE
FNDA:300,_ZNK5neml220DiagnosticsInterface31diagnostic_check_input_variableERSt6vectorINS_9DiagnosisESaIS2_EERKNS_12VariableBaseE
FNDA:118,_ZNK5neml220DiagnosticsInterface32diagnostic_check_output_variableERSt6vectorINS_9DiagnosisESaIS2_EERKNS_12VariableBaseE
FNDA:20,_ZNK5neml220DiagnosticsInterface23diagnostic_assert_forceERSt6vectorINS_9DiagnosisESaIS2_EERKNS_12VariableBaseE
FNDA:0,_ZNK5neml220DiagnosticsInterface26diagnostic_assert_residualERSt6vectorINS_9DiagnosisESaIS2_EERKNS_12VariableBaseE
FNF:9
FNH:6
DA:31,114
DA:33,114
DA:34,114
DA:36,114
DA:38,4
DA:39,12
DA:40,8
DA:41,4
DA:42,4
DA:43,114
DA:45,701
DA:46,701
DA:48,701
DA:51,28
DA:54,28
DA:55,28
DA:56,28
DA:59,0
DA:62,0
DA:63,0
DA:64,0
DA:67,20
DA:70,20
DA:71,20
DA:72,20
DA:75,0
DA:78,0
DA:79,0
DA:80,0
DA:83,0
DA:86,0
DA:87,0
DA:88,0
DA:91,300
DA:94,300
DA:95,471
DA:96,471
DA:98,300
DA:101,300
DA:104,118
DA:107,118
DA:109,118
DA:111,118
DA:113,118
LF:44
LH:32
end_of_record
TN:
SF:/home/runner/work/neml2/neml2/src/neml2/base/EnumSelection.cxx
FN:31,_ZN5neml2lsERSoRKNS_13EnumSelectionE
FN:38,_ZN5neml2rsERSt18basic_stringstreamIcSt11char_traitsIcESaIcEERNS_13EnumSelectionE
FN:44,_ZN5neml213EnumSelectionC2ERKS0_
FN:51,_ZN5neml213EnumSelectionC2ERKSt6vectorISsSaISsEERKSs
FN:58,_ZN5neml213EnumSelectionC2ERKSt6vectorISsSaISsEERKS1_IiSaIiEERKSs
FN:67,_ZN5neml213EnumSelectionaSERKS0_
FN:76,_ZNK5neml213EnumSelectioneqERKS0_
FN:83,_ZNK5neml213EnumSelectionneERKS0_
FN:89,_ZN5neml213EnumSelection6selectERKSs
FNDA:1199,_ZN5neml213EnumSelection6selectERKSs
FNDA:7,_ZN5neml2lsERSoRKNS_13EnumSelectionE
FNDA:1156,_ZN5neml213EnumSelectionC2ERKSt6vectorISsSaISsEERKS1_IiSaIiEERKSs
FNDA:4,_ZN5neml213EnumSelectionC2ERKSt6vectorISsSaISsEERKSs
FNDA:1,_ZN5neml213EnumSelectionC2ERKS0_
FNDA:2495,_ZN5neml213EnumSelectionaSERKS0_
FNDA:42,_ZN5neml2rsERSt18basic_stringstreamIcSt11char_traitsIcESaIcEERNS_13EnumSelectionE
FNDA:7,_ZNK5neml213EnumSelectioneqERKS0_
FNDA:5,_ZNK5neml213EnumSelectionneERKS0_
FNF:9
FNH:9
DA:31,7
DA:33,7
DA:34,7
DA:38,42
DA:40,42
DA:41,41
DA:44,1
DA:46,1
DA:47,1
DA:49,1
DA:51,4
DA:52,4
DA:53,4
DA:55,3
DA:56,4
DA:58,1156
DA:60,1156
DA:61,1156
DA:63,1154
DA:64,1155
DA:67,2495
DA:69,2495
DA:70,2495
DA:71,2495
DA:72,2495
DA:76,7
DA:78,9
DA:79,9
DA:83,5
DA:85,5
DA:89,1199
DA:91,1199
DA:93,2398
DA:94,1196
DA:95,1196
DA:96,1196
LF:36
LH:36
end_of_record
TN:
SF:/home/runner/work/neml2/neml2/src/neml2/base/EnumSelectionBase.cxx
FN:30,_ZN5neml217EnumSelectionBaseC2ERKS0_
FN:35,_ZN5neml217EnumSelectionBaseC2ERKSt6vectorISsSaISsEE
FN:46,_ZN5neml217EnumSelectionBaseC2ERKSt6vectorISsSaISsEERKS1_IiSaIiEE
FN:64,_ZN5neml217EnumSelectionBaseaSERKS0_
FN:71,_ZNK5neml217EnumSelectionBase14candidates_strEv
FNDA:2397,_ZNK5neml217EnumSelectionBase14candidates_strEv
FNDA:0,_ZN5neml217EnumSelectionBaseaSERKS0_
FNDA:7,_ZN5neml217EnumSelectionBaseC2ERKSt6vectorISsSaISsEE
FNDA:1177,_ZN5neml217EnumSelectionBaseC2ERKSt6vectorISsSaISsEERKS1_IiSaIiEE
FNDA:2,_ZN5neml217EnumSelectionBaseC2ERKS0_
FNF:5
FNH:4
DA:30,2
DA:31,2
DA:33,2
DA:35,7
DA:37,7
DA:38,7
DA:41,6
DA:42,24
DA:43,18
DA:44,8
DA:46,1177
DA:47,1177
DA:49,1177
DA:52,1176
DA:53,1176
DA:56,1176
DA:57,1176
DA:59,5292
DA:60,4117
DA:61,1179
DA:64,0
DA:66,0
DA:67,0
DA:71,2397
DA:73,2397
DA:74,10832
DA:75,8435
DA:76,4794
DA:77,2397
LF:29
LH:26
end_of_record
TN:
SF:/home/runner/work/neml2/neml2/src/neml2/base/Factory.cxx
FN:35,_ZN5neml210load_inputERKNSt10filesystem4pathERKSs
FN:52,_ZN5neml212reload_inputERKNSt10filesystem4pathERKSs
FN:59,_ZN5neml29get_modelERKSsbb
FN:69,_ZN5neml210load_modelERKNSt10filesystem4pathERKSsb
FN:76,_ZN5neml212reload_modelERKNSt10filesystem4pathERKSsb
FN:83,_ZN5neml210get_driverERKSs
FN:89,_ZN5neml27Factory3getEv
FN:96,_ZN5neml27Factory12load_optionsERKNS_16OptionCollectionE
FN:107,_ZN5neml27Factory14loaded_optionsEv
FN:114,_ZN5neml27Factory13create_objectERKSsRKNS_9OptionSetE
FN:140,_ZN5neml27Factory5clearEv
FNDA:264,_ZN5neml212reload_inputERKNSt10filesystem4pathERKSs
FNDA:276,_ZN5neml210load_inputERKNSt10filesystem4pathERKSs
FNDA:276,_ZN5neml27Factory12load_optionsERKNS_16OptionCollectionE
FNDA:2268,_ZN5neml27Factory3getEv
FNDA:12,_ZN5neml210load_modelERKNSt10filesystem4pathERKSsb
FNDA:278,_ZN5neml27Factory5clearEv
FNDA:225,_ZN5neml29get_modelERKSsbb
FNDA:110,_ZN5neml210get_driverERKSs
FNDA:1605,_ZN5neml27Factory13create_objectERKSsRKNS_9OptionSetE
FNDA:12,_ZN5neml212reload_modelERKNSt10filesystem4pathERKSsb
FNDA:1,_ZN5neml27Factory14loaded_optionsEv
FNF:11
FNH:11
DA:35,276
DA:37,276
DA:40,276
DA:42,276
DA:43,276
DA:46,0
DA:48,274
DA:49,276
DA:52,264
DA:54,264
DA:55,264
DA:56,262
DA:59,225
DA:61,225
DA:62,225
DA:63,225
DA:64,225
DA:65,225
DA:66,225
DA:69,12
DA:71,12
DA:72,12
DA:76,12
DA:78,12
DA:79,12
DA:83,110
DA:85,110
DA:89,2268
DA:91,2268
DA:92,2268
DA:96,276
DA:98,276
DA:100,276
DA:103,276
DA:104,276
DA:107,1
DA:109,1
DA:110,1
DA:114,1605
DA:116,1605
DA:117,1605
DA:119,1605
DA:120,1605
DA:121,1603
DA:122,1603
DA:123,1603
DA:140,278
DA:142,278
DA:143,278
LF:49
LH:48
end_of_record
TN:
SF:/home/runner/work/neml2/neml2/src/neml2/base/HITParser.cxx
FN:39,_ZNK5neml29HITParser5parseERKNSt10filesystem4pathERKSs
FN:96,_ZNK5neml29HITParser22extract_object_optionsEPN3hit4NodeES3_
FN:113,_ZNK5neml29HITParser15extract_optionsEPN3hit4NodeERNS_9OptionSetE
FN:122,_ZNK5neml29HITParser14extract_optionEPN3hit4NodeERNS_9OptionSetE
FNDA:2746,_ZNK5neml29HITParser15extract_optionsEPN3hit4NodeERNS_9OptionSetE
FNDA:5903,_ZNK5neml29HITParser14extract_optionEPN3hit4NodeERNS_9OptionSetE
FNDA:287,_ZNK5neml29HITParser5parseERKNSt10filesystem4pathERKSs
FNDA:2735,_ZNK5neml29HITParser22extract_object_optionsEPN3hit4NodeES3_
FNF:4
FNH:4
DA:39,287
DA:42,287
DA:43,287
DA:46,287
DA:47,287
DA:48,287
DA:51,287
DA:52,287
DA:55,287
DA:58,574
DA:59,287
DA:60,287
DA:63,287
DA:64,287
DA:65,287
DA:66,287
DA:67,287
DA:68,287
DA:70,287
DA:73,287
DA:74,287
DA:75,11
DA:78,1713
DA:80,1429
DA:81,1429
DA:83,535
DA:84,3267
DA:86,2735
DA:87,2732
DA:88,2732
DA:89,535
DA:92,568
DA:93,311
DA:96,2735
DA:99,5470
DA:101,2735
DA:102,2735
DA:105,2732
DA:106,2732
DA:107,2732
DA:109,5464
DA:110,2738
DA:113,2746
DA:115,11381
DA:116,8638
DA:117,8646
DA:118,2743
DA:122,5903
DA:135,5903
DA:137,5903
DA:138,43072
DA:139,43072
DA:141,5903
DA:143,5903
DA:146,5902
DA:150,5902
DA:151,4675
DA:152,4488
DA:153,4394
DA:154,4354
DA:155,3764
DA:156,2840
DA:157,1916
DA:158,1404
DA:159,1364
DA:160,1360
DA:161,1345
DA:166,5900
DA:168,5900
DA:170,5900
LF:70
LH:70
end_of_record
TN:
SF:/home/runner/work/neml2/neml2/src/neml2/base/MultiEnumSelection.cxx
FN:31,_ZN5neml2lsERSoRKNS_18MultiEnumSelectionE
FN:38,_ZN5neml2rsERSt18basic_stringstreamIcSt11char_traitsIcESaIcEERNS_18MultiEnumSelectionE
FN:44,_ZN5neml218MultiEnumSelectionC2ERKS0_
FN:51,_ZN5neml218MultiEnumSelectionC2ERKSt6vectorISsSaISsEES5_
FN:58,_ZN5neml218MultiEnumSelectionC2ERKSt6vectorISsSaISsEERKS1_IiSaIiEES5_
FN:67,_ZN5neml218MultiEnumSelectionaSERKS0_
FN:76,_ZNK5neml218MultiEnumSelectioneqERKS0_
FN:83,_ZNK5neml218MultiEnumSelectionneERKS0_
FN:89,_ZN5neml218MultiEnumSelection6selectERKSt6vectorISsSaISsEE
FNDA:5,_ZN5neml2lsERSoRKNS_18MultiEnumSelectionE
FNDA:3,_ZNK5neml218MultiEnumSelectionneERKS0_
FNDA:1,_ZN5neml218MultiEnumSelectionC2ERKS0_
FNDA:30,_ZN5neml218MultiEnumSelection6selectERKSt6vectorISsSaISsEE
FNDA:4,_ZNK5neml218MultiEnumSelectioneqERKS0_
FNDA:80,_ZN5neml218MultiEnumSelectionaSERKS0_
FNDA:3,_ZN5neml218MultiEnumSelectionC2ERKSt6vectorISsSaISsEES5_
FNDA:21,_ZN5neml218MultiEnumSelectionC2ERKSt6vectorISsSaISsEERKS1_IiSaIiEES5_
FNDA:6,_ZN5neml2rsERSt18basic_stringstreamIcSt11char_traitsIcESaIcEERNS_18MultiEnumSelectionE
FNF:9
FNH:9
DA:31,5
DA:33,5
DA:34,5
DA:38,6
DA:40,7
DA:41,5
DA:44,1
DA:46,1
DA:47,1
DA:49,1
DA:51,3
DA:52,3
DA:53,3
DA:55,3
DA:56,5
DA:58,21
DA:60,21
DA:61,21
DA:63,21
DA:64,23
DA:67,80
DA:69,80
DA:70,80
DA:71,80
DA:72,80
DA:76,4
DA:78,5
DA:79,5
DA:83,3
DA:85,3
DA:89,30
DA:91,30
DA:92,30
DA:93,71
DA:95,44
DA:97,91
DA:98,41
DA:99,41
DA:101,27
LF:39
LH:39
end_of_record
TN:
SF:/home/runner/work/neml2/neml2/src/neml2/base/NEML2Object.cxx
FN:29,_ZN5neml211NEML2Object16expected_optionsEv
FN:37,_ZN5neml211NEML2ObjectC2ERKNS_9OptionSetE
FNDA:1762,_ZN5neml211NEML2Object16expected_optionsEv
FNDA:1616,_ZN5neml211NEML2ObjectC2ERKNS_9OptionSetE
FNF:2
FNH:2
DA:29,1762
DA:31,1762
DA:32,1762
DA:33,1762
DA:34,1762
DA:35,0
DA:37,1616
DA:38,1616
DA:39,1616
DA:41,1616
LF:10
LH:9
end_of_record
TN:
SF:/home/runner/work/neml2/neml2/src/neml2/base/OptionCollection.cxx
FN:30,_ZN5neml216OptionCollectionixERKSs
FN:36,_ZNK5neml216OptionCollectionixERKSs
FNDA:4455,_ZN5neml216OptionCollectionixERKSs
FNDA:1,_ZNK5neml216OptionCollectionixERKSs
FNF:2
FNH:2
DA:30,4455
DA:32,4455
DA:36,1
DA:38,1
LF:4
LH:4
end_of_record
TN:
SF:/home/runner/work/neml2/neml2/src/neml2/base/OptionSet.cxx
FN:31,_ZN5neml218options_compatibleERKNS_9OptionSetES2_
FN:44,_ZNK5neml29OptionSet8containsERKSs
FN:50,_ZNK5neml29OptionSet3getERKSs
FN:62,_ZN5neml29OptionSet3setERKSs
FN:74,_ZN5neml29OptionSet9set_inputERKSs
FN:80,_ZN5neml29OptionSet10set_outputERKSs
FN:86,_ZN5neml29OptionSet5clearEv
FN:92,_ZN5neml29OptionSetaSERKS0_
FN:101,_ZN5neml29OptionSetpLERKS0_
FN:107,_ZN5neml29OptionSetC2ERKS0_
FN:172,_ZN5neml29OptionSet5beginEv
FN:178,_ZNK5neml29OptionSet5beginEv
FN:184,_ZN5neml29OptionSet3endEv
FN:190,_ZNK5neml29OptionSet3endEv
FNDA:5903,_ZN5neml29OptionSet3endEv
FNDA:21349,_ZNK5neml29OptionSet8containsERKSs
FNDA:59,_ZNK5neml29OptionSet3getERKSs
FNDA:410,_ZN5neml29OptionSet10set_outputERKSs
FNDA:52,_ZN5neml218options_compatibleERKNS_9OptionSetES2_
FNDA:16115,_ZN5neml29OptionSet5clearEv
FNDA:16115,_ZN5neml29OptionSetaSERKS0_
FNDA:5903,_ZN5neml29OptionSet5beginEv
FNDA:52,_ZNK5neml29OptionSet5beginEv
FNDA:52,_ZNK5neml29OptionSet3endEv
FNDA:906,_ZN5neml29OptionSet9set_inputERKSs
FNDA:21232,_ZN5neml29OptionSet3setERKSs
FNDA:18494,_ZN5neml29OptionSetpLERKS0_
FNDA:11083,_ZN5neml29OptionSetC2ERKS0_
FNF:14
FNH:14
DA:31,52
DA:33,54
DA:35,53
DA:36,51
DA:37,53
DA:38,51
DA:40,1
DA:44,21349
DA:46,21349
DA:50,59
DA:52,59
DA:58,59
DA:62,21232
DA:64,21232
DA:70,21232
DA:74,906
DA:76,906
DA:80,410
DA:82,410
DA:86,16115
DA:88,16115
DA:89,16115
DA:92,16115
DA:94,16115
DA:95,16115
DA:96,16115
DA:97,16115
DA:101,18494
DA:103,148913
DA:104,130419
DA:105,18494
DA:107,11083
DA:172,5903
DA:174,5903
DA:178,52
DA:180,52
DA:184,5903
DA:186,5903
DA:190,52
DA:192,52
LF:40
LH:40
end_of_record
TN:
SF:/home/runner/work/neml2/neml2/src/neml2/base/Registry.cxx
FN:31,_ZN5neml28Registry3getEv
FN:38,_ZN5neml28Registry16expected_optionsEv
FN:45,_ZN5neml28Registry16expected_optionsERKSs
FN:56,_ZN5neml28Registry11syntax_typeERKSs
FN:63,_ZN5neml28Registry7builderERKSs
FN:74,_ZN5neml28Registry9add_innerERKSsS2_RKNS_9OptionSetEPFSt10shared_ptrINS_11NEML2ObjectEES5_E
FNDA:2,_ZN5neml28Registry16expected_optionsEv
FNDA:2735,_ZN5neml28Registry16expected_optionsERKSs
FNDA:6670,_ZN5neml28Registry3getEv
FNDA:1605,_ZN5neml28Registry7builderERKSs
FNDA:1748,_ZN5neml28Registry9add_innerERKSsS2_RKNS_9OptionSetEPFSt10shared_ptrINS_11NEML2ObjectEES5_E
FNDA:580,_ZN5neml28Registry11syntax_typeERKSs
FNF:6
FNH:6
DA:31,6670
DA:33,6670
DA:34,6670
DA:38,2
DA:40,2
DA:41,2
DA:45,2735
DA:47,2735
DA:48,2735
DA:49,2735
DA:52,2735
DA:56,580
DA:58,580
DA:59,580
DA:63,1605
DA:65,1605
DA:66,1605
DA:67,1605
DA:70,1605
DA:74,1748
DA:79,1748
DA:80,1748
DA:85,1748
DA:86,1748
DA:87,1748
DA:88,1748
LF:26
LH:26
end_of_record
TN:
SF:/home/runner/work/neml2/neml2/src/neml2/base/Settings.cxx
FN:33,_ZN5neml28Settings16expected_optionsEv
FN:99,_ZN5neml28SettingsC2ERKNS_9OptionSetE
FNDA:568,_ZN5neml28Settings16expected_optionsEv
FNDA:277,_ZN5neml28SettingsC2ERKNS_9OptionSetE
FNF:2
FNH:2
DA:33,568
DA:35,568
DA:36,568
DA:37,568
DA:39,568
DA:45,3408
DA:46,568
DA:47,1136
DA:48,1704
DA:55,3976
DA:56,568
DA:57,1136
DA:58,1704
DA:60,568
DA:61,1136
DA:66,568
DA:68,568
DA:69,1136
DA:70,568
DA:72,568
DA:73,568
DA:75,568
DA:76,568
DA:78,568
DA:79,1136
DA:80,568
DA:82,568
DA:83,1136
DA:84,568
DA:86,568
DA:87,1136
DA:89,568
DA:91,568
DA:92,1136
DA:94,568
DA:96,1136
DA:97,568
DA:99,277
DA:102,277
DA:103,277
DA:106,277
DA:109,277
DA:112,277
DA:115,277
DA:116,277
DA:119,277
DA:120,277
DA:121,0
DA:124,277
DA:125,277
DA:126,0
DA:129,277
DA:130,277
DA:133,277
DA:134,277
LF:55
LH:53
end_of_record
TN:
SF:/home/runner/work/neml2/neml2/src/neml2/drivers/Driver.cxx
FN:30,_ZN5neml26Driver16expected_optionsEv
FN:41,_ZN5neml26DriverC2ERKNS_9OptionSetE
FNDA:15,_ZN5neml26Driver16expected_optionsEv
FNDA:110,_ZN5neml26DriverC2ERKNS_9OptionSetE
FNF:2
FNH:2
DA:30,15
DA:32,15
DA:33,15
DA:35,15
DA:36,15
DA:38,15
DA:39,0
DA:41,110
DA:44,110
DA:46,110
LF:10
LH:9
end_of_record
TN:
SF:/home/runner/work/neml2/neml2/src/neml2/drivers/TransientDriver.cxx
FN:34,_ZN5neml215TransientDriver16expected_optionsEv
FN:104,_ZN5neml215TransientDriverC2ERKNS_9OptionSetE
FN:139,_ZNK5neml215TransientDriver8diagnoseERSt6vectorINS_9DiagnosisESaIS2_EE
FN:150,_ZN5neml215TransientDriver3runEv
FN:173,_ZN5neml215TransientDriver5solveEv
FN:208,_ZN5neml215TransientDriver12advance_stepEv
FN:218,_ZN5neml215TransientDriver13update_forcesEv
FN:228,_ZN5neml215TransientDriver8apply_icEv
FN:236,_ZN5neml215TransientDriver15apply_predictorEv
FN:287,_ZN5neml215TransientDriver10solve_stepEv
FN:293,_ZN5neml215TransientDriver11store_inputEv
FN:299,_ZN5neml215TransientDriver12store_outputEv
FN:305,_ZNK5neml215TransientDriver12save_as_pathEv
FN:311,_ZNK5neml215TransientDriver6resultEv
FN:333,_ZNK5neml215TransientDriver6outputEv
FN:357,_ZNK5neml215TransientDriver9output_ptERKNSt10filesystem4pathE
FNDA:7,_ZNK5neml215TransientDriver8diagnoseERSt6vectorINS_9DiagnosisESaIS2_EE
FNDA:12,_ZN5neml215TransientDriver16expected_optionsEv
FNDA:7,_ZN5neml215TransientDriver5solveEv
FNDA:5,_ZNK5neml215TransientDriver9output_ptERKNSt10filesystem4pathE
FNDA:7,_ZN5neml215TransientDriverC2ERKNS_9OptionSetE
FNDA:5,_ZNK5neml215TransientDriver6outputEv
FNDA:63,_ZN5neml215TransientDriver15apply_predictorEv
FNDA:7,_ZN5neml215TransientDriver3runEv
FNDA:70,_ZN5neml215TransientDriver13update_forcesEv
FNDA:5,_ZNK5neml215TransientDriver6resultEv
FNDA:63,_ZN5neml215TransientDriver12advance_stepEv
FNDA:70,_ZN5neml215TransientDriver12store_outputEv
FNDA:70,_ZN5neml215TransientDriver11store_inputEv
FNDA:63,_ZN5neml215TransientDriver10solve_stepEv
FNDA:7,_ZN5neml215TransientDriver8apply_icEv
FNDA:12,_ZNK5neml215TransientDriver12save_as_pathEv
FNF:16
FNH:16
DA:34,12
DA:36,12
DA:38,12
DA:39,12
DA:41,12
DA:42,12
DA:44,12
DA:45,24
DA:48,12
DA:50,12
DA:51,12
DA:53,12
DA:54,24
DA:57,12
DA:59,12
DA:60,12
DA:62,12
DA:63,24
DA:64,12
DA:66,12
DA:67,12
DA:69,12
DA:70,12
DA:72,12
DA:73,12
DA:75,12
DA:76,24
DA:81,12
DA:83,12
DA:84,12
DA:86,12
DA:87,12
DA:89,12
DA:90,12
DA:92,12
DA:93,12
DA:95,12
DA:96,12
DA:98,12
DA:99,12
DA:101,12
DA:102,0
DA:104,7
DA:106,7
DA:107,7
DA:108,7
DA:109,7
DA:110,7
DA:111,7
DA:112,7
DA:113,7
DA:114,7
DA:115,7
DA:116,7
DA:117,7
DA:118,7
DA:119,7
DA:120,7
DA:121,7
DA:122,7
DA:123,7
DA:124,7
DA:125,7
DA:126,7
DA:127,7
DA:128,7
DA:129,14
DA:131,7
DA:133,7
DA:134,7
DA:135,7
DA:136,7
DA:139,7
DA:141,7
DA:142,7
DA:143,14
DA:144,7
DA:146,7
DA:147,7
DA:150,7
DA:164,7
DA:166,7
DA:167,5
DA:169,7
DA:173,7
DA:175,77
DA:177,70
DA:182,70
DA:183,63
DA:184,70
DA:185,70
DA:187,7
DA:188,7
DA:192,63
DA:193,63
DA:194,63
DA:196,70
DA:198,70
DA:204,7
DA:208,63
DA:210,63
DA:211,63
DA:213,63
DA:214,63
DA:215,63
DA:218,70
DA:220,70
DA:222,140
DA:223,70
DA:224,70
DA:225,70
DA:228,7
DA:230,7
DA:231,7
DA:232,7
DA:233,7
DA:236,63
DA:238,63
DA:239,63
DA:240,63
DA:242,9
DA:243,9
DA:246,63
DA:248,36
DA:249,27
DA:250,9
DA:253,9
DA:254,1
DA:258,8
DA:259,24
DA:260,24
DA:261,8
DA:262,8
DA:264,16
DA:265,16
DA:266,16
DA:267,16
DA:268,8
DA:269,8
DA:272,0
DA:275,63
DA:277,1
DA:278,1
DA:279,1
DA:280,1
DA:281,3
DA:282,1
DA:283,1
DA:284,63
DA:287,63
DA:289,63
DA:290,63
DA:293,70
DA:295,140
DA:296,70
DA:299,70
DA:301,140
DA:302,70
DA:305,12
DA:307,12
DA:311,5
DA:313,5
DA:314,5
DA:317,5
DA:318,44
DA:319,44
DA:322,5
DA:323,18
DA:324,18
DA:327,5
DA:328,15
DA:329,10
DA:330,5
DA:333,5
DA:335,5
DA:340,5
DA:341,10
DA:343,5
DA:344,5
DA:350,5
DA:354,5
DA:357,5
DA:359,5
DA:360,5
LF:184
LH:182
end_of_record
TN:
SF:/home/runner/work/neml2/neml2/src/neml2/drivers/solid_mechanics/LargeDeformationIncrementalSolidMechanicsDriver.cxx
FN:32,_ZN5neml247LargeDeformationIncrementalSolidMechanicsDriver16expected_optionsEv
FN:65,_ZN5neml247LargeDeformationIncrementalSolidMechanicsDriverC2ERKNS_9OptionSetE
FN:96,_ZNK5neml247LargeDeformationIncrementalSolidMechanicsDriver8diagnoseERSt6vectorINS_9DiagnosisESaIS2_EE
FN:147,_ZN5neml247LargeDeformationIncrementalSolidMechanicsDriver13update_forcesEv
FNDA:10,_ZN5neml247LargeDeformationIncrementalSolidMechanicsDriver13update_forcesEv
FNDA:1,_ZNK5neml247LargeDeformationIncrementalSolidMechanicsDriver8diagnoseERSt6vectorINS_9DiagnosisESaIS2_EE
FNDA:1,_ZN5neml247LargeDeformationIncrementalSolidMechanicsDriverC2ERKNS_9OptionSetE
FNDA:6,_ZN5neml247LargeDeformationIncrementalSolidMechanicsDriver16expected_optionsEv
FNF:4
FNH:4
DA:32,6
DA:34,6
DA:35,6
DA:36,6
DA:38,6
DA:39,12
DA:40,6
DA:42,6
DA:43,6
DA:45,6
DA:46,6
DA:48,6
DA:49,6
DA:51,6
DA:52,12
DA:53,6
DA:55,6
DA:56,12
DA:57,6
DA:59,6
DA:60,6
DA:62,6
DA:63,0
DA:65,1
DA:66,1
DA:68,1
DA:69,1
DA:70,1
DA:71,1
DA:72,2
DA:73,2
DA:74,2
DA:76,1
DA:78,1
DA:79,1
DA:81,0
DA:83,0
DA:84,0
DA:91,1
DA:92,1
DA:93,1
DA:96,1
DA:98,1
DA:100,2
DA:102,1
DA:104,1
DA:105,3
DA:107,1
DA:111,1
DA:113,1
DA:115,3
DA:117,1
DA:121,1
DA:123,1
DA:125,3
DA:127,1
DA:131,1
DA:133,1
DA:134,2
DA:136,1
DA:138,1
DA:139,2
DA:141,1
DA:143,1
DA:144,1
DA:147,10
DA:149,10
DA:150,20
DA:151,10
DA:152,20
DA:153,10
LF:71
LH:67
end_of_record
TN:
SF:/home/runner/work/neml2/neml2/src/neml2/drivers/solid_mechanics/SolidMechanicsDriver.cxx
FN:32,_ZN5neml220SolidMechanicsDriver16expected_optionsEv
FN:79,_ZN5neml220SolidMechanicsDriverC2ERKNS_9OptionSetE
FN:121,_ZNK5neml220SolidMechanicsDriver8diagnoseERSt6vectorINS_9DiagnosisESaIS2_EE
FN:205,_ZN5neml220SolidMechanicsDriver13update_forcesEv
FNDA:60,_ZN5neml220SolidMechanicsDriver13update_forcesEv
FNDA:6,_ZNK5neml220SolidMechanicsDriver8diagnoseERSt6vectorINS_9DiagnosisESaIS2_EE
FNDA:6,_ZN5neml220SolidMechanicsDriverC2ERKNS_9OptionSetE
FNDA:6,_ZN5neml220SolidMechanicsDriver16expected_optionsEv
FNF:4
FNH:4
DA:32,6
DA:34,6
DA:35,6
DA:36,6
DA:38,6
DA:39,12
DA:40,6
DA:42,6
DA:43,6
DA:45,6
DA:46,6
DA:48,6
DA:49,6
DA:51,6
DA:52,6
DA:54,6
DA:55,6
DA:57,6
DA:58,6
DA:60,6
DA:61,12
DA:62,6
DA:64,6
DA:65,12
DA:67,6
DA:69,6
DA:70,6
DA:72,6
DA:73,12
DA:74,6
DA:76,6
DA:77,0
DA:79,6
DA:81,6
DA:82,6
DA:83,6
DA:84,6
DA:85,6
DA:86,7
DA:87,7
DA:89,7
DA:90,7
DA:91,12
DA:94,6
DA:96,4
DA:97,4
DA:99,2
DA:101,1
DA:102,1
DA:104,1
DA:106,1
DA:107,1
DA:114,6
DA:116,6
DA:117,1
DA:118,6
DA:121,6
DA:123,6
DA:125,12
DA:126,6
DA:128,6
DA:130,18
DA:132,6
DA:135,6
DA:137,6
DA:140,18
DA:142,6
DA:145,6
DA:147,6
DA:149,12
DA:151,6
DA:153,6
DA:155,6
DA:157,2
DA:159,1
DA:161,1
DA:163,3
DA:165,1
DA:168,1
DA:170,1
DA:173,3
DA:175,1
DA:178,1
DA:180,2
DA:183,6
DA:185,2
DA:187,1
DA:189,1
DA:190,2
DA:192,1
DA:194,1
DA:196,2
DA:198,1
DA:200,2
DA:202,6
DA:205,60
DA:207,60
DA:209,120
DA:210,60
DA:212,60
DA:214,20
DA:215,10
DA:216,10
DA:218,60
DA:220,20
DA:221,10
DA:222,10
DA:223,60
LF:108
LH:107
end_of_record
TN:
SF:/home/runner/work/neml2/neml2/src/neml2/misc/error.cxx
FN:30,_ZNK5neml213NEMLException4whatEv
FN:38,_ZN5neml28internal10stream_allERSt19basic_ostringstreamIcSt11char_traitsIcESaIcEE
FNDA:133,_ZN5neml28internal10stream_allERSt19basic_ostringstreamIcSt11char_traitsIcESaIcEE
FNDA:29,_ZNK5neml213NEMLException4whatEv
FNF:2
FNH:2
DA:30,29
DA:32,29
DA:38,133
DA:40,133
LF:4
LH:4
end_of_record
TN:
SF:/home/runner/work/neml2/neml2/src/neml2/misc/math.cxx
FN:36,_ZN5neml24math15ConstantTensorsC2Ev
FN:58,_ZN5neml24math15ConstantTensors3getEv
FN:65,_ZN5neml24math15ConstantTensors18full_to_mandel_mapEv
FN:71,_ZN5neml24math15ConstantTensors18mandel_to_full_mapEv
FN:77,_ZN5neml24math15ConstantTensors21full_to_mandel_factorEv
FN:83,_ZN5neml24math15ConstantTensors21mandel_to_full_factorEv
FN:89,_ZN5neml24math15ConstantTensors16full_to_skew_mapEv
FN:95,_ZN5neml24math15ConstantTensors16skew_to_full_mapEv
FN:101,_ZN5neml24math15ConstantTensors19full_to_skew_factorEv
FN:107,_ZN5neml24math15ConstantTensors19skew_to_full_factorEv
FN:113,_ZN5neml24math15full_to_reducedERKNS_6TensorERKN2at6TensorES7_l
FN:139,_ZN5neml24math15reduced_to_fullERKNS_6TensorERKN2at6TensorES7_l
FN:162,_ZN5neml24math14full_to_mandelERKNS_6TensorEl
FN:172,_ZN5neml24math14mandel_to_fullERKNS_6TensorEl
FN:182,_ZN5neml24math12full_to_skewERKNS_6TensorEl
FN:192,_ZN5neml24math12skew_to_fullERKNS_6TensorEl
FN:202,_ZN5neml24math6jacrevERKNS_6TensorES3_
FN:245,_ZN5neml24math15base_diag_embedERKNS_6TensorElll
FN:254,_ZN5neml24math19skew_and_sym_to_symERKNS_3SR2ERKNS_3WR2E
FN:264,_ZN5neml24math27d_skew_and_sym_to_sym_d_symERKNS_3WR2E
FN:273,_ZN5neml24math28d_skew_and_sym_to_sym_d_skewERKNS_3SR2E
FN:282,_ZN5neml24math22multiply_and_make_skewERKNS_3SR2ES3_
FN:291,_ZN5neml24math32d_multiply_and_make_skew_d_firstERKNS_3SR2E
FN:300,_ZN5neml24math33d_multiply_and_make_skew_d_secondERKNS_3SR2E
FN:309,_ZN5neml24math3powERKdRKNS_6TensorE
FN:315,_ZN5neml24math3powERKNS_6TensorES3_
FN:324,_ZN5neml24math6linalg11vector_normERKNS_6TensorE
FN:341,_ZN5neml24math6linalg3invERKNS_6TensorE
FN:347,_ZN5neml24math6linalg5solveERKNS_6TensorES4_
FN:353,_ZN5neml24math6linalg9lu_factorERKNS_6TensorEb
FN:360,_ZN5neml24math6linalg8lu_solveERKNS_6TensorES4_S4_bb
FNDA:3188,_ZN5neml24math15ConstantTensors21mandel_to_full_factorEv
FNDA:66,_ZN5neml24math27d_skew_and_sym_to_sym_d_symERKNS_3WR2E
FNDA:464,_ZN5neml24math12skew_to_fullERKNS_6TensorEl
FNDA:548,_ZN5neml24math15ConstantTensors19full_to_skew_factorEv
FNDA:464,_ZN5neml24math15ConstantTensors19skew_to_full_factorEv
FNDA:548,_ZN5neml24math12full_to_skewERKNS_6TensorEl
FNDA:1,_ZN5neml24math15ConstantTensorsC2Ev
FNDA:552,_ZN5neml24math15base_diag_embedERKNS_6TensorElll
FNDA:13788,_ZN5neml24math15ConstantTensors3getEv
FNDA:3652,_ZN5neml24math15reduced_to_fullERKNS_6TensorERKN2at6TensorES7_l
FNDA:2694,_ZN5neml24math15ConstantTensors21full_to_mandel_factorEv
FNDA:464,_ZN5neml24math15ConstantTensors16skew_to_full_mapEv
FNDA:5,_ZN5neml24math28d_skew_and_sym_to_sym_d_skewERKNS_3SR2E
FNDA:2694,_ZN5neml24math15ConstantTensors18full_to_mandel_mapEv
FNDA:8,_ZN5neml24math6linalg9lu_factorERKNS_6TensorEb
FNDA:3188,_ZN5neml24math14mandel_to_fullERKNS_6TensorEl
FNDA:3188,_ZN5neml24math15ConstantTensors18mandel_to_full_mapEv
FNDA:66,_ZN5neml24math33d_multiply_and_make_skew_d_secondERKNS_3SR2E
FNDA:362,_ZN5neml24math22multiply_and_make_skewERKNS_3SR2ES3_
FNDA:368,_ZN5neml24math19skew_and_sym_to_symERKNS_3SR2ERKNS_3WR2E
FNDA:66,_ZN5neml24math32d_multiply_and_make_skew_d_firstERKNS_3SR2E
FNDA:548,_ZN5neml24math15ConstantTensors16full_to_skew_mapEv
FNDA:64,_ZN5neml24math3powERKdRKNS_6TensorE
FNDA:78,_ZN5neml24math6jacrevERKNS_6TensorES3_
FNDA:1289,_ZN5neml24math6linalg11vector_normERKNS_6TensorE
FNDA:3242,_ZN5neml24math15full_to_reducedERKNS_6TensorERKN2at6TensorES7_l
FNDA:2694,_ZN5neml24math14full_to_mandelERKNS_6TensorEl
FNDA:227,_ZN5neml24math6linalg3invERKNS_6TensorE
FNDA:24,_ZN5neml24math6linalg8lu_solveERKNS_6TensorES4_S4_bb
FNDA:0,_ZN5neml24math3powERKNS_6TensorES3_
FNDA:1319,_ZN5neml24math6linalg5solveERKNS_6TensorES4_
FNF:31
FNH:30
DA:36,1
DA:38,7
DA:41,10
DA:43,7
DA:46,10
DA:48,4
DA:50,10
DA:52,4
DA:54,10
DA:55,1
DA:58,13788
DA:60,13788
DA:61,13788
DA:65,2694
DA:67,2694
DA:71,3188
DA:73,3188
DA:77,2694
DA:79,2694
DA:83,3188
DA:85,3188
DA:89,548
DA:91,548
DA:95,464
DA:97,464
DA:101,548
DA:103,548
DA:107,464
DA:109,464
DA:113,3242
DA:118,3242
DA:119,3242
DA:120,3242
DA:121,3242
DA:122,3242
DA:124,3242
DA:125,3242
DA:126,3242
DA:128,3242
DA:129,3242
DA:132,6484
DA:135,6484
DA:136,3242
DA:139,3652
DA:144,3652
DA:145,3652
DA:146,3652
DA:147,3652
DA:148,3652
DA:150,3652
DA:151,3652
DA:152,3652
DA:153,3652
DA:154,3652
DA:156,7304
DA:157,7304
DA:158,7304
DA:159,3652
DA:162,2694
DA:166,5388
DA:167,5388
DA:168,5388
DA:172,3188
DA:176,6376
DA:177,6376
DA:178,6376
DA:182,548
DA:186,1096
DA:187,1096
DA:188,1096
DA:192,464
DA:196,928
DA:197,928
DA:198,928
DA:202,78
DA:204,78
DA:207,79
DA:209,79
DA:213,154
DA:214,154
DA:216,77
DA:219,77
DA:221,77
DA:222,309
DA:224,233
DA:225,699
DA:226,1631
DA:229,233
DA:231,233
DA:232,233
DA:233,657
DA:234,233
DA:238,154
DA:239,154
DA:241,154
DA:242,77
DA:245,552
DA:248,1104
DA:249,0
DA:250,1656
DA:254,368
DA:258,368
DA:259,368
DA:260,1104
DA:261,368
DA:264,66
DA:266,66
DA:267,66
DA:268,264
DA:269,396
DA:270,66
DA:273,5
DA:275,5
DA:276,5
DA:277,20
DA:278,30
DA:279,5
DA:282,362
DA:284,362
DA:285,362
DA:287,1086
DA:288,362
DA:291,66
DA:293,66
DA:294,66
DA:295,264
DA:296,396
DA:297,66
DA:300,66
DA:302,66
DA:303,66
DA:304,264
DA:305,396
DA:306,66
DA:309,64
DA:311,128
DA:315,0
DA:317,0
DA:318,0
DA:324,1289
DA:326,1289
DA:328,1289
DA:332,1289
DA:333,75
DA:335,2428
DA:336,2428
DA:337,2428
DA:341,227
DA:343,454
DA:347,1319
DA:349,2638
DA:353,8
DA:355,8
DA:356,16
DA:357,8
DA:360,24
DA:362,48
LF:157
LH:153
end_of_record
TN:
SF:/home/runner/work/neml2/neml2/src/neml2/misc/parser_utils.cxx
FN:31,_ZNK5neml215ParserException4whatEv
FN:39,_ZN5neml25utilsrsERSt18basic_stringstreamIcSt11char_traitsIcESaIcEERN2at6TensorE
FN:46,_ZN5neml25utils5splitERKSsS2_
FN:67,_ZN5neml25utils4trimERKSsS2_
FN:77,_ZN5neml25utils10start_withESt17basic_string_viewIcSt11char_traitsIcEES4_
FN:83,_ZN5neml25utils8end_withESt17basic_string_viewIcSt11char_traitsIcEES4_
FN:91,_ZN5neml25utils6parse_IbEEvRT_RKSs
FN:104,_ZN5neml25utils13parse_vector_IbEEvRSt6vectorIT_SaIS3_EERKSs
FN:114,_ZN5neml25utils6parse_INS_19LabeledAxisAccessorEEEvRT_RKSs
FN:122,_ZN5neml25utils6parse_IN3c1011SmallVectorIlLj6EEEEEvRT_RKSs
FNDA:12335,_ZN5neml25utils10start_withESt17basic_string_viewIcSt11char_traitsIcEES4_
FNDA:289,_ZN5neml25utils6parse_IbEEvRT_RKSs
FNDA:673,_ZN5neml25utils6parse_INS_19LabeledAxisAccessorEEEvRT_RKSs
FNDA:1312,_ZN5neml25utils6parse_IN3c1011SmallVectorIlLj6EEEEEvRT_RKSs
FNDA:12562,_ZN5neml25utils4trimERKSsS2_
FNDA:3236,_ZN5neml25utils5splitERKSsS2_
FNDA:1,_ZN5neml25utilsrsERSt18basic_stringstreamIcSt11char_traitsIcESaIcEERN2at6TensorE
FNDA:44,_ZN5neml25utils13parse_vector_IbEEvRSt6vectorIT_SaIS3_EERKSs
FNDA:1589,_ZN5neml25utils8end_withESt17basic_string_viewIcSt11char_traitsIcEES4_
FNDA:5,_ZNK5neml215ParserException4whatEv
FNF:10
FNH:10
DA:31,5
DA:33,5
DA:39,1
DA:41,1
DA:46,3236
DA:48,3236
DA:50,3236
DA:51,3236
DA:53,8276
DA:55,8250
DA:57,8250
DA:58,8250
DA:59,3210
DA:60,5040
DA:63,3236
DA:64,0
DA:67,12562
DA:69,12562
DA:70,12562
DA:71,27
DA:72,12535
DA:73,12535
DA:77,12335
DA:79,12335
DA:83,1589
DA:85,3178
DA:86,3178
DA:91,289
DA:93,289
DA:94,289
DA:95,106
DA:96,183
DA:97,182
DA:99,1
DA:100,289
DA:104,44
DA:106,88
DA:107,44
DA:108,165
DA:109,121
DA:110,44
DA:114,673
DA:116,1346
DA:117,673
DA:118,673
DA:122,1312
DA:124,1312
DA:125,1
DA:126,2
DA:128,2622
DA:129,2622
DA:131,1311
DA:132,3752
DA:133,2441
DA:134,1311
LF:55
LH:54
end_of_record
TN:
SF:/home/runner/work/neml2/neml2/src/neml2/misc/types.cxx
FN:30,_ZN5neml222default_tensor_optionsEv
FN:38,_ZN5neml230default_integer_tensor_optionsEv
FN:46,_ZN5neml213default_dtypeEv
FN:53,_ZN5neml221default_integer_dtypeEv
FN:60,_ZN5neml214default_deviceEv
FN:67,_ZN5neml217machine_precisionEv
FN:74,_ZN5neml29toleranceEv
FN:81,_ZN5neml217tighter_toleranceEv
FN:88,_ZN5neml221buffer_name_separatorEv
FN:95,_ZN5neml224parameter_name_separatorEv
FN:102,_ZN5neml234currently_solving_nonlinear_systemEv
FNDA:798,_ZN5neml213default_dtypeEv
FNDA:7174,_ZN5neml221default_integer_dtypeEv
FNDA:2501,_ZN5neml217machine_precisionEv
FNDA:373,_ZN5neml224parameter_name_separatorEv
FNDA:38230,_ZN5neml234currently_solving_nonlinear_systemEv
FNDA:515,_ZN5neml214default_deviceEv
FNDA:279,_ZN5neml29toleranceEv
FNDA:5002,_ZN5neml222default_tensor_optionsEv
FNDA:279,_ZN5neml217tighter_toleranceEv
FNDA:484,_ZN5neml221buffer_name_separatorEv
FNDA:172,_ZN5neml230default_integer_tensor_optionsEv
FNF:11
FNH:11
DA:30,5002
DA:33,5002
DA:34,5002
DA:38,172
DA:41,172
DA:42,172
DA:46,798
DA:49,798
DA:53,7174
DA:56,7174
DA:60,515
DA:62,515
DA:63,515
DA:67,2501
DA:70,2501
DA:74,279
DA:77,279
DA:81,279
DA:84,279
DA:88,484
DA:90,484
DA:91,484
DA:95,373
DA:97,373
DA:98,373
DA:102,38230
DA:105,38230
LF:27
LH:27
end_of_record
TN:
SF:/home/runner/work/neml2/neml2/src/neml2/misc/utils.cxx
FN:33,_ZN5neml25utils8demangleEPKc
FN:40,_ZN5neml25utils12storage_sizeEN3c108ArrayRefIlEE
FN:47,_ZN5neml25utils11pad_prependEN3c108ArrayRefIlEEll
FN:55,_ZN5neml25utils10pad_appendEN3c108ArrayRefIlEEll
FN:77,_ZN5neml25utils7details15add_shapes_implERN3c1011SmallVectorIlLj6EEE
FNDA:16688,_ZN5neml25utils12storage_sizeEN3c108ArrayRefIlEE
FNDA:103547,_ZN5neml25utils7details15add_shapes_implERN3c1011SmallVectorIlLj6EEE
FNDA:3,_ZN5neml25utils10pad_appendEN3c108ArrayRefIlEEll
FNDA:281290,_ZN5neml25utils8demangleEPKc
FNDA:326841,_ZN5neml25utils11pad_prependEN3c108ArrayRefIlEEll
FNF:5
FNH:5
DA:33,281290
DA:36,281290
DA:40,16688
DA:42,16688
DA:43,16688
DA:47,326841
DA:49,326841
DA:50,326841
DA:51,326841
DA:52,0
DA:55,3
DA:57,3
DA:58,3
DA:59,3
DA:60,0
DA:77,103547
DA:79,103547
LF:17
LH:15
end_of_record
TN:
SF:/home/runner/work/neml2/neml2/src/neml2/models/ArrheniusParameter.cxx
FN:33,_ZN5neml218ArrheniusParameter16expected_optionsEv
FN:56,_ZN5neml218ArrheniusParameterC2ERKNS_9OptionSetE
FN:66,_ZN5neml218ArrheniusParameter9set_valueEbbb
FNDA:3,_ZN5neml218ArrheniusParameterC2ERKNS_9OptionSetE
FNDA:38,_ZN5neml218ArrheniusParameter9set_valueEbbb
FNDA:6,_ZN5neml218ArrheniusParameter16expected_optionsEv
FNF:3
FNH:3
DA:33,6
DA:35,6
DA:36,6
DA:39,6
DA:41,6
DA:42,6
DA:44,6
DA:45,6
DA:47,6
DA:48,6
DA:50,6
DA:51,6
DA:53,6
DA:54,0
DA:56,3
DA:58,3
DA:59,3
DA:60,3
DA:61,6
DA:63,3
DA:66,38
DA:68,76
DA:70,38
DA:71,32
DA:73,38
DA:74,38
DA:76,28
DA:78,14
DA:79,12
DA:81,14
DA:82,6
DA:83,14
DA:84,38
LF:33
LH:32
end_of_record
TN:
SF:/home/runner/work/neml2/neml2/src/neml2/models/BackwardEulerTimeIntegration.cxx
FN:35,_ZN5neml228BackwardEulerTimeIntegrationINS_3SR2EE16expected_optionsEv
FN:35,_ZN5neml228BackwardEulerTimeIntegrationINS_6ScalarEE16expected_optionsEv
FN:35,_ZN5neml228BackwardEulerTimeIntegrationINS_3VecEE16expected_optionsEv
FN:59,_ZN5neml228BackwardEulerTimeIntegrationINS_3VecEEC2ERKNS_9OptionSetE
FN:59,_ZN5neml228BackwardEulerTimeIntegrationINS_3SR2EEC2ERKNS_9OptionSetE
FN:59,_ZN5neml228BackwardEulerTimeIntegrationINS_6ScalarEEC2ERKNS_9OptionSetE
FN:74,_ZNK5neml228BackwardEulerTimeIntegrationINS_3VecEE8diagnoseERSt6vectorINS_9DiagnosisESaIS4_EE
FN:74,_ZNK5neml228BackwardEulerTimeIntegrationINS_6ScalarEE8diagnoseERSt6vectorINS_9DiagnosisESaIS4_EE
FN:74,_ZNK5neml228BackwardEulerTimeIntegrationINS_3SR2EE8diagnoseERSt6vectorINS_9DiagnosisESaIS4_EE
FN:84,_ZN5neml228BackwardEulerTimeIntegrationINS_3VecEE9set_valueEbbb
FN:84,_ZN5neml228BackwardEulerTimeIntegrationINS_6ScalarEE9set_valueEbbb
FN:84,_ZN5neml228BackwardEulerTimeIntegrationINS_3SR2EE9set_valueEbbb
FNDA:6,_ZN5neml228BackwardEulerTimeIntegrationINS_3VecEE16expected_optionsEv
FNDA:6,_ZN5neml228BackwardEulerTimeIntegrationINS_6ScalarEE16expected_optionsEv
FNDA:6,_ZN5neml228BackwardEulerTimeIntegrationINS_3SR2EE16expected_optionsEv
FNDA:2612,_ZN5neml228BackwardEulerTimeIntegrationINS_3SR2EE9set_valueEbbb
FNDA:6,_ZNK5neml228BackwardEulerTimeIntegrationINS_3SR2EE8diagnoseERSt6vectorINS_9DiagnosisESaIS4_EE
FNDA:30,_ZN5neml228BackwardEulerTimeIntegrationINS_6ScalarEEC2ERKNS_9OptionSetE
FNDA:4,_ZNK5neml228BackwardEulerTimeIntegrationINS_6ScalarEE8diagnoseERSt6vectorINS_9DiagnosisESaIS4_EE
FNDA:13,_ZN5neml228BackwardEulerTimeIntegrationINS_3SR2EEC2ERKNS_9OptionSetE
FNDA:3949,_ZN5neml228BackwardEulerTimeIntegrationINS_6ScalarEE9set_valueEbbb
FNDA:0,_ZN5neml228BackwardEulerTimeIntegrationINS_3VecEE9set_valueEbbb
FNDA:0,_ZNK5neml228BackwardEulerTimeIntegrationINS_3VecEE8diagnoseERSt6vectorINS_9DiagnosisESaIS4_EE
FNDA:0,_ZN5neml228BackwardEulerTimeIntegrationINS_3VecEEC2ERKNS_9OptionSetE
FNF:12
FNH:9
DA:35,18
DA:37,18
DA:38,18
DA:44,18
DA:46,18
DA:47,18
DA:49,18
DA:50,18
DA:52,18
DA:53,18
DA:55,18
DA:56,0
DA:59,43
DA:61,43
DA:62,43
DA:63,86
DA:64,45
DA:65,2
DA:66,43
DA:67,43
DA:68,86
DA:70,43
DA:74,10
DA:76,10
DA:77,10
DA:78,10
DA:79,10
DA:80,10
DA:84,6561
DA:86,6561
DA:88,6561
DA:89,6559
DA:91,6561
DA:93,2970
DA:95,2970
DA:96,2970
DA:98,2970
DA:99,2922
DA:101,48
DA:102,48
DA:103,48
DA:104,2970
LF:42
LH:41
end_of_record
TN:
SF:/home/runner/work/neml2/neml2/src/neml2/models/BufferStore.cxx
FN:29,_ZN5neml211BufferStoreC2ERKNS_9OptionSetEPNS_11NEML2ObjectE
FN:36,_ZN5neml211BufferStore13named_buffersEv
FN:44,_ZN5neml211BufferStore15send_buffers_toERKN3c1013TensorOptionsE
FNDA:631,_ZN5neml211BufferStoreC2ERKNS_9OptionSetEPNS_11NEML2ObjectE
FNDA:0,_ZN5neml211BufferStore13named_buffersEv
FNDA:443,_ZN5neml211BufferStore15send_buffers_toERKN3c1013TensorOptionsE
FNF:3
FNH:2
DA:29,631
DA:30,631
DA:31,631
DA:33,631
DA:36,0
DA:38,0
DA:40,0
DA:44,443
DA:46,443
DA:48,761
DA:49,318
DA:50,443
LF:12
LH:9
end_of_record
TN:
SF:/home/runner/work/neml2/neml2/src/neml2/models/ComposedModel.cxx
FN:34,_ZN5neml213ComposedModel16expected_optionsEv
FN:64,_ZN5neml213ComposedModelC2ERKNS_9OptionSetE
FN:151,_ZN5neml213ComposedModel5setupEv
FN:183,_ZNK5neml213ComposedModel11consolidateERKSt3mapIN2at8indexing11TensorIndexESt4pairIS4_PNS_5ModelEENS_11LabeledAxis16AssemblySliceCmpESaIS5_IKS4_S8_EEE
FN:230,_ZNK5neml213ComposedModel19check_AD_limitationEv
FN:239,_ZNK5neml213ComposedModel26named_nonlinear_parametersEb
FN:245,_ZNK5neml213ComposedModel32named_nonlinear_parameter_modelsEb
FN:251,_ZN5neml213ComposedModel18allocate_variablesEbb
FN:277,_ZN5neml213ComposedModel18setup_output_viewsEv
FN:303,_ZN5neml213ComposedModel26setup_submodel_input_viewsEPNS_13VariableStoreE
FN:323,_ZN5neml213ComposedModel9set_valueEbbb
FN:351,_ZN5neml213ComposedModel15set_value_asyncEPNS_5ModelEbbb
FN:382,_ZNK5neml213ComposedModel18rethrow_exceptionsEv
FN:403,_ZN5neml213ComposedModel16apply_chain_ruleEPNS_5ModelE
FN:414,_ZN5neml213ComposedModel29apply_second_order_chain_ruleEPNS_5ModelE
FNDA:20575,_ZN5neml213ComposedModel15set_value_asyncEPNS_5ModelEbbb
FNDA:3983,_ZNK5neml213ComposedModel18rethrow_exceptionsEv
FNDA:6,_ZN5neml213ComposedModel16expected_optionsEv
FNDA:28,_ZNK5neml213ComposedModel32named_nonlinear_parameter_modelsEb
FNDA:3983,_ZN5neml213ComposedModel9set_valueEbbb
FNDA:102,_ZN5neml213ComposedModelC2ERKNS_9OptionSetE
FNDA:1920,_ZN5neml213ComposedModel26setup_submodel_input_viewsEPNS_13VariableStoreE
FNDA:102,_ZN5neml213ComposedModel5setupEv
FNDA:1920,_ZN5neml213ComposedModel18allocate_variablesEbb
FNDA:2016,_ZNK5neml213ComposedModel19check_AD_limitationEv
FNDA:8052,_ZN5neml213ComposedModel16apply_chain_ruleEPNS_5ModelE
FNDA:349,_ZNK5neml213ComposedModel11consolidateERKSt3mapIN2at8indexing11TensorIndexESt4pairIS4_PNS_5ModelEENS_11LabeledAxis16AssemblySliceCmpESaIS5_IKS4_S8_EEE
FNDA:14,_ZNK5neml213ComposedModel26named_nonlinear_parametersEb
FNDA:623,_ZN5neml213ComposedModel29apply_second_order_chain_ruleEPNS_5ModelE
FNDA:1920,_ZN5neml213ComposedModel18setup_output_viewsEv
FNF:15
FNH:15
DA:34,6
DA:36,6
DA:37,6
DA:40,6
DA:42,6
DA:44,6
DA:45,6
DA:47,6
DA:48,12
DA:50,6
DA:52,6
DA:53,12
DA:55,6
DA:57,6
DA:58,12
DA:59,6
DA:61,6
DA:62,0
DA:64,102
DA:66,102
DA:67,204
DA:72,344
DA:73,242
DA:83,102
DA:84,102
DA:85,344
DA:86,349
DA:87,349
DA:90,451
DA:91,349
DA:92,104
DA:93,2
DA:96,204
DA:97,102
DA:98,102
DA:99,0
DA:102,102
DA:103,102
DA:104,102
DA:107,102
DA:110,657
DA:112,555
DA:113,555
DA:114,555
DA:116,555
DA:117,104
DA:122,451
DA:123,555
DA:126,236
DA:128,134
DA:129,134
DA:130,134
DA:131,134
DA:135,134
DA:136,134
DA:139,344
DA:141,349
DA:142,107
DA:143,242
DA:144,349
DA:145,107
DA:146,242
DA:148,102
DA:151,102
DA:153,102
DA:156,451
DA:158,349
DA:160,1171
DA:162,822
DA:163,822
DA:165,572
DA:166,572
DA:167,572
DA:169,822
DA:170,1284
DA:171,795
DA:173,267
DA:174,267
DA:175,267
DA:176,1171
DA:178,349
DA:179,349
DA:180,102
DA:183,349
DA:185,349
DA:186,349
DA:187,4
DA:190,345
DA:191,345
DA:192,345
DA:193,1167
DA:195,822
DA:196,822
DA:197,822
DA:201,1035
DA:202,1035
DA:203,345
DA:204,822
DA:206,477
DA:207,477
DA:209,477
DA:211,180
DA:212,180
DA:217,297
DA:218,297
DA:219,297
DA:224,987
DA:225,642
DA:226,345
DA:227,345
DA:230,2016
DA:232,2016
DA:233,0
DA:235,0
DA:236,2016
DA:239,14
DA:241,14
DA:245,28
DA:247,28
DA:251,1920
DA:253,1920
DA:255,1920
DA:257,1920
DA:259,1829
DA:260,8345
DA:261,6516
DA:262,13032
DA:265,1920
DA:267,1005
DA:268,670
DA:269,1374
DA:270,3117
DA:271,2078
DA:274,1920
DA:277,1920
DA:279,1920
DA:281,8704
DA:284,6784
DA:286,6516
DA:287,26894
DA:288,40756
DA:292,6784
DA:294,1039
DA:295,2535
DA:296,2992
DA:297,4488
DA:300,1920
DA:303,1920
DA:305,8704
DA:307,85849
DA:308,79065
DA:309,20162
DA:311,26796
DA:312,20012
DA:314,4963
DA:315,4963
DA:318,6784
DA:320,1920
DA:323,3983
DA:325,3983
DA:326,3983
DA:327,24558
DA:328,41150
DA:329,61725
DA:331,24558
DA:332,20575
DA:335,3983
DA:337,12379
DA:339,8396
DA:340,4903
DA:342,8396
DA:343,3753
DA:345,8396
DA:346,227
DA:348,3983
DA:351,20575
DA:356,20575
DA:357,33588
DA:358,19020
DA:360,20575
DA:361,11900
DA:362,8675
DA:363,8052
DA:364,623
DA:365,623
DA:367,0
DA:369,20575
DA:370,8052
DA:372,20575
DA:373,623
DA:375,0
DA:377,0
DA:378,0
DA:379,20575
DA:382,3983
DA:384,3983
DA:386,0
DA:387,0
DA:390,0
DA:392,0
DA:394,0
DA:396,0
DA:397,0
DA:398,0
DA:399,0
DA:400,3983
DA:403,8052
DA:405,8052
DA:406,0
DA:409,8052
DA:410,8052
DA:411,8052
DA:414,623
DA:416,623
DA:417,0
DA:420,623
DA:421,623
DA:422,1246
DA:423,623
DA:424,1246
DA:425,1246
DA:426,623
LF:222
LH:203
end_of_record
TN:
SF:/home/runner/work/neml2/neml2/src/neml2/models/ConstantParameter.cxx
FN:34,_ZN5neml217ConstantParameterINS_3VecEE16expected_optionsEv
FN:34,_ZN5neml217ConstantParameterINS_2R8EE16expected_optionsEv
FN:34,_ZN5neml217ConstantParameterINS_2R2EE16expected_optionsEv
FN:34,_ZN5neml217ConstantParameterINS_6SSSSR8EE16expected_optionsEv
FN:34,_ZN5neml217ConstantParameterINS_3SR2EE16expected_optionsEv
FN:34,_ZN5neml217ConstantParameterINS_3WR2EE16expected_optionsEv
FN:34,_ZN5neml217ConstantParameterINS_10QuaternionEE16expected_optionsEv
FN:34,_ZN5neml217ConstantParameterINS_4SWR4EE16expected_optionsEv
FN:34,_ZN5neml217ConstantParameterINS_5SSFR5EE16expected_optionsEv
FN:34,_ZN5neml217ConstantParameterINS_6ScalarEE16expected_optionsEv
FN:34,_ZN5neml217ConstantParameterINS_2R5EE16expected_optionsEv
FN:34,_ZN5neml217ConstantParameterINS_2R3EE16expected_optionsEv
FN:34,_ZN5neml217ConstantParameterINS_4SFR3EE16expected_optionsEv
FN:34,_ZN5neml217ConstantParameterINS_3RotEE16expected_optionsEv
FN:34,_ZN5neml217ConstantParameterINS_4WWR4EE16expected_optionsEv
FN:34,_ZN5neml217ConstantParameterINS_4SSR4EE16expected_optionsEv
FN:34,_ZN5neml217ConstantParameterINS_2R4EE16expected_optionsEv
FN:34,_ZN5neml217ConstantParameterINS_5SFFR4EE16expected_optionsEv
FN:34,_ZN5neml217ConstantParameterINS_11MillerIndexEE16expected_optionsEv
FN:34,_ZN5neml217ConstantParameterINS_4WSR4EE16expected_optionsEv
FN:46,_ZN5neml217ConstantParameterINS_5SFFR4EEC2ERKNS_9OptionSetE
FN:46,_ZN5neml217ConstantParameterINS_6SSSSR8EEC2ERKNS_9OptionSetE
FN:46,_ZN5neml217ConstantParameterINS_3WR2EEC2ERKNS_9OptionSetE
FN:46,_ZN5neml217ConstantParameterINS_4SSR4EEC2ERKNS_9OptionSetE
FN:46,_ZN5neml217ConstantParameterINS_4SWR4EEC2ERKNS_9OptionSetE
FN:46,_ZN5neml217ConstantParameterINS_4WSR4EEC2ERKNS_9OptionSetE
FN:46,_ZN5neml217ConstantParameterINS_5SSFR5EEC2ERKNS_9OptionSetE
FN:46,_ZN5neml217ConstantParameterINS_2R2EEC2ERKNS_9OptionSetE
FN:46,_ZN5neml217ConstantParameterINS_3RotEEC2ERKNS_9OptionSetE
FN:46,_ZN5neml217ConstantParameterINS_4SFR3EEC2ERKNS_9OptionSetE
FN:46,_ZN5neml217ConstantParameterINS_2R5EEC2ERKNS_9OptionSetE
FN:46,_ZN5neml217ConstantParameterINS_3SR2EEC2ERKNS_9OptionSetE
FN:46,_ZN5neml217ConstantParameterINS_11MillerIndexEEC2ERKNS_9OptionSetE
FN:46,_ZN5neml217ConstantParameterINS_10QuaternionEEC2ERKNS_9OptionSetE
FN:46,_ZN5neml217ConstantParameterINS_2R4EEC2ERKNS_9OptionSetE
FN:46,_ZN5neml217ConstantParameterINS_4WWR4EEC2ERKNS_9OptionSetE
FN:46,_ZN5neml217ConstantParameterINS_2R8EEC2ERKNS_9OptionSetE
FN:46,_ZN5neml217ConstantParameterINS_2R3EEC2ERKNS_9OptionSetE
FN:46,_ZN5neml217ConstantParameterINS_3VecEEC2ERKNS_9OptionSetE
FN:46,_ZN5neml217ConstantParameterINS_6ScalarEEC2ERKNS_9OptionSetE
FN:54,_ZN5neml217ConstantParameterINS_4SSR4EE9set_valueEbbb
FN:54,_ZN5neml217ConstantParameterINS_3RotEE9set_valueEbbb
FN:54,_ZN5neml217ConstantParameterINS_11MillerIndexEE9set_valueEbbb
FN:54,_ZN5neml217ConstantParameterINS_2R5EE9set_valueEbbb
FN:54,_ZN5neml217ConstantParameterINS_5SSFR5EE9set_valueEbbb
FN:54,_ZN5neml217ConstantParameterINS_3WR2EE9set_valueEbbb
FN:54,_ZN5neml217ConstantParameterINS_4SFR3EE9set_valueEbbb
FN:54,_ZN5neml217ConstantParameterINS_6ScalarEE9set_valueEbbb
FN:54,_ZN5neml217ConstantParameterINS_4WSR4EE9set_valueEbbb
FN:54,_ZN5neml217ConstantParameterINS_4WWR4EE9set_valueEbbb
FN:54,_ZN5neml217ConstantParameterINS_6SSSSR8EE9set_valueEbbb
FN:54,_ZN5neml217ConstantParameterINS_3SR2EE9set_valueEbbb
FN:54,_ZN5neml217ConstantParameterINS_2R4EE9set_valueEbbb
FN:54,_ZN5neml217ConstantParameterINS_2R2EE9set_valueEbbb
FN:54,_ZN5neml217ConstantParameterINS_2R3EE9set_valueEbbb
FN:54,_ZN5neml217ConstantParameterINS_2R8EE9set_valueEbbb
FN:54,_ZN5neml217ConstantParameterINS_3VecEE9set_valueEbbb
FN:54,_ZN5neml217ConstantParameterINS_5SFFR4EE9set_valueEbbb
FN:54,_ZN5neml217ConstantParameterINS_4SWR4EE9set_valueEbbb
FN:54,_ZN5neml217ConstantParameterINS_10QuaternionEE9set_valueEbbb
FNDA:6,_ZN5neml217ConstantParameterINS_11MillerIndexEE16expected_optionsEv
FNDA:5,_ZN5neml217ConstantParameterINS_6ScalarEEC2ERKNS_9OptionSetE
FNDA:6,_ZN5neml217ConstantParameterINS_4WSR4EE16expected_optionsEv
FNDA:0,_ZN5neml217ConstantParameterINS_2R3EEC2ERKNS_9OptionSetE
FNDA:6,_ZN5neml217ConstantParameterINS_2R4EE16expected_optionsEv
FNDA:6,_ZN5neml217ConstantParameterINS_5SFFR4EE16expected_optionsEv
FNDA:0,_ZN5neml217ConstantParameterINS_3VecEEC2ERKNS_9OptionSetE
FNDA:0,_ZN5neml217ConstantParameterINS_10QuaternionEE9set_valueEbbb
FNDA:0,_ZN5neml217ConstantParameterINS_2R8EEC2ERKNS_9OptionSetE
FNDA:0,_ZN5neml217ConstantParameterINS_4SWR4EE9set_valueEbbb
FNDA:6,_ZN5neml217ConstantParameterINS_4SSR4EE16expected_optionsEv
FNDA:0,_ZN5neml217ConstantParameterINS_4WWR4EEC2ERKNS_9OptionSetE
FNDA:0,_ZN5neml217ConstantParameterINS_2R4EEC2ERKNS_9OptionSetE
FNDA:0,_ZN5neml217ConstantParameterINS_10QuaternionEEC2ERKNS_9OptionSetE
FNDA:0,_ZN5neml217ConstantParameterINS_11MillerIndexEEC2ERKNS_9OptionSetE
FNDA:6,_ZN5neml217ConstantParameterINS_4WWR4EE16expected_optionsEv
FNDA:0,_ZN5neml217ConstantParameterINS_2R5EEC2ERKNS_9OptionSetE
FNDA:2,_ZN5neml217ConstantParameterINS_3SR2EEC2ERKNS_9OptionSetE
FNDA:6,_ZN5neml217ConstantParameterINS_3RotEE16expected_optionsEv
FNDA:0,_ZN5neml217ConstantParameterINS_5SFFR4EE9set_valueEbbb
FNDA:6,_ZN5neml217ConstantParameterINS_4SFR3EE16expected_optionsEv
FNDA:6,_ZN5neml217ConstantParameterINS_2R3EE16expected_optionsEv
FNDA:0,_ZN5neml217ConstantParameterINS_2R8EE9set_valueEbbb
FNDA:0,_ZN5neml217ConstantParameterINS_2R3EE9set_valueEbbb
FNDA:0,_ZN5neml217ConstantParameterINS_3VecEE9set_valueEbbb
FNDA:0,_ZN5neml217ConstantParameterINS_4SFR3EEC2ERKNS_9OptionSetE
FNDA:0,_ZN5neml217ConstantParameterINS_2R4EE9set_valueEbbb
FNDA:0,_ZN5neml217ConstantParameterINS_2R2EE9set_valueEbbb
FNDA:6,_ZN5neml217ConstantParameterINS_2R5EE16expected_optionsEv
FNDA:6,_ZN5neml217ConstantParameterINS_6ScalarEE16expected_optionsEv
FNDA:6,_ZN5neml217ConstantParameterINS_4SWR4EE16expected_optionsEv
FNDA:27,_ZN5neml217ConstantParameterINS_3SR2EE9set_valueEbbb
FNDA:6,_ZN5neml217ConstantParameterINS_5SSFR5EE16expected_optionsEv
FNDA:0,_ZN5neml217ConstantParameterINS_6SSSSR8EE9set_valueEbbb
FNDA:0,_ZN5neml217ConstantParameterINS_4WWR4EE9set_valueEbbb
FNDA:6,_ZN5neml217ConstantParameterINS_10QuaternionEE16expected_optionsEv
FNDA:0,_ZN5neml217ConstantParameterINS_3RotEEC2ERKNS_9OptionSetE
FNDA:0,_ZN5neml217ConstantParameterINS_5SSFR5EEC2ERKNS_9OptionSetE
FNDA:0,_ZN5neml217ConstantParameterINS_4WSR4EE9set_valueEbbb
FNDA:0,_ZN5neml217ConstantParameterINS_2R2EEC2ERKNS_9OptionSetE
FNDA:6,_ZN5neml217ConstantParameterINS_3WR2EE16expected_optionsEv
FNDA:0,_ZN5neml217ConstantParameterINS_4WSR4EEC2ERKNS_9OptionSetE
FNDA:22,_ZN5neml217ConstantParameterINS_6ScalarEE9set_valueEbbb
FNDA:0,_ZN5neml217ConstantParameterINS_4SFR3EE9set_valueEbbb
FNDA:0,_ZN5neml217ConstantParameterINS_4SSR4EEC2ERKNS_9OptionSetE
FNDA:0,_ZN5neml217ConstantParameterINS_4SWR4EEC2ERKNS_9OptionSetE
FNDA:6,_ZN5neml217ConstantParameterINS_3SR2EE16expected_optionsEv
FNDA:0,_ZN5neml217ConstantParameterINS_3WR2EE9set_valueEbbb
FNDA:6,_ZN5neml217ConstantParameterINS_6SSSSR8EE16expected_optionsEv
FNDA:0,_ZN5neml217ConstantParameterINS_5SSFR5EE9set_valueEbbb
FNDA:0,_ZN5neml217ConstantParameterINS_2R5EE9set_valueEbbb
FNDA:0,_ZN5neml217ConstantParameterINS_3WR2EEC2ERKNS_9OptionSetE
FNDA:6,_ZN5neml217ConstantParameterINS_2R2EE16expected_optionsEv
FNDA:0,_ZN5neml217ConstantParameterINS_6SSSSR8EEC2ERKNS_9OptionSetE
FNDA:0,_ZN5neml217ConstantParameterINS_11MillerIndexEE9set_valueEbbb
FNDA:0,_ZN5neml217ConstantParameterINS_3RotEE9set_valueEbbb
FNDA:0,_ZN5neml217ConstantParameterINS_4SSR4EE9set_valueEbbb
FNDA:6,_ZN5neml217ConstantParameterINS_2R8EE16expected_optionsEv
FNDA:6,_ZN5neml217ConstantParameterINS_3VecEE16expected_optionsEv
FNDA:0,_ZN5neml217ConstantParameterINS_5SFFR4EEC2ERKNS_9OptionSetE
FNF:60
FNH:24
DA:34,120
DA:36,120
DA:37,120
DA:40,120
DA:41,120
DA:42,120
DA:43,0
DA:46,7
DA:48,7
DA:50,7
DA:54,49
DA:56,49
DA:57,37
DA:59,49
DA:60,20
DA:61,0
DA:65,49
LF:17
LH:15
end_of_record
TN:
SF:/home/runner/work/neml2/neml2/src/neml2/models/CopyVariable.cxx
FN:34,_ZN5neml212CopyVariableINS_4WSR4EE16expected_optionsEv
FN:34,_ZN5neml212CopyVariableINS_2R3EE16expected_optionsEv
FN:34,_ZN5neml212CopyVariableINS_10QuaternionEE16expected_optionsEv
FN:34,_ZN5neml212CopyVariableINS_2R5EE16expected_optionsEv
FN:34,_ZN5neml212CopyVariableINS_2R4EE16expected_optionsEv
FN:34,_ZN5neml212CopyVariableINS_4SWR4EE16expected_optionsEv
FN:34,_ZN5neml212CopyVariableINS_2R2EE16expected_optionsEv
FN:34,_ZN5neml212CopyVariableINS_3WR2EE16expected_optionsEv
FN:34,_ZN5neml212CopyVariableINS_5SFFR4EE16expected_optionsEv
FN:34,_ZN5neml212CopyVariableINS_4WWR4EE16expected_optionsEv
FN:34,_ZN5neml212CopyVariableINS_3VecEE16expected_optionsEv
FN:34,_ZN5neml212CopyVariableINS_6SSSSR8EE16expected_optionsEv
FN:34,_ZN5neml212CopyVariableINS_4SFR3EE16expected_optionsEv
FN:34,_ZN5neml212CopyVariableINS_11MillerIndexEE16expected_optionsEv
FN:34,_ZN5neml212CopyVariableINS_2R8EE16expected_optionsEv
FN:34,_ZN5neml212CopyVariableINS_3SR2EE16expected_optionsEv
FN:34,_ZN5neml212CopyVariableINS_3RotEE16expected_optionsEv
FN:34,_ZN5neml212CopyVariableINS_5SSFR5EE16expected_optionsEv
FN:34,_ZN5neml212CopyVariableINS_6ScalarEE16expected_optionsEv
FN:34,_ZN5neml212CopyVariableINS_4SSR4EE16expected_optionsEv
FN:49,_ZN5neml212CopyVariableINS_2R8EEC2ERKNS_9OptionSetE
FN:49,_ZN5neml212CopyVariableINS_4SFR3EEC2ERKNS_9OptionSetE
FN:49,_ZN5neml212CopyVariableINS_6SSSSR8EEC2ERKNS_9OptionSetE
FN:49,_ZN5neml212CopyVariableINS_2R5EEC2ERKNS_9OptionSetE
FN:49,_ZN5neml212CopyVariableINS_11MillerIndexEEC2ERKNS_9OptionSetE
FN:49,_ZN5neml212CopyVariableINS_5SFFR4EEC2ERKNS_9OptionSetE
FN:49,_ZN5neml212CopyVariableINS_4WSR4EEC2ERKNS_9OptionSetE
FN:49,_ZN5neml212CopyVariableINS_10QuaternionEEC2ERKNS_9OptionSetE
FN:49,_ZN5neml212CopyVariableINS_6ScalarEEC2ERKNS_9OptionSetE
FN:49,_ZN5neml212CopyVariableINS_3VecEEC2ERKNS_9OptionSetE
FN:49,_ZN5neml212CopyVariableINS_4SWR4EEC2ERKNS_9OptionSetE
FN:49,_ZN5neml212CopyVariableINS_4SSR4EEC2ERKNS_9OptionSetE
FN:49,_ZN5neml212CopyVariableINS_4WWR4EEC2ERKNS_9OptionSetE
FN:49,_ZN5neml212CopyVariableINS_2R4EEC2ERKNS_9OptionSetE
FN:49,_ZN5neml212CopyVariableINS_3SR2EEC2ERKNS_9OptionSetE
FN:49,_ZN5neml212CopyVariableINS_2R2EEC2ERKNS_9OptionSetE
FN:49,_ZN5neml212CopyVariableINS_5SSFR5EEC2ERKNS_9OptionSetE
FN:49,_ZN5neml212CopyVariableINS_3WR2EEC2ERKNS_9OptionSetE
FN:49,_ZN5neml212CopyVariableINS_3RotEEC2ERKNS_9OptionSetE
FN:49,_ZN5neml212CopyVariableINS_2R3EEC2ERKNS_9OptionSetE
FN:58,_ZN5neml212CopyVariableINS_4WWR4EE9set_valueEbbb
FN:58,_ZN5neml212CopyVariableINS_11MillerIndexEE9set_valueEbbb
FN:58,_ZN5neml212CopyVariableINS_2R4EE9set_valueEbbb
FN:58,_ZN5neml212CopyVariableINS_5SSFR5EE9set_valueEbbb
FN:58,_ZN5neml212CopyVariableINS_6SSSSR8EE9set_valueEbbb
FN:58,_ZN5neml212CopyVariableINS_6ScalarEE9set_valueEbbb
FN:58,_ZN5neml212CopyVariableINS_2R8EE9set_valueEbbb
FN:58,_ZN5neml212CopyVariableINS_2R5EE9set_valueEbbb
FN:58,_ZN5neml212CopyVariableINS_3VecEE9set_valueEbbb
FN:58,_ZN5neml212CopyVariableINS_4SWR4EE9set_valueEbbb
FN:58,_ZN5neml212CopyVariableINS_3RotEE9set_valueEbbb
FN:58,_ZN5neml212CopyVariableINS_2R2EE9set_valueEbbb
FN:58,_ZN5neml212CopyVariableINS_3WR2EE9set_valueEbbb
FN:58,_ZN5neml212CopyVariableINS_4SSR4EE9set_valueEbbb
FN:58,_ZN5neml212CopyVariableINS_2R3EE9set_valueEbbb
FN:58,_ZN5neml212CopyVariableINS_4SFR3EE9set_valueEbbb
FN:58,_ZN5neml212CopyVariableINS_3SR2EE9set_valueEbbb
FN:58,_ZN5neml212CopyVariableINS_4WSR4EE9set_valueEbbb
FN:58,_ZN5neml212CopyVariableINS_10QuaternionEE9set_valueEbbb
FN:58,_ZN5neml212CopyVariableINS_5SFFR4EE9set_valueEbbb
FNDA:6,_ZN5neml212CopyVariableINS_2R4EE16expected_optionsEv
FNDA:6,_ZN5neml212CopyVariableINS_2R5EE16expected_optionsEv
FNDA:0,_ZN5neml212CopyVariableINS_11MillerIndexEE9set_valueEbbb
FNDA:6,_ZN5neml212CopyVariableINS_10QuaternionEE16expected_optionsEv
FNDA:6,_ZN5neml212CopyVariableINS_2R3EE16expected_optionsEv
FNDA:0,_ZN5neml212CopyVariableINS_6SSSSR8EEC2ERKNS_9OptionSetE
FNDA:0,_ZN5neml212CopyVariableINS_2R5EEC2ERKNS_9OptionSetE
FNDA:0,_ZN5neml212CopyVariableINS_4SFR3EEC2ERKNS_9OptionSetE
FNDA:6,_ZN5neml212CopyVariableINS_4WSR4EE16expected_optionsEv
FNDA:0,_ZN5neml212CopyVariableINS_4WWR4EE9set_valueEbbb
FNDA:0,_ZN5neml212CopyVariableINS_2R8EEC2ERKNS_9OptionSetE
FNDA:0,_ZN5neml212CopyVariableINS_6SSSSR8EE9set_valueEbbb
FNDA:6,_ZN5neml212CopyVariableINS_5SFFR4EE16expected_optionsEv
FNDA:6,_ZN5neml212CopyVariableINS_3WR2EE16expected_optionsEv
FNDA:0,_ZN5neml212CopyVariableINS_11MillerIndexEEC2ERKNS_9OptionSetE
FNDA:6,_ZN5neml212CopyVariableINS_2R2EE16expected_optionsEv
FNDA:0,_ZN5neml212CopyVariableINS_5SSFR5EE9set_valueEbbb
FNDA:6,_ZN5neml212CopyVariableINS_4SWR4EE16expected_optionsEv
FNDA:0,_ZN5neml212CopyVariableINS_2R4EE9set_valueEbbb
FNDA:0,_ZN5neml212CopyVariableINS_2R5EE9set_valueEbbb
FNDA:0,_ZN5neml212CopyVariableINS_2R8EE9set_valueEbbb
FNDA:0,_ZN5neml212CopyVariableINS_5SFFR4EEC2ERKNS_9OptionSetE
FNDA:0,_ZN5neml212CopyVariableINS_6ScalarEE9set_valueEbbb
FNDA:0,_ZN5neml212CopyVariableINS_10QuaternionEEC2ERKNS_9OptionSetE
FNDA:0,_ZN5neml212CopyVariableINS_3RotEE9set_valueEbbb
FNDA:6,_ZN5neml212CopyVariableINS_3VecEE16expected_optionsEv
FNDA:0,_ZN5neml212CopyVariableINS_2R2EE9set_valueEbbb
FNDA:0,_ZN5neml212CopyVariableINS_4SWR4EE9set_valueEbbb
FNDA:6,_ZN5neml212CopyVariableINS_4WWR4EE16expected_optionsEv
FNDA:0,_ZN5neml212CopyVariableINS_4WSR4EEC2ERKNS_9OptionSetE
FNDA:0,_ZN5neml212CopyVariableINS_3VecEE9set_valueEbbb
FNDA:0,_ZN5neml212CopyVariableINS_3WR2EE9set_valueEbbb
FNDA:6,_ZN5neml212CopyVariableINS_6SSSSR8EE16expected_optionsEv
FNDA:0,_ZN5neml212CopyVariableINS_4SSR4EEC2ERKNS_9OptionSetE
FNDA:0,_ZN5neml212CopyVariableINS_4SWR4EEC2ERKNS_9OptionSetE
FNDA:0,_ZN5neml212CopyVariableINS_3VecEEC2ERKNS_9OptionSetE
FNDA:3,_ZN5neml212CopyVariableINS_6ScalarEEC2ERKNS_9OptionSetE
FNDA:0,_ZN5neml212CopyVariableINS_2R3EE9set_valueEbbb
FNDA:6,_ZN5neml212CopyVariableINS_3SR2EE16expected_optionsEv
FNDA:0,_ZN5neml212CopyVariableINS_2R4EEC2ERKNS_9OptionSetE
FNDA:0,_ZN5neml212CopyVariableINS_4WWR4EEC2ERKNS_9OptionSetE
FNDA:0,_ZN5neml212CopyVariableINS_4SSR4EE9set_valueEbbb
FNDA:6,_ZN5neml212CopyVariableINS_2R8EE16expected_optionsEv
FNDA:6,_ZN5neml212CopyVariableINS_11MillerIndexEE16expected_optionsEv
FNDA:6,_ZN5neml212CopyVariableINS_4SFR3EE16expected_optionsEv
FNDA:6,_ZN5neml212CopyVariableINS_5SSFR5EE16expected_optionsEv
FNDA:171,_ZN5neml212CopyVariableINS_3SR2EE9set_valueEbbb
FNDA:6,_ZN5neml212CopyVariableINS_3RotEE16expected_optionsEv
FNDA:0,_ZN5neml212CopyVariableINS_3WR2EEC2ERKNS_9OptionSetE
FNDA:0,_ZN5neml212CopyVariableINS_5SSFR5EEC2ERKNS_9OptionSetE
FNDA:0,_ZN5neml212CopyVariableINS_2R2EEC2ERKNS_9OptionSetE
FNDA:0,_ZN5neml212CopyVariableINS_4SFR3EE9set_valueEbbb
FNDA:1,_ZN5neml212CopyVariableINS_3SR2EEC2ERKNS_9OptionSetE
FNDA:0,_ZN5neml212CopyVariableINS_5SFFR4EE9set_valueEbbb
FNDA:0,_ZN5neml212CopyVariableINS_4WSR4EE9set_valueEbbb
FNDA:0,_ZN5neml212CopyVariableINS_2R3EEC2ERKNS_9OptionSetE
FNDA:0,_ZN5neml212CopyVariableINS_10QuaternionEE9set_valueEbbb
FNDA:0,_ZN5neml212CopyVariableINS_3RotEEC2ERKNS_9OptionSetE
FNDA:6,_ZN5neml212CopyVariableINS_4SSR4EE16expected_optionsEv
FNDA:6,_ZN5neml212CopyVariableINS_6ScalarEE16expected_optionsEv
FNF:60
FNH:23
DA:34,120
DA:36,120
DA:37,120
DA:39,120
DA:40,120
DA:42,120
DA:43,120
DA:45,120
DA:46,0
DA:49,4
DA:51,8
DA:52,4
DA:54,4
DA:58,171
DA:60,171
DA:61,171
DA:63,171
DA:64,171
DA:65,81
DA:71,171
LF:20
LH:19
end_of_record
TN:
SF:/home/runner/work/neml2/neml2/src/neml2/models/Data.cxx
FN:30,_ZN5neml24Data16expected_optionsEv
FN:37,_ZN5neml24DataC2ERKNS_9OptionSetE
FNDA:631,_ZN5neml24DataC2ERKNS_9OptionSetE
FNDA:786,_ZN5neml24Data16expected_optionsEv
FNF:2
FNH:2
DA:30,786
DA:32,786
DA:33,786
DA:34,786
DA:35,0
DA:37,631
DA:39,631
DA:41,631
LF:8
LH:7
end_of_record
TN:
SF:/home/runner/work/neml2/neml2/src/neml2/models/ForwardEulerTimeIntegration.cxx
FN:36,_ZN5neml227ForwardEulerTimeIntegrationINS_3SR2EE16expected_optionsEv
FN:36,_ZN5neml227ForwardEulerTimeIntegrationINS_6ScalarEE16expected_optionsEv
FN:36,_ZN5neml227ForwardEulerTimeIntegrationINS_3VecEE16expected_optionsEv
FN:58,_ZN5neml227ForwardEulerTimeIntegrationINS_3VecEEC2ERKNS_9OptionSetE
FN:58,_ZN5neml227ForwardEulerTimeIntegrationINS_6ScalarEEC2ERKNS_9OptionSetE
FN:58,_ZN5neml227ForwardEulerTimeIntegrationINS_3SR2EEC2ERKNS_9OptionSetE
FN:72,_ZNK5neml227ForwardEulerTimeIntegrationINS_6ScalarEE8diagnoseERSt6vectorINS_9DiagnosisESaIS4_EE
FN:72,_ZNK5neml227ForwardEulerTimeIntegrationINS_3VecEE8diagnoseERSt6vectorINS_9DiagnosisESaIS4_EE
FN:72,_ZNK5neml227ForwardEulerTimeIntegrationINS_3SR2EE8diagnoseERSt6vectorINS_9DiagnosisESaIS4_EE
FN:82,_ZN5neml227ForwardEulerTimeIntegrationINS_3SR2EE9set_valueEbbb
FN:82,_ZN5neml227ForwardEulerTimeIntegrationINS_6ScalarEE9set_valueEbbb
FN:82,_ZN5neml227ForwardEulerTimeIntegrationINS_3VecEE9set_valueEbbb
FNDA:3,_ZN5neml227ForwardEulerTimeIntegrationINS_3SR2EEC2ERKNS_9OptionSetE
FNDA:3,_ZNK5neml227ForwardEulerTimeIntegrationINS_3SR2EE8diagnoseERSt6vectorINS_9DiagnosisESaIS4_EE
FNDA:0,_ZN5neml227ForwardEulerTimeIntegrationINS_3VecEE9set_valueEbbb
FNDA:24,_ZN5neml227ForwardEulerTimeIntegrationINS_6ScalarEE9set_valueEbbb
FNDA:6,_ZN5neml227ForwardEulerTimeIntegrationINS_3VecEE16expected_optionsEv
FNDA:2,_ZN5neml227ForwardEulerTimeIntegrationINS_6ScalarEEC2ERKNS_9OptionSetE
FNDA:0,_ZNK5neml227ForwardEulerTimeIntegrationINS_3VecEE8diagnoseERSt6vectorINS_9DiagnosisESaIS4_EE
FNDA:6,_ZN5neml227ForwardEulerTimeIntegrationINS_6ScalarEE16expected_optionsEv
FNDA:0,_ZN5neml227ForwardEulerTimeIntegrationINS_3VecEEC2ERKNS_9OptionSetE
FNDA:27,_ZN5neml227ForwardEulerTimeIntegrationINS_3SR2EE9set_valueEbbb
FNDA:6,_ZN5neml227ForwardEulerTimeIntegrationINS_3SR2EE16expected_optionsEv
FNDA:0,_ZNK5neml227ForwardEulerTimeIntegrationINS_6ScalarEE8diagnoseERSt6vectorINS_9DiagnosisESaIS4_EE
FNF:12
FNH:8
DA:36,18
DA:38,18
DA:39,18
DA:45,18
DA:46,18
DA:48,18
DA:49,18
DA:51,18
DA:52,18
DA:54,18
DA:55,0
DA:58,5
DA:60,5
DA:61,5
DA:62,10
DA:63,5
DA:64,0
DA:65,5
DA:66,10
DA:68,5
DA:72,3
DA:74,3
DA:75,3
DA:76,3
DA:77,3
DA:78,3
DA:82,51
DA:84,51
DA:86,51
DA:87,49
DA:89,51
DA:91,4
DA:93,4
DA:95,4
DA:96,0
DA:98,4
DA:99,4
DA:100,4
DA:101,4
LF:39
LH:36
end_of_record
TN:
SF:/home/runner/work/neml2/neml2/src/neml2/models/ImplicitUpdate.cxx
FN:34,_ZN5neml214ImplicitUpdate16expected_optionsEv
FN:50,_ZN5neml214ImplicitUpdateC2ERKNS_9OptionSetE
FN:75,_ZNK5neml214ImplicitUpdate8diagnoseERSt6vectorINS_9DiagnosisESaIS2_EE
FN:101,_ZNK5neml214ImplicitUpdate19check_AD_limitationEv
FN:109,_ZN5neml214ImplicitUpdate18setup_output_viewsEv
FN:127,_ZN5neml214ImplicitUpdate9set_valueEbbb
FNDA:81,_ZN5neml214ImplicitUpdate18setup_output_viewsEv
FNDA:83,_ZNK5neml214ImplicitUpdate19check_AD_limitationEv
FNDA:12,_ZN5neml214ImplicitUpdateC2ERKNS_9OptionSetE
FNDA:142,_ZN5neml214ImplicitUpdate9set_valueEbbb
FNDA:5,_ZNK5neml214ImplicitUpdate8diagnoseERSt6vectorINS_9DiagnosisESaIS2_EE
FNDA:6,_ZN5neml214ImplicitUpdate16expected_optionsEv
FNF:6
FNH:6
DA:34,6
DA:36,6
DA:37,6
DA:38,6
DA:40,6
DA:41,12
DA:42,6
DA:44,6
DA:45,6
DA:47,6
DA:48,0
DA:50,12
DA:52,12
DA:55,24
DA:57,12
DA:59,12
DA:61,12
DA:68,43
DA:69,31
DA:70,62
DA:71,74
DA:72,12
DA:75,5
DA:77,5
DA:78,10
DA:79,5
DA:81,5
DA:82,5
DA:83,5
DA:85,5
DA:86,10
DA:87,5
DA:89,5
DA:90,15
DA:92,5
DA:95,5
DA:97,5
DA:98,5
DA:101,83
DA:103,83
DA:106,83
DA:109,81
DA:111,81
DA:113,81
DA:115,64
DA:116,192
DA:117,64
DA:118,192
DA:119,64
DA:120,192
DA:121,64
DA:122,0
DA:124,81
DA:127,142
DA:129,142
DA:132,142
DA:133,142
DA:134,142
DA:135,0
DA:139,142
DA:142,142
DA:146,142
DA:147,142
DA:148,142
DA:149,142
DA:150,142
DA:152,142
DA:153,140
DA:156,142
DA:159,8
DA:160,8
DA:161,8
DA:164,8
DA:165,8
DA:166,16
DA:167,8
DA:168,16
DA:169,8
DA:170,16
DA:171,8
DA:172,0
DA:173,8
DA:174,142
LF:83
LH:79
end_of_record
TN:
SF:/home/runner/work/neml2/neml2/src/neml2/models/InputParameter.cxx
FN:34,_ZN5neml214InputParameterINS_4SFR3EE16expected_optionsEv
FN:34,_ZN5neml214InputParameterINS_4SWR4EE16expected_optionsEv
FN:34,_ZN5neml214InputParameterINS_10QuaternionEE16expected_optionsEv
FN:34,_ZN5neml214InputParameterINS_11MillerIndexEE16expected_optionsEv
FN:34,_ZN5neml214InputParameterINS_3VecEE16expected_optionsEv
FN:34,_ZN5neml214InputParameterINS_3RotEE16expected_optionsEv
FN:34,_ZN5neml214InputParameterINS_5SSFR5EE16expected_optionsEv
FN:34,_ZN5neml214InputParameterINS_3SR2EE16expected_optionsEv
FN:34,_ZN5neml214InputParameterINS_4SSR4EE16expected_optionsEv
FN:34,_ZN5neml214InputParameterINS_2R3EE16expected_optionsEv
FN:34,_ZN5neml214InputParameterINS_4WSR4EE16expected_optionsEv
FN:34,_ZN5neml214InputParameterINS_2R8EE16expected_optionsEv
FN:34,_ZN5neml214InputParameterINS_6SSSSR8EE16expected_optionsEv
FN:34,_ZN5neml214InputParameterINS_2R4EE16expected_optionsEv
FN:34,_ZN5neml214InputParameterINS_3WR2EE16expected_optionsEv
FN:34,_ZN5neml214InputParameterINS_5SFFR4EE16expected_optionsEv
FN:34,_ZN5neml214InputParameterINS_2R2EE16expected_optionsEv
FN:34,_ZN5neml214InputParameterINS_2R5EE16expected_optionsEv
FN:34,_ZN5neml214InputParameterINS_4WWR4EE16expected_optionsEv
FN:34,_ZN5neml214InputParameterINS_6ScalarEE16expected_optionsEv
FN:45,_ZN5neml214InputParameterINS_4SSR4EEC2ERKNS_9OptionSetE
FN:45,_ZN5neml214InputParameterINS_4SFR3EEC2ERKNS_9OptionSetE
FN:45,_ZN5neml214InputParameterINS_4SWR4EEC2ERKNS_9OptionSetE
FN:45,_ZN5neml214InputParameterINS_6ScalarEEC2ERKNS_9OptionSetE
FN:45,_ZN5neml214InputParameterINS_3WR2EEC2ERKNS_9OptionSetE
FN:45,_ZN5neml214InputParameterINS_2R3EEC2ERKNS_9OptionSetE
FN:45,_ZN5neml214InputParameterINS_5SSFR5EEC2ERKNS_9OptionSetE
FN:45,_ZN5neml214InputParameterINS_2R5EEC2ERKNS_9OptionSetE
FN:45,_ZN5neml214InputParameterINS_2R4EEC2ERKNS_9OptionSetE
FN:45,_ZN5neml214InputParameterINS_11MillerIndexEEC2ERKNS_9OptionSetE
FN:45,_ZN5neml214InputParameterINS_4WWR4EEC2ERKNS_9OptionSetE
FN:45,_ZN5neml214InputParameterINS_4WSR4EEC2ERKNS_9OptionSetE
FN:45,_ZN5neml214InputParameterINS_3VecEEC2ERKNS_9OptionSetE
FN:45,_ZN5neml214InputParameterINS_3SR2EEC2ERKNS_9OptionSetE
FN:45,_ZN5neml214InputParameterINS_10QuaternionEEC2ERKNS_9OptionSetE
FN:45,_ZN5neml214InputParameterINS_2R8EEC2ERKNS_9OptionSetE
FN:45,_ZN5neml214InputParameterINS_3RotEEC2ERKNS_9OptionSetE
FN:45,_ZN5neml214InputParameterINS_5SFFR4EEC2ERKNS_9OptionSetE
FN:45,_ZN5neml214InputParameterINS_6SSSSR8EEC2ERKNS_9OptionSetE
FN:45,_ZN5neml214InputParameterINS_2R2EEC2ERKNS_9OptionSetE
FN:58,_ZN5neml214InputParameterINS_3WR2EE9set_valueEbbb
FN:58,_ZN5neml214InputParameterINS_4SFR3EE9set_valueEbbb
FN:58,_ZN5neml214InputParameterINS_2R2EE9set_valueEbbb
FN:58,_ZN5neml214InputParameterINS_3SR2EE9set_valueEbbb
FN:58,_ZN5neml214InputParameterINS_2R5EE9set_valueEbbb
FN:58,_ZN5neml214InputParameterINS_4WWR4EE9set_valueEbbb
FN:58,_ZN5neml214InputParameterINS_5SFFR4EE9set_valueEbbb
FN:58,_ZN5neml214InputParameterINS_11MillerIndexEE9set_valueEbbb
FN:58,_ZN5neml214InputParameterINS_4WSR4EE9set_valueEbbb
FN:58,_ZN5neml214InputParameterINS_2R4EE9set_valueEbbb
FN:58,_ZN5neml214InputParameterINS_4SWR4EE9set_valueEbbb
FN:58,_ZN5neml214InputParameterINS_6ScalarEE9set_valueEbbb
FN:58,_ZN5neml214InputParameterINS_4SSR4EE9set_valueEbbb
FN:58,_ZN5neml214InputParameterINS_3VecEE9set_valueEbbb
FN:58,_ZN5neml214InputParameterINS_2R3EE9set_valueEbbb
FN:58,_ZN5neml214InputParameterINS_10QuaternionEE9set_valueEbbb
FN:58,_ZN5neml214InputParameterINS_5SSFR5EE9set_valueEbbb
FN:58,_ZN5neml214InputParameterINS_2R8EE9set_valueEbbb
FN:58,_ZN5neml214InputParameterINS_3RotEE9set_valueEbbb
FN:58,_ZN5neml214InputParameterINS_6SSSSR8EE9set_valueEbbb
FNDA:96,_ZN5neml214InputParameterINS_6ScalarEEC2ERKNS_9OptionSetE
FNDA:0,_ZN5neml214InputParameterINS_4SWR4EEC2ERKNS_9OptionSetE
FNDA:6,_ZN5neml214InputParameterINS_10QuaternionEE16expected_optionsEv
FNDA:0,_ZN5neml214InputParameterINS_3WR2EEC2ERKNS_9OptionSetE
FNDA:0,_ZN5neml214InputParameterINS_4SFR3EEC2ERKNS_9OptionSetE
FNDA:4,_ZN5neml214InputParameterINS_4SSR4EEC2ERKNS_9OptionSetE
FNDA:6,_ZN5neml214InputParameterINS_4SFR3EE16expected_optionsEv
FNDA:0,_ZN5neml214InputParameterINS_3WR2EE9set_valueEbbb
FNDA:0,_ZN5neml214InputParameterINS_2R2EE9set_valueEbbb
FNDA:6,_ZN5neml214InputParameterINS_4SWR4EE16expected_optionsEv
FNDA:0,_ZN5neml214InputParameterINS_4SFR3EE9set_valueEbbb
FNDA:6,_ZN5neml214InputParameterINS_11MillerIndexEE16expected_optionsEv
FNDA:6,_ZN5neml214InputParameterINS_3RotEE16expected_optionsEv
FNDA:0,_ZN5neml214InputParameterINS_5SSFR5EEC2ERKNS_9OptionSetE
FNDA:6,_ZN5neml214InputParameterINS_3VecEE16expected_optionsEv
FNDA:0,_ZN5neml214InputParameterINS_11MillerIndexEE9set_valueEbbb
FNDA:0,_ZN5neml214InputParameterINS_4WSR4EE9set_valueEbbb
FNDA:0,_ZN5neml214InputParameterINS_2R5EE9set_valueEbbb
FNDA:0,_ZN5neml214InputParameterINS_3SR2EE9set_valueEbbb
FNDA:0,_ZN5neml214InputParameterINS_2R3EEC2ERKNS_9OptionSetE
FNDA:0,_ZN5neml214InputParameterINS_5SFFR4EE9set_valueEbbb
FNDA:0,_ZN5neml214InputParameterINS_4WWR4EE9set_valueEbbb
FNDA:0,_ZN5neml214InputParameterINS_3VecEEC2ERKNS_9OptionSetE
FNDA:0,_ZN5neml214InputParameterINS_4WSR4EEC2ERKNS_9OptionSetE
FNDA:0,_ZN5neml214InputParameterINS_4WWR4EEC2ERKNS_9OptionSetE
FNDA:0,_ZN5neml214InputParameterINS_11MillerIndexEEC2ERKNS_9OptionSetE
FNDA:6,_ZN5neml214InputParameterINS_4SSR4EE16expected_optionsEv
FNDA:0,_ZN5neml214InputParameterINS_2R4EE9set_valueEbbb
FNDA:0,_ZN5neml214InputParameterINS_2R5EEC2ERKNS_9OptionSetE
FNDA:6,_ZN5neml214InputParameterINS_3SR2EE16expected_optionsEv
FNDA:6,_ZN5neml214InputParameterINS_5SSFR5EE16expected_optionsEv
FNDA:0,_ZN5neml214InputParameterINS_2R4EEC2ERKNS_9OptionSetE
FNDA:198,_ZN5neml214InputParameterINS_4SSR4EE9set_valueEbbb
FNDA:0,_ZN5neml214InputParameterINS_10QuaternionEEC2ERKNS_9OptionSetE
FNDA:0,_ZN5neml214InputParameterINS_4SWR4EE9set_valueEbbb
FNDA:1246,_ZN5neml214InputParameterINS_6ScalarEE9set_valueEbbb
FNDA:6,_ZN5neml214InputParameterINS_2R3EE16expected_optionsEv
FNDA:0,_ZN5neml214InputParameterINS_3SR2EEC2ERKNS_9OptionSetE
FNDA:6,_ZN5neml214InputParameterINS_2R4EE16expected_optionsEv
FNDA:0,_ZN5neml214InputParameterINS_10QuaternionEE9set_valueEbbb
FNDA:0,_ZN5neml214InputParameterINS_2R3EE9set_valueEbbb
FNDA:6,_ZN5neml214InputParameterINS_2R8EE16expected_optionsEv
FNDA:6,_ZN5neml214InputParameterINS_4WSR4EE16expected_optionsEv
FNDA:6,_ZN5neml214InputParameterINS_6SSSSR8EE16expected_optionsEv
FNDA:0,_ZN5neml214InputParameterINS_2R8EEC2ERKNS_9OptionSetE
FNDA:0,_ZN5neml214InputParameterINS_3VecEE9set_valueEbbb
FNDA:6,_ZN5neml214InputParameterINS_5SFFR4EE16expected_optionsEv
FNDA:0,_ZN5neml214InputParameterINS_3RotEEC2ERKNS_9OptionSetE
FNDA:6,_ZN5neml214InputParameterINS_3WR2EE16expected_optionsEv
FNDA:6,_ZN5neml214InputParameterINS_6ScalarEE16expected_optionsEv
FNDA:0,_ZN5neml214InputParameterINS_2R2EEC2ERKNS_9OptionSetE
FNDA:0,_ZN5neml214InputParameterINS_6SSSSR8EE9set_valueEbbb
FNDA:0,_ZN5neml214InputParameterINS_2R8EE9set_valueEbbb
FNDA:0,_ZN5neml214InputParameterINS_6SSSSR8EEC2ERKNS_9OptionSetE
FNDA:0,_ZN5neml214InputParameterINS_5SFFR4EEC2ERKNS_9OptionSetE
FNDA:0,_ZN5neml214InputParameterINS_5SSFR5EE9set_valueEbbb
FNDA:6,_ZN5neml214InputParameterINS_2R5EE16expected_optionsEv
FNDA:6,_ZN5neml214InputParameterINS_2R2EE16expected_optionsEv
FNDA:6,_ZN5neml214InputParameterINS_4WWR4EE16expected_optionsEv
FNDA:0,_ZN5neml214InputParameterINS_3RotEE9set_valueEbbb
FNF:60
FNH:24
DA:34,120
DA:36,120
DA:37,120
DA:39,120
DA:40,120
DA:41,120
DA:42,0
DA:45,100
DA:47,100
DA:49,100
DA:52,100
DA:54,100
DA:58,1444
DA:60,1444
DA:61,1444
DA:63,1444
DA:64,460
DA:65,460
DA:69,1444
LF:19
LH:18
end_of_record
TN:
SF:/home/runner/work/neml2/neml2/src/neml2/models/LinearCombination.cxx
FN:37,_ZN5neml217LinearCombinationINS_3VecEE16expected_optionsEv
FN:37,_ZN5neml217LinearCombinationINS_6ScalarEE16expected_optionsEv
FN:37,_ZN5neml217LinearCombinationINS_3SR2EE16expected_optionsEv
FN:66,_ZN5neml217LinearCombinationINS_6ScalarEEC2ERKNS_9OptionSetE
FN:66,_ZN5neml217LinearCombinationINS_3SR2EEC2ERKNS_9OptionSetE
FN:66,_ZN5neml217LinearCombinationINS_3VecEEC2ERKNS_9OptionSetE
FN:79,_ZNK5neml217LinearCombinationINS_6ScalarEE9make_coefERKNS_9OptionSetE
FN:79,_ZNK5neml217LinearCombinationINS_3SR2EE9make_coefERKNS_9OptionSetE
FN:79,_ZNK5neml217LinearCombinationINS_3VecEE9make_coefERKNS_9OptionSetE
FN:88,_ZN5neml217LinearCombinationINS_6ScalarEE9set_valueEbbb
FN:88,_ZN5neml217LinearCombinationINS_3SR2EE9set_valueEbbb
FN:88,_ZN5neml217LinearCombinationINS_3VecEE9set_valueEbbb
FNDA:0,_ZN5neml217LinearCombinationINS_3VecEEC2ERKNS_9OptionSetE
FNDA:0,_ZNK5neml217LinearCombinationINS_3VecEE9make_coefERKNS_9OptionSetE
FNDA:6,_ZN5neml217LinearCombinationINS_3SR2EE16expected_optionsEv
FNDA:0,_ZN5neml217LinearCombinationINS_3VecEE9set_valueEbbb
FNDA:14,_ZN5neml217LinearCombinationINS_3SR2EEC2ERKNS_9OptionSetE
FNDA:1065,_ZN5neml217LinearCombinationINS_3SR2EE9set_valueEbbb
FNDA:158,_ZN5neml217LinearCombinationINS_6ScalarEE9set_valueEbbb
FNDA:8,_ZN5neml217LinearCombinationINS_6ScalarEE16expected_optionsEv
FNDA:14,_ZNK5neml217LinearCombinationINS_3SR2EE9make_coefERKNS_9OptionSetE
FNDA:14,_ZN5neml217LinearCombinationINS_6ScalarEEC2ERKNS_9OptionSetE
FNDA:6,_ZN5neml217LinearCombinationINS_3VecEE16expected_optionsEv
FNDA:14,_ZNK5neml217LinearCombinationINS_6ScalarEE9make_coefERKNS_9OptionSetE
FNF:12
FNH:9
DA:37,20
DA:41,20
DA:43,20
DA:44,20
DA:48,20
DA:49,20
DA:51,20
DA:52,20
DA:54,40
DA:55,20
DA:57,20
DA:58,20
DA:62,40
DA:63,20
DA:66,28
DA:68,56
DA:69,28
DA:70,56
DA:71,56
DA:73,89
DA:74,61
DA:75,28
DA:79,28
DA:81,56
DA:82,28
DA:83,56
DA:84,28
DA:88,1223
DA:90,1223
DA:92,1223
DA:94,1219
DA:95,3710
DA:96,2491
DA:98,1219
DA:99,1219
DA:101,1223
DA:103,1238
DA:104,1861
DA:105,1242
DA:106,3516
DA:107,619
DA:113,1223
LF:42
LH:42
end_of_record
TN:
SF:/home/runner/work/neml2/neml2/src/neml2/models/LinearInterpolation.cxx
FN:36,_ZN5neml219LinearInterpolationINS_3SR2EE16expected_optionsEv
FN:36,_ZN5neml219LinearInterpolationINS_3VecEE16expected_optionsEv
FN:36,_ZN5neml219LinearInterpolationINS_6ScalarEE16expected_optionsEv
FN:44,_ZN5neml219LinearInterpolationINS_3VecEEC2ERKNS_9OptionSetE
FN:44,_ZN5neml219LinearInterpolationINS_3SR2EEC2ERKNS_9OptionSetE
FN:44,_ZN5neml219LinearInterpolationINS_6ScalarEEC2ERKNS_9OptionSetE
FN:51,_ZN5neml219LinearInterpolationINS_3SR2EE9set_valueEbbb
FN:51,_ZN5neml219LinearInterpolationINS_3VecEE9set_valueEbbb
FN:51,_ZN5neml219LinearInterpolationINS_6ScalarEE9set_valueEbbb
FNDA:6,_ZN5neml219LinearInterpolationINS_6ScalarEE16expected_optionsEv
FNDA:10,_ZN5neml219LinearInterpolationINS_6ScalarEEC2ERKNS_9OptionSetE
FNDA:140,_ZN5neml219LinearInterpolationINS_6ScalarEE9set_valueEbbb
FNDA:6,_ZN5neml219LinearInterpolationINS_3SR2EE16expected_optionsEv
FNDA:96,_ZN5neml219LinearInterpolationINS_3SR2EE9set_valueEbbb
FNDA:0,_ZN5neml219LinearInterpolationINS_3VecEE9set_valueEbbb
FNDA:0,_ZN5neml219LinearInterpolationINS_3VecEEC2ERKNS_9OptionSetE
FNDA:6,_ZN5neml219LinearInterpolationINS_3VecEE16expected_optionsEv
FNDA:8,_ZN5neml219LinearInterpolationINS_3SR2EEC2ERKNS_9OptionSetE
FNF:9
FNH:7
DA:36,18
DA:38,18
DA:39,18
DA:40,18
DA:41,0
DA:44,18
DA:45,18
DA:47,18
DA:51,236
DA:53,944
DA:54,944
DA:55,944
DA:56,472
DA:57,236
DA:59,236
DA:60,472
DA:62,236
DA:64,236
DA:66,188
DA:67,188
DA:68,188
DA:69,188
DA:71,236
DA:72,122
DA:73,122
DA:79,236
LF:26
LH:25
end_of_record
TN:
SF:/home/runner/work/neml2/neml2/src/neml2/models/Model.cxx
FN:31,_ZN5neml25Model16expected_optionsEv
FN:54,_ZN5neml25ModelC2ERKNS_9OptionSetE
FN:75,_ZNK5neml25Model8diagnoseERSt6vectorINS_9DiagnosisESaIS2_EE
FN:101,_ZNK5neml25Model15diagnose_nl_sysERSt6vectorINS_9DiagnosisESaIS2_EE
FN:126,_ZN5neml25Model5setupEv
FN:133,_ZNK5neml25Model19get_system_matricesEv
FN:140,_ZN5neml25Model6reinitERKNS_6TensorEi
FN:146,_ZN5neml25Model6reinitEN3c108ArrayRefIlEEiRKNS1_6DeviceERKNS1_10ScalarTypeE
FN:165,_ZN5neml25Model6reinitEbb
FN:177,_ZN5neml25Model7prepareEv
FN:186,_ZN5neml25Model18allocate_variablesEbb
FN:212,_ZN5neml25Model17setup_input_viewsEPNS_13VariableStoreE
FN:219,_ZN5neml25Model26setup_submodel_input_viewsEPNS_13VariableStoreE
FN:230,_ZN5neml25Model18setup_output_viewsEv
FN:251,_ZN5neml25Model27setup_submodel_output_viewsEv
FN:258,_ZN5neml25Model22setup_nonlinear_systemEv
FN:272,_ZN5neml25Model4zeroEv
FN:281,_ZN5neml25Model12set_solutionERKNS_6TensorE
FN:291,_ZN5neml25Model5cacheEN3c108ArrayRefIlEEiRKNS1_6DeviceERKNS1_10ScalarTypeE
FN:314,_ZNK5neml25Model19check_AD_limitationEv
FN:323,_ZN5neml25Model20input_requires_grad_Eb
FN:330,_ZN5neml25Model18use_AD_derivativesEbb
FN:338,_ZNK5neml25Model11check_inputERKNS_13LabeledVectorE
FN:357,_ZN5neml25Model9set_inputERKNS_13LabeledVectorE
FN:368,_ZN5neml25Model10get_outputEv
FN:374,_ZN5neml25Model18get_doutput_dinputEv
FN:380,_ZN5neml25Model20get_d2output_dinput2Ev
FN:386,_ZN5neml25Model5valueERKNS_13LabeledVectorE
FN:397,_ZN5neml25Model16value_and_dvalueERKNS_13LabeledVectorE
FN:408,_ZN5neml25Model6dvalueERKNS_13LabeledVectorE
FN:419,_ZN5neml25Model28value_and_dvalue_and_d2valueERKNS_13LabeledVectorE
FN:430,_ZN5neml25Model18dvalue_and_d2valueERKNS_13LabeledVectorE
FN:441,_ZN5neml25Model7d2valueERKNS_13LabeledVectorE
FN:452,_ZN5neml25Model5valueEv
FN:462,_ZN5neml25Model16value_and_dvalueEv
FN:484,_ZN5neml25Model6dvalueEv
FN:506,_ZN5neml25Model28value_and_dvalue_and_d2valueEv
FN:538,_ZN5neml25Model18dvalue_and_d2valueEv
FN:570,_ZN5neml25Model7d2valueEv
FN:601,_ZN5neml25Model17check_inplace_dbgEv
FN:615,_ZNK5neml25Model16registered_modelERKSs
FN:626,_ZNK5neml25Model14consumed_itemsEv
FN:632,_ZNK5neml25Model14provided_itemsEv
FN:638,_ZN5neml25Model8assembleEbb
FN:651,_ZN5neml25Model19extract_derivativesEbbb
FN:679,_ZN5neml25Model26extract_second_derivativesEbbb
FNDA:990,_ZN5neml25Model18get_doutput_dinputEv
FNDA:15794,_ZN5neml25Model5valueEv
FNDA:10567,_ZN5neml25Model22setup_nonlinear_systemEv
FNDA:72,_ZNK5neml25Model15diagnose_nl_sysERSt6vectorINS_9DiagnosisESaIS2_EE
FNDA:5975,_ZN5neml25Model7prepareEv
FNDA:133,_ZN5neml25Model19extract_derivativesEbbb
FNDA:8636,_ZN5neml25Model16value_and_dvalueEv
FNDA:224,_ZN5neml25Model18dvalue_and_d2valueEv
FNDA:591,_ZN5neml25ModelC2ERKNS_9OptionSetE
FNDA:8,_ZNK5neml25Model19get_system_matricesEv
FNDA:3299,_ZN5neml25Model10get_outputEv
FNDA:10567,_ZN5neml25Model18setup_output_viewsEv
FNDA:10567,_ZN5neml25Model27setup_submodel_output_viewsEv
FNDA:69,_ZN5neml25Model7d2valueERKNS_13LabeledVectorE
FNDA:69,_ZN5neml25Model28value_and_dvalue_and_d2valueERKNS_13LabeledVectorE
FNDA:337,_ZN5neml25Model18use_AD_derivativesEbb
FNDA:207,_ZN5neml25Model20get_d2output_dinput2Ev
FNDA:69,_ZN5neml25Model18dvalue_and_d2valueERKNS_13LabeledVectorE
FNDA:3707,_ZNK5neml25Model11check_inputERKNS_13LabeledVectorE
FNDA:2262,_ZN5neml25Model8assembleEbb
FNDA:1106,_ZN5neml25Model12set_solutionERKNS_6TensorE
FNDA:584,_ZN5neml25Model16value_and_dvalueERKNS_13LabeledVectorE
FNDA:8647,_ZN5neml25Model26setup_submodel_input_viewsEPNS_13VariableStoreE
FNDA:1501,_ZN5neml25Model6dvalueEv
FNDA:774,_ZN5neml25Model16expected_optionsEv
FNDA:2648,_ZN5neml25Model5valueERKNS_13LabeledVectorE
FNDA:1146,_ZN5neml25Model5cacheEN3c108ArrayRefIlEEiRKNS1_6DeviceERKNS1_10ScalarTypeE
FNDA:3672,_ZN5neml25Model17setup_input_viewsEPNS_13VariableStoreE
FNDA:97,_ZNK5neml25Model8diagnoseERSt6vectorINS_9DiagnosisESaIS2_EE
FNDA:18646,_ZN5neml25Model4zeroEv
FNDA:3705,_ZN5neml25Model9set_inputERKNS_13LabeledVectorE
FNDA:692,_ZN5neml25Model28value_and_dvalue_and_d2valueEv
FNDA:0,_ZNK5neml25Model16registered_modelERKSs
FNDA:10567,_ZN5neml25Model18allocate_variablesEbb
FNDA:26916,_ZN5neml25Model17check_inplace_dbgEv
FNDA:591,_ZN5neml25Model5setupEv
FNDA:268,_ZN5neml25Model6dvalueERKNS_13LabeledVectorE
FNDA:443,_ZN5neml25Model6reinitEN3c108ArrayRefIlEEiRKNS1_6DeviceERKNS1_10ScalarTypeE
FNDA:3672,_ZN5neml25Model6reinitEbb
FNDA:349,_ZNK5neml25Model14provided_itemsEv
FNDA:3,_ZN5neml25Model26extract_second_derivativesEbbb
FNDA:69,_ZN5neml25Model7d2valueEv
FNDA:133,_ZN5neml25Model20input_requires_grad_Eb
FNDA:8805,_ZNK5neml25Model19check_AD_limitationEv
FNDA:206,_ZN5neml25Model6reinitERKNS_6TensorEi
FNDA:349,_ZNK5neml25Model14consumed_itemsEv
FNF:46
FNH:45
DA:31,774
DA:33,774
DA:34,774
DA:35,774
DA:37,774
DA:39,774
DA:40,774
DA:41,774
DA:42,774
DA:43,774
DA:45,774
DA:46,774
DA:47,774
DA:48,774
DA:49,774
DA:51,774
DA:52,0
DA:54,591
DA:60,591
DA:61,591
DA:62,591
DA:63,591
DA:64,591
DA:65,591
DA:66,591
DA:69,1182
DA:72,591
DA:75,97
DA:77,183
DA:78,86
DA:81,397
DA:82,300
DA:83,215
DA:84,118
DA:86,97
DA:87,5
DA:90,97
DA:91,11
DA:92,24
DA:93,30
DA:94,15
DA:97,24
DA:98,97
DA:101,72
DA:103,139
DA:104,67
DA:107,72
DA:108,253
DA:109,181
DA:110,181
DA:113,72
DA:114,145
DA:115,76
DA:117,76
DA:122,76
DA:123,72
DA:126,591
DA:129,591
DA:130,591
DA:133,8
DA:135,8
DA:136,8
DA:140,206
DA:142,206
DA:143,206
DA:146,443
DA:151,443
DA:154,443
DA:157,443
DA:158,443
DA:161,443
DA:162,443
DA:165,3672
DA:168,3672
DA:171,3672
DA:172,3672
DA:173,3672
DA:174,3672
DA:177,5975
DA:179,5975
DA:180,2746
DA:182,3229
DA:183,5975
DA:186,10567
DA:189,10567
DA:192,10567
DA:194,10567
DA:198,10567
DA:199,10567
DA:201,10567
DA:203,21
DA:204,21
DA:207,17462
DA:208,6895
DA:209,10567
DA:212,3672
DA:214,3672
DA:215,3672
DA:216,3672
DA:219,8647
DA:221,8758
DA:223,912
DA:224,801
DA:225,111
DA:227,8647
DA:230,10567
DA:232,10567
DA:233,10567
DA:235,10567
DA:237,1045
DA:238,3135
DA:239,1045
DA:240,3132
DA:241,1045
DA:242,3132
DA:243,1045
DA:244,3132
DA:245,1045
DA:246,0
DA:248,10567
DA:251,10567
DA:253,17462
DA:254,6895
DA:255,10567
DA:258,10567
DA:260,10567
DA:262,2090
DA:263,1045
DA:264,3135
DA:267,17462
DA:268,6895
DA:269,10567
DA:272,18646
DA:274,18646
DA:276,34546
DA:277,15900
DA:278,18646
DA:281,1106
DA:283,1106
DA:286,1106
DA:287,1106
DA:288,1106
DA:291,1146
DA:296,1146
DA:297,1146
DA:299,1146
DA:302,1146
DA:303,21
DA:305,1146
DA:307,1146
DA:309,1849
DA:310,703
DA:311,1146
DA:314,8805
DA:316,8805
DA:317,0
DA:318,8805
DA:319,867
DA:320,8805
DA:323,133
DA:325,402
DA:326,269
DA:327,133
DA:330,337
DA:332,337
DA:333,337
DA:334,337
DA:335,337
DA:338,3707
DA:340,3707
DA:342,3708
DA:344,3708
DA:347,3706
DA:349,3707
DA:351,3706
DA:354,3705
DA:357,3705
DA:359,3705
DA:364,3705
DA:365,3705
DA:368,3299
DA:370,3299
DA:374,990
DA:376,990
DA:380,207
DA:382,207
DA:386,2648
DA:388,2648
DA:389,2646
DA:390,2646
DA:392,2646
DA:393,2646
DA:397,584
DA:399,584
DA:400,584
DA:401,584
DA:403,584
DA:404,584
DA:408,268
DA:410,268
DA:411,268
DA:412,268
DA:414,268
DA:415,268
DA:419,69
DA:421,69
DA:422,69
DA:423,69
DA:425,69
DA:426,69
DA:430,69
DA:432,69
DA:433,69
DA:434,69
DA:436,69
DA:437,69
DA:441,69
DA:443,69
DA:444,69
DA:445,69
DA:447,69
DA:448,69
DA:452,15794
DA:454,15794
DA:456,15794
DA:457,15794
DA:458,15794
DA:459,15794
DA:462,8636
DA:464,8636
DA:465,8636
DA:468,8636
DA:470,8636
DA:472,8568
DA:473,8568
DA:474,8568
DA:477,68
DA:478,68
DA:479,68
DA:481,8636
DA:484,1501
DA:486,1501
DA:487,1501
DA:490,1501
DA:492,1501
DA:494,1439
DA:495,1439
DA:496,1439
DA:499,62
DA:500,62
DA:501,62
DA:503,1501
DA:506,692
DA:508,692
DA:509,692
DA:513,692
DA:515,692
DA:517,691
DA:518,691
DA:519,691
DA:522,1
DA:524,1
DA:525,0
DA:528,1
DA:529,1
DA:532,1
DA:535,692
DA:538,224
DA:540,224
[...]
FN:34,_ZN5neml219OnesPrimitiveTensorINS_4SFR3EE16expected_optionsEv
FN:34,_ZN5neml219OnesPrimitiveTensorINS_3VecEE16expected_optionsEv
FN:34,_ZN5neml219OnesPrimitiveTensorINS_2R3EE16expected_optionsEv
FN:34,_ZN5neml219OnesPrimitiveTensorINS_6ScalarEE16expected_optionsEv
FN:34,_ZN5neml219OnesPrimitiveTensorINS_6SSSSR8EE16expected_optionsEv
FN:34,_ZN5neml219OnesPrimitiveTensorINS_3SR2EE16expected_optionsEv
FN:34,_ZN5neml219OnesPrimitiveTensorINS_10QuaternionEE16expected_optionsEv
FN:34,_ZN5neml219OnesPrimitiveTensorINS_2R5EE16expected_optionsEv
FN:34,_ZN5neml219OnesPrimitiveTensorINS_3WR2EE16expected_optionsEv
FN:34,_ZN5neml219OnesPrimitiveTensorINS_5SFFR4EE16expected_optionsEv
FN:34,_ZN5neml219OnesPrimitiveTensorINS_3RotEE16expected_optionsEv
FN:34,_ZN5neml219OnesPrimitiveTensorINS_2R8EE16expected_optionsEv
FN:34,_ZN5neml219OnesPrimitiveTensorINS_2R2EE16expected_optionsEv
FN:34,_ZN5neml219OnesPrimitiveTensorINS_4SSR4EE16expected_optionsEv
FN:34,_ZN5neml219OnesPrimitiveTensorINS_11MillerIndexEE16expected_optionsEv
FN:34,_ZN5neml219OnesPrimitiveTensorINS_4WSR4EE16expected_optionsEv
FN:34,_ZN5neml219OnesPrimitiveTensorINS_4SWR4EE16expected_optionsEv
FN:34,_ZN5neml219OnesPrimitiveTensorINS_5SSFR5EE16expected_optionsEv
FN:34,_ZN5neml219OnesPrimitiveTensorINS_4WWR4EE16expected_optionsEv
FN:34,_ZN5neml219OnesPrimitiveTensorINS_2R4EE16expected_optionsEv
FN:50,_ZN5neml219OnesPrimitiveTensorINS_2R4EEC2ERKNS_9OptionSetE
FN:50,_ZN5neml219OnesPrimitiveTensorINS_3WR2EEC2ERKNS_9OptionSetE
FN:50,_ZN5neml219OnesPrimitiveTensorINS_4SFR3EEC2ERKNS_9OptionSetE
FN:50,_ZN5neml219OnesPrimitiveTensorINS_2R5EEC2ERKNS_9OptionSetE
FN:50,_ZN5neml219OnesPrimitiveTensorINS_4WSR4EEC2ERKNS_9OptionSetE
FN:50,_ZN5neml219OnesPrimitiveTensorINS_4SWR4EEC2ERKNS_9OptionSetE
FN:50,_ZN5neml219OnesPrimitiveTensorINS_2R2EEC2ERKNS_9OptionSetE
FN:50,_ZN5neml219OnesPrimitiveTensorINS_6SSSSR8EEC2ERKNS_9OptionSetE
FN:50,_ZN5neml219OnesPrimitiveTensorINS_3VecEEC2ERKNS_9OptionSetE
FN:50,_ZN5neml219OnesPrimitiveTensorINS_2R3EEC2ERKNS_9OptionSetE
FN:50,_ZN5neml219OnesPrimitiveTensorINS_6ScalarEEC2ERKNS_9OptionSetE
FN:50,_ZN5neml219OnesPrimitiveTensorINS_4SSR4EEC2ERKNS_9OptionSetE
FN:50,_ZN5neml219OnesPrimitiveTensorINS_11MillerIndexEEC2ERKNS_9OptionSetE
FN:50,_ZN5neml219OnesPrimitiveTensorINS_10QuaternionEEC2ERKNS_9OptionSetE
FN:50,_ZN5neml219OnesPrimitiveTensorINS_5SFFR4EEC2ERKNS_9OptionSetE
FN:50,_ZN5neml219OnesPrimitiveTensorINS_4WWR4EEC2ERKNS_9OptionSetE
FN:50,_ZN5neml219OnesPrimitiveTensorINS_3RotEEC2ERKNS_9OptionSetE
FN:50,_ZN5neml219OnesPrimitiveTensorINS_5SSFR5EEC2ERKNS_9OptionSetE
FN:50,_ZN5neml219OnesPrimitiveTensorINS_3SR2EEC2ERKNS_9OptionSetE
FN:50,_ZN5neml219OnesPrimitiveTensorINS_2R8EEC2ERKNS_9OptionSetE
FNDA:6,_ZN5neml219OnesPrimitiveTensorINS_2R2EE16expected_optionsEv
FNDA:6,_ZN5neml219OnesPrimitiveTensorINS_11MillerIndexEE16expected_optionsEv
FNDA:0,_ZN5neml219OnesPrimitiveTensorINS_11MillerIndexEEC2ERKNS_9OptionSetE
FNDA:6,_ZN5neml219OnesPrimitiveTensorINS_4SSR4EE16expected_optionsEv
FNDA:1,_ZN5neml219OnesPrimitiveTensorINS_6ScalarEEC2ERKNS_9OptionSetE
FNDA:1,_ZN5neml219OnesPrimitiveTensorINS_4SSR4EEC2ERKNS_9OptionSetE
FNDA:0,_ZN5neml219OnesPrimitiveTensorINS_4WWR4EEC2ERKNS_9OptionSetE
FNDA:6,_ZN5neml219OnesPrimitiveTensorINS_4WSR4EE16expected_optionsEv
FNDA:6,_ZN5neml219OnesPrimitiveTensorINS_4SWR4EE16expected_optionsEv
FNDA:0,_ZN5neml219OnesPrimitiveTensorINS_5SFFR4EEC2ERKNS_9OptionSetE
FNDA:0,_ZN5neml219OnesPrimitiveTensorINS_10QuaternionEEC2ERKNS_9OptionSetE
FNDA:0,_ZN5neml219OnesPrimitiveTensorINS_2R8EEC2ERKNS_9OptionSetE
FNDA:6,_ZN5neml219OnesPrimitiveTensorINS_2R4EE16expected_optionsEv
FNDA:6,_ZN5neml219OnesPrimitiveTensorINS_4WWR4EE16expected_optionsEv
FNDA:1,_ZN5neml219OnesPrimitiveTensorINS_3SR2EEC2ERKNS_9OptionSetE
FNDA:1,_ZN5neml219OnesPrimitiveTensorINS_3RotEEC2ERKNS_9OptionSetE
FNDA:1,_ZN5neml219OnesPrimitiveTensorINS_5SSFR5EEC2ERKNS_9OptionSetE
FNDA:6,_ZN5neml219OnesPrimitiveTensorINS_5SSFR5EE16expected_optionsEv
FNDA:0,_ZN5neml219OnesPrimitiveTensorINS_3WR2EEC2ERKNS_9OptionSetE
FNDA:1,_ZN5neml219OnesPrimitiveTensorINS_4SFR3EEC2ERKNS_9OptionSetE
FNDA:6,_ZN5neml219OnesPrimitiveTensorINS_3VecEE16expected_optionsEv
FNDA:1,_ZN5neml219OnesPrimitiveTensorINS_2R5EEC2ERKNS_9OptionSetE
FNDA:1,_ZN5neml219OnesPrimitiveTensorINS_2R4EEC2ERKNS_9OptionSetE
FNDA:6,_ZN5neml219OnesPrimitiveTensorINS_4SFR3EE16expected_optionsEv
FNDA:6,_ZN5neml219OnesPrimitiveTensorINS_6SSSSR8EE16expected_optionsEv
FNDA:0,_ZN5neml219OnesPrimitiveTensorINS_4SWR4EEC2ERKNS_9OptionSetE
FNDA:6,_ZN5neml219OnesPrimitiveTensorINS_3SR2EE16expected_optionsEv
FNDA:6,_ZN5neml219OnesPrimitiveTensorINS_6ScalarEE16expected_optionsEv
FNDA:6,_ZN5neml219OnesPrimitiveTensorINS_2R3EE16expected_optionsEv
FNDA:0,_ZN5neml219OnesPrimitiveTensorINS_4WSR4EEC2ERKNS_9OptionSetE
FNDA:6,_ZN5neml219OnesPrimitiveTensorINS_2R5EE16expected_optionsEv
FNDA:6,_ZN5neml219OnesPrimitiveTensorINS_3WR2EE16expected_optionsEv
FNDA:0,_ZN5neml219OnesPrimitiveTensorINS_6SSSSR8EEC2ERKNS_9OptionSetE
FNDA:6,_ZN5neml219OnesPrimitiveTensorINS_5SFFR4EE16expected_optionsEv
FNDA:6,_ZN5neml219OnesPrimitiveTensorINS_10QuaternionEE16expected_optionsEv
FNDA:1,_ZN5neml219OnesPrimitiveTensorINS_2R2EEC2ERKNS_9OptionSetE
FNDA:1,_ZN5neml219OnesPrimitiveTensorINS_2R3EEC2ERKNS_9OptionSetE
FNDA:6,_ZN5neml219OnesPrimitiveTensorINS_2R8EE16expected_optionsEv
FNDA:6,_ZN5neml219OnesPrimitiveTensorINS_3RotEE16expected_optionsEv
FNDA:1,_ZN5neml219OnesPrimitiveTensorINS_3VecEEC2ERKNS_9OptionSetE
FNF:40
FNH:31
DA:34,120
DA:38,120
DA:40,120
DA:41,120
DA:43,120
DA:44,120
DA:46,240
DA:47,120
DA:50,11
DA:51,11
DA:52,11
DA:54,11
LF:12
LH:12
end_of_record
TN:
SF:/home/runner/work/neml2/neml2/src/neml2/tensors/user_tensors/OnesTensor.cxx
FN:32,_ZN5neml210OnesTensor16expected_optionsEv
FN:46,_ZN5neml210OnesTensorC2ERKNS_9OptionSetE
FNDA:6,_ZN5neml210OnesTensor16expected_optionsEv
FNDA:1,_ZN5neml210OnesTensorC2ERKNS_9OptionSetE
FNF:2
FNH:2
DA:32,6
DA:34,6
DA:35,6
DA:37,6
DA:38,6
DA:40,6
DA:41,6
DA:43,6
DA:44,0
DA:46,1
DA:49,1
DA:50,1
DA:52,1
LF:13
LH:12
end_of_record
TN:
SF:/home/runner/work/neml2/neml2/src/neml2/tensors/user_tensors/Orientation.cxx
FN:35,_ZN5neml211Orientation16expected_optionsEv
FN:72,_ZN5neml211OrientationC2ERKNS_9OptionSetE
FN:79,_ZNK5neml211Orientation4fillERKNS_9OptionSetE
FN:107,_ZNK5neml211Orientation16expand_as_neededERKNS_3RotEj
FNDA:6,_ZNK5neml211Orientation4fillERKNS_9OptionSetE
FNDA:6,_ZN5neml211Orientation16expected_optionsEv
FNDA:6,_ZN5neml211OrientationC2ERKNS_9OptionSetE
FNDA:6,_ZNK5neml211Orientation16expand_as_neededERKNS_3RotEj
FNF:4
FNH:4
DA:35,6
DA:37,6
DA:39,6
DA:43,6
DA:45,6
DA:46,12
DA:47,6
DA:49,6
DA:50,6
DA:52,6
DA:53,6
DA:55,6
DA:56,6
DA:58,6
DA:59,12
DA:61,6
DA:63,6
DA:64,6
DA:66,6
DA:67,6
DA:69,6
DA:70,0
DA:72,6
DA:74,6
DA:76,6
DA:79,6
DA:81,12
DA:83,6
DA:84,6
DA:86,12
DA:87,24
DA:88,12
DA:91,18
DA:93,0
DA:95,0
DA:98,0
DA:100,6
DA:101,0
DA:103,6
DA:104,6
DA:107,6
DA:109,6
DA:110,0
DA:112,6
LF:44
LH:38
end_of_record
TN:
SF:/home/runner/work/neml2/neml2/src/neml2/tensors/user_tensors/UserPrimitiveTensor.cxx
FN:34,_ZN5neml219UserPrimitiveTensorINS_5SFFR4EE16expected_optionsEv
FN:34,_ZN5neml219UserPrimitiveTensorINS_2R5EE16expected_optionsEv
FN:34,_ZN5neml219UserPrimitiveTensorINS_4SSR4EE16expected_optionsEv
FN:34,_ZN5neml219UserPrimitiveTensorINS_4WWR4EE16expected_optionsEv
FN:34,_ZN5neml219UserPrimitiveTensorINS_6ScalarEE16expected_optionsEv
FN:34,_ZN5neml219UserPrimitiveTensorINS_2R2EE16expected_optionsEv
FN:34,_ZN5neml219UserPrimitiveTensorINS_4SFR3EE16expected_optionsEv
FN:34,_ZN5neml219UserPrimitiveTensorINS_4WSR4EE16expected_optionsEv
FN:34,_ZN5neml219UserPrimitiveTensorINS_6SSSSR8EE16expected_optionsEv
FN:34,_ZN5neml219UserPrimitiveTensorINS_2R8EE16expected_optionsEv
FN:34,_ZN5neml219UserPrimitiveTensorINS_4SWR4EE16expected_optionsEv
FN:34,_ZN5neml219UserPrimitiveTensorINS_10QuaternionEE16expected_optionsEv
FN:34,_ZN5neml219UserPrimitiveTensorINS_2R4EE16expected_optionsEv
FN:34,_ZN5neml219UserPrimitiveTensorINS_3SR2EE16expected_optionsEv
FN:34,_ZN5neml219UserPrimitiveTensorINS_3RotEE16expected_optionsEv
FN:34,_ZN5neml219UserPrimitiveTensorINS_3VecEE16expected_optionsEv
FN:34,_ZN5neml219UserPrimitiveTensorINS_2R3EE16expected_optionsEv
FN:34,_ZN5neml219UserPrimitiveTensorINS_5SSFR5EE16expected_optionsEv
FN:34,_ZN5neml219UserPrimitiveTensorINS_11MillerIndexEE16expected_optionsEv
FN:34,_ZN5neml219UserPrimitiveTensorINS_3WR2EE16expected_optionsEv
FN:55,_ZN5neml219UserPrimitiveTensorINS_5SSFR5EEC2ERKNS_9OptionSetE
FN:55,_ZN5neml219UserPrimitiveTensorINS_4SWR4EEC2ERKNS_9OptionSetE
FN:55,_ZN5neml219UserPrimitiveTensorINS_4SFR3EEC2ERKNS_9OptionSetE
FN:55,_ZN5neml219UserPrimitiveTensorINS_3RotEEC2ERKNS_9OptionSetE
FN:55,_ZN5neml219UserPrimitiveTensorINS_2R4EEC2ERKNS_9OptionSetE
FN:55,_ZN5neml219UserPrimitiveTensorINS_6SSSSR8EEC2ERKNS_9OptionSetE
FN:55,_ZN5neml219UserPrimitiveTensorINS_11MillerIndexEEC2ERKNS_9OptionSetE
FN:55,_ZN5neml219UserPrimitiveTensorINS_3WR2EEC2ERKNS_9OptionSetE
FN:55,_ZN5neml219UserPrimitiveTensorINS_3VecEEC2ERKNS_9OptionSetE
FN:55,_ZN5neml219UserPrimitiveTensorINS_3SR2EEC2ERKNS_9OptionSetE
FN:55,_ZN5neml219UserPrimitiveTensorINS_10QuaternionEEC2ERKNS_9OptionSetE
FN:55,_ZN5neml219UserPrimitiveTensorINS_6ScalarEEC2ERKNS_9OptionSetE
FN:55,_ZN5neml219UserPrimitiveTensorINS_2R2EEC2ERKNS_9OptionSetE
FN:55,_ZN5neml219UserPrimitiveTensorINS_2R3EEC2ERKNS_9OptionSetE
FN:55,_ZN5neml219UserPrimitiveTensorINS_5SFFR4EEC2ERKNS_9OptionSetE
FN:55,_ZN5neml219UserPrimitiveTensorINS_2R8EEC2ERKNS_9OptionSetE
FN:55,_ZN5neml219UserPrimitiveTensorINS_4WWR4EEC2ERKNS_9OptionSetE
FN:55,_ZN5neml219UserPrimitiveTensorINS_4WSR4EEC2ERKNS_9OptionSetE
FN:55,_ZN5neml219UserPrimitiveTensorINS_2R5EEC2ERKNS_9OptionSetE
FN:55,_ZN5neml219UserPrimitiveTensorINS_4SSR4EEC2ERKNS_9OptionSetE
FNDA:6,_ZN5neml219UserPrimitiveTensorINS_4WSR4EE16expected_optionsEv
FNDA:6,_ZN5neml219UserPrimitiveTensorINS_6SSSSR8EE16expected_optionsEv
FNDA:0,_ZN5neml219UserPrimitiveTensorINS_6SSSSR8EEC2ERKNS_9OptionSetE
FNDA:0,_ZN5neml219UserPrimitiveTensorINS_11MillerIndexEEC2ERKNS_9OptionSetE
FNDA:6,_ZN5neml219UserPrimitiveTensorINS_2R2EE16expected_optionsEv
FNDA:0,_ZN5neml219UserPrimitiveTensorINS_4SWR4EEC2ERKNS_9OptionSetE
FNDA:6,_ZN5neml219UserPrimitiveTensorINS_4SFR3EE16expected_optionsEv
FNDA:1,_ZN5neml219UserPrimitiveTensorINS_4SFR3EEC2ERKNS_9OptionSetE
FNDA:1,_ZN5neml219UserPrimitiveTensorINS_3RotEEC2ERKNS_9OptionSetE
FNDA:1,_ZN5neml219UserPrimitiveTensorINS_2R4EEC2ERKNS_9OptionSetE
FNDA:6,_ZN5neml219UserPrimitiveTensorINS_4WWR4EE16expected_optionsEv
FNDA:1,_ZN5neml219UserPrimitiveTensorINS_5SSFR5EEC2ERKNS_9OptionSetE
FNDA:6,_ZN5neml219UserPrimitiveTensorINS_6ScalarEE16expected_optionsEv
FNDA:6,_ZN5neml219UserPrimitiveTensorINS_5SFFR4EE16expected_optionsEv
FNDA:6,_ZN5neml219UserPrimitiveTensorINS_2R5EE16expected_optionsEv
FNDA:6,_ZN5neml219UserPrimitiveTensorINS_4SSR4EE16expected_optionsEv
FNDA:6,_ZN5neml219UserPrimitiveTensorINS_3VecEE16expected_optionsEv
FNDA:0,_ZN5neml219UserPrimitiveTensorINS_4WSR4EEC2ERKNS_9OptionSetE
FNDA:6,_ZN5neml219UserPrimitiveTensorINS_2R3EE16expected_optionsEv
FNDA:6,_ZN5neml219UserPrimitiveTensorINS_5SSFR5EE16expected_optionsEv
FNDA:6,_ZN5neml219UserPrimitiveTensorINS_11MillerIndexEE16expected_optionsEv
FNDA:1,_ZN5neml219UserPrimitiveTensorINS_2R5EEC2ERKNS_9OptionSetE
FNDA:13,_ZN5neml219UserPrimitiveTensorINS_4SSR4EEC2ERKNS_9OptionSetE
FNDA:6,_ZN5neml219UserPrimitiveTensorINS_3WR2EE16expected_optionsEv
FNDA:0,_ZN5neml219UserPrimitiveTensorINS_5SFFR4EEC2ERKNS_9OptionSetE
FNDA:1,_ZN5neml219UserPrimitiveTensorINS_2R2EEC2ERKNS_9OptionSetE
FNDA:1,_ZN5neml219UserPrimitiveTensorINS_2R3EEC2ERKNS_9OptionSetE
FNDA:6,_ZN5neml219UserPrimitiveTensorINS_3SR2EE16expected_optionsEv
FNDA:0,_ZN5neml219UserPrimitiveTensorINS_2R8EEC2ERKNS_9OptionSetE
FNDA:0,_ZN5neml219UserPrimitiveTensorINS_4WWR4EEC2ERKNS_9OptionSetE
FNDA:6,_ZN5neml219UserPrimitiveTensorINS_3RotEE16expected_optionsEv
FNDA:23,_ZN5neml219UserPrimitiveTensorINS_3VecEEC2ERKNS_9OptionSetE
FNDA:2,_ZN5neml219UserPrimitiveTensorINS_3SR2EEC2ERKNS_9OptionSetE
FNDA:0,_ZN5neml219UserPrimitiveTensorINS_10QuaternionEEC2ERKNS_9OptionSetE
FNDA:6,_ZN5neml219UserPrimitiveTensorINS_2R4EE16expected_optionsEv
FNDA:60,_ZN5neml219UserPrimitiveTensorINS_6ScalarEEC2ERKNS_9OptionSetE
FNDA:0,_ZN5neml219UserPrimitiveTensorINS_3WR2EEC2ERKNS_9OptionSetE
FNDA:6,_ZN5neml219UserPrimitiveTensorINS_2R8EE16expected_optionsEv
FNDA:6,_ZN5neml219UserPrimitiveTensorINS_4SWR4EE16expected_optionsEv
FNDA:6,_ZN5neml219UserPrimitiveTensorINS_10QuaternionEE16expected_optionsEv
FNF:40
FNH:31
DA:34,120
DA:38,120
DA:40,120
DA:41,120
DA:45,120
DA:46,120
DA:48,120
DA:49,120
DA:51,240
DA:52,120
DA:55,105
DA:56,105
DA:57,105
DA:59,210
DA:60,105
DA:61,105
DA:62,118
DA:63,46
DA:64,92
DA:66,0
DA:68,0
DA:70,0
DA:72,0
DA:73,105
LF:24
LH:20
end_of_record
TN:
SF:/home/runner/work/neml2/neml2/src/neml2/tensors/user_tensors/UserTensor.cxx
FN:32,_ZN5neml210UserTensor16expected_optionsEv
FN:50,_ZN5neml210UserTensorC2ERKNS_9OptionSetE
FNDA:9,_ZN5neml210UserTensorC2ERKNS_9OptionSetE
FNDA:6,_ZN5neml210UserTensor16expected_optionsEv
FNF:2
FNH:2
DA:32,6
DA:34,6
DA:35,6
DA:36,6
DA:38,6
DA:39,6
DA:41,6
DA:42,6
DA:44,6
DA:45,6
DA:47,6
DA:48,0
DA:50,9
DA:53,9
DA:54,9
DA:56,18
DA:57,9
DA:58,9
DA:59,12
DA:60,3
DA:61,4
DA:63,1
DA:65,1
DA:67,2
DA:69,2
DA:70,12
LF:26
LH:25
end_of_record
TN:
SF:/home/runner/work/neml2/neml2/src/neml2/tensors/user_tensors/UserTensorBase.cxx
FN:30,_ZN5neml214UserTensorBase16expected_optionsEv
FN:37,_ZN5neml214UserTensorBaseC2ERKNS_9OptionSetE
FNDA:930,_ZN5neml214UserTensorBase16expected_optionsEv
FNDA:851,_ZN5neml214UserTensorBaseC2ERKNS_9OptionSetE
FNF:2
FNH:2
DA:30,930
DA:32,930
DA:33,930
DA:34,930
DA:35,0
DA:37,851
DA:38,851
DA:40,851
LF:8
LH:7
end_of_record
TN:
SF:/home/runner/work/neml2/neml2/src/neml2/tensors/user_tensors/ZerosPrimitiveTensor.cxx
FN:34,_ZN5neml220ZerosPrimitiveTensorINS_5SFFR4EE16expected_optionsEv
FN:34,_ZN5neml220ZerosPrimitiveTensorINS_5SSFR5EE16expected_optionsEv
FN:34,_ZN5neml220ZerosPrimitiveTensorINS_3RotEE16expected_optionsEv
FN:34,_ZN5neml220ZerosPrimitiveTensorINS_10QuaternionEE16expected_optionsEv
FN:34,_ZN5neml220ZerosPrimitiveTensorINS_4WSR4EE16expected_optionsEv
FN:34,_ZN5neml220ZerosPrimitiveTensorINS_2R3EE16expected_optionsEv
FN:34,_ZN5neml220ZerosPrimitiveTensorINS_11MillerIndexEE16expected_optionsEv
FN:34,_ZN5neml220ZerosPrimitiveTensorINS_3WR2EE16expected_optionsEv
FN:34,_ZN5neml220ZerosPrimitiveTensorINS_2R4EE16expected_optionsEv
FN:34,_ZN5neml220ZerosPrimitiveTensorINS_6ScalarEE16expected_optionsEv
FN:34,_ZN5neml220ZerosPrimitiveTensorINS_4WWR4EE16expected_optionsEv
FN:34,_ZN5neml220ZerosPrimitiveTensorINS_4SSR4EE16expected_optionsEv
FN:34,_ZN5neml220ZerosPrimitiveTensorINS_4SWR4EE16expected_optionsEv
FN:34,_ZN5neml220ZerosPrimitiveTensorINS_2R2EE16expected_optionsEv
FN:34,_ZN5neml220ZerosPrimitiveTensorINS_3SR2EE16expected_optionsEv
FN:34,_ZN5neml220ZerosPrimitiveTensorINS_3VecEE16expected_optionsEv
FN:34,_ZN5neml220ZerosPrimitiveTensorINS_2R5EE16expected_optionsEv
FN:34,_ZN5neml220ZerosPrimitiveTensorINS_4SFR3EE16expected_optionsEv
FN:34,_ZN5neml220ZerosPrimitiveTensorINS_6SSSSR8EE16expected_optionsEv
FN:34,_ZN5neml220ZerosPrimitiveTensorINS_2R8EE16expected_optionsEv
FN:50,_ZN5neml220ZerosPrimitiveTensorINS_6SSSSR8EEC2ERKNS_9OptionSetE
FN:50,_ZN5neml220ZerosPrimitiveTensorINS_5SSFR5EEC2ERKNS_9OptionSetE
FN:50,_ZN5neml220ZerosPrimitiveTensorINS_11MillerIndexEEC2ERKNS_9OptionSetE
FN:50,_ZN5neml220ZerosPrimitiveTensorINS_3VecEEC2ERKNS_9OptionSetE
FN:50,_ZN5neml220ZerosPrimitiveTensorINS_2R8EEC2ERKNS_9OptionSetE
FN:50,_ZN5neml220ZerosPrimitiveTensorINS_4WSR4EEC2ERKNS_9OptionSetE
FN:50,_ZN5neml220ZerosPrimitiveTensorINS_6ScalarEEC2ERKNS_9OptionSetE
FN:50,_ZN5neml220ZerosPrimitiveTensorINS_2R3EEC2ERKNS_9OptionSetE
FN:50,_ZN5neml220ZerosPrimitiveTensorINS_3SR2EEC2ERKNS_9OptionSetE
FN:50,_ZN5neml220ZerosPrimitiveTensorINS_2R4EEC2ERKNS_9OptionSetE
FN:50,_ZN5neml220ZerosPrimitiveTensorINS_4WWR4EEC2ERKNS_9OptionSetE
FN:50,_ZN5neml220ZerosPrimitiveTensorINS_3WR2EEC2ERKNS_9OptionSetE
FN:50,_ZN5neml220ZerosPrimitiveTensorINS_4SFR3EEC2ERKNS_9OptionSetE
FN:50,_ZN5neml220ZerosPrimitiveTensorINS_2R2EEC2ERKNS_9OptionSetE
FN:50,_ZN5neml220ZerosPrimitiveTensorINS_2R5EEC2ERKNS_9OptionSetE
FN:50,_ZN5neml220ZerosPrimitiveTensorINS_5SFFR4EEC2ERKNS_9OptionSetE
FN:50,_ZN5neml220ZerosPrimitiveTensorINS_4SWR4EEC2ERKNS_9OptionSetE
FN:50,_ZN5neml220ZerosPrimitiveTensorINS_3RotEEC2ERKNS_9OptionSetE
FN:50,_ZN5neml220ZerosPrimitiveTensorINS_10QuaternionEEC2ERKNS_9OptionSetE
FN:50,_ZN5neml220ZerosPrimitiveTensorINS_4SSR4EEC2ERKNS_9OptionSetE
FNDA:0,_ZN5neml220ZerosPrimitiveTensorINS_10QuaternionEEC2ERKNS_9OptionSetE
FNDA:1,_ZN5neml220ZerosPrimitiveTensorINS_3RotEEC2ERKNS_9OptionSetE
FNDA:1,_ZN5neml220ZerosPrimitiveTensorINS_4SSR4EEC2ERKNS_9OptionSetE
FNDA:1,_ZN5neml220ZerosPrimitiveTensorINS_2R2EEC2ERKNS_9OptionSetE
FNDA:0,_ZN5neml220ZerosPrimitiveTensorINS_5SFFR4EEC2ERKNS_9OptionSetE
FNDA:6,_ZN5neml220ZerosPrimitiveTensorINS_2R8EE16expected_optionsEv
FNDA:0,_ZN5neml220ZerosPrimitiveTensorINS_4SWR4EEC2ERKNS_9OptionSetE
FNDA:6,_ZN5neml220ZerosPrimitiveTensorINS_6SSSSR8EE16expected_optionsEv
FNDA:6,_ZN5neml220ZerosPrimitiveTensorINS_4SFR3EE16expected_optionsEv
FNDA:6,_ZN5neml220ZerosPrimitiveTensorINS_2R5EE16expected_optionsEv
FNDA:1,_ZN5neml220ZerosPrimitiveTensorINS_2R5EEC2ERKNS_9OptionSetE
FNDA:0,_ZN5neml220ZerosPrimitiveTensorINS_3WR2EEC2ERKNS_9OptionSetE
FNDA:6,_ZN5neml220ZerosPrimitiveTensorINS_4SWR4EE16expected_optionsEv
FNDA:6,_ZN5neml220ZerosPrimitiveTensorINS_2R2EE16expected_optionsEv
FNDA:6,_ZN5neml220ZerosPrimitiveTensorINS_4WWR4EE16expected_optionsEv
FNDA:6,_ZN5neml220ZerosPrimitiveTensorINS_4SSR4EE16expected_optionsEv
FNDA:1,_ZN5neml220ZerosPrimitiveTensorINS_4SFR3EEC2ERKNS_9OptionSetE
FNDA:6,_ZN5neml220ZerosPrimitiveTensorINS_3VecEE16expected_optionsEv
FNDA:6,_ZN5neml220ZerosPrimitiveTensorINS_3SR2EE16expected_optionsEv
FNDA:1,_ZN5neml220ZerosPrimitiveTensorINS_2R4EEC2ERKNS_9OptionSetE
FNDA:1,_ZN5neml220ZerosPrimitiveTensorINS_3SR2EEC2ERKNS_9OptionSetE
FNDA:0,_ZN5neml220ZerosPrimitiveTensorINS_4WWR4EEC2ERKNS_9OptionSetE
FNDA:6,_ZN5neml220ZerosPrimitiveTensorINS_6ScalarEE16expected_optionsEv
FNDA:6,_ZN5neml220ZerosPrimitiveTensorINS_3WR2EE16expected_optionsEv
FNDA:6,_ZN5neml220ZerosPrimitiveTensorINS_2R4EE16expected_optionsEv
FNDA:6,_ZN5neml220ZerosPrimitiveTensorINS_11MillerIndexEE16expected_optionsEv
FNDA:1,_ZN5neml220ZerosPrimitiveTensorINS_2R3EEC2ERKNS_9OptionSetE
FNDA:6,_ZN5neml220ZerosPrimitiveTensorINS_2R3EE16expected_optionsEv
FNDA:1,_ZN5neml220ZerosPrimitiveTensorINS_6ScalarEEC2ERKNS_9OptionSetE
FNDA:0,_ZN5neml220ZerosPrimitiveTensorINS_4WSR4EEC2ERKNS_9OptionSetE
FNDA:0,_ZN5neml220ZerosPrimitiveTensorINS_2R8EEC2ERKNS_9OptionSetE
FNDA:1,_ZN5neml220ZerosPrimitiveTensorINS_3VecEEC2ERKNS_9OptionSetE
FNDA:0,_ZN5neml220ZerosPrimitiveTensorINS_11MillerIndexEEC2ERKNS_9OptionSetE
FNDA:6,_ZN5neml220ZerosPrimitiveTensorINS_4WSR4EE16expected_optionsEv
FNDA:6,_ZN5neml220ZerosPrimitiveTensorINS_10QuaternionEE16expected_optionsEv
FNDA:6,_ZN5neml220ZerosPrimitiveTensorINS_5SSFR5EE16expected_optionsEv
FNDA:0,_ZN5neml220ZerosPrimitiveTensorINS_6SSSSR8EEC2ERKNS_9OptionSetE
FNDA:6,_ZN5neml220ZerosPrimitiveTensorINS_5SFFR4EE16expected_optionsEv
FNDA:6,_ZN5neml220ZerosPrimitiveTensorINS_3RotEE16expected_optionsEv
FNDA:1,_ZN5neml220ZerosPrimitiveTensorINS_5SSFR5EEC2ERKNS_9OptionSetE
FNF:40
FNH:31
DA:34,120
DA:38,120
DA:40,120
DA:41,120
DA:43,120
DA:44,120
DA:46,240
DA:47,120
DA:50,11
DA:51,11
DA:52,11
DA:54,11
LF:12
LH:12
end_of_record
TN:
SF:/home/runner/work/neml2/neml2/src/neml2/tensors/user_tensors/ZerosTensor.cxx
FN:32,_ZN5neml211ZerosTensor16expected_optionsEv
FN:46,_ZN5neml211ZerosTensorC2ERKNS_9OptionSetE
FNDA:1,_ZN5neml211ZerosTensorC2ERKNS_9OptionSetE
FNDA:6,_ZN5neml211ZerosTensor16expected_optionsEv
FNF:2
FNH:2
DA:32,6
DA:34,6
DA:35,6
DA:37,6
DA:38,6
DA:40,6
DA:41,6
DA:43,6
DA:44,0
DA:46,1
DA:49,1
DA:50,1
DA:52,1
LF:13
LH:12
end_of_record
