TN:
SF:/home/runner/work/neml2/neml2/src/neml2/base/CrossRef.cxx
FN:33,_ZNK5neml28CrossRefIN2at6TensorEEcvS2_Ev
FN:48,_ZNK5neml28CrossRefINS_6TensorEEcvS1_Ev
FN:76,_ZNK5neml28CrossRefINS_4SWR4EEcvS1_Ev
FN:76,_ZNK5neml28CrossRefINS_5SFFR4EEcvS1_Ev
FN:76,_ZNK5neml28CrossRefINS_5SSFR5EEcvS1_Ev
FN:76,_ZNK5neml28CrossRefINS_2R5EEcvS1_Ev
FN:76,_ZNK5neml28CrossRefINS_4SSR4EEcvS1_Ev
FN:76,_ZNK5neml28CrossRefINS_3WR2EEcvS1_Ev
FN:76,_ZNK5neml28CrossRefINS_11MillerIndexEEcvS1_Ev
FN:76,_ZNK5neml28CrossRefINS_3RotEEcvS1_Ev
FN:76,_ZNK5neml28CrossRefINS_3VecEEcvS1_Ev
FN:76,_ZNK5neml28CrossRefINS_6SSSSR8EEcvS1_Ev
FN:76,_ZNK5neml28CrossRefINS_3SR2EEcvS1_Ev
FN:76,_ZNK5neml28CrossRefINS_2R4EEcvS1_Ev
FN:76,_ZNK5neml28CrossRefINS_6ScalarEEcvS1_Ev
FN:76,_ZNK5neml28CrossRefINS_2R8EEcvS1_Ev
FN:76,_ZNK5neml28CrossRefINS_2R2EEcvS1_Ev
FN:76,_ZNK5neml28CrossRefINS_4WSR4EEcvS1_Ev
FN:76,_ZNK5neml28CrossRefINS_4SFR3EEcvS1_Ev
FN:76,_ZNK5neml28CrossRefINS_10QuaternionEEcvS1_Ev
FN:76,_ZNK5neml28CrossRefINS_2R3EEcvS1_Ev
FN:76,_ZNK5neml28CrossRefINS_4WWR4EEcvS1_Ev
FNDA:0,_ZNK5neml28CrossRefINS_5SFFR4EEcvS1_Ev
FNDA:0,_ZNK5neml28CrossRefINS_4SWR4EEcvS1_Ev
FNDA:0,_ZNK5neml28CrossRefINS_3WR2EEcvS1_Ev
FNDA:0,_ZNK5neml28CrossRefINS_2R5EEcvS1_Ev
FNDA:0,_ZNK5neml28CrossRefINS_5SSFR5EEcvS1_Ev
FNDA:0,_ZNK5neml28CrossRefINS_4SSR4EEcvS1_Ev
FNDA:0,_ZNK5neml28CrossRefINS_3VecEEcvS1_Ev
FNDA:0,_ZNK5neml28CrossRefINS_3RotEEcvS1_Ev
FNDA:0,_ZNK5neml28CrossRefINS_2R4EEcvS1_Ev
FNDA:0,_ZNK5neml28CrossRefINS_3SR2EEcvS1_Ev
FNDA:0,_ZNK5neml28CrossRefINS_6SSSSR8EEcvS1_Ev
FNDA:0,_ZNK5neml28CrossRefINS_11MillerIndexEEcvS1_Ev
FNDA:0,_ZNK5neml28CrossRefINS_10QuaternionEEcvS1_Ev
FNDA:0,_ZNK5neml28CrossRefINS_4WWR4EEcvS1_Ev
FNDA:0,_ZNK5neml28CrossRefINS_2R3EEcvS1_Ev
FNDA:0,_ZNK5neml28CrossRefINS_2R8EEcvS1_Ev
FNDA:0,_ZNK5neml28CrossRefINS_6TensorEEcvS1_Ev
FNDA:0,_ZNK5neml28CrossRefINS_6ScalarEEcvS1_Ev
FNDA:0,_ZNK5neml28CrossRefINS_4SFR3EEcvS1_Ev
FNDA:0,_ZNK5neml28CrossRefINS_4WSR4EEcvS1_Ev
FNDA:0,_ZNK5neml28CrossRefINS_2R2EEcvS1_Ev
FNDA:0,_ZNK5neml28CrossRefIN2at6TensorEEcvS2_Ev
FNF:22
FNH:0
DA:33,0
DA:38,0
DA:40,0
DA:43,0
DA:44,0
DA:48,0
DA:53,0
DA:55,0
DA:58,0
DA:59,0
DA:76,0
LF:11
LH:0
end_of_record
TN:
SF:/home/runner/work/neml2/neml2/src/neml2/base/DiagnosticsInterface.cxx
FN:31,_ZN5neml28diagnoseERKNS_20DiagnosticsInterfaceE
FN:45,_ZN5neml220DiagnosticsInterfaceC2EPNS_11NEML2ObjectE
FN:51,_ZNK5neml220DiagnosticsInterface23diagnostic_assert_stateERSt6vectorINS_9DiagnosisESaIS2_EERKNS_12VariableBaseE
FN:59,_ZNK5neml220DiagnosticsInterface27diagnostic_assert_old_stateERSt6vectorINS_9DiagnosisESaIS2_EERKNS_12VariableBaseE
FN:72,_ZNK5neml220DiagnosticsInterface23diagnostic_assert_forceERSt6vectorINS_9DiagnosisESaIS2_EERKNS_12VariableBaseE
FN:80,_ZNK5neml220DiagnosticsInterface27diagnostic_assert_old_forceERSt6vectorINS_9DiagnosisESaIS2_EERKNS_12VariableBaseE
FN:93,_ZNK5neml220DiagnosticsInterface26diagnostic_assert_residualERSt6vectorINS_9DiagnosisESaIS2_EERKNS_12VariableBaseE
FN:106,_ZNK5neml220DiagnosticsInterface31diagnostic_check_input_variableERSt6vectorINS_9DiagnosisESaIS2_EERKNS_12VariableBaseE
FN:130,_ZNK5neml220DiagnosticsInterface32diagnostic_check_output_variableERSt6vectorINS_9DiagnosisESaIS2_EERKNS_12VariableBaseE
FNDA:0,_ZN5neml220DiagnosticsInterfaceC2EPNS_11NEML2ObjectE
FNDA:0,_ZNK5neml220DiagnosticsInterface27diagnostic_assert_old_stateERSt6vectorINS_9DiagnosisESaIS2_EERKNS_12VariableBaseE
FNDA:0,_ZNK5neml220DiagnosticsInterface32diagnostic_check_output_variableERSt6vectorINS_9DiagnosisESaIS2_EERKNS_12VariableBaseE
FNDA:0,_ZNK5neml220DiagnosticsInterface26diagnostic_assert_residualERSt6vectorINS_9DiagnosisESaIS2_EERKNS_12VariableBaseE
FNDA:0,_ZNK5neml220DiagnosticsInterface27diagnostic_assert_old_forceERSt6vectorINS_9DiagnosisESaIS2_EERKNS_12VariableBaseE
FNDA:0,_ZN5neml28diagnoseERKNS_20DiagnosticsInterfaceE
FNDA:0,_ZNK5neml220DiagnosticsInterface23diagnostic_assert_forceERSt6vectorINS_9DiagnosisESaIS2_EERKNS_12VariableBaseE
FNDA:0,_ZNK5neml220DiagnosticsInterface23diagnostic_assert_stateERSt6vectorINS_9DiagnosisESaIS2_EERKNS_12VariableBaseE
FNDA:0,_ZNK5neml220DiagnosticsInterface31diagnostic_check_input_variableERSt6vectorINS_9DiagnosisESaIS2_EERKNS_12VariableBaseE
FNF:9
FNH:0
DA:31,0
DA:33,0
DA:34,0
DA:36,0
DA:38,0
DA:39,0
DA:40,0
DA:41,0
DA:42,0
DA:43,0
DA:45,0
DA:46,0
DA:48,0
DA:51,0
DA:54,0
DA:55,0
DA:56,0
DA:59,0
DA:62,0
DA:63,0
DA:65,0
DA:69,0
DA:72,0
DA:75,0
DA:76,0
DA:77,0
DA:80,0
DA:83,0
DA:84,0
DA:86,0
DA:90,0
DA:93,0
DA:96,0
DA:97,0
DA:99,0
DA:103,0
DA:106,0
DA:109,0
DA:110,0
DA:111,0
DA:113,0
DA:127,0
DA:130,0
DA:133,0
DA:134,0
DA:136,0
DA:146,0
LF:47
LH:0
end_of_record
TN:
SF:/home/runner/work/neml2/neml2/src/neml2/base/EnumSelection.cxx
FN:31,_ZN5neml2lsERSoRKNS_13EnumSelectionE
FN:38,_ZN5neml2rsERSt18basic_stringstreamIcSt11char_traitsIcESaIcEERNS_13EnumSelectionE
FN:44,_ZN5neml213EnumSelectionC2ERKSt6vectorISsSaISsEERKSs
FN:51,_ZN5neml213EnumSelectionC2ERKSt6vectorISsSaISsEERKS1_IiSaIiEERKSs
FN:60,_ZNK5neml213EnumSelectioneqERKS0_
FN:67,_ZNK5neml213EnumSelectionneERKS0_
FN:73,_ZNK5neml213EnumSelectioneqERKSs
FN:79,_ZNK5neml213EnumSelectionneERKSs
FN:85,_ZN5neml213EnumSelection6selectERKSs
FNDA:0,_ZN5neml2rsERSt18basic_stringstreamIcSt11char_traitsIcESaIcEERNS_13EnumSelectionE
FNDA:29,_ZN5neml213EnumSelection6selectERKSs
FNDA:14,_ZN5neml2lsERSoRKNS_13EnumSelectionE
FNDA:0,_ZNK5neml213EnumSelectionneERKS0_
FNDA:9,_ZN5neml213EnumSelectionC2ERKSt6vectorISsSaISsEERKS1_IiSaIiEERKSs
FNDA:20,_ZN5neml213EnumSelectionC2ERKSt6vectorISsSaISsEERKSs
FNDA:0,_ZNK5neml213EnumSelectioneqERKSs
FNDA:0,_ZNK5neml213EnumSelectionneERKSs
FNDA:0,_ZNK5neml213EnumSelectioneqERKS0_
FNF:9
FNH:4
DA:31,14
DA:33,14
DA:34,14
DA:38,0
DA:40,0
DA:41,0
DA:44,20
DA:45,20
DA:46,20
DA:48,20
DA:49,20
DA:51,9
DA:53,9
DA:54,9
DA:56,9
DA:57,9
DA:60,0
DA:62,0
DA:63,0
DA:67,0
DA:69,0
DA:73,0
DA:75,0
DA:79,0
DA:81,0
DA:85,29
DA:87,29
DA:89,58
DA:90,29
DA:91,29
DA:92,29
LF:31
LH:19
end_of_record
TN:
SF:/home/runner/work/neml2/neml2/src/neml2/base/EnumSelectionBase.cxx
FN:30,_ZN5neml217EnumSelectionBaseC2ERKSt6vectorISsSaISsEE
FN:41,_ZN5neml217EnumSelectionBaseC2ERKSt6vectorISsSaISsEERKS1_IiSaIiEE
FN:59,_ZNK5neml217EnumSelectionBase14candidates_strEv
FNDA:20,_ZN5neml217EnumSelectionBaseC2ERKSt6vectorISsSaISsEE
FNDA:19,_ZN5neml217EnumSelectionBaseC2ERKSt6vectorISsSaISsEERKS1_IiSaIiEE
FNDA:78,_ZNK5neml217EnumSelectionBase14candidates_strEv
FNF:3
FNH:3
DA:30,20
DA:32,20
DA:33,20
DA:36,20
DA:37,70
DA:38,50
DA:39,20
DA:41,19
DA:42,19
DA:44,19
DA:47,19
DA:48,19
DA:51,19
DA:52,19
DA:54,98
DA:55,79
DA:56,19
DA:59,78
DA:61,78
DA:62,336
DA:63,258
DA:64,156
DA:65,78
LF:23
LH:23
end_of_record
TN:
SF:/home/runner/work/neml2/neml2/src/neml2/base/Factory.cxx
FN:35,_ZN5neml210load_inputERKNSt10filesystem4pathERKSs
FN:52,_ZN5neml212reload_inputERKNSt10filesystem4pathERKSs
FN:59,_ZN5neml29get_modelERKSsb
FN:66,_ZN5neml210load_modelERKNSt10filesystem4pathERKSs
FN:73,_ZN5neml212reload_modelERKNSt10filesystem4pathERKSs
FN:80,_ZN5neml210get_driverERKSs
FN:86,_ZN5neml27Factory3getEv
FN:93,_ZN5neml27Factory12load_optionsERKNS_16OptionCollectionE
FN:104,_ZN5neml27Factory14loaded_optionsEv
FN:111,_ZN5neml27Factory13create_objectERKSsRKNS_9OptionSetE
FN:146,_ZN5neml27Factory5clearEv
FNDA:0,_ZN5neml27Factory13create_objectERKSsRKNS_9OptionSetE
FNDA:0,_ZN5neml27Factory12load_optionsERKNS_16OptionCollectionE
FNDA:0,_ZN5neml210get_driverERKSs
FNDA:0,_ZN5neml210load_inputERKNSt10filesystem4pathERKSs
FNDA:0,_ZN5neml210load_modelERKNSt10filesystem4pathERKSs
FNDA:0,_ZN5neml27Factory3getEv
FNDA:0,_ZN5neml212reload_modelERKNSt10filesystem4pathERKSs
FNDA:0,_ZN5neml29get_modelERKSsb
FNDA:0,_ZN5neml212reload_inputERKNSt10filesystem4pathERKSs
FNDA:0,_ZN5neml27Factory14loaded_optionsEv
FNDA:0,_ZN5neml27Factory5clearEv
FNF:11
FNH:0
DA:35,0
DA:37,0
DA:40,0
DA:42,0
DA:43,0
DA:44,0
DA:46,0
DA:48,0
DA:49,0
DA:52,0
DA:54,0
DA:55,0
DA:56,0
DA:59,0
DA:61,0
DA:62,0
DA:63,0
DA:66,0
DA:68,0
DA:69,0
DA:73,0
DA:75,0
DA:76,0
DA:80,0
DA:82,0
DA:86,0
DA:88,0
DA:89,0
DA:93,0
DA:95,0
DA:97,0
DA:100,0
DA:101,0
DA:104,0
DA:106,0
DA:107,0
DA:111,0
DA:113,0
DA:114,0
DA:116,0
DA:117,0
DA:118,0
DA:122,0
DA:124,0
DA:126,0
DA:127,0
DA:128,0
DA:129,0
DA:146,0
DA:148,0
DA:149,0
LF:51
LH:0
end_of_record
TN:
SF:/home/runner/work/neml2/neml2/src/neml2/base/HITParser.cxx
FN:39,_ZNK5neml29HITParser5parseERKNSt10filesystem4pathERKSs
FN:96,_ZNK5neml29HITParser22extract_object_optionsEPN3hit4NodeES3_
FN:113,_ZNK5neml29HITParser15extract_optionsEPN3hit4NodeERNS_9OptionSetE
FN:122,_ZNK5neml29HITParser14extract_optionEPN3hit4NodeERNS_9OptionSetE
FNDA:0,_ZNK5neml29HITParser22extract_object_optionsEPN3hit4NodeES3_
FNDA:0,_ZNK5neml29HITParser14extract_optionEPN3hit4NodeERNS_9OptionSetE
FNDA:0,_ZNK5neml29HITParser5parseERKNSt10filesystem4pathERKSs
FNDA:0,_ZNK5neml29HITParser15extract_optionsEPN3hit4NodeERNS_9OptionSetE
FNF:4
FNH:0
DA:39,0
DA:42,0
DA:43,0
DA:46,0
DA:47,0
DA:48,0
DA:51,0
DA:52,0
DA:55,0
DA:58,0
DA:59,0
DA:60,0
DA:63,0
DA:64,0
DA:65,0
DA:66,0
DA:67,0
DA:68,0
DA:70,0
DA:73,0
DA:74,0
DA:75,0
DA:78,0
DA:80,0
DA:81,0
DA:83,0
DA:84,0
DA:86,0
DA:87,0
DA:88,0
DA:89,0
DA:92,0
DA:93,0
DA:96,0
DA:99,0
DA:101,0
DA:102,0
DA:105,0
DA:106,0
DA:107,0
DA:109,0
DA:110,0
DA:113,0
DA:115,0
DA:116,0
DA:117,0
DA:118,0
DA:122,0
DA:135,0
DA:137,0
DA:138,0
DA:139,0
DA:141,0
DA:143,0
DA:146,0
DA:150,0
DA:151,0
DA:152,0
DA:153,0
DA:154,0
DA:155,0
DA:156,0
DA:157,0
DA:158,0
DA:159,0
DA:160,0
DA:161,0
DA:166,0
DA:168,0
DA:170,0
DA:172,0
LF:71
LH:0
end_of_record
TN:
SF:/home/runner/work/neml2/neml2/src/neml2/base/MultiEnumSelection.cxx
FN:31,_ZN5neml2lsERSoRKNS_18MultiEnumSelectionE
FN:38,_ZN5neml2rsERSt18basic_stringstreamIcSt11char_traitsIcESaIcEERNS_18MultiEnumSelectionE
FN:44,_ZN5neml218MultiEnumSelectionC2ERKSt6vectorISsSaISsEES5_
FN:51,_ZN5neml218MultiEnumSelectionC2ERKSt6vectorISsSaISsEERKS1_IiSaIiEES5_
FN:60,_ZNK5neml218MultiEnumSelectioneqERKS0_
FN:67,_ZNK5neml218MultiEnumSelectionneERKS0_
FN:73,_ZN5neml218MultiEnumSelection6selectERKSt6vectorISsSaISsEE
FNDA:4,_ZN5neml2lsERSoRKNS_18MultiEnumSelectionE
FNDA:10,_ZN5neml218MultiEnumSelectionC2ERKSt6vectorISsSaISsEERKS1_IiSaIiEES5_
FNDA:0,_ZNK5neml218MultiEnumSelectioneqERKS0_
FNDA:10,_ZN5neml218MultiEnumSelection6selectERKSt6vectorISsSaISsEE
FNDA:0,_ZN5neml2rsERSt18basic_stringstreamIcSt11char_traitsIcESaIcEERNS_18MultiEnumSelectionE
FNDA:0,_ZN5neml218MultiEnumSelectionC2ERKSt6vectorISsSaISsEES5_
FNDA:0,_ZNK5neml218MultiEnumSelectionneERKS0_
FNF:7
FNH:3
DA:31,4
DA:33,4
DA:34,4
DA:38,0
DA:40,0
DA:41,0
DA:44,0
DA:45,0
DA:46,0
DA:48,0
DA:49,0
DA:51,10
DA:53,10
DA:54,10
DA:56,10
DA:57,10
DA:60,0
DA:62,0
DA:63,0
DA:67,0
DA:69,0
DA:73,10
DA:75,10
DA:76,10
DA:77,20
DA:79,10
DA:81,20
DA:82,10
DA:83,10
DA:85,10
LF:30
LH:17
end_of_record
TN:
SF:/home/runner/work/neml2/neml2/src/neml2/base/NEML2Object.cxx
FN:29,_ZN5neml211NEML2Object16expected_optionsEv
FN:37,_ZN5neml211NEML2ObjectC2ERKNS_9OptionSetE
FNDA:1455,_ZN5neml211NEML2Object16expected_optionsEv
FNDA:0,_ZN5neml211NEML2ObjectC2ERKNS_9OptionSetE
FNF:2
FNH:1
DA:29,1455
DA:31,1455
DA:32,1455
DA:33,1455
DA:34,1455
DA:35,0
DA:37,0
DA:38,0
DA:39,0
DA:41,0
LF:10
LH:5
end_of_record
TN:
SF:/home/runner/work/neml2/neml2/src/neml2/base/OptionCollection.cxx
FN:30,_ZN5neml216OptionCollectionixERKSs
FN:36,_ZNK5neml216OptionCollectionixERKSs
FNDA:0,_ZN5neml216OptionCollectionixERKSs
FNDA:0,_ZNK5neml216OptionCollectionixERKSs
FNF:2
FNH:0
DA:30,0
DA:32,0
DA:36,0
DA:38,0
LF:4
LH:0
end_of_record
TN:
SF:/home/runner/work/neml2/neml2/src/neml2/base/OptionSet.cxx
FN:31,_ZN5neml218options_compatibleERKNS_9OptionSetES2_
FN:44,_ZNK5neml29OptionSet8containsERKSs
FN:50,_ZNK5neml29OptionSet3getERKSs
FN:62,_ZN5neml29OptionSet3setERKSs
FN:74,_ZN5neml29OptionSet9set_inputERKSs
FN:80,_ZN5neml29OptionSet10set_outputERKSs
FN:86,_ZN5neml29OptionSet5clearEv
FN:91,_ZN5neml29OptionSetC2ERKS0_
FN:93,_ZN5neml29OptionSetC2EOS0_
FN:96,_ZN5neml29OptionSetaSERKS0_
FN:105,_ZN5neml29OptionSetaSEOS0_
FN:114,_ZN5neml29OptionSetpLERKS0_
FN:121,_ZN5neml29OptionSetpLEOS0_
FN:190,_ZN5neml29OptionSet5beginEv
FN:196,_ZNK5neml29OptionSet5beginEv
FN:202,_ZN5neml29OptionSet3endEv
FN:208,_ZNK5neml29OptionSet3endEv
FNDA:645,_ZN5neml29OptionSetpLEOS0_
FNDA:2037,_ZN5neml29OptionSetpLERKS0_
FNDA:10675,_ZN5neml29OptionSet3setERKSs
FNDA:0,_ZN5neml29OptionSetaSEOS0_
FNDA:10675,_ZNK5neml29OptionSet8containsERKSs
FNDA:0,_ZN5neml29OptionSetC2EOS0_
FNDA:0,_ZN5neml29OptionSet5beginEv
FNDA:345,_ZN5neml29OptionSet10set_outputERKSs
FNDA:2037,_ZN5neml29OptionSet5clearEv
FNDA:0,_ZNK5neml29OptionSet3endEv
FNDA:0,_ZN5neml218options_compatibleERKNS_9OptionSetES2_
FNDA:0,_ZNK5neml29OptionSet5beginEv
FNDA:0,_ZNK5neml29OptionSet3getERKSs
FNDA:760,_ZN5neml29OptionSet9set_inputERKSs
FNDA:582,_ZN5neml29OptionSetC2ERKS0_
FNDA:0,_ZN5neml29OptionSet3endEv
FNDA:2037,_ZN5neml29OptionSetaSERKS0_
FNF:17
FNH:9
DA:31,0
DA:33,0
DA:35,0
DA:36,0
DA:37,0
DA:38,0
DA:40,0
DA:44,10675
DA:46,10675
DA:50,0
DA:52,0
DA:58,0
DA:62,10675
DA:64,10675
DA:70,10675
DA:74,760
DA:76,760
DA:80,345
DA:82,345
DA:86,2037
DA:88,2037
DA:89,2037
DA:91,582
DA:93,0
DA:96,2037
DA:98,2037
DA:99,2037
DA:100,2037
DA:101,2037
DA:105,0
DA:107,0
DA:108,0
DA:109,0
DA:110,0
DA:114,2037
DA:116,14126
DA:117,12089
DA:118,2037
DA:121,645
DA:123,2580
DA:124,1935
DA:125,645
DA:190,0
DA:192,0
DA:196,0
DA:198,0
DA:202,0
DA:204,0
DA:208,0
DA:210,0
LF:50
LH:26
end_of_record
TN:
SF:/home/runner/work/neml2/neml2/src/neml2/base/Registry.cxx
FN:31,_ZN5neml28Registry3getEv
FN:38,_ZN5neml28Registry16expected_optionsEv
FN:45,_ZN5neml28Registry16expected_optionsERKSs
FN:56,_ZN5neml28Registry11syntax_typeERKSs
FN:63,_ZN5neml28Registry7builderERKSs
FN:74,_ZN5neml28Registry9add_innerERKSsS2_RKNS_9OptionSetEPFSt10shared_ptrINS_11NEML2ObjectEES5_E
FNDA:1455,_ZN5neml28Registry9add_innerERKSsS2_RKNS_9OptionSetEPFSt10shared_ptrINS_11NEML2ObjectEES5_E
FNDA:2,_ZN5neml28Registry16expected_optionsEv
FNDA:0,_ZN5neml28Registry16expected_optionsERKSs
FNDA:582,_ZN5neml28Registry11syntax_typeERKSs
FNDA:0,_ZN5neml28Registry7builderERKSs
FNDA:2039,_ZN5neml28Registry3getEv
FNF:6
FNH:4
DA:31,2039
DA:33,2039
DA:34,2039
DA:38,2
DA:40,2
DA:41,2
DA:45,0
DA:47,0
DA:48,0
DA:49,0
DA:52,0
DA:56,582
DA:58,582
DA:59,582
DA:63,0
DA:65,0
DA:66,0
DA:67,0
DA:70,0
DA:74,1455
DA:79,1455
DA:80,1455
DA:85,1455
DA:86,1455
DA:87,1455
DA:88,1455
LF:26
LH:16
end_of_record
TN:
SF:/home/runner/work/neml2/neml2/src/neml2/base/Settings.cxx
FN:33,_ZN5neml28Settings16expected_optionsEv
FN:99,_ZN5neml28SettingsC2ERKNS_9OptionSetE
FNDA:2,_ZN5neml28Settings16expected_optionsEv
FNDA:0,_ZN5neml28SettingsC2ERKNS_9OptionSetE
FNF:2
FNH:1
DA:33,2
DA:35,2
DA:36,2
DA:37,2
DA:39,2
DA:45,12
DA:46,2
DA:47,4
DA:48,6
DA:55,14
DA:56,2
DA:57,4
DA:58,6
DA:60,2
DA:61,4
DA:66,2
DA:68,2
DA:69,4
DA:70,2
DA:72,2
DA:73,2
DA:75,2
DA:76,2
DA:78,2
DA:79,4
DA:80,2
DA:82,2
DA:83,4
DA:84,2
DA:86,2
DA:87,4
DA:89,2
DA:91,2
DA:92,4
DA:94,2
DA:96,4
DA:97,2
DA:99,0
DA:102,0
DA:103,0
DA:106,0
DA:109,0
DA:112,0
DA:115,0
DA:116,0
DA:119,0
DA:120,0
DA:121,0
DA:124,0
DA:125,0
DA:126,0
DA:129,0
DA:130,0
DA:133,0
DA:134,0
LF:55
LH:37
end_of_record
TN:
SF:/home/runner/work/neml2/neml2/src/neml2/drivers/Driver.cxx
FN:30,_ZN5neml26Driver16expected_optionsEv
FN:41,_ZN5neml26DriverC2ERKNS_9OptionSetE
FNDA:10,_ZN5neml26Driver16expected_optionsEv
FNDA:0,_ZN5neml26DriverC2ERKNS_9OptionSetE
FNF:2
FNH:1
DA:30,10
DA:32,10
DA:33,10
DA:35,10
DA:36,10
DA:38,10
DA:39,0
DA:41,0
DA:44,0
DA:46,0
LF:10
LH:6
end_of_record
TN:
SF:/home/runner/work/neml2/neml2/src/neml2/drivers/TransientDriver.cxx
FN:33,_ZN5neml26set_icINS_2R2EEEvRSt3mapINS_19LabeledAxisAccessorENS_6TensorESt4lessIS3_ESaISt4pairIKS3_S4_EEERKNS_9OptionSetERKSsSH_RKN3c106DeviceE
FN:33,_ZN5neml26set_icINS_5SFFR4EEEvRSt3mapINS_19LabeledAxisAccessorENS_6TensorESt4lessIS3_ESaISt4pairIKS3_S4_EEERKNS_9OptionSetERKSsSH_RKN3c106DeviceE
FN:33,_ZN5neml26set_icINS_6SSSSR8EEEvRSt3mapINS_19LabeledAxisAccessorENS_6TensorESt4lessIS3_ESaISt4pairIKS3_S4_EEERKNS_9OptionSetERKSsSH_RKN3c106DeviceE
FN:33,_ZN5neml26set_icINS_4SSR4EEEvRSt3mapINS_19LabeledAxisAccessorENS_6TensorESt4lessIS3_ESaISt4pairIKS3_S4_EEERKNS_9OptionSetERKSsSH_RKN3c106DeviceE
FN:33,_ZN5neml26set_icINS_3SR2EEEvRSt3mapINS_19LabeledAxisAccessorENS_6TensorESt4lessIS3_ESaISt4pairIKS3_S4_EEERKNS_9OptionSetERKSsSH_RKN3c106DeviceE
FN:33,_ZN5neml26set_icINS_4SWR4EEEvRSt3mapINS_19LabeledAxisAccessorENS_6TensorESt4lessIS3_ESaISt4pairIKS3_S4_EEERKNS_9OptionSetERKSsSH_RKN3c106DeviceE
FN:33,_ZN5neml26set_icINS_4WWR4EEEvRSt3mapINS_19LabeledAxisAccessorENS_6TensorESt4lessIS3_ESaISt4pairIKS3_S4_EEERKNS_9OptionSetERKSsSH_RKN3c106DeviceE
FN:33,_ZN5neml26set_icINS_11MillerIndexEEEvRSt3mapINS_19LabeledAxisAccessorENS_6TensorESt4lessIS3_ESaISt4pairIKS3_S4_EEERKNS_9OptionSetERKSsSH_RKN3c106DeviceE
FN:33,_ZN5neml26set_icINS_2R5EEEvRSt3mapINS_19LabeledAxisAccessorENS_6TensorESt4lessIS3_ESaISt4pairIKS3_S4_EEERKNS_9OptionSetERKSsSH_RKN3c106DeviceE
FN:33,_ZN5neml26set_icINS_4SFR3EEEvRSt3mapINS_19LabeledAxisAccessorENS_6TensorESt4lessIS3_ESaISt4pairIKS3_S4_EEERKNS_9OptionSetERKSsSH_RKN3c106DeviceE
FN:33,_ZN5neml26set_icINS_6TensorEEEvRSt3mapINS_19LabeledAxisAccessorES1_St4lessIS3_ESaISt4pairIKS3_S1_EEERKNS_9OptionSetERKSsSG_RKN3c106DeviceE
FN:33,_ZN5neml26set_icINS_2R3EEEvRSt3mapINS_19LabeledAxisAccessorENS_6TensorESt4lessIS3_ESaISt4pairIKS3_S4_EEERKNS_9OptionSetERKSsSH_RKN3c106DeviceE
FN:33,_ZN5neml26set_icINS_3VecEEEvRSt3mapINS_19LabeledAxisAccessorENS_6TensorESt4lessIS3_ESaISt4pairIKS3_S4_EEERKNS_9OptionSetERKSsSH_RKN3c106DeviceE
FN:33,_ZN5neml26set_icINS_6ScalarEEEvRSt3mapINS_19LabeledAxisAccessorENS_6TensorESt4lessIS3_ESaISt4pairIKS3_S4_EEERKNS_9OptionSetERKSsSH_RKN3c106DeviceE
FN:33,_ZN5neml26set_icINS_5SSFR5EEEvRSt3mapINS_19LabeledAxisAccessorENS_6TensorESt4lessIS3_ESaISt4pairIKS3_S4_EEERKNS_9OptionSetERKSsSH_RKN3c106DeviceE
FN:33,_ZN5neml26set_icINS_4WSR4EEEvRSt3mapINS_19LabeledAxisAccessorENS_6TensorESt4lessIS3_ESaISt4pairIKS3_S4_EEERKNS_9OptionSetERKSsSH_RKN3c106DeviceE
FN:33,_ZN5neml26set_icINS_2R8EEEvRSt3mapINS_19LabeledAxisAccessorENS_6TensorESt4lessIS3_ESaISt4pairIKS3_S4_EEERKNS_9OptionSetERKSsSH_RKN3c106DeviceE
FN:33,_ZN5neml26set_icINS_3RotEEEvRSt3mapINS_19LabeledAxisAccessorENS_6TensorESt4lessIS3_ESaISt4pairIKS3_S4_EEERKNS_9OptionSetERKSsSH_RKN3c106DeviceE
FN:33,_ZN5neml26set_icINS_10QuaternionEEEvRSt3mapINS_19LabeledAxisAccessorENS_6TensorESt4lessIS3_ESaISt4pairIKS3_S4_EEERKNS_9OptionSetERKSsSH_RKN3c106DeviceE
FN:33,_ZN5neml26set_icINS_2R4EEEvRSt3mapINS_19LabeledAxisAccessorENS_6TensorESt4lessIS3_ESaISt4pairIKS3_S4_EEERKNS_9OptionSetERKSsSH_RKN3c106DeviceE
FN:33,_ZN5neml26set_icINS_3WR2EEEvRSt3mapINS_19LabeledAxisAccessorENS_6TensorESt4lessIS3_ESaISt4pairIKS3_S4_EEERKNS_9OptionSetERKSsSH_RKN3c106DeviceE
FN:61,_ZN5neml215TransientDriver16expected_optionsEv
FN:110,_ZN5neml215TransientDriverC2ERKNS_9OptionSetE
FN:130,_ZNK5neml215TransientDriver8diagnoseERSt6vectorINS_9DiagnosisESaIS2_EE
FN:154,_ZN5neml215TransientDriver3runEv
FN:177,_ZN5neml215TransientDriver5solveEv
FN:211,_ZN5neml215TransientDriver12advance_stepEv
FN:231,_ZN5neml215TransientDriver13update_forcesEv
FN:238,_ZN5neml215TransientDriver8apply_icEv
FN:252,_ZN5neml215TransientDriver15apply_predictorEv
FN:288,_ZN5neml215TransientDriver10solve_stepEv
FN:294,_ZN5neml215TransientDriver11store_inputEv
FN:300,_ZNK5neml215TransientDriver12save_as_pathEv
FN:306,_ZNK5neml215TransientDriver6resultEv
FN:337,_ZNK5neml215TransientDriver6outputEv
FN:361,_ZNK5neml215TransientDriver9output_ptERKNSt10filesystem4pathE
FNDA:0,_ZN5neml26set_icINS_11MillerIndexEEEvRSt3mapINS_19LabeledAxisAccessorENS_6TensorESt4lessIS3_ESaISt4pairIKS3_S4_EEERKNS_9OptionSetERKSsSH_RKN3c106DeviceE
FNDA:0,_ZN5neml26set_icINS_2R5EEEvRSt3mapINS_19LabeledAxisAccessorENS_6TensorESt4lessIS3_ESaISt4pairIKS3_S4_EEERKNS_9OptionSetERKSsSH_RKN3c106DeviceE
FNDA:0,_ZNK5neml215TransientDriver9output_ptERKNSt10filesystem4pathE
FNDA:0,_ZN5neml26set_icINS_4SFR3EEEvRSt3mapINS_19LabeledAxisAccessorENS_6TensorESt4lessIS3_ESaISt4pairIKS3_S4_EEERKNS_9OptionSetERKSsSH_RKN3c106DeviceE
FNDA:0,_ZN5neml26set_icINS_2R3EEEvRSt3mapINS_19LabeledAxisAccessorENS_6TensorESt4lessIS3_ESaISt4pairIKS3_S4_EEERKNS_9OptionSetERKSsSH_RKN3c106DeviceE
FNDA:0,_ZN5neml26set_icINS_6TensorEEEvRSt3mapINS_19LabeledAxisAccessorES1_St4lessIS3_ESaISt4pairIKS3_S1_EEERKNS_9OptionSetERKSsSG_RKN3c106DeviceE
FNDA:10,_ZN5neml215TransientDriver16expected_optionsEv
FNDA:0,_ZN5neml26set_icINS_3VecEEEvRSt3mapINS_19LabeledAxisAccessorENS_6TensorESt4lessIS3_ESaISt4pairIKS3_S4_EEERKNS_9OptionSetERKSsSH_RKN3c106DeviceE
FNDA:0,_ZN5neml215TransientDriver5solveEv
FNDA:0,_ZN5neml26set_icINS_2R2EEEvRSt3mapINS_19LabeledAxisAccessorENS_6TensorESt4lessIS3_ESaISt4pairIKS3_S4_EEERKNS_9OptionSetERKSsSH_RKN3c106DeviceE
FNDA:0,_ZN5neml26set_icINS_6SSSSR8EEEvRSt3mapINS_19LabeledAxisAccessorENS_6TensorESt4lessIS3_ESaISt4pairIKS3_S4_EEERKNS_9OptionSetERKSsSH_RKN3c106DeviceE
FNDA:0,_ZN5neml26set_icINS_5SFFR4EEEvRSt3mapINS_19LabeledAxisAccessorENS_6TensorESt4lessIS3_ESaISt4pairIKS3_S4_EEERKNS_9OptionSetERKSsSH_RKN3c106DeviceE
FNDA:0,_ZN5neml215TransientDriver13update_forcesEv
FNDA:0,_ZN5neml26set_icINS_3SR2EEEvRSt3mapINS_19LabeledAxisAccessorENS_6TensorESt4lessIS3_ESaISt4pairIKS3_S4_EEERKNS_9OptionSetERKSsSH_RKN3c106DeviceE
FNDA:0,_ZN5neml26set_icINS_4SSR4EEEvRSt3mapINS_19LabeledAxisAccessorENS_6TensorESt4lessIS3_ESaISt4pairIKS3_S4_EEERKNS_9OptionSetERKSsSH_RKN3c106DeviceE
FNDA:0,_ZN5neml26set_icINS_4WWR4EEEvRSt3mapINS_19LabeledAxisAccessorENS_6TensorESt4lessIS3_ESaISt4pairIKS3_S4_EEERKNS_9OptionSetERKSsSH_RKN3c106DeviceE
FNDA:0,_ZN5neml215TransientDriver12advance_stepEv
FNDA:0,_ZN5neml26set_icINS_4SWR4EEEvRSt3mapINS_19LabeledAxisAccessorENS_6TensorESt4lessIS3_ESaISt4pairIKS3_S4_EEERKNS_9OptionSetERKSsSH_RKN3c106DeviceE
FNDA:0,_ZN5neml215TransientDriver10solve_stepEv
FNDA:0,_ZN5neml215TransientDriver15apply_predictorEv
FNDA:0,_ZN5neml215TransientDriver3runEv
FNDA:0,_ZN5neml26set_icINS_2R8EEEvRSt3mapINS_19LabeledAxisAccessorENS_6TensorESt4lessIS3_ESaISt4pairIKS3_S4_EEERKNS_9OptionSetERKSsSH_RKN3c106DeviceE
FNDA:0,_ZNK5neml215TransientDriver12save_as_pathEv
FNDA:0,_ZN5neml26set_icINS_3RotEEEvRSt3mapINS_19LabeledAxisAccessorENS_6TensorESt4lessIS3_ESaISt4pairIKS3_S4_EEERKNS_9OptionSetERKSsSH_RKN3c106DeviceE
FNDA:0,_ZNK5neml215TransientDriver6outputEv
FNDA:0,_ZN5neml26set_icINS_10QuaternionEEEvRSt3mapINS_19LabeledAxisAccessorENS_6TensorESt4lessIS3_ESaISt4pairIKS3_S4_EEERKNS_9OptionSetERKSsSH_RKN3c106DeviceE
FNDA:0,_ZN5neml26set_icINS_2R4EEEvRSt3mapINS_19LabeledAxisAccessorENS_6TensorESt4lessIS3_ESaISt4pairIKS3_S4_EEERKNS_9OptionSetERKSsSH_RKN3c106DeviceE
FNDA:0,_ZNK5neml215TransientDriver8diagnoseERSt6vectorINS_9DiagnosisESaIS2_EE
FNDA:0,_ZN5neml26set_icINS_3WR2EEEvRSt3mapINS_19LabeledAxisAccessorENS_6TensorESt4lessIS3_ESaISt4pairIKS3_S4_EEERKNS_9OptionSetERKSsSH_RKN3c106DeviceE
FNDA:0,_ZN5neml215TransientDriver11store_inputEv
FNDA:0,_ZN5neml26set_icINS_6ScalarEEEvRSt3mapINS_19LabeledAxisAccessorENS_6TensorESt4lessIS3_ESaISt4pairIKS3_S4_EEERKNS_9OptionSetERKSsSH_RKN3c106DeviceE
FNDA:0,_ZN5neml215TransientDriver8apply_icEv
FNDA:0,_ZN5neml215TransientDriverC2ERKNS_9OptionSetE
FNDA:0,_ZN5neml26set_icINS_5SSFR5EEEvRSt3mapINS_19LabeledAxisAccessorENS_6TensorESt4lessIS3_ESaISt4pairIKS3_S4_EEERKNS_9OptionSetERKSsSH_RKN3c106DeviceE
FNDA:0,_ZN5neml26set_icINS_4WSR4EEEvRSt3mapINS_19LabeledAxisAccessorENS_6TensorESt4lessIS3_ESaISt4pairIKS3_S4_EEERKNS_9OptionSetERKSsSH_RKN3c106DeviceE
FNDA:0,_ZNK5neml215TransientDriver6resultEv
FNF:36
FNH:1
DA:33,0
DA:39,0
DA:40,0
DA:41,0
DA:47,0
DA:49,0
DA:51,0
DA:53,0
DA:56,0
DA:58,0
DA:61,10
DA:63,10
DA:65,10
DA:66,10
DA:68,10
DA:69,10
DA:70,10
DA:71,20
DA:73,10
DA:75,50
DA:76,10
DA:77,20
DA:78,20
DA:79,30
DA:81,10
DA:82,20
DA:83,10
DA:85,10
DA:86,10
DA:87,10
DA:88,10
DA:89,10
DA:90,10
DA:92,10
DA:93,20
DA:98,10
DA:105,10
DA:107,20
DA:108,10
DA:110,0
DA:112,0
DA:113,0
DA:114,0
DA:115,0
DA:116,0
DA:117,0
DA:118,0
DA:119,0
DA:120,0
DA:121,0
DA:122,0
DA:123,0
DA:124,0
DA:126,0
DA:127,0
DA:130,0
DA:132,0
DA:133,0
DA:135,0
DA:137,0
DA:139,0
DA:142,0
DA:143,0
DA:144,0
DA:145,0
DA:146,0
DA:147,0
DA:151,0
DA:154,0
DA:168,0
DA:170,0
DA:171,0
DA:173,0
DA:177,0
DA:179,0
DA:181,0
DA:186,0
DA:187,0
DA:188,0
DA:189,0
DA:191,0
DA:192,0
DA:196,0
DA:197,0
DA:198,0
DA:201,0
DA:207,0
DA:211,0
DA:214,0
DA:216,0
DA:217,0
DA:218,0
DA:219,0
DA:222,0
DA:224,0
DA:225,0
DA:226,0
DA:227,0
DA:228,0
DA:231,0
DA:233,0
DA:234,0
DA:235,0
DA:238,0
DA:242,0
DA:245,0
DA:246,0
DA:247,0
DA:248,0
DA:249,0
DA:252,0
DA:254,0
DA:255,0
DA:257,0
DA:258,0
DA:259,0
DA:261,0
DA:262,0
DA:263,0
DA:266,0
DA:267,0
DA:271,0
DA:272,0
DA:273,0
DA:274,0
DA:275,0
DA:277,0
DA:278,0
DA:279,0
DA:280,0
DA:283,0
DA:285,0
DA:288,0
DA:290,0
DA:291,0
DA:294,0
DA:296,0
DA:297,0
DA:300,0
DA:302,0
DA:306,0
DA:309,0
DA:310,0
DA:313,0
DA:314,0
DA:315,0
DA:316,0
DA:317,0
DA:320,0
DA:321,0
DA:324,0
DA:325,0
DA:326,0
DA:327,0
DA:328,0
DA:331,0
DA:332,0
DA:333,0
DA:334,0
DA:337,0
DA:339,0
DA:344,0
DA:345,0
DA:347,0
DA:348,0
DA:354,0
DA:358,0
DA:361,0
DA:363,0
DA:364,0
LF:170
LH:29
end_of_record
TN:
SF:/home/runner/work/neml2/neml2/src/neml2/drivers/solid_mechanics/LDISolidMechanicsDriver.cxx
FN:32,_ZN5neml223LDISolidMechanicsDriver16expected_optionsEv
FN:69,_ZN5neml223LDISolidMechanicsDriverC2ERKNS_9OptionSetE
FN:79,_ZN5neml223LDISolidMechanicsDriver5setupEv
FN:86,_ZN5neml223LDISolidMechanicsDriver19init_strain_controlERKNS_9OptionSetE
FN:94,_ZN5neml223LDISolidMechanicsDriver19init_stress_controlERKNS_9OptionSetE
FN:102,_ZN5neml223LDISolidMechanicsDriver22init_vorticity_controlERKNS_9OptionSetE
FN:110,_ZNK5neml223LDISolidMechanicsDriver8diagnoseERSt6vectorINS_9DiagnosisESaIS2_EE
FN:142,_ZN5neml223LDISolidMechanicsDriver13update_forcesEv
FN:149,_ZN5neml223LDISolidMechanicsDriver15apply_predictorEv
FNDA:0,_ZN5neml223LDISolidMechanicsDriver15apply_predictorEv
FNDA:0,_ZN5neml223LDISolidMechanicsDriver22init_vorticity_controlERKNS_9OptionSetE
FNDA:5,_ZN5neml223LDISolidMechanicsDriver16expected_optionsEv
FNDA:0,_ZN5neml223LDISolidMechanicsDriverC2ERKNS_9OptionSetE
FNDA:0,_ZN5neml223LDISolidMechanicsDriver19init_strain_controlERKNS_9OptionSetE
FNDA:0,_ZN5neml223LDISolidMechanicsDriver19init_stress_controlERKNS_9OptionSetE
FNDA:0,_ZNK5neml223LDISolidMechanicsDriver8diagnoseERSt6vectorINS_9DiagnosisESaIS2_EE
FNDA:0,_ZN5neml223LDISolidMechanicsDriver13update_forcesEv
FNDA:0,_ZN5neml223LDISolidMechanicsDriver5setupEv
FNF:9
FNH:1
DA:32,5
DA:34,5
DA:35,5
DA:36,5
DA:38,5
DA:39,5
DA:40,5
DA:41,10
DA:42,5
DA:44,5
DA:45,5
DA:46,5
DA:47,10
DA:48,5
DA:50,5
DA:51,5
DA:52,5
DA:53,5
DA:55,5
DA:56,10
DA:58,5
DA:59,5
DA:60,10
DA:61,5
DA:62,5
DA:63,10
DA:64,5
DA:66,5
DA:67,0
DA:69,0
DA:71,0
DA:72,0
DA:73,0
DA:74,0
DA:76,0
DA:79,0
DA:81,0
DA:82,0
DA:83,0
DA:86,0
DA:88,0
DA:89,0
DA:90,0
DA:91,0
DA:94,0
DA:96,0
DA:97,0
DA:98,0
DA:99,0
DA:102,0
DA:104,0
DA:105,0
DA:106,0
DA:107,0
DA:110,0
DA:112,0
DA:114,0
DA:116,0
DA:117,0
DA:120,0
DA:121,0
DA:123,0
DA:125,0
DA:129,0
DA:131,0
DA:132,0
DA:133,0
DA:134,0
DA:136,0
DA:139,0
DA:142,0
DA:144,0
DA:145,0
DA:146,0
DA:149,0
DA:151,0
DA:153,0
DA:155,0
DA:156,0
DA:157,0
DA:158,0
DA:159,0
DA:160,0
LF:83
LH:28
end_of_record
TN:
SF:/home/runner/work/neml2/neml2/src/neml2/drivers/solid_mechanics/SDTSolidMechanicsDriver.cxx
FN:32,_ZN5neml223SDTSolidMechanicsDriver16expected_optionsEv
FN:51,_ZN5neml223SDTSolidMechanicsDriverC2ERKNS_9OptionSetE
FN:57,_ZN5neml223SDTSolidMechanicsDriver19init_strain_controlERKNS_9OptionSetE
FN:65,_ZN5neml223SDTSolidMechanicsDriver19init_stress_controlERKNS_9OptionSetE
FNDA:5,_ZN5neml223SDTSolidMechanicsDriver16expected_optionsEv
FNDA:0,_ZN5neml223SDTSolidMechanicsDriver19init_strain_controlERKNS_9OptionSetE
FNDA:0,_ZN5neml223SDTSolidMechanicsDriverC2ERKNS_9OptionSetE
FNDA:0,_ZN5neml223SDTSolidMechanicsDriver19init_stress_controlERKNS_9OptionSetE
FNF:4
FNH:1
DA:32,5
DA:34,5
DA:35,5
DA:36,5
DA:38,5
DA:39,5
DA:40,5
DA:41,5
DA:43,5
DA:44,5
DA:45,5
DA:46,5
DA:48,5
DA:49,0
DA:51,0
DA:52,0
DA:54,0
DA:57,0
DA:59,0
DA:60,0
DA:61,0
DA:62,0
DA:65,0
DA:67,0
DA:68,0
DA:69,0
DA:70,0
LF:27
LH:13
end_of_record
TN:
SF:/home/runner/work/neml2/neml2/src/neml2/drivers/solid_mechanics/SolidMechanicsDriver.cxx
FN:30,_ZN5neml220SolidMechanicsDriver16expected_optionsEv
FN:65,_ZN5neml220SolidMechanicsDriverC2ERKNS_9OptionSetE
FN:73,_ZN5neml220SolidMechanicsDriver5setupEv
FN:93,_ZN5neml220SolidMechanicsDriver18init_mixed_controlERKNS_9OptionSetE
FN:105,_ZN5neml220SolidMechanicsDriver24init_temperature_controlERKNS_9OptionSetE
FN:113,_ZNK5neml220SolidMechanicsDriver8diagnoseERSt6vectorINS_9DiagnosisESaIS2_EE
FN:167,_ZN5neml220SolidMechanicsDriver13update_forcesEv
FNDA:0,_ZN5neml220SolidMechanicsDriver24init_temperature_controlERKNS_9OptionSetE
FNDA:0,_ZN5neml220SolidMechanicsDriver18init_mixed_controlERKNS_9OptionSetE
FNDA:0,_ZN5neml220SolidMechanicsDriverC2ERKNS_9OptionSetE
FNDA:0,_ZN5neml220SolidMechanicsDriver13update_forcesEv
FNDA:0,_ZNK5neml220SolidMechanicsDriver8diagnoseERSt6vectorINS_9DiagnosisESaIS2_EE
FNDA:0,_ZN5neml220SolidMechanicsDriver5setupEv
FNDA:10,_ZN5neml220SolidMechanicsDriver16expected_optionsEv
FNF:7
FNH:1
DA:30,10
DA:32,10
DA:33,10
DA:35,60
DA:36,10
DA:37,20
DA:38,30
DA:40,10
DA:41,10
DA:42,10
DA:43,20
DA:44,10
DA:46,10
DA:47,10
DA:48,10
DA:49,20
DA:52,10
DA:54,10
DA:55,20
DA:56,10
DA:57,10
DA:58,20
DA:60,10
DA:62,20
DA:63,10
DA:65,0
DA:67,0
DA:68,0
DA:70,0
DA:73,0
DA:75,0
DA:77,0
DA:78,0
DA:79,0
DA:80,0
DA:81,0
DA:82,0
DA:88,0
DA:89,0
DA:90,0
DA:93,0
DA:95,0
DA:96,0
DA:97,0
DA:99,0
DA:100,0
DA:101,0
DA:102,0
DA:105,0
DA:107,0
DA:108,0
DA:109,0
DA:110,0
DA:113,0
DA:115,0
DA:117,0
DA:118,0
DA:121,0
DA:123,0
DA:124,0
DA:127,0
DA:129,0
DA:132,0
DA:134,0
DA:135,0
DA:138,0
DA:140,0
DA:142,0
DA:144,0
DA:146,0
DA:150,0
DA:152,0
DA:153,0
DA:156,0
DA:157,0
DA:159,0
DA:161,0
DA:164,0
DA:167,0
DA:169,0
DA:171,0
DA:173,0
DA:174,0
DA:176,0
DA:177,0
DA:178,0
LF:86
LH:25
end_of_record
TN:
SF:/home/runner/work/neml2/neml2/src/neml2/jit/utils.cxx
FN:30,_ZN5neml219neml_assert_tracingEv
FN:36,_ZN5neml223neml_assert_tracing_dbgEv
FNDA:0,_ZN5neml219neml_assert_tracingEv
FNDA:0,_ZN5neml223neml_assert_tracing_dbgEv
FNF:2
FNH:0
DA:30,0
DA:32,0
DA:33,0
DA:36,0
DA:39,0
DA:41,0
LF:6
LH:0
end_of_record
TN:
SF:/home/runner/work/neml2/neml2/src/neml2/misc/error.cxx
FN:30,_ZNK5neml213NEMLException4whatEv
FN:38,_ZN5neml28internal10stream_allERSt19basic_ostringstreamIcSt11char_traitsIcESaIcEE
FNDA:0,_ZN5neml28internal10stream_allERSt19basic_ostringstreamIcSt11char_traitsIcESaIcEE
FNDA:0,_ZNK5neml213NEMLException4whatEv
FNF:2
FNH:0
DA:30,0
DA:32,0
DA:38,0
DA:40,0
LF:4
LH:0
end_of_record
TN:
SF:/home/runner/work/neml2/neml2/src/neml2/misc/math.cxx
FN:34,_ZN5neml24math15ConstantTensorsC2Ev
FN:56,_ZN5neml24math15ConstantTensors3getEv
FN:63,_ZN5neml24math15ConstantTensors18full_to_mandel_mapEv
FN:69,_ZN5neml24math15ConstantTensors18mandel_to_full_mapEv
FN:75,_ZN5neml24math15ConstantTensors21full_to_mandel_factorEv
FN:81,_ZN5neml24math15ConstantTensors21mandel_to_full_factorEv
FN:87,_ZN5neml24math15ConstantTensors16full_to_skew_mapEv
FN:93,_ZN5neml24math15ConstantTensors16skew_to_full_mapEv
FN:99,_ZN5neml24math15ConstantTensors19full_to_skew_factorEv
FN:105,_ZN5neml24math15ConstantTensors19skew_to_full_factorEv
FN:111,_ZN5neml24math15full_to_reducedERKNS_6TensorERKN2at6TensorES7_l
FN:137,_ZN5neml24math15reduced_to_fullERKNS_6TensorERKN2at6TensorES7_l
FN:160,_ZN5neml24math14full_to_mandelERKNS_6TensorEl
FN:170,_ZN5neml24math14mandel_to_fullERKNS_6TensorEl
FN:180,_ZN5neml24math12full_to_skewERKNS_6TensorEl
FN:190,_ZN5neml24math12skew_to_fullERKNS_6TensorEl
FN:200,_ZN5neml24math6jacrevERKNS_6TensorES3_bbb
FN:240,_ZN5neml24math15base_diag_embedERKNS_6TensorElll
FN:249,_ZN5neml24math19skew_and_sym_to_symERKNS_3SR2ERKNS_3WR2E
FN:259,_ZN5neml24math27d_skew_and_sym_to_sym_d_symERKNS_3WR2E
FN:268,_ZN5neml24math28d_skew_and_sym_to_sym_d_skewERKNS_3SR2E
FN:277,_ZN5neml24math22multiply_and_make_skewERKNS_3SR2ES3_
FN:286,_ZN5neml24math32d_multiply_and_make_skew_d_firstERKNS_3SR2E
FN:295,_ZN5neml24math33d_multiply_and_make_skew_d_secondERKNS_3SR2E
FN:304,_ZN5neml24math8base_catERKSt6vectorINS_6TensorESaIS2_EEl
FN:313,_ZN5neml24math10base_stackERKSt6vectorINS_6TensorESaIS2_EEl
FN:322,_ZN5neml24math8base_sumERKNS_6TensorEl
FN:329,_ZN5neml24math9base_meanERKNS_6TensorEl
FN:336,_ZN5neml24math3powERKdRKNS_6TensorE
FN:342,_ZN5neml24math3powERKNS_6TensorES3_
FN:351,_ZN5neml24math6linalg11vector_normERKNS_6TensorE
FN:368,_ZN5neml24math6linalg3invERKNS_6TensorE
FN:374,_ZN5neml24math6linalg5solveERKNS_6TensorES4_
FN:380,_ZN5neml24math6linalg9lu_factorERKNS_6TensorEb
FN:387,_ZN5neml24math6linalg8lu_solveERKNS_6TensorES4_S4_bb
FNDA:0,_ZN5neml24math15base_diag_embedERKNS_6TensorElll
FNDA:0,_ZN5neml24math15ConstantTensors16full_to_skew_mapEv
FNDA:0,_ZN5neml24math19skew_and_sym_to_symERKNS_3SR2ERKNS_3WR2E
FNDA:0,_ZN5neml24math8base_sumERKNS_6TensorEl
FNDA:0,_ZN5neml24math15ConstantTensors18full_to_mandel_mapEv
FNDA:0,_ZN5neml24math15ConstantTensors18mandel_to_full_mapEv
FNDA:0,_ZN5neml24math15ConstantTensors21mandel_to_full_factorEv
FNDA:0,_ZN5neml24math15reduced_to_fullERKNS_6TensorERKN2at6TensorES7_l
FNDA:0,_ZN5neml24math9base_meanERKNS_6TensorEl
FNDA:0,_ZN5neml24math6linalg5solveERKNS_6TensorES4_
FNDA:0,_ZN5neml24math15ConstantTensorsC2Ev
FNDA:0,_ZN5neml24math12skew_to_fullERKNS_6TensorEl
FNDA:0,_ZN5neml24math33d_multiply_and_make_skew_d_secondERKNS_3SR2E
FNDA:0,_ZN5neml24math27d_skew_and_sym_to_sym_d_symERKNS_3WR2E
FNDA:0,_ZN5neml24math14full_to_mandelERKNS_6TensorEl
FNDA:0,_ZN5neml24math32d_multiply_and_make_skew_d_firstERKNS_3SR2E
FNDA:0,_ZN5neml24math6linalg3invERKNS_6TensorE
FNDA:0,_ZN5neml24math6linalg9lu_factorERKNS_6TensorEb
FNDA:0,_ZN5neml24math15ConstantTensors16skew_to_full_mapEv
FNDA:0,_ZN5neml24math12full_to_skewERKNS_6TensorEl
FNDA:0,_ZN5neml24math28d_skew_and_sym_to_sym_d_skewERKNS_3SR2E
FNDA:0,_ZN5neml24math14mandel_to_fullERKNS_6TensorEl
FNDA:0,_ZN5neml24math15ConstantTensors3getEv
FNDA:0,_ZN5neml24math10base_stackERKSt6vectorINS_6TensorESaIS2_EEl
FNDA:0,_ZN5neml24math3powERKNS_6TensorES3_
FNDA:0,_ZN5neml24math15ConstantTensors19full_to_skew_factorEv
FNDA:0,_ZN5neml24math6linalg11vector_normERKNS_6TensorE
FNDA:0,_ZN5neml24math6linalg8lu_solveERKNS_6TensorES4_S4_bb
FNDA:0,_ZN5neml24math6jacrevERKNS_6TensorES3_bbb
FNDA:0,_ZN5neml24math15full_to_reducedERKNS_6TensorERKN2at6TensorES7_l
FNDA:0,_ZN5neml24math22multiply_and_make_skewERKNS_3SR2ES3_
FNDA:0,_ZN5neml24math3powERKdRKNS_6TensorE
FNDA:0,_ZN5neml24math15ConstantTensors19skew_to_full_factorEv
FNDA:0,_ZN5neml24math15ConstantTensors21full_to_mandel_factorEv
FNDA:0,_ZN5neml24math8base_catERKSt6vectorINS_6TensorESaIS2_EEl
FNF:35
FNH:0
DA:34,0
DA:36,0
DA:39,0
DA:41,0
DA:44,0
DA:46,0
DA:48,0
DA:50,0
DA:52,0
DA:53,0
DA:56,0
DA:58,0
DA:59,0
DA:63,0
DA:65,0
DA:69,0
DA:71,0
DA:75,0
DA:77,0
DA:81,0
DA:83,0
DA:87,0
DA:89,0
DA:93,0
DA:95,0
DA:99,0
DA:101,0
DA:105,0
DA:107,0
DA:111,0
DA:116,0
DA:117,0
DA:118,0
DA:119,0
DA:120,0
DA:122,0
DA:123,0
DA:124,0
DA:126,0
DA:127,0
DA:130,0
DA:133,0
DA:134,0
DA:137,0
DA:142,0
DA:143,0
DA:144,0
DA:145,0
DA:146,0
DA:148,0
DA:149,0
DA:150,0
DA:151,0
DA:152,0
DA:154,0
DA:155,0
DA:156,0
DA:157,0
DA:160,0
DA:164,0
DA:165,0
DA:166,0
DA:170,0
DA:174,0
DA:175,0
DA:176,0
DA:180,0
DA:184,0
DA:185,0
DA:186,0
DA:190,0
DA:194,0
DA:195,0
DA:196,0
DA:200,0
DA:203,0
DA:204,0
DA:207,0
DA:208,0
DA:217,0
DA:218,0
DA:221,0
DA:223,0
DA:225,0
DA:227,0
DA:230,0
DA:231,0
DA:232,0
DA:233,0
DA:236,0
DA:237,0
DA:240,0
DA:243,0
DA:244,0
DA:245,0
DA:249,0
DA:253,0
DA:254,0
DA:255,0
DA:256,0
DA:259,0
DA:261,0
DA:262,0
DA:263,0
DA:264,0
DA:265,0
DA:268,0
DA:270,0
DA:271,0
DA:272,0
DA:273,0
DA:274,0
DA:277,0
DA:279,0
DA:280,0
DA:282,0
DA:283,0
DA:286,0
DA:288,0
DA:289,0
DA:290,0
DA:291,0
DA:292,0
DA:295,0
DA:297,0
DA:298,0
DA:299,0
DA:300,0
DA:301,0
DA:304,0
DA:306,0
DA:307,0
DA:308,0
DA:309,0
DA:310,0
DA:313,0
DA:315,0
DA:316,0
DA:317,0
DA:318,0
DA:319,0
DA:322,0
DA:324,0
DA:325,0
DA:329,0
DA:331,0
DA:332,0
DA:336,0
DA:338,0
DA:342,0
DA:344,0
DA:345,0
DA:351,0
DA:353,0
DA:355,0
DA:359,0
DA:360,0
DA:362,0
DA:363,0
DA:364,0
DA:368,0
DA:370,0
DA:374,0
DA:376,0
DA:380,0
DA:382,0
DA:383,0
DA:384,0
DA:387,0
DA:389,0
LF:170
LH:0
end_of_record
TN:
SF:/home/runner/work/neml2/neml2/src/neml2/misc/parser_utils.cxx
FN:31,_ZNK5neml215ParserException4whatEv
FN:39,_ZN5neml25utilsrsERSt18basic_stringstreamIcSt11char_traitsIcESaIcEERN2at6TensorE
FN:46,_ZN5neml25utils4joinERKSt6vectorISsSaISsEERKSs
FN:59,_ZN5neml25utils5splitERKSsS2_
FN:80,_ZN5neml25utils4trimERKSsS2_
FN:90,_ZN5neml25utils10start_withESt17basic_string_viewIcSt11char_traitsIcEES4_
FN:96,_ZN5neml25utils8end_withESt17basic_string_viewIcSt11char_traitsIcEES4_
FN:104,_ZN5neml25utils6parse_IbEEvRT_RKSs
FN:117,_ZN5neml25utils13parse_vector_IbEEvRSt6vectorIT_SaIS3_EERKSs
FN:127,_ZN5neml25utils6parse_INS_19LabeledAxisAccessorEEEvRT_RKSs
FN:135,_ZN5neml25utils6parse_IN3c1011SmallVectorIlLj6EEEEEvRT_RKSs
FNDA:0,_ZN5neml25utils6parse_IN3c1011SmallVectorIlLj6EEEEEvRT_RKSs
FNDA:0,_ZN5neml25utils4joinERKSt6vectorISsSaISsEERKSs
FNDA:0,_ZN5neml25utils6parse_IbEEvRT_RKSs
FNDA:0,_ZN5neml25utils4trimERKSsS2_
FNDA:0,_ZN5neml25utils13parse_vector_IbEEvRSt6vectorIT_SaIS3_EERKSs
FNDA:0,_ZN5neml25utils6parse_INS_19LabeledAxisAccessorEEEvRT_RKSs
FNDA:0,_ZNK5neml215ParserException4whatEv
FNDA:0,_ZN5neml25utilsrsERSt18basic_stringstreamIcSt11char_traitsIcESaIcEERN2at6TensorE
FNDA:0,_ZN5neml25utils5splitERKSsS2_
FNDA:0,_ZN5neml25utils8end_withESt17basic_string_viewIcSt11char_traitsIcEES4_
FNDA:0,_ZN5neml25utils10start_withESt17basic_string_viewIcSt11char_traitsIcEES4_
FNF:11
FNH:0
DA:31,0
DA:33,0
DA:39,0
DA:41,0
DA:46,0
DA:48,0
DA:49,0
DA:51,0
DA:52,0
DA:53,0
DA:55,0
DA:56,0
DA:59,0
DA:61,0
DA:63,0
DA:64,0
DA:66,0
DA:68,0
DA:70,0
DA:71,0
DA:72,0
DA:73,0
DA:76,0
DA:77,0
DA:80,0
DA:82,0
DA:83,0
DA:84,0
DA:85,0
DA:86,0
DA:90,0
DA:92,0
DA:96,0
DA:98,0
DA:99,0
DA:104,0
DA:106,0
DA:107,0
DA:108,0
DA:109,0
DA:110,0
DA:112,0
DA:113,0
DA:117,0
DA:119,0
DA:120,0
DA:121,0
DA:122,0
DA:123,0
DA:127,0
DA:129,0
DA:130,0
DA:131,0
DA:135,0
DA:137,0
DA:138,0
DA:139,0
DA:141,0
DA:142,0
DA:144,0
DA:145,0
DA:146,0
DA:147,0
LF:63
LH:0
end_of_record
TN:
SF:/home/runner/work/neml2/neml2/src/neml2/misc/types.cxx
FN:31,_ZNK5neml213TraceableSize9traceableEv
FN:37,_ZNK5neml213TraceableSize8concreteEv
FN:51,_ZNK5neml213TraceableSize9as_tensorEv
FN:60,_ZN5neml2eqERKNS_13TraceableSizeES2_
FN:66,_ZN5neml2neERKNS_13TraceableSizeES2_
FN:72,_ZN5neml2lsERSoRKNS_13TraceableSizeE
FN:78,_ZN5neml220TraceableTensorShapeC2ERKN3c1011SmallVectorIlLj6EEE
FN:84,_ZN5neml220TraceableTensorShapeC2EN3c108ArrayRefIlEE
FN:90,_ZN5neml220TraceableTensorShapeC2El
FN:95,_ZN5neml220TraceableTensorShapeC2ERKN2at6TensorE
FN:105,_ZNK5neml220TraceableTensorShape5sliceEll
FN:116,_ZNK5neml220TraceableTensorShape5sliceEl
FN:124,_ZNK5neml220TraceableTensorShape8concreteEv
FN:133,_ZNK5neml220TraceableTensorShape9as_tensorEv
FN:145,_ZN5neml2eqERKNS_20TraceableTensorShapeES2_
FN:151,_ZN5neml2neERKNS_20TraceableTensorShapeES2_
FN:157,_ZN5neml222default_tensor_optionsEv
FN:165,_ZN5neml230default_integer_tensor_optionsEv
FN:173,_ZN5neml213default_dtypeEv
FN:180,_ZN5neml221default_integer_dtypeEv
FN:187,_ZN5neml214default_deviceEv
FN:194,_ZN5neml217machine_precisionEv
FN:201,_ZN5neml29toleranceEv
FN:208,_ZN5neml217tighter_toleranceEv
FN:215,_ZN5neml221buffer_name_separatorEv
FN:222,_ZN5neml224parameter_name_separatorEv
FN:229,_ZN5neml234currently_solving_nonlinear_systemEv
FNDA:0,_ZNK5neml220TraceableTensorShape8concreteEv
FNDA:0,_ZN5neml220TraceableTensorShapeC2ERKN2at6TensorE
FNDA:0,_ZN5neml224parameter_name_separatorEv
FNDA:0,_ZN5neml29toleranceEv
FNDA:0,_ZN5neml230default_integer_tensor_optionsEv
FNDA:0,_ZN5neml2eqERKNS_20TraceableTensorShapeES2_
FNDA:0,_ZN5neml2lsERSoRKNS_13TraceableSizeE
FNDA:0,_ZN5neml222default_tensor_optionsEv
FNDA:0,_ZN5neml220TraceableTensorShapeC2ERKN3c1011SmallVectorIlLj6EEE
FNDA:0,_ZN5neml217machine_precisionEv
FNDA:0,_ZN5neml221buffer_name_separatorEv
FNDA:0,_ZN5neml217tighter_toleranceEv
FNDA:0,_ZN5neml220TraceableTensorShapeC2El
FNDA:0,_ZN5neml234currently_solving_nonlinear_systemEv
FNDA:0,_ZNK5neml220TraceableTensorShape9as_tensorEv
FNDA:0,_ZNK5neml220TraceableTensorShape5sliceEll
FNDA:0,_ZN5neml2eqERKNS_13TraceableSizeES2_
FNDA:0,_ZNK5neml213TraceableSize8concreteEv
FNDA:0,_ZNK5neml213TraceableSize9as_tensorEv
FNDA:0,_ZN5neml2neERKNS_13TraceableSizeES2_
FNDA:0,_ZN5neml221default_integer_dtypeEv
FNDA:0,_ZN5neml220TraceableTensorShapeC2EN3c108ArrayRefIlEE
FNDA:0,_ZN5neml214default_deviceEv
FNDA:0,_ZN5neml2neERKNS_20TraceableTensorShapeES2_
FNDA:0,_ZNK5neml220TraceableTensorShape5sliceEl
FNDA:0,_ZNK5neml213TraceableSize9traceableEv
FNDA:0,_ZN5neml213default_dtypeEv
FNF:27
FNH:0
DA:31,0
DA:33,0
DA:37,0
DA:39,0
DA:41,0
DA:43,0
DA:44,0
DA:47,0
DA:51,0
DA:53,0
DA:54,0
DA:56,0
DA:60,0
DA:62,0
DA:66,0
DA:68,0
DA:72,0
DA:74,0
DA:75,0
DA:78,0
DA:80,0
DA:81,0
DA:82,0
DA:84,0
DA:86,0
DA:87,0
DA:88,0
DA:90,0
DA:91,0
DA:93,0
DA:95,0
DA:97,0
DA:98,0
DA:100,0
DA:101,0
DA:102,0
DA:105,0
DA:107,0
DA:108,0
DA:109,0
DA:110,0
DA:112,0
DA:116,0
DA:118,0
DA:119,0
DA:120,0
DA:124,0
DA:126,0
DA:127,0
DA:128,0
DA:129,0
DA:130,0
DA:133,0
DA:135,0
DA:136,0
DA:138,0
DA:139,0
DA:140,0
DA:141,0
DA:142,0
DA:145,0
DA:147,0
DA:151,0
DA:153,0
DA:157,0
DA:160,0
DA:161,0
DA:165,0
DA:168,0
DA:169,0
DA:173,0
DA:176,0
DA:180,0
DA:183,0
DA:187,0
DA:189,0
DA:190,0
DA:194,0
DA:197,0
DA:201,0
DA:204,0
DA:208,0
DA:211,0
DA:215,0
DA:217,0
DA:218,0
DA:222,0
DA:224,0
DA:225,0
DA:229,0
DA:232,0
LF:91
LH:0
end_of_record
TN:
SF:/home/runner/work/neml2/neml2/src/neml2/misc/utils.cxx
FN:32,_ZN5neml25utils8demangleEPKc
FN:39,_ZN5neml25utils19extract_batch_sizesERKN2at6TensorEl
FN:55,_ZN5neml25utils12storage_sizeEN3c108ArrayRefIlEE
FN:62,_ZN5neml25utils11pad_prependEN3c108ArrayRefIlEEll
FN:70,_ZN5neml25utils11pad_prependERKN2at6TensorEll
FN:93,_ZN5neml25utils7details15add_shapes_implERN3c1011SmallVectorIlLj6EEE
FN:99,_ZN5neml25utils7details25add_traceable_shapes_implERNS_20TraceableTensorShapeE
FNDA:0,_ZN5neml25utils7details25add_traceable_shapes_implERNS_20TraceableTensorShapeE
FNDA:0,_ZN5neml25utils11pad_prependEN3c108ArrayRefIlEEll
FNDA:0,_ZN5neml25utils11pad_prependERKN2at6TensorEll
FNDA:25458,_ZN5neml25utils8demangleEPKc
FNDA:0,_ZN5neml25utils19extract_batch_sizesERKN2at6TensorEl
FNDA:0,_ZN5neml25utils7details15add_shapes_implERN3c1011SmallVectorIlLj6EEE
FNDA:100,_ZN5neml25utils12storage_sizeEN3c108ArrayRefIlEE
FNF:7
FNH:2
DA:32,25458
DA:35,25458
DA:39,0
DA:43,0
DA:45,0
DA:46,0
DA:47,0
DA:48,0
DA:49,0
DA:51,0
DA:55,100
DA:57,100
DA:58,100
DA:62,0
DA:64,0
DA:65,0
DA:66,0
DA:67,0
DA:70,0
DA:72,0
DA:73,0
DA:74,0
DA:75,0
DA:93,0
DA:95,0
DA:99,0
DA:101,0
LF:27
LH:5
end_of_record
TN:
SF:/home/runner/work/neml2/neml2/src/neml2/models/ArrheniusParameter.cxx
FN:33,_ZN5neml218ArrheniusParameter16expected_optionsEv
FN:56,_ZN5neml218ArrheniusParameterC2ERKNS_9OptionSetE
FN:66,_ZN5neml218ArrheniusParameter9set_valueEbbb
FNDA:0,_ZN5neml218ArrheniusParameter9set_valueEbbb
FNDA:0,_ZN5neml218ArrheniusParameterC2ERKNS_9OptionSetE
FNDA:5,_ZN5neml218ArrheniusParameter16expected_optionsEv
FNF:3
FNH:1
DA:33,5
DA:35,5
DA:36,5
DA:39,5
DA:41,5
DA:42,5
DA:44,5
DA:45,5
DA:47,5
DA:48,5
DA:50,5
DA:51,5
DA:53,5
DA:54,0
DA:56,0
DA:58,0
DA:59,0
DA:60,0
DA:61,0
DA:63,0
DA:66,0
DA:68,0
DA:70,0
DA:71,0
DA:73,0
DA:74,0
DA:76,0
DA:78,0
DA:79,0
DA:81,0
DA:82,0
DA:83,0
DA:84,0
LF:33
LH:13
end_of_record
TN:
SF:/home/runner/work/neml2/neml2/src/neml2/models/Assembler.cxx
FN:31,_ZNK5neml215VectorAssembler20assemble_by_variableERKSt3mapINS_19LabeledAxisAccessorENS_6TensorESt4lessIS2_ESaISt4pairIKS2_S3_EEE
FN:78,_ZNK5neml215VectorAssembler17split_by_variableERKNS_6TensorE
FN:92,_ZNK5neml215VectorAssembler16split_by_subaxisERKNS_6TensorE
FN:106,_ZNK5neml215MatrixAssembler20assemble_by_variableERKSt3mapINS_19LabeledAxisAccessorES1_IS2_NS_6TensorESt4lessIS2_ESaISt4pairIKS2_S3_EEES5_SaIS6_IS7_SA_EEE
FN:185,_ZNK5neml215MatrixAssembler17split_by_variableERKNS_6TensorE
FN:205,_ZNK5neml215MatrixAssembler16split_by_subaxisERKNS_6TensorE
FNDA:0,_ZNK5neml215MatrixAssembler17split_by_variableERKNS_6TensorE
FNDA:0,_ZNK5neml215VectorAssembler20assemble_by_variableERKSt3mapINS_19LabeledAxisAccessorENS_6TensorESt4lessIS2_ESaISt4pairIKS2_S3_EEE
FNDA:0,_ZNK5neml215VectorAssembler16split_by_subaxisERKNS_6TensorE
FNDA:0,_ZNK5neml215MatrixAssembler16split_by_subaxisERKNS_6TensorE
FNDA:0,_ZNK5neml215MatrixAssembler20assemble_by_variableERKSt3mapINS_19LabeledAxisAccessorES1_IS2_NS_6TensorESt4lessIS2_ESaISt4pairIKS2_S3_EEES5_SaIS6_IS7_SA_EEE
FNDA:0,_ZNK5neml215VectorAssembler17split_by_variableERKNS_6TensorE
FNF:6
FNH:0
DA:31,0
DA:33,0
DA:36,0
DA:37,0
DA:42,0
DA:43,0
DA:45,0
DA:46,0
DA:48,0
DA:49,0
DA:51,0
DA:53,0
DA:55,0
DA:56,0
DA:58,0
DA:59,0
DA:64,0
DA:67,0
DA:68,0
DA:69,0
DA:70,0
DA:72,0
DA:74,0
DA:75,0
DA:78,0
DA:80,0
DA:82,0
DA:83,0
DA:85,0
DA:86,0
DA:88,0
DA:89,0
DA:92,0
DA:94,0
DA:96,0
DA:97,0
DA:99,0
DA:100,0
DA:102,0
DA:103,0
DA:106,0
DA:108,0
DA:109,0
DA:112,0
DA:113,0
DA:116,0
DA:117,0
DA:119,0
DA:120,0
DA:121,0
DA:126,0
DA:127,0
DA:129,0
DA:130,0
DA:132,0
DA:133,0
DA:135,0
DA:137,0
DA:139,0
DA:141,0
DA:142,0
DA:144,0
DA:146,0
DA:148,0
DA:150,0
DA:151,0
DA:153,0
DA:154,0
DA:159,0
DA:162,0
DA:163,0
DA:164,0
DA:165,0
DA:167,0
DA:168,0
DA:170,0
DA:171,0
DA:174,0
DA:175,0
DA:176,0
DA:177,0
DA:179,0
DA:181,0
DA:182,0
DA:185,0
DA:187,0
DA:189,0
DA:190,0
DA:192,0
DA:193,0
DA:195,0
DA:196,0
DA:197,0
DA:198,0
DA:199,0
DA:201,0
DA:202,0
DA:205,0
DA:207,0
DA:209,0
DA:210,0
DA:212,0
DA:213,0
DA:215,0
DA:216,0
DA:217,0
DA:218,0
DA:219,0
DA:221,0
DA:222,0
LF:110
LH:0
end_of_record
TN:
SF:/home/runner/work/neml2/neml2/src/neml2/models/BackwardEulerTimeIntegration.cxx
FN:35,_ZN5neml228BackwardEulerTimeIntegrationINS_3VecEE16expected_optionsEv
FN:35,_ZN5neml228BackwardEulerTimeIntegrationINS_6ScalarEE16expected_optionsEv
FN:35,_ZN5neml228BackwardEulerTimeIntegrationINS_3SR2EE16expected_optionsEv
FN:59,_ZN5neml228BackwardEulerTimeIntegrationINS_3SR2EEC2ERKNS_9OptionSetE
FN:59,_ZN5neml228BackwardEulerTimeIntegrationINS_6ScalarEEC2ERKNS_9OptionSetE
FN:59,_ZN5neml228BackwardEulerTimeIntegrationINS_3VecEEC2ERKNS_9OptionSetE
FN:74,_ZNK5neml228BackwardEulerTimeIntegrationINS_3SR2EE8diagnoseERSt6vectorINS_9DiagnosisESaIS4_EE
FN:74,_ZNK5neml228BackwardEulerTimeIntegrationINS_6ScalarEE8diagnoseERSt6vectorINS_9DiagnosisESaIS4_EE
FN:74,_ZNK5neml228BackwardEulerTimeIntegrationINS_3VecEE8diagnoseERSt6vectorINS_9DiagnosisESaIS4_EE
FN:84,_ZN5neml228BackwardEulerTimeIntegrationINS_6ScalarEE9set_valueEbbb
FN:84,_ZN5neml228BackwardEulerTimeIntegrationINS_3VecEE9set_valueEbbb
FN:84,_ZN5neml228BackwardEulerTimeIntegrationINS_3SR2EE9set_valueEbbb
FNDA:5,_ZN5neml228BackwardEulerTimeIntegrationINS_3VecEE16expected_optionsEv
FNDA:0,_ZNK5neml228BackwardEulerTimeIntegrationINS_3SR2EE8diagnoseERSt6vectorINS_9DiagnosisESaIS4_EE
FNDA:5,_ZN5neml228BackwardEulerTimeIntegrationINS_6ScalarEE16expected_optionsEv
FNDA:0,_ZN5neml228BackwardEulerTimeIntegrationINS_3SR2EEC2ERKNS_9OptionSetE
FNDA:0,_ZN5neml228BackwardEulerTimeIntegrationINS_6ScalarEEC2ERKNS_9OptionSetE
FNDA:0,_ZN5neml228BackwardEulerTimeIntegrationINS_6ScalarEE9set_valueEbbb
FNDA:5,_ZN5neml228BackwardEulerTimeIntegrationINS_3SR2EE16expected_optionsEv
FNDA:0,_ZNK5neml228BackwardEulerTimeIntegrationINS_6ScalarEE8diagnoseERSt6vectorINS_9DiagnosisESaIS4_EE
FNDA:0,_ZN5neml228BackwardEulerTimeIntegrationINS_3VecEEC2ERKNS_9OptionSetE
FNDA:0,_ZNK5neml228BackwardEulerTimeIntegrationINS_3VecEE8diagnoseERSt6vectorINS_9DiagnosisESaIS4_EE
FNDA:0,_ZN5neml228BackwardEulerTimeIntegrationINS_3SR2EE9set_valueEbbb
FNDA:0,_ZN5neml228BackwardEulerTimeIntegrationINS_3VecEE9set_valueEbbb
FNF:12
FNH:3
DA:35,15
DA:37,15
DA:38,15
DA:44,15
DA:46,15
DA:47,15
DA:49,15
DA:50,15
DA:52,15
DA:53,15
DA:55,15
DA:56,0
DA:59,0
DA:61,0
DA:62,0
DA:63,0
DA:64,0
DA:65,0
DA:66,0
DA:67,0
DA:68,0
DA:70,0
DA:74,0
DA:76,0
DA:77,0
DA:78,0
DA:79,0
DA:80,0
DA:84,0
DA:86,0
DA:88,0
DA:89,0
DA:91,0
DA:93,0
DA:95,0
DA:96,0
DA:98,0
DA:99,0
DA:101,0
DA:102,0
DA:103,0
DA:104,0
LF:42
LH:11
end_of_record
TN:
SF:/home/runner/work/neml2/neml2/src/neml2/models/BufferStore.cxx
FN:29,_ZN5neml211BufferStoreC2ENS_9OptionSetEPNS_11NEML2ObjectE
FN:36,_ZN5neml211BufferStore13named_buffersEv
FN:44,_ZN5neml211BufferStore15send_buffers_toERKN3c1013TensorOptionsE
FNDA:0,_ZN5neml211BufferStore15send_buffers_toERKN3c1013TensorOptionsE
FNDA:0,_ZN5neml211BufferStore13named_buffersEv
FNDA:0,_ZN5neml211BufferStoreC2ENS_9OptionSetEPNS_11NEML2ObjectE
FNF:3
FNH:0
DA:29,0
DA:30,0
DA:31,0
DA:33,0
DA:36,0
DA:38,0
DA:40,0
DA:44,0
DA:46,0
DA:47,0
DA:48,0
LF:11
LH:0
end_of_record
TN:
SF:/home/runner/work/neml2/neml2/src/neml2/models/ComposedModel.cxx
FN:33,_ZN5neml213ComposedModel16expected_optionsEv
FN:63,_ZN5neml213ComposedModelC2ERKNS_9OptionSetE
FN:130,_ZNK5neml213ComposedModel26named_nonlinear_parametersEb
FN:136,_ZNK5neml213ComposedModel32named_nonlinear_parameter_modelsEb
FN:142,_ZN5neml213ComposedModel20link_input_variablesEPNS_5ModelE
FN:157,_ZN5neml213ComposedModel21link_output_variablesEPNS_5ModelE
FN:165,_ZN5neml213ComposedModel9set_valueEbbb
FNDA:0,_ZN5neml213ComposedModel20link_input_variablesEPNS_5ModelE
FNDA:0,_ZN5neml213ComposedModelC2ERKNS_9OptionSetE
FNDA:0,_ZN5neml213ComposedModel21link_output_variablesEPNS_5ModelE
FNDA:0,_ZNK5neml213ComposedModel26named_nonlinear_parametersEb
FNDA:5,_ZN5neml213ComposedModel16expected_optionsEv
FNDA:0,_ZN5neml213ComposedModel9set_valueEbbb
FNDA:0,_ZNK5neml213ComposedModel32named_nonlinear_parameter_modelsEb
FNF:7
FNH:1
DA:33,5
DA:35,5
DA:36,5
DA:39,5
DA:41,5
DA:43,5
DA:44,5
DA:46,5
DA:47,10
DA:49,5
DA:51,5
DA:52,10
DA:54,5
DA:56,5
DA:57,10
DA:58,5
DA:60,5
DA:61,0
DA:63,0
DA:65,0
DA:66,0
DA:71,0
DA:72,0
DA:82,0
DA:83,0
DA:84,0
DA:85,0
DA:86,0
DA:89,0
DA:90,0
DA:91,0
DA:92,0
DA:95,0
DA:96,0
DA:97,0
DA:98,0
DA:101,0
DA:102,0
DA:103,0
DA:106,0
DA:109,0
DA:110,0
DA:111,0
DA:114,0
DA:115,0
DA:118,0
DA:120,0
DA:121,0
DA:122,0
DA:123,0
DA:124,0
DA:125,0
DA:127,0
DA:130,0
DA:132,0
DA:136,0
DA:138,0
DA:142,0
DA:144,0
DA:145,0
DA:146,0
DA:148,0
DA:149,0
DA:151,0
DA:152,0
DA:154,0
DA:157,0
DA:159,0
DA:160,0
DA:161,0
DA:162,0
DA:165,0
DA:167,0
DA:169,0
DA:170,0
DA:171,0
DA:172,0
DA:173,0
DA:174,0
DA:176,0
DA:179,0
DA:180,0
DA:181,0
DA:183,0
DA:184,0
DA:185,0
DA:186,0
LF:87
LH:17
end_of_record
TN:
SF:/home/runner/work/neml2/neml2/src/neml2/models/ConstantParameter.cxx
FN:34,_ZN5neml217ConstantParameterINS_6ScalarEE16expected_optionsEv
FN:34,_ZN5neml217ConstantParameterINS_3WR2EE16expected_optionsEv
FN:34,_ZN5neml217ConstantParameterINS_3RotEE16expected_optionsEv
FN:34,_ZN5neml217ConstantParameterINS_2R2EE16expected_optionsEv
FN:34,_ZN5neml217ConstantParameterINS_4WSR4EE16expected_optionsEv
FN:34,_ZN5neml217ConstantParameterINS_2R4EE16expected_optionsEv
FN:34,_ZN5neml217ConstantParameterINS_6SSSSR8EE16expected_optionsEv
FN:34,_ZN5neml217ConstantParameterINS_5SSFR5EE16expected_optionsEv
FN:34,_ZN5neml217ConstantParameterINS_5SFFR4EE16expected_optionsEv
FN:34,_ZN5neml217ConstantParameterINS_4WWR4EE16expected_optionsEv
FN:34,_ZN5neml217ConstantParameterINS_4SFR3EE16expected_optionsEv
FN:34,_ZN5neml217ConstantParameterINS_3SR2EE16expected_optionsEv
FN:34,_ZN5neml217ConstantParameterINS_3VecEE16expected_optionsEv
FN:34,_ZN5neml217ConstantParameterINS_4SWR4EE16expected_optionsEv
FN:34,_ZN5neml217ConstantParameterINS_10QuaternionEE16expected_optionsEv
FN:34,_ZN5neml217ConstantParameterINS_2R8EE16expected_optionsEv
FN:34,_ZN5neml217ConstantParameterINS_11MillerIndexEE16expected_optionsEv
FN:34,_ZN5neml217ConstantParameterINS_2R3EE16expected_optionsEv
FN:34,_ZN5neml217ConstantParameterINS_2R5EE16expected_optionsEv
FN:34,_ZN5neml217ConstantParameterINS_4SSR4EE16expected_optionsEv
FN:46,_ZN5neml217ConstantParameterINS_3RotEEC2ERKNS_9OptionSetE
FN:46,_ZN5neml217ConstantParameterINS_5SFFR4EEC2ERKNS_9OptionSetE
FN:46,_ZN5neml217ConstantParameterINS_4SWR4EEC2ERKNS_9OptionSetE
FN:46,_ZN5neml217ConstantParameterINS_4SSR4EEC2ERKNS_9OptionSetE
FN:46,_ZN5neml217ConstantParameterINS_3VecEEC2ERKNS_9OptionSetE
FN:46,_ZN5neml217ConstantParameterINS_10QuaternionEEC2ERKNS_9OptionSetE
FN:46,_ZN5neml217ConstantParameterINS_11MillerIndexEEC2ERKNS_9OptionSetE
FN:46,_ZN5neml217ConstantParameterINS_4SFR3EEC2ERKNS_9OptionSetE
FN:46,_ZN5neml217ConstantParameterINS_2R4EEC2ERKNS_9OptionSetE
FN:46,_ZN5neml217ConstantParameterINS_6SSSSR8EEC2ERKNS_9OptionSetE
FN:46,_ZN5neml217ConstantParameterINS_5SSFR5EEC2ERKNS_9OptionSetE
FN:46,_ZN5neml217ConstantParameterINS_3WR2EEC2ERKNS_9OptionSetE
FN:46,_ZN5neml217ConstantParameterINS_4WWR4EEC2ERKNS_9OptionSetE
FN:46,_ZN5neml217ConstantParameterINS_2R5EEC2ERKNS_9OptionSetE
FN:46,_ZN5neml217ConstantParameterINS_2R3EEC2ERKNS_9OptionSetE
FN:46,_ZN5neml217ConstantParameterINS_3SR2EEC2ERKNS_9OptionSetE
FN:46,_ZN5neml217ConstantParameterINS_6ScalarEEC2ERKNS_9OptionSetE
FN:46,_ZN5neml217ConstantParameterINS_2R2EEC2ERKNS_9OptionSetE
FN:46,_ZN5neml217ConstantParameterINS_4WSR4EEC2ERKNS_9OptionSetE
FN:46,_ZN5neml217ConstantParameterINS_2R8EEC2ERKNS_9OptionSetE
FN:54,_ZN5neml217ConstantParameterINS_4SFR3EE9set_valueEbbb
FN:54,_ZN5neml217ConstantParameterINS_2R2EE9set_valueEbbb
FN:54,_ZN5neml217ConstantParameterINS_3VecEE9set_valueEbbb
FN:54,_ZN5neml217ConstantParameterINS_11MillerIndexEE9set_valueEbbb
FN:54,_ZN5neml217ConstantParameterINS_4SSR4EE9set_valueEbbb
FN:54,_ZN5neml217ConstantParameterINS_2R8EE9set_valueEbbb
FN:54,_ZN5neml217ConstantParameterINS_3SR2EE9set_valueEbbb
FN:54,_ZN5neml217ConstantParameterINS_2R5EE9set_valueEbbb
FN:54,_ZN5neml217ConstantParameterINS_6ScalarEE9set_valueEbbb
FN:54,_ZN5neml217ConstantParameterINS_5SFFR4EE9set_valueEbbb
FN:54,_ZN5neml217ConstantParameterINS_4WWR4EE9set_valueEbbb
FN:54,_ZN5neml217ConstantParameterINS_2R3EE9set_valueEbbb
FN:54,_ZN5neml217ConstantParameterINS_6SSSSR8EE9set_valueEbbb
FN:54,_ZN5neml217ConstantParameterINS_4WSR4EE9set_valueEbbb
FN:54,_ZN5neml217ConstantParameterINS_10QuaternionEE9set_valueEbbb
FN:54,_ZN5neml217ConstantParameterINS_5SSFR5EE9set_valueEbbb
FN:54,_ZN5neml217ConstantParameterINS_2R4EE9set_valueEbbb
FN:54,_ZN5neml217ConstantParameterINS_3RotEE9set_valueEbbb
FN:54,_ZN5neml217ConstantParameterINS_3WR2EE9set_valueEbbb
FN:54,_ZN5neml217ConstantParameterINS_4SWR4EE9set_valueEbbb
FNDA:5,_ZN5neml217ConstantParameterINS_5SSFR5EE16expected_optionsEv
FNDA:5,_ZN5neml217ConstantParameterINS_6SSSSR8EE16expected_optionsEv
FNDA:5,_ZN5neml217ConstantParameterINS_2R4EE16expected_optionsEv
FNDA:0,_ZN5neml217ConstantParameterINS_11MillerIndexEEC2ERKNS_9OptionSetE
FNDA:0,_ZN5neml217ConstantParameterINS_10QuaternionEEC2ERKNS_9OptionSetE
FNDA:0,_ZN5neml217ConstantParameterINS_3VecEEC2ERKNS_9OptionSetE
FNDA:0,_ZN5neml217ConstantParameterINS_2R2EE9set_valueEbbb
FNDA:0,_ZN5neml217ConstantParameterINS_4SSR4EEC2ERKNS_9OptionSetE
FNDA:5,_ZN5neml217ConstantParameterINS_4WSR4EE16expected_optionsEv
FNDA:0,_ZN5neml217ConstantParameterINS_4SWR4EEC2ERKNS_9OptionSetE
FNDA:0,_ZN5neml217ConstantParameterINS_4SFR3EE9set_valueEbbb
FNDA:0,_ZN5neml217ConstantParameterINS_5SFFR4EEC2ERKNS_9OptionSetE
FNDA:5,_ZN5neml217ConstantParameterINS_2R2EE16expected_optionsEv
FNDA:5,_ZN5neml217ConstantParameterINS_3RotEE16expected_optionsEv
FNDA:0,_ZN5neml217ConstantParameterINS_3RotEEC2ERKNS_9OptionSetE
FNDA:5,_ZN5neml217ConstantParameterINS_3WR2EE16expected_optionsEv
FNDA:5,_ZN5neml217ConstantParameterINS_6ScalarEE16expected_optionsEv
FNDA:5,_ZN5neml217ConstantParameterINS_4SFR3EE16expected_optionsEv
FNDA:0,_ZN5neml217ConstantParameterINS_6ScalarEE9set_valueEbbb
FNDA:0,_ZN5neml217ConstantParameterINS_4WWR4EEC2ERKNS_9OptionSetE
FNDA:5,_ZN5neml217ConstantParameterINS_4WWR4EE16expected_optionsEv
FNDA:0,_ZN5neml217ConstantParameterINS_2R5EE9set_valueEbbb
FNDA:0,_ZN5neml217ConstantParameterINS_3SR2EE9set_valueEbbb
FNDA:0,_ZN5neml217ConstantParameterINS_5SSFR5EEC2ERKNS_9OptionSetE
FNDA:0,_ZN5neml217ConstantParameterINS_3WR2EEC2ERKNS_9OptionSetE
FNDA:0,_ZN5neml217ConstantParameterINS_4SSR4EE9set_valueEbbb
FNDA:0,_ZN5neml217ConstantParameterINS_2R8EE9set_valueEbbb
FNDA:0,_ZN5neml217ConstantParameterINS_11MillerIndexEE9set_valueEbbb
FNDA:0,_ZN5neml217ConstantParameterINS_6SSSSR8EEC2ERKNS_9OptionSetE
FNDA:5,_ZN5neml217ConstantParameterINS_5SFFR4EE16expected_optionsEv
FNDA:0,_ZN5neml217ConstantParameterINS_2R4EEC2ERKNS_9OptionSetE
FNDA:0,_ZN5neml217ConstantParameterINS_4SFR3EEC2ERKNS_9OptionSetE
FNDA:0,_ZN5neml217ConstantParameterINS_3VecEE9set_valueEbbb
FNDA:0,_ZN5neml217ConstantParameterINS_3RotEE9set_valueEbbb
FNDA:0,_ZN5neml217ConstantParameterINS_2R4EE9set_valueEbbb
FNDA:0,_ZN5neml217ConstantParameterINS_2R2EEC2ERKNS_9OptionSetE
FNDA:0,_ZN5neml217ConstantParameterINS_5SSFR5EE9set_valueEbbb
FNDA:0,_ZN5neml217ConstantParameterINS_10QuaternionEE9set_valueEbbb
FNDA:0,_ZN5neml217ConstantParameterINS_4WSR4EE9set_valueEbbb
FNDA:0,_ZN5neml217ConstantParameterINS_6SSSSR8EE9set_valueEbbb
FNDA:0,_ZN5neml217ConstantParameterINS_2R3EE9set_valueEbbb
FNDA:0,_ZN5neml217ConstantParameterINS_6ScalarEEC2ERKNS_9OptionSetE
FNDA:5,_ZN5neml217ConstantParameterINS_4SWR4EE16expected_optionsEv
FNDA:0,_ZN5neml217ConstantParameterINS_4WWR4EE9set_valueEbbb
FNDA:0,_ZN5neml217ConstantParameterINS_3SR2EEC2ERKNS_9OptionSetE
FNDA:0,_ZN5neml217ConstantParameterINS_2R3EEC2ERKNS_9OptionSetE
FNDA:0,_ZN5neml217ConstantParameterINS_5SFFR4EE9set_valueEbbb
FNDA:0,_ZN5neml217ConstantParameterINS_2R5EEC2ERKNS_9OptionSetE
FNDA:5,_ZN5neml217ConstantParameterINS_3SR2EE16expected_optionsEv
FNDA:5,_ZN5neml217ConstantParameterINS_3VecEE16expected_optionsEv
FNDA:5,_ZN5neml217ConstantParameterINS_4SSR4EE16expected_optionsEv
FNDA:0,_ZN5neml217ConstantParameterINS_2R8EEC2ERKNS_9OptionSetE
FNDA:5,_ZN5neml217ConstantParameterINS_2R5EE16expected_optionsEv
FNDA:5,_ZN5neml217ConstantParameterINS_2R3EE16expected_optionsEv
FNDA:0,_ZN5neml217ConstantParameterINS_4SWR4EE9set_valueEbbb
FNDA:5,_ZN5neml217ConstantParameterINS_11MillerIndexEE16expected_optionsEv
FNDA:0,_ZN5neml217ConstantParameterINS_4WSR4EEC2ERKNS_9OptionSetE
FNDA:0,_ZN5neml217ConstantParameterINS_3WR2EE9set_valueEbbb
FNDA:5,_ZN5neml217ConstantParameterINS_2R8EE16expected_optionsEv
FNDA:5,_ZN5neml217ConstantParameterINS_10QuaternionEE16expected_optionsEv
FNF:60
FNH:20
DA:34,100
DA:36,100
DA:37,100
DA:40,100
DA:41,100
DA:42,100
DA:43,0
DA:46,0
DA:48,0
DA:50,0
DA:54,0
DA:56,0
DA:57,0
DA:59,0
DA:60,0
DA:61,0
DA:65,0
LF:17
LH:6
end_of_record
TN:
SF:/home/runner/work/neml2/neml2/src/neml2/models/CopyVariable.cxx
FN:34,_ZN5neml212CopyVariableINS_2R2EE16expected_optionsEv
FN:34,_ZN5neml212CopyVariableINS_4WSR4EE16expected_optionsEv
FN:34,_ZN5neml212CopyVariableINS_2R5EE16expected_optionsEv
FN:34,_ZN5neml212CopyVariableINS_11MillerIndexEE16expected_optionsEv
FN:34,_ZN5neml212CopyVariableINS_5SFFR4EE16expected_optionsEv
FN:34,_ZN5neml212CopyVariableINS_2R4EE16expected_optionsEv
FN:34,_ZN5neml212CopyVariableINS_2R3EE16expected_optionsEv
FN:34,_ZN5neml212CopyVariableINS_3VecEE16expected_optionsEv
FN:34,_ZN5neml212CopyVariableINS_4WWR4EE16expected_optionsEv
FN:34,_ZN5neml212CopyVariableINS_3RotEE16expected_optionsEv
FN:34,_ZN5neml212CopyVariableINS_4SWR4EE16expected_optionsEv
FN:34,_ZN5neml212CopyVariableINS_3SR2EE16expected_optionsEv
FN:34,_ZN5neml212CopyVariableINS_6SSSSR8EE16expected_optionsEv
FN:34,_ZN5neml212CopyVariableINS_4SSR4EE16expected_optionsEv
FN:34,_ZN5neml212CopyVariableINS_2R8EE16expected_optionsEv
FN:34,_ZN5neml212CopyVariableINS_6ScalarEE16expected_optionsEv
FN:34,_ZN5neml212CopyVariableINS_3WR2EE16expected_optionsEv
FN:34,_ZN5neml212CopyVariableINS_10QuaternionEE16expected_optionsEv
FN:34,_ZN5neml212CopyVariableINS_4SFR3EE16expected_optionsEv
FN:34,_ZN5neml212CopyVariableINS_5SSFR5EE16expected_optionsEv
FN:49,_ZN5neml212CopyVariableINS_2R8EEC2ERKNS_9OptionSetE
FN:49,_ZN5neml212CopyVariableINS_6SSSSR8EEC2ERKNS_9OptionSetE
FN:49,_ZN5neml212CopyVariableINS_2R4EEC2ERKNS_9OptionSetE
FN:49,_ZN5neml212CopyVariableINS_5SSFR5EEC2ERKNS_9OptionSetE
FN:49,_ZN5neml212CopyVariableINS_2R3EEC2ERKNS_9OptionSetE
FN:49,_ZN5neml212CopyVariableINS_3RotEEC2ERKNS_9OptionSetE
FN:49,_ZN5neml212CopyVariableINS_4SSR4EEC2ERKNS_9OptionSetE
FN:49,_ZN5neml212CopyVariableINS_2R5EEC2ERKNS_9OptionSetE
FN:49,_ZN5neml212CopyVariableINS_2R2EEC2ERKNS_9OptionSetE
FN:49,_ZN5neml212CopyVariableINS_4WSR4EEC2ERKNS_9OptionSetE
FN:49,_ZN5neml212CopyVariableINS_4WWR4EEC2ERKNS_9OptionSetE
FN:49,_ZN5neml212CopyVariableINS_11MillerIndexEEC2ERKNS_9OptionSetE
FN:49,_ZN5neml212CopyVariableINS_4SFR3EEC2ERKNS_9OptionSetE
FN:49,_ZN5neml212CopyVariableINS_5SFFR4EEC2ERKNS_9OptionSetE
FN:49,_ZN5neml212CopyVariableINS_3VecEEC2ERKNS_9OptionSetE
FN:49,_ZN5neml212CopyVariableINS_6ScalarEEC2ERKNS_9OptionSetE
FN:49,_ZN5neml212CopyVariableINS_10QuaternionEEC2ERKNS_9OptionSetE
FN:49,_ZN5neml212CopyVariableINS_4SWR4EEC2ERKNS_9OptionSetE
FN:49,_ZN5neml212CopyVariableINS_3SR2EEC2ERKNS_9OptionSetE
FN:49,_ZN5neml212CopyVariableINS_3WR2EEC2ERKNS_9OptionSetE
FN:58,_ZN5neml212CopyVariableINS_2R3EE9set_valueEbbb
FN:58,_ZN5neml212CopyVariableINS_11MillerIndexEE9set_valueEbbb
FN:58,_ZN5neml212CopyVariableINS_5SFFR4EE9set_valueEbbb
FN:58,_ZN5neml212CopyVariableINS_4SWR4EE9set_valueEbbb
FN:58,_ZN5neml212CopyVariableINS_3RotEE9set_valueEbbb
FN:58,_ZN5neml212CopyVariableINS_2R2EE9set_valueEbbb
FN:58,_ZN5neml212CopyVariableINS_2R8EE9set_valueEbbb
FN:58,_ZN5neml212CopyVariableINS_2R5EE9set_valueEbbb
FN:58,_ZN5neml212CopyVariableINS_4WSR4EE9set_valueEbbb
FN:58,_ZN5neml212CopyVariableINS_4SFR3EE9set_valueEbbb
FN:58,_ZN5neml212CopyVariableINS_5SSFR5EE9set_valueEbbb
FN:58,_ZN5neml212CopyVariableINS_4SSR4EE9set_valueEbbb
FN:58,_ZN5neml212CopyVariableINS_2R4EE9set_valueEbbb
FN:58,_ZN5neml212CopyVariableINS_10QuaternionEE9set_valueEbbb
FN:58,_ZN5neml212CopyVariableINS_4WWR4EE9set_valueEbbb
FN:58,_ZN5neml212CopyVariableINS_3VecEE9set_valueEbbb
FN:58,_ZN5neml212CopyVariableINS_3WR2EE9set_valueEbbb
FN:58,_ZN5neml212CopyVariableINS_6ScalarEE9set_valueEbbb
FN:58,_ZN5neml212CopyVariableINS_3SR2EE9set_valueEbbb
FN:58,_ZN5neml212CopyVariableINS_6SSSSR8EE9set_valueEbbb
FNDA:0,_ZN5neml212CopyVariableINS_2R4EE9set_valueEbbb
FNDA:5,_ZN5neml212CopyVariableINS_3SR2EE16expected_optionsEv
FNDA:0,_ZN5neml212CopyVariableINS_4SSR4EE9set_valueEbbb
FNDA:0,_ZN5neml212CopyVariableINS_4WWR4EE9set_valueEbbb
FNDA:0,_ZN5neml212CopyVariableINS_6ScalarEEC2ERKNS_9OptionSetE
FNDA:0,_ZN5neml212CopyVariableINS_10QuaternionEEC2ERKNS_9OptionSetE
FNDA:5,_ZN5neml212CopyVariableINS_6SSSSR8EE16expected_optionsEv
FNDA:0,_ZN5neml212CopyVariableINS_4SFR3EEC2ERKNS_9OptionSetE
FNDA:0,_ZN5neml212CopyVariableINS_10QuaternionEE9set_valueEbbb
FNDA:0,_ZN5neml212CopyVariableINS_3VecEEC2ERKNS_9OptionSetE
FNDA:0,_ZN5neml212CopyVariableINS_5SFFR4EEC2ERKNS_9OptionSetE
FNDA:5,_ZN5neml212CopyVariableINS_6ScalarEE16expected_optionsEv
FNDA:0,_ZN5neml212CopyVariableINS_4SWR4EEC2ERKNS_9OptionSetE
FNDA:0,_ZN5neml212CopyVariableINS_6ScalarEE9set_valueEbbb
FNDA:5,_ZN5neml212CopyVariableINS_3WR2EE16expected_optionsEv
FNDA:0,_ZN5neml212CopyVariableINS_3SR2EE9set_valueEbbb
FNDA:0,_ZN5neml212CopyVariableINS_3VecEE9set_valueEbbb
FNDA:0,_ZN5neml212CopyVariableINS_3WR2EE9set_valueEbbb
FNDA:5,_ZN5neml212CopyVariableINS_2R8EE16expected_optionsEv
FNDA:5,_ZN5neml212CopyVariableINS_4SSR4EE16expected_optionsEv
FNDA:5,_ZN5neml212CopyVariableINS_5SSFR5EE16expected_optionsEv
FNDA:0,_ZN5neml212CopyVariableINS_3SR2EEC2ERKNS_9OptionSetE
FNDA:0,_ZN5neml212CopyVariableINS_3WR2EEC2ERKNS_9OptionSetE
FNDA:5,_ZN5neml212CopyVariableINS_10QuaternionEE16expected_optionsEv
FNDA:5,_ZN5neml212CopyVariableINS_4SFR3EE16expected_optionsEv
FNDA:0,_ZN5neml212CopyVariableINS_6SSSSR8EE9set_valueEbbb
FNDA:0,_ZN5neml212CopyVariableINS_11MillerIndexEE9set_valueEbbb
FNDA:5,_ZN5neml212CopyVariableINS_2R2EE16expected_optionsEv
FNDA:0,_ZN5neml212CopyVariableINS_2R8EEC2ERKNS_9OptionSetE
FNDA:0,_ZN5neml212CopyVariableINS_2R3EE9set_valueEbbb
FNDA:5,_ZN5neml212CopyVariableINS_2R5EE16expected_optionsEv
FNDA:0,_ZN5neml212CopyVariableINS_2R4EEC2ERKNS_9OptionSetE
FNDA:0,_ZN5neml212CopyVariableINS_5SFFR4EE9set_valueEbbb
FNDA:5,_ZN5neml212CopyVariableINS_5SFFR4EE16expected_optionsEv
FNDA:0,_ZN5neml212CopyVariableINS_5SSFR5EEC2ERKNS_9OptionSetE
FNDA:5,_ZN5neml212CopyVariableINS_11MillerIndexEE16expected_optionsEv
FNDA:5,_ZN5neml212CopyVariableINS_4WSR4EE16expected_optionsEv
FNDA:0,_ZN5neml212CopyVariableINS_6SSSSR8EEC2ERKNS_9OptionSetE
FNDA:5,_ZN5neml212CopyVariableINS_3VecEE16expected_optionsEv
FNDA:0,_ZN5neml212CopyVariableINS_2R5EEC2ERKNS_9OptionSetE
FNDA:0,_ZN5neml212CopyVariableINS_2R8EE9set_valueEbbb
FNDA:5,_ZN5neml212CopyVariableINS_4WWR4EE16expected_optionsEv
FNDA:0,_ZN5neml212CopyVariableINS_3RotEE9set_valueEbbb
FNDA:0,_ZN5neml212CopyVariableINS_4SWR4EE9set_valueEbbb
FNDA:5,_ZN5neml212CopyVariableINS_2R4EE16expected_optionsEv
FNDA:5,_ZN5neml212CopyVariableINS_2R3EE16expected_optionsEv
FNDA:0,_ZN5neml212CopyVariableINS_2R2EE9set_valueEbbb
FNDA:0,_ZN5neml212CopyVariableINS_2R3EEC2ERKNS_9OptionSetE
FNDA:0,_ZN5neml212CopyVariableINS_3RotEEC2ERKNS_9OptionSetE
FNDA:0,_ZN5neml212CopyVariableINS_4SSR4EEC2ERKNS_9OptionSetE
FNDA:0,_ZN5neml212CopyVariableINS_2R2EEC2ERKNS_9OptionSetE
FNDA:0,_ZN5neml212CopyVariableINS_4WSR4EEC2ERKNS_9OptionSetE
FNDA:5,_ZN5neml212CopyVariableINS_4SWR4EE16expected_optionsEv
FNDA:0,_ZN5neml212CopyVariableINS_11MillerIndexEEC2ERKNS_9OptionSetE
FNDA:0,_ZN5neml212CopyVariableINS_4WWR4EEC2ERKNS_9OptionSetE
FNDA:5,_ZN5neml212CopyVariableINS_3RotEE16expected_optionsEv
FNDA:0,_ZN5neml212CopyVariableINS_5SSFR5EE9set_valueEbbb
FNDA:0,_ZN5neml212CopyVariableINS_4SFR3EE9set_valueEbbb
FNDA:0,_ZN5neml212CopyVariableINS_4WSR4EE9set_valueEbbb
FNDA:0,_ZN5neml212CopyVariableINS_2R5EE9set_valueEbbb
FNF:60
FNH:20
DA:34,100
DA:36,100
DA:37,100
DA:39,100
DA:40,100
DA:42,100
DA:43,100
DA:45,100
DA:46,0
DA:49,0
DA:51,0
DA:52,0
DA:54,0
DA:58,0
DA:60,0
DA:61,0
DA:63,0
DA:64,0
DA:65,0
DA:71,0
LF:20
LH:8
end_of_record
TN:
SF:/home/runner/work/neml2/neml2/src/neml2/models/Data.cxx
FN:30,_ZN5neml24Data16expected_optionsEv
FN:37,_ZN5neml24DataC2ERKNS_9OptionSetE
FNDA:0,_ZN5neml24DataC2ERKNS_9OptionSetE
FNDA:655,_ZN5neml24Data16expected_optionsEv
FNF:2
FNH:1
DA:30,655
DA:32,655
DA:33,655
DA:34,655
DA:35,0
DA:37,0
DA:39,0
DA:41,0
LF:8
LH:4
end_of_record
TN:
SF:/home/runner/work/neml2/neml2/src/neml2/models/ForwardEulerTimeIntegration.cxx
FN:36,_ZN5neml227ForwardEulerTimeIntegrationINS_6ScalarEE16expected_optionsEv
FN:36,_ZN5neml227ForwardEulerTimeIntegrationINS_3SR2EE16expected_optionsEv
FN:36,_ZN5neml227ForwardEulerTimeIntegrationINS_3VecEE16expected_optionsEv
FN:58,_ZN5neml227ForwardEulerTimeIntegrationINS_6ScalarEEC2ERKNS_9OptionSetE
FN:58,_ZN5neml227ForwardEulerTimeIntegrationINS_3VecEEC2ERKNS_9OptionSetE
FN:58,_ZN5neml227ForwardEulerTimeIntegrationINS_3SR2EEC2ERKNS_9OptionSetE
FN:72,_ZNK5neml227ForwardEulerTimeIntegrationINS_3VecEE8diagnoseERSt6vectorINS_9DiagnosisESaIS4_EE
FN:72,_ZNK5neml227ForwardEulerTimeIntegrationINS_6ScalarEE8diagnoseERSt6vectorINS_9DiagnosisESaIS4_EE
FN:72,_ZNK5neml227ForwardEulerTimeIntegrationINS_3SR2EE8diagnoseERSt6vectorINS_9DiagnosisESaIS4_EE
FN:82,_ZN5neml227ForwardEulerTimeIntegrationINS_3VecEE9set_valueEbbb
FN:82,_ZN5neml227ForwardEulerTimeIntegrationINS_6ScalarEE9set_valueEbbb
FN:82,_ZN5neml227ForwardEulerTimeIntegrationINS_3SR2EE9set_valueEbbb
FNDA:0,_ZN5neml227ForwardEulerTimeIntegrationINS_6ScalarEE9set_valueEbbb
FNDA:0,_ZN5neml227ForwardEulerTimeIntegrationINS_3VecEEC2ERKNS_9OptionSetE
FNDA:0,_ZN5neml227ForwardEulerTimeIntegrationINS_3SR2EE9set_valueEbbb
FNDA:5,_ZN5neml227ForwardEulerTimeIntegrationINS_3SR2EE16expected_optionsEv
FNDA:0,_ZN5neml227ForwardEulerTimeIntegrationINS_3SR2EEC2ERKNS_9OptionSetE
FNDA:5,_ZN5neml227ForwardEulerTimeIntegrationINS_3VecEE16expected_optionsEv
FNDA:0,_ZNK5neml227ForwardEulerTimeIntegrationINS_3VecEE8diagnoseERSt6vectorINS_9DiagnosisESaIS4_EE
FNDA:0,_ZNK5neml227ForwardEulerTimeIntegrationINS_6ScalarEE8diagnoseERSt6vectorINS_9DiagnosisESaIS4_EE
FNDA:0,_ZN5neml227ForwardEulerTimeIntegrationINS_6ScalarEEC2ERKNS_9OptionSetE
FNDA:5,_ZN5neml227ForwardEulerTimeIntegrationINS_6ScalarEE16expected_optionsEv
FNDA:0,_ZNK5neml227ForwardEulerTimeIntegrationINS_3SR2EE8diagnoseERSt6vectorINS_9DiagnosisESaIS4_EE
FNDA:0,_ZN5neml227ForwardEulerTimeIntegrationINS_3VecEE9set_valueEbbb
FNF:12
FNH:3
DA:36,15
DA:38,15
DA:39,15
DA:45,15
DA:46,15
DA:48,15
DA:49,15
DA:51,15
DA:52,15
DA:54,15
DA:55,0
DA:58,0
DA:60,0
DA:61,0
DA:62,0
DA:63,0
DA:64,0
DA:65,0
DA:66,0
DA:68,0
DA:72,0
DA:74,0
DA:75,0
DA:76,0
DA:77,0
DA:78,0
DA:82,0
DA:84,0
DA:86,0
DA:87,0
DA:89,0
DA:91,0
DA:93,0
DA:95,0
DA:96,0
DA:98,0
DA:99,0
DA:100,0
DA:101,0
LF:39
LH:10
end_of_record
TN:
SF:/home/runner/work/neml2/neml2/src/neml2/models/ImplicitUpdate.cxx
FN:35,_ZN5neml214ImplicitUpdate16expected_optionsEv
FN:51,_ZN5neml214ImplicitUpdateC2ERKNS_9OptionSetE
FN:73,_ZNK5neml214ImplicitUpdate8diagnoseERSt6vectorINS_9DiagnosisESaIS2_EE
FN:99,_ZN5neml214ImplicitUpdate21link_output_variablesEv
FN:107,_ZN5neml214ImplicitUpdate9set_valueEbbb
FNDA:5,_ZN5neml214ImplicitUpdate16expected_optionsEv
FNDA:0,_ZN5neml214ImplicitUpdateC2ERKNS_9OptionSetE
FNDA:0,_ZNK5neml214ImplicitUpdate8diagnoseERSt6vectorINS_9DiagnosisESaIS2_EE
FNDA:0,_ZN5neml214ImplicitUpdate9set_valueEbbb
FNDA:0,_ZN5neml214ImplicitUpdate21link_output_variablesEv
FNF:5
FNH:1
DA:35,5
DA:37,5
DA:38,5
DA:39,5
DA:41,5
DA:42,10
DA:43,5
DA:45,5
DA:46,5
DA:48,5
DA:49,0
DA:51,0
DA:53,0
DA:55,0
DA:57,0
DA:59,0
DA:61,0
DA:68,0
DA:69,0
DA:70,0
DA:73,0
DA:75,0
DA:76,0
DA:77,0
DA:79,0
DA:80,0
DA:81,0
DA:83,0
DA:84,0
DA:85,0
DA:87,0
DA:88,0
DA:90,0
DA:93,0
DA:95,0
DA:96,0
DA:99,0
DA:101,0
DA:102,0
DA:103,0
DA:104,0
DA:107,0
DA:109,0
DA:112,0
DA:113,0
DA:118,0
DA:121,0
DA:123,0
DA:124,0
DA:125,0
DA:126,0
DA:128,0
DA:140,0
DA:141,0
DA:145,0
DA:148,0
DA:149,0
DA:150,0
DA:151,0
DA:152,0
DA:155,0
DA:158,0
DA:160,0
DA:161,0
DA:163,0
DA:164,0
DA:165,0
DA:167,0
DA:168,0
LF:69
LH:10
end_of_record
TN:
SF:/home/runner/work/neml2/neml2/src/neml2/models/InputParameter.cxx
FN:34,_ZN5neml214InputParameterINS_10QuaternionEE16expected_optionsEv
FN:34,_ZN5neml214InputParameterINS_4SSR4EE16expected_optionsEv
FN:34,_ZN5neml214InputParameterINS_4SWR4EE16expected_optionsEv
FN:34,_ZN5neml214InputParameterINS_3SR2EE16expected_optionsEv
FN:34,_ZN5neml214InputParameterINS_3WR2EE16expected_optionsEv
FN:34,_ZN5neml214InputParameterINS_11MillerIndexEE16expected_optionsEv
FN:34,_ZN5neml214InputParameterINS_4WSR4EE16expected_optionsEv
FN:34,_ZN5neml214InputParameterINS_2R3EE16expected_optionsEv
FN:34,_ZN5neml214InputParameterINS_3RotEE16expected_optionsEv
FN:34,_ZN5neml214InputParameterINS_2R5EE16expected_optionsEv
FN:34,_ZN5neml214InputParameterINS_4WWR4EE16expected_optionsEv
FN:34,_ZN5neml214InputParameterINS_5SSFR5EE16expected_optionsEv
FN:34,_ZN5neml214InputParameterINS_2R4EE16expected_optionsEv
FN:34,_ZN5neml214InputParameterINS_3VecEE16expected_optionsEv
FN:34,_ZN5neml214InputParameterINS_4SFR3EE16expected_optionsEv
FN:34,_ZN5neml214InputParameterINS_2R8EE16expected_optionsEv
FN:34,_ZN5neml214InputParameterINS_5SFFR4EE16expected_optionsEv
FN:34,_ZN5neml214InputParameterINS_6SSSSR8EE16expected_optionsEv
FN:34,_ZN5neml214InputParameterINS_6ScalarEE16expected_optionsEv
FN:34,_ZN5neml214InputParameterINS_2R2EE16expected_optionsEv
FN:45,_ZN5neml214InputParameterINS_5SFFR4EEC2ERKNS_9OptionSetE
FN:45,_ZN5neml214InputParameterINS_5SSFR5EEC2ERKNS_9OptionSetE
FN:45,_ZN5neml214InputParameterINS_3SR2EEC2ERKNS_9OptionSetE
FN:45,_ZN5neml214InputParameterINS_6SSSSR8EEC2ERKNS_9OptionSetE
FN:45,_ZN5neml214InputParameterINS_10QuaternionEEC2ERKNS_9OptionSetE
FN:45,_ZN5neml214InputParameterINS_4WWR4EEC2ERKNS_9OptionSetE
FN:45,_ZN5neml214InputParameterINS_3VecEEC2ERKNS_9OptionSetE
FN:45,_ZN5neml214InputParameterINS_6ScalarEEC2ERKNS_9OptionSetE
FN:45,_ZN5neml214InputParameterINS_2R4EEC2ERKNS_9OptionSetE
FN:45,_ZN5neml214InputParameterINS_2R5EEC2ERKNS_9OptionSetE
FN:45,_ZN5neml214InputParameterINS_2R3EEC2ERKNS_9OptionSetE
FN:45,_ZN5neml214InputParameterINS_4SWR4EEC2ERKNS_9OptionSetE
FN:45,_ZN5neml214InputParameterINS_2R8EEC2ERKNS_9OptionSetE
FN:45,_ZN5neml214InputParameterINS_3WR2EEC2ERKNS_9OptionSetE
FN:45,_ZN5neml214InputParameterINS_2R2EEC2ERKNS_9OptionSetE
FN:45,_ZN5neml214InputParameterINS_11MillerIndexEEC2ERKNS_9OptionSetE
FN:45,_ZN5neml214InputParameterINS_4SSR4EEC2ERKNS_9OptionSetE
FN:45,_ZN5neml214InputParameterINS_4SFR3EEC2ERKNS_9OptionSetE
FN:45,_ZN5neml214InputParameterINS_3RotEEC2ERKNS_9OptionSetE
FN:45,_ZN5neml214InputParameterINS_4WSR4EEC2ERKNS_9OptionSetE
FN:58,_ZN5neml214InputParameterINS_5SSFR5EE9set_valueEbbb
FN:58,_ZN5neml214InputParameterINS_11MillerIndexEE9set_valueEbbb
FN:58,_ZN5neml214InputParameterINS_4SWR4EE9set_valueEbbb
FN:58,_ZN5neml214InputParameterINS_2R3EE9set_valueEbbb
FN:58,_ZN5neml214InputParameterINS_5SFFR4EE9set_valueEbbb
FN:58,_ZN5neml214InputParameterINS_4WWR4EE9set_valueEbbb
FN:58,_ZN5neml214InputParameterINS_2R2EE9set_valueEbbb
FN:58,_ZN5neml214InputParameterINS_4SSR4EE9set_valueEbbb
FN:58,_ZN5neml214InputParameterINS_2R5EE9set_valueEbbb
FN:58,_ZN5neml214InputParameterINS_3RotEE9set_valueEbbb
FN:58,_ZN5neml214InputParameterINS_3WR2EE9set_valueEbbb
FN:58,_ZN5neml214InputParameterINS_3VecEE9set_valueEbbb
FN:58,_ZN5neml214InputParameterINS_2R4EE9set_valueEbbb
FN:58,_ZN5neml214InputParameterINS_4WSR4EE9set_valueEbbb
FN:58,_ZN5neml214InputParameterINS_6ScalarEE9set_valueEbbb
FN:58,_ZN5neml214InputParameterINS_4SFR3EE9set_valueEbbb
FN:58,_ZN5neml214InputParameterINS_2R8EE9set_valueEbbb
FN:58,_ZN5neml214InputParameterINS_6SSSSR8EE9set_valueEbbb
FN:58,_ZN5neml214InputParameterINS_3SR2EE9set_valueEbbb
FN:58,_ZN5neml214InputParameterINS_10QuaternionEE9set_valueEbbb
FNDA:0,_ZN5neml214InputParameterINS_2R3EE9set_valueEbbb
FNDA:0,_ZN5neml214InputParameterINS_6SSSSR8EEC2ERKNS_9OptionSetE
FNDA:0,_ZN5neml214InputParameterINS_3SR2EEC2ERKNS_9OptionSetE
FNDA:5,_ZN5neml214InputParameterINS_4SWR4EE16expected_optionsEv
FNDA:0,_ZN5neml214InputParameterINS_4SWR4EE9set_valueEbbb
FNDA:0,_ZN5neml214InputParameterINS_5SSFR5EEC2ERKNS_9OptionSetE
FNDA:5,_ZN5neml214InputParameterINS_4SSR4EE16expected_optionsEv
FNDA:0,_ZN5neml214InputParameterINS_11MillerIndexEE9set_valueEbbb
FNDA:5,_ZN5neml214InputParameterINS_10QuaternionEE16expected_optionsEv
FNDA:0,_ZN5neml214InputParameterINS_5SFFR4EEC2ERKNS_9OptionSetE
FNDA:0,_ZN5neml214InputParameterINS_5SSFR5EE9set_valueEbbb
FNDA:0,_ZN5neml214InputParameterINS_3WR2EE9set_valueEbbb
FNDA:5,_ZN5neml214InputParameterINS_4WWR4EE16expected_optionsEv
FNDA:5,_ZN5neml214InputParameterINS_2R5EE16expected_optionsEv
FNDA:5,_ZN5neml214InputParameterINS_3RotEE16expected_optionsEv
FNDA:0,_ZN5neml214InputParameterINS_6ScalarEEC2ERKNS_9OptionSetE
FNDA:5,_ZN5neml214InputParameterINS_2R3EE16expected_optionsEv
FNDA:0,_ZN5neml214InputParameterINS_3RotEE9set_valueEbbb
FNDA:0,_ZN5neml214InputParameterINS_3VecEEC2ERKNS_9OptionSetE
FNDA:0,_ZN5neml214InputParameterINS_2R5EE9set_valueEbbb
FNDA:0,_ZN5neml214InputParameterINS_4WWR4EEC2ERKNS_9OptionSetE
FNDA:5,_ZN5neml214InputParameterINS_4WSR4EE16expected_optionsEv
FNDA:5,_ZN5neml214InputParameterINS_11MillerIndexEE16expected_optionsEv
FNDA:5,_ZN5neml214InputParameterINS_3WR2EE16expected_optionsEv
FNDA:0,_ZN5neml214InputParameterINS_10QuaternionEEC2ERKNS_9OptionSetE
FNDA:5,_ZN5neml214InputParameterINS_3SR2EE16expected_optionsEv
FNDA:0,_ZN5neml214InputParameterINS_2R2EE9set_valueEbbb
FNDA:0,_ZN5neml214InputParameterINS_4SSR4EE9set_valueEbbb
FNDA:0,_ZN5neml214InputParameterINS_4WWR4EE9set_valueEbbb
FNDA:0,_ZN5neml214InputParameterINS_5SFFR4EE9set_valueEbbb
FNDA:0,_ZN5neml214InputParameterINS_2R8EE9set_valueEbbb
FNDA:5,_ZN5neml214InputParameterINS_4SFR3EE16expected_optionsEv
FNDA:5,_ZN5neml214InputParameterINS_2R8EE16expected_optionsEv
FNDA:0,_ZN5neml214InputParameterINS_4SFR3EE9set_valueEbbb
FNDA:5,_ZN5neml214InputParameterINS_3VecEE16expected_optionsEv
FNDA:0,_ZN5neml214InputParameterINS_2R8EEC2ERKNS_9OptionSetE
FNDA:0,_ZN5neml214InputParameterINS_4SWR4EEC2ERKNS_9OptionSetE
FNDA:0,_ZN5neml214InputParameterINS_6ScalarEE9set_valueEbbb
FNDA:0,_ZN5neml214InputParameterINS_2R3EEC2ERKNS_9OptionSetE
FNDA:0,_ZN5neml214InputParameterINS_4WSR4EE9set_valueEbbb
FNDA:5,_ZN5neml214InputParameterINS_2R4EE16expected_optionsEv
FNDA:5,_ZN5neml214InputParameterINS_5SSFR5EE16expected_optionsEv
FNDA:0,_ZN5neml214InputParameterINS_2R4EE9set_valueEbbb
FNDA:0,_ZN5neml214InputParameterINS_3VecEE9set_valueEbbb
FNDA:0,_ZN5neml214InputParameterINS_2R5EEC2ERKNS_9OptionSetE
FNDA:0,_ZN5neml214InputParameterINS_2R4EEC2ERKNS_9OptionSetE
FNDA:0,_ZN5neml214InputParameterINS_4WSR4EEC2ERKNS_9OptionSetE
FNDA:0,_ZN5neml214InputParameterINS_10QuaternionEE9set_valueEbbb
FNDA:0,_ZN5neml214InputParameterINS_3RotEEC2ERKNS_9OptionSetE
FNDA:0,_ZN5neml214InputParameterINS_4SFR3EEC2ERKNS_9OptionSetE
FNDA:5,_ZN5neml214InputParameterINS_2R2EE16expected_optionsEv
FNDA:0,_ZN5neml214InputParameterINS_4SSR4EEC2ERKNS_9OptionSetE
FNDA:0,_ZN5neml214InputParameterINS_11MillerIndexEEC2ERKNS_9OptionSetE
FNDA:0,_ZN5neml214InputParameterINS_3SR2EE9set_valueEbbb
FNDA:0,_ZN5neml214InputParameterINS_6SSSSR8EE9set_valueEbbb
FNDA:5,_ZN5neml214InputParameterINS_6ScalarEE16expected_optionsEv
FNDA:5,_ZN5neml214InputParameterINS_6SSSSR8EE16expected_optionsEv
FNDA:0,_ZN5neml214InputParameterINS_2R2EEC2ERKNS_9OptionSetE
FNDA:0,_ZN5neml214InputParameterINS_3WR2EEC2ERKNS_9OptionSetE
FNDA:5,_ZN5neml214InputParameterINS_5SFFR4EE16expected_optionsEv
FNF:60
FNH:20
DA:34,100
DA:36,100
DA:37,100
DA:39,100
DA:40,100
DA:41,100
DA:42,0
DA:45,0
DA:47,0
DA:49,0
DA:52,0
DA:54,0
DA:58,0
DA:60,0
DA:61,0
DA:63,0
DA:64,0
DA:65,0
DA:69,0
LF:19
LH:6
end_of_record
TN:
SF:/home/runner/work/neml2/neml2/src/neml2/models/LabeledAxis.cxx
FN:29,_ZN5neml211LabeledAxisC2ENS_19LabeledAxisAccessorE
FN:35,_ZNK5neml211LabeledAxis7qualifyERKNS_19LabeledAxisAccessorE
FN:41,_ZN5neml211LabeledAxis11add_subaxisERKSs
FN:54,_ZN5neml211LabeledAxis12add_variableERKNS_19LabeledAxisAccessorEl
FN:72,_ZN5neml211LabeledAxis12setup_layoutEv
FN:132,_ZNK5neml211LabeledAxis4sizeEv
FN:148,_ZNK5neml211LabeledAxis4sizeERKNS_19LabeledAxisAccessorE
FN:179,_ZNK5neml211LabeledAxis5sliceERKNS_19LabeledAxisAccessorE
FN:198,_ZNK5neml211LabeledAxis9nvariableEv
FN:212,_ZNK5neml211LabeledAxis12has_variableERKNS_19LabeledAxisAccessorE
FN:230,_ZNK5neml211LabeledAxis11variable_idERKNS_19LabeledAxisAccessorE
FN:244,_ZNK5neml211LabeledAxis14variable_namesEv
FN:251,_ZNK5neml211LabeledAxis15variable_slicesEv
FN:258,_ZNK5neml211LabeledAxis14variable_sliceERKNS_19LabeledAxisAccessorE
FN:265,_ZNK5neml211LabeledAxis14variable_sizesEv
FN:272,_ZNK5neml211LabeledAxis13variable_sizeERKNS_19LabeledAxisAccessorE
FN:294,_ZNK5neml211LabeledAxis8nsubaxisEv
FN:300,_ZNK5neml211LabeledAxis11has_subaxisERKNS_19LabeledAxisAccessorE
FN:313,_ZNK5neml211LabeledAxis10subaxis_idERKSs
FN:326,_ZNK5neml211LabeledAxis7subaxesEv
FN:333,_ZNK5neml211LabeledAxis7subaxisERKNS_19LabeledAxisAccessorE
FN:348,_ZN5neml211LabeledAxis7subaxisERKNS_19LabeledAxisAccessorE
FN:355,_ZNK5neml211LabeledAxis13subaxis_namesEv
FN:362,_ZNK5neml211LabeledAxis14subaxis_slicesEv
FN:369,_ZNK5neml211LabeledAxis13subaxis_sliceERKNS_19LabeledAxisAccessorE
FN:387,_ZNK5neml211LabeledAxis13subaxis_sizesEv
FN:394,_ZNK5neml211LabeledAxis12subaxis_sizeERKNS_19LabeledAxisAccessorE
FN:407,_ZNK5neml211LabeledAxis6equalsERKS0_
FN:431,_ZN5neml211LabeledAxis22cache_reserved_subaxisERKSs
FN:448,_ZNK5neml211LabeledAxis16ensure_setup_dbgEv
FN:454,_ZN5neml2lsERSoRKNS_11LabeledAxisE
FN:484,_ZN5neml2eqERKNS_11LabeledAxisES2_
FN:490,_ZN5neml2neERKNS_11LabeledAxisES2_
FNDA:0,_ZNK5neml211LabeledAxis11variable_idERKNS_19LabeledAxisAccessorE
FNDA:0,_ZN5neml211LabeledAxisC2ENS_19LabeledAxisAccessorE
FNDA:0,_ZNK5neml211LabeledAxis15variable_slicesEv
FNDA:0,_ZN5neml211LabeledAxis7subaxisERKNS_19LabeledAxisAccessorE
FNDA:0,_ZNK5neml211LabeledAxis10subaxis_idERKSs
FNDA:0,_ZNK5neml211LabeledAxis12subaxis_sizeERKNS_19LabeledAxisAccessorE
FNDA:0,_ZN5neml2eqERKNS_11LabeledAxisES2_
FNDA:0,_ZNK5neml211LabeledAxis14subaxis_slicesEv
FNDA:0,_ZN5neml2neERKNS_11LabeledAxisES2_
FNDA:0,_ZNK5neml211LabeledAxis16ensure_setup_dbgEv
FNDA:0,_ZN5neml211LabeledAxis11add_subaxisERKSs
FNDA:0,_ZNK5neml211LabeledAxis12has_variableERKNS_19LabeledAxisAccessorE
FNDA:0,_ZNK5neml211LabeledAxis7qualifyERKNS_19LabeledAxisAccessorE
FNDA:0,_ZNK5neml211LabeledAxis13subaxis_namesEv
FNDA:0,_ZNK5neml211LabeledAxis11has_subaxisERKNS_19LabeledAxisAccessorE
[...]
FN:37,_ZN5neml219OnesPrimitiveTensorINS_6SSSSR8EE16expected_optionsEv
FN:37,_ZN5neml219OnesPrimitiveTensorINS_2R3EE16expected_optionsEv
FN:37,_ZN5neml219OnesPrimitiveTensorINS_3SR2EE16expected_optionsEv
FN:37,_ZN5neml219OnesPrimitiveTensorINS_6ScalarEE16expected_optionsEv
FN:37,_ZN5neml219OnesPrimitiveTensorINS_4SFR3EE16expected_optionsEv
FN:37,_ZN5neml219OnesPrimitiveTensorINS_4WSR4EE16expected_optionsEv
FN:37,_ZN5neml219OnesPrimitiveTensorINS_11MillerIndexEE16expected_optionsEv
FN:37,_ZN5neml219OnesPrimitiveTensorINS_2R5EE16expected_optionsEv
FN:37,_ZN5neml219OnesPrimitiveTensorINS_10QuaternionEE16expected_optionsEv
FN:37,_ZN5neml219OnesPrimitiveTensorINS_3VecEE16expected_optionsEv
FN:37,_ZN5neml219OnesPrimitiveTensorINS_5SFFR4EE16expected_optionsEv
FN:37,_ZN5neml219OnesPrimitiveTensorINS_5SSFR5EE16expected_optionsEv
FN:37,_ZN5neml219OnesPrimitiveTensorINS_4SSR4EE16expected_optionsEv
FN:37,_ZN5neml219OnesPrimitiveTensorINS_2R4EE16expected_optionsEv
FN:37,_ZN5neml219OnesPrimitiveTensorINS_3WR2EE16expected_optionsEv
FN:37,_ZN5neml219OnesPrimitiveTensorINS_3RotEE16expected_optionsEv
FN:37,_ZN5neml219OnesPrimitiveTensorINS_4SWR4EE16expected_optionsEv
FN:37,_ZN5neml219OnesPrimitiveTensorINS_2R2EE16expected_optionsEv
FN:37,_ZN5neml219OnesPrimitiveTensorINS_4WWR4EE16expected_optionsEv
FN:37,_ZN5neml219OnesPrimitiveTensorINS_2R8EE16expected_optionsEv
FN:53,_ZN5neml219OnesPrimitiveTensorINS_10QuaternionEEC2ERKNS_9OptionSetE
FN:53,_ZN5neml219OnesPrimitiveTensorINS_6SSSSR8EEC2ERKNS_9OptionSetE
FN:53,_ZN5neml219OnesPrimitiveTensorINS_2R8EEC2ERKNS_9OptionSetE
FN:53,_ZN5neml219OnesPrimitiveTensorINS_4WWR4EEC2ERKNS_9OptionSetE
FN:53,_ZN5neml219OnesPrimitiveTensorINS_2R2EEC2ERKNS_9OptionSetE
FN:53,_ZN5neml219OnesPrimitiveTensorINS_4WSR4EEC2ERKNS_9OptionSetE
FN:53,_ZN5neml219OnesPrimitiveTensorINS_3VecEEC2ERKNS_9OptionSetE
FN:53,_ZN5neml219OnesPrimitiveTensorINS_4SWR4EEC2ERKNS_9OptionSetE
FN:53,_ZN5neml219OnesPrimitiveTensorINS_4SSR4EEC2ERKNS_9OptionSetE
FN:53,_ZN5neml219OnesPrimitiveTensorINS_11MillerIndexEEC2ERKNS_9OptionSetE
FN:53,_ZN5neml219OnesPrimitiveTensorINS_4SFR3EEC2ERKNS_9OptionSetE
FN:53,_ZN5neml219OnesPrimitiveTensorINS_6ScalarEEC2ERKNS_9OptionSetE
FN:53,_ZN5neml219OnesPrimitiveTensorINS_3WR2EEC2ERKNS_9OptionSetE
FN:53,_ZN5neml219OnesPrimitiveTensorINS_2R3EEC2ERKNS_9OptionSetE
FN:53,_ZN5neml219OnesPrimitiveTensorINS_3SR2EEC2ERKNS_9OptionSetE
FN:53,_ZN5neml219OnesPrimitiveTensorINS_5SFFR4EEC2ERKNS_9OptionSetE
FN:53,_ZN5neml219OnesPrimitiveTensorINS_3RotEEC2ERKNS_9OptionSetE
FN:53,_ZN5neml219OnesPrimitiveTensorINS_5SSFR5EEC2ERKNS_9OptionSetE
FN:53,_ZN5neml219OnesPrimitiveTensorINS_2R4EEC2ERKNS_9OptionSetE
FN:53,_ZN5neml219OnesPrimitiveTensorINS_2R5EEC2ERKNS_9OptionSetE
FNDA:5,_ZN5neml219OnesPrimitiveTensorINS_6SSSSR8EE16expected_optionsEv
FNDA:5,_ZN5neml219OnesPrimitiveTensorINS_2R3EE16expected_optionsEv
FNDA:5,_ZN5neml219OnesPrimitiveTensorINS_3SR2EE16expected_optionsEv
FNDA:0,_ZN5neml219OnesPrimitiveTensorINS_4WWR4EEC2ERKNS_9OptionSetE
FNDA:0,_ZN5neml219OnesPrimitiveTensorINS_2R8EEC2ERKNS_9OptionSetE
FNDA:0,_ZN5neml219OnesPrimitiveTensorINS_10QuaternionEEC2ERKNS_9OptionSetE
FNDA:0,_ZN5neml219OnesPrimitiveTensorINS_6SSSSR8EEC2ERKNS_9OptionSetE
FNDA:0,_ZN5neml219OnesPrimitiveTensorINS_3VecEEC2ERKNS_9OptionSetE
FNDA:0,_ZN5neml219OnesPrimitiveTensorINS_4SWR4EEC2ERKNS_9OptionSetE
FNDA:5,_ZN5neml219OnesPrimitiveTensorINS_10QuaternionEE16expected_optionsEv
FNDA:5,_ZN5neml219OnesPrimitiveTensorINS_4WSR4EE16expected_optionsEv
FNDA:0,_ZN5neml219OnesPrimitiveTensorINS_2R2EEC2ERKNS_9OptionSetE
FNDA:5,_ZN5neml219OnesPrimitiveTensorINS_4SFR3EE16expected_optionsEv
FNDA:5,_ZN5neml219OnesPrimitiveTensorINS_6ScalarEE16expected_optionsEv
FNDA:0,_ZN5neml219OnesPrimitiveTensorINS_4WSR4EEC2ERKNS_9OptionSetE
FNDA:5,_ZN5neml219OnesPrimitiveTensorINS_2R5EE16expected_optionsEv
FNDA:5,_ZN5neml219OnesPrimitiveTensorINS_11MillerIndexEE16expected_optionsEv
FNDA:0,_ZN5neml219OnesPrimitiveTensorINS_6ScalarEEC2ERKNS_9OptionSetE
FNDA:0,_ZN5neml219OnesPrimitiveTensorINS_4SFR3EEC2ERKNS_9OptionSetE
FNDA:5,_ZN5neml219OnesPrimitiveTensorINS_2R4EE16expected_optionsEv
FNDA:0,_ZN5neml219OnesPrimitiveTensorINS_11MillerIndexEEC2ERKNS_9OptionSetE
FNDA:5,_ZN5neml219OnesPrimitiveTensorINS_4SSR4EE16expected_optionsEv
FNDA:5,_ZN5neml219OnesPrimitiveTensorINS_5SSFR5EE16expected_optionsEv
FNDA:0,_ZN5neml219OnesPrimitiveTensorINS_4SSR4EEC2ERKNS_9OptionSetE
FNDA:5,_ZN5neml219OnesPrimitiveTensorINS_3VecEE16expected_optionsEv
FNDA:5,_ZN5neml219OnesPrimitiveTensorINS_5SFFR4EE16expected_optionsEv
FNDA:0,_ZN5neml219OnesPrimitiveTensorINS_2R5EEC2ERKNS_9OptionSetE
FNDA:0,_ZN5neml219OnesPrimitiveTensorINS_2R4EEC2ERKNS_9OptionSetE
FNDA:0,_ZN5neml219OnesPrimitiveTensorINS_5SSFR5EEC2ERKNS_9OptionSetE
FNDA:0,_ZN5neml219OnesPrimitiveTensorINS_2R3EEC2ERKNS_9OptionSetE
FNDA:0,_ZN5neml219OnesPrimitiveTensorINS_3WR2EEC2ERKNS_9OptionSetE
FNDA:5,_ZN5neml219OnesPrimitiveTensorINS_3WR2EE16expected_optionsEv
FNDA:5,_ZN5neml219OnesPrimitiveTensorINS_4SWR4EE16expected_optionsEv
FNDA:5,_ZN5neml219OnesPrimitiveTensorINS_2R2EE16expected_optionsEv
FNDA:5,_ZN5neml219OnesPrimitiveTensorINS_4WWR4EE16expected_optionsEv
FNDA:5,_ZN5neml219OnesPrimitiveTensorINS_2R8EE16expected_optionsEv
FNDA:0,_ZN5neml219OnesPrimitiveTensorINS_3SR2EEC2ERKNS_9OptionSetE
FNDA:5,_ZN5neml219OnesPrimitiveTensorINS_3RotEE16expected_optionsEv
FNDA:0,_ZN5neml219OnesPrimitiveTensorINS_5SFFR4EEC2ERKNS_9OptionSetE
FNDA:0,_ZN5neml219OnesPrimitiveTensorINS_3RotEEC2ERKNS_9OptionSetE
FNF:40
FNH:20
DA:37,100
DA:41,100
DA:43,100
DA:44,100
DA:46,100
DA:47,100
DA:49,200
DA:50,100
DA:53,0
DA:54,0
DA:55,0
DA:57,0
LF:12
LH:8
end_of_record
TN:
SF:/home/runner/work/neml2/neml2/src/neml2/tensors/user_tensors/OnesTensor.cxx
FN:32,_ZN5neml210OnesTensor16expected_optionsEv
FN:46,_ZN5neml210OnesTensorC2ERKNS_9OptionSetE
FNDA:0,_ZN5neml210OnesTensorC2ERKNS_9OptionSetE
FNDA:5,_ZN5neml210OnesTensor16expected_optionsEv
FNF:2
FNH:1
DA:32,5
DA:34,5
DA:35,5
DA:37,5
DA:38,5
DA:40,5
DA:41,5
DA:43,5
DA:44,0
DA:46,0
DA:47,0
DA:49,0
DA:50,0
DA:52,0
LF:14
LH:8
end_of_record
TN:
SF:/home/runner/work/neml2/neml2/src/neml2/tensors/user_tensors/Orientation.cxx
FN:35,_ZN5neml211Orientation16expected_optionsEv
FN:72,_ZN5neml211OrientationC2ERKNS_9OptionSetE
FN:79,_ZNK5neml211Orientation4fillERKNS_9OptionSetE
FN:107,_ZNK5neml211Orientation16expand_as_neededERKNS_3RotEj
FNDA:5,_ZN5neml211Orientation16expected_optionsEv
FNDA:0,_ZNK5neml211Orientation16expand_as_neededERKNS_3RotEj
FNDA:0,_ZN5neml211OrientationC2ERKNS_9OptionSetE
FNDA:0,_ZNK5neml211Orientation4fillERKNS_9OptionSetE
FNF:4
FNH:1
DA:35,5
DA:37,5
DA:39,5
DA:43,5
DA:45,5
DA:46,10
DA:47,5
DA:49,5
DA:50,5
DA:52,5
DA:53,5
DA:55,5
DA:56,5
DA:58,5
DA:59,10
DA:61,5
DA:63,5
DA:64,5
DA:66,5
DA:67,5
DA:69,5
DA:70,0
DA:72,0
DA:74,0
DA:76,0
DA:79,0
DA:81,0
DA:83,0
DA:84,0
DA:86,0
DA:87,0
DA:88,0
DA:89,0
DA:90,0
DA:91,0
DA:93,0
DA:95,0
DA:98,0
DA:100,0
DA:101,0
DA:103,0
DA:104,0
DA:107,0
DA:109,0
DA:110,0
DA:112,0
LF:46
LH:21
end_of_record
TN:
SF:/home/runner/work/neml2/neml2/src/neml2/tensors/user_tensors/UserPrimitiveTensor.cxx
FN:38,_ZN5neml219UserPrimitiveTensorINS_4WWR4EE16expected_optionsEv
FN:38,_ZN5neml219UserPrimitiveTensorINS_3SR2EE16expected_optionsEv
FN:38,_ZN5neml219UserPrimitiveTensorINS_3WR2EE16expected_optionsEv
FN:38,_ZN5neml219UserPrimitiveTensorINS_4WSR4EE16expected_optionsEv
FN:38,_ZN5neml219UserPrimitiveTensorINS_3RotEE16expected_optionsEv
FN:38,_ZN5neml219UserPrimitiveTensorINS_2R3EE16expected_optionsEv
FN:38,_ZN5neml219UserPrimitiveTensorINS_2R8EE16expected_optionsEv
FN:38,_ZN5neml219UserPrimitiveTensorINS_5SSFR5EE16expected_optionsEv
FN:38,_ZN5neml219UserPrimitiveTensorINS_6ScalarEE16expected_optionsEv
FN:38,_ZN5neml219UserPrimitiveTensorINS_5SFFR4EE16expected_optionsEv
FN:38,_ZN5neml219UserPrimitiveTensorINS_3VecEE16expected_optionsEv
FN:38,_ZN5neml219UserPrimitiveTensorINS_4SWR4EE16expected_optionsEv
FN:38,_ZN5neml219UserPrimitiveTensorINS_10QuaternionEE16expected_optionsEv
FN:38,_ZN5neml219UserPrimitiveTensorINS_4SFR3EE16expected_optionsEv
FN:38,_ZN5neml219UserPrimitiveTensorINS_4SSR4EE16expected_optionsEv
FN:38,_ZN5neml219UserPrimitiveTensorINS_2R5EE16expected_optionsEv
FN:38,_ZN5neml219UserPrimitiveTensorINS_2R4EE16expected_optionsEv
FN:38,_ZN5neml219UserPrimitiveTensorINS_2R2EE16expected_optionsEv
FN:38,_ZN5neml219UserPrimitiveTensorINS_11MillerIndexEE16expected_optionsEv
FN:38,_ZN5neml219UserPrimitiveTensorINS_6SSSSR8EE16expected_optionsEv
FN:59,_ZN5neml219UserPrimitiveTensorINS_2R2EEC2ERKNS_9OptionSetE
FN:59,_ZN5neml219UserPrimitiveTensorINS_4SSR4EEC2ERKNS_9OptionSetE
FN:59,_ZN5neml219UserPrimitiveTensorINS_6SSSSR8EEC2ERKNS_9OptionSetE
FN:59,_ZN5neml219UserPrimitiveTensorINS_2R8EEC2ERKNS_9OptionSetE
FN:59,_ZN5neml219UserPrimitiveTensorINS_2R5EEC2ERKNS_9OptionSetE
FN:59,_ZN5neml219UserPrimitiveTensorINS_3WR2EEC2ERKNS_9OptionSetE
FN:59,_ZN5neml219UserPrimitiveTensorINS_3VecEEC2ERKNS_9OptionSetE
FN:59,_ZN5neml219UserPrimitiveTensorINS_2R4EEC2ERKNS_9OptionSetE
FN:59,_ZN5neml219UserPrimitiveTensorINS_4SWR4EEC2ERKNS_9OptionSetE
FN:59,_ZN5neml219UserPrimitiveTensorINS_11MillerIndexEEC2ERKNS_9OptionSetE
FN:59,_ZN5neml219UserPrimitiveTensorINS_4WSR4EEC2ERKNS_9OptionSetE
FN:59,_ZN5neml219UserPrimitiveTensorINS_6ScalarEEC2ERKNS_9OptionSetE
FN:59,_ZN5neml219UserPrimitiveTensorINS_2R3EEC2ERKNS_9OptionSetE
FN:59,_ZN5neml219UserPrimitiveTensorINS_3RotEEC2ERKNS_9OptionSetE
FN:59,_ZN5neml219UserPrimitiveTensorINS_4SFR3EEC2ERKNS_9OptionSetE
FN:59,_ZN5neml219UserPrimitiveTensorINS_5SFFR4EEC2ERKNS_9OptionSetE
FN:59,_ZN5neml219UserPrimitiveTensorINS_5SSFR5EEC2ERKNS_9OptionSetE
FN:59,_ZN5neml219UserPrimitiveTensorINS_3SR2EEC2ERKNS_9OptionSetE
FN:59,_ZN5neml219UserPrimitiveTensorINS_4WWR4EEC2ERKNS_9OptionSetE
FN:59,_ZN5neml219UserPrimitiveTensorINS_10QuaternionEEC2ERKNS_9OptionSetE
FNDA:0,_ZN5neml219UserPrimitiveTensorINS_2R4EEC2ERKNS_9OptionSetE
FNDA:0,_ZN5neml219UserPrimitiveTensorINS_3VecEEC2ERKNS_9OptionSetE
FNDA:5,_ZN5neml219UserPrimitiveTensorINS_5SSFR5EE16expected_optionsEv
FNDA:5,_ZN5neml219UserPrimitiveTensorINS_6ScalarEE16expected_optionsEv
FNDA:5,_ZN5neml219UserPrimitiveTensorINS_2R8EE16expected_optionsEv
FNDA:5,_ZN5neml219UserPrimitiveTensorINS_2R3EE16expected_optionsEv
FNDA:0,_ZN5neml219UserPrimitiveTensorINS_3WR2EEC2ERKNS_9OptionSetE
FNDA:0,_ZN5neml219UserPrimitiveTensorINS_2R5EEC2ERKNS_9OptionSetE
FNDA:0,_ZN5neml219UserPrimitiveTensorINS_2R8EEC2ERKNS_9OptionSetE
FNDA:5,_ZN5neml219UserPrimitiveTensorINS_3SR2EE16expected_optionsEv
FNDA:0,_ZN5neml219UserPrimitiveTensorINS_4SSR4EEC2ERKNS_9OptionSetE
FNDA:5,_ZN5neml219UserPrimitiveTensorINS_3RotEE16expected_optionsEv
FNDA:0,_ZN5neml219UserPrimitiveTensorINS_6SSSSR8EEC2ERKNS_9OptionSetE
FNDA:5,_ZN5neml219UserPrimitiveTensorINS_4WSR4EE16expected_optionsEv
FNDA:5,_ZN5neml219UserPrimitiveTensorINS_3WR2EE16expected_optionsEv
FNDA:5,_ZN5neml219UserPrimitiveTensorINS_4WWR4EE16expected_optionsEv
FNDA:0,_ZN5neml219UserPrimitiveTensorINS_2R2EEC2ERKNS_9OptionSetE
FNDA:5,_ZN5neml219UserPrimitiveTensorINS_11MillerIndexEE16expected_optionsEv
FNDA:5,_ZN5neml219UserPrimitiveTensorINS_6SSSSR8EE16expected_optionsEv
FNDA:0,_ZN5neml219UserPrimitiveTensorINS_10QuaternionEEC2ERKNS_9OptionSetE
FNDA:0,_ZN5neml219UserPrimitiveTensorINS_4WWR4EEC2ERKNS_9OptionSetE
FNDA:5,_ZN5neml219UserPrimitiveTensorINS_2R4EE16expected_optionsEv
FNDA:5,_ZN5neml219UserPrimitiveTensorINS_2R5EE16expected_optionsEv
FNDA:0,_ZN5neml219UserPrimitiveTensorINS_5SFFR4EEC2ERKNS_9OptionSetE
FNDA:0,_ZN5neml219UserPrimitiveTensorINS_3SR2EEC2ERKNS_9OptionSetE
FNDA:5,_ZN5neml219UserPrimitiveTensorINS_2R2EE16expected_optionsEv
FNDA:0,_ZN5neml219UserPrimitiveTensorINS_5SSFR5EEC2ERKNS_9OptionSetE
FNDA:0,_ZN5neml219UserPrimitiveTensorINS_2R3EEC2ERKNS_9OptionSetE
FNDA:5,_ZN5neml219UserPrimitiveTensorINS_4SWR4EE16expected_optionsEv
FNDA:0,_ZN5neml219UserPrimitiveTensorINS_6ScalarEEC2ERKNS_9OptionSetE
FNDA:0,_ZN5neml219UserPrimitiveTensorINS_4WSR4EEC2ERKNS_9OptionSetE
FNDA:5,_ZN5neml219UserPrimitiveTensorINS_4SSR4EE16expected_optionsEv
FNDA:0,_ZN5neml219UserPrimitiveTensorINS_4SFR3EEC2ERKNS_9OptionSetE
FNDA:5,_ZN5neml219UserPrimitiveTensorINS_10QuaternionEE16expected_optionsEv
FNDA:5,_ZN5neml219UserPrimitiveTensorINS_4SFR3EE16expected_optionsEv
FNDA:0,_ZN5neml219UserPrimitiveTensorINS_3RotEEC2ERKNS_9OptionSetE
FNDA:5,_ZN5neml219UserPrimitiveTensorINS_5SFFR4EE16expected_optionsEv
FNDA:0,_ZN5neml219UserPrimitiveTensorINS_11MillerIndexEEC2ERKNS_9OptionSetE
FNDA:0,_ZN5neml219UserPrimitiveTensorINS_4SWR4EEC2ERKNS_9OptionSetE
FNDA:5,_ZN5neml219UserPrimitiveTensorINS_3VecEE16expected_optionsEv
FNF:40
FNH:20
DA:38,100
DA:42,100
DA:44,100
DA:45,100
DA:49,100
DA:50,100
DA:52,100
DA:53,100
DA:55,200
DA:56,100
DA:59,0
DA:60,0
DA:61,0
DA:63,0
DA:64,0
DA:65,0
DA:66,0
DA:67,0
DA:68,0
DA:70,0
DA:72,0
DA:74,0
DA:76,0
DA:77,0
LF:24
LH:10
end_of_record
TN:
SF:/home/runner/work/neml2/neml2/src/neml2/tensors/user_tensors/UserTensor.cxx
FN:32,_ZN5neml210UserTensor16expected_optionsEv
FN:50,_ZN5neml210UserTensorC2ERKNS_9OptionSetE
FNDA:5,_ZN5neml210UserTensor16expected_optionsEv
FNDA:0,_ZN5neml210UserTensorC2ERKNS_9OptionSetE
FNF:2
FNH:1
DA:32,5
DA:34,5
DA:35,5
DA:36,5
DA:38,5
DA:39,5
DA:41,5
DA:42,5
DA:44,5
DA:45,5
DA:47,5
DA:48,0
DA:50,0
DA:51,0
DA:53,0
DA:54,0
DA:56,0
DA:57,0
DA:58,0
DA:59,0
DA:60,0
DA:61,0
DA:63,0
DA:65,0
DA:67,0
DA:69,0
DA:70,0
LF:27
LH:11
end_of_record
TN:
SF:/home/runner/work/neml2/neml2/src/neml2/tensors/user_tensors/UserTensorBase.cxx
FN:30,_ZN5neml214UserTensorBase16expected_optionsEv
FN:37,_ZN5neml214UserTensorBaseC2ERKNS_9OptionSetE
FNDA:775,_ZN5neml214UserTensorBase16expected_optionsEv
FNDA:0,_ZN5neml214UserTensorBaseC2ERKNS_9OptionSetE
FNF:2
FNH:1
DA:30,775
DA:32,775
DA:33,775
DA:34,775
DA:35,0
DA:37,0
DA:38,0
DA:40,0
LF:8
LH:4
end_of_record
TN:
SF:/home/runner/work/neml2/neml2/src/neml2/tensors/user_tensors/ZerosPrimitiveTensor.cxx
FN:38,_ZN5neml220ZerosPrimitiveTensorINS_5SFFR4EE16expected_optionsEv
FN:38,_ZN5neml220ZerosPrimitiveTensorINS_4SSR4EE16expected_optionsEv
FN:38,_ZN5neml220ZerosPrimitiveTensorINS_2R3EE16expected_optionsEv
FN:38,_ZN5neml220ZerosPrimitiveTensorINS_6SSSSR8EE16expected_optionsEv
FN:38,_ZN5neml220ZerosPrimitiveTensorINS_3WR2EE16expected_optionsEv
FN:38,_ZN5neml220ZerosPrimitiveTensorINS_3SR2EE16expected_optionsEv
FN:38,_ZN5neml220ZerosPrimitiveTensorINS_4WWR4EE16expected_optionsEv
FN:38,_ZN5neml220ZerosPrimitiveTensorINS_11MillerIndexEE16expected_optionsEv
FN:38,_ZN5neml220ZerosPrimitiveTensorINS_10QuaternionEE16expected_optionsEv
FN:38,_ZN5neml220ZerosPrimitiveTensorINS_2R2EE16expected_optionsEv
FN:38,_ZN5neml220ZerosPrimitiveTensorINS_4SFR3EE16expected_optionsEv
FN:38,_ZN5neml220ZerosPrimitiveTensorINS_4SWR4EE16expected_optionsEv
FN:38,_ZN5neml220ZerosPrimitiveTensorINS_4WSR4EE16expected_optionsEv
FN:38,_ZN5neml220ZerosPrimitiveTensorINS_6ScalarEE16expected_optionsEv
FN:38,_ZN5neml220ZerosPrimitiveTensorINS_2R5EE16expected_optionsEv
FN:38,_ZN5neml220ZerosPrimitiveTensorINS_2R8EE16expected_optionsEv
FN:38,_ZN5neml220ZerosPrimitiveTensorINS_3RotEE16expected_optionsEv
FN:38,_ZN5neml220ZerosPrimitiveTensorINS_3VecEE16expected_optionsEv
FN:38,_ZN5neml220ZerosPrimitiveTensorINS_5SSFR5EE16expected_optionsEv
FN:38,_ZN5neml220ZerosPrimitiveTensorINS_2R4EE16expected_optionsEv
FN:54,_ZN5neml220ZerosPrimitiveTensorINS_3SR2EEC2ERKNS_9OptionSetE
FN:54,_ZN5neml220ZerosPrimitiveTensorINS_4WWR4EEC2ERKNS_9OptionSetE
FN:54,_ZN5neml220ZerosPrimitiveTensorINS_2R5EEC2ERKNS_9OptionSetE
FN:54,_ZN5neml220ZerosPrimitiveTensorINS_2R3EEC2ERKNS_9OptionSetE
FN:54,_ZN5neml220ZerosPrimitiveTensorINS_2R2EEC2ERKNS_9OptionSetE
FN:54,_ZN5neml220ZerosPrimitiveTensorINS_4SFR3EEC2ERKNS_9OptionSetE
FN:54,_ZN5neml220ZerosPrimitiveTensorINS_4SWR4EEC2ERKNS_9OptionSetE
FN:54,_ZN5neml220ZerosPrimitiveTensorINS_2R4EEC2ERKNS_9OptionSetE
FN:54,_ZN5neml220ZerosPrimitiveTensorINS_6ScalarEEC2ERKNS_9OptionSetE
FN:54,_ZN5neml220ZerosPrimitiveTensorINS_10QuaternionEEC2ERKNS_9OptionSetE
FN:54,_ZN5neml220ZerosPrimitiveTensorINS_4WSR4EEC2ERKNS_9OptionSetE
FN:54,_ZN5neml220ZerosPrimitiveTensorINS_3VecEEC2ERKNS_9OptionSetE
FN:54,_ZN5neml220ZerosPrimitiveTensorINS_3WR2EEC2ERKNS_9OptionSetE
FN:54,_ZN5neml220ZerosPrimitiveTensorINS_3RotEEC2ERKNS_9OptionSetE
FN:54,_ZN5neml220ZerosPrimitiveTensorINS_11MillerIndexEEC2ERKNS_9OptionSetE
FN:54,_ZN5neml220ZerosPrimitiveTensorINS_5SFFR4EEC2ERKNS_9OptionSetE
FN:54,_ZN5neml220ZerosPrimitiveTensorINS_5SSFR5EEC2ERKNS_9OptionSetE
FN:54,_ZN5neml220ZerosPrimitiveTensorINS_4SSR4EEC2ERKNS_9OptionSetE
FN:54,_ZN5neml220ZerosPrimitiveTensorINS_6SSSSR8EEC2ERKNS_9OptionSetE
FN:54,_ZN5neml220ZerosPrimitiveTensorINS_2R8EEC2ERKNS_9OptionSetE
FNDA:5,_ZN5neml220ZerosPrimitiveTensorINS_4SFR3EE16expected_optionsEv
FNDA:0,_ZN5neml220ZerosPrimitiveTensorINS_3RotEEC2ERKNS_9OptionSetE
FNDA:5,_ZN5neml220ZerosPrimitiveTensorINS_4WSR4EE16expected_optionsEv
FNDA:5,_ZN5neml220ZerosPrimitiveTensorINS_4SWR4EE16expected_optionsEv
FNDA:0,_ZN5neml220ZerosPrimitiveTensorINS_3WR2EEC2ERKNS_9OptionSetE
FNDA:0,_ZN5neml220ZerosPrimitiveTensorINS_5SFFR4EEC2ERKNS_9OptionSetE
FNDA:0,_ZN5neml220ZerosPrimitiveTensorINS_11MillerIndexEEC2ERKNS_9OptionSetE
FNDA:5,_ZN5neml220ZerosPrimitiveTensorINS_6ScalarEE16expected_optionsEv
FNDA:0,_ZN5neml220ZerosPrimitiveTensorINS_4SSR4EEC2ERKNS_9OptionSetE
FNDA:0,_ZN5neml220ZerosPrimitiveTensorINS_5SSFR5EEC2ERKNS_9OptionSetE
FNDA:5,_ZN5neml220ZerosPrimitiveTensorINS_2R5EE16expected_optionsEv
FNDA:5,_ZN5neml220ZerosPrimitiveTensorINS_2R8EE16expected_optionsEv
FNDA:5,_ZN5neml220ZerosPrimitiveTensorINS_3VecEE16expected_optionsEv
FNDA:5,_ZN5neml220ZerosPrimitiveTensorINS_3RotEE16expected_optionsEv
FNDA:5,_ZN5neml220ZerosPrimitiveTensorINS_2R4EE16expected_optionsEv
FNDA:5,_ZN5neml220ZerosPrimitiveTensorINS_5SSFR5EE16expected_optionsEv
FNDA:0,_ZN5neml220ZerosPrimitiveTensorINS_2R8EEC2ERKNS_9OptionSetE
FNDA:0,_ZN5neml220ZerosPrimitiveTensorINS_6SSSSR8EEC2ERKNS_9OptionSetE
FNDA:0,_ZN5neml220ZerosPrimitiveTensorINS_4WWR4EEC2ERKNS_9OptionSetE
FNDA:0,_ZN5neml220ZerosPrimitiveTensorINS_3SR2EEC2ERKNS_9OptionSetE
FNDA:5,_ZN5neml220ZerosPrimitiveTensorINS_5SFFR4EE16expected_optionsEv
FNDA:5,_ZN5neml220ZerosPrimitiveTensorINS_4SSR4EE16expected_optionsEv
FNDA:5,_ZN5neml220ZerosPrimitiveTensorINS_6SSSSR8EE16expected_optionsEv
FNDA:5,_ZN5neml220ZerosPrimitiveTensorINS_2R3EE16expected_optionsEv
FNDA:0,_ZN5neml220ZerosPrimitiveTensorINS_2R5EEC2ERKNS_9OptionSetE
FNDA:5,_ZN5neml220ZerosPrimitiveTensorINS_3WR2EE16expected_optionsEv
FNDA:5,_ZN5neml220ZerosPrimitiveTensorINS_3SR2EE16expected_optionsEv
FNDA:5,_ZN5neml220ZerosPrimitiveTensorINS_4WWR4EE16expected_optionsEv
FNDA:0,_ZN5neml220ZerosPrimitiveTensorINS_4SFR3EEC2ERKNS_9OptionSetE
FNDA:0,_ZN5neml220ZerosPrimitiveTensorINS_2R2EEC2ERKNS_9OptionSetE
FNDA:5,_ZN5neml220ZerosPrimitiveTensorINS_11MillerIndexEE16expected_optionsEv
FNDA:5,_ZN5neml220ZerosPrimitiveTensorINS_10QuaternionEE16expected_optionsEv
FNDA:0,_ZN5neml220ZerosPrimitiveTensorINS_2R3EEC2ERKNS_9OptionSetE
FNDA:0,_ZN5neml220ZerosPrimitiveTensorINS_4SWR4EEC2ERKNS_9OptionSetE
FNDA:0,_ZN5neml220ZerosPrimitiveTensorINS_6ScalarEEC2ERKNS_9OptionSetE
FNDA:0,_ZN5neml220ZerosPrimitiveTensorINS_2R4EEC2ERKNS_9OptionSetE
FNDA:5,_ZN5neml220ZerosPrimitiveTensorINS_2R2EE16expected_optionsEv
FNDA:0,_ZN5neml220ZerosPrimitiveTensorINS_3VecEEC2ERKNS_9OptionSetE
FNDA:0,_ZN5neml220ZerosPrimitiveTensorINS_4WSR4EEC2ERKNS_9OptionSetE
FNDA:0,_ZN5neml220ZerosPrimitiveTensorINS_10QuaternionEEC2ERKNS_9OptionSetE
FNF:40
FNH:20
DA:38,100
DA:42,100
DA:44,100
DA:45,100
DA:47,100
DA:48,100
DA:50,200
DA:51,100
DA:54,0
DA:55,0
DA:56,0
DA:58,0
LF:12
LH:8
end_of_record
TN:
SF:/home/runner/work/neml2/neml2/src/neml2/tensors/user_tensors/ZerosTensor.cxx
FN:32,_ZN5neml211ZerosTensor16expected_optionsEv
FN:46,_ZN5neml211ZerosTensorC2ERKNS_9OptionSetE
FNDA:5,_ZN5neml211ZerosTensor16expected_optionsEv
FNDA:0,_ZN5neml211ZerosTensorC2ERKNS_9OptionSetE
FNF:2
FNH:1
DA:32,5
DA:34,5
DA:35,5
DA:37,5
DA:38,5
DA:40,5
DA:41,5
DA:43,5
DA:44,0
DA:46,0
DA:47,0
DA:49,0
DA:50,0
DA:52,0
LF:14
LH:8
end_of_record
